## 开始执行... 2022-05-07 22:12:36


🔔51打卡超级品牌-加密, 开始!

====================共2个京东账号Cookie=================

============脚本执行时间：2022/5/7 22:12:36=============

>>>>>>>>>>>>>>6Dylan6 提示：任务正常运行中>>>>>>>>>>>>>>>


请自行确认账号一是否黑号，黑号会全部助力当前助力

默认关闭浏览任务，请在有水的情况下开启变量


当前助力：8AIkpPYAb4jMiUQb+YijkcjNhNaYFy2HteErE6izlhTf9nrGY7gBkCdGU4C6z/xD

当前活动口令： 19:/(I4iy94batRV)15:/打卡超级品牌，赢京豆大礼包(BCWqQEUfZ2)，升级新版Jiīīngヵ栋αpρ


******开始【京东账号1】jd_56ac883b2ee02*********

助力失败，好友助力今日已达上限！
成功完成签到任务，获得100体力
成功完成一键关注店铺任务，获得200体力
如需浏览店铺请设置环境变量[opencard_toShop]为"true"
立即出发次数为:2
第1次立即出发
第2次立即出发
我的奖品：
邀请人数(0)
3oYAw+IuxXLqClCI9Tccf14tLNYA4seuA67MOIYQxEk3Vl9+AVo4NF+tgyeIc6A6kdK3rLBQpEQH9V4tdrrh0w==
当前助力:8AIkpPYAb4jMiUQb+YijkcjNhNaYFy2HteErE6izlhTf9nrGY7gBkCdGU4C6z/xD
后面的号都会助力:3oYAw+IuxXLqClCI9Tccf14tLNYA4seuA67MOIYQxEk3Vl9+AVo4NF+tgyeIc6A6kdK3rLBQpEQH9V4tdrrh0w==


******开始【京东账号2】jd_72476e50d1b0e*********

恭喜你，助力成功！
成功完成签到任务，获得100体力
成功完成一键关注店铺任务，获得200体力
如需浏览店铺请设置环境变量[opencard_toShop]为"true"
立即出发次数为:2
第1次立即出发
第2次立即出发
我的奖品：
邀请人数(0)
jDByu4d1br2+H9aRzydoiF4tLNYA4seuA67MOIYQxEk3Vl9+AVo4NF+tgyeIc6A6kdK3rLBQpEQH9V4tdrrh0w==
当前助力:3oYAw+IuxXLqClCI9Tccf14tLNYA4seuA67MOIYQxEk3Vl9+AVo4NF+tgyeIc6A6kdK3rLBQpEQH9V4tdrrh0w==

🔔51打卡超级品牌-加密, 结束! 🕛 504.81 秒


## 执行结束... 2022-05-07 22:21:01 耗时 505 秒
