## 开始执行... 2022-05-11 11:04:05


🔔京东种豆得豆, 开始!
开始获取种豆得豆配置文件


====================共2个京东账号Cookie=================

============脚本执行时间：2022/5/11 11:04:05=============

>>>>>>>>>>>>>>6Dylan6 提示：任务正常运行中>>>>>>>>>>>>>>>

您的种豆互助码选择的是用&隔开

共2个京东账号

您提供了2个账号的种豆得豆助力码

开始【京东账号1】Wang_Happy_

第1个京东账号将要助力的好友["4npkonnsy7xi3pjdfnamhrga4kegl3anxtfp7mq","nkvdrkoit5o65f5xuzqsyn77gybhewdu23jcwnq","gkk4336xszaego7dsrxicjujpktyuvtf6nifvmy","gkk4336xszaegs63nc5e5ekxs4asnebkgzsxiba","4npkonnsy7xi3k2rr6femuxvmae4svzshg4p4ia","e7lhibzb3zek247om3mzps5rv6mks7rjyj63ina","6jxosyz7xdbpvmxpfpclofm6wq","i6h4edm65umgunis2xc2cg3i5u","qwmkwedt5pnucqo52mc727oefzyneeke7pvdory","l4ex6vx6yynoud6rxzi344sryrc3tq725uyjmvy"]
获取任务及基本信息

【京东账号1（jd_56ac883b2ee02）的京东种豆得豆好友互助码】mlrdw3aw26j3xlgkqcxwitxi72cosflpeawyela

开始助力京东账号1 - Wang_Happy_的好友: 4npkonnsy7xi3pjdfnamhrga4kegl3anxtfp7mq

开始助力好友: 4npkonnsy7xi3pjdfnamhrga4kegl3anxtfp7mq
助力结果的code:0
哎呀，今日已为好友助力过了，明天再来哦

开始助力京东账号1 - Wang_Happy_的好友: nkvdrkoit5o65f5xuzqsyn77gybhewdu23jcwnq

开始助力好友: nkvdrkoit5o65f5xuzqsyn77gybhewdu23jcwnq
助力结果的code:0
开始助力京东账号1 - Wang_Happy_的好友: gkk4336xszaego7dsrxicjujpktyuvtf6nifvmy

开始助力好友: gkk4336xszaego7dsrxicjujpktyuvtf6nifvmy
助力结果的code:0
开始助力京东账号1 - Wang_Happy_的好友: gkk4336xszaegs63nc5e5ekxs4asnebkgzsxiba

开始助力好友: gkk4336xszaegs63nc5e5ekxs4asnebkgzsxiba
助力结果的code:0
开始助力京东账号1 - Wang_Happy_的好友: 4npkonnsy7xi3k2rr6femuxvmae4svzshg4p4ia

开始助力好友: 4npkonnsy7xi3k2rr6femuxvmae4svzshg4p4ia
助力结果的code:0
开始助力京东账号1 - Wang_Happy_的好友: e7lhibzb3zek247om3mzps5rv6mks7rjyj63ina

开始助力好友: e7lhibzb3zek247om3mzps5rv6mks7rjyj63ina
助力结果的code:0
开始助力京东账号1 - Wang_Happy_的好友: 6jxosyz7xdbpvmxpfpclofm6wq

开始助力好友: 6jxosyz7xdbpvmxpfpclofm6wq
助力结果的code:0
开始助力京东账号1 - Wang_Happy_的好友: i6h4edm65umgunis2xc2cg3i5u

开始助力好友: i6h4edm65umgunis2xc2cg3i5u
助力结果的code:0
开始助力京东账号1 - Wang_Happy_的好友: qwmkwedt5pnucqo52mc727oefzyneeke7pvdory

开始助力好友: qwmkwedt5pnucqo52mc727oefzyneeke7pvdory
助力结果的code:0
开始助力京东账号1 - Wang_Happy_的好友: l4ex6vx6yynoud6rxzi344sryrc3tq725uyjmvy

开始助力好友: l4ex6vx6yynoud6rxzi344sryrc3tq725uyjmvy
助力结果的code:0

【每日签到】任务未完成,去领京豆频道签到可得1瓶营养液


开始做 每日签到任务
做 每日签到任务结果:{"code":"0","data":{"nutrState":"4","nutrNum":0,"nutrToast":""}}


【好友助力】任务未完成,邀请好友助力最多可得20瓶营养液

逛逛会场 任务已完成

一元抢购 任务已完成

PLUS礼包 任务已完成

抢6折车 任务已完成

东东农场 任务已完成

关注频道 任务已完成

浏览店铺 任务已完成

挑选商品 任务已完成

金融双签 任务已完成

【上轮京豆】已领取
     任务   进度
[每日签到]  0/1   0
[好友助力]  2/20   0
[逛逛会场]  1/1   1
[一元抢购]  1/1   1
[PLUS礼包]  1/1   1
[抢6折车]  1/1   1
[东东农场]  1/1   1
[关注频道]  3/3   1
[浏览店铺]  4/4   1
[挑选商品]  6/6   1
[金融双签]  1/1   1

【上期时间】5月2日-5月8日
【上期成长值】99
【上期兑换京豆】27个
【本期时间】5月9日-5月15日
【本期成长值】99
【助力您的好友】共1人

开始【京东账号2】蓝闺q

第2个京东账号将要助力的好友["mlrdw3aw26j3xlgkqcxwitxi72cosflpeawyela","nkvdrkoit5o65f5xuzqsyn77gybhewdu23jcwnq","gkk4336xszaego7dsrxicjujpktyuvtf6nifvmy","gkk4336xszaegs63nc5e5ekxs4asnebkgzsxiba","4npkonnsy7xi3k2rr6femuxvmae4svzshg4p4ia","e7lhibzb3zek247om3mzps5rv6mks7rjyj63ina","6jxosyz7xdbpvmxpfpclofm6wq","i6h4edm65umgunis2xc2cg3i5u","qwmkwedt5pnucqo52mc727oefzyneeke7pvdory","l4ex6vx6yynoud6rxzi344sryrc3tq725uyjmvy"]
获取任务及基本信息

【京东账号2（jd_72476e50d1b0e）的京东种豆得豆好友互助码】4npkonnsy7xi3pjdfnamhrga4kegl3anxtfp7mq

开始助力京东账号2 - 蓝闺q的好友: mlrdw3aw26j3xlgkqcxwitxi72cosflpeawyela

开始助力好友: mlrdw3aw26j3xlgkqcxwitxi72cosflpeawyela
助力结果的code:0
哎呀，今日已为好友助力过了，明天再来哦

开始助力京东账号2 - 蓝闺q的好友: nkvdrkoit5o65f5xuzqsyn77gybhewdu23jcwnq

开始助力好友: nkvdrkoit5o65f5xuzqsyn77gybhewdu23jcwnq
助力结果的code:0
开始助力京东账号2 - 蓝闺q的好友: gkk4336xszaego7dsrxicjujpktyuvtf6nifvmy

开始助力好友: gkk4336xszaego7dsrxicjujpktyuvtf6nifvmy
助力结果的code:0
开始助力京东账号2 - 蓝闺q的好友: gkk4336xszaegs63nc5e5ekxs4asnebkgzsxiba

开始助力好友: gkk4336xszaegs63nc5e5ekxs4asnebkgzsxiba
助力结果的code:0
开始助力京东账号2 - 蓝闺q的好友: 4npkonnsy7xi3k2rr6femuxvmae4svzshg4p4ia

开始助力好友: 4npkonnsy7xi3k2rr6femuxvmae4svzshg4p4ia
助力结果的code:0
该好友今日已满9人助力/20瓶营养液,明天再来为Ta助力吧

开始助力京东账号2 - 蓝闺q的好友: e7lhibzb3zek247om3mzps5rv6mks7rjyj63ina

开始助力好友: e7lhibzb3zek247om3mzps5rv6mks7rjyj63ina
助力结果的code:0
开始助力京东账号2 - 蓝闺q的好友: 6jxosyz7xdbpvmxpfpclofm6wq

开始助力好友: 6jxosyz7xdbpvmxpfpclofm6wq
助力结果的code:0
该好友今日已满9人助力/20瓶营养液,明天再来为Ta助力吧

开始助力京东账号2 - 蓝闺q的好友: i6h4edm65umgunis2xc2cg3i5u

开始助力好友: i6h4edm65umgunis2xc2cg3i5u
助力结果的code:0
开始助力京东账号2 - 蓝闺q的好友: qwmkwedt5pnucqo52mc727oefzyneeke7pvdory

开始助力好友: qwmkwedt5pnucqo52mc727oefzyneeke7pvdory
助力结果的code:0
开始助力京东账号2 - 蓝闺q的好友: l4ex6vx6yynoud6rxzi344sryrc3tq725uyjmvy

开始助力好友: l4ex6vx6yynoud6rxzi344sryrc3tq725uyjmvy
助力结果的code:0

【每日签到】任务未完成,去领京豆频道签到可得1瓶营养液


开始做 每日签到任务
做 每日签到任务结果:{"code":"0","data":{"nutrState":"4","nutrNum":0,"nutrToast":""}}


【好友助力】任务未完成,邀请好友助力最多可得20瓶营养液

逛逛会场 任务已完成

一元抢购 任务已完成

PLUS礼包 任务已完成

抢6折车 任务已完成

东东农场 任务已完成

关注频道 任务已完成

浏览店铺 任务已完成

挑选商品 任务已完成

金融双签 任务已完成

【上轮京豆】已领取
     任务   进度
[每日签到]  0/1   0
[好友助力]  2/20   0
[逛逛会场]  1/1   1
[一元抢购]  1/1   1
[PLUS礼包]  1/1   1
[抢6折车]  1/1   1
[东东农场]  1/1   1
[关注频道]  3/3   1
[浏览店铺]  4/4   1
[挑选商品]  6/6   1
[金融双签]  1/1   1

【上期时间】5月2日-5月8日
【上期成长值】68
【上期兑换京豆】19个
【本期时间】5月9日-5月15日
【本期成长值】97
【助力您的好友】共1人


🔔京东种豆得豆, 结束! 🕛 73.933 秒


## 执行结束... 2022-05-11 11:05:19 耗时 74 秒
