## 开始执行... 2022-05-07 22:15:45


🔔金榜创造营, 开始!
您的cookie选择的是用&隔开


====================共有2个京东账号Cookie=========

==================脚本执行- 北京时间(UTC+8)：2022/5/7 22:15:45=====================


******开始【京东账号1】jd_56ac883b2ee02*********

共有5个主题
已投票4主题


开始给【智美生活家】主题下的商品进行投票
当前剩余投票次数：1
给 【西门子 变频无霜冷藏双开门冰箱 】 商品投票
成功，获得 1京豆


==============📣系统通知📣==============
金榜创造营
【京东账号1】jd_56ac883b2ee02
本次运行获得1京豆

******开始【京东账号2】jd_72476e50d1b0e*********

共有5个主题
已投票4主题


开始给【舒适品质派】主题下的商品进行投票
当前剩余投票次数：1
给 【戴尔 笔记本电脑】 商品投票
成功，获得 1京豆


==============📣系统通知📣==============
金榜创造营
【京东账号2】jd_72476e50d1b0e
本次运行获得1京豆

🔔金榜创造营, 结束! 🕛 6.24 秒


## 执行结束... 2022-05-07 22:15:52 耗时 7 秒
