## 开始执行... 2022-05-12 20:19:32


🔔极速签到免单, 开始!

====================共2个京东账号Cookie=================

============脚本执行时间：2022/5/12 20:19:32=============

>>>>>>>>>>>>>>6Dylan6 提示：任务正常运行中>>>>>>>>>>>>>>>


******开始【京东账号1】jd_56ac883b2ee02*********

脚本也许随时失效,请注意
风控用户,可能有异常
彩色抽绳垃圾袋 3卷45只 已经签到过了
祛痘洗面奶1支 已经签到过了
南瓜子椒盐口味 30包(300g) 已经签到过了
脚本也许随时失效,请注意
风控用户,可能有异常

******开始【京东账号2】jd_72476e50d1b0e*********

脚本也许随时失效,请注意
风控用户,可能有异常
黄柠檬新鲜水果 10个单果50克左右 已经签到过了
国产红心火龙果 约3斤装 已经签到过了
黄柠檬新鲜水果 10个单果50克左右 已经签到过了
脚本也许随时失效,请注意
风控用户,可能有异常
有消息,推送消息
开始发送通知...
通知标题: 极速签到免单
成员ID:@all企业微信应用消息发送通知消息成功🎉。


==============📣系统通知📣==============
极速签到免单
结束

🔔极速签到免单, 结束! 🕛 40.273 秒


## 执行结束... 2022-05-12 20:20:12 耗时 40 秒
