## 开始执行... 2022-05-10 19:36:10


🔔植选轻饮小店-加密, 开始!

====================共2个京东账号Cookie=================

============脚本执行时间：2022/5/10 19:36:10=============

>>>>>>>>>>>>>>6Dylan6 提示：任务正常运行中>>>>>>>>>>>>>>>

入口:
https://lzdz1-isv.isvjcloud.com/dingzhi/april/yiliPlant/activity?activityId=dz3109fd47417ab2d2126ae7ce8165&shareUuid=2ef7acd779d04fd9a33626029841abdc


******开始【京东账号1】jd_56ac883b2ee02*********

活动获取成功，助力码：3be81c2a6a804ce38b9f2a4b2635f31d
默认不开卡，请手动进入活动页面开卡

开始做日常任务......
关注店铺 您已完成关注店铺任务了~
领取优惠卷 您已领取过优惠券了！
每日签到 您已完成此任务！
浏览好物 您已完成此任务！
开始做制作轻饮......
查询当前材料分布......

轻饮币：0 
优质大豆：2 份
燕麦：5 份
原浆豆乳：0 份
燕麦牛奶：0 份

开始购买优质大豆......
优质大豆需要购买次数为:13
当前可购买燕麦次数为:0
开始购买燕麦......
燕麦需要购买次数为:5
当前可购买燕麦次数为:0
查询是否可以制作......
查询是否可以售卖......

活动期间仅可以兑换一次物品，请手动兑换......
我的奖品：


******开始【京东账号2】jd_72476e50d1b0e*********

活动获取成功，助力码：767e77dc66704da183c6e95d1cdc962e
默认不开卡，请手动进入活动页面开卡

开始做日常任务......
关注店铺 您已完成关注店铺任务了~
领取优惠卷 您已领取过优惠券了！
每日签到 您已完成此任务！
浏览好物 您已完成此任务！
开始做制作轻饮......
查询当前材料分布......

轻饮币：0 
优质大豆：2 份
燕麦：5 份
原浆豆乳：0 份
燕麦牛奶：0 份

开始购买优质大豆......
优质大豆需要购买次数为:13
当前可购买燕麦次数为:0
开始购买燕麦......
燕麦需要购买次数为:5
当前可购买燕麦次数为:0
查询是否可以制作......
查询是否可以售卖......

活动期间仅可以兑换一次物品，请手动兑换......
我的奖品：

🔔植选轻饮小店-加密, 结束! 🕛 69.582 秒


## 执行结束... 2022-05-10 19:37:20 耗时 70 秒
