## 开始执行... 2022-05-07 22:13:33


🔔东东健康社区, 开始!
您的cookie选择的是用&隔开


====================共有2个京东账号Cookie=========

==================脚本执行- 北京时间(UTC+8)：2022/5/7 22:13:33=====================

【注意】本脚本默认会给助力池进行助力！
如需加入助力池请添加TG群：https://t.me/jd_zero_205
如不加入助力池互助，可添加变量名称：JD_JOIN_ZLC，变量值：false

开始获取东东健康社区配置文件

共2个京东账号

您提供了0个账号的东东健康社区助力码


******开始【京东账号1】jd_56ac883b2ee02*********

第1个京东账号的助力码:::undefined
由于您第1个京东账号未提供shareCode,将采纳本脚本自带的助力码

开始
第1个京东账号将要助力的好友["T0225KkcRh9P9FbRKUygl_UJcgCjVfnoaW5kRrbA","T0159KUiH11Mq1bSKBoCjVfnoaW5kRrbA","T018v_hzQhwZ8FbUIRib1ACjVfnoaW5kRrbA"]
签到领健康能量任务，完成次数：0/1
去完成签到领健康能量任务
任务完成成功，获得：100能量

【京东账号1（jd_56ac883b2ee02）的东东健康社区好友互助码】T0225KkcRRhIplzfI0j2waIKdgCjVfnoaW5kRrbA

健康爆款低至5折任务，完成次数：0/5
去完成健康爆款低至5折任务
任务领取结果：任务领取成功
任务完成成功，获得：300能量
去完成健康爆款低至5折任务
任务领取结果：任务领取成功
"Timeout awaiting 'request' for 10000ms"
东东健康社区 health/read API请求失败，请检查网路重试
任务完成失败：这个任务做完啦！
去完成健康爆款低至5折任务
任务领取结果：任务领取成功
任务完成失败：这个任务做完啦！
去完成健康爆款低至5折任务
任务领取结果：任务领取成功
任务完成失败：这个任务做完啦！
去完成健康爆款低至5折任务
任务领取结果：任务领取成功
任务完成失败：这个任务做完啦！
早起打卡(06:00-09:00)任务，完成次数：0/1
去完成早起打卡(06:00-09:00)任务
任务完成失败：不在打卡时间哦!
点击抢超市大红包任务，完成次数：0/5
去完成点击抢超市大红包任务
任务领取结果：任务领取成功
任务完成成功，获得：300能量
去完成点击抢超市大红包任务
任务领取结果：任务领取成功
任务完成失败：这个任务做完啦！
去完成点击抢超市大红包任务
任务领取结果：任务领取成功
任务完成失败：这个任务做完啦！
去完成点击抢超市大红包任务
任务领取结果：任务领取成功
任务完成失败：这个任务做完啦！
去完成点击抢超市大红包任务
任务领取结果：任务领取成功
任务完成失败：这个任务做完啦！
早睡打卡(21:00-23:00)任务，完成次数：0/1
去完成早睡打卡(21:00-23:00)任务
任务完成成功，获得：500能量
海氏海诺爆款低至1.1元任务，完成次数：0/1
去完成海氏海诺爆款低至1.1元任务
任务领取结果：任务领取成功
任务完成成功，获得：300能量
正品好药低至5折任务，完成次数：1/5
去完成正品好药低至5折任务
任务领取结果：任务领取成功
任务完成成功，获得：300能量
去完成正品好药低至5折任务
任务领取结果：任务领取成功
任务完成失败：这个任务做完啦！
去完成正品好药低至5折任务
任务领取结果：任务领取成功
任务完成失败：这个任务做完啦！
去完成正品好药低至5折任务
任务领取结果：任务领取成功
任务完成失败：这个任务做完啦！
早起打卡(06:00-09:00)任务，完成次数：0/1
去完成早起打卡(06:00-09:00)任务
任务完成失败：不在打卡时间哦!
一分钱造爆款电器任务，完成次数：1/5
去完成一分钱造爆款电器任务
任务领取结果：任务领取成功
任务完成成功，获得：300能量
去完成一分钱造爆款电器任务
任务领取结果：任务领取成功
任务完成失败：这个任务做完啦！
去完成一分钱造爆款电器任务
任务领取结果：任务领取成功
任务完成失败：这个任务做完啦！
去完成一分钱造爆款电器任务
任务领取结果：任务领取成功
任务完成失败：这个任务做完啦！
防疫必备 9.9起任务，完成次数：2/5
去完成防疫必备 9.9起任务
任务领取结果：任务领取成功
任务完成成功，获得：300能量
去完成防疫必备 9.9起任务
任务领取结果：任务领取成功
任务完成失败：这个任务做完啦！
去完成防疫必备 9.9起任务
任务领取结果：任务领取成功
任务完成失败：这个任务做完啦！
早起打卡(06:00-09:00)任务，完成次数：0/1
去完成早起打卡(06:00-09:00)任务
任务完成失败：不在打卡时间哦!
兑换好物0元起任务，完成次数：2/5
去完成兑换好物0元起任务
任务领取结果：任务领取成功
任务完成成功，获得：300能量
去完成兑换好物0元起任务
任务领取结果：任务领取成功
任务完成失败：这个任务做完啦！
去完成兑换好物0元起任务
任务领取结果：任务领取成功
任务完成失败：这个任务做完啦！
领最高50元权益！任务，完成次数：3/5
去完成领最高50元权益！任务
任务领取结果：任务领取成功
任务完成成功，获得：300能量
去完成领最高50元权益！任务
任务领取结果：任务领取成功
任务完成失败：这个任务做完啦！
早起打卡(06:00-09:00)任务，完成次数：0/1
去完成早起打卡(06:00-09:00)任务
任务完成失败：不在打卡时间哦!
颜究院大牌小样1元领任务，完成次数：3/5
去完成颜究院大牌小样1元领任务
任务领取结果：任务领取成功
任务完成成功，获得：300能量
去完成颜究院大牌小样1元领任务
任务领取结果：任务领取成功
任务完成失败：这个任务做完啦！
健康种植园“种”大奖任务，完成次数：4/5
去完成健康种植园“种”大奖任务
任务领取结果：任务领取成功
任务完成成功，获得：300能量
早起打卡(06:00-09:00)任务，完成次数：0/1
去完成早起打卡(06:00-09:00)任务
任务完成失败：不在打卡时间哦!
去会员频道摇京豆任务，完成次数：4/5
去完成去会员频道摇京豆任务
任务领取结果：任务领取成功
任务完成成功，获得：300能量
任务完成成功，获得：480能量
去助力好友T0225KkcRh9P9FbRKUygl_UJcgCjVfnoaW5kRrbA
任务完成失败：助力失败丨助力已满员！谢谢你哦~
去助力好友T0159KUiH11Mq1bSKBoCjVfnoaW5kRrbA
任务完成失败：助力失败丨助力已满员！谢谢你哦~
去助力好友T018v_hzQhwZ8FbUIRib1ACjVfnoaW5kRrbA
任务完成失败：助力失败丨助力已满员！谢谢你哦~
undefined任务，完成次数：undefined/undefined

==============📣系统通知📣==============
东东健康社区
京东账号1 jd_56ac883b2ee02
本次获得4380健康值，累计425594健康值


******开始【京东账号2】jd_72476e50d1b0e*********

第2个京东账号的助力码:::undefined
由于您第2个京东账号未提供shareCode,将采纳本脚本自带的助力码

开始
随机取20个码放到您固定的互助码后面(不影响已有固定互助)
第2个京东账号将要助力的好友["T0225KkcRh9P9FbRKUygl_UJcgCjVfnoaW5kRrbA","T0159KUiH11Mq1bSKBoCjVfnoaW5kRrbA","T018v_hzQhwZ8FbUIRib1ACjVfnoaW5kRrbA","T014yJkHL2ZArgWVZQCjVfnoaW5kRrbA","T0225KkcRU8RpFeBJkv1kqQKcACjVfnoaW5kRrbA","T0225KkcRUsZoFaGckyhl_MIJgCjVfnoaW5kRrbA","T0205KkcClpGqwaCeme-4K5rCjVfnoaW5kRrbA","T0225KkcRBdK91eGIRjznaQPcACjVfnoaW5kRrbA","T014_aUiHklboACIfgCjVfnoaW5kRrbA","T016Znj2l6CgIMxCIRrzCjVfnoaW5kRrbA","T012aFPflrC1th3WCjVfnoaW5kRrbA","T0225KkcRR5LowKFIRmnxvRZcACjVfnoaW5kRrbA","T0205KkcBUtTqCq0cXCI4Jd0CjVfnoaW5kRrbA","T0165qwzAFdDrAHTIxjxCjVfnoaW5kRrbA","T0225KkcRxgepAHQIBr9lP4NcwCjVfnoaW5kRrbA","T0225KkcRx5L8lODIk6nwPMIJQCjVfnoaW5kRrbA","T0205KkcOWZEkDaif2mJ3bdvCjVfnoaW5kRrbA","T0225KkcRxxM_QLUcRv1k_MOdgCjVfnoaW5kRrbA","T012aFDNlo-rI_pMCjVfnoaW5kRrbA","T0205KkcNmFHvCGVfEWp7YJtCjVfnoaW5kRrbA","T0225KkcRxse81LUJkzxkfNecACjVfnoaW5kRrbA","T0205KkcIGtgkimzX3KMwJ9VCjVfnoaW5kRrbA","T0205KkcCHdLsg2NSUS1_r9PCjVfnoaW5kRrbA"]
签到领健康能量任务，完成次数：0/1
去完成签到领健康能量任务
任务完成成功，获得：100能量

【京东账号2（jd_72476e50d1b0e）的东东健康社区好友互助码】T0225KkcRxwd8lKCJRqglaUKIQCjVfnoaW5kRrbA

健康爆款低至5折任务，完成次数：0/5
去完成健康爆款低至5折任务
任务领取结果：任务领取成功
任务完成成功，获得：300能量
去完成健康爆款低至5折任务
任务领取结果：任务领取成功
任务完成失败：这个任务做完啦！
去完成健康爆款低至5折任务
任务领取结果：任务领取成功
任务完成失败：这个任务做完啦！
去完成健康爆款低至5折任务
任务领取结果：任务领取成功
任务完成失败：这个任务做完啦！
去完成健康爆款低至5折任务
任务领取结果：任务领取成功
任务完成失败：这个任务做完啦！
早起打卡(06:00-09:00)任务，完成次数：0/1
去完成早起打卡(06:00-09:00)任务
任务完成失败：不在打卡时间哦!
点击抢超市大红包任务，完成次数：0/5
去完成点击抢超市大红包任务
任务领取结果：任务领取成功
任务完成成功，获得：300能量
去完成点击抢超市大红包任务
任务领取结果：任务领取成功
任务完成失败：这个任务做完啦！
去完成点击抢超市大红包任务
任务领取结果：任务领取成功
任务完成失败：这个任务做完啦！
去完成点击抢超市大红包任务
任务领取结果：任务领取成功
任务完成失败：这个任务做完啦！
去完成点击抢超市大红包任务
任务领取结果：任务领取成功
任务完成失败：这个任务做完啦！
早睡打卡(21:00-23:00)任务，完成次数：0/1
去完成早睡打卡(21:00-23:00)任务
任务完成成功，获得：500能量
海氏海诺爆款低至1.1元任务，完成次数：0/1
去完成海氏海诺爆款低至1.1元任务
任务领取结果：任务领取成功
任务完成成功，获得：300能量
正品好药低至5折任务，完成次数：1/5
去完成正品好药低至5折任务
任务领取结果：任务领取成功
任务完成成功，获得：300能量
去完成正品好药低至5折任务
任务领取结果：任务领取成功
任务完成失败：这个任务做完啦！
去完成正品好药低至5折任务
任务领取结果：任务领取成功
任务完成失败：这个任务做完啦！
去完成正品好药低至5折任务
任务领取结果：任务领取成功
任务完成失败：这个任务做完啦！
早起打卡(06:00-09:00)任务，完成次数：0/1
去完成早起打卡(06:00-09:00)任务
任务完成失败：不在打卡时间哦!
一分钱造爆款电器任务，完成次数：1/5
去完成一分钱造爆款电器任务
任务领取结果：任务领取成功
任务完成成功，获得：300能量
去完成一分钱造爆款电器任务
任务领取结果：任务领取成功
任务完成失败：这个任务做完啦！
去完成一分钱造爆款电器任务
任务领取结果：任务领取成功
任务完成失败：这个任务做完啦！
去完成一分钱造爆款电器任务
任务领取结果：任务领取成功
任务完成失败：这个任务做完啦！
防疫必备 9.9起任务，完成次数：2/5
去完成防疫必备 9.9起任务
任务领取结果：任务领取成功
任务完成成功，获得：300能量
去完成防疫必备 9.9起任务
任务领取结果：任务领取成功
任务完成失败：这个任务做完啦！
去完成防疫必备 9.9起任务
任务领取结果：任务领取成功
任务完成失败：这个任务做完啦！
早起打卡(06:00-09:00)任务，完成次数：0/1
去完成早起打卡(06:00-09:00)任务
任务完成失败：不在打卡时间哦!
兑换好物0元起任务，完成次数：2/5
去完成兑换好物0元起任务
任务领取结果：任务领取成功
任务完成成功，获得：300能量
去完成兑换好物0元起任务
任务领取结果：任务领取成功
任务完成失败：这个任务做完啦！
去完成兑换好物0元起任务
任务领取结果：任务领取成功
任务完成失败：这个任务做完啦！
领最高50元权益！任务，完成次数：3/5
去完成领最高50元权益！任务
任务领取结果：任务领取成功
任务完成成功，获得：300能量
去完成领最高50元权益！任务
任务领取结果：任务领取成功
任务完成失败：这个任务做完啦！
早起打卡(06:00-09:00)任务，完成次数：0/1
去完成早起打卡(06:00-09:00)任务
任务完成失败：不在打卡时间哦!
颜究院大牌小样1元领任务，完成次数：3/5
去完成颜究院大牌小样1元领任务
任务领取结果：任务领取成功
任务完成成功，获得：300能量
去完成颜究院大牌小样1元领任务
任务领取结果：任务领取成功
任务完成失败：这个任务做完啦！
健康种植园“种”大奖任务，完成次数：4/5
去完成健康种植园“种”大奖任务
任务领取结果：任务领取成功
任务完成成功，获得：300能量
早起打卡(06:00-09:00)任务，完成次数：0/1
去完成早起打卡(06:00-09:00)任务
任务完成失败：不在打卡时间哦!
去会员频道摇京豆任务，完成次数：4/5
去完成去会员频道摇京豆任务
任务领取结果：任务领取成功
任务完成成功，获得：300能量
任务完成成功，获得：480能量
去助力好友T0225KkcRh9P9FbRKUygl_UJcgCjVfnoaW5kRrbA
任务完成失败：助力失败丨助力已满员！谢谢你哦~
去助力好友T0159KUiH11Mq1bSKBoCjVfnoaW5kRrbA
任务完成失败：助力失败丨助力已满员！谢谢你哦~
去助力好友T018v_hzQhwZ8FbUIRib1ACjVfnoaW5kRrbA
任务完成失败：助力失败丨助力已满员！谢谢你哦~
去助力好友T014yJkHL2ZArgWVZQCjVfnoaW5kRrbA
任务完成失败：助力失败丨助力已满员！谢谢你哦~
去助力好友T0225KkcRU8RpFeBJkv1kqQKcACjVfnoaW5kRrbA
任务完成失败：助力失败丨助力已满员！谢谢你哦~
去助力好友T0225KkcRUsZoFaGckyhl_MIJgCjVfnoaW5kRrbA
任务完成失败：助力失败丨助力已满员！谢谢你哦~
去助力好友T0205KkcClpGqwaCeme-4K5rCjVfnoaW5kRrbA
任务完成失败：助力失败丨助力已满员！谢谢你哦~
去助力好友T0225KkcRBdK91eGIRjznaQPcACjVfnoaW5kRrbA
任务完成失败：助力失败丨助力已满员！谢谢你哦~
去助力好友T014_aUiHklboACIfgCjVfnoaW5kRrbA
任务完成失败：助力失败丨助力已满员！谢谢你哦~
去助力好友T016Znj2l6CgIMxCIRrzCjVfnoaW5kRrbA
任务完成失败：助力失败丨助力已满员！谢谢你哦~
去助力好友T012aFPflrC1th3WCjVfnoaW5kRrbA
任务完成失败：助力失败丨助力已满员！谢谢你哦~
去助力好友T0225KkcRR5LowKFIRmnxvRZcACjVfnoaW5kRrbA
任务完成失败：助力失败丨助力已满员！谢谢你哦~
去助力好友T0205KkcBUtTqCq0cXCI4Jd0CjVfnoaW5kRrbA
任务完成失败：助力失败丨助力已满员！谢谢你哦~
去助力好友T0165qwzAFdDrAHTIxjxCjVfnoaW5kRrbA
任务完成失败：助力失败丨助力已满员！谢谢你哦~
去助力好友T0225KkcRxgepAHQIBr9lP4NcwCjVfnoaW5kRrbA
任务完成失败：助力失败丨助力已满员！谢谢你哦~
去助力好友T0225KkcRx5L8lODIk6nwPMIJQCjVfnoaW5kRrbA
任务完成失败：助力失败丨助力已满员！谢谢你哦~
去助力好友T0205KkcOWZEkDaif2mJ3bdvCjVfnoaW5kRrbA
任务完成失败：助力失败丨助力已满员！谢谢你哦~
去助力好友T0225KkcRxxM_QLUcRv1k_MOdgCjVfnoaW5kRrbA
任务完成失败：助力失败丨助力已满员！谢谢你哦~
去助力好友T012aFDNlo-rI_pMCjVfnoaW5kRrbA
任务完成失败：助力失败丨助力已满员！谢谢你哦~
去助力好友T0205KkcNmFHvCGVfEWp7YJtCjVfnoaW5kRrbA
任务完成失败：助力失败丨助力已满员！谢谢你哦~
去助力好友T0225KkcRxse81LUJkzxkfNecACjVfnoaW5kRrbA
任务完成失败：助力失败丨助力已满员！谢谢你哦~
去助力好友T0205KkcIGtgkimzX3KMwJ9VCjVfnoaW5kRrbA
任务完成失败：助力失败丨助力已满员！谢谢你哦~
去助力好友T0205KkcCHdLsg2NSUS1_r9PCjVfnoaW5kRrbA
任务完成失败：助力失败丨助力已满员！谢谢你哦~
undefined任务，完成次数：undefined/undefined

==============📣系统通知📣==============
东东健康社区
京东账号2 jd_72476e50d1b0e
本次获得4380健康值，累计369604健康值


🔔东东健康社区, 结束! 🕛 839.557 秒


## 执行结束... 2022-05-07 22:27:33 耗时 840 秒
