## 开始执行... 2022-05-07 21:04:37


🔔京喜领88元红包, 开始!
您的cookie选择的是用&隔开


====================共有2个京东账号Cookie=========

==================脚本执行- 北京时间(UTC+8)：2022/5/7 21:04:38=====================


*****开始【京东账号1】Wang_Happy_*****

活动开启失败：活动太火爆了，稍后再来~

获取助力码成功：Jr_I-_jvF-c3XhjKY9T8pBJSoZ0FJ4FtkOA1gW8M0wLZS438QX0Jns0yMn_zEXVI


*****开始【京东账号2】蓝闺q*****

活动开启成功

获取助力码成功：Jr_I-_jvF-c3XhjKY9T8pL3iYtr7SJO8KuluPQdgtHyUdpyH_mgwXYPPCBb8BhJ0


自己京东账号助力码：
[{"strUserPin":"Jr_I-_jvF-c3XhjKY9T8pBJSoZ0FJ4FtkOA1gW8M0wLZS438QX0Jns0yMn_zEXVI","userName":"jd_56ac883b2ee02"},{"strUserPin":"Jr_I-_jvF-c3XhjKY9T8pL3iYtr7SJO8KuluPQdgtHyUdpyH_mgwXYPPCBb8BhJ0","userName":"jd_72476e50d1b0e"}]


开始助力：助力逻辑 先自己京东相互助力，如有剩余助力机会，则助力作者

【jd_56ac883b2ee02】去助力【jd_56ac883b2ee02】邀请码：Jr_I-_jvF-c3XhjKY9T8pBJSoZ0FJ4FtkOA1gW8M0wLZS438QX0Jns0yMn_zEXVI
助力失败：不能助力自己
【jd_56ac883b2ee02】去助力【jd_72476e50d1b0e】邀请码：Jr_I-_jvF-c3XhjKY9T8pL3iYtr7SJO8KuluPQdgtHyUdpyH_mgwXYPPCBb8BhJ0
温馨提示：如提示助力火爆，可尝试寻找京东客服
助力失败：活动太火爆，暂时无法助力，<br>请稍后再试

【jd_72476e50d1b0e】去助力【jd_56ac883b2ee02】邀请码：Jr_I-_jvF-c3XhjKY9T8pBJSoZ0FJ4FtkOA1gW8M0wLZS438QX0Jns0yMn_zEXVI
助力失败：好友还未参与活动，<br>不能被助力！

【jd_72476e50d1b0e】去助力【jd_72476e50d1b0e】邀请码：Jr_I-_jvF-c3XhjKY9T8pL3iYtr7SJO8KuluPQdgtHyUdpyH_mgwXYPPCBb8BhJ0
助力失败：不能助力自己

【jd_72476e50d1b0e】有剩余助力机会，开始助力作者

【jd_72476e50d1b0e】去助力作者的邀请码：Jr_I-_jvF-c3XhjKY9T8pM8RzNkKjMOTzLTFsJFweeEwTBwRkQygMidA-oqArAfK
助力成功🎉:成功

【jd_72476e50d1b0e】去助力作者的邀请码：Jr_I-_jvF-c3XhjKY9T8pH7a5kwncauvatlmZCi8jZeBoAy_K0Mw7YD1rspHBKY9
助力失败：好友还未参与活动，<br>不能被助力！

【jd_72476e50d1b0e】去助力作者的邀请码：Jr_I-_jvF-c3XhjKY9T8pDywtJ7_iHJHM4SsncXoA2APHAc6lCMvlutmoXpCo2M1
助力失败：好友还未参与活动，<br>不能被助力！

【jd_72476e50d1b0e】去助力作者的邀请码：Jr_I-_jvF-c3XhjKY9T8pHMX2KAmi1MPtdgjjVAPRvFby9Vzs8AOzEdvzvzc10Ta
助力失败：好友还未参与活动，<br>不能被助力！

【jd_72476e50d1b0e】去助力作者的邀请码：Jr_I-_jvF-c3XhjKY9T8pB_ocahtBg6oWhg8ZvVoIPqiOMFN-fn5KNP2gx6YVODT
助力失败：好友还未参与活动，<br>不能被助力！

【jd_72476e50d1b0e】去助力作者的邀请码：Jr_I-_jvF-c3XhjKY9T8pMRmNM6hVpyMV9maiGxnmLt1Ffe2U484vy5GrKcjlRVW
助力失败：好友还未参与活动，<br>不能被助力！


【jd_56ac883b2ee02】去拆第1个红包
拆红包失败:未达到抽奖资格


【jd_72476e50d1b0e】去拆第1个红包
拆红包失败:未达到抽奖资格


🔔京喜领88元红包, 结束! 🕛 68.904 秒


## 执行结束... 2022-05-07 21:05:47 耗时 70 秒
