## 开始执行... 2022-05-07 20:13:23


🔔东东工厂, 开始!
您的cookie选择的是用&隔开


====================共有2个京东账号Cookie=========

==================脚本执行- 北京时间(UTC+8)：2022/5/7 20:13:24=====================

【注意】本脚本默认会给助力池进行助力！
如需加入助力池请添加TG群：https://t.me/jd_zero_205
如不加入助力池互助，可添加变量名称：JD_JOIN_ZLC，变量值：false

开始获取东东工厂配置文件

共2个京东账号

您提供了2个账号的东东工厂助力码


******开始【京东账号1】Wang_Happy_*********

此京东账号1Wang_Happy_暂未选购商品
现在也能为您做任务和收集免费电力
成功收集345电量，当前蓄电池总电量：1021532


【京东账号1（jd_56ac883b2ee02）的东东工厂好友互助码】T0225KkcRRhIplzfI0j2waIKdgCjVWnYaS5kRrbA

每日开工打卡已完成
准备做此任务：好友助力
去京东首页点击“京东电器”已完成
准备做此任务：去看看趋势新家电
关注店铺已做完
此任务：开通仙视品牌会员，跳过
每日10-13点巡厂 任务已错过时间
逛互动得电量已做完

此账号1Wang_Happy_暂未选择商品

BoxJs或环境变量暂未提供心仪商品
如需兑换心仪商品，请提供心仪商品名称

商品名称       可选状态    剩余量
能早餐机         已抢光      0

目前电量1021532,不满足兑换 九阳家用多功能早餐机所需的 5280000电量

京东账号1 Wang_Happy_
已选商品：暂无
心仪商品：暂无
当前剩余最多商品：九阳家用多功能早餐机
兑换所需电量：5280000
您当前总电量：1021532


******开始【京东账号2】蓝闺q*********

此京东账号2蓝闺q暂未选购商品
现在也能为您做任务和收集免费电力
成功收集346电量，当前蓄电池总电量：907246


【京东账号2（jd_72476e50d1b0e）的东东工厂好友互助码】T0225KkcRxwd8lKCJRqglaUKIQCjVWnYaS5kRrbA

每日开工打卡已完成
准备做此任务：好友助力
去京东首页点击“京东电器”已完成
准备做此任务：去看看趋势新家电
关注店铺已做完
此任务：开通仙视品牌会员，跳过
每日10-13点巡厂 任务已错过时间
逛互动得电量已做完

此账号2蓝闺q暂未选择商品

BoxJs或环境变量暂未提供心仪商品
如需兑换心仪商品，请提供心仪商品名称

商品名称       可选状态    剩余量
能早餐机         已抢光      0

目前电量907246,不满足兑换 九阳家用多功能早餐机所需的 5280000电量

京东账号2 蓝闺q
已选商品：暂无
心仪商品：暂无
当前剩余最多商品：九阳家用多功能早餐机
兑换所需电量：5280000
您当前总电量：907246

第1个京东账号的助力码:::T0225KkcRUxL9FKDJh7ylvMLcACjVWnYaS5kRrbA@T0225KkcRx0Q_AaCdRr1xf8DIQCjVWnYaS5kRrbA@T0225KkcRksZpgDSIBj3xvADdQCjVWnYaS5kRrbA@T018v_52Qxge81HeJB2b1ACjVWnYaS5kRrbA@T0205KkcPFd_vD2uSkCi3YhXCjVWnYaS5kRrbA
开始
第1个京东账号将要助力的好友["T0225KkcRUxL9FKDJh7ylvMLcACjVWnYaS5kRrbA","T0225KkcRx0Q_AaCdRr1xf8DIQCjVWnYaS5kRrbA","T0225KkcRksZpgDSIBj3xvADdQCjVWnYaS5kRrbA","T018v_52Qxge81HeJB2b1ACjVWnYaS5kRrbA","T0205KkcPFd_vD2uSkCi3YhXCjVWnYaS5kRrbA"]
您未填写助力码变量，开始账号内互助，再帮【zero205】助力
领取做完任务的奖励：蓄电池已满，使用后才可获得更多电量哦！
对方电力已满，无法助力，跳过
领取做完任务的奖励：蓄电池已满，使用后才可获得更多电量哦！
对方电力已满，无法助力，跳过
领取做完任务的奖励：蓄电池已满，使用后才可获得更多电量哦！
对方电力已满，无法助力，跳过
领取做完任务的奖励：蓄电池已满，使用后才可获得更多电量哦！
对方电力已满，无法助力，跳过
领取做完任务的奖励：蓄电池已满，使用后才可获得更多电量哦！
对方电力已满，无法助力，跳过
第2个京东账号的助力码:::T0225KkcRUxL9FKDJh7ylvMLcACjVWnYaS5kRrbA@T0225KkcRx0Q_AaCdRr1xf8DIQCjVWnYaS5kRrbA@T0225KkcRksZpgDSIBj3xvADdQCjVWnYaS5kRrbA@T018v_52Qxge81HeJB2b1ACjVWnYaS5kRrbA@T0205KkcPFd_vD2uSkCi3YhXCjVWnYaS5kRrbA
开始
随机取20个码放到您固定的互助码后面(不影响已有固定互助)
第2个京东账号将要助力的好友["T0225KkcRUxL9FKDJh7ylvMLcACjVWnYaS5kRrbA","T0225KkcRx0Q_AaCdRr1xf8DIQCjVWnYaS5kRrbA","T0225KkcRksZpgDSIBj3xvADdQCjVWnYaS5kRrbA","T018v_52Qxge81HeJB2b1ACjVWnYaS5kRrbA","T0205KkcPFd_vD2uSkCi3YhXCjVWnYaS5kRrbA","T014anXDlaGDmoxnowCjVWnYaS5kRrbA","T012a17Cl6elLNVbCjVWnYaS5kRrbA","T020t_xxSBwc6F3XIhj3nf8OCjVWnYaS5kRrbA","T0205KkcCkt9jyudYm6I14lXCjVWnYaS5kRrbA","T0225KkcRBYQ9VzTIhynk_YPdgCjVWnYaS5kRrbA","T0106awtSBoZ8QCjVWnYaS5kRrbA","T022uvlzSR4R9lHVPRL2nPEIcQCjVQmoaT5kRrbA","T0225KkcRxwZpgDfIUjxwfUPJgCjVWnYaS5kRrbA","T0225KkcRRca8wXeKBuhlvYNfACjVWnYaS5kRrbA","T0225KkcRR0f9AHTJBOgk_9ZcwCjVWnYaS5kRrbA","T0225KkcRB0c91SGcRrynaICIgCjVWnYaS5kRrbA","T0205KkcHmJ9pgyTVUuj8bV3CjVWnYaS5kRrbA","T012-qovHEdHsgGOCjVWnYaS5kRrbA","T0205KkcHWdglw-qe2es_qFbCjVWnYaS5kRrbA","T0205KkcKl1FgxKmXX-T1KF5CjVWnYaS5kRrbA","T0205KkcCG9clQeKYGO395B5CjVWnYaS5kRrbA","T023v_txQBkZ9FPKKBL8k_EMc4cCjVWnYaS5kRrbA","T0205KkcCXlMghKKRkCi675qCjVWnYaS5kRrbA","T0225KkcRBcYoVSEJk_1wPAPdQCjVWnYaS5kRrbA","T0225KkcREgc9QbQc0z2l_RYIQCjVWnYaS5kRrbA"]
您未填写助力码变量，开始账号内互助，再帮【zero205】助力
领取做完任务的奖励：蓄电池已满，使用后才可获得更多电量哦！
对方电力已满，无法助力，跳过
领取做完任务的奖励：蓄电池已满，使用后才可获得更多电量哦！
对方电力已满，无法助力，跳过
领取做完任务的奖励：蓄电池已满，使用后才可获得更多电量哦！
对方电力已满，无法助力，跳过
领取做完任务的奖励：蓄电池已满，使用后才可获得更多电量哦！
对方电力已满，无法助力，跳过
领取做完任务的奖励：蓄电池已满，使用后才可获得更多电量哦！
对方电力已满，无法助力，跳过
领取做完任务的奖励：蓄电池已满，使用后才可获得更多电量哦！
对方电力已满，无法助力，跳过
领取做完任务的奖励：蓄电池已满，使用后才可获得更多电量哦！
对方电力已满，无法助力，跳过
领取做完任务的奖励：蓄电池已满，使用后才可获得更多电量哦！
对方电力已满，无法助力，跳过
"Timeout awaiting 'request' for 10000ms"
东东工厂 API请求失败，请检查网路重试
领取做完任务的奖励：蓄电池已满，使用后才可获得更多电量哦！
对方电力已满，无法助力，跳过
领取做完任务的奖励：蓄电池已满，使用后才可获得更多电量哦！
对方电力已满，无法助力，跳过
领取做完任务的奖励：蓄电池已满，使用后才可获得更多电量哦！
对方电力已满，无法助力，跳过
领取做完任务的奖励：蓄电池已满，使用后才可获得更多电量哦！
对方电力已满，无法助力，跳过
领取做完任务的奖励：蓄电池已满，使用后才可获得更多电量哦！
对方电力已满，无法助力，跳过
领取做完任务的奖励：蓄电池已满，使用后才可获得更多电量哦！
对方电力已满，无法助力，跳过
领取做完任务的奖励：蓄电池已满，使用后才可获得更多电量哦！
对方电力已满，无法助力，跳过
领取做完任务的奖励：蓄电池已满，使用后才可获得更多电量哦！
对方电力已满，无法助力，跳过
领取做完任务的奖励：蓄电池已满，使用后才可获得更多电量哦！
对方电力已满，无法助力，跳过
领取做完任务的奖励：蓄电池已满，使用后才可获得更多电量哦！
对方电力已满，无法助力，跳过
领取做完任务的奖励：蓄电池已满，使用后才可获得更多电量哦！
对方电力已满，无法助力，跳过
领取做完任务的奖励：蓄电池已满，使用后才可获得更多电量哦！
对方电力已满，无法助力，跳过
领取做完任务的奖励：蓄电池已满，使用后才可获得更多电量哦！
对方电力已满，无法助力，跳过

🔔东东工厂, 结束! 🕛 71.725 秒


## 执行结束... 2022-05-07 20:14:35 耗时 72 秒
