## 开始执行... 2022-05-07 22:14:05


🔔东东工厂, 开始!
您的cookie选择的是用&隔开


====================共有2个京东账号Cookie=========

==================脚本执行- 北京时间(UTC+8)：2022/5/7 22:14:05=====================

【注意】本脚本默认会给助力池进行助力！
如需加入助力池请添加TG群：https://t.me/jd_zero_205
如不加入助力池互助，可添加变量名称：JD_JOIN_ZLC，变量值：false

开始获取东东工厂配置文件

共2个京东账号

您提供了2个账号的东东工厂助力码


******开始【京东账号1】Wang_Happy_*********

此京东账号1Wang_Happy_暂未选购商品
现在也能为您做任务和收集免费电力
成功收集500电量，当前蓄电池总电量：1022034


【京东账号1（jd_56ac883b2ee02）的东东工厂好友互助码】T0225KkcRRhIplzfI0j2waIKdgCjVWnYaS5kRrbA

每日开工打卡已完成
准备做此任务：好友助力
去京东首页点击“京东电器”已完成
准备做此任务：去看看趋势新家电
关注店铺已做完
此任务：开通仙视品牌会员，跳过
每日10-13点巡厂 任务已错过时间
逛互动得电量已做完

此账号1Wang_Happy_暂未选择商品

BoxJs或环境变量暂未提供心仪商品
如需兑换心仪商品，请提供心仪商品名称

商品名称       可选状态    剩余量
能早餐机         已抢光      0

目前电量1022034,不满足兑换 九阳家用多功能早餐机所需的 5280000电量

京东账号1 Wang_Happy_
已选商品：暂无
心仪商品：暂无
当前剩余最多商品：九阳家用多功能早餐机
兑换所需电量：5280000
您当前总电量：1022034


******开始【京东账号2】蓝闺q*********

此京东账号2蓝闺q暂未选购商品
现在也能为您做任务和收集免费电力
成功收集500电量，当前蓄电池总电量：907747


【京东账号2（jd_72476e50d1b0e）的东东工厂好友互助码】T0225KkcRxwd8lKCJRqglaUKIQCjVWnYaS5kRrbA

每日开工打卡已完成
准备做此任务：好友助力
去京东首页点击“京东电器”已完成
准备做此任务：去看看趋势新家电
关注店铺已做完
此任务：开通仙视品牌会员，跳过
每日10-13点巡厂 任务已错过时间
逛互动得电量已做完

此账号2蓝闺q暂未选择商品

BoxJs或环境变量暂未提供心仪商品
如需兑换心仪商品，请提供心仪商品名称

商品名称       可选状态    剩余量
能早餐机         已抢光      0

目前电量907747,不满足兑换 九阳家用多功能早餐机所需的 5280000电量

京东账号2 蓝闺q
已选商品：暂无
心仪商品：暂无
当前剩余最多商品：九阳家用多功能早餐机
兑换所需电量：5280000
您当前总电量：907747

第1个京东账号的助力码:::T0225KkcRUxL9FKDJh7ylvMLcACjVWnYaS5kRrbA@T0225KkcRx0Q_AaCdRr1xf8DIQCjVWnYaS5kRrbA@T0225KkcRksZpgDSIBj3xvADdQCjVWnYaS5kRrbA@T018v_52Qxge81HeJB2b1ACjVWnYaS5kRrbA@T0205KkcPFd_vD2uSkCi3YhXCjVWnYaS5kRrbA
开始
随机取20个码放到您固定的互助码后面(不影响已有固定互助)
第1个京东账号将要助力的好友["T0225KkcRUxL9FKDJh7ylvMLcACjVWnYaS5kRrbA","T0225KkcRx0Q_AaCdRr1xf8DIQCjVWnYaS5kRrbA","T0225KkcRksZpgDSIBj3xvADdQCjVWnYaS5kRrbA","T018v_52Qxge81HeJB2b1ACjVWnYaS5kRrbA","T0205KkcPFd_vD2uSkCi3YhXCjVWnYaS5kRrbA","T0145qwtHUtA9FXWJgCjVWnYaS5kRrbA","T0104botRRof8QCjVWnYaS5kRrbA","T0205KkcPGZbjQeFY3-S8J10CjVWnYaS5kRrbA","T0205KkcJERznTaXaFyi5rNNCjVWnYaS5kRrbA","T019-akMOn5Esz6ISkCy8oMCjVWnYaS5kRrbA","T0205KkcO09xlymFW2GNz5RSCjVWnYaS5kRrbA","T015vf1wQhof9lLfT0cCjVWnYaS5kRrbA","T0117aU0H1xNoAoCjVWnYaS5kRrbA","T0225KkcRB1I_VbWcRz2kPINdQCjVWnYaS5kRrbA","T0205KkcF0ZwpjyDXn-y8rZZCjVWnYaS5kRrbA","T0225KkcRUoa8QGDIhKglfIJdQCjVWnYaS5kRrbA","T0225KkcRUxLoFzTdRzwkfIDfQCjVWnYaS5kRrbA","T0205KkcN0JAoBOiV0a9yKl5CjVWnYaS5kRrbA","T0225KkcRUtM8FGBckulxaICcQCjVWnYaS5kRrbA","T014_awqHExGpBCVaQCjVWnYaS5kRrbA","T0225KkcR0pM8AaGdBuhkKRZcACjVWnYaS5kRrbA","T0085qY5Ex8bCjVWnYaS5kRrbA","T0225KkcRhwd8wDUdE-gx_8MfACjVWnYaS5kRrbA","T0145qwvHEFPrQGLfACjVWnYaS5kRrbA","T0157aw3GFdLoA2FdUMCjVWnYaS5kRrbA"]
您未填写助力码变量，开始账号内互助，再帮【zero205】助力
领取做完任务的奖励：蓄电池已满，使用后才可获得更多电量哦！
对方电力已满，无法助力，跳过
领取做完任务的奖励：蓄电池已满，使用后才可获得更多电量哦！
对方电力已满，无法助力，跳过
领取做完任务的奖励：蓄电池已满，使用后才可获得更多电量哦！
对方电力已满，无法助力，跳过
领取做完任务的奖励：蓄电池已满，使用后才可获得更多电量哦！
对方电力已满，无法助力，跳过
领取做完任务的奖励：蓄电池已满，使用后才可获得更多电量哦！
对方电力已满，无法助力，跳过
领取做完任务的奖励：蓄电池已满，使用后才可获得更多电量哦！
对方电力已满，无法助力，跳过
领取做完任务的奖励：蓄电池已满，使用后才可获得更多电量哦！
对方电力已满，无法助力，跳过
领取做完任务的奖励：蓄电池已满，使用后才可获得更多电量哦！
对方电力已满，无法助力，跳过
领取做完任务的奖励：蓄电池已满，使用后才可获得更多电量哦！
对方电力已满，无法助力，跳过
领取做完任务的奖励：蓄电池已满，使用后才可获得更多电量哦！
对方电力已满，无法助力，跳过
领取做完任务的奖励：蓄电池已满，使用后才可获得更多电量哦！
对方电力已满，无法助力，跳过
领取做完任务的奖励：蓄电池已满，使用后才可获得更多电量哦！
对方电力已满，无法助力，跳过
领取做完任务的奖励：蓄电池已满，使用后才可获得更多电量哦！
对方电力已满，无法助力，跳过
领取做完任务的奖励：蓄电池已满，使用后才可获得更多电量哦！
对方电力已满，无法助力，跳过
领取做完任务的奖励：蓄电池已满，使用后才可获得更多电量哦！
对方电力已满，无法助力，跳过
领取做完任务的奖励：蓄电池已满，使用后才可获得更多电量哦！
对方电力已满，无法助力，跳过
领取做完任务的奖励：蓄电池已满，使用后才可获得更多电量哦！
对方电力已满，无法助力，跳过
领取做完任务的奖励：蓄电池已满，使用后才可获得更多电量哦！
对方电力已满，无法助力，跳过
领取做完任务的奖励：蓄电池已满，使用后才可获得更多电量哦！
对方电力已满，无法助力，跳过
领取做完任务的奖励：蓄电池已满，使用后才可获得更多电量哦！
对方电力已满，无法助力，跳过
领取做完任务的奖励：蓄电池已满，使用后才可获得更多电量哦！
对方电力已满，无法助力，跳过
领取做完任务的奖励：蓄电池已满，使用后才可获得更多电量哦！
对方电力已满，无法助力，跳过
领取做完任务的奖励：蓄电池已满，使用后才可获得更多电量哦！
对方电力已满，无法助力，跳过
第2个京东账号的助力码:::T0225KkcRUxL9FKDJh7ylvMLcACjVWnYaS5kRrbA@T0225KkcRx0Q_AaCdRr1xf8DIQCjVWnYaS5kRrbA@T0225KkcRksZpgDSIBj3xvADdQCjVWnYaS5kRrbA@T018v_52Qxge81HeJB2b1ACjVWnYaS5kRrbA@T0205KkcPFd_vD2uSkCi3YhXCjVWnYaS5kRrbA
开始
随机取20个码放到您固定的互助码后面(不影响已有固定互助)
第2个京东账号将要助力的好友["T0225KkcRUxL9FKDJh7ylvMLcACjVWnYaS5kRrbA","T0225KkcRx0Q_AaCdRr1xf8DIQCjVWnYaS5kRrbA","T0225KkcRksZpgDSIBj3xvADdQCjVWnYaS5kRrbA","T018v_52Qxge81HeJB2b1ACjVWnYaS5kRrbA","T0205KkcPFd_vD2uSkCi3YhXCjVWnYaS5kRrbA","T0225KkcRxxMoAbVJ0vwkaNYJgCjVWnYaS5kRrbA","T0225KkcR0tI9AfXIB33nfIPJQCjVWnYaS5kRrbA","T023v_VzSBYf91bKJBPzkvcMctMCjVWnYaS5kRrbA","T0225KkcRE1M8QLUJxmll6ICcQCjVWnYaS5kRrbA","T0245KkcOR94li2dIxyC5qBKECZwCjVWnYaS5kRrbA","T0205KkcH3dZrwyEemu246VWCjVWnYaS5kRrbA","T018v_V7QR4d9lzTIxub1ACjVWnYaS5kRrbA","T015vf11RhcR9VLRT0cCjVWnYaS5kRrbA","T0225KkcRxce91fRdh73wfYPJQCjVWnYaS5kRrbA","T0205KkcN0tGpzCeV2So761UCjVWnYaS5kRrbA","T0109L4uSRcR9ACjVWnYaS5kRrbA","T0205KkcHlx_rRSRUl-j6KJMCjVWnYaS5kRrbA","T0205KkcOGRnnCWGe0mN4ah5CjVWnYaS5kRrbA","T018v_50SR8Q8VTVIhKb1ACjVWnYaS5kRrbA","T0225KkcREge9AbSdBulxvYOdQCjVWnYaS5kRrbA","T0225KkcR0wQ8VDVJRvxl_QKJgCjVWnYaS5kRrbA","T020aHzclaO-IOtv9ZpLTVySCjVWnYaS5kRrbA","T0245KkcAxpT9zaGdm2HkqFeE10MCjVWnYaS5kRrbA","T0205KkcEV5RhxGqamuH1rZKCjVWnYaS5kRrbA","T0114qQtExwZ9FQCjVWnYaS5kRrbA"]
您未填写助力码变量，开始账号内互助，再帮【zero205】助力
领取做完任务的奖励：蓄电池已满，使用后才可获得更多电量哦！
对方电力已满，无法助力，跳过
领取做完任务的奖励：蓄电池已满，使用后才可获得更多电量哦！
对方电力已满，无法助力，跳过
领取做完任务的奖励：蓄电池已满，使用后才可获得更多电量哦！
对方电力已满，无法助力，跳过
领取做完任务的奖励：蓄电池已满，使用后才可获得更多电量哦！
对方电力已满，无法助力，跳过
领取做完任务的奖励：蓄电池已满，使用后才可获得更多电量哦！
对方电力已满，无法助力，跳过
领取做完任务的奖励：蓄电池已满，使用后才可获得更多电量哦！
对方电力已满，无法助力，跳过
领取做完任务的奖励：蓄电池已满，使用后才可获得更多电量哦！
对方电力已满，无法助力，跳过
领取做完任务的奖励：蓄电池已满，使用后才可获得更多电量哦！
对方电力已满，无法助力，跳过
领取做完任务的奖励：蓄电池已满，使用后才可获得更多电量哦！
对方电力已满，无法助力，跳过
领取做完任务的奖励：蓄电池已满，使用后才可获得更多电量哦！
对方电力已满，无法助力，跳过
领取做完任务的奖励：蓄电池已满，使用后才可获得更多电量哦！
对方电力已满，无法助力，跳过
领取做完任务的奖励：蓄电池已满，使用后才可获得更多电量哦！
对方电力已满，无法助力，跳过
领取做完任务的奖励：蓄电池已满，使用后才可获得更多电量哦！
对方电力已满，无法助力，跳过
领取做完任务的奖励：蓄电池已满，使用后才可获得更多电量哦！
对方电力已满，无法助力，跳过
领取做完任务的奖励：蓄电池已满，使用后才可获得更多电量哦！
对方电力已满，无法助力，跳过
领取做完任务的奖励：蓄电池已满，使用后才可获得更多电量哦！
对方电力已满，无法助力，跳过
领取做完任务的奖励：蓄电池已满，使用后才可获得更多电量哦！
对方电力已满，无法助力，跳过
领取做完任务的奖励：蓄电池已满，使用后才可获得更多电量哦！
对方电力已满，无法助力，跳过
领取做完任务的奖励：蓄电池已满，使用后才可获得更多电量哦！
对方电力已满，无法助力，跳过
领取做完任务的奖励：蓄电池已满，使用后才可获得更多电量哦！
对方电力已满，无法助力，跳过
领取做完任务的奖励：蓄电池已满，使用后才可获得更多电量哦！
对方电力已满，无法助力，跳过

🔔东东工厂, 结束! 🕛 94.534 秒


## 执行结束... 2022-05-07 22:15:40 耗时 95 秒
