## 开始执行... 2022-05-07 19:11:02


🔔东东工厂, 开始!
您的cookie选择的是用&隔开


====================共有2个京东账号Cookie=========

==================脚本执行- 北京时间(UTC+8)：2022/5/7 19:11:02=====================

【注意】本脚本默认会给助力池进行助力！
如需加入助力池请添加TG群：https://t.me/jd_zero_205
如不加入助力池互助，可添加变量名称：JD_JOIN_ZLC，变量值：false

开始获取东东工厂配置文件

共2个京东账号

您提供了2个账号的东东工厂助力码


******开始【京东账号1】Wang_Happy_*********

此京东账号1Wang_Happy_暂未选购商品
现在也能为您做任务和收集免费电力
成功收集331电量，当前蓄电池总电量：1021159


【京东账号1（jd_56ac883b2ee02）的东东工厂好友互助码】T0225KkcRRhIplzfI0j2waIKdgCjVWnYaS5kRrbA

每日开工打卡已完成
准备做此任务：好友助力
去京东首页点击“京东电器”已完成
准备做此任务：去看看趋势新家电
关注店铺已做完
此任务：开通仙视品牌会员，跳过
每日10-13点巡厂 任务已错过时间
逛互动得电量已做完

此账号1Wang_Happy_暂未选择商品

BoxJs或环境变量暂未提供心仪商品
如需兑换心仪商品，请提供心仪商品名称

商品名称       可选状态    剩余量
能早餐机         已抢光      0

目前电量1021159,不满足兑换 九阳家用多功能早餐机所需的 5280000电量

京东账号1 Wang_Happy_
已选商品：暂无
心仪商品：暂无
当前剩余最多商品：九阳家用多功能早餐机
兑换所需电量：5280000
您当前总电量：1021159


******开始【京东账号2】蓝闺q*********

此京东账号2蓝闺q暂未选购商品
现在也能为您做任务和收集免费电力
成功收集332电量，当前蓄电池总电量：906873


【京东账号2（jd_72476e50d1b0e）的东东工厂好友互助码】T0225KkcRxwd8lKCJRqglaUKIQCjVWnYaS5kRrbA

每日开工打卡已完成
准备做此任务：好友助力
去京东首页点击“京东电器”已完成
准备做此任务：去看看趋势新家电
关注店铺已做完
此任务：开通仙视品牌会员，跳过
每日10-13点巡厂 任务已错过时间
逛互动得电量已做完

此账号2蓝闺q暂未选择商品

BoxJs或环境变量暂未提供心仪商品
如需兑换心仪商品，请提供心仪商品名称

商品名称       可选状态    剩余量
能早餐机         已抢光      0

目前电量906873,不满足兑换 九阳家用多功能早餐机所需的 5280000电量

京东账号2 蓝闺q
已选商品：暂无
心仪商品：暂无
当前剩余最多商品：九阳家用多功能早餐机
兑换所需电量：5280000
您当前总电量：906873

第1个京东账号的助力码:::T0225KkcRUxL9FKDJh7ylvMLcACjVWnYaS5kRrbA@T0225KkcRx0Q_AaCdRr1xf8DIQCjVWnYaS5kRrbA@T0225KkcRksZpgDSIBj3xvADdQCjVWnYaS5kRrbA@T018v_52Qxge81HeJB2b1ACjVWnYaS5kRrbA@T0205KkcPFd_vD2uSkCi3YhXCjVWnYaS5kRrbA
开始
随机取20个码放到您固定的互助码后面(不影响已有固定互助)
第1个京东账号将要助力的好友["T0225KkcRUxL9FKDJh7ylvMLcACjVWnYaS5kRrbA","T0225KkcRx0Q_AaCdRr1xf8DIQCjVWnYaS5kRrbA","T0225KkcRksZpgDSIBj3xvADdQCjVWnYaS5kRrbA","T018v_52Qxge81HeJB2b1ACjVWnYaS5kRrbA","T0205KkcPFd_vD2uSkCi3YhXCjVWnYaS5kRrbA","T016anX1lJapIdxn9JJECjVWnYaS5kRrbA","T0114KIxBEZaoBQCjVWnYaS5kRrbA","T0205KkcMWhRpgGVRFyD5YtDCjVWnYaS5kRrbA","T024vP10Rxkb8lPSPR71lfcLc06UCjVWnYaS5kRrbA","T0225KkcRBweo1eGIBmlxvBcJQCjVWnYaS5kRrbA","T0205KkcNW9lhwy-Rmeo9I1UCjVWnYaS5kRrbA","T0225KkcRhoY9FPVIhOhx_IIIQCjVWnYaS5kRrbA","T0205KkcKXdajwaWXV2z4Z1_CjVWnYaS5kRrbA","T0109LowQBwY9QCjVWnYaS5kRrbA","T0225KkcRhsRp1aDKUmikqMOIQCjVWnYaS5kRrbA","T0205KkcA398jy6UUmOS6IprCjVWnYaS5kRrbA","T0225KkcREpM9ALfKUv2xfJZIACjVWnYaS5kRrbA","T022v_pzRxce9VzQPR_ylf8OdQCjVWnYaS5kRrbA","T011u_VyQRwc9lMCjVWnYaS5kRrbA","T0225KkcRhkeoFaEIEz2l_IIdwCjVWnYaS5kRrbA","T0225KkcRh4f8lXScUvwnfdcIQCjVWnYaS5kRrbA","T020v_hzQxge8VzKJRL8lvAICjVWnYaS5kRrbA","T018v_V1RxgQ_VTQKBub1ACjVWnYaS5kRrbA","T0225KkcRxcf9QaBKU6lxaEKcQCjVWnYaS5kRrbA","T0205KkcGVx-sxSxQ02dzY98CjVWnYaS5kRrbA"]
您未填写助力码变量，开始账号内互助，再帮【zero205】助力
领取做完任务的奖励：蓄电池已满，使用后才可获得更多电量哦！
对方电力已满，无法助力，跳过
领取做完任务的奖励：蓄电池已满，使用后才可获得更多电量哦！
对方电力已满，无法助力，跳过
领取做完任务的奖励：蓄电池已满，使用后才可获得更多电量哦！
对方电力已满，无法助力，跳过
领取做完任务的奖励：蓄电池已满，使用后才可获得更多电量哦！
对方电力已满，无法助力，跳过
领取做完任务的奖励：蓄电池已满，使用后才可获得更多电量哦！
对方电力已满，无法助力，跳过
领取做完任务的奖励：蓄电池已满，使用后才可获得更多电量哦！
对方电力已满，无法助力，跳过
领取做完任务的奖励：蓄电池已满，使用后才可获得更多电量哦！
对方电力已满，无法助力，跳过
领取做完任务的奖励：蓄电池已满，使用后才可获得更多电量哦！
对方电力已满，无法助力，跳过
领取做完任务的奖励：蓄电池已满，使用后才可获得更多电量哦！
对方电力已满，无法助力，跳过
领取做完任务的奖励：蓄电池已满，使用后才可获得更多电量哦！
对方电力已满，无法助力，跳过
领取做完任务的奖励：蓄电池已满，使用后才可获得更多电量哦！
对方电力已满，无法助力，跳过
领取做完任务的奖励：蓄电池已满，使用后才可获得更多电量哦！
对方电力已满，无法助力，跳过
领取做完任务的奖励：蓄电池已满，使用后才可获得更多电量哦！
对方电力已满，无法助力，跳过
领取做完任务的奖励：蓄电池已满，使用后才可获得更多电量哦！
对方电力已满，无法助力，跳过
领取做完任务的奖励：蓄电池已满，使用后才可获得更多电量哦！
对方电力已满，无法助力，跳过
领取做完任务的奖励：蓄电池已满，使用后才可获得更多电量哦！
对方电力已满，无法助力，跳过
领取做完任务的奖励：蓄电池已满，使用后才可获得更多电量哦！
对方电力已满，无法助力，跳过
领取做完任务的奖励：蓄电池已满，使用后才可获得更多电量哦！
对方电力已满，无法助力，跳过
领取做完任务的奖励：蓄电池已满，使用后才可获得更多电量哦！
对方电力已满，无法助力，跳过
领取做完任务的奖励：蓄电池已满，使用后才可获得更多电量哦！
对方电力已满，无法助力，跳过
领取做完任务的奖励：蓄电池已满，使用后才可获得更多电量哦！
对方电力已满，无法助力，跳过
领取做完任务的奖励：蓄电池已满，使用后才可获得更多电量哦！
对方电力已满，无法助力，跳过
第2个京东账号的助力码:::T0225KkcRUxL9FKDJh7ylvMLcACjVWnYaS5kRrbA@T0225KkcRx0Q_AaCdRr1xf8DIQCjVWnYaS5kRrbA@T0225KkcRksZpgDSIBj3xvADdQCjVWnYaS5kRrbA@T018v_52Qxge81HeJB2b1ACjVWnYaS5kRrbA@T0205KkcPFd_vD2uSkCi3YhXCjVWnYaS5kRrbA
开始
随机取20个码放到您固定的互助码后面(不影响已有固定互助)
第2个京东账号将要助力的好友["T0225KkcRUxL9FKDJh7ylvMLcACjVWnYaS5kRrbA","T0225KkcRx0Q_AaCdRr1xf8DIQCjVWnYaS5kRrbA","T0225KkcRksZpgDSIBj3xvADdQCjVWnYaS5kRrbA","T018v_52Qxge81HeJB2b1ACjVWnYaS5kRrbA","T0205KkcPFd_vD2uSkCi3YhXCjVWnYaS5kRrbA","T0225KkcRhkbpgaGJxv8xqINcQCjVWnYaS5kRrbA","T0225KkcR00doFKEdhn8wvcMdQCjVWnYaS5kRrbA","T0205KkcIUVLojOLcV2z1r9-CjVWnYaS5kRrbA","T0225KkcRh9M91HUKUinwPIDdACjVWnYaS5kRrbA","T0225KkcREsYowHRdRyllfYKIQCjVWnYaS5kRrbA","T0225KkcRxxK9gaGdkimlvBbdgCjVWnYaS5kRrbA","T020ZkfumKSEI-9u9qFNl_IJCjVWnYaS5kRrbA","T0225KkcRkse9geGc0uglfRbdwCjVWnYaS5kRrbA","T016zIwRN29gi1zWIRP2CjVWnYaS5kRrbA","T0205KkcCkt9jyudYm6I14lXCjVWnYaS5kRrbA","T0205KkcHVhtvT69e2ml65d0CjVWnYaS5kRrbA","T0205KkcCllPvwaEfWW35pNQCjVWnYaS5kRrbA","T0225KkcRRwd8AKDJR_8xvZfdQCjVWnYaS5kRrbA","T020v_p3QR8e_FzKJB3wk_4NCjVWnYaS5kRrbA","T0225KkcRBkfo12BdUmhwaQCJQCjVWnYaS5kRrbA","T015v_h6RxgZ9VLfJB8CjVWnYaS5kRrbA","T008-bcqE09HCjVQmoaT5kRrbA","T0237Ix0RU9KowODcRny5YBiBRQCjVWnYaS5kRrbA","T0225KkcRU0dp1aGcR2infYMJQCjVWnYaS5kRrbA","T018v_h6SB0f8lbRIBKb1ACjVWnYaS5kRrbA"]
您未填写助力码变量，开始账号内互助，再帮【zero205】助力
领取做完任务的奖励：蓄电池已满，使用后才可获得更多电量哦！
对方电力已满，无法助力，跳过
领取做完任务的奖励：蓄电池已满，使用后才可获得更多电量哦！
对方电力已满，无法助力，跳过
领取做完任务的奖励：蓄电池已满，使用后才可获得更多电量哦！
对方电力已满，无法助力，跳过
领取做完任务的奖励：蓄电池已满，使用后才可获得更多电量哦！
对方电力已满，无法助力，跳过
领取做完任务的奖励：蓄电池已满，使用后才可获得更多电量哦！
对方电力已满，无法助力，跳过
领取做完任务的奖励：蓄电池已满，使用后才可获得更多电量哦！
对方电力已满，无法助力，跳过
领取做完任务的奖励：蓄电池已满，使用后才可获得更多电量哦！
对方电力已满，无法助力，跳过
领取做完任务的奖励：蓄电池已满，使用后才可获得更多电量哦！
对方电力已满，无法助力，跳过
领取做完任务的奖励：蓄电池已满，使用后才可获得更多电量哦！
对方电力已满，无法助力，跳过
领取做完任务的奖励：蓄电池已满，使用后才可获得更多电量哦！
对方电力已满，无法助力，跳过
领取做完任务的奖励：蓄电池已满，使用后才可获得更多电量哦！
对方电力已满，无法助力，跳过
领取做完任务的奖励：蓄电池已满，使用后才可获得更多电量哦！
对方电力已满，无法助力，跳过
领取做完任务的奖励：蓄电池已满，使用后才可获得更多电量哦！
对方电力已满，无法助力，跳过
领取做完任务的奖励：蓄电池已满，使用后才可获得更多电量哦！
对方电力已满，无法助力，跳过
领取做完任务的奖励：蓄电池已满，使用后才可获得更多电量哦！
对方电力已满，无法助力，跳过
领取做完任务的奖励：蓄电池已满，使用后才可获得更多电量哦！
对方电力已满，无法助力，跳过
领取做完任务的奖励：蓄电池已满，使用后才可获得更多电量哦！
对方电力已满，无法助力，跳过
领取做完任务的奖励：蓄电池已满，使用后才可获得更多电量哦！
对方电力已满，无法助力，跳过
领取做完任务的奖励：蓄电池已满，使用后才可获得更多电量哦！
对方电力已满，无法助力，跳过
领取做完任务的奖励：蓄电池已满，使用后才可获得更多电量哦！
对方电力已满，无法助力，跳过
领取做完任务的奖励：蓄电池已满，使用后才可获得更多电量哦！
对方电力已满，无法助力，跳过

🔔东东工厂, 结束! 🕛 81.365 秒


## 执行结束... 2022-05-07 19:12:24 耗时 82 秒
