## 开始执行... 2022-05-07 23:12:28


🔔东东工厂, 开始!
您的cookie选择的是用&隔开


====================共有2个京东账号Cookie=========

==================脚本执行- 北京时间(UTC+8)：2022/5/7 23:12:29=====================

【注意】本脚本默认会给助力池进行助力！
如需加入助力池请添加TG群：https://t.me/jd_zero_205
如不加入助力池互助，可添加变量名称：JD_JOIN_ZLC，变量值：false

开始获取东东工厂配置文件

共2个京东账号

您提供了2个账号的东东工厂助力码


******开始【京东账号1】Wang_Happy_*********

此京东账号1Wang_Happy_暂未选购商品
现在也能为您做任务和收集免费电力
成功收集344电量，当前蓄电池总电量：1022383


【京东账号1（jd_56ac883b2ee02）的东东工厂好友互助码】T0225KkcRRhIplzfI0j2waIKdgCjVWnYaS5kRrbA

每日开工打卡已完成
准备做此任务：好友助力
去京东首页点击“京东电器”已完成
准备做此任务：去看看趋势新家电
关注店铺已做完
此任务：开通仙视品牌会员，跳过
每日10-13点巡厂 任务已错过时间
逛互动得电量已做完

此账号1Wang_Happy_暂未选择商品

BoxJs或环境变量暂未提供心仪商品
如需兑换心仪商品，请提供心仪商品名称

商品名称       可选状态    剩余量
能早餐机         已抢光      0

目前电量1022383,不满足兑换 九阳家用多功能早餐机所需的 5280000电量

京东账号1 Wang_Happy_
已选商品：暂无
心仪商品：暂无
当前剩余最多商品：九阳家用多功能早餐机
兑换所需电量：5280000
您当前总电量：1022383


******开始【京东账号2】蓝闺q*********

此京东账号2蓝闺q暂未选购商品
现在也能为您做任务和收集免费电力
成功收集345电量，当前蓄电池总电量：908096


【京东账号2（jd_72476e50d1b0e）的东东工厂好友互助码】T0225KkcRxwd8lKCJRqglaUKIQCjVWnYaS5kRrbA

每日开工打卡已完成
准备做此任务：好友助力
去京东首页点击“京东电器”已完成
准备做此任务：去看看趋势新家电
关注店铺已做完
此任务：开通仙视品牌会员，跳过
每日10-13点巡厂 任务已错过时间
逛互动得电量已做完

此账号2蓝闺q暂未选择商品

BoxJs或环境变量暂未提供心仪商品
如需兑换心仪商品，请提供心仪商品名称

商品名称       可选状态    剩余量
能早餐机         已抢光      0

目前电量908096,不满足兑换 九阳家用多功能早餐机所需的 5280000电量

京东账号2 蓝闺q
已选商品：暂无
心仪商品：暂无
当前剩余最多商品：九阳家用多功能早餐机
兑换所需电量：5280000
您当前总电量：908096

第1个京东账号的助力码:::T0225KkcRUxL9FKDJh7ylvMLcACjVWnYaS5kRrbA@T0225KkcRx0Q_AaCdRr1xf8DIQCjVWnYaS5kRrbA@T0225KkcRksZpgDSIBj3xvADdQCjVWnYaS5kRrbA@T018v_52Qxge81HeJB2b1ACjVWnYaS5kRrbA@T0205KkcPFd_vD2uSkCi3YhXCjVWnYaS5kRrbA
开始
随机取20个码放到您固定的互助码后面(不影响已有固定互助)
第1个京东账号将要助力的好友["T0225KkcRUxL9FKDJh7ylvMLcACjVWnYaS5kRrbA","T0225KkcRx0Q_AaCdRr1xf8DIQCjVWnYaS5kRrbA","T0225KkcRksZpgDSIBj3xvADdQCjVWnYaS5kRrbA","T018v_52Qxge81HeJB2b1ACjVWnYaS5kRrbA","T0205KkcPFd_vD2uSkCi3YhXCjVWnYaS5kRrbA","T0225KkcR0wZoVPfIhqhlvINcgCjVWnYaS5kRrbA","T0205KkcJ2dzqiOsWlK3yYNSCjVWnYaS5kRrbA","T0225KkcRR0e8FXeJh_xx_NecwCjVWnYaS5kRrbA","T0205KkcNk1fkQWuZ2ee3a5LCjVWnYaS5kRrbA","T0225KkcRxwZoAeDKRn9nPYCIACjVWnYaS5kRrbA","T0205KkcAmNGoiepdX-h9b5MCjVWnYaS5kRrbA","T0225KkcRUsc_FDVJB6gxfRfcwCjVWnYaS5kRrbA","T0225KkcRh5K_VGBJkimwvMDfQCjVWnYaS5kRrbA","T0225KkcRx4Q91XRcRvyl_EMJQCjVWnYaS5kRrbA","T0205KkcNGZdlxCtVGKc7IRgCjVWnYaS5kRrbA","T0165qwzAFdDrAHTIxjxCjVWnYaS5kRrbA","T0225KkcRRYe9gGBIx72xaJbcACjVWnYaS5kRrbA","T024ZnjGl7qBI-xQ9JJJQWqioaHMCjVWnYaS5kRrbA","T0205KkcFnlwhgqXf12K9K9xCjVWnYaS5kRrbA","T016Z1DamKWMLORf94ZfCjVWnYaS5kRrbA","T018v_52Qxof_FfRIRub1ACjVWnYaS5kRrbA","T0225KkcRksfoQXeckyikqFfJgCjVWnYaS5kRrbA","T0225KkcRx0Z9wXVIUz2lKUDJwCjVWnYaS5kRrbA","T0225KkcRx8Qp1zQKE-hxqICIACjVWnYaS5kRrbA","T0225KkcRBtM9wHeKR6hlvILJgCjVWnYaS5kRrbA"]
您未填写助力码变量，开始账号内互助，再帮【zero205】助力
领取做完任务的奖励：蓄电池已满，使用后才可获得更多电量哦！
对方电力已满，无法助力，跳过
领取做完任务的奖励：蓄电池已满，使用后才可获得更多电量哦！
对方电力已满，无法助力，跳过
领取做完任务的奖励：蓄电池已满，使用后才可获得更多电量哦！
对方电力已满，无法助力，跳过
领取做完任务的奖励：蓄电池已满，使用后才可获得更多电量哦！
对方电力已满，无法助力，跳过
领取做完任务的奖励：蓄电池已满，使用后才可获得更多电量哦！
对方电力已满，无法助力，跳过
领取做完任务的奖励：蓄电池已满，使用后才可获得更多电量哦！
对方电力已满，无法助力，跳过
领取做完任务的奖励：蓄电池已满，使用后才可获得更多电量哦！
对方电力已满，无法助力，跳过
领取做完任务的奖励：蓄电池已满，使用后才可获得更多电量哦！
对方电力已满，无法助力，跳过
领取做完任务的奖励：蓄电池已满，使用后才可获得更多电量哦！
对方电力已满，无法助力，跳过
领取做完任务的奖励：蓄电池已满，使用后才可获得更多电量哦！
对方电力已满，无法助力，跳过
领取做完任务的奖励：蓄电池已满，使用后才可获得更多电量哦！
对方电力已满，无法助力，跳过
领取做完任务的奖励：蓄电池已满，使用后才可获得更多电量哦！
对方电力已满，无法助力，跳过
领取做完任务的奖励：蓄电池已满，使用后才可获得更多电量哦！
对方电力已满，无法助力，跳过
领取做完任务的奖励：蓄电池已满，使用后才可获得更多电量哦！
对方电力已满，无法助力，跳过
领取做完任务的奖励：蓄电池已满，使用后才可获得更多电量哦！
对方电力已满，无法助力，跳过
领取做完任务的奖励：蓄电池已满，使用后才可获得更多电量哦！
对方电力已满，无法助力，跳过
领取做完任务的奖励：蓄电池已满，使用后才可获得更多电量哦！
对方电力已满，无法助力，跳过
领取做完任务的奖励：蓄电池已满，使用后才可获得更多电量哦！
对方电力已满，无法助力，跳过
领取做完任务的奖励：蓄电池已满，使用后才可获得更多电量哦！
对方电力已满，无法助力，跳过
领取做完任务的奖励：蓄电池已满，使用后才可获得更多电量哦！
对方电力已满，无法助力，跳过
领取做完任务的奖励：蓄电池已满，使用后才可获得更多电量哦！
对方电力已满，无法助力，跳过
领取做完任务的奖励：蓄电池已满，使用后才可获得更多电量哦！
对方电力已满，无法助力，跳过
领取做完任务的奖励：蓄电池已满，使用后才可获得更多电量哦！
对方电力已满，无法助力，跳过
领取做完任务的奖励：蓄电池已满，使用后才可获得更多电量哦！
对方电力已满，无法助力，跳过
领取做完任务的奖励：蓄电池已满，使用后才可获得更多电量哦！
对方电力已满，无法助力，跳过
第2个京东账号的助力码:::T0225KkcRUxL9FKDJh7ylvMLcACjVWnYaS5kRrbA@T0225KkcRx0Q_AaCdRr1xf8DIQCjVWnYaS5kRrbA@T0225KkcRksZpgDSIBj3xvADdQCjVWnYaS5kRrbA@T018v_52Qxge81HeJB2b1ACjVWnYaS5kRrbA@T0205KkcPFd_vD2uSkCi3YhXCjVWnYaS5kRrbA
开始
随机取20个码放到您固定的互助码后面(不影响已有固定互助)
第2个京东账号将要助力的好友["T0225KkcRUxL9FKDJh7ylvMLcACjVWnYaS5kRrbA","T0225KkcRx0Q_AaCdRr1xf8DIQCjVWnYaS5kRrbA","T0225KkcRksZpgDSIBj3xvADdQCjVWnYaS5kRrbA","T018v_52Qxge81HeJB2b1ACjVWnYaS5kRrbA","T0205KkcPFd_vD2uSkCi3YhXCjVWnYaS5kRrbA","T020uvlySBYc81DKJBj1nPcCCjVWnYaS5kRrbA","T0205KkcHFdLnyuBd0WnzqNvCjVWnYaS5kRrbA","T020-akNEUFRkxK9UUKoyJVVCjVWnYaS5kRrbA","T0147aUmHk1IsRO4fQCjVWnYaS5kRrbA","T016a1jJlYCu_FDWKBL8CjVWnYaS5kRrbA","T020v_p6Qxkc6FHeIh32kvAJCjVWnYaS5kRrbA","T018v_VwRxsQ8lDQJxyb1ACjVWnYaS5kRrbA","T0225KkcRxgZ8FTRIBulkPBedgCjVWnYaS5kRrbA","T0225KkcRRkc8VGEIRulwvQNIACjVWnYaS5kRrbA","T0225KkcRRgY81HfdkvwlvcCcgCjVWnYaS5kRrbA","T012vfV2RxYb8FDXCjVWnYaS5kRrbA","T0225KkcRh4c8gLfIhP2lKNYdgCjVWnYaS5kRrbA","T0225KkcRh0R91XfIUz9kaENJQCjVWnYaS5kRrbA","T0225KkcRUgY8QfRIEynwf9bIACjVWnYaS5kRrbA","T0225KkcRh9K8VXVJRPwxqQMIQCjVWnYaS5kRrbA","T0205KkcBl1RvAmzf0GP9oR_CjVWnYaS5kRrbA","T010-aN3SBsc9ACjVWnYaS5kRrbA","T0127aUmHl5R9FbRCjVWnYaS5kRrbA","T018v_50Rh4Y8VDfJRKb1ACjVWnYaS5kRrbA","T0225KkcREgc9QbQc0z2l_RYIQCjVWnYaS5kRrbA"]
您未填写助力码变量，开始账号内互助，再帮【zero205】助力
领取做完任务的奖励：蓄电池已满，使用后才可获得更多电量哦！
对方电力已满，无法助力，跳过
领取做完任务的奖励：蓄电池已满，使用后才可获得更多电量哦！
对方电力已满，无法助力，跳过
领取做完任务的奖励：蓄电池已满，使用后才可获得更多电量哦！
对方电力已满，无法助力，跳过
领取做完任务的奖励：蓄电池已满，使用后才可获得更多电量哦！
对方电力已满，无法助力，跳过
领取做完任务的奖励：蓄电池已满，使用后才可获得更多电量哦！
对方电力已满，无法助力，跳过
领取做完任务的奖励：蓄电池已满，使用后才可获得更多电量哦！
对方电力已满，无法助力，跳过
领取做完任务的奖励：蓄电池已满，使用后才可获得更多电量哦！
对方电力已满，无法助力，跳过
领取做完任务的奖励：蓄电池已满，使用后才可获得更多电量哦！
对方电力已满，无法助力，跳过
领取做完任务的奖励：蓄电池已满，使用后才可获得更多电量哦！
对方电力已满，无法助力，跳过
领取做完任务的奖励：蓄电池已满，使用后才可获得更多电量哦！
对方电力已满，无法助力，跳过
领取做完任务的奖励：蓄电池已满，使用后才可获得更多电量哦！
对方电力已满，无法助力，跳过
领取做完任务的奖励：蓄电池已满，使用后才可获得更多电量哦！
对方电力已满，无法助力，跳过
领取做完任务的奖励：蓄电池已满，使用后才可获得更多电量哦！
对方电力已满，无法助力，跳过
领取做完任务的奖励：蓄电池已满，使用后才可获得更多电量哦！
对方电力已满，无法助力，跳过
领取做完任务的奖励：蓄电池已满，使用后才可获得更多电量哦！
对方电力已满，无法助力，跳过
领取做完任务的奖励：蓄电池已满，使用后才可获得更多电量哦！
对方电力已满，无法助力，跳过
领取做完任务的奖励：蓄电池已满，使用后才可获得更多电量哦！
对方电力已满，无法助力，跳过
领取做完任务的奖励：蓄电池已满，使用后才可获得更多电量哦！
对方电力已满，无法助力，跳过
领取做完任务的奖励：蓄电池已满，使用后才可获得更多电量哦！
对方电力已满，无法助力，跳过
领取做完任务的奖励：蓄电池已满，使用后才可获得更多电量哦！
对方电力已满，无法助力，跳过
领取做完任务的奖励：蓄电池已满，使用后才可获得更多电量哦！
对方电力已满，无法助力，跳过
领取做完任务的奖励：蓄电池已满，使用后才可获得更多电量哦！
对方电力已满，无法助力，跳过
领取做完任务的奖励：蓄电池已满，使用后才可获得更多电量哦！
对方电力已满，无法助力，跳过
领取做完任务的奖励：蓄电池已满，使用后才可获得更多电量哦！
对方电力已满，无法助力，跳过

🔔东东工厂, 结束! 🕛 83.359 秒


## 执行结束... 2022-05-07 23:13:52 耗时 84 秒
