## 开始执行... 2022-05-07 20:00:00


🔔汪汪乐园每日任务, 开始!
您的cookie选择的是用&隔开


====================共有2个京东账号Cookie=========

==================脚本执行- 北京时间(UTC+8)：2022/5/7 20:00:01=====================


******开始【京东账号1】jd_56ac883b2ee02*********

resolve start
resolve end
汪汪乐园每日任务 - jd_56ac883b2ee02  助力码: null
服务端异常，不知道为啥有时候这样，后面再观察一下，手动执行应该又没问题了

******开始【京东账号2】jd_72476e50d1b0e*********

resolve start
resolve end
汪汪乐园每日任务 - jd_72476e50d1b0e  助力码: null
服务端异常，不知道为啥有时候这样，后面再观察一下，手动执行应该又没问题了

======汪汪乐园开始内部互助======
======有剩余助力次数则帮zero205助力======


******开始【京东账号1】jd_56ac883b2ee02*********

【京东账号1】jd_56ac883b2ee02 助力 
resolve start
resolve end
数据异常 助力失败！



******开始【京东账号2】jd_72476e50d1b0e*********

【京东账号2】jd_72476e50d1b0e 助力 
resolve start
resolve end
数据异常 助力失败！



🔔汪汪乐园每日任务, 结束! 🕛 0.899 秒


## 执行结束... 2022-05-07 20:00:02 耗时 2 秒
