[2022-05-21 02:00:00.029 +00:00] [INF] [75] Emby.Server.Implementations.ScheduledTasks.TaskManager: "DailyTrigger" fired for task: "提取章节图片"
[2022-05-21 02:00:00.061 +00:00] [INF] [75] Emby.Server.Implementations.ScheduledTasks.TaskManager: Queuing task "ChapterImagesTask"
[2022-05-21 02:00:00.067 +00:00] [INF] [75] Emby.Server.Implementations.ScheduledTasks.TaskManager: Executing "提取章节图片"
[2022-05-21 02:00:00.452 +00:00] [INF] [75] Emby.Server.Implementations.ScheduledTasks.TaskManager: "提取章节图片" Completed after 0 minute(s) and 0 seconds
[2022-05-21 02:00:00.614 +00:00] [INF] [75] Emby.Server.Implementations.ScheduledTasks.TaskManager: ExecuteQueuedTasks
[2022-05-21 02:00:01.080 +00:00] [INF] [75] Emby.Server.Implementations.ScheduledTasks.TaskManager: Daily trigger for "提取章节图片" set to fire at 2022-05-22 02:00:00.000 +00:00, which is 23:59:58.9200298 from now.
[2022-05-21 03:42:12.926 +00:00] [INF] [34] Emby.Server.Implementations.ScheduledTasks.TaskManager: "IntervalTrigger" fired for task: "清理转码目录"
[2022-05-21 03:42:12.926 +00:00] [INF] [34] Emby.Server.Implementations.ScheduledTasks.TaskManager: Queuing task "DeleteTranscodeFileTask"
[2022-05-21 03:42:12.933 +00:00] [INF] [34] Emby.Server.Implementations.ScheduledTasks.TaskManager: Executing "清理转码目录"
[2022-05-21 03:42:12.939 +00:00] [INF] [18] Emby.Server.Implementations.ScheduledTasks.TaskManager: "IntervalTrigger" fired for task: "下载缺少的字幕"
[2022-05-21 03:42:12.949 +00:00] [INF] [18] Emby.Server.Implementations.ScheduledTasks.TaskManager: Queuing task "SubtitleScheduledTask"
[2022-05-21 03:42:12.949 +00:00] [INF] [18] Emby.Server.Implementations.ScheduledTasks.TaskManager: Executing "下载缺少的字幕"
[2022-05-21 03:42:13.003 +00:00] [INF] [102] Emby.Server.Implementations.ScheduledTasks.TaskManager: "IntervalTrigger" fired for task: "清理日志目录"
[2022-05-21 03:42:13.003 +00:00] [INF] [102] Emby.Server.Implementations.ScheduledTasks.TaskManager: Queuing task "DeleteLogFileTask"
[2022-05-21 03:42:13.003 +00:00] [INF] [102] Emby.Server.Implementations.ScheduledTasks.TaskManager: Executing "清理日志目录"
[2022-05-21 03:42:13.045 +00:00] [INF] [102] Emby.Server.Implementations.ScheduledTasks.TaskManager: "清理日志目录" Completed after 0 minute(s) and 0 seconds
[2022-05-21 03:42:13.044 +00:00] [INF] [34] Emby.Server.Implementations.ScheduledTasks.TaskManager: "清理转码目录" Completed after 0 minute(s) and 0 seconds
[2022-05-21 03:42:13.066 +00:00] [INF] [102] Emby.Server.Implementations.ScheduledTasks.TaskManager: ExecuteQueuedTasks
[2022-05-21 03:42:13.066 +00:00] [INF] [34] Emby.Server.Implementations.ScheduledTasks.TaskManager: ExecuteQueuedTasks
[2022-05-21 03:42:13.140 +00:00] [INF] [34] Emby.Server.Implementations.ScheduledTasks.TaskManager: "IntervalTrigger" fired for task: "TasksRefreshChannels"
[2022-05-21 03:42:13.141 +00:00] [INF] [34] Emby.Server.Implementations.ScheduledTasks.TaskManager: Queuing task "RefreshChannelsScheduledTask"
[2022-05-21 03:42:13.141 +00:00] [INF] [34] Emby.Server.Implementations.ScheduledTasks.TaskManager: Executing "TasksRefreshChannels"
[2022-05-21 03:42:13.154 +00:00] [INF] [18] Emby.Server.Implementations.ScheduledTasks.TaskManager: "下载缺少的字幕" Completed after 0 minute(s) and 0 seconds
[2022-05-21 03:42:13.156 +00:00] [INF] [18] Emby.Server.Implementations.ScheduledTasks.TaskManager: ExecuteQueuedTasks
[2022-05-21 03:42:13.247 +00:00] [INF] [10] Emby.Server.Implementations.ScheduledTasks.TaskManager: "IntervalTrigger" fired for task: "清理缓存目录"
[2022-05-21 03:42:13.250 +00:00] [INF] [10] Emby.Server.Implementations.ScheduledTasks.TaskManager: Queuing task "DeleteCacheFileTask"
[2022-05-21 03:42:13.250 +00:00] [INF] [10] Emby.Server.Implementations.ScheduledTasks.TaskManager: Executing "清理缓存目录"
[2022-05-21 03:42:13.264 +00:00] [INF] [34] Emby.Server.Implementations.ScheduledTasks.TaskManager: "TasksRefreshChannels" Completed after 0 minute(s) and 0 seconds
[2022-05-21 03:42:13.267 +00:00] [INF] [34] Emby.Server.Implementations.ScheduledTasks.TaskManager: ExecuteQueuedTasks
[2022-05-21 03:42:13.402 +00:00] [INF] [10] Emby.Server.Implementations.ScheduledTasks.TaskManager: "清理缓存目录" Completed after 0 minute(s) and 0 seconds
[2022-05-21 03:42:13.404 +00:00] [INF] [10] Emby.Server.Implementations.ScheduledTasks.TaskManager: ExecuteQueuedTasks
[2022-05-21 03:42:19.588 +00:00] [INF] [102] Emby.Server.Implementations.ScheduledTasks.TaskManager: "IntervalTrigger" fired for task: "更新插件"
[2022-05-21 03:42:19.588 +00:00] [INF] [102] Emby.Server.Implementations.ScheduledTasks.TaskManager: Queuing task "PluginUpdateTask"
[2022-05-21 03:42:19.588 +00:00] [INF] [102] Emby.Server.Implementations.ScheduledTasks.TaskManager: Executing "更新插件"
[2022-05-21 03:42:22.091 +00:00] [INF] [10] Emby.Server.Implementations.ScheduledTasks.TaskManager: "更新插件" Completed after 0 minute(s) and 2 seconds
[2022-05-21 03:42:22.092 +00:00] [INF] [10] Emby.Server.Implementations.ScheduledTasks.TaskManager: ExecuteQueuedTasks
[2022-05-21 04:23:31.030 +00:00] [INF] [87] Emby.Server.Implementations.IO.LibraryMonitor: "movies" ("/media/movies") will be refreshed.
[2022-05-21 04:41:12.975 +00:00] [INF] [64] Emby.Server.Implementations.ScheduledTasks.TaskManager: "IntervalTrigger" fired for task: "优化数据库"
[2022-05-21 04:41:12.975 +00:00] [INF] [64] Emby.Server.Implementations.ScheduledTasks.TaskManager: Queuing task "OptimizeDatabaseTask"
[2022-05-21 04:41:12.975 +00:00] [INF] [64] Emby.Server.Implementations.ScheduledTasks.TaskManager: Executing "优化数据库"
[2022-05-21 04:41:13.020 +00:00] [INF] [64] Emby.Server.Implementations.ScheduledTasks.Tasks.OptimizeDatabaseTask: Optimizing and vacuuming jellyfin.db...
[2022-05-21 04:41:13.426 +00:00] [INF] [64] Emby.Server.Implementations.ScheduledTasks.Tasks.OptimizeDatabaseTask: jellyfin.db optimized successfully!
[2022-05-21 04:41:13.433 +00:00] [INF] [64] Emby.Server.Implementations.ScheduledTasks.TaskManager: "优化数据库" Completed after 0 minute(s) and 0 seconds
[2022-05-21 04:41:13.441 +00:00] [INF] [64] Emby.Server.Implementations.ScheduledTasks.TaskManager: ExecuteQueuedTasks
[2022-05-21 05:41:24.170 +00:00] [INF] [33] Emby.Server.Implementations.ScheduledTasks.TaskManager: "IntervalTrigger" fired for task: "Refresh Guide"
[2022-05-21 05:41:24.171 +00:00] [INF] [33] Emby.Server.Implementations.ScheduledTasks.TaskManager: Queuing task "RefreshGuideScheduledTask"
[2022-05-21 05:41:24.175 +00:00] [INF] [45] Emby.Server.Implementations.ScheduledTasks.TaskManager: Executing "Refresh Guide"
[2022-05-21 05:41:27.733 +00:00] [INF] [127] Emby.Server.Implementations.LiveTv.LiveTvManager: Refreshing guide with 7 days of guide data
[2022-05-21 05:41:27.777 +00:00] [INF] [127] Emby.Server.Implementations.ScheduledTasks.TaskManager: "Refresh Guide" Completed after 0 minute(s) and 3 seconds
[2022-05-21 05:41:27.786 +00:00] [INF] [127] Emby.Server.Implementations.ScheduledTasks.TaskManager: ExecuteQueuedTasks
[2022-05-21 10:56:59.976 +00:00] [INF] [11] Emby.Server.Implementations.IO.LibraryMonitor: "movies" ("/media/movies") will be refreshed.
[2022-05-21 10:57:14.965 +00:00] [INF] [17] MediaBrowser.MediaEncoding.Encoder.MediaEncoder: Killing ffmpeg process
[2022-05-21 10:57:14.995 +00:00] [ERR] [17] MediaBrowser.MediaEncoding.Encoder.MediaEncoder: ffmpeg image extraction failed for "file:\"/media/movies/没有工作的一年.A.Year.Without.a.Job.2022.S01.2160p.WEB-DL.H265.AAC-LeagueWEB/A.Year.Without.a.Job.2022.S01E05.2160p.WEB-DL.H265.AAC-LeagueWEB.mp4\""
[2022-05-21 10:57:15.001 +00:00] [ERR] [17] MediaBrowser.MediaEncoding.Encoder.MediaEncoder: I-frame image extraction failed, will attempt standard way. Input: "file:\"/media/movies/没有工作的一年.A.Year.Without.a.Job.2022.S01.2160p.WEB-DL.H265.AAC-LeagueWEB/A.Year.Without.a.Job.2022.S01E05.2160p.WEB-DL.H265.AAC-LeagueWEB.mp4\""
MediaBrowser.Common.FfmpegException: ffmpeg image extraction failed for file:"/media/movies/没有工作的一年.A.Year.Without.a.Job.2022.S01.2160p.WEB-DL.H265.AAC-LeagueWEB/A.Year.Without.a.Job.2022.S01E05.2160p.WEB-DL.H265.AAC-LeagueWEB.mp4"
   at MediaBrowser.MediaEncoding.Encoder.MediaEncoder.ExtractImageInternal(String inputPath, String container, MediaStream videoStream, Nullable`1 imageStreamIndex, Nullable`1 threedFormat, Nullable`1 offset, Boolean useIFrame, Nullable`1 targetFormat, CancellationToken cancellationToken)
   at MediaBrowser.MediaEncoding.Encoder.MediaEncoder.ExtractImage(String inputFile, String container, MediaStream videoStream, Nullable`1 imageStreamIndex, MediaSourceInfo mediaSource, Boolean isAudio, Nullable`1 threedFormat, Nullable`1 offset, Nullable`1 targetFormat, CancellationToken cancellationToken)
[2022-05-21 10:57:17.222 +00:00] [INF] [17] MediaBrowser.MediaEncoding.Encoder.MediaEncoder: Killing ffmpeg process
[2022-05-21 10:57:17.222 +00:00] [ERR] [17] MediaBrowser.MediaEncoding.Encoder.MediaEncoder: ffmpeg image extraction failed for "file:\"/media/movies/没有工作的一年.A.Year.Without.a.Job.2022.S01.2160p.WEB-DL.H265.AAC-LeagueWEB/A.Year.Without.a.Job.2022.S01E03.2160p.WEB-DL.H265.AAC-LeagueWEB.mp4\""
[2022-05-21 10:57:17.223 +00:00] [ERR] [17] MediaBrowser.MediaEncoding.Encoder.MediaEncoder: I-frame image extraction failed, will attempt standard way. Input: "file:\"/media/movies/没有工作的一年.A.Year.Without.a.Job.2022.S01.2160p.WEB-DL.H265.AAC-LeagueWEB/A.Year.Without.a.Job.2022.S01E03.2160p.WEB-DL.H265.AAC-LeagueWEB.mp4\""
MediaBrowser.Common.FfmpegException: ffmpeg image extraction failed for file:"/media/movies/没有工作的一年.A.Year.Without.a.Job.2022.S01.2160p.WEB-DL.H265.AAC-LeagueWEB/A.Year.Without.a.Job.2022.S01E03.2160p.WEB-DL.H265.AAC-LeagueWEB.mp4"
   at MediaBrowser.MediaEncoding.Encoder.MediaEncoder.ExtractImageInternal(String inputPath, String container, MediaStream videoStream, Nullable`1 imageStreamIndex, Nullable`1 threedFormat, Nullable`1 offset, Boolean useIFrame, Nullable`1 targetFormat, CancellationToken cancellationToken)
   at MediaBrowser.MediaEncoding.Encoder.MediaEncoder.ExtractImage(String inputFile, String container, MediaStream videoStream, Nullable`1 imageStreamIndex, MediaSourceInfo mediaSource, Boolean isAudio, Nullable`1 threedFormat, Nullable`1 offset, Nullable`1 targetFormat, CancellationToken cancellationToken)
[2022-05-21 10:57:25.999 +00:00] [INF] [133] MediaBrowser.MediaEncoding.Encoder.MediaEncoder: Killing ffmpeg process
[2022-05-21 10:57:25.999 +00:00] [ERR] [133] MediaBrowser.MediaEncoding.Encoder.MediaEncoder: ffmpeg image extraction failed for "file:\"/media/movies/没有工作的一年.A.Year.Without.a.Job.2022.S01.2160p.WEB-DL.H265.AAC-LeagueWEB/A.Year.Without.a.Job.2022.S01E04.2160p.WEB-DL.H265.AAC-LeagueWEB.mp4\""
[2022-05-21 10:57:26.003 +00:00] [ERR] [133] MediaBrowser.MediaEncoding.Encoder.MediaEncoder: I-frame image extraction failed, will attempt standard way. Input: "file:\"/media/movies/没有工作的一年.A.Year.Without.a.Job.2022.S01.2160p.WEB-DL.H265.AAC-LeagueWEB/A.Year.Without.a.Job.2022.S01E04.2160p.WEB-DL.H265.AAC-LeagueWEB.mp4\""
MediaBrowser.Common.FfmpegException: ffmpeg image extraction failed for file:"/media/movies/没有工作的一年.A.Year.Without.a.Job.2022.S01.2160p.WEB-DL.H265.AAC-LeagueWEB/A.Year.Without.a.Job.2022.S01E04.2160p.WEB-DL.H265.AAC-LeagueWEB.mp4"
   at MediaBrowser.MediaEncoding.Encoder.MediaEncoder.ExtractImageInternal(String inputPath, String container, MediaStream videoStream, Nullable`1 imageStreamIndex, Nullable`1 threedFormat, Nullable`1 offset, Boolean useIFrame, Nullable`1 targetFormat, CancellationToken cancellationToken)
   at MediaBrowser.MediaEncoding.Encoder.MediaEncoder.ExtractImage(String inputFile, String container, MediaStream videoStream, Nullable`1 imageStreamIndex, MediaSourceInfo mediaSource, Boolean isAudio, Nullable`1 threedFormat, Nullable`1 offset, Nullable`1 targetFormat, CancellationToken cancellationToken)
[2022-05-21 10:57:31.851 +00:00] [ERR] [133] MediaBrowser.MediaEncoding.Encoder.MediaEncoder: ffmpeg image extraction failed for "file:\"/media/movies/没有工作的一年.A.Year.Without.a.Job.2022.S01.2160p.WEB-DL.H265.AAC-LeagueWEB/A.Year.Without.a.Job.2022.S01E05.2160p.WEB-DL.H265.AAC-LeagueWEB.mp4\""
[2022-05-21 10:57:31.856 +00:00] [ERR] [133] Emby.Server.Implementations.MediaEncoder.EncodingManager: Error extracting chapter images for "/media/movies/没有工作的一年.A.Year.Without.a.Job.2022.S01.2160p.WEB-DL.H265.AAC-LeagueWEB/A.Year.Without.a.Job.2022.S01E05.2160p.WEB-DL.H265.AAC-LeagueWEB.mp4"
MediaBrowser.Common.FfmpegException: ffmpeg image extraction failed for file:"/media/movies/没有工作的一年.A.Year.Without.a.Job.2022.S01.2160p.WEB-DL.H265.AAC-LeagueWEB/A.Year.Without.a.Job.2022.S01E05.2160p.WEB-DL.H265.AAC-LeagueWEB.mp4"
   at MediaBrowser.MediaEncoding.Encoder.MediaEncoder.ExtractImageInternal(String inputPath, String container, MediaStream videoStream, Nullable`1 imageStreamIndex, Nullable`1 threedFormat, Nullable`1 offset, Boolean useIFrame, Nullable`1 targetFormat, CancellationToken cancellationToken)
   at MediaBrowser.MediaEncoding.Encoder.MediaEncoder.ExtractImage(String inputFile, String container, MediaStream videoStream, Nullable`1 imageStreamIndex, MediaSourceInfo mediaSource, Boolean isAudio, Nullable`1 threedFormat, Nullable`1 offset, Nullable`1 targetFormat, CancellationToken cancellationToken)
   at Emby.Server.Implementations.MediaEncoder.EncodingManager.RefreshChapterImages(Video video, IDirectoryService directoryService, IReadOnlyList`1 chapters, Boolean extractImages, Boolean saveChapters, CancellationToken cancellationToken)
[2022-05-21 10:57:36.240 +00:00] [ERR] [108] MediaBrowser.MediaEncoding.Encoder.MediaEncoder: ffmpeg image extraction failed for "file:\"/media/movies/没有工作的一年.A.Year.Without.a.Job.2022.S01.2160p.WEB-DL.H265.AAC-LeagueWEB/A.Year.Without.a.Job.2022.S01E03.2160p.WEB-DL.H265.AAC-LeagueWEB.mp4\""
[2022-05-21 10:57:36.244 +00:00] [ERR] [108] Emby.Server.Implementations.MediaEncoder.EncodingManager: Error extracting chapter images for "/media/movies/没有工作的一年.A.Year.Without.a.Job.2022.S01.2160p.WEB-DL.H265.AAC-LeagueWEB/A.Year.Without.a.Job.2022.S01E03.2160p.WEB-DL.H265.AAC-LeagueWEB.mp4"
MediaBrowser.Common.FfmpegException: ffmpeg image extraction failed for file:"/media/movies/没有工作的一年.A.Year.Without.a.Job.2022.S01.2160p.WEB-DL.H265.AAC-LeagueWEB/A.Year.Without.a.Job.2022.S01E03.2160p.WEB-DL.H265.AAC-LeagueWEB.mp4"
   at MediaBrowser.MediaEncoding.Encoder.MediaEncoder.ExtractImageInternal(String inputPath, String container, MediaStream videoStream, Nullable`1 imageStreamIndex, Nullable`1 threedFormat, Nullable`1 offset, Boolean useIFrame, Nullable`1 targetFormat, CancellationToken cancellationToken)
   at MediaBrowser.MediaEncoding.Encoder.MediaEncoder.ExtractImage(String inputFile, String container, MediaStream videoStream, Nullable`1 imageStreamIndex, MediaSourceInfo mediaSource, Boolean isAudio, Nullable`1 threedFormat, Nullable`1 offset, Nullable`1 targetFormat, CancellationToken cancellationToken)
   at Emby.Server.Implementations.MediaEncoder.EncodingManager.RefreshChapterImages(Video video, IDirectoryService directoryService, IReadOnlyList`1 chapters, Boolean extractImages, Boolean saveChapters, CancellationToken cancellationToken)
[2022-05-21 10:57:51.225 +00:00] [ERR] [96] MediaBrowser.MediaEncoding.Encoder.MediaEncoder: ffmpeg image extraction failed for "file:\"/media/movies/没有工作的一年.A.Year.Without.a.Job.2022.S01.2160p.WEB-DL.H265.AAC-LeagueWEB/A.Year.Without.a.Job.2022.S01E03.2160p.WEB-DL.H265.AAC-LeagueWEB.mp4\""
[2022-05-21 10:57:51.226 +00:00] [ERR] [96] MediaBrowser.MediaEncoding.Encoder.MediaEncoder: I-frame image extraction failed, will attempt standard way. Input: "file:\"/media/movies/没有工作的一年.A.Year.Without.a.Job.2022.S01.2160p.WEB-DL.H265.AAC-LeagueWEB/A.Year.Without.a.Job.2022.S01E03.2160p.WEB-DL.H265.AAC-LeagueWEB.mp4\""
MediaBrowser.Common.FfmpegException: ffmpeg image extraction failed for file:"/media/movies/没有工作的一年.A.Year.Without.a.Job.2022.S01.2160p.WEB-DL.H265.AAC-LeagueWEB/A.Year.Without.a.Job.2022.S01E03.2160p.WEB-DL.H265.AAC-LeagueWEB.mp4"
   at MediaBrowser.MediaEncoding.Encoder.MediaEncoder.ExtractImageInternal(String inputPath, String container, MediaStream videoStream, Nullable`1 imageStreamIndex, Nullable`1 threedFormat, Nullable`1 offset, Boolean useIFrame, Nullable`1 targetFormat, CancellationToken cancellationToken)
   at MediaBrowser.MediaEncoding.Encoder.MediaEncoder.ExtractImage(String inputFile, String container, MediaStream videoStream, Nullable`1 imageStreamIndex, MediaSourceInfo mediaSource, Boolean isAudio, Nullable`1 threedFormat, Nullable`1 offset, Nullable`1 targetFormat, CancellationToken cancellationToken)
[2022-05-21 10:57:55.710 +00:00] [ERR] [96] MediaBrowser.MediaEncoding.Encoder.MediaEncoder: ffmpeg image extraction failed for "file:\"/media/movies/没有工作的一年.A.Year.Without.a.Job.2022.S01.2160p.WEB-DL.H265.AAC-LeagueWEB/A.Year.Without.a.Job.2022.S01E05.2160p.WEB-DL.H265.AAC-LeagueWEB.mp4\""
[2022-05-21 10:57:55.710 +00:00] [ERR] [96] MediaBrowser.MediaEncoding.Encoder.MediaEncoder: I-frame image extraction failed, will attempt standard way. Input: "file:\"/media/movies/没有工作的一年.A.Year.Without.a.Job.2022.S01.2160p.WEB-DL.H265.AAC-LeagueWEB/A.Year.Without.a.Job.2022.S01E05.2160p.WEB-DL.H265.AAC-LeagueWEB.mp4\""
MediaBrowser.Common.FfmpegException: ffmpeg image extraction failed for file:"/media/movies/没有工作的一年.A.Year.Without.a.Job.2022.S01.2160p.WEB-DL.H265.AAC-LeagueWEB/A.Year.Without.a.Job.2022.S01E05.2160p.WEB-DL.H265.AAC-LeagueWEB.mp4"
   at MediaBrowser.MediaEncoding.Encoder.MediaEncoder.ExtractImageInternal(String inputPath, String container, MediaStream videoStream, Nullable`1 imageStreamIndex, Nullable`1 threedFormat, Nullable`1 offset, Boolean useIFrame, Nullable`1 targetFormat, CancellationToken cancellationToken)
   at MediaBrowser.MediaEncoding.Encoder.MediaEncoder.ExtractImage(String inputFile, String container, MediaStream videoStream, Nullable`1 imageStreamIndex, MediaSourceInfo mediaSource, Boolean isAudio, Nullable`1 threedFormat, Nullable`1 offset, Nullable`1 targetFormat, CancellationToken cancellationToken)
[2022-05-21 10:58:19.784 +00:00] [INF] [103] MediaBrowser.MediaEncoding.Encoder.MediaEncoder: Killing ffmpeg process
[2022-05-21 10:58:19.787 +00:00] [ERR] [103] MediaBrowser.MediaEncoding.Encoder.MediaEncoder: ffmpeg image extraction failed for "file:\"/media/movies/没有工作的一年.A.Year.Without.a.Job.2022.S01.2160p.WEB-DL.H265.AAC-LeagueWEB/A.Year.Without.a.Job.2022.S01E06.2160p.WEB-DL.H265.AAC-LeagueWEB.mp4\""
[2022-05-21 10:58:19.791 +00:00] [ERR] [103] MediaBrowser.MediaEncoding.Encoder.MediaEncoder: I-frame image extraction failed, will attempt standard way. Input: "file:\"/media/movies/没有工作的一年.A.Year.Without.a.Job.2022.S01.2160p.WEB-DL.H265.AAC-LeagueWEB/A.Year.Without.a.Job.2022.S01E06.2160p.WEB-DL.H265.AAC-LeagueWEB.mp4\""
MediaBrowser.Common.FfmpegException: ffmpeg image extraction failed for file:"/media/movies/没有工作的一年.A.Year.Without.a.Job.2022.S01.2160p.WEB-DL.H265.AAC-LeagueWEB/A.Year.Without.a.Job.2022.S01E06.2160p.WEB-DL.H265.AAC-LeagueWEB.mp4"
   at MediaBrowser.MediaEncoding.Encoder.MediaEncoder.ExtractImageInternal(String inputPath, String container, MediaStream videoStream, Nullable`1 imageStreamIndex, Nullable`1 threedFormat, Nullable`1 offset, Boolean useIFrame, Nullable`1 targetFormat, CancellationToken cancellationToken)
   at MediaBrowser.MediaEncoding.Encoder.MediaEncoder.ExtractImage(String inputFile, String container, MediaStream videoStream, Nullable`1 imageStreamIndex, MediaSourceInfo mediaSource, Boolean isAudio, Nullable`1 threedFormat, Nullable`1 offset, Nullable`1 targetFormat, CancellationToken cancellationToken)
[2022-05-21 10:58:24.183 +00:00] [INF] [96] MediaBrowser.MediaEncoding.Encoder.MediaEncoder: Killing ffmpeg process
[2022-05-21 10:58:24.184 +00:00] [ERR] [96] MediaBrowser.MediaEncoding.Encoder.MediaEncoder: ffmpeg image extraction failed for "file:\"/media/movies/没有工作的一年.A.Year.Without.a.Job.2022.S01.2160p.WEB-DL.H265.AAC-LeagueWEB/A.Year.Without.a.Job.2022.S01E07.2160p.WEB-DL.H265.AAC-LeagueWEB.mp4\""
[2022-05-21 10:58:24.185 +00:00] [ERR] [96] MediaBrowser.MediaEncoding.Encoder.MediaEncoder: I-frame image extraction failed, will attempt standard way. Input: "file:\"/media/movies/没有工作的一年.A.Year.Without.a.Job.2022.S01.2160p.WEB-DL.H265.AAC-LeagueWEB/A.Year.Without.a.Job.2022.S01E07.2160p.WEB-DL.H265.AAC-LeagueWEB.mp4\""
MediaBrowser.Common.FfmpegException: ffmpeg image extraction failed for file:"/media/movies/没有工作的一年.A.Year.Without.a.Job.2022.S01.2160p.WEB-DL.H265.AAC-LeagueWEB/A.Year.Without.a.Job.2022.S01E07.2160p.WEB-DL.H265.AAC-LeagueWEB.mp4"
   at MediaBrowser.MediaEncoding.Encoder.MediaEncoder.ExtractImageInternal(String inputPath, String container, MediaStream videoStream, Nullable`1 imageStreamIndex, Nullable`1 threedFormat, Nullable`1 offset, Boolean useIFrame, Nullable`1 targetFormat, CancellationToken cancellationToken)
   at MediaBrowser.MediaEncoding.Encoder.MediaEncoder.ExtractImage(String inputFile, String container, MediaStream videoStream, Nullable`1 imageStreamIndex, MediaSourceInfo mediaSource, Boolean isAudio, Nullable`1 threedFormat, Nullable`1 offset, Nullable`1 targetFormat, CancellationToken cancellationToken)
[2022-05-21 10:59:38.021 +00:00] [ERR] [8] MediaBrowser.MediaEncoding.Encoder.MediaEncoder: ffmpeg image extraction failed for "file:\"/media/movies/没有工作的一年.A.Year.Without.a.Job.2022.S01.2160p.WEB-DL.H265.AAC-LeagueWEB/A.Year.Without.a.Job.2022.S01E06.2160p.WEB-DL.H265.AAC-LeagueWEB.mp4\""
[2022-05-21 10:59:38.023 +00:00] [ERR] [8] MediaBrowser.MediaEncoding.Encoder.MediaEncoder: I-frame image extraction failed, will attempt standard way. Input: "file:\"/media/movies/没有工作的一年.A.Year.Without.a.Job.2022.S01.2160p.WEB-DL.H265.AAC-LeagueWEB/A.Year.Without.a.Job.2022.S01E06.2160p.WEB-DL.H265.AAC-LeagueWEB.mp4\""
MediaBrowser.Common.FfmpegException: ffmpeg image extraction failed for file:"/media/movies/没有工作的一年.A.Year.Without.a.Job.2022.S01.2160p.WEB-DL.H265.AAC-LeagueWEB/A.Year.Without.a.Job.2022.S01E06.2160p.WEB-DL.H265.AAC-LeagueWEB.mp4"
   at MediaBrowser.MediaEncoding.Encoder.MediaEncoder.ExtractImageInternal(String inputPath, String container, MediaStream videoStream, Nullable`1 imageStreamIndex, Nullable`1 threedFormat, Nullable`1 offset, Boolean useIFrame, Nullable`1 targetFormat, CancellationToken cancellationToken)
   at MediaBrowser.MediaEncoding.Encoder.MediaEncoder.ExtractImage(String inputFile, String container, MediaStream videoStream, Nullable`1 imageStreamIndex, MediaSourceInfo mediaSource, Boolean isAudio, Nullable`1 threedFormat, Nullable`1 offset, Nullable`1 targetFormat, CancellationToken cancellationToken)
[2022-05-21 10:59:38.083 +00:00] [ERR] [63] MediaBrowser.MediaEncoding.Encoder.MediaEncoder: ffmpeg image extraction failed for "file:\"/media/movies/没有工作的一年.A.Year.Without.a.Job.2022.S01.2160p.WEB-DL.H265.AAC-LeagueWEB/A.Year.Without.a.Job.2022.S01E04.2160p.WEB-DL.H265.AAC-LeagueWEB.mp4\""
[2022-05-21 10:59:38.084 +00:00] [ERR] [63] MediaBrowser.MediaEncoding.Encoder.MediaEncoder: I-frame image extraction failed, will attempt standard way. Input: "file:\"/media/movies/没有工作的一年.A.Year.Without.a.Job.2022.S01.2160p.WEB-DL.H265.AAC-LeagueWEB/A.Year.Without.a.Job.2022.S01E04.2160p.WEB-DL.H265.AAC-LeagueWEB.mp4\""
MediaBrowser.Common.FfmpegException: ffmpeg image extraction failed for file:"/media/movies/没有工作的一年.A.Year.Without.a.Job.2022.S01.2160p.WEB-DL.H265.AAC-LeagueWEB/A.Year.Without.a.Job.2022.S01E04.2160p.WEB-DL.H265.AAC-LeagueWEB.mp4"
   at MediaBrowser.MediaEncoding.Encoder.MediaEncoder.ExtractImageInternal(String inputPath, String container, MediaStream videoStream, Nullable`1 imageStreamIndex, Nullable`1 threedFormat, Nullable`1 offset, Boolean useIFrame, Nullable`1 targetFormat, CancellationToken cancellationToken)
   at MediaBrowser.MediaEncoding.Encoder.MediaEncoder.ExtractImage(String inputFile, String container, MediaStream videoStream, Nullable`1 imageStreamIndex, MediaSourceInfo mediaSource, Boolean isAudio, Nullable`1 threedFormat, Nullable`1 offset, Nullable`1 targetFormat, CancellationToken cancellationToken)
[2022-05-21 10:59:40.611 +00:00] [ERR] [63] MediaBrowser.MediaEncoding.Encoder.MediaEncoder: ffmpeg image extraction failed for "file:\"/media/movies/没有工作的一年.A.Year.Without.a.Job.2022.S01.2160p.WEB-DL.H265.AAC-LeagueWEB/A.Year.Without.a.Job.2022.S01E06.2160p.WEB-DL.H265.AAC-LeagueWEB.mp4\""
[2022-05-21 10:59:40.612 +00:00] [ERR] [63] Emby.Server.Implementations.MediaEncoder.EncodingManager: Error extracting chapter images for "/media/movies/没有工作的一年.A.Year.Without.a.Job.2022.S01.2160p.WEB-DL.H265.AAC-LeagueWEB/A.Year.Without.a.Job.2022.S01E06.2160p.WEB-DL.H265.AAC-LeagueWEB.mp4"
MediaBrowser.Common.FfmpegException: ffmpeg image extraction failed for file:"/media/movies/没有工作的一年.A.Year.Without.a.Job.2022.S01.2160p.WEB-DL.H265.AAC-LeagueWEB/A.Year.Without.a.Job.2022.S01E06.2160p.WEB-DL.H265.AAC-LeagueWEB.mp4"
   at MediaBrowser.MediaEncoding.Encoder.MediaEncoder.ExtractImageInternal(String inputPath, String container, MediaStream videoStream, Nullable`1 imageStreamIndex, Nullable`1 threedFormat, Nullable`1 offset, Boolean useIFrame, Nullable`1 targetFormat, CancellationToken cancellationToken)
   at MediaBrowser.MediaEncoding.Encoder.MediaEncoder.ExtractImage(String inputFile, String container, MediaStream videoStream, Nullable`1 imageStreamIndex, MediaSourceInfo mediaSource, Boolean isAudio, Nullable`1 threedFormat, Nullable`1 offset, Nullable`1 targetFormat, CancellationToken cancellationToken)
   at Emby.Server.Implementations.MediaEncoder.EncodingManager.RefreshChapterImages(Video video, IDirectoryService directoryService, IReadOnlyList`1 chapters, Boolean extractImages, Boolean saveChapters, CancellationToken cancellationToken)
[2022-05-21 10:59:40.650 +00:00] [ERR] [133] MediaBrowser.MediaEncoding.Encoder.MediaEncoder: ffmpeg image extraction failed for "file:\"/media/movies/没有工作的一年.A.Year.Without.a.Job.2022.S01.2160p.WEB-DL.H265.AAC-LeagueWEB/A.Year.Without.a.Job.2022.S01E04.2160p.WEB-DL.H265.AAC-LeagueWEB.mp4\""
[2022-05-21 10:59:40.650 +00:00] [ERR] [133] Emby.Server.Implementations.MediaEncoder.EncodingManager: Error extracting chapter images for "/media/movies/没有工作的一年.A.Year.Without.a.Job.2022.S01.2160p.WEB-DL.H265.AAC-LeagueWEB/A.Year.Without.a.Job.2022.S01E04.2160p.WEB-DL.H265.AAC-LeagueWEB.mp4"
MediaBrowser.Common.FfmpegException: ffmpeg image extraction failed for file:"/media/movies/没有工作的一年.A.Year.Without.a.Job.2022.S01.2160p.WEB-DL.H265.AAC-LeagueWEB/A.Year.Without.a.Job.2022.S01E04.2160p.WEB-DL.H265.AAC-LeagueWEB.mp4"
   at MediaBrowser.MediaEncoding.Encoder.MediaEncoder.ExtractImageInternal(String inputPath, String container, MediaStream videoStream, Nullable`1 imageStreamIndex, Nullable`1 threedFormat, Nullable`1 offset, Boolean useIFrame, Nullable`1 targetFormat, CancellationToken cancellationToken)
   at MediaBrowser.MediaEncoding.Encoder.MediaEncoder.ExtractImage(String inputFile, String container, MediaStream videoStream, Nullable`1 imageStreamIndex, MediaSourceInfo mediaSource, Boolean isAudio, Nullable`1 threedFormat, Nullable`1 offset, Nullable`1 targetFormat, CancellationToken cancellationToken)
   at Emby.Server.Implementations.MediaEncoder.EncodingManager.RefreshChapterImages(Video video, IDirectoryService directoryService, IReadOnlyList`1 chapters, Boolean extractImages, Boolean saveChapters, CancellationToken cancellationToken)
[2022-05-21 10:59:40.695 +00:00] [ERR] [8] MediaBrowser.MediaEncoding.Encoder.MediaEncoder: ffmpeg image extraction failed for "file:\"/media/movies/没有工作的一年.A.Year.Without.a.Job.2022.S01.2160p.WEB-DL.H265.AAC-LeagueWEB/A.Year.Without.a.Job.2022.S01E07.2160p.WEB-DL.H265.AAC-LeagueWEB.mp4\""
[2022-05-21 10:59:40.696 +00:00] [ERR] [8] MediaBrowser.MediaEncoding.Encoder.MediaEncoder: I-frame image extraction failed, will attempt standard way. Input: "file:\"/media/movies/没有工作的一年.A.Year.Without.a.Job.2022.S01.2160p.WEB-DL.H265.AAC-LeagueWEB/A.Year.Without.a.Job.2022.S01E07.2160p.WEB-DL.H265.AAC-LeagueWEB.mp4\""
MediaBrowser.Common.FfmpegException: ffmpeg image extraction failed for file:"/media/movies/没有工作的一年.A.Year.Without.a.Job.2022.S01.2160p.WEB-DL.H265.AAC-LeagueWEB/A.Year.Without.a.Job.2022.S01E07.2160p.WEB-DL.H265.AAC-LeagueWEB.mp4"
   at MediaBrowser.MediaEncoding.Encoder.MediaEncoder.ExtractImageInternal(String inputPath, String container, MediaStream videoStream, Nullable`1 imageStreamIndex, Nullable`1 threedFormat, Nullable`1 offset, Boolean useIFrame, Nullable`1 targetFormat, CancellationToken cancellationToken)
   at MediaBrowser.MediaEncoding.Encoder.MediaEncoder.ExtractImage(String inputFile, String container, MediaStream videoStream, Nullable`1 imageStreamIndex, MediaSourceInfo mediaSource, Boolean isAudio, Nullable`1 threedFormat, Nullable`1 offset, Nullable`1 targetFormat, CancellationToken cancellationToken)
[2022-05-21 10:59:40.774 +00:00] [ERR] [8] MediaBrowser.MediaEncoding.Encoder.MediaEncoder: ffmpeg image extraction failed for "file:\"/media/movies/没有工作的一年.A.Year.Without.a.Job.2022.S01.2160p.WEB-DL.H265.AAC-LeagueWEB/A.Year.Without.a.Job.2022.S01E07.2160p.WEB-DL.H265.AAC-LeagueWEB.mp4\""
[2022-05-21 10:59:40.775 +00:00] [ERR] [8] Emby.Server.Implementations.MediaEncoder.EncodingManager: Error extracting chapter images for "/media/movies/没有工作的一年.A.Year.Without.a.Job.2022.S01.2160p.WEB-DL.H265.AAC-LeagueWEB/A.Year.Without.a.Job.2022.S01E07.2160p.WEB-DL.H265.AAC-LeagueWEB.mp4"
MediaBrowser.Common.FfmpegException: ffmpeg image extraction failed for file:"/media/movies/没有工作的一年.A.Year.Without.a.Job.2022.S01.2160p.WEB-DL.H265.AAC-LeagueWEB/A.Year.Without.a.Job.2022.S01E07.2160p.WEB-DL.H265.AAC-LeagueWEB.mp4"
   at MediaBrowser.MediaEncoding.Encoder.MediaEncoder.ExtractImageInternal(String inputPath, String container, MediaStream videoStream, Nullable`1 imageStreamIndex, Nullable`1 threedFormat, Nullable`1 offset, Boolean useIFrame, Nullable`1 targetFormat, CancellationToken cancellationToken)
   at MediaBrowser.MediaEncoding.Encoder.MediaEncoder.ExtractImage(String inputFile, String container, MediaStream videoStream, Nullable`1 imageStreamIndex, MediaSourceInfo mediaSource, Boolean isAudio, Nullable`1 threedFormat, Nullable`1 offset, Nullable`1 targetFormat, CancellationToken cancellationToken)
   at Emby.Server.Implementations.MediaEncoder.EncodingManager.RefreshChapterImages(Video video, IDirectoryService directoryService, IReadOnlyList`1 chapters, Boolean extractImages, Boolean saveChapters, CancellationToken cancellationToken)
[2022-05-21 10:59:41.995 +00:00] [ERR] [8] MediaBrowser.MediaEncoding.Encoder.MediaEncoder: ffmpeg image extraction failed for "file:\"/media/movies/没有工作的一年.A.Year.Without.a.Job.2022.S01.2160p.WEB-DL.H265.AAC-LeagueWEB/A.Year.Without.a.Job.2022.S01E04.2160p.WEB-DL.H265.AAC-LeagueWEB.mp4\""
[2022-05-21 10:59:42.004 +00:00] [ERR] [8] MediaBrowser.MediaEncoding.Encoder.MediaEncoder: I-frame image extraction failed, will attempt standard way. Input: "file:\"/media/movies/没有工作的一年.A.Year.Without.a.Job.2022.S01.2160p.WEB-DL.H265.AAC-LeagueWEB/A.Year.Without.a.Job.2022.S01E04.2160p.WEB-DL.H265.AAC-LeagueWEB.mp4\""
MediaBrowser.Common.FfmpegException: ffmpeg image extraction failed for file:"/media/movies/没有工作的一年.A.Year.Without.a.Job.2022.S01.2160p.WEB-DL.H265.AAC-LeagueWEB/A.Year.Without.a.Job.2022.S01E04.2160p.WEB-DL.H265.AAC-LeagueWEB.mp4"
   at MediaBrowser.MediaEncoding.Encoder.MediaEncoder.ExtractImageInternal(String inputPath, String container, MediaStream videoStream, Nullable`1 imageStreamIndex, Nullable`1 threedFormat, Nullable`1 offset, Boolean useIFrame, Nullable`1 targetFormat, CancellationToken cancellationToken)
   at MediaBrowser.MediaEncoding.Encoder.MediaEncoder.ExtractImage(String inputFile, String container, MediaStream videoStream, Nullable`1 imageStreamIndex, MediaSourceInfo mediaSource, Boolean isAudio, Nullable`1 threedFormat, Nullable`1 offset, Nullable`1 targetFormat, CancellationToken cancellationToken)
[2022-05-21 10:59:42.109 +00:00] [ERR] [103] MediaBrowser.MediaEncoding.Encoder.MediaEncoder: ffmpeg image extraction failed for "file:\"/media/movies/没有工作的一年.A.Year.Without.a.Job.2022.S01.2160p.WEB-DL.H265.AAC-LeagueWEB/A.Year.Without.a.Job.2022.S01E06.2160p.WEB-DL.H265.AAC-LeagueWEB.mp4\""
[2022-05-21 10:59:42.111 +00:00] [ERR] [103] MediaBrowser.MediaEncoding.Encoder.MediaEncoder: I-frame image extraction failed, will attempt standard way. Input: "file:\"/media/movies/没有工作的一年.A.Year.Without.a.Job.2022.S01.2160p.WEB-DL.H265.AAC-LeagueWEB/A.Year.Without.a.Job.2022.S01E06.2160p.WEB-DL.H265.AAC-LeagueWEB.mp4\""
MediaBrowser.Common.FfmpegException: ffmpeg image extraction failed for file:"/media/movies/没有工作的一年.A.Year.Without.a.Job.2022.S01.2160p.WEB-DL.H265.AAC-LeagueWEB/A.Year.Without.a.Job.2022.S01E06.2160p.WEB-DL.H265.AAC-LeagueWEB.mp4"
   at MediaBrowser.MediaEncoding.Encoder.MediaEncoder.ExtractImageInternal(String inputPath, String container, MediaStream videoStream, Nullable`1 imageStreamIndex, Nullable`1 threedFormat, Nullable`1 offset, Boolean useIFrame, Nullable`1 targetFormat, CancellationToken cancellationToken)
   at MediaBrowser.MediaEncoding.Encoder.MediaEncoder.ExtractImage(String inputFile, String container, MediaStream videoStream, Nullable`1 imageStreamIndex, MediaSourceInfo mediaSource, Boolean isAudio, Nullable`1 threedFormat, Nullable`1 offset, Nullable`1 targetFormat, CancellationToken cancellationToken)
[2022-05-21 10:59:42.147 +00:00] [ERR] [8] MediaBrowser.MediaEncoding.Encoder.MediaEncoder: ffmpeg image extraction failed for "file:\"/media/movies/没有工作的一年.A.Year.Without.a.Job.2022.S01.2160p.WEB-DL.H265.AAC-LeagueWEB/A.Year.Without.a.Job.2022.S01E07.2160p.WEB-DL.H265.AAC-LeagueWEB.mp4\""
[2022-05-21 10:59:42.148 +00:00] [ERR] [8] MediaBrowser.MediaEncoding.Encoder.MediaEncoder: I-frame image extraction failed, will attempt standard way. Input: "file:\"/media/movies/没有工作的一年.A.Year.Without.a.Job.2022.S01.2160p.WEB-DL.H265.AAC-LeagueWEB/A.Year.Without.a.Job.2022.S01E07.2160p.WEB-DL.H265.AAC-LeagueWEB.mp4\""
MediaBrowser.Common.FfmpegException: ffmpeg image extraction failed for file:"/media/movies/没有工作的一年.A.Year.Without.a.Job.2022.S01.2160p.WEB-DL.H265.AAC-LeagueWEB/A.Year.Without.a.Job.2022.S01E07.2160p.WEB-DL.H265.AAC-LeagueWEB.mp4"
   at MediaBrowser.MediaEncoding.Encoder.MediaEncoder.ExtractImageInternal(String inputPath, String container, MediaStream videoStream, Nullable`1 imageStreamIndex, Nullable`1 threedFormat, Nullable`1 offset, Boolean useIFrame, Nullable`1 targetFormat, CancellationToken cancellationToken)
   at MediaBrowser.MediaEncoding.Encoder.MediaEncoder.ExtractImage(String inputFile, String container, MediaStream videoStream, Nullable`1 imageStreamIndex, MediaSourceInfo mediaSource, Boolean isAudio, Nullable`1 threedFormat, Nullable`1 offset, Nullable`1 targetFormat, CancellationToken cancellationToken)
[2022-05-21 10:59:42.184 +00:00] [ERR] [8] MediaBrowser.MediaEncoding.Encoder.MediaEncoder: ffmpeg image extraction failed for "file:\"/media/movies/没有工作的一年.A.Year.Without.a.Job.2022.S01.2160p.WEB-DL.H265.AAC-LeagueWEB/A.Year.Without.a.Job.2022.S01E04.2160p.WEB-DL.H265.AAC-LeagueWEB.mp4\""
[2022-05-21 10:59:42.185 +00:00] [ERR] [8] MediaBrowser.Providers.Movies.MovieMetadataService: Error in "Screen Grabber"
MediaBrowser.Common.FfmpegException: ffmpeg image extraction failed for file:"/media/movies/没有工作的一年.A.Year.Without.a.Job.2022.S01.2160p.WEB-DL.H265.AAC-LeagueWEB/A.Year.Without.a.Job.2022.S01E04.2160p.WEB-DL.H265.AAC-LeagueWEB.mp4"
   at MediaBrowser.MediaEncoding.Encoder.MediaEncoder.ExtractImageInternal(String inputPath, String container, MediaStream videoStream, Nullable`1 imageStreamIndex, Nullable`1 threedFormat, Nullable`1 offset, Boolean useIFrame, Nullable`1 targetFormat, CancellationToken cancellationToken)
   at MediaBrowser.MediaEncoding.Encoder.MediaEncoder.ExtractImage(String inputFile, String container, MediaStream videoStream, Nullable`1 imageStreamIndex, MediaSourceInfo mediaSource, Boolean isAudio, Nullable`1 threedFormat, Nullable`1 offset, Nullable`1 targetFormat, CancellationToken cancellationToken)
   at MediaBrowser.Providers.MediaInfo.VideoImageProvider.GetVideoImage(Video item, CancellationToken cancellationToken)
   at MediaBrowser.Providers.Manager.ItemImageProvider.RefreshFromProvider(BaseItem item, IDynamicImageProvider provider, ImageRefreshOptions refreshOptions, TypeOptions savedOptions, ICollection`1 downloadedImages, RefreshResult result, CancellationToken cancellationToken)
[2022-05-21 10:59:42.255 +00:00] [ERR] [60] MediaBrowser.MediaEncoding.Encoder.MediaEncoder: ffmpeg image extraction failed for "file:\"/media/movies/没有工作的一年.A.Year.Without.a.Job.2022.S01.2160p.WEB-DL.H265.AAC-LeagueWEB/A.Year.Without.a.Job.2022.S01E06.2160p.WEB-DL.H265.AAC-LeagueWEB.mp4\""
[2022-05-21 10:59:42.256 +00:00] [ERR] [60] MediaBrowser.Providers.Movies.MovieMetadataService: Error in "Screen Grabber"
MediaBrowser.Common.FfmpegException: ffmpeg image extraction failed for file:"/media/movies/没有工作的一年.A.Year.Without.a.Job.2022.S01.2160p.WEB-DL.H265.AAC-LeagueWEB/A.Year.Without.a.Job.2022.S01E06.2160p.WEB-DL.H265.AAC-LeagueWEB.mp4"
   at MediaBrowser.MediaEncoding.Encoder.MediaEncoder.ExtractImageInternal(String inputPath, String container, MediaStream videoStream, Nullable`1 imageStreamIndex, Nullable`1 threedFormat, Nullable`1 offset, Boolean useIFrame, Nullable`1 targetFormat, CancellationToken cancellationToken)
   at MediaBrowser.MediaEncoding.Encoder.MediaEncoder.ExtractImage(String inputFile, String container, MediaStream videoStream, Nullable`1 imageStreamIndex, MediaSourceInfo mediaSource, Boolean isAudio, Nullable`1 threedFormat, Nullable`1 offset, Nullable`1 targetFormat, CancellationToken cancellationToken)
   at MediaBrowser.Providers.MediaInfo.VideoImageProvider.GetVideoImage(Video item, CancellationToken cancellationToken)
   at MediaBrowser.Providers.Manager.ItemImageProvider.RefreshFromProvider(BaseItem item, IDynamicImageProvider provider, ImageRefreshOptions refreshOptions, TypeOptions savedOptions, ICollection`1 downloadedImages, RefreshResult result, CancellationToken cancellationToken)
[2022-05-21 10:59:42.347 +00:00] [ERR] [60] MediaBrowser.MediaEncoding.Encoder.MediaEncoder: ffmpeg image extraction failed for "file:\"/media/movies/没有工作的一年.A.Year.Without.a.Job.2022.S01.2160p.WEB-DL.H265.AAC-LeagueWEB/A.Year.Without.a.Job.2022.S01E07.2160p.WEB-DL.H265.AAC-LeagueWEB.mp4\""
[2022-05-21 10:59:42.347 +00:00] [ERR] [60] MediaBrowser.Providers.Movies.MovieMetadataService: Error in "Screen Grabber"
MediaBrowser.Common.FfmpegException: ffmpeg image extraction failed for file:"/media/movies/没有工作的一年.A.Year.Without.a.Job.2022.S01.2160p.WEB-DL.H265.AAC-LeagueWEB/A.Year.Without.a.Job.2022.S01E07.2160p.WEB-DL.H265.AAC-LeagueWEB.mp4"
   at MediaBrowser.MediaEncoding.Encoder.MediaEncoder.ExtractImageInternal(String inputPath, String container, MediaStream videoStream, Nullable`1 imageStreamIndex, Nullable`1 threedFormat, Nullable`1 offset, Boolean useIFrame, Nullable`1 targetFormat, CancellationToken cancellationToken)
   at MediaBrowser.MediaEncoding.Encoder.MediaEncoder.ExtractImage(String inputFile, String container, MediaStream videoStream, Nullable`1 imageStreamIndex, MediaSourceInfo mediaSource, Boolean isAudio, Nullable`1 threedFormat, Nullable`1 offset, Nullable`1 targetFormat, CancellationToken cancellationToken)
   at MediaBrowser.Providers.MediaInfo.VideoImageProvider.GetVideoImage(Video item, CancellationToken cancellationToken)
   at MediaBrowser.Providers.Manager.ItemImageProvider.RefreshFromProvider(BaseItem item, IDynamicImageProvider provider, ImageRefreshOptions refreshOptions, TypeOptions savedOptions, ICollection`1 downloadedImages, RefreshResult result, CancellationToken cancellationToken)
[2022-05-21 10:59:42.369 +00:00] [ERR] [108] MediaBrowser.Providers.Movies.MovieMetadataService: Error in "ffprobe"
MediaBrowser.Common.FfmpegException: ffprobe failed - streams and format are both null.
   at MediaBrowser.MediaEncoding.Encoder.MediaEncoder.GetMediaInfoInternal(String inputPath, String primaryPath, MediaProtocol protocol, Boolean extractChapters, String probeSizeArgument, Boolean isAudio, Nullable`1 videoType, Boolean forceEnableLogging, CancellationToken cancellationToken)
   at MediaBrowser.MediaEncoding.Encoder.MediaEncoder.GetMediaInfoInternal(String inputPath, String primaryPath, MediaProtocol protocol, Boolean extractChapters, String probeSizeArgument, Boolean isAudio, Nullable`1 videoType, Boolean forceEnableLogging, CancellationToken cancellationToken)
   at MediaBrowser.Providers.MediaInfo.FFProbeVideoInfo.ProbeVideo[T](T item, MetadataRefreshOptions options, CancellationToken cancellationToken)
   at MediaBrowser.Providers.Manager.MetadataService`2.RunCustomProvider(ICustomMetadataProvider`1 provider, TItemType item, String logName, MetadataRefreshOptions options, RefreshResult refreshResult, CancellationToken cancellationToken)
[2022-05-21 10:59:42.369 +00:00] [ERR] [103] MediaBrowser.Providers.Movies.MovieMetadataService: Error in "ffprobe"
MediaBrowser.Common.FfmpegException: ffprobe failed - streams and format are both null.
   at MediaBrowser.MediaEncoding.Encoder.MediaEncoder.GetMediaInfoInternal(String inputPath, String primaryPath, MediaProtocol protocol, Boolean extractChapters, String probeSizeArgument, Boolean isAudio, Nullable`1 videoType, Boolean forceEnableLogging, CancellationToken cancellationToken)
   at MediaBrowser.MediaEncoding.Encoder.MediaEncoder.GetMediaInfoInternal(String inputPath, String primaryPath, MediaProtocol protocol, Boolean extractChapters, String probeSizeArgument, Boolean isAudio, Nullable`1 videoType, Boolean forceEnableLogging, CancellationToken cancellationToken)
   at MediaBrowser.Providers.MediaInfo.FFProbeVideoInfo.ProbeVideo[T](T item, MetadataRefreshOptions options, CancellationToken cancellationToken)
   at MediaBrowser.Providers.Manager.MetadataService`2.RunCustomProvider(ICustomMetadataProvider`1 provider, TItemType item, String logName, MetadataRefreshOptions options, RefreshResult refreshResult, CancellationToken cancellationToken)
[2022-05-21 10:59:42.456 +00:00] [ERR] [60] MediaBrowser.Providers.Movies.MovieMetadataService: Error in "ffprobe"
MediaBrowser.Common.FfmpegException: ffprobe failed - streams and format are both null.
   at MediaBrowser.MediaEncoding.Encoder.MediaEncoder.GetMediaInfoInternal(String inputPath, String primaryPath, MediaProtocol protocol, Boolean extractChapters, String probeSizeArgument, Boolean isAudio, Nullable`1 videoType, Boolean forceEnableLogging, CancellationToken cancellationToken)
   at MediaBrowser.MediaEncoding.Encoder.MediaEncoder.GetMediaInfoInternal(String inputPath, String primaryPath, MediaProtocol protocol, Boolean extractChapters, String probeSizeArgument, Boolean isAudio, Nullable`1 videoType, Boolean forceEnableLogging, CancellationToken cancellationToken)
   at MediaBrowser.Providers.MediaInfo.FFProbeVideoInfo.ProbeVideo[T](T item, MetadataRefreshOptions options, CancellationToken cancellationToken)
   at MediaBrowser.Providers.Manager.MetadataService`2.RunCustomProvider(ICustomMetadataProvider`1 provider, TItemType item, String logName, MetadataRefreshOptions options, RefreshResult refreshResult, CancellationToken cancellationToken)
[2022-05-21 10:59:42.705 +00:00] [INF] [60] MediaBrowser.Providers.MediaInfo.VideoImageProvider: Skipping image extraction due to missing DefaultVideoStreamIndex for "/media/movies/没有工作的一年.A.Year.Without.a.Job.2022.S01.2160p.WEB-DL.H265.AAC-LeagueWEB/A.Year.Without.a.Job.2022.S01E13.2160p.WEB-DL.H265.AAC-LeagueWEB.mp4".
[2022-05-21 10:59:42.719 +00:00] [INF] [133] MediaBrowser.Providers.MediaInfo.VideoImageProvider: Skipping image extraction due to missing DefaultVideoStreamIndex for "/media/movies/没有工作的一年.A.Year.Without.a.Job.2022.S01.2160p.WEB-DL.H265.AAC-LeagueWEB/A.Year.Without.a.Job.2022.S01E14.2160p.WEB-DL.H265.AAC-LeagueWEB.mp4".
[2022-05-21 10:59:42.802 +00:00] [ERR] [60] MediaBrowser.Providers.Movies.MovieMetadataService: Error in "ffprobe"
MediaBrowser.Common.FfmpegException: ffprobe failed - streams and format are both null.
   at MediaBrowser.MediaEncoding.Encoder.MediaEncoder.GetMediaInfoInternal(String inputPath, String primaryPath, MediaProtocol protocol, Boolean extractChapters, String probeSizeArgument, Boolean isAudio, Nullable`1 videoType, Boolean forceEnableLogging, CancellationToken cancellationToken)
   at MediaBrowser.MediaEncoding.Encoder.MediaEncoder.GetMediaInfoInternal(String inputPath, String primaryPath, MediaProtocol protocol, Boolean extractChapters, String probeSizeArgument, Boolean isAudio, Nullable`1 videoType, Boolean forceEnableLogging, CancellationToken cancellationToken)
   at MediaBrowser.Providers.MediaInfo.FFProbeVideoInfo.ProbeVideo[T](T item, MetadataRefreshOptions options, CancellationToken cancellationToken)
   at MediaBrowser.Providers.Manager.MetadataService`2.RunCustomProvider(ICustomMetadataProvider`1 provider, TItemType item, String logName, MetadataRefreshOptions options, RefreshResult refreshResult, CancellationToken cancellationToken)
[2022-05-21 10:59:42.809 +00:00] [INF] [60] MediaBrowser.Providers.MediaInfo.VideoImageProvider: Skipping image extraction due to missing DefaultVideoStreamIndex for "/media/movies/没有工作的一年.A.Year.Without.a.Job.2022.S01.2160p.WEB-DL.H265.AAC-LeagueWEB/A.Year.Without.a.Job.2022.S01E15.2160p.WEB-DL.H265.AAC-LeagueWEB.mp4".
[2022-05-21 10:59:43.173 +00:00] [INF] [103] MediaBrowser.Providers.MediaInfo.VideoImageProvider: Skipping image extraction due to missing DefaultVideoStreamIndex for "/media/movies/没有工作的一年.A.Year.Without.a.Job.2022.S01.2160p.WEB-DL.H265.AAC-LeagueWEB/A.Year.Without.a.Job.2022.S01E16.2160p.WEB-DL.H265.AAC-LeagueWEB.mp4".
[2022-05-21 11:00:46.870 +00:00] [WRN] [63] Jellyfin.Server.Middleware.ResponseTimeMiddleware: Slow HTTP Response from "http://192.168.1.4:8096/System/Info" to "192.168.1.100" in 0:00:00.8128181 with Status Code 200
[2022-05-21 11:00:46.950 +00:00] [INF] [48] Emby.Server.Implementations.HttpServer.WebSocketManager: WS "192.168.1.100" request
[2022-05-21 11:00:47.428 +00:00] [WRN] [135] Jellyfin.Server.Middleware.ResponseTimeMiddleware: Slow HTTP Response from "http://192.168.1.4:8096/Sessions/Capabilities/Full" to "192.168.1.100" in 0:00:00.5420414 with Status Code 204
[2022-05-21 11:00:53.503 +00:00] [INF] [63] Emby.Server.Implementations.IO.LibraryMonitor: "movies" ("/media/movies") will be refreshed.
[2022-05-21 11:00:53.928 +00:00] [INF] [63] Emby.Server.Implementations.Library.LibraryManager: Removing item, Type: "Folder", Name: "没有工作的一年.A.Year.Without.a.Job.2022.S01.2160p.WEB-DL.H265.AAC-LeagueWEB", Path: "/media/movies/没有工作的一年.A.Year.Without.a.Job.2022.S01.2160p.WEB-DL.H265.AAC-LeagueWEB", Id: b83ca20d-702a-4778-0c10-01ca04cf3184
[2022-05-21 11:00:53.995 +00:00] [INF] [63] Emby.Server.Implementations.Library.LibraryManager: Removing item, Type: "Movie", Name: "瞬息全宇宙", Path: "/media/movies/Everything.Everywhere.All.At.Once.2022.1080p.WEB-DL.DDP5.1.H.264-KKYY@CHDBits.mkv", Id: 7625a342-f7dc-08fa-92ba-1a0d5709db7d
[2022-05-21 11:01:00.548 +00:00] [ERR] [135] Jellyfin.Server.Middleware.ExceptionMiddleware: Error processing request: "Could not find file '/media/movies/没有工作的一年.A.Year.Without.a.Job.2022.S01.2160p.WEB-DL.H265.AAC-LeagueWEB/A.Year.Without.a.Job.2022.S01E03.2160p.WEB-DL.H265.AAC-LeagueWEB-poster.jpg'". URL "GET" "/Items/a042ab62ed32c402618442cd6b5b17c7/Images/Primary".
[2022-05-21 11:01:00.551 +00:00] [ERR] [60] Jellyfin.Server.Middleware.ExceptionMiddleware: Error processing request: "Could not find file '/media/movies/没有工作的一年.A.Year.Without.a.Job.2022.S01.2160p.WEB-DL.H265.AAC-LeagueWEB/A.Year.Without.a.Job.2022.S01E05.2160p.WEB-DL.H265.AAC-LeagueWEB-poster.jpg'". URL "GET" "/Items/c716466539667b4eed6d65ffda410b1f/Images/Primary".
[2022-05-21 11:01:01.100 +00:00] [WRN] [135] Jellyfin.Server.Middleware.ResponseTimeMiddleware: Slow HTTP Response from "http://192.168.1.4:8096/Items/9dfa2fe1d63400af8453527624b91d2a/Images/Thumb?fillHeight=210&fillWidth=373&quality=96&tag=c2a09c516cd0ae1d108c6e728017501d" to "192.168.1.100" in 0:00:00.5356738 with Status Code 200
[2022-05-21 11:01:01.116 +00:00] [WRN] [53] Jellyfin.Server.Middleware.ResponseTimeMiddleware: Slow HTTP Response from "http://192.168.1.4:8096/Items/c2b5fb33fa103378cc9999f844744f1a/Images/Thumb?fillHeight=210&fillWidth=373&quality=96&tag=2576642716c83a8981c2a235645ab915" to "192.168.1.100" in 0:00:01.0058939 with Status Code 200
[2022-05-21 11:01:01.166 +00:00] [WRN] [3] Jellyfin.Server.Middleware.ResponseTimeMiddleware: Slow HTTP Response from "http://192.168.1.4:8096/Items/1410599ac9131270954f6ec8df77fd5a/Images/Thumb?fillHeight=210&fillWidth=373&quality=96&tag=e827cf4341037aa0087761c590e10e74" to "192.168.1.100" in 0:00:00.826372 with Status Code 200
[2022-05-21 11:01:08.159 +00:00] [INF] [127] Emby.Server.Implementations.ScheduledTasks.TaskManager: Executing "扫描媒体库"
[2022-05-21 11:01:08.208 +00:00] [INF] [127] Emby.Server.Implementations.IO.LibraryMonitor: Stopping directory watching for path "/media/movies"
[2022-05-21 11:01:08.209 +00:00] [INF] [127] Emby.Server.Implementations.IO.LibraryMonitor: Stopping directory watching for path "/media/tvs"
[2022-05-21 11:01:08.209 +00:00] [INF] [127] Emby.Server.Implementations.Library.LibraryManager: Validating media library
[2022-05-21 11:01:41.044 +00:00] [INF] [22] MediaBrowser.Providers.Manager.ProviderManager: Deleting previous image "/media/movies/瞬息全宇宙 (2022)/poster.jpg"
[2022-05-21 11:01:42.794 +00:00] [INF] [60] MediaBrowser.Providers.Manager.ProviderManager: Deleting previous image "/media/movies/瞬息全宇宙 (2022)/poster.jpg"
[2022-05-21 11:01:45.195 +00:00] [ERR] [51] MediaBrowser.Providers.Manager.ProviderManager: Error refreshing item
System.InvalidOperationException: Cannot update refresh progress of item 'Folder' (ba9c5cad4ccd875366bf54fd50e04928) because a refresh for this item is not running
   at MediaBrowser.Providers.Manager.ProviderManager.<>c__DisplayClass72_0.<OnRefreshProgress>b__0(Guid _)
   at System.Collections.Concurrent.ConcurrentDictionary`2.AddOrUpdate(TKey key, Func`2 addValueFactory, Func`3 updateValueFactory)
   at MediaBrowser.Providers.Manager.ProviderManager.OnRefreshProgress(BaseItem item, Double progress)
   at MediaBrowser.Controller.Entities.Folder.<>c__DisplayClass70_0`1.<<RunTasks>b__1>d.MoveNext()
--- End of stack trace from previous location ---
   at MediaBrowser.Controller.Entities.Folder.RunTasks[T](Func`3 task, IList`1 children, IProgress`1 progress, CancellationToken cancellationToken)
   at MediaBrowser.Controller.Entities.Folder.ValidateChildrenInternal2(IProgress`1 progress, Boolean recursive, Boolean refreshChildMetadata, MetadataRefreshOptions refreshOptions, IDirectoryService directoryService, CancellationToken cancellationToken)
   at MediaBrowser.Controller.Entities.Folder.ValidateChildrenInternal(IProgress`1 progress, Boolean recursive, Boolean refreshChildMetadata, MetadataRefreshOptions refreshOptions, IDirectoryService directoryService, CancellationToken cancellationToken)
   at MediaBrowser.Providers.Manager.ProviderManager.RefreshItem(BaseItem item, MetadataRefreshOptions options, CancellationToken cancellationToken)
   at MediaBrowser.Providers.Manager.ProviderManager.StartProcessingRefreshQueue()
[2022-05-21 11:01:54.327 +00:00] [INF] [22] Emby.Server.Implementations.HttpServer.WebSocketManager: WS "192.168.1.100" request
[2022-05-21 11:01:54.898 +00:00] [INF] [55] Emby.Drawing.ImageProcessor: Creating image collage and saving to "/cache/temp/9a5c0dcbe97d4954ab889c2c78599d67.png"
[2022-05-21 11:01:55.574 +00:00] [WRN] [86] Jellyfin.Server.Middleware.ResponseTimeMiddleware: Slow HTTP Response from "http://192.168.1.4:8096/Items/9619c569b7b020d4acd7c5aaf5ddf4fd/Images/Primary?fillHeight=353&fillWidth=248&quality=96&tag=aa8123dac2bc1d011ef59af55129828d" to "192.168.1.100" in 0:00:00.6757992 with Status Code 200
[2022-05-21 11:01:55.741 +00:00] [WRN] [95] Jellyfin.Server.Middleware.ResponseTimeMiddleware: Slow HTTP Response from "http://192.168.1.4:8096/Items/fec48971a35a17949d8b3988f5908dcf/Images/Primary?fillHeight=372&fillWidth=248&quality=96&tag=1943300396b7098a9fb6b9081b5b57cd" to "192.168.1.100" in 0:00:00.690587 with Status Code 200
[2022-05-21 11:01:56.012 +00:00] [INF] [55] Emby.Drawing.ImageProcessor: Completed creation of image collage and saved to "/cache/temp/9a5c0dcbe97d4954ab889c2c78599d67.png"
[2022-05-21 11:01:56.063 +00:00] [INF] [83] Emby.Drawing.ImageProcessor: Creating image collage and saving to "/cache/temp/ef12a24b4d434793b18c18a302f46996.png"
[2022-05-21 11:01:56.697 +00:00] [INF] [83] Emby.Drawing.ImageProcessor: Completed creation of image collage and saved to "/cache/temp/ef12a24b4d434793b18c18a302f46996.png"
[2022-05-21 11:01:56.736 +00:00] [INF] [86] Emby.Drawing.ImageProcessor: Creating image collage and saving to "/cache/temp/b9d4c066413c466f9044a07891ca224d.png"
[2022-05-21 11:01:57.338 +00:00] [INF] [86] Emby.Drawing.ImageProcessor: Completed creation of image collage and saved to "/cache/temp/b9d4c066413c466f9044a07891ca224d.png"
[2022-05-21 11:02:00.515 +00:00] [INF] [3] Emby.Server.Implementations.ScheduledTasks.TaskManager: "扫描媒体库" Completed after 0 minute(s) and 52 seconds
[2022-05-21 11:02:00.517 +00:00] [INF] [3] Emby.Server.Implementations.ScheduledTasks.TaskManager: ExecuteQueuedTasks
[2022-05-21 11:02:00.808 +00:00] [INF] [95] Emby.Server.Implementations.HttpServer.WebSocketManager: WS "192.168.1.100" closed
[2022-05-21 11:02:00.945 +00:00] [INF] [51] Emby.Server.Implementations.IO.LibraryMonitor: Watching directory "/media/tvs"
[2022-05-21 11:02:00.961 +00:00] [INF] [83] Emby.Server.Implementations.IO.LibraryMonitor: Watching directory "/media/movies"
[2022-05-21 11:03:39.625 +00:00] [INF] [56] Emby.Server.Implementations.IO.LibraryMonitor: "movies" ("/media/movies") will be refreshed.
[2022-05-21 11:04:15.840 +00:00] [ERR] [8] MediaBrowser.MediaEncoding.Encoder.MediaEncoder: ffmpeg image extraction failed for "file:\"/media/movies/Memory.2022.2160p.WEB-DL.x265.10bit.HDR.DD5.1-NOGRP.mkv\""
[2022-05-21 11:04:15.841 +00:00] [ERR] [8] MediaBrowser.MediaEncoding.Encoder.MediaEncoder: I-frame image extraction failed, will attempt standard way. Input: "file:\"/media/movies/Memory.2022.2160p.WEB-DL.x265.10bit.HDR.DD5.1-NOGRP.mkv\""
MediaBrowser.Common.FfmpegException: ffmpeg image extraction failed for file:"/media/movies/Memory.2022.2160p.WEB-DL.x265.10bit.HDR.DD5.1-NOGRP.mkv"
   at MediaBrowser.MediaEncoding.Encoder.MediaEncoder.ExtractImageInternal(String inputPath, String container, MediaStream videoStream, Nullable`1 imageStreamIndex, Nullable`1 threedFormat, Nullable`1 offset, Boolean useIFrame, Nullable`1 targetFormat, CancellationToken cancellationToken)
   at MediaBrowser.MediaEncoding.Encoder.MediaEncoder.ExtractImage(String inputFile, String container, MediaStream videoStream, Nullable`1 imageStreamIndex, MediaSourceInfo mediaSource, Boolean isAudio, Nullable`1 threedFormat, Nullable`1 offset, Nullable`1 targetFormat, CancellationToken cancellationToken)
[2022-05-21 11:04:15.870 +00:00] [ERR] [8] MediaBrowser.MediaEncoding.Encoder.MediaEncoder: ffmpeg image extraction failed for "file:\"/media/movies/Memory.2022.2160p.WEB-DL.x265.10bit.HDR.DD5.1-NOGRP.mkv\""
[2022-05-21 11:04:15.870 +00:00] [ERR] [8] Emby.Server.Implementations.MediaEncoder.EncodingManager: Error extracting chapter images for "/media/movies/Memory.2022.2160p.WEB-DL.x265.10bit.HDR.DD5.1-NOGRP.mkv"
MediaBrowser.Common.FfmpegException: ffmpeg image extraction failed for file:"/media/movies/Memory.2022.2160p.WEB-DL.x265.10bit.HDR.DD5.1-NOGRP.mkv"
   at MediaBrowser.MediaEncoding.Encoder.MediaEncoder.ExtractImageInternal(String inputPath, String container, MediaStream videoStream, Nullable`1 imageStreamIndex, Nullable`1 threedFormat, Nullable`1 offset, Boolean useIFrame, Nullable`1 targetFormat, CancellationToken cancellationToken)
   at MediaBrowser.MediaEncoding.Encoder.MediaEncoder.ExtractImage(String inputFile, String container, MediaStream videoStream, Nullable`1 imageStreamIndex, MediaSourceInfo mediaSource, Boolean isAudio, Nullable`1 threedFormat, Nullable`1 offset, Nullable`1 targetFormat, CancellationToken cancellationToken)
   at Emby.Server.Implementations.MediaEncoder.EncodingManager.RefreshChapterImages(Video video, IDirectoryService directoryService, IReadOnlyList`1 chapters, Boolean extractImages, Boolean saveChapters, CancellationToken cancellationToken)
[2022-05-21 11:04:18.346 +00:00] [INF] [8] Emby.Server.Implementations.ScheduledTasks.TaskManager: Executing "扫描媒体库"
[2022-05-21 11:04:18.348 +00:00] [INF] [8] Emby.Server.Implementations.IO.LibraryMonitor: Stopping directory watching for path "/media/movies"
[2022-05-21 11:04:18.349 +00:00] [INF] [8] Emby.Server.Implementations.IO.LibraryMonitor: Stopping directory watching for path "/media/tvs"
[2022-05-21 11:04:18.349 +00:00] [INF] [8] Emby.Server.Implementations.Library.LibraryManager: Validating media library
[2022-05-21 11:04:18.572 +00:00] [INF] [96] Emby.Server.Implementations.Library.LibraryManager: Removing item, Type: "Movie", Name: "Memory", Path: "/media/movies/Memory.2022.2160p.WEB-DL.x265.10bit.HDR.DD5.1-NOGRP.mkv", Id: a2e3b04a-f10e-6d9e-6735-b657421ca62b
[2022-05-21 11:04:58.919 +00:00] [ERR] [72] MediaBrowser.Providers.Manager.ProviderManager: Error refreshing item
System.InvalidOperationException: Cannot update refresh progress of item 'Folder' (ba9c5cad4ccd875366bf54fd50e04928) because a refresh for this item is not running
   at MediaBrowser.Providers.Manager.ProviderManager.<>c__DisplayClass72_0.<OnRefreshProgress>b__0(Guid _)
   at System.Collections.Concurrent.ConcurrentDictionary`2.AddOrUpdate(TKey key, Func`2 addValueFactory, Func`3 updateValueFactory)
   at MediaBrowser.Providers.Manager.ProviderManager.OnRefreshProgress(BaseItem item, Double progress)
   at MediaBrowser.Controller.Entities.Folder.<>c__DisplayClass70_0`1.<<RunTasks>b__1>d.MoveNext()
--- End of stack trace from previous location ---
   at MediaBrowser.Controller.Entities.Folder.RunTasks[T](Func`3 task, IList`1 children, IProgress`1 progress, CancellationToken cancellationToken)
   at MediaBrowser.Controller.Entities.Folder.ValidateChildrenInternal2(IProgress`1 progress, Boolean recursive, Boolean refreshChildMetadata, MetadataRefreshOptions refreshOptions, IDirectoryService directoryService, CancellationToken cancellationToken)
   at MediaBrowser.Controller.Entities.Folder.ValidateChildrenInternal(IProgress`1 progress, Boolean recursive, Boolean refreshChildMetadata, MetadataRefreshOptions refreshOptions, IDirectoryService directoryService, CancellationToken cancellationToken)
   at MediaBrowser.Providers.Manager.ProviderManager.RefreshItem(BaseItem item, MetadataRefreshOptions options, CancellationToken cancellationToken)
   at MediaBrowser.Providers.Manager.ProviderManager.StartProcessingRefreshQueue()
[2022-05-21 11:05:29.124 +00:00] [INF] [63] Emby.Server.Implementations.HttpServer.WebSocketManager: WS "192.168.1.100" closed
[2022-05-21 11:06:18.914 +00:00] [INF] [104] Emby.Server.Implementations.HttpServer.WebSocketManager: WS "192.168.1.100" request
[2022-05-21 11:06:19.509 +00:00] [ERR] [74] Jellyfin.Server.Middleware.ExceptionMiddleware: Error processing request: "Could not find file '/media/movies/Memory.2022.2160p.WEB-DL.x265.10bit.HDR.DD5.1-NOGRP-poster.jpg'". URL "GET" "/Items/a2e3b04af10e6d9e6735b657421ca62b/Images/Primary".
[2022-05-21 11:06:23.544 +00:00] [INF] [74] MediaBrowser.Providers.Manager.ProviderManager: Deleting previous image "/media/movies/记忆 (2022)/poster.jpg"
[2022-05-21 11:06:24.852 +00:00] [ERR] [104] Jellyfin.Server.Middleware.ExceptionMiddleware: Error processing request: "Could not find file '/media/movies/Memory.2022.2160p.WEB-DL.x265.10bit.HDR.DD5.1-NOGRP-logo.png'". URL "GET" "/Items/a2e3b04af10e6d9e6735b657421ca62b/Images/Logo".
[2022-05-21 11:06:24.857 +00:00] [ERR] [63] Jellyfin.Server.Middleware.ExceptionMiddleware: Error processing request: "Could not find file '/media/movies/Memory.2022.2160p.WEB-DL.x265.10bit.HDR.DD5.1-NOGRP-backdrop.jpg'". URL "GET" "/Items/a2e3b04af10e6d9e6735b657421ca62b/Images/Backdrop/0".
[2022-05-21 11:06:24.857 +00:00] [ERR] [54] Jellyfin.Server.Middleware.ExceptionMiddleware: Error processing request: "Could not find file '/media/movies/Memory.2022.2160p.WEB-DL.x265.10bit.HDR.DD5.1-NOGRP-backdrop.jpg'". URL "GET" "/Items/a2e3b04af10e6d9e6735b657421ca62b/Images/Backdrop/0".
[2022-05-21 11:06:24.937 +00:00] [ERR] [103] Jellyfin.Server.Middleware.ExceptionMiddleware: Error processing request: "Could not find file '/media/movies/Memory.2022.2160p.WEB-DL.x265.10bit.HDR.DD5.1-NOGRP-poster.jpg'". URL "GET" "/Items/a2e3b04af10e6d9e6735b657421ca62b/Images/Primary".
[2022-05-21 11:06:25.661 +00:00] [ERR] [122] Emby.Server.Implementations.Library.LibraryManager: Error running post-scan task
System.IO.FileNotFoundException: File not found
File name: '/media/movies/Memory.2022.2160p.WEB-DL.x265.10bit.HDR.DD5.1-NOGRP-poster.jpg'
   at Jellyfin.Drawing.Skia.SkiaEncoder.Decode(String path, Boolean forceCleanBitmap, Nullable`1 orientation, SKEncodedOrigin& origin)
   at Jellyfin.Drawing.Skia.SkiaHelper.GetNextValidImage(SkiaEncoder skiaEncoder, IReadOnlyList`1 paths, Int32 currentIndex, Int32& newIndex)
   at Jellyfin.Drawing.Skia.SplashscreenBuilder.GenerateCollage(IReadOnlyList`1 posters, IReadOnlyList`1 backdrops)
   at Jellyfin.Drawing.Skia.SplashscreenBuilder.GenerateSplash(IReadOnlyList`1 posters, IReadOnlyList`1 backdrops, String outputPath)
   at Jellyfin.Drawing.Skia.SkiaEncoder.CreateSplashscreen(IReadOnlyList`1 posters, IReadOnlyList`1 backdrops)
   at Emby.Server.Implementations.Library.SplashscreenPostScanTask.Run(IProgress`1 progress, CancellationToken cancellationToken)
   at Emby.Server.Implementations.Library.LibraryManager.RunPostScanTasks(IProgress`1 progress, CancellationToken cancellationToken)
[2022-05-21 11:06:25.698 +00:00] [INF] [122] Emby.Drawing.ImageProcessor: Creating image collage and saving to "/cache/temp/f8581e953d3042ff936f06f02c69ddcd.png"
[2022-05-21 11:06:26.051 +00:00] [INF] [122] Emby.Drawing.ImageProcessor: Completed creation of image collage and saved to "/cache/temp/f8581e953d3042ff936f06f02c69ddcd.png"
[2022-05-21 11:06:26.091 +00:00] [INF] [103] Emby.Drawing.ImageProcessor: Creating image collage and saving to "/cache/temp/a0f29834b23949b696fc09a5b0b877a8.png"
[2022-05-21 11:06:26.461 +00:00] [INF] [103] Emby.Drawing.ImageProcessor: Completed creation of image collage and saved to "/cache/temp/a0f29834b23949b696fc09a5b0b877a8.png"
[2022-05-21 11:06:28.285 +00:00] [INF] [103] Emby.Server.Implementations.ScheduledTasks.TaskManager: "扫描媒体库" Completed after 2 minute(s) and 9 seconds
[2022-05-21 11:06:28.286 +00:00] [INF] [103] Emby.Server.Implementations.ScheduledTasks.TaskManager: ExecuteQueuedTasks
[2022-05-21 11:06:28.352 +00:00] [INF] [8] Emby.Server.Implementations.IO.LibraryMonitor: Watching directory "/media/tvs"
[2022-05-21 11:06:28.365 +00:00] [INF] [89] Emby.Server.Implementations.IO.LibraryMonitor: Watching directory "/media/movies"
[2022-05-21 11:06:47.068 +00:00] [ERR] [103] Jellyfin.Server.Middleware.ExceptionMiddleware: Error processing request: "Could not find file '/media/movies/Memory.2022.2160p.WEB-DL.x265.10bit.HDR.DD5.1-NOGRP-poster.jpg'". URL "GET" "/Items/a2e3b04af10e6d9e6735b657421ca62b/Images/Primary".
[2022-05-21 11:06:53.456 +00:00] [WRN] [108] Jellyfin.Server.Middleware.ResponseTimeMiddleware: Slow HTTP Response from "http://192.168.1.4:8096/Items/510a7d2eb5a075cb64e51867455c95c2/Images/Backdrop/0?maxWidth=1920&tag=2ec43836b1a6f9858e435c8e08b107ae&quality=80" to "192.168.1.100" in 0:00:00.8265827 with Status Code 200
[2022-05-21 11:06:53.464 +00:00] [WRN] [108] Jellyfin.Server.Middleware.ResponseTimeMiddleware: Slow HTTP Response from "http://192.168.1.4:8096/Items/510a7d2eb5a075cb64e51867455c95c2/Images/Backdrop/0?tag=2ec43836b1a6f9858e435c8e08b107ae&maxWidth=1920&quality=80" to "192.168.1.100" in 0:00:00.833827 with Status Code 200
[2022-05-21 11:06:56.109 +00:00] [ERR] [74] Jellyfin.Server.Middleware.ExceptionMiddleware: Error processing request: "Could not find file '/media/movies/Memory.2022.2160p.WEB-DL.x265.10bit.HDR.DD5.1-NOGRP-backdrop.jpg'". URL "GET" "/Items/a2e3b04af10e6d9e6735b657421ca62b/Images/Backdrop/0".
[2022-05-21 11:06:56.111 +00:00] [ERR] [8] Jellyfin.Server.Middleware.ExceptionMiddleware: Error processing request: "Could not find file '/media/movies/Memory.2022.2160p.WEB-DL.x265.10bit.HDR.DD5.1-NOGRP-backdrop.jpg'". URL "GET" "/Items/a2e3b04af10e6d9e6735b657421ca62b/Images/Backdrop/0".
[2022-05-21 11:06:56.212 +00:00] [ERR] [103] Jellyfin.Server.Middleware.ExceptionMiddleware: Error processing request: "Could not find file '/media/movies/Memory.2022.2160p.WEB-DL.x265.10bit.HDR.DD5.1-NOGRP-poster.jpg'". URL "GET" "/Items/a2e3b04af10e6d9e6735b657421ca62b/Images/Primary".
[2022-05-21 11:07:26.021 +00:00] [ERR] [63] Jellyfin.Server.Middleware.ExceptionMiddleware: Error processing request: "Could not find file '/media/movies/Memory.2022.2160p.WEB-DL.x265.10bit.HDR.DD5.1-NOGRP-poster.jpg'". URL "GET" "/Items/a2e3b04af10e6d9e6735b657421ca62b/Images/Primary".
[2022-05-21 11:07:57.152 +00:00] [INF] [17] Emby.Server.Implementations.HttpServer.WebSocketManager: WS "192.168.1.100" closed
[2022-05-21 11:35:25.372 +00:00] [INF] [52] Emby.Server.Implementations.ScheduledTasks.TaskManager: "IntervalTrigger" fired for task: "扫描媒体库"
[2022-05-21 11:35:25.372 +00:00] [INF] [52] Emby.Server.Implementations.ScheduledTasks.TaskManager: Queuing task "RefreshMediaLibraryTask"
[2022-05-21 11:35:25.372 +00:00] [INF] [24] Emby.Server.Implementations.ScheduledTasks.TaskManager: Executing "扫描媒体库"
[2022-05-21 11:35:25.372 +00:00] [INF] [24] Emby.Server.Implementations.IO.LibraryMonitor: Stopping directory watching for path "/media/movies"
[2022-05-21 11:35:25.373 +00:00] [INF] [24] Emby.Server.Implementations.IO.LibraryMonitor: Stopping directory watching for path "/media/tvs"
[2022-05-21 11:35:25.373 +00:00] [INF] [24] Emby.Server.Implementations.Library.LibraryManager: Validating media library
[2022-05-21 11:35:25.905 +00:00] [INF] [67] Emby.Server.Implementations.Library.LibraryManager: Removing item, Type: "Movie", Name: "记忆", Path: "/media/movies/Memory.2022.2160p.WEB-DL.x265.10bit.HDR.DD5.1-NOGRP.mkv", Id: a2e3b04a-f10e-6d9e-6735-b657421ca62b
[2022-05-21 11:35:32.842 +00:00] [INF] [70] Emby.Server.Implementations.ScheduledTasks.TaskManager: "扫描媒体库" Completed after 0 minute(s) and 7 seconds
[2022-05-21 11:35:32.843 +00:00] [INF] [70] Emby.Server.Implementations.ScheduledTasks.TaskManager: ExecuteQueuedTasks
[2022-05-21 11:35:32.904 +00:00] [INF] [109] Emby.Server.Implementations.IO.LibraryMonitor: Watching directory "/media/tvs"
[2022-05-21 11:35:32.914 +00:00] [INF] [75] Emby.Server.Implementations.IO.LibraryMonitor: Watching directory "/media/movies"
[2022-05-21 23:35:25.391 +00:00] [INF] [126] Emby.Server.Implementations.ScheduledTasks.TaskManager: "IntervalTrigger" fired for task: "扫描媒体库"
[2022-05-21 23:35:25.403 +00:00] [INF] [126] Emby.Server.Implementations.ScheduledTasks.TaskManager: Queuing task "RefreshMediaLibraryTask"
[2022-05-21 23:35:25.407 +00:00] [INF] [103] Emby.Server.Implementations.ScheduledTasks.TaskManager: Executing "扫描媒体库"
[2022-05-21 23:35:25.415 +00:00] [INF] [103] Emby.Server.Implementations.IO.LibraryMonitor: Stopping directory watching for path "/media/movies"
[2022-05-21 23:35:25.418 +00:00] [INF] [103] Emby.Server.Implementations.IO.LibraryMonitor: Stopping directory watching for path "/media/tvs"
[2022-05-21 23:35:25.423 +00:00] [INF] [103] Emby.Server.Implementations.Library.LibraryManager: Validating media library
[2022-05-21 23:35:38.932 +00:00] [INF] [68] Emby.Server.Implementations.ScheduledTasks.TaskManager: "扫描媒体库" Completed after 0 minute(s) and 13 seconds
[2022-05-21 23:35:38.948 +00:00] [INF] [68] Emby.Server.Implementations.ScheduledTasks.TaskManager: ExecuteQueuedTasks
[2022-05-21 23:35:39.195 +00:00] [INF] [118] Emby.Server.Implementations.IO.LibraryMonitor: Watching directory "/media/tvs"
[2022-05-21 23:35:39.252 +00:00] [INF] [103] Emby.Server.Implementations.IO.LibraryMonitor: Watching directory "/media/movies"
