## 开始执行... 2022-05-08 09:13:49


🔔玩一玩成就值, 开始!

====================共2个京东账号Cookie=================

============脚本执行时间：2022/5/8 09:13:50=============

>>>>>>>>>>>>>>6Dylan6 提示：任务正常运行中>>>>>>>>>>>>>>>



******开始【京东账号1】jd_56ac883b2ee02*********

play 参与吃货嘉年华  获得成就值: 50
play 参与领京豆  获得成就值: 50
play 参与金榜创造营  获得成就值: 50
play 参与东东萌宠  获得成就值: 50
play 参与东东农场  获得成就值: 50
play 参与东东工厂  获得成就值: 50
play 参与东东超市  获得成就值: 50
play 参与种豆得豆  获得成就值: 50


******开始【京东账号2】jd_72476e50d1b0e*********

play 参与吃货嘉年华  获得成就值: 50
play 参与领京豆  获得成就值: 50
play 参与金榜创造营  获得成就值: 50
play 参与东东萌宠  获得成就值: 50
play 参与东东农场  获得成就值: 50
play 参与东东工厂  获得成就值: 50
play 参与东东超市  获得成就值: 50
play 参与种豆得豆  获得成就值: 50

🔔玩一玩成就值, 结束! 🕛 2.055 秒


## 执行结束... 2022-05-08 09:13:52 耗时 3 秒
