## 开始执行... 2022-05-09 03:14:13


🔔头文字J, 开始!

====================共2个京东账号Cookie=================

============脚本执行时间：2022/5/9 03:14:13=============

>>>>>>>>>>>>>>6Dylan6 提示：任务正常运行中>>>>>>>>>>>>>>>

等待初始化任务...
活动入口:京东汽车 - 右下角 - 领京豆
请求太快容易繁忙,默认延迟5-10s

******开始【京东账号1】jd_56ac883b2ee02*********

去签到.. 第 1天
获得50能量包
SyntaxError: Unexpected token < in JSON at position 0
SyntaxError: Unexpected token < in JSON at position 0
关注品牌店铺.. 788186
浏览.. 

******开始【京东账号2】jd_72476e50d1b0e*********

去签到.. 第 2天
获得50能量包
关注品牌店铺.. 866179
关注品牌店铺.. 1000337134
SyntaxError: Unexpected token < in JSON at position 0
关注品牌店铺.. 1000337134
浏览.. 

🔔头文字J, 结束! 🕛 794.787 秒


## 执行结束... 2022-05-09 03:27:28 耗时 795 秒
