## 开始执行... 2022-05-12 10:13:09


🔔头文字J, 开始!

====================共2个京东账号Cookie=================

============脚本执行时间：2022/5/12 10:13:10=============

>>>>>>>>>>>>>>6Dylan6 提示：任务正常运行中>>>>>>>>>>>>>>>

等待初始化任务...
活动入口:京东汽车 - 右下角 - 领京豆
请求太快容易繁忙,默认延迟5-10s

******开始【京东账号1】jd_56ac883b2ee02*********

SyntaxError: Unexpected token < in JSON at position 0
去签到.. 第 4天
您今日已经领取过每日签到奖励了！
关注品牌店铺.. 1000155562
SyntaxError: Unexpected token < in JSON at position 0
SyntaxError: Unexpected token < in JSON at position 0
关注品牌店铺.. 1000155562
SyntaxError: Unexpected token < in JSON at position 0
关注品牌店铺.. 1000155562
浏览.. 

******开始【京东账号2】jd_72476e50d1b0e*********

去签到.. 第 1天
获得50能量包
SyntaxError: Unexpected token < in JSON at position 0
关注品牌店铺.. 今日已完成该任务
SyntaxError: Unexpected token < in JSON at position 0
SyntaxError: Unexpected token < in JSON at position 0
关注品牌店铺.. 今日已完成该任务
SyntaxError: Unexpected token < in JSON at position 0
关注品牌店铺.. 今日已完成该任务
浏览.. 
SyntaxError: Unexpected token < in JSON at position 0
SyntaxError: Unexpected token < in JSON at position 0
SyntaxError: Unexpected token < in JSON at position 0
SyntaxError: Unexpected token < in JSON at position 0

🔔头文字J, 结束! 🕛 1121.971 秒


## 执行结束... 2022-05-12 10:31:52 耗时 1123 秒
