## 开始执行... 2022-05-12 03:13:10


🔔头文字J, 开始!

====================共2个京东账号Cookie=================

============脚本执行时间：2022/5/12 03:13:10=============

>>>>>>>>>>>>>>6Dylan6 提示：任务正常运行中>>>>>>>>>>>>>>>

等待初始化任务...
活动入口:京东汽车 - 右下角 - 领京豆
请求太快容易繁忙,默认延迟5-10s

******开始【京东账号1】jd_56ac883b2ee02*********

SyntaxError: Unexpected token < in JSON at position 0
去签到.. 第 4天
SyntaxError: Unexpected token < in JSON at position 0
关注品牌店铺.. 866179
SyntaxError: Unexpected token < in JSON at position 0
关注品牌店铺.. 11495414
SyntaxError: Unexpected token < in JSON at position 0
关注品牌店铺.. 11495414
SyntaxError: Unexpected token < in JSON at position 0
浏览.. 
SyntaxError: Unexpected token < in JSON at position 0
SyntaxError: Unexpected token < in JSON at position 0

******开始【京东账号2】jd_72476e50d1b0e*********

SyntaxError: Unexpected token < in JSON at position 0
去签到.. 第 4天
SyntaxError: Unexpected token < in JSON at position 0
SyntaxError: Unexpected token < in JSON at position 0
关注品牌店铺.. 获得20能量包
关注品牌店铺.. 886814
SyntaxError: Unexpected token < in JSON at position 0
关注品牌店铺.. 1000155562
浏览.. 

🔔头文字J, 结束! 🕛 968.44 秒


## 执行结束... 2022-05-12 03:29:18 耗时 968 秒
