## 开始执行... 2022-05-14 03:14:51


🔔头文字J, 开始!

====================共2个京东账号Cookie=================

============脚本执行时间：2022/5/14 03:14:51=============

>>>>>>>>>>>>>>6Dylan6 提示：任务正常运行中>>>>>>>>>>>>>>>

等待初始化任务...
活动入口:京东汽车 - 右下角 - 领京豆
请求太快容易繁忙,默认延迟5-10s

******开始【京东账号1】jd_56ac883b2ee02*********

SyntaxError: Unexpected token < in JSON at position 0
没有获取到用户信息

******开始【京东账号2】jd_72476e50d1b0e*********

去签到.. 第 3天
获得50能量包
关注品牌店铺.. 1000337134
SyntaxError: Unexpected token < in JSON at position 0
关注品牌店铺.. 1000088545
关注品牌店铺.. 788186
SyntaxError: Unexpected token < in JSON at position 0
浏览.. 
SyntaxError: Unexpected token < in JSON at position 0

🔔头文字J, 结束! 🕛 455.712 秒


## 执行结束... 2022-05-14 03:22:27 耗时 456 秒
