## 开始执行... 2022-05-11 03:10:27


🔔头文字J, 开始!

====================共2个京东账号Cookie=================

============脚本执行时间：2022/5/11 03:10:28=============

>>>>>>>>>>>>>>6Dylan6 提示：任务正常运行中>>>>>>>>>>>>>>>

等待初始化任务...
活动入口:京东汽车 - 右下角 - 领京豆
请求太快容易繁忙,默认延迟5-10s

******开始【京东账号1】jd_56ac883b2ee02*********

去签到.. 第 3天
获得50能量包
关注品牌店铺.. 11444676
关注品牌店铺.. 1000155562
关注品牌店铺.. 886814
SyntaxError: Unexpected token < in JSON at position 0
浏览.. 
SyntaxError: Unexpected token < in JSON at position 0
SyntaxError: Unexpected token < in JSON at position 0
SyntaxError: Unexpected token < in JSON at position 0

******开始【京东账号2】jd_72476e50d1b0e*********

SyntaxError: Unexpected token < in JSON at position 0
去签到.. 第 3天
SyntaxError: Unexpected token < in JSON at position 0
SyntaxError: Unexpected token < in JSON at position 0
关注品牌店铺.. 获得20能量包
SyntaxError: Unexpected token < in JSON at position 0
关注品牌店铺.. 11495414
SyntaxError: Unexpected token < in JSON at position 0
SyntaxError: Unexpected token < in JSON at position 0
关注品牌店铺.. 11495414
浏览.. 
SyntaxError: Unexpected token < in JSON at position 0

🔔头文字J, 结束! 🕛 936.013 秒


## 执行结束... 2022-05-11 03:26:04 耗时 937 秒
