## 开始执行... 2022-05-07 16:49:50

开始克隆仓库 https://js.6dygit.workers.dev/https://github.com/6dylan6/jdpro.git 到 /ql/data/repo/6dylan6_jdpro


更新/ql/data/repo/6dylan6_jdpro成功...

检测到有新的定时任务：

6dylan6_jdpro/jd_jxnn.js
6dylan6_jdpro/jd_club_lottery.js
6dylan6_jdpro/jd_cjzdgf.js
6dylan6_jdpro/jd_fruit.js
6dylan6_jdpro/jd_taskop.py
6dylan6_jdpro/m_jd_follow_shop.js
6dylan6_jdpro/jd_dpsign.js
6dylan6_jdpro/jd_unsubscriLive.js
6dylan6_jdpro/jd_bean_change.js
6dylan6_jdpro/jd_shop.js
6dylan6_jdpro/jd_farm_automation.js
6dylan6_jdpro/jd_indeps.sh
6dylan6_jdpro/jd_sign.js
6dylan6_jdpro/jd_plantBean.js
6dylan6_jdpro/jd_opencard12.js
6dylan6_jdpro/jd_cjhz.js
6dylan6_jdpro/jd_bean_home.js
6dylan6_jdpro/jd_moneyTree_help.js
6dylan6_jdpro/jd_Evaluation.py
6dylan6_jdpro/jd_bean_sign.js
6dylan6_jdpro/jd_daily_lottery.js
6dylan6_jdpro/jd_zjb.js
6dylan6_jdpro/jd_exchangejxbeans.js
6dylan6_jdpro/jd_wxCollectionActivity.js
6dylan6_jdpro/jddj_fruit.js
6dylan6_jdpro/jd_price.js
6dylan6_jdpro/jd_live.js
6dylan6_jdpro/jd_ddly.js
6dylan6_jdpro/jd_big_winner.js
6dylan6_jdpro/jd_motherDay.js
6dylan6_jdpro/jd_wskey.py
6dylan6_jdpro/jd_bean_info.js
6dylan6_jdpro/jd_wsdlb.js
6dylan6_jdpro/jd_productZ4Brand.js
6dylan6_jdpro/jd_cfd.js
6dylan6_jdpro/jd_health_collect.js
6dylan6_jdpro/jd_share.js
6dylan6_jdpro/jd_kd.js
6dylan6_jdpro/jd_jfcz.js
6dylan6_jdpro/jd_zjd.js
6dylan6_jdpro/jd_unsubscribe.js
6dylan6_jdpro/jx_factory_automation.js
6dylan6_jdpro/jd_try.js
6dylan6_jdpro/jd_dwapp.js
6dylan6_jdpro/jd_opencard24.js
6dylan6_jdpro/jd_tyt_ck1.js
6dylan6_jdpro/jd_joypark_task.js
6dylan6_jdpro/jd_speed_signfree.js
6dylan6_jdpro/jd_wq_wxsign.js
6dylan6_jdpro/jd_beauty.js
6dylan6_jdpro/jd_clean_car.js
6dylan6_jdpro/jd_try_notify.py
6dylan6_jdpro/jd_sign_graphics.js
6dylan6_jdpro/jd_zdjr.js
6dylan6_jdpro/jd_wyw.js
6dylan6_jdpro/jd_cash.js
6dylan6_jdpro/jd_computer.js
6dylan6_jdpro/jd_super_redrain.js
6dylan6_jdpro/jd_jieMo.js
6dylan6_jdpro/jx_sign.js
6dylan6_jdpro/jd_mohe.js
6dylan6_jdpro/jd_health_exchange.py
6dylan6_jdpro/jd_pigPet.js
6dylan6_jdpro/jd_xinruimz.js
6dylan6_jdpro/jd_mpdzcar_game.js
6dylan6_jdpro/jd_sgmh.js
6dylan6_jdpro/jd_opencard25.js
6dylan6_jdpro/jd_m_sign.js
6dylan6_jdpro/jd_dreamFactory.js
6dylan6_jdpro/jd_19-5.js
6dylan6_jdpro/jd_joy_feedPets.js
6dylan6_jdpro/jd_wxgame.js
6dylan6_jdpro/jd_wish.js
6dylan6_jdpro/jd_mpdzcar.js
6dylan6_jdpro/jd_health.js
6dylan6_jdpro/jd_mpdzcar_help.js
6dylan6_jdpro/jd_jdzz.js
6dylan6_jdpro/jd_speed_sign.js
6dylan6_jdpro/jd_opencard19.js
6dylan6_jdpro/jd_fans.js
6dylan6_jdpro/m_jd_wx_addCart.js
6dylan6_jdpro/jd_speed_signred.js
6dylan6_jdpro/jd_pet.js
6dylan6_jdpro/jd_delCoupon.js
6dylan6_jdpro/jd_sharecode.sh
6dylan6_jdpro/jd_fcwb_help.js
6dylan6_jdpro/jd_moneyTree.js
6dylan6_jdpro/jd_51dk.js
6dylan6_jdpro/jd_half_redrain.js
6dylan6_jdpro/jd_gold_creator.js
6dylan6_jdpro/jd_opencard11.js
6dylan6_jdpro/jddj_plantBeans.js
6dylan6_jdpro/m_jd_wx_luckDraw.js
6dylan6_jdpro/jd_jxmc.js
6dylan6_jdpro/jd_sign_graphics1.js
6dylan6_jdpro/jd_mhtask.js
6dylan6_jdpro/jd_hbCount.py
6dylan6_jdpro/jd_beans_7days.py
6dylan6_jdpro/jd_sevenDay.js
6dylan6_jdpro/jd_jin_tie.js
6dylan6_jdpro/jd_wdz.js
6dylan6_jdpro/jd_pet_automation.js
6dylan6_jdpro/jx_products_detail.js
6dylan6_jdpro/jd_OpenCard_Force.js
6dylan6_jdpro/jd_nzmh.js
6dylan6_jdpro/jd_cfd_loop.js
6dylan6_jdpro/jd_opencard23.js
6dylan6_jdpro/m_jd_wx_collectCard.js
6dylan6_jdpro/jd_xs_zzl.js
6dylan6_jdpro/jx_aid_cashback.js
6dylan6_jdpro/jd_jdfactory.js

开始尝试自动添加定时任务...

牛牛福利 -> 添加成功
摇京豆 -> 添加成功
CJ组队瓜分京豆-加密 -> 添加成功
东东农场 -> 添加成功
重复任务优化 -> 添加成功
M关注有礼 -> 添加成功
店铺签到 -> 添加成功
取关所有主播 -> 添加成功
京东资产统计 -> 添加成功
进店领豆 -> 添加成功
农场自动种植兑换 -> 添加成功
依赖安装 -> 添加成功
M京东签到 -> 添加成功
京东种豆得豆 -> 添加成功
大牌好物 春日嗨购-开卡 -> 添加成功
京东超级盒子 -> 添加成功
领京豆额外奖励 -> 添加成功
京东摇钱树助力 -> 添加成功
京东自动评价 -> 添加成功
京东多合一签到 -> 添加成功
小哥互动-每日抽奖 -> 添加成功
极速版赚金币邀请 -> 添加成功
临期京豆换喜豆 -> 添加成功
加购物车抽奖 -> 添加成功
jddj_fruit.js -> 添加成功
京东保价 -> 添加成功
京东直播 -> 添加成功
东东乐园 -> 添加成功
发财大赢家之翻翻乐 -> 添加成功
我和妈妈的幸福合拍-加密 -> 添加成功
wskey转换 -> 添加成功
京豆详情统计 -> 添加成功
我是大老板农场 -> 添加成功
特务Z-II -> 添加成功
京喜财富岛 -> 添加成功
东东健康社区收集能量收集 -> 添加成功
分享有礼 -> 添加成功
京东快递签到 -> 添加成功
极速版-见缝插针 -> 添加成功
赚京豆-加密 -> 添加成功
批量取关店铺和商品 -> 添加成功
M京喜工厂自动化 -> 添加成功
京东试用 -> 添加成功
积分换话费 -> 添加成功
五月放假 欢乐起航-开卡 -> 添加成功
推推赚大钱 -> 添加成功
汪汪乐园每日任务 -> 添加成功
极速签到免单 -> 添加成功
微信签到领红包 -> 添加成功
美丽研究院 -> 添加成功
清空购物车 -> 添加成功
京东试用成功通知 -> 添加成功
京东签到图形验证 -> 添加成功
组队瓜分京豆 -> 添加成功
玩一玩成就值 -> 添加成功
签到领现金_Panda -> 添加成功
电脑配件通用 -> 添加成功
整点京豆雨 -> 添加成功
芥么签到 -> 添加成功
京喜签到 -> 添加成功
5G超级盲盒 -> 添加成功
健康社区兑换京豆 -> 添加成功
金融养猪 -> 添加成功
美丽研究院-种植园 -> 添加成功
头文字J 游戏 -> 添加成功
闪购盲盒 -> 添加成功
情暖五月 “惠”聚甜蜜-开卡 -> 添加成功
京东通天签到 -> 添加成功
京喜工厂 -> 添加成功
抢极速全品卷19-5 -> 添加成功
宠汪汪🐕喂食 -> 添加成功
打豆豆 -> 添加成功
众筹许愿池 -> 添加成功
头文字J -> 添加成功
东东健康社区 -> 添加成功
头文字J助力 -> 添加成功
京东赚赚 -> 添加成功
京东极速版 -> 添加成功
大牌联合 春夏约惠-开卡 -> 添加成功
粉丝互动-加密 -> 添加成功
M加购有礼 -> 添加成功
京东极速版红包 -> 添加成功
东东萌宠 -> 添加成功
删除优惠券 -> 添加成功
获取互助码 -> 添加成功
发财挖宝助力-加密 -> 添加成功
京东摇钱树 -> 添加成功
51打卡超级品牌-加密 -> 添加成功
半点京豆雨-加密 -> 添加成功
金榜创造营 -> 添加成功
京东粉丝联盟-开卡 -> 添加成功
jddj_plantBeans.js -> 添加成功
M幸运抽奖 -> 添加成功
惊喜牧场 -> 添加成功
京东美妆签到 -> 添加成功
盲盒任务抽京豆 -> 添加成功
历史红包统计 -> 添加成功
豆子7天统计 -> 添加成功
超级无线店铺签到 -> 添加成功
领金贴 -> 添加成功
微定制瓜分通用 -> 添加成功
M萌宠自动化 -> 添加成功
京喜工厂获取商品列表 -> 添加成功
开卡通用 -> 添加成功
女装盲盒抽京豆 -> 添加成功
京喜财富岛捡贝壳 -> 添加成功
五五购物节 礼献母爱-开卡 -> 添加成功
M集卡抽奖 -> 添加成功
京享周周乐 -> 添加成功
京喜购物返红包助力 -> 添加成功
东东工厂 -> 添加成功
通知失败(null)

## 执行结束... 2022-05-07 16:50:20  耗时 30 秒
