## 开始执行... 2022-05-07 19:50:00

开始克隆仓库 https://github.com/hongke120/qlym.git 到 /ql/data/repo/hongke120_qlym


更新/ql/data/repo/hongke120_qlym成功...

检测到有新的定时任务：

hongke120_qlym/kgyy.js
hongke120_qlym/kt.js
hongke120_qlym/jctq_read.js
hongke120_qlym/jctq_daily.js
hongke120_qlym/jctq_reward.js
hongke120_qlym/jctq_kkz.js
hongke120_qlym/gyj.js
hongke120_qlym/dd_cookie.js
hongke120_qlym/flhs.js
hongke120_qlym/ksjsb.js
hongke120_qlym/dd_fruit.js
hongke120_qlym/wx_lmyx.js
hongke120_qlym/dyjs.js
hongke120_qlym/bsly.js
hongke120_qlym/cfxbj.js
hongke120_qlym/wkllq.js
hongke120_qlym/ysy.js
hongke120_qlym/jrttjsb.js
hongke120_qlym/ksfcys.js
hongke120_qlym/jztt.js
hongke120_qlym/ks_fruit.js
hongke120_qlym/jcCheck.js
hongke120_qlym/flg.js
hongke120_qlym/dygy.js
hongke120_qlym/txstock.js
hongke120_qlym/NFT.js
hongke120_qlym/ksjsb_503.js
hongke120_qlym/Chinaunicom.js
hongke120_qlym/ks.js
hongke120_qlym/dd_bucketWater.js
hongke120_qlym/djxs.js
hongke120_qlym/zlsc.js
hongke120_qlym/elm.js
hongke120_qlym/klyx.js
hongke120_qlym/yhxq.js
hongke120_qlym/txstockV2.js
hongke120_qlym/jc_withdraw.js
hongke120_qlym/jc_kkz.js
hongke120_qlym/jc_today_score.js
hongke120_qlym/jckd_risk.js
hongke120_qlym/jc_qd.js
hongke120_qlym/jc_Rotary.js
hongke120_qlym/jc_Adv_video.js
hongke120_qlym/jc_wz.js
hongke120_qlym/jc_box.js
hongke120_qlym/kyin.js
hongke120_qlym/meituan.js
hongke120_qlym/haier.js
hongke120_qlym/xqz.js
hongke120_qlym/bhxcy.js
hongke120_qlym/wytk.js
hongke120_qlym/kgdzb.js

开始尝试自动添加定时任务...

unctio -> 添加成功
可推版本22/03/23_0 -> 添加成功
jctq_read.js -> 添加成功
jctq_daily.js -> 添加成功
jctq_reward.js -> 添加成功
jctq_kkz.js -> 添加成功
高佣金 -> 添加成功
dd_cookie.js -> 添加成功
返利好省 -> 添加成功
ksjsb.js -> 添加成功
dd_fruit.js -> 添加成功
链萌优选 -> 添加成功
dyjs.js -> 添加成功
百事乐元 -> 添加成功
乘风寻宝记 -> 添加成功
悟空浏览器 -> 添加成功
萤石云视频 -> 添加成功
jrttjsb.js -> 添加成功
snam -> 添加成功
jztt.js -> 添加成功
ks_fruit.js -> 添加成功
机场签到 -> 添加成功
返利购 -> 添加成功
dygy.js -> 添加成功
txstock.js -> 添加成功
NFT博物馆 -> 添加成功
ksjsb_503.js -> 添加成功
中国联通 -> 添加成功
ks.js -> 添加成功
dd_bucketWater.js -> 添加成功
得间小说 -> 添加成功
足乐商城 -> 添加成功
饿了么吃货豆 -> 添加成功
科勒优选·小程序 -> 添加成功
源火星球版本22/03/25_0 -> 添加成功
snam -> 添加成功
晶彩看点提现 -> 添加成功
晶彩看点看看赚 -> 添加成功
晶彩看点收益统计 -> 添加成功
jckd_risk.js -> 添加成功
晶彩看点签到 -> 添加成功
晶彩看点大转盘抽奖 -> 添加成功
晶彩看点福利视频 -> 添加成功
晶彩看点阅读文章 -> 添加成功
晶彩看点任务宝箱领取 -> 添加成功
快音 -> 添加成功
0x1b1b89,_0x5ac19 -> 添加成功
unctio -> 添加成功
unctio -> 添加成功
渤海宣传员 -> 添加成功
微娱推客 -> 添加成功
unctio -> 添加成功
通知失败(null)

## 执行结束... 2022-05-07 19:50:18  耗时 18 秒
