## 开始执行... 2022-04-29 11:40:00

开始克隆仓库 https://github.com/whyour/hundun.git 到 /ql/data/repo/whyour_hundun


更新/ql/data/repo/whyour_hundun成功...

检测到有新的定时任务：

whyour_hundun/jx_nc.js
whyour_hundun/daymatter.js
whyour_hundun/jd_zjd_tuan.js
whyour_hundun/util.py
whyour_hundun/jd_stock.js
whyour_hundun/jd_zjd.js
whyour_hundun/yiyan.py
whyour_hundun/youth_read.py
whyour_hundun/xmly_speed.py
whyour_hundun/jx_factory_component.js
whyour_hundun/ddxw.js
whyour_hundun/dd_factory.js
whyour_hundun/youth.py
whyour_hundun/jx_products_detail.js
whyour_hundun/jx_factory.js
whyour_hundun/jdzz.js

开始尝试自动添加定时任务...

京喜农场 -> 添加成功
倒数日 -> 添加成功
京东赚京豆开团 -> 添加成功
util.py -> 添加成功
京东库存 -> 添加成功
京东赚京豆 -> 添加成功
yiyan.py -> 添加成功
youth_read.py -> 添加成功
xmly_speed.py -> 添加成功
京喜工厂plus -> 添加成功
东东小窝 -> 添加成功
东东工厂 -> 添加成功
youth.py -> 添加成功
京喜工厂商品列表详情 -> 添加成功
京喜工厂 -> 添加成功
京东赚赚 -> 添加成功
通知失败(null)

## 执行结束... 2022-04-29 11:40:07  耗时 7 秒
