## 开始执行... 2022-05-10 02:41:32


🔔众筹许愿池, 开始!

====================共2个京东账号Cookie=================

============脚本执行时间：2022/5/10 02:41:32=============

>>>>>>>>>>>>>>6Dylan6 提示：任务正常运行中>>>>>>>>>>>>>>>


*******开始【京东账号1】Wang_Happy_*********


开始第1个活动：吃货嘉年华

【点击热区2】已完成

【点击热区1】已完成

【加购吃货节好礼】已完成

【浏览百草味美食会场】已完成

【京东账号1（jd_56ac883b2ee02）的吃货嘉年华好友互助码】T0225KkcRRhIplzfI0j2waIKdgCjBVlqWU5jYjeQOc

【嘉年华入口在这→】已完成

没有抽奖机会


开始第2个活动：PLUS生活特权

【领肯德基9.9元下午茶】已完成

【领半价小皇堡4件套】已完成

【办银行卡得PLUS会员】已完成

【领免费吃喝玩乐福利】已完成

【签到】已完成

没有抽奖机会


开始第3个活动：1

【林氏木业大牌闪购日】已完成

【浏览并关注众筹频道】浏览并关注1个频道得1次抽奖机会
完成任务：获得1金币

【【DP免烫】杉杉 短袖衬衫男 夏新款纯棉新疆棉格子衬衣男士商务休闲上衣 FDC211380012 FDC211380012蓝色格子 42】已完成

【京东账号1（jd_56ac883b2ee02）的1好友互助码】T0225KkcRRhIplzfI0j2waIKdgCjVQmoaT5kRrbA

可以抽奖2次，去抽奖

很遗憾未中奖~
抽中：2京豆

开始第4个活动：2

【网易严选官方旗舰店】已完成

【浏览众筹超值好物】已完成

【浏览并关注众筹频道】已完成

没有抽奖机会


开始第5个活动：3

【关注布鲁可自营旗舰店】已完成

【看看追新PRO】已完成

【逛京东超市频道】已完成

【京东账号1（jd_56ac883b2ee02）的3好友互助码】T0225KkcRRhIplzfI0j2waIKdgDjRXlq-7zx55awQ

没有抽奖机会


*******开始【京东账号2】jd_72476e50d1b0e*********


开始第1个活动：吃货嘉年华

【点击热区2】已完成

【点击热区1】已完成

【加购吃货节好礼】已完成

【浏览粮油米面速食会场】已完成

【京东账号2（jd_72476e50d1b0e）的吃货嘉年华好友互助码】T0225KkcRxwd8lKCJRqglaUKIQCjBVlqWU5jYjeQOc

【嘉年华入口在这→】已完成

没有抽奖机会


开始第2个活动：PLUS生活特权

【领肯德基9.9元下午茶】已完成

【领半价小皇堡4件套】已完成

【办银行卡得PLUS会员】已完成

【领免费吃喝玩乐福利】已完成

【签到】已完成

没有抽奖机会


开始第3个活动：1

【浏览锦鲤红包】已完成

【浏览并关注众筹频道】浏览并关注1个频道得1次抽奖机会
完成任务：获得1金币

【【两件套】安踏运动套装男2022年夏季宽松跑步健身服速干衣束脚裤男士polo翻领短袖T恤长裤子户外 9A92203基础黑(拉链口袋) 3XL/190】已完成

【京东账号2（jd_72476e50d1b0e）的1好友互助码】T0225KkcRxwd8lKCJRqglaUKIQCjVQmoaT5kRrbA

可以抽奖2次，去抽奖

很遗憾未中奖~
很遗憾未中奖~

开始第4个活动：2

【玉泽京东自营旗舰店】已完成

【浏览众筹超值好物】已完成

【浏览并关注众筹频道】已完成

没有抽奖机会


开始第5个活动：3

【关注联合利华自营旗舰店】已完成

【看看追新PRO】已完成

【逛京东超市频道】已完成

【京东账号2（jd_72476e50d1b0e）的3好友互助码】T0225KkcRxwd8lKCJRqglaUKIQDjRXlq-7zx55awQ

没有抽奖机会

开始内部助力

开始助力第1个活动：吃货嘉年华

jd_56ac883b2ee02 去助力 jd_56ac883b2ee02 的助力码 T0225KkcRRhIplzfI0j2waIKdgCjBVlqWU5jYjeQOc
不能助力自己

jd_56ac883b2ee02 去助力 jd_72476e50d1b0e 的助力码 T0225KkcRxwd8lKCJRqglaUKIQCjBVlqWU5jYjeQOc
完成任务失败：您今日已为好友助力过了哦~

开始助力第2个活动：PLUS生活特权

开始助力第3个活动：1

jd_56ac883b2ee02 去助力 jd_56ac883b2ee02 的助力码 T0225KkcRRhIplzfI0j2waIKdgCjVQmoaT5kRrbA
不能助力自己

jd_56ac883b2ee02 去助力 jd_72476e50d1b0e 的助力码 T0225KkcRxwd8lKCJRqglaUKIQCjVQmoaT5kRrbA
完成任务失败：您今日已为好友助力过了哦~

开始助力第4个活动：2

开始助力第5个活动：3

jd_56ac883b2ee02 去助力 jd_56ac883b2ee02 的助力码 T0225KkcRRhIplzfI0j2waIKdgDjRXlq-7zx55awQ
不能助力自己

jd_56ac883b2ee02 去助力 jd_72476e50d1b0e 的助力码 T0225KkcRxwd8lKCJRqglaUKIQDjRXlq-7zx55awQ
完成任务失败：您今日已为好友助力过了哦~

开始内部助力

开始助力第1个活动：吃货嘉年华

jd_72476e50d1b0e 去助力 jd_56ac883b2ee02 的助力码 T0225KkcRRhIplzfI0j2waIKdgCjBVlqWU5jYjeQOc
完成任务失败：您今日已为好友助力过了哦~

jd_72476e50d1b0e 去助力 jd_72476e50d1b0e 的助力码 T0225KkcRxwd8lKCJRqglaUKIQCjBVlqWU5jYjeQOc
不能助力自己

开始助力第2个活动：PLUS生活特权

开始助力第3个活动：1

jd_72476e50d1b0e 去助力 jd_56ac883b2ee02 的助力码 T0225KkcRRhIplzfI0j2waIKdgCjVQmoaT5kRrbA
完成任务失败：您今日已为好友助力过了哦~

jd_72476e50d1b0e 去助力 jd_72476e50d1b0e 的助力码 T0225KkcRxwd8lKCJRqglaUKIQCjVQmoaT5kRrbA
不能助力自己

开始助力第4个活动：2

开始助力第5个活动：3

jd_72476e50d1b0e 去助力 jd_56ac883b2ee02 的助力码 T0225KkcRRhIplzfI0j2waIKdgDjRXlq-7zx55awQ
完成任务失败：您今日已为好友助力过了哦~

jd_72476e50d1b0e 去助力 jd_72476e50d1b0e 的助力码 T0225KkcRxwd8lKCJRqglaUKIQDjRXlq-7zx55awQ
不能助力自己


🔔众筹许愿池, 结束! 🕛 68.207 秒


## 执行结束... 2022-05-10 02:42:40 耗时 68 秒
