## 开始执行... 2022-05-12 00:44:16


🔔众筹许愿池, 开始!

====================共2个京东账号Cookie=================

============脚本执行时间：2022/5/12 00:44:17=============

>>>>>>>>>>>>>>6Dylan6 提示：任务正常运行中>>>>>>>>>>>>>>>


*******开始【京东账号1】Wang_Happy_*********


开始第1个活动：吃货嘉年华

点击热区
完成任务：获得50金币

点击热区
完成任务：获得50金币

【健元堂 多口味红豆薏米粗粮代餐饼干饱腹450G无糖精健身低五谷杂粮卡脂热老人压缩干粮食品 红豆薏米燕麦饼】每加购一个商品得50吃货值
完成任务：获得50金币

【益达（Extra）口香糖益达木糖醇无糖口香糖 【热门6瓶】热门6口味组合】每加购一个商品得50吃货值
完成任务：获得50金币

【巧媳妇小米醋桶纯酿造食醋调味炒菜凉拌饺子醋实惠酿造米醋凉拌调味纯酿米醋1.3L*2】每加购一个商品得50吃货值
完成任务：获得50金币

【双汇鸡肉火腿肠鸡肉肠整箱批发香肠烤肠方便面搭档好吃的休闲零食方便食品配菜批发 鸡肉火腿肠60g*50支】每加购一个商品得50吃货值
完成任务：获得50金币

【知味观 绿茶酥 杭州特产糕点龙井酥 传统老字号 茶点心零食】每加购一个商品得50吃货值
完成任务：获得50金币

【秭归伦晚橙子脐橙手剥橙薄皮 当季时令新鲜水果 生鲜孕妇礼盒（现摘现发） （甄选）果径75mm以上 9斤大果精品装】每加购一个商品得50吃货值
完成任务：获得50金币

【姜老大 海盐海盐黑胡椒混合调料研磨130g 2瓶组合健身西餐牛排鸡胸肉水煮菜调料】每加购一个商品得50吃货值
完成任务：获得50金币

【【自热米饭】自嗨锅 自热小火锅自热煲仔饭迷你锅方便速食方便粥饭自热方便米饭 回锅肉】每加购一个商品得50吃货值
完成任务：获得50金币

【DGI低GI无糖精黑麦代餐全麦面包粗粮健身食品休闲零食懒人速食饱腹面包吐司早餐 全麦味 700g】每加购一个商品得50吃货值
完成任务：获得50金币

【美国进口BRAGG苹果醋原浆减无糖水果醋浓缩饮料轻食调味料健身饮品肥生酮食品苹果醋 946ml】每加购一个商品得50吃货值
完成任务：获得50金币

【蔡林记 脆萝卜辣萝卜腌制酱菜泡菜瓶装湖北特色下饭咸菜萝卜丁280g*3瓶装】每加购一个商品得50吃货值
完成任务：获得50金币

【华丰三鲜伊面86g每袋装方便面整箱批发80后经典怀旧泡面速食干吃 原味 86g*24包【店长推荐】】每加购一个商品得50吃货值
完成任务：获得50金币

【DGI低GI无添加蔗糖孕妇粗粮全麦高纤维饼干魔芋饱腹代餐零食品 全麦麦香味180g】每加购一个商品得50吃货值
完成任务：获得50金币

【【顺丰速发】言片光 临安天目山小香薯 红薯地瓜2.5kg一箱 新鲜蔬菜 5斤装（净重4.8斤）【严选中果】】每加购一个商品得50吃货值
完成任务：获得50金币

【【宁化府旗舰店】山西特产老陈醋宁化府益源庆2.4L+手工六年1.25L组合】每加购一个商品得50吃货值
完成任务：获得50金币

【川豫情 川陕风味红油面皮 非油炸擀面皮方便面速食拌面凉皮 红油面皮105g*5袋】每加购一个商品得50吃货值
完成任务失败：任务已完成

【【第2罐5折】艺佰奇亚籽 奇雅子 齐亚子 熟制免洗奇亚子饱腹代餐可搭配 燕麦片即食酸奶水果代餐谷物 奇亚籽配量勺450克】每加购一个商品得50吃货值
完成任务失败：任务已完成

【【百元吃遍格力高】百醇Pejoy 注心巧克力味饼干棒休闲零食巧克力牛奶抹茶草莓红酒朗姆新口味 红酒巧克力味】每加购一个商品得50吃货值
完成任务失败：任务已完成

【重庆江津九叶鲜青花椒油藤椒油花椒油麻椒油花椒酱麻椒酱 135ML】每加购一个商品得50吃货值
完成任务失败：任务已完成

【十里螺香螺蛳粉300g*1袋广西柳州正宗特产水煮型速食米线螺狮粉螺丝粉 1袋】每加购一个商品得50吃货值
完成任务失败：任务已完成

【Lindt进口瑞士莲黑巧克力可可软心巧克力球喜糖礼盒lindor瑞士莲巧克力夹心牛奶巧克力礼物送女友 瑞士莲黑巧混装600g】每加购一个商品得50吃货值
完成任务失败：任务已完成

【千丝肉松饼 办公室点心休闲早餐糕点小零食品年货【超】 肉松饼整箱500g】每加购一个商品得50吃货值
完成任务失败：任务已完成

【好人家 青花椒鱼调料210g*3袋 川味麻辣红烧鱼烧肉调味料四川特产】每加购一个商品得50吃货值
完成任务失败：任务已完成

【上海梅林罐头经典午餐肉170g猪肉5罐】每加购一个商品得50吃货值
完成任务失败：任务已完成

【【会员专享】良品铺子  芝士泡芙60g 奶油夹心饼干蛋糕脆皮泡芙球 芝士夹心泡芙饼干零食 芝士泡芙 60gx1盒】每加购一个商品得50吃货值
完成任务失败：任务已完成

【千禾 料酒 五香料酒 炒菜去腥 500ml-1瓶】每加购一个商品得50吃货值
完成任务失败：任务已完成

【公仔面碗仔面 方便面整箱 桶装混搭18碗 多口味混搭 泡面整箱 公仔面迷你碗面泡面 早餐泡面】每加购一个商品得50吃货值
完成任务失败：任务已完成

【安佳黄油20盒 煎牛排黄油小包装 动物黄油 烘焙黄油140g 20盒】每加购一个商品得50吃货值
完成任务失败：任务已完成

【真巧 酱芯曲奇饼干 巧克力夹心饼干 350g整袋装(内装约35小包)】每加购一个商品得50吃货值
完成任务失败：任务已完成

【姜老大海盐黑胡椒粒70g 研磨瓶装西餐牛排意面调味撒料】每加购一个商品得50吃货值
完成任务失败：任务已完成

【阿宽红油面皮 四川铺盖面非油炸方便面袋装 方便速食干拌泡面 麻辣味 10袋装】每加购一个商品得50吃货值
完成任务失败：任务已完成

【蒙牛 纯牛奶 PURE MILK  整箱装 乳制品 （新老包装随机发货） 纯牛奶250mL*16盒/箱】每加购一个商品得50吃货值
完成任务失败：任务已完成

【【葡记香草鲜奶香蒸蛋糕1000g】2斤装整箱网红早餐糕点心代餐休闲零食品】每加购一个商品得50吃货值
完成任务失败：任务已完成

【好人家 手工麻辣牛油火锅底料900g 重庆麻辣老火锅底料 聚餐送礼】每加购一个商品得50吃货值
完成任务失败：任务已完成

【统一汤达人日式豚骨方便面五连包袋装泡面懒人速食食品 日式豚骨面五连包】每加购一个商品得50吃货值
完成任务失败：任务已完成

【认养一头牛 高端法式风味酸奶230g*10瓶整箱营养早餐酸奶 白桃燕麦10瓶装*2箱】每加购一个商品得50吃货值
完成任务失败：任务已完成

【鑫炳记太谷饼70g*20袋山西特色小吃点心办公室休闲零食手工传统老式早餐糕点 原味70g*20袋】每加购一个商品得50吃货值
完成任务失败：任务已完成

【食宴 意大利面酱 1kg 番茄牛肉风味意面酱 黑椒牛柳奶油培根意面酱拌面酱 1袋1kg酱（番茄牛肉味） 见标识】每加购一个商品得50吃货值
完成任务失败：任务已完成

【知味观中华老字号血糯八宝饭300g 春节年货批发杭州特产糯米饭食品真空包装】每加购一个商品得50吃货值
完成任务失败：任务已完成

【黄老五 休闲零食糖果 黑芝麻花生酥糖188g*3袋 四川特产小吃 传统怀旧零食】每加购一个商品得50吃货值
完成任务失败：任务已完成

【滇园 玫瑰鲜花饼礼盒800g共20枚 云南特产休闲零食小吃糕点美食 中秋节送礼】每加购一个商品得50吃货值
完成任务失败：任务已完成

【欣和 味达美 冰糖老抽1L*2 红烧酱油 红烧肉 红烧排骨老抽 冰糖上色瓶装】每加购一个商品得50吃货值
完成任务失败：任务已完成

【【特仑苏旗舰店】特仑苏纯牛奶250mL×16包*2提组合装 早餐奶 易携带礼盒装 中秋春节送礼推荐】每加购一个商品得50吃货值
完成任务失败：任务已完成

【沙窝曙光 甘肃民勤人参果 5斤装 人生果  长圆果 孕妇宝宝 生鲜 新鲜黄肉水果 5斤装（净重4.5-5斤）】每加购一个商品得50吃货值
完成任务失败：任务已完成

【【300 减200】百草味 鸭肫115g 鲜卤鸭肫鸭肉特产零食 休闲小吃熟食卤味 真空小包装 MJ 五香味】每加购一个商品得50吃货值
完成任务失败：任务已完成

【今聚鲜大号国产翡翠青虾仁1000g 活剥去虾线 冷冻海鲜水产 生鲜】每加购一个商品得50吃货值
完成任务失败：任务已完成

【【买1贈1+碗勺】强健云混合水果麦片早餐食品 烘焙坚果燕麦片即食代餐营养谷物牛奶冲饮儿童酸奶果粒麦片 烘焙水果麦片+酸奶果粒麦片【共1000克】 1000克】每加购一个商品得50吃货值
完成任务失败：任务已完成

【推荐_【三只松鼠_量贩开心果500g/罐装】每日坚果零食干果炒货健康休闲零食原色孕妇食品 500g/罐装】每加购一个商品得50吃货值
完成任务失败：任务已完成

【大希地 牛腩 牛肉 国产冷冻牛肉块 500g】每加购一个商品得50吃货值
完成任务失败：任务已完成

【华牧鲜 加拿大进口AAA级原切雪花眼肉牛排套餐 厚切200g/份 谷饲安格斯牛肉冷冻生鲜 送礼礼袋 AAA级牛排6片装 1.2kg】每加购一个商品得50吃货值
完成任务失败：任务已完成

【我老家山林散养土鸡蛋现捡现发农家柴鸡蛋生鲜盒装箱装单枚40g±5g 10枚/盒装约400g】每加购一个商品得50吃货值
完成任务失败：任务已完成

【【300 减200】百草味 笑口板栗120g 休闲零食坚果特产 即食熟制甘栗 MJ】每加购一个商品得50吃货值
完成任务失败：任务已完成

【王饱饱 烘焙麦片 营养早餐 燕麦片 代餐食品 高纤维 非膨化 草莓优脆乳麦片400g】每加购一个商品得50吃货值
完成任务失败：任务已完成

【佰儒 特级 新茶金骏眉 红茶 茶叶武夷山春茶桐木关散装黄芽2022金俊眉罐子礼盒500g功夫红茶】每加购一个商品得50吃货值
完成任务失败：任务已完成

【荞麦面条低脂肪无糖精面条荞面条荞麦挂面杂粮面条挂面批发 山咔咔 0脂肪 荞麦面条2斤细面】每加购一个商品得50吃货值
完成任务失败：任务已完成

【【300 减200】百草味 泡椒凤爪160g 休闲零食特产香辣鸡肉野山椒鸡爪 MJ】每加购一个商品得50吃货值
完成任务失败：任务已完成

【独角兽厨房 全麦面包低脂切片面包欧包健身餐粗粮杂粮吐司早餐食品代餐面包2斤装整箱 全麦粉含量45%】每加购一个商品得50吃货值
完成任务失败：任务已完成

【柴火大院 五常有机大米5kg 东北大米10斤  稻花香2号】每加购一个商品得50吃货值
完成任务失败：任务已完成

【【特仑苏旗舰店】特仑苏牛奶 经典品质 纯牛奶利乐钻250ml*16盒】每加购一个商品得50吃货值
完成任务失败：任务已完成

【正大 鸡肉生鲜 健康轻食出口日本级品质 健身鸡胸肉健身餐 轻食代餐 琵琶腿500g*4袋 共4斤】每加购一个商品得50吃货值
完成任务失败：任务已完成

【大希地整切牛排牛肉 儿童牛排 生鲜西冷菲力牛排进口冷冻肉源整切调理10包（1200g） 西冷牛排*10包（即将售罄）】每加购一个商品得50吃货值
完成任务失败：任务已完成

【【京东农场】东北有机大米 黑龙江长粒香米 正宗东北香米 前进农场军稻香 京品源全程溯源 【真空装/5kg】】每加购一个商品得50吃货值
完成任务失败：任务已完成

【康师傅红烧15袋/5袋方便面香辣牛肉方便面经典量贩袋装拉煮泡面批发 劲爽 红烧味93g*5袋】每加购一个商品得50吃货值
完成任务失败：任务已完成

【【买1贈1+碗勺】美味地带奇亚籽酸奶果粒燕麦片混合坚果水果麦片 即食麦片早餐食品营养冲饮谷物代餐零食 酸奶水果麦片+烘焙水果麦片【1000g+贈碗勺】】每加购一个商品得50吃货值
完成任务失败：任务已完成

【【岐山天缘】酿造6度白醋约10斤  腌制果蔬  清洁 4.85L】每加购一个商品得50吃货值
完成任务失败：任务已完成

【云典纯黑咖啡速溶咖啡粉手冲美式苦咖啡无蔗糖云南小粒咖啡饮料减燃健身整箱批发 黑咖啡100g*2盒（100袋）】每加购一个商品得50吃货值
完成任务失败：任务已完成

【神丹  松花皮蛋肠 特色小吃凉拌菜300g/支  4支装】每加购一个商品得50吃货值
完成任务失败：任务已完成

【鑫炳记红枣味太谷饼2100g整箱山西特产饼干蛋糕休闲食品早餐面包糕点点心】每加购一个商品得50吃货值
完成任务失败：任务已完成

【【宁化府旗舰店】宁化府 益源庆 山西特产老陈醋 酿造食醋 实惠桶装 桌上瓶160ml】每加购一个商品得50吃货值
完成任务失败：任务已完成

【王一博代言】伊利安慕希高端畅饮希腊风味酸奶早餐230g*10瓶整箱 【3月】高端原味230g*10瓶】每加购一个商品得50吃货值
完成任务失败：任务已完成

【霸王花 广东河源特产方便食品 客家手排箱装原味米粉米线米丝粉丝粉干细粉 炒米粉汤粉汤粉蒸粉 2.5kg原味米粉】每加购一个商品得50吃货值
完成任务失败：任务已完成

【松芳 大列巴面包俄罗斯风味 营养早餐切片坚果大面包 葡萄干核桃仁(切片)800g】每加购一个商品得50吃货值
完成任务失败：任务已完成

【蔡林记 热干面酱包调味料包风味卤牛肉味酱包拌面酱拌饭酱调味酱料单包20g*20袋】每加购一个商品得50吃货值
完成任务失败：任务已完成

【维维豆奶粉760g家庭装营养早餐独立小包速溶冲调高钙蛋白豆奶饮品食品 维维豆奶粉 760g*3袋】每加购一个商品得50吃货值
完成任务失败：任务已完成

【升元 小麦荞麦冷面东北朝鲜风味冷面带汤料565克*6袋 荞麦6袋】每加购一个商品得50吃货值
完成任务失败：任务已完成

【芮瑞 农家散养新鲜现捡鸡蛋笨鸡蛋谷物柴鸡蛋初生蛋 20枚装】每加购一个商品得50吃货值
完成任务失败：任务已完成

【【绿色食品】欧亚高原全脂纯牛奶250g*16盒/箱早餐乳制品】每加购一个商品得50吃货值
完成任务失败：任务已完成

【鹃城牌不含添加剂防腐剂豆瓣酱正宗郫县豆瓣特级豆瓣1000g精编竹笼酱香醇厚中华老字号黑豆瓣手工制作】每加购一个商品得50吃货值
完成任务失败：任务已完成

【道台府 俄罗斯风味红肠400g一袋 正宗哈尔滨红肠 东北黑龙江特产香肠方便速食品】每加购一个商品得50吃货值
完成任务失败：任务已完成

【【冠云官方 】平遥牛肉 山西特产 中华老字号平遥牛肉 熟食休闲零食小装(258gX2袋)516g原味】每加购一个商品得50吃货值
完成任务失败：任务已完成

【东鹏特饮维生素功能饮料 500ml*15瓶】每加购一个商品得50吃货值
完成任务失败：任务已完成

【黄懒懒 火锅油碟 65ml*10罐 火锅蘸料香油碟 四川重庆 火锅调和油易拉罐】每加购一个商品得50吃货值
完成任务失败：任务已完成

【乱劈才正宗酸辣粉248g*10袋可泡可煮麻辣味酸辣粉速食方便粉丝】每加购一个商品得50吃货值
完成任务失败：任务已完成

【五谷磨房 红豆薏米粉512g 代餐粉高纤懒人代餐食品饱腹速食】每加购一个商品得50吃货值
完成任务失败：任务已完成

【零趣乳酪布丁整箱 果冻办公室休闲点心每日小吃学生宿舍小零食品【每】 乳酪布丁500g】每加购一个商品得50吃货值
完成任务失败：任务已完成

【天源酱园 干黄酱350g*5包 干酱北京炸酱面酱 黄豆酱豆瓣酱炸酱辅料】每加购一个商品得50吃货值
完成任务失败：任务已完成

【蔡林记 卤牛肉味鲜拌热干面武汉特产热干面鲜拌面带酱料包泡面早餐速食方便面食品255g*5盒】每加购一个商品得50吃货值
完成任务失败：任务已完成

【【2022年明前特级新茶】龙井茶杭州明前春茶正宗豆香绿茶250g礼盒装豆香龙井散装醉茗山茶叶罐装】每加购一个商品得50吃货值
完成任务失败：任务已完成

【肉松海苔卷即紫菜夹心海苔卷休闲零食小吃儿童拌饭料 肉松味海苔卷100g/罐】每加购一个商品得50吃货值
完成任务失败：任务已完成

【【宁化府旗舰店】山西特产宁化府益源庆老陈醋 手工五年陈酿500ml】每加购一个商品得50吃货值
完成任务失败：任务已完成

【砀山新鲜糖水黄桃水果罐头年货送礼425g/罐天火乐方便食品餐后水果零食整箱团购糖水 425g/罐*12罐】每加购一个商品得50吃货值
完成任务失败：任务已完成

【达利园 蛋黄派草莓派巧克力派组合800g注心蛋糕早餐点心零食大礼包 3袋口味混合装（800g）】每加购一个商品得50吃货值
完成任务失败：任务已完成

【德青源鲜鸡蛋 无抗生素无激素 营养早餐 农场鲜供 舌尖攻略谷饲40枚1.72kg】每加购一个商品得50吃货值
完成任务失败：任务已完成

【【2瓶装】古蜀味道 烧椒酱210g四川农家下饭菜手工椒辣椒酱自制超辣剁椒青椒酱拌饭酱厨房调味】每加购一个商品得50吃货值
完成任务失败：任务已完成

【李子柒 随心包螺蛳粉 广西柳州特产 方便速食鲜辣酸爽烫米粉袋装 240g*1袋】每加购一个商品得50吃货值
完成任务失败：任务已完成

【老旮桃酥老式饼干传统糕点整箱零食小吃休闲食品独立小包装 桃酥【2500g】】每加购一个商品得50吃货值
完成任务失败：任务已完成

【【憨豆熊】红皮花生米500g生新货5斤装新鲜农家晒干散装不带壳 1000g】每加购一个商品得50吃货值
完成任务失败：任务已完成

【太太乐 三鲜鸡精 调味料鸡精大袋调料 厨房调味调料 500g*2袋】每加购一个商品得50吃货值
完成任务失败：任务已完成

【统一小浣熊干脆面30袋/箱 烤肉味烤翅味捏碎面干吃面方便面零食 多口味混装30袋/箱】每加购一个商品得50吃货值
完成任务失败：任务已完成

【浏览伊利牛奶会场】每浏览一个会场4S得100吃货值
助力失败：任务领取成功

助力成功：您的好友获得100金币

【浏览休闲零食会场】每浏览一个会场4S得100吃货值
助力失败：任务领取成功

助力成功：您的好友获得100金币

【浏览良品铺子美食会场】每浏览一个会场4S得100吃货值
助力失败：任务领取成功

助力成功：您的好友获得100金币

【浏览端午会场】每浏览一个会场4S得100吃货值
助力失败：任务领取成功

助力成功：您的好友获得100金币

【浏览樱桃商品会场】每浏览一个会场4S得100吃货值
助力失败：任务领取成功

助力成功：您的好友获得100金币

【浏览食品饮料生鲜吃货节会场】每浏览一个会场4S得100吃货值
助力失败：任务领取成功

助力成功：您的好友获得100金币

【浏览华祥苑茗茶会场】每浏览一个会场4S得100吃货值
助力失败：任务领取成功

助力成功：您的好友获得100金币

【浏览百草味美食会场】每浏览一个会场4S得100吃货值
助力失败：任务领取成功

助力成功：您的好友获得100金币

【浏览潮流趋势会场】每浏览一个会场4S得100吃货值
助力失败：任务领取成功

助力成功：您的好友获得100金币

【浏览粮油米面速食会场】每浏览一个会场4S得100吃货值
助力失败：任务领取成功

助力成功：您的好友获得100金币

【京东账号1（jd_56ac883b2ee02）的吃货嘉年华好友互助码】T0225KkcRRhIplzfI0j2waIKdgCjBVlqWU5jYjeQOc

签到
完成任务：获得100金币

可以抽奖4次，去抽奖

很遗憾未中奖~
很遗憾未中奖~
很遗憾未中奖~
很遗憾未中奖~

开始第2个活动：PLUS生活特权

【领肯德基9.9元下午茶】浏览6s并领取权益可获得200金币
助力失败：任务领取成功

助力成功：您的好友获得200金币

【领半价小皇堡4件套】浏览6s并领取权益可获得200金币
任务领取成功
完成任务：获得200金币

【办银行卡得PLUS会员】浏览6s并领取权益可获得200金币
任务领取成功
完成任务：获得200金币

【领免费吃喝玩乐福利】浏览6s并领取权益可获得200金币
任务领取成功
完成任务：获得200金币

签到
签到成功：获得200金币

可以抽奖5次，去抽奖

很遗憾未中奖~
很遗憾未中奖~
很遗憾未中奖~
很遗憾未中奖~
很遗憾未中奖~

开始第3个活动：1

【浏览锦鲤红包】浏览1个会场6s得1次抽奖机会
助力失败：任务领取成功

助力成功：您的好友获得1金币

【欧迪芬大牌闪购日】浏览1个会场6s得1次抽奖机会
助力失败：任务领取成功

助力成功：您的好友获得1金币

【浏览并关注闪购频道】浏览并关注1个频道得1次抽奖机会
完成任务：获得1金币

【宠汪汪】浏览并关注1个频道得1次抽奖机会
完成任务失败：任务已完成

【浏览并关注众筹频道】浏览并关注1个频道得1次抽奖机会
完成任务：获得1金币

【【商场同款】安踏儿童男童鞋儿童运动鞋6-16岁能量环科技免系带跑步鞋子 黑/正蓝-1 38/24cm】浏览1个商品6s得1次抽奖机会
任务领取成功
完成任务：获得1金币

【安踏童装女童套装2021年冬季新款加绒保暖儿童套头休闲套装女小童装翻领卫衣+运动休闲长裤3-6岁 鹅黄色/梦幻黑-3 101cm】浏览1个商品6s得1次抽奖机会
任务领取成功
完成任务：获得1金币

【京东账号1（jd_56ac883b2ee02）的1好友互助码】T0225KkcRRhIplzfI0j2waIKdgCjVQmoaT5kRrbA

可以抽奖6次，去抽奖

很遗憾未中奖~
抽中：1京豆
很遗憾未中奖~
抽中：1京豆
抽中：1京豆
很遗憾未中奖~

开始第4个活动：2

【浏览众筹频道】浏览10秒得200金币
任务领取成功
完成任务：获得200金币

【新疆葡萄酒产区馆】浏览并关注店铺领50金币
完成任务：获得50金币

【阳山水蜜桃专营店】浏览并关注店铺领50金币
完成任务：获得50金币

【冈本京东自营旗舰店】浏览并关注店铺领50金币
完成任务：获得50金币

【京东定制酒自营旗舰店】浏览并关注店铺领50金币
完成任务：获得50金币

【京安途 京东自营旗舰店】浏览并关注店铺领50金币
完成任务：获得50金币

【巧茗堂京东自营旗舰店】浏览并关注店铺领50金币
完成任务失败：任务已完成

【京东原酒定制 虎年IP定制款 酱香经典 8年坛储 酱香型白酒 53度 500ml 贵州茅台镇酱酒 卢禹舜大师联名】单个商品浏览5秒领50金币
任务领取成功
完成任务：获得50金币

【孕柚宫颈癌TERC基因检测采样包 荧光原位杂交fish检测 居家自采样 HPV阳性癌前病变筛查】单个商品浏览5秒领50金币
任务领取成功
完成任务：获得50金币

【鲤遇 龙游华夏-粽夏畅享知味观粽子高邮咸鸭蛋艾草香囊礼盒端午礼盒支持团购】单个商品浏览5秒领50金币
任务领取成功
完成任务：获得50金币

【【无锡阳山馆】认领一棵树-无锡水蜜桃“白凤桃” 新鲜水果 桃子 独享认领/1人/组/240颗水蜜桃（附桃类衍生品）】单个商品浏览5秒领50金币
任务领取成功
完成任务：获得50金币

【新疆尼雅婚庆祝福葡萄酒 喜宴新婚酒 喜结良缘 单瓶装】单个商品浏览5秒领50金币
任务领取成功
完成任务：获得50金币

【绘睡（letsleep）自适应AI智能床垫软硬智能匹配黑科技AI模组5级软硬度APP随心调节独立分区双睡感1.8*2.0米】单个商品浏览5秒领50金币
任务领取成功
完成任务：获得50金币

【巧茗堂 植物精油喷雾驱蚊液 驱蚊水止痒舒缓液 驱防蚊喷雾 花露水蚊虫叮咬驱蚊喷雾50ml*1+舒缓液10ml*2】单个商品浏览5秒领50金币
任务领取成功
完成任务：获得50金币

【虎头局渣打饼行 粽子礼盒100g*6只装 肉粽碱水粽腊肠粽 端午节礼品团购福利 】单个商品浏览5秒领50金币
任务领取成功
完成任务：获得50金币

【浏览并关注众筹频道】已完成

可以抽奖2次，去抽奖

很遗憾未中奖~
很遗憾未中奖~

开始第5个活动：3

【关注黄天鹅自营旗舰店】每关注1个店铺可得100新动值
完成任务：获得100金币

【关注联合利华自营旗舰店】每关注1个店铺可得100新动值
完成任务：获得100金币

【关注拉面说自营旗舰店】每关注1个店铺可得100新动值
完成任务：获得100金币

【关注筷手小厨自营旗舰店】每关注1个店铺可得100新动值
完成任务：获得100金币

【关注布鲁可自营旗舰店】每关注1个店铺可得100新动值
完成任务：获得100金币

【关注王饱饱自营旗舰店】每关注1个店铺可得100新动值
完成任务：获得100金币

【关注可口可乐旗舰店】每关注1个店铺可得100新动值
完成任务：获得100金币

【关注三顿半自营旗舰店】每关注1个店铺可得100新动值
完成任务：获得100金币

【关注植益自营旗舰店】每关注1个店铺可得100新动值
完成任务：获得100金币

【关注瑞幸咖啡自营旗舰店】每关注1个店铺可得100新动值
完成任务：获得100金币

【奥妙除菌除螨洗衣液 3kg+400g*3+内衣洗衣液275ml*2送补充装洗衣液480G*5】每加购1个商品可得50新动值
助力成功：您的好友获得50金币

【小皮(LittleFreddie)高品质核桃油100ml 天然营养初榨食用油 欧洲原装进口 儿童/孕妇可用】每加购1个商品可得50新动值
助力成功：您的好友获得50金币

【吉列(Gillette)刮胡刀手动剃须刀手动 非吉利礼物男 布加迪跑车联名典藏款热感1刀架2刀头+充电底座+官方车模】每加购1个商品可得50新动值
助力成功：您的好友获得50金币

【看看追新PRO】每关注1个频道可得500新动值
完成任务：获得500金币

【看看京东超市】每关注1个频道可得500新动值
完成任务：获得500金币

【逛京东超市频道】每浏览1个会场6s可得100新动值
任务领取成功
完成任务：获得100金币

【京东账号1（jd_56ac883b2ee02）的3好友互助码】T0225KkcRRhIplzfI0j2waIKdgDjRXlq-7zx55awQ

可以抽奖4次，去抽奖

很遗憾未中奖~
很遗憾未中奖~
很遗憾未中奖~
很遗憾未中奖~

*******开始【京东账号2】蓝闺q*********


开始第1个活动：吃货嘉年华

点击热区
完成任务：获得50金币

点击热区
完成任务：获得50金币

【鑫炳记太谷饼70g*20袋山西特色小吃点心办公室休闲零食手工传统老式早餐糕点 原味70g*20袋】每加购一个商品得50吃货值
完成任务：获得50金币

【阿宽红油面皮 四川铺盖面非油炸方便面袋装 方便速食干拌泡面 麻辣味 10袋装】每加购一个商品得50吃货值
完成任务：获得50金币

【认养一头牛 高端法式风味酸奶230g*10瓶整箱营养早餐酸奶 白桃燕麦10瓶装*2箱】每加购一个商品得50吃货值
完成任务：获得50金币

【好人家 手工麻辣牛油火锅底料900g 重庆麻辣老火锅底料 聚餐送礼】每加购一个商品得50吃货值
完成任务：获得50金币

【滇园 玫瑰鲜花饼礼盒800g共20枚 云南特产休闲零食小吃糕点美食 中秋节送礼】每加购一个商品得50吃货值
完成任务：获得50金币

【统一汤达人日式豚骨方便面五连包袋装泡面懒人速食食品 日式豚骨面五连包】每加购一个商品得50吃货值
完成任务：获得50金币

【黄老五 休闲零食糖果 黑芝麻花生酥糖188g*3袋 四川特产小吃 传统怀旧零食】每加购一个商品得50吃货值
完成任务：获得50金币

【食宴 意大利面酱 1kg 番茄牛肉风味意面酱 黑椒牛柳奶油培根意面酱拌面酱 1袋1kg酱（番茄牛肉味） 见标识】每加购一个商品得50吃货值
完成任务：获得50金币

【小白心里软_酸奶味小口袋面包420g 网红乳酸菌夹心软早餐零食整箱食品多口味休闲小吃 草莓味-乳酸菌小口袋420g】每加购一个商品得50吃货值
完成任务：获得50金币

【【特仑苏旗舰店】特仑苏纯牛奶250mL×16包*2提组合装 早餐奶 易携带礼盒装 中秋春节送礼推荐】每加购一个商品得50吃货值
完成任务：获得50金币

【沙窝曙光 甘肃民勤人参果 5斤装 人生果  长圆果 孕妇宝宝 生鲜 新鲜黄肉水果 5斤装（净重4.5-5斤）】每加购一个商品得50吃货值
完成任务：获得50金币

【【300 减200】百草味 鸭肫115g 鲜卤鸭肫鸭肉特产零食 休闲小吃熟食卤味 真空小包装 MJ 五香味】每加购一个商品得50吃货值
完成任务：获得50金币

【今聚鲜大号国产翡翠青虾仁1000g 活剥去虾线 冷冻海鲜水产 生鲜】每加购一个商品得50吃货值
完成任务：获得50金币

【【买1贈1+碗勺】强健云混合水果麦片早餐食品 烘焙坚果燕麦片即食代餐营养谷物牛奶冲饮儿童酸奶果粒麦片 烘焙水果麦片+酸奶果粒麦片【共1000克】 1000克】每加购一个商品得50吃货值
完成任务：获得50金币

【推荐_【三只松鼠_量贩开心果500g/罐装】每日坚果零食干果炒货健康休闲零食原色孕妇食品 500g/罐装】每加购一个商品得50吃货值
完成任务：获得50金币

【大希地 牛腩 牛肉 国产冷冻牛肉块 500g】每加购一个商品得50吃货值
完成任务失败：任务已完成

【华牧鲜 加拿大进口AAA级原切雪花眼肉牛排套餐 厚切200g/份 谷饲安格斯牛肉冷冻生鲜 送礼礼袋 AAA级牛排6片装 1.2kg】每加购一个商品得50吃货值
完成任务失败：任务已完成

【我老家山林散养土鸡蛋现捡现发农家柴鸡蛋生鲜盒装箱装单枚40g±5g 10枚/盒装约400g】每加购一个商品得50吃货值
完成任务失败：任务已完成

【【300 减200】百草味 笑口板栗120g 休闲零食坚果特产 即食熟制甘栗 MJ】每加购一个商品得50吃货值
完成任务失败：任务已完成

【王饱饱 烘焙麦片 营养早餐 燕麦片 代餐食品 高纤维 非膨化 草莓优脆乳麦片400g】每加购一个商品得50吃货值
完成任务失败：任务已完成

【佰儒 特级 新茶金骏眉 红茶 茶叶武夷山春茶桐木关散装黄芽2022金俊眉罐子礼盒500g功夫红茶】每加购一个商品得50吃货值
完成任务失败：任务已完成

【荞麦面条低脂肪无糖精面条荞面条荞麦挂面杂粮面条挂面批发 山咔咔 0脂肪 荞麦面条2斤细面】每加购一个商品得50吃货值
完成任务失败：任务已完成

【【300 减200】百草味 泡椒凤爪160g 休闲零食特产香辣鸡肉野山椒鸡爪 MJ】每加购一个商品得50吃货值
完成任务失败：任务已完成

【独角兽厨房 全麦面包低脂切片面包欧包健身餐粗粮杂粮吐司早餐食品代餐面包2斤装整箱 全麦粉含量45%】每加购一个商品得50吃货值
完成任务失败：任务已完成

【柴火大院 五常有机大米5kg 东北大米10斤  稻花香2号】每加购一个商品得50吃货值
完成任务失败：任务已完成

【【特仑苏旗舰店】特仑苏牛奶 经典品质 纯牛奶利乐钻250ml*16盒】每加购一个商品得50吃货值
完成任务失败：任务已完成

【正大 鸡肉生鲜 健康轻食出口日本级品质 健身鸡胸肉健身餐 轻食代餐 琵琶腿500g*4袋 共4斤】每加购一个商品得50吃货值
完成任务失败：任务已完成

【大希地整切牛排牛肉 儿童牛排 生鲜西冷菲力牛排进口冷冻肉源整切调理10包（1200g） 西冷牛排*10包（即将售罄）】每加购一个商品得50吃货值
完成任务失败：任务已完成

【【京东农场】东北有机大米 黑龙江长粒香米 正宗东北香米 前进农场军稻香 京品源全程溯源 【真空装/5kg】】每加购一个商品得50吃货值
完成任务失败：任务已完成

【康师傅红烧15袋/5袋方便面香辣牛肉方便面经典量贩袋装拉煮泡面批发 劲爽 红烧味93g*5袋】每加购一个商品得50吃货值
完成任务失败：任务已完成

【【买1贈1+碗勺】美味地带奇亚籽酸奶果粒燕麦片混合坚果水果麦片 即食麦片早餐食品营养冲饮谷物代餐零食 酸奶水果麦片+烘焙水果麦片【1000g+贈碗勺】】每加购一个商品得50吃货值
完成任务失败：任务已完成

【【岐山天缘】酿造6度白醋约10斤  腌制果蔬  清洁 4.85L】每加购一个商品得50吃货值
完成任务失败：任务已完成

【云典纯黑咖啡速溶咖啡粉手冲美式苦咖啡无蔗糖云南小粒咖啡饮料减燃健身整箱批发 黑咖啡100g*2盒（100袋）】每加购一个商品得50吃货值
完成任务失败：任务已完成

【神丹  松花皮蛋肠 特色小吃凉拌菜300g/支  4支装】每加购一个商品得50吃货值
完成任务失败：任务已完成

【鑫炳记红枣味太谷饼2100g整箱山西特产饼干蛋糕休闲食品早餐面包糕点点心】每加购一个商品得50吃货值
完成任务失败：任务已完成

【【宁化府旗舰店】宁化府 益源庆 山西特产老陈醋 酿造食醋 实惠桶装 桌上瓶160ml】每加购一个商品得50吃货值
完成任务失败：任务已完成

【王一博代言】伊利安慕希高端畅饮希腊风味酸奶早餐230g*10瓶整箱 【3月】高端原味230g*10瓶】每加购一个商品得50吃货值
完成任务失败：任务已完成

【霸王花 广东河源特产方便食品 客家手排箱装原味米粉米线米丝粉丝粉干细粉 炒米粉汤粉汤粉蒸粉 2.5kg原味米粉】每加购一个商品得50吃货值
完成任务失败：任务已完成

【松芳 大列巴面包俄罗斯风味 营养早餐切片坚果大面包 葡萄干核桃仁(切片)800g】每加购一个商品得50吃货值
完成任务失败：任务已完成

【维维豆奶粉760g家庭装营养早餐独立小包速溶冲调高钙蛋白豆奶饮品食品 维维豆奶粉 760g*3袋】每加购一个商品得50吃货值
完成任务失败：任务已完成

【芮瑞 农家散养新鲜现捡鸡蛋笨鸡蛋谷物柴鸡蛋初生蛋 20枚装】每加购一个商品得50吃货值
完成任务失败：任务已完成

【升元 小麦荞麦冷面东北朝鲜风味冷面带汤料565克*6袋 荞麦6袋】每加购一个商品得50吃货值
完成任务失败：任务已完成

【【绿色食品】欧亚高原全脂纯牛奶250g*16盒/箱早餐乳制品】每加购一个商品得50吃货值
完成任务失败：任务已完成

【鹃城牌不含添加剂防腐剂豆瓣酱正宗郫县豆瓣特级豆瓣1000g精编竹笼酱香醇厚中华老字号黑豆瓣手工制作】每加购一个商品得50吃货值
完成任务失败：任务已完成

【【冠云官方 】平遥牛肉 山西特产 中华老字号平遥牛肉 熟食休闲零食小装(258gX2袋)516g原味】每加购一个商品得50吃货值
完成任务失败：任务已完成

【蔡林记 卤牛肉味鲜拌热干面武汉特产热干面鲜拌面带酱料包泡面早餐速食方便面食品255g*5盒】每加购一个商品得50吃货值
完成任务失败：任务已完成

【东鹏特饮维生素功能饮料 500ml*15瓶】每加购一个商品得50吃货值
完成任务失败：任务已完成

【【2瓶装】古蜀味道 烧椒酱210g四川农家下饭菜手工椒辣椒酱自制超辣剁椒青椒酱拌饭酱厨房调味】每加购一个商品得50吃货值
完成任务失败：任务已完成

【五谷磨房 红豆薏米粉512g 代餐粉高纤懒人代餐食品饱腹速食】每加购一个商品得50吃货值
完成任务失败：任务已完成

【知味观中华老字号血糯八宝饭300g 春节年货批发杭州特产糯米饭食品真空包装】每加购一个商品得50吃货值
完成任务失败：任务已完成

【零趣乳酪布丁整箱 果冻办公室休闲点心每日小吃学生宿舍小零食品【每】 乳酪布丁500g】每加购一个商品得50吃货值
完成任务失败：任务已完成

【黄懒懒 火锅油碟 65ml*10罐 火锅蘸料香油碟 四川重庆 火锅调和油易拉罐】每加购一个商品得50吃货值
完成任务失败：任务已完成

【【2022年明前特级新茶】龙井茶杭州明前春茶正宗豆香绿茶250g礼盒装豆香龙井散装醉茗山茶叶罐装】每加购一个商品得50吃货值
完成任务失败：任务已完成

【道台府 俄罗斯风味红肠400g一袋 正宗哈尔滨红肠 东北黑龙江特产香肠方便速食品】每加购一个商品得50吃货值
完成任务失败：任务已完成

【肉松海苔卷即紫菜夹心海苔卷休闲零食小吃儿童拌饭料 肉松味海苔卷100g/罐】每加购一个商品得50吃货值
完成任务失败：任务已完成

【天源酱园 干黄酱350g*5包 干酱北京炸酱面酱 黄豆酱豆瓣酱炸酱辅料】每加购一个商品得50吃货值
完成任务失败：任务已完成

【达利园 蛋黄派草莓派巧克力派组合800g注心蛋糕早餐点心零食大礼包 3袋口味混合装（800g）】每加购一个商品得50吃货值
完成任务失败：任务已完成

【乱劈才正宗酸辣粉248g*10袋可泡可煮麻辣味酸辣粉速食方便粉丝】每加购一个商品得50吃货值
完成任务失败：任务已完成

【德青源鲜鸡蛋 无抗生素无激素 营养早餐 农场鲜供 舌尖攻略谷饲40枚1.72kg】每加购一个商品得50吃货值
完成任务失败：任务已完成

【【宁化府旗舰店】山西特产宁化府益源庆老陈醋 手工五年陈酿500ml】每加购一个商品得50吃货值
完成任务失败：任务已完成

【老旮桃酥老式饼干传统糕点整箱零食小吃休闲食品独立小包装 桃酥【2500g】】每加购一个商品得50吃货值
完成任务失败：任务已完成

【李子柒 随心包螺蛳粉 广西柳州特产 方便速食鲜辣酸爽烫米粉袋装 240g*1袋】每加购一个商品得50吃货值
完成任务失败：任务已完成

【【憨豆熊】红皮花生米500g生新货5斤装新鲜农家晒干散装不带壳 1000g】每加购一个商品得50吃货值
完成任务失败：任务已完成

【太太乐 三鲜鸡精 调味料鸡精大袋调料 厨房调味调料 500g*2袋】每加购一个商品得50吃货值
完成任务失败：任务已完成

【健元堂 多口味红豆薏米粗粮代餐饼干饱腹450G无糖精健身低五谷杂粮卡脂热老人压缩干粮食品 红豆薏米燕麦饼】每加购一个商品得50吃货值
完成任务失败：任务已完成

【砀山新鲜糖水黄桃水果罐头年货送礼425g/罐天火乐方便食品餐后水果零食整箱团购糖水 425g/罐*12罐】每加购一个商品得50吃货值
完成任务失败：任务已完成

【益达（Extra）口香糖益达木糖醇无糖口香糖 【热门6瓶】热门6口味组合】每加购一个商品得50吃货值
完成任务失败：任务已完成

【蔡林记 热干面酱包调味料包风味卤牛肉味酱包拌面酱拌饭酱调味酱料单包20g*20袋】每加购一个商品得50吃货值
完成任务失败：任务已完成

【知味观 绿茶酥 杭州特产糕点龙井酥 传统老字号 茶点心零食】每加购一个商品得50吃货值
完成任务失败：任务已完成

【统一小浣熊干脆面30袋/箱 烤肉味烤翅味捏碎面干吃面方便面零食 多口味混装30袋/箱】每加购一个商品得50吃货值
完成任务失败：任务已完成

【秭归伦晚橙子脐橙手剥橙薄皮 当季时令新鲜水果 生鲜孕妇礼盒（现摘现发） （甄选）果径75mm以上 9斤大果精品装】每加购一个商品得50吃货值
完成任务失败：任务已完成

【巧媳妇小米醋桶纯酿造食醋调味炒菜凉拌饺子醋实惠酿造米醋凉拌调味纯酿米醋1.3L*2】每加购一个商品得50吃货值
完成任务失败：任务已完成

【DGI低GI无糖精黑麦代餐全麦面包粗粮健身食品休闲零食懒人速食饱腹面包吐司早餐 全麦味 700g】每加购一个商品得50吃货值
完成任务失败：任务已完成

【双汇鸡肉火腿肠鸡肉肠整箱批发香肠烤肠方便面搭档好吃的休闲零食方便食品配菜批发 鸡肉火腿肠60g*50支】每加购一个商品得50吃货值
完成任务失败：任务已完成

【【第2罐5折】艺佰奇亚籽 奇雅子 齐亚子 熟制免洗奇亚子饱腹代餐可搭配 燕麦片即食酸奶水果代餐谷物 奇亚籽配量勺450克】每加购一个商品得50吃货值
完成任务失败：任务已完成

【姜老大 海盐海盐黑胡椒混合调料研磨130g 2瓶组合健身西餐牛排鸡胸肉水煮菜调料】每加购一个商品得50吃货值
完成任务失败：任务已完成

【DGI低GI无添加蔗糖孕妇粗粮全麦高纤维饼干魔芋饱腹代餐零食品 全麦麦香味180g】每加购一个商品得50吃货值
完成任务失败：任务已完成

【【自热米饭】自嗨锅 自热小火锅自热煲仔饭迷你锅方便速食方便粥饭自热方便米饭 回锅肉】每加购一个商品得50吃货值
完成任务失败：任务已完成

【美国进口BRAGG苹果醋原浆减无糖水果醋浓缩饮料轻食调味料健身饮品肥生酮食品苹果醋 946ml】每加购一个商品得50吃货值
完成任务失败：任务已完成

【蔡林记 脆萝卜辣萝卜腌制酱菜泡菜瓶装湖北特色下饭咸菜萝卜丁280g*3瓶装】每加购一个商品得50吃货值
完成任务失败：任务已完成

【【百元吃遍格力高】百醇Pejoy 注心巧克力味饼干棒休闲零食巧克力牛奶抹茶草莓红酒朗姆新口味 红酒巧克力味】每加购一个商品得50吃货值
完成任务失败：任务已完成

【华丰三鲜伊面86g每袋装方便面整箱批发80后经典怀旧泡面速食干吃 原味 86g*24包【店长推荐】】每加购一个商品得50吃货值
完成任务失败：任务已完成

【【顺丰速发】言片光 临安天目山小香薯 红薯地瓜2.5kg一箱 新鲜蔬菜 5斤装（净重4.8斤）【严选中果】】每加购一个商品得50吃货值
完成任务失败：任务已完成

【【宁化府旗舰店】山西特产老陈醋宁化府益源庆2.4L+手工六年1.25L组合】每加购一个商品得50吃货值
完成任务失败：任务已完成

【千丝肉松饼 办公室点心休闲早餐糕点小零食品年货【超】 肉松饼整箱500g】每加购一个商品得50吃货值
完成任务失败：任务已完成

【十里螺香螺蛳粉300g*1袋广西柳州正宗特产水煮型速食米线螺狮粉螺丝粉 1袋】每加购一个商品得50吃货值
完成任务失败：任务已完成

【Lindt进口瑞士莲黑巧克力可可软心巧克力球喜糖礼盒lindor瑞士莲巧克力夹心牛奶巧克力礼物送女友 瑞士莲黑巧混装600g】每加购一个商品得50吃货值
完成任务失败：任务已完成

【重庆江津九叶鲜青花椒油藤椒油花椒油麻椒油花椒酱麻椒酱 135ML】每加购一个商品得50吃货值
完成任务失败：任务已完成

【【会员专享】良品铺子  芝士泡芙60g 奶油夹心饼干蛋糕脆皮泡芙球 芝士夹心泡芙饼干零食 芝士泡芙 60gx1盒】每加购一个商品得50吃货值
完成任务失败：任务已完成

【川豫情 川陕风味红油面皮 非油炸擀面皮方便面速食拌面凉皮 红油面皮105g*5袋】每加购一个商品得50吃货值
完成任务失败：任务已完成

【好人家 青花椒鱼调料210g*3袋 川味麻辣红烧鱼烧肉调味料四川特产】每加购一个商品得50吃货值
完成任务失败：任务已完成

【真巧 酱芯曲奇饼干 巧克力夹心饼干 350g整袋装(内装约35小包)】每加购一个商品得50吃货值
完成任务失败：任务已完成

【上海梅林罐头经典午餐肉170g猪肉5罐】每加购一个商品得50吃货值
完成任务失败：任务已完成

【安佳黄油20盒 煎牛排黄油小包装 动物黄油 烘焙黄油140g 20盒】每加购一个商品得50吃货值
完成任务失败：任务已完成

【千禾 料酒 五香料酒 炒菜去腥 500ml-1瓶】每加购一个商品得50吃货值
完成任务失败：任务已完成

【【葡记香草鲜奶香蒸蛋糕1000g】2斤装整箱网红早餐糕点心代餐休闲零食品】每加购一个商品得50吃货值
完成任务失败：任务已完成

【公仔面碗仔面 方便面整箱 桶装混搭18碗 多口味混搭 泡面整箱 公仔面迷你碗面泡面 早餐泡面】每加购一个商品得50吃货值
完成任务失败：任务已完成

【蒙牛 纯牛奶 PURE MILK  整箱装 乳制品 （新老包装随机发货） 纯牛奶250mL*16盒/箱】每加购一个商品得50吃货值
完成任务失败：任务已完成

【姜老大海盐黑胡椒粒70g 研磨瓶装西餐牛排意面调味撒料】每加购一个商品得50吃货值
完成任务失败：任务已完成

【浏览良品铺子美食会场】每浏览一个会场4S得100吃货值
助力失败：任务领取成功

助力成功：您的好友获得100金币

【浏览端午会场】每浏览一个会场4S得100吃货值
助力失败：任务领取成功

助力成功：您的好友获得100金币

【浏览樱桃商品会场】每浏览一个会场4S得100吃货值
助力失败：任务领取成功

助力成功：您的好友获得100金币

【浏览食品饮料生鲜吃货节会场】每浏览一个会场4S得100吃货值
助力失败：任务领取成功

助力成功：您的好友获得100金币

【浏览华祥苑茗茶会场】每浏览一个会场4S得100吃货值
助力失败：任务领取成功

助力成功：您的好友获得100金币

【浏览百草味美食会场】每浏览一个会场4S得100吃货值
助力失败：任务领取成功

助力成功：您的好友获得100金币

【浏览潮流趋势会场】每浏览一个会场4S得100吃货值
助力失败：任务领取成功

助力成功：您的好友获得100金币

【浏览粮油米面速食会场】每浏览一个会场4S得100吃货值
助力失败：任务领取成功

助力成功：您的好友获得100金币

【浏览伊利牛奶会场】每浏览一个会场4S得100吃货值
助力失败：任务领取成功

助力成功：您的好友获得100金币

【浏览休闲零食会场】每浏览一个会场4S得100吃货值
助力失败：任务领取成功

助力成功：您的好友获得100金币

【京东账号2（jd_72476e50d1b0e）的吃货嘉年华好友互助码】T0225KkcRxwd8lKCJRqglaUKIQCjBVlqWU5jYjeQOc

签到
完成任务：获得100金币

可以抽奖4次，去抽奖

很遗憾未中奖~
很遗憾未中奖~
很遗憾未中奖~
很遗憾未中奖~

开始第2个活动：PLUS生活特权

【领肯德基9.9元下午茶】浏览6s并领取权益可获得200金币
助力失败：任务领取成功

助力成功：您的好友获得200金币

【领半价小皇堡4件套】浏览6s并领取权益可获得200金币
任务领取成功
完成任务：获得200金币

【办银行卡得PLUS会员】浏览6s并领取权益可获得200金币
任务领取成功
完成任务：获得200金币

【领免费吃喝玩乐福利】浏览6s并领取权益可获得200金币
任务领取成功
完成任务：获得200金币

签到
签到成功：获得200金币

可以抽奖5次，去抽奖

很遗憾未中奖~
很遗憾未中奖~
很遗憾未中奖~
很遗憾未中奖~
很遗憾未中奖~

开始第3个活动：1

【浏览锦鲤红包】浏览1个会场6s得1次抽奖机会
助力失败：任务领取成功

助力成功：您的好友获得1金币

【欧迪芬大牌闪购日】浏览1个会场6s得1次抽奖机会
助力失败：任务领取成功

助力成功：您的好友获得1金币

【浏览并关注众筹频道】浏览并关注1个频道得1次抽奖机会
完成任务：获得1金币

【浏览并关注闪购频道】浏览并关注1个频道得1次抽奖机会
完成任务：获得1金币

【宠汪汪】浏览并关注1个频道得1次抽奖机会
完成任务失败：任务已完成

【Lee Cooper休闲裤男2022春夏季新款韩版修身小脚工装裤潮流运动男裤百搭男士系带长裤子 军绿色 31码】浏览1个商品6s得1次抽奖机会
任务领取成功
完成任务：获得1金币

【海天 酱油  红烧酱油 红烧炒菜上色提鲜 1.9L大瓶装 中华老字号 500ml 【年货送礼】】浏览1个商品6s得1次抽奖机会
任务领取成功
完成任务：获得1金币

【京东账号2（jd_72476e50d1b0e）的1好友互助码】T0225KkcRxwd8lKCJRqglaUKIQCjVQmoaT5kRrbA

可以抽奖6次，去抽奖

很遗憾未中奖~
很遗憾未中奖~
抽中：1京豆
很遗憾未中奖~
很遗憾未中奖~
很遗憾未中奖~

开始第4个活动：2

【浏览众筹频道】浏览10秒得200金币
任务领取成功
完成任务：获得200金币

【京东定制酒自营旗舰店】浏览并关注店铺领50金币
完成任务：获得50金币

【京安途 京东自营旗舰店】浏览并关注店铺领50金币
完成任务：获得50金币

【巧茗堂京东自营旗舰店】浏览并关注店铺领50金币
完成任务：获得50金币

【新疆葡萄酒产区馆】浏览并关注店铺领50金币
完成任务：获得50金币

【阳山水蜜桃专营店】浏览并关注店铺领50金币
完成任务：获得50金币

【冈本京东自营旗舰店】浏览并关注店铺领50金币
完成任务失败：任务已完成

【京安途（Jauto）高压洗车机家用 无线锂电手持洗车电动枪清洗机刷车泵 增压自动取水清洗 升级高压电机】单个商品浏览5秒领50金币
任务领取成功
完成任务：获得50金币

【京东原酒定制 虎年IP定制款 酱香经典 8年坛储 酱香型白酒 53度 500ml 贵州茅台镇酱酒 卢禹舜大师联名】单个商品浏览5秒领50金币
任务领取成功
完成任务：获得50金币

【【无锡阳山馆】认领一棵树-无锡水蜜桃“白凤桃” 新鲜水果 桃子 独享认领/1人/组/240颗水蜜桃（附桃类衍生品）】单个商品浏览5秒领50金币
任务领取成功
完成任务：获得50金币

【新疆尼雅婚庆祝福葡萄酒 喜宴新婚酒 喜结良缘 单瓶装】单个商品浏览5秒领50金币
任务领取成功
完成任务：获得50金币

【绘睡（letsleep）自适应AI智能床垫软硬智能匹配黑科技AI模组5级软硬度APP随心调节独立分区双睡感1.8*2.0米】单个商品浏览5秒领50金币
任务领取成功
完成任务：获得50金币

【虎头局渣打饼行 粽子礼盒100g*6只装 肉粽碱水粽腊肠粽 端午节礼品团购福利 】单个商品浏览5秒领50金币
任务领取成功
完成任务：获得50金币

【巧茗堂 植物精油喷雾驱蚊液 驱蚊水止痒舒缓液 驱防蚊喷雾 花露水蚊虫叮咬驱蚊喷雾50ml*1+舒缓液10ml*2】单个商品浏览5秒领50金币
任务领取成功
完成任务：获得50金币

【冈本 避孕套 安全套 鎏金礼盒超薄组合22片（透薄四合一+SKIN纯3+激薄5） 男女用 套套 计生用品 okamoto】单个商品浏览5秒领50金币
任务领取成功
完成任务：获得50金币

【浏览并关注众筹频道】已完成

可以抽奖1次，去抽奖

很遗憾未中奖~

开始第5个活动：3

【关注可口可乐旗舰店】每关注1个店铺可得100新动值
完成任务：获得100金币

【关注三顿半自营旗舰店】每关注1个店铺可得100新动值
完成任务：获得100金币

【关注植益自营旗舰店】每关注1个店铺可得100新动值
完成任务：获得100金币

【关注瑞幸咖啡自营旗舰店】每关注1个店铺可得100新动值
完成任务：获得100金币

【关注黄天鹅自营旗舰店】每关注1个店铺可得100新动值
完成任务：获得100金币

【关注联合利华自营旗舰店】每关注1个店铺可得100新动值
完成任务：获得100金币

【关注拉面说自营旗舰店】每关注1个店铺可得100新动值
完成任务：获得100金币

【关注筷手小厨自营旗舰店】每关注1个店铺可得100新动值
完成任务：获得100金币

【关注布鲁可自营旗舰店】每关注1个店铺可得100新动值
完成任务：获得100金币

【关注王饱饱自营旗舰店】每关注1个店铺可得100新动值
完成任务：获得100金币

【奥妙除菌除螨洗衣液 3kg+400g*3+内衣洗衣液275ml*2送补充装洗衣液480G*5】每加购1个商品可得50新动值
助力成功：您的好友获得50金币

【小皮(LittleFreddie)高品质核桃油100ml 天然营养初榨食用油 欧洲原装进口 儿童/孕妇可用】每加购1个商品可得50新动值
助力成功：您的好友获得50金币

【吉列(Gillette)刮胡刀手动剃须刀手动 非吉利礼物男 布加迪跑车联名典藏款热感1刀架2刀头+充电底座+官方车模】每加购1个商品可得50新动值
助力成功：您的好友获得50金币

【看看追新PRO】每关注1个频道可得500新动值
完成任务：获得500金币

【看看京东超市】每关注1个频道可得500新动值
完成任务：获得500金币

【逛京东超市频道】每浏览1个会场6s可得100新动值
任务领取成功
完成任务：获得100金币

【京东账号2（jd_72476e50d1b0e）的3好友互助码】T0225KkcRxwd8lKCJRqglaUKIQDjRXlq-7zx55awQ

可以抽奖4次，去抽奖

很遗憾未中奖~
很遗憾未中奖~
很遗憾未中奖~
很遗憾未中奖~
开始内部助力

开始助力第1个活动：吃货嘉年华

jd_56ac883b2ee02 去助力 jd_56ac883b2ee02 的助力码 T0225KkcRRhIplzfI0j2waIKdgCjBVlqWU5jYjeQOc
不能助力自己

jd_56ac883b2ee02 去助力 jd_72476e50d1b0e 的助力码 T0225KkcRxwd8lKCJRqglaUKIQCjBVlqWU5jYjeQOc
完成任务：获得200金币

开始助力第2个活动：PLUS生活特权

开始助力第3个活动：1

jd_56ac883b2ee02 去助力 jd_56ac883b2ee02 的助力码 T0225KkcRRhIplzfI0j2waIKdgCjVQmoaT5kRrbA
不能助力自己

jd_56ac883b2ee02 去助力 jd_72476e50d1b0e 的助力码 T0225KkcRxwd8lKCJRqglaUKIQCjVQmoaT5kRrbA
完成任务：获得1金币

开始助力第4个活动：2

开始助力第5个活动：3

jd_56ac883b2ee02 去助力 jd_56ac883b2ee02 的助力码 T0225KkcRRhIplzfI0j2waIKdgDjRXlq-7zx55awQ
不能助力自己

jd_56ac883b2ee02 去助力 jd_72476e50d1b0e 的助力码 T0225KkcRxwd8lKCJRqglaUKIQDjRXlq-7zx55awQ
完成任务：获得300金币

开始内部助力

开始助力第1个活动：吃货嘉年华

jd_72476e50d1b0e 去助力 jd_56ac883b2ee02 的助力码 T0225KkcRRhIplzfI0j2waIKdgCjBVlqWU5jYjeQOc
完成任务：获得200金币

jd_72476e50d1b0e 去助力 jd_72476e50d1b0e 的助力码 T0225KkcRxwd8lKCJRqglaUKIQCjBVlqWU5jYjeQOc
不能助力自己

开始助力第2个活动：PLUS生活特权

开始助力第3个活动：1

jd_72476e50d1b0e 去助力 jd_56ac883b2ee02 的助力码 T0225KkcRRhIplzfI0j2waIKdgCjVQmoaT5kRrbA
完成任务：获得1金币

jd_72476e50d1b0e 去助力 jd_72476e50d1b0e 的助力码 T0225KkcRxwd8lKCJRqglaUKIQCjVQmoaT5kRrbA
不能助力自己

开始助力第4个活动：2

开始助力第5个活动：3

jd_72476e50d1b0e 去助力 jd_56ac883b2ee02 的助力码 T0225KkcRRhIplzfI0j2waIKdgDjRXlq-7zx55awQ
完成任务：获得300金币

jd_72476e50d1b0e 去助力 jd_72476e50d1b0e 的助力码 T0225KkcRxwd8lKCJRqglaUKIQDjRXlq-7zx55awQ
不能助力自己


🔔众筹许愿池, 结束! 🕛 468.66 秒


## 执行结束... 2022-05-12 00:52:05 耗时 469 秒
