## 开始执行... 2022-05-09 00:41:13


🔔众筹许愿池, 开始!

====================共2个京东账号Cookie=================

============脚本执行时间：2022/5/9 00:41:14=============

>>>>>>>>>>>>>>6Dylan6 提示：任务正常运行中>>>>>>>>>>>>>>>


*******开始【京东账号1】Wang_Happy_*********


开始第1个活动：吃货嘉年华

点击热区
完成任务：获得50金币

点击热区
完成任务：获得50金币

【【满199 减130】煌上煌酱鸭节日礼盒装450克卤味酱板鸭肉干鸭肉零食大礼包送人 熟食团购年货礼盒 香辣味 酱鸭】每加购一个商品得50吃货值
完成任务：获得50金币

【姜老大 黑蒜 网红独头黑蒜 黑大蒜 黑蒜头 500g】每加购一个商品得50吃货值
完成任务：获得50金币

【知味观 中华老字号  原味桂花龙井茶蔓越莓绿豆糕4盒装 下午茶休闲零食点心】每加购一个商品得50吃货值
完成任务：获得50金币

【玩铁猩猩 即食牛肉 酱牛肉 健身牛肉即食 牛腱子  卤牛肉 熟食代餐网红零食轻食代餐健身餐 5袋牛腱肉】每加购一个商品得50吃货值
完成任务：获得50金币

【【神券300 减210】盼盼 零食大礼包250g 艾比利薯片35g*6 鸡味块8g*5 膨化零食250g（口味随机）】每加购一个商品得50吃货值
完成任务：获得50金币

【【4斤】中膳堂燕麦桃酥无糖精食品糖尿病人适量年货礼盒粗粮代餐饼干孕妇零食早餐中老年人杂粮整箱 桃酥2000g】每加购一个商品得50吃货值
完成任务：获得50金币

【黄金香 无添加剂高端肉松100g*2罐 猪肉松  特产年货适合孕妇老人儿童休闲配粥佐餐零食 猪肉松100g*2罐 （口感入口即化）】每加购一个商品得50吃货值
完成任务：获得50金币

【【特浓黑咖啡】猫尚村黑咖啡无蔗糖速溶燃特浓美式原味纯苦云南精品速溶咖啡粉40袋盒装】每加购一个商品得50吃货值
完成任务：获得50金币

【贝蒂斯特级初榨橄榄油礼盒 750ml*2瓶装 西班牙原装进口 礼品福利 团购  凉拌 炒菜】每加购一个商品得50吃货值
完成任务：获得50金币

【桂发祥十八街什锦大麻花850g 天津特产酥脆18街传统糕点礼盒装 中秋佳节年货节日送礼品礼物休闲零食 什锦麻花礼盒 850g（配礼袋）】每加购一个商品得50吃货值
完成任务：获得50金币

【易烊千玺同款】雀巢咖啡1+2原味100条三合一3合1速溶咖啡粉饮料1500g袋装】每加购一个商品得50吃货值
完成任务：获得50金币

【寻鲜鸟 正宗新鲜鸡蛋土鸡蛋 谷物喂养鲜鸡蛋无抗生素鸡蛋 10枚装/盒 10枚装/盒  约380g】每加购一个商品得50吃货值
完成任务：获得50金币

【东北大妈冷面450g*5袋家庭装凉面朝鲜族大冷面4包调料酸甜辣真空包装冷面 冷面450g*5袋】每加购一个商品得50吃货值
完成任务：获得50金币

【味多美 礼品卡 蛋糕卡 门店提货卡 面值200元实体卡】每加购一个商品得50吃货值
完成任务：获得50金币

【猫尚村 蓝山速溶咖啡特浓咖啡粉三合一蓝山风味云南速溶咖啡粉650克50袋盒装】每加购一个商品得50吃货值
完成任务：获得50金币

【网红嗨吃家酸辣粉桶装一整箱重庆特产红薯粉方便速食红苕粗粉条好吃的办公室懒人食品小吃夜宵熬夜加班宿舍 【买1加1实发1箱】共112g×12桶酸辣粉经典款】每加购一个商品得50吃货值
完成任务失败：任务已完成

【贝蒂斯特级初榨橄榄油 3.15升礼盒装  西班牙原装进口 凉拌 炒菜烹饪食用油 21年7月后生产】每加购一个商品得50吃货值
完成任务失败：任务已完成

【广州酒家腊肠 秋之风 广式腊肠金装腊肠香肠腊味年货送礼团购熟食 8分瘦 广东特产 金装特级腊肠475g*3袋（品质保证）】每加购一个商品得50吃货值
完成任务失败：任务已完成

【tianshuai网红超辣双倍辣火鸡面干拌面国产140g×5包韩国风味干脆面方便面好吃的网红零食小吃】每加购一个商品得50吃货值
完成任务失败：任务已完成

【【店长推荐】回头客卡侬尼华夫饼2000g蛋糕点心营养早餐宵夜食品好吃小吃面包干休闲特产零食大礼包整箱 鸡蛋味2000g【约60枚】】每加购一个商品得50吃货值
完成任务失败：任务已完成

【萨啦咪年货礼盒一整箱送女友 即食肉类鸭舌鸭脖鸡腿鸡翅鸭掌卤蛋等小吃节庆节礼盒 原味+香辣混合礼盒装】每加购一个商品得50吃货值
完成任务失败：任务已完成

【口口香休闲零食大礼包一整箱送女友肉干肉脯酱鸭脖小鱼仔麻辣小吃 加油鸭】每加购一个商品得50吃货值
完成任务失败：任务已完成

【萨啦咪零食礼盒休闲零食大礼包送女友肉类一大箱14款24包零食大礼包送女友】每加购一个商品得50吃货值
完成任务失败：任务已完成

【整箱83包网红零食大礼包一整箱送女友男生日礼物情人节送礼彩盒好吃的休闲食品春节过年货混装麻辣小吃套餐】每加购一个商品得50吃货值
完成任务失败：任务已完成

【好吃点 香脆饼干800g礼盒装 香脆饼干办公零食下午茶  自营 香脆腰果饼】每加购一个商品得50吃货值
完成任务失败：任务已完成

【内蒙古风干牛肉干500g*2包1斤装手撕牛肉干零食小吃真空散装特产  原味500g+孜然味500g】每加购一个商品得50吃货值
完成任务失败：任务已完成

【【今年新摘茶籽】秋味坊 山茶油 2L 茶油山茶籽油物理冷压榨工艺 一级今年新鲜压榨食用油】每加购一个商品得50吃货值
完成任务失败：任务已完成

【云潞（yunlu）黑咖啡 速溶纯咖啡 未添加糖特浓醇苦 100袋200克独立包装速溶黑咖啡】每加购一个商品得50吃货值
完成任务失败：任务已完成

【中华老字号双钱牌龟苓膏原味250g*12罐整箱礼盒广西梧州特产果冻布丁即食龟苓膏休闲零食】每加购一个商品得50吃货值
完成任务失败：任务已完成

【西班牙原装进口ABRIL艾伯瑞纯正精炼烹饪橄榄油5L升铁罐混合油橄榄果渣油西餐烘焙日式料理 年货送礼】每加购一个商品得50吃货值
完成任务失败：任务已完成

【旺旺旺仔碎冰冰78ml*80支碎碎冰棒棒冰吸吸冰综合果味饮料怀旧零食品大礼包  共80根 混合口味】每加购一个商品得50吃货值
完成任务失败：任务已完成

【升元 小麦荞麦冷面东北朝鲜风味冷面带汤料565克*6袋 荞麦6袋】每加购一个商品得50吃货值
完成任务失败：任务已完成

【猫尚村黑咖啡无加糖速溶燃低脂美式特浓纯苦云南高海拔精品阿拉比卡豆特浓咖啡粉40袋盒装】每加购一个商品得50吃货值
完成任务失败：任务已完成

【黄天鹅可生食鲜鸡蛋30枚无菌蛋-单枚50G+破损赔付 30枚1.5KG】每加购一个商品得50吃货值
完成任务失败：任务已完成

【上海梅林罐头经典午餐肉170g猪肉5罐】每加购一个商品得50吃货值
完成任务失败：任务已完成

【哈皮猴 墨鱼干货 干墨鱼500g 乌贼干 海产干货 海鲜 一斤2-4只左右山东特产】每加购一个商品得50吃货值
完成任务失败：任务已完成

【春光 海南特产 咖啡 炭烧咖啡570g*2袋】每加购一个商品得50吃货值
完成任务失败：任务已完成

【日清 I意面3口味6杯拌面速食方便面干拌面网红泡面】每加购一个商品得50吃货值
完成任务失败：任务已完成

【轩妈蛋黄酥大礼包990g精美礼盒糕点休闲零食大礼包糕点点心 大礼包990g】每加购一个商品得50吃货值
完成任务失败：任务已完成

【哈肉联 小肚松仁肉肚五香熏肚 哈尔滨红肠 东北特产 熟食特色下酒菜 【收藏加购优先发货】 松仁肉肚300g*1袋】每加购一个商品得50吃货值
完成任务失败：任务已完成

【新农哥 海苔夹心脆35gx4袋 即食海苔卷 芝麻脆片海苔脆儿童休闲零食】每加购一个商品得50吃货值
完成任务失败：任务已完成

【轩妈家蛋黄酥蛋糕咸鸭蛋黄红豆味网红零食雪媚娘6枚装休闲糕点零食 蛋黄酥两盒装】每加购一个商品得50吃货值
完成任务失败：任务已完成

【【朗琨】朗琨牛肉干 特干风干牛肉干 超干牛肉条500g 内蒙古特产肉干肉脯休闲零食年货送礼】每加购一个商品得50吃货值
完成任务失败：任务已完成

【老鲜生 原味装彩色虾片自己炸500g油炸大连特产虾片90后怀旧零食 彩色虾片500g】每加购一个商品得50吃货值
完成任务失败：任务已完成

【美珍香（BEE CHENG HIANG） 休闲烧烤猪肉200g休闲肉类小零食小吃 独立小包装】每加购一个商品得50吃货值
完成任务失败：任务已完成

【【绿色食品】欧亚高原全脂纯牛奶250g*16盒*2箱乳制品】每加购一个商品得50吃货值
完成任务失败：任务已完成

【太古taikoo 太古方糖454g*3 咖啡奶茶伴侣盒装方糖块共300粒白砂糖块咖啡调糖 优级方糖454g*3】每加购一个商品得50吃货值
完成任务失败：任务已完成

【米多奇 烤馍片整箱早餐饼干馒头片多规格锅巴休闲零食大礼包送女友 50g*40包【周年版综合八味随机混装【5片托盘装】每加购一个商品得50吃货值
完成任务失败：任务已完成

【黄天鹅可生食鲜鸡蛋20枚无抗生素无激素单枚50G+精选装 破损赔付 20枚1公斤】每加购一个商品得50吃货值
完成任务失败：任务已完成

【月盛斋 中华老字号 北京特产清真酱卤低温熟食牛羊肉 卤味休闲即食 白水羊头肉500g】每加购一个商品得50吃货值
完成任务失败：任务已完成

【砀山新鲜糖水黄桃水果罐头年货送礼425g/罐天火乐方便食品餐后水果零食整箱团购糖水 425g/罐*12罐】每加购一个商品得50吃货值
完成任务失败：任务已完成

【网易严选 挂耳咖啡意式美式咖啡 滤泡式冷萃速溶咖啡 意式挂耳咖啡 10克*10袋】每加购一个商品得50吃货值
完成任务失败：任务已完成

【万果山 1500g红枣夹核桃葡萄干 特等灰枣核桃仁3斤新疆特产蜜饯果干孕妇零食 枣夹核桃葡萄干500g*3袋【易冷藏】】每加购一个商品得50吃货值
完成任务失败：任务已完成

【8斤春丝江西米粉米线粉丝螺蛳粉2kg*2包绿色食品纯大米制作南昌炒粉汤粉拌粉都可做绿色食品】每加购一个商品得50吃货值
完成任务失败：任务已完成

【五岳花（wuyuehua） 山东煎饼特产手工软杂粮煎饼500g泰山大煎饼小米玉米五谷 五谷杂粮煎饼500g一袋】每加购一个商品得50吃货值
完成任务失败：任务已完成

【哈皮猴淡干大对虾仁干货500g干虾仁大海米海鲜水产干货金钩】每加购一个商品得50吃货值
完成任务失败：任务已完成

【日清方便面 合味道速食网红泡面桶面零食方便食品混装组合 12口味12杯】每加购一个商品得50吃货值
完成任务失败：任务已完成

【【特仑苏旗舰店】特仑苏纯牛奶250mL×16包*2提组合装 早餐奶 易携带礼盒装 中秋春节送礼推荐】每加购一个商品得50吃货值
完成任务失败：任务已完成

【沙窝曙光 甘肃民勤人参果 5斤装 人生果  长圆果 孕妇宝宝 生鲜 新鲜黄肉水果 5斤装（净重4.5-5斤）】每加购一个商品得50吃货值
完成任务失败：任务已完成

【【300 减200】百草味 鸭肫115g 鲜卤鸭肫鸭肉特产零食 休闲小吃熟食卤味 真空小包装 MJ 五香味】每加购一个商品得50吃货值
完成任务失败：任务已完成

【今聚鲜大号国产翡翠青虾仁1000g 活剥去虾线 冷冻海鲜水产 生鲜】每加购一个商品得50吃货值
完成任务失败：任务已完成

【【买1贈1+碗勺】强健云混合水果麦片早餐食品 烘焙坚果燕麦片即食代餐营养谷物牛奶冲饮儿童酸奶果粒麦片 烘焙水果麦片+酸奶果粒麦片【共1000克】 1000克】每加购一个商品得50吃货值
完成任务失败：任务已完成

【推荐_【三只松鼠_量贩开心果500g/罐装】每日坚果零食干果炒货健康休闲零食原色孕妇食品 500g/罐装】每加购一个商品得50吃货值
完成任务失败：任务已完成

【大希地 牛腩牛肉生鲜 国产生鲜冷冻牛肉块 500g】每加购一个商品得50吃货值
完成任务失败：任务已完成

【华牧鲜 加拿大进口AAA级原切雪花眼肉牛排套餐 厚切200g/份 谷饲安格斯牛肉冷冻生鲜 送礼礼袋 AAA级牛排6片装 1.2kg】每加购一个商品得50吃货值
完成任务失败：任务已完成

【我老家山林散养土鸡蛋现捡现发农家柴鸡蛋生鲜盒装箱装单枚40g±5g 10枚/盒装约400g】每加购一个商品得50吃货值
完成任务失败：任务已完成

【【300 减200】百草味 笑口板栗120g 休闲零食坚果特产 即食熟制甘栗 MJ】每加购一个商品得50吃货值
完成任务失败：任务已完成

【王饱饱 烘焙麦片 营养早餐 燕麦片 代餐食品 高纤维 非膨化 草莓优脆乳麦片400g】每加购一个商品得50吃货值
完成任务失败：任务已完成

【佰儒 特级 新茶金骏眉 红茶 茶叶武夷山春茶桐木关散装黄芽2022金俊眉罐子礼盒500g功夫红茶】每加购一个商品得50吃货值
完成任务失败：任务已完成

【荞麦面条低脂肪无糖精面条荞面条荞麦挂面杂粮面条挂面批发 山咔咔 0脂肪 荞麦面条2斤细面】每加购一个商品得50吃货值
完成任务失败：任务已完成

【【300 减200】百草味 泡椒凤爪160g 休闲零食特产香辣鸡肉野山椒鸡爪 MJ】每加购一个商品得50吃货值
完成任务失败：任务已完成

【独角兽厨房 全麦面包低脂切片面包欧包健身餐粗粮杂粮吐司早餐食品代餐面包2斤装整箱 全麦粉含量45%】每加购一个商品得50吃货值
完成任务失败：任务已完成

【【当季新米】柴火大院 五常有机大米5kg 东北大米10斤  稻花香2号】每加购一个商品得50吃货值
完成任务失败：任务已完成

【【特仑苏旗舰店】特仑苏牛奶 经典品质 纯牛奶利乐钻250ml*16盒】每加购一个商品得50吃货值
完成任务失败：任务已完成

【正大 鸡肉生鲜 健康轻食出口日本级品质 健身鸡胸肉健身餐 轻食代餐 琵琶腿500g*4袋 共4斤】每加购一个商品得50吃货值
完成任务失败：任务已完成

【大希地整切牛排牛肉 儿童牛排 生鲜西冷菲力牛排进口冷冻肉源整切调理10包（1200g） 西冷牛排*10包（即将售罄）】每加购一个商品得50吃货值
完成任务失败：任务已完成

【【京东农场】东北有机大米 黑龙江长粒香米 正宗东北香米 前进农场军稻香 京品源全程溯源 【真空装/5kg】】每加购一个商品得50吃货值
完成任务失败：任务已完成

【珍妮星座曲奇礼盒 小熊软曲奇饼干 休闲零食 手工食品礼盒 奶油咖啡双花640g大盒】每加购一个商品得50吃货值
完成任务失败：任务已完成

【内蒙古风干牛肉干500g手撕牛肉休闲零食特产 【原味500g】送【香辣500g】】每加购一个商品得50吃货值
完成任务失败：任务已完成

【黄老五 休闲零食花生酥218g 四川特产小吃 办公室下午茶零食 送礼零食 椒盐味218g】每加购一个商品得50吃货值
完成任务失败：任务已完成

【珍妮星座曲奇 小熊曲奇饼干 手工黄油早餐 休闲零食网红小吃 节日送礼 经典四味320g】每加购一个商品得50吃货值
完成任务失败：任务已完成

【四川特产 超干耗牛肉干 手撕风干牛肉干西藏正宗牛肉干五香麻辣休闲零食熟食肉干 香辣送麻辣】每加购一个商品得50吃货值
完成任务失败：任务已完成

【刺猬阿甘 网红小米锅巴12小包\/袋 办公室休闲膨化零食爽口麻辣小吃 186g*3袋】每加购一个商品得50吃货值
完成任务失败：任务已完成

【【神券300 减210】盼盼 小卷包1050g 早餐小面包西式休闲零食代餐夹心软面包整箱】每加购一个商品得50吃货值
完成任务失败：任务已完成

【童胖子酱板鸭湖南常德特产香辣手撕鸭整只板鸭即食卤味熟食休闲零食鸭肉小吃260g 加辣】每加购一个商品得50吃货值
完成任务失败：任务已完成

【雀醇 咖啡豆 苏门答腊黄金曼特宁咖啡豆 G1半水洗 进口纯黑咖啡豆研磨咖啡227g 227g】每加购一个商品得50吃货值
完成任务失败：任务已完成

【寻味君 广西红心芭乐 5斤 简装 番石榴 新鲜水果生鲜健康轻食】每加购一个商品得50吃货值
完成任务失败：任务已完成

【旺旺大礼包918g 零食大礼盒巨型超大礼品团购 仙贝雪饼牛奶糖小小酥多种礼包 元旦年货年会员工福利 旺旺大礼包918g(礼绳装)】每加购一个商品得50吃货值
完成任务失败：任务已完成

【马来西亚进口槟城咖啡树白咖啡三合一速溶咖啡粉15小包600g*2袋】每加购一个商品得50吃货值
完成任务失败：任务已完成

【全聚德 北京烤鸭礼盒 特产中华老字号 熟食腊味正宗 百年经典五香烤鸭礼盒1380g】每加购一个商品得50吃货值
完成任务失败：任务已完成

【欢乐家黄桃罐头256g*6罐  糖水水果黄桃休闲零食品 特色小吃新鲜日期 整箱】每加购一个商品得50吃货值
完成任务失败：任务已完成

【可瑞纳咖啡（CARANA COFFEE）阿拉比卡咖啡豆 纯黑咖啡新鲜烘焙可磨咖啡 454g 蓝山 454g】每加购一个商品得50吃货值
完成任务失败：任务已完成

【【囤货】德州乡盛五香鸡扒鸡 山东特产卤味熟食鸡肉烧鸡烤鸡 550g*8只整鸡五香鸡五香脱骨清真】每加购一个商品得50吃货值
完成任务失败：任务已完成

【阿宽红油面皮 四川铺盖面非油炸方便面袋装 方便速食干拌泡面 麻辣味 10袋装】每加购一个商品得50吃货值
完成任务失败：任务已完成

【中宁枸杞 红枸杞子 宁夏头茬新货免洗 特级250g*2罐】每加购一个商品得50吃货值
完成任务失败：任务已完成

【艾美Emmi 瑞士原装进口全脂纯牛奶学生儿童高钙纯牛奶早餐奶 全脂纯牛奶250ml*18盒】每加购一个商品得50吃货值
完成任务失败：任务已完成

【乱劈才正宗酸辣粉248g*10袋可泡可煮麻辣味酸辣粉速食方便粉丝】每加购一个商品得50吃货值
完成任务失败：任务已完成

【嘉华 现烤糕点礼盒装 云南特产美食零食下午茶伴手礼 现烤优格玫瑰饼50g/枚 10枚起售】每加购一个商品得50吃货值
完成任务失败：任务已完成

【浏览粮油米面速食会场】每浏览一个会场4S得100吃货值
助力失败：任务领取成功

助力成功：您的好友获得100金币

【浏览伊利牛奶会场】每浏览一个会场4S得100吃货值
助力失败：任务领取成功

助力成功：您的好友获得100金币

【浏览休闲零食会场】每浏览一个会场4S得100吃货值
助力失败：任务领取成功

助力成功：您的好友获得100金币

【浏览良品铺子美食会场】每浏览一个会场4S得100吃货值
助力失败：任务领取成功

助力成功：您的好友获得100金币

【浏览端午会场】每浏览一个会场4S得100吃货值
助力失败：任务领取成功

助力成功：您的好友获得100金币

【浏览樱桃商品会场】每浏览一个会场4S得100吃货值
助力失败：任务领取成功

助力成功：您的好友获得100金币

【浏览食品饮料生鲜吃货节会场】每浏览一个会场4S得100吃货值
助力失败：任务领取成功

助力成功：您的好友获得100金币

【浏览华祥苑茗茶会场】每浏览一个会场4S得100吃货值
助力失败：任务领取成功

助力成功：您的好友获得100金币

【浏览百草味美食会场】每浏览一个会场4S得100吃货值
助力失败：任务领取成功

助力成功：您的好友获得100金币

【浏览潮流趋势会场】每浏览一个会场4S得100吃货值
助力失败：任务领取成功

助力成功：您的好友获得100金币

【京东账号1（jd_56ac883b2ee02）的吃货嘉年华好友互助码】T0225KkcRRhIplzfI0j2waIKdgCjBVlqWU5jYjeQOc

签到
完成任务：获得100金币

可以抽奖3次，去抽奖

抽中：三只松鼠优惠券，金额300-210，使用时间2022.05.01-2022.05.31
很遗憾未中奖~
抽中：百草味优惠券，金额300-210，使用时间2022.04.27-2022.05.21

开始第2个活动：PLUS生活特权

【领肯德基9.9元下午茶】浏览6s并领取权益可获得200金币
助力失败：任务领取成功

助力成功：您的好友获得200金币

【领半价小皇堡4件套】浏览6s并领取权益可获得200金币
任务领取成功
完成任务：获得200金币

【办银行卡得PLUS会员】浏览6s并领取权益可获得200金币
任务领取成功
完成任务：获得200金币

【领免费吃喝玩乐福利】浏览6s并领取权益可获得200金币
任务领取成功
完成任务：获得200金币

签到
签到成功：获得200金币

可以抽奖5次，去抽奖

很遗憾未中奖~
很遗憾未中奖~
很遗憾未中奖~
很遗憾未中奖~
很遗憾未中奖~

开始第3个活动：1

【京享好酒 9.9元起清仓购】浏览1个会场6s得1次抽奖机会
助力失败：任务领取成功

助力成功：您的好友获得1金币

【巴拉巴拉清仓放价】浏览1个会场6s得1次抽奖机会
助力失败：任务领取成功

助力成功：您的好友获得1金币

【浏览并关注闪购频道】浏览并关注1个频道得1次抽奖机会
完成任务：获得1金币

【浏览并关注众筹频道】浏览并关注1个频道得1次抽奖机会
完成任务：获得1金币

【宠汪汪】浏览并关注1个频道得1次抽奖机会
完成任务失败：任务已完成

【巴拉巴拉童装儿童七分裤夏装女童运动裤修身时尚大童清爽舒适 黑色90001 140cm】浏览1个商品6s得1次抽奖机会
任务领取成功
完成任务：获得1金币

【花花公子男鞋男士休闲运动鞋子男新品2022年夏季椰子鞋潮流新款透气时尚飞织网布跑步厚底增高板鞋 WPL181008灰蓝 42】浏览1个商品6s得1次抽奖机会
任务领取成功
完成任务：获得1金币

【京东账号1（jd_56ac883b2ee02）的1好友互助码】T0225KkcRRhIplzfI0j2waIKdgCjVQmoaT5kRrbA

可以抽奖6次，去抽奖

抽中：1品牌闪购抽盲盒得京豆
很遗憾未中奖~
很遗憾未中奖~
很遗憾未中奖~
很遗憾未中奖~
很遗憾未中奖~

开始第4个活动：2

【浏览众筹频道】浏览10秒得200金币
任务领取成功
完成任务：获得200金币

【SONGX京东自营旗舰店】浏览并关注店铺领50金币
完成任务：获得50金币

【黄油猫官方旗舰店】浏览并关注店铺领50金币
完成任务：获得50金币

【玉泽京东自营旗舰店】浏览并关注店铺领50金币
完成任务：获得50金币

【京东京造官方自营旗舰店】浏览并关注店铺领50金币
完成任务：获得50金币

【网易严选官方旗舰店】浏览并关注店铺领50金币
完成任务：获得50金币

【ROAMAN罗曼个人护理旗舰店】浏览并关注店铺领50金币
完成任务失败：任务已完成

【JOY&DOGA ｜  生活玩家系列盲盒单盒】单个商品浏览5秒领50金币
任务领取成功
完成任务：获得50金币

【【新品】网易严选 糯糯奶盖懒人空调被夏凉被夏被子 A类抗菌超柔科技进击纤维 可水洗机洗开袋即用 烟暮紫粉 【夏被】150*200cm】单个商品浏览5秒领50金币
任务领取成功
完成任务：获得50金币

【LifeSmatr云起 智能开 关智能家居 APP手机远程控制  支持HomeKit小爱小度 小云 【零火开关】二开】单个商品浏览5秒领50金币
任务领取成功
完成任务：获得50金币

【海南新鲜荔枝 火山荔枝王 荔枝礼盒 当季新鲜水果 5斤装【净重4.5斤 8-10个/斤】】单个商品浏览5秒领50金币
任务领取成功
完成任务：获得50金币

【玉泽防晒乳50ml清爽倍护面部防晒霜SPF42 温和养肤免卸妆隔离霜 敏感肌适用 男女士通用化妆品 】单个商品浏览5秒领50金币
任务领取成功
完成任务：获得50金币

【黄油猫&CYCLOID潮玩鞋盒充电器手机充电插头30w大功率快充type-c充电接口创新设计玩转潮流 雾霭蓝充电器【单个装】】单个商品浏览5秒领50金币
任务领取成功
完成任务：获得50金币

【SONGX 蓝牙耳机无线3MIC混合ANC主动降噪耳机运动音乐耳机入耳式超长续航适用苹果华为小米vivo荣耀 曜石黑】单个商品浏览5秒领50金币
任务领取成功
完成任务：获得50金币

【钛度 Q1幻动精灵蓝牙音箱立体声效游戏电影音乐家用桌面音响流光模式usb+3.5MM 2022年新款 蓝牙有线RGB版音箱】单个商品浏览5秒领50金币
任务领取成功
完成任务：获得50金币

【浏览并关注众筹频道】已完成

可以抽奖2次，去抽奖

很遗憾未中奖~
很遗憾未中奖~

开始第5个活动：3

【关注黄天鹅自营旗舰店】每关注1个店铺可得100新动值
完成任务：获得100金币

【关注联合利华自营旗舰店】每关注1个店铺可得100新动值
完成任务：获得100金币

【关注拉面说自营旗舰店】每关注1个店铺可得100新动值
完成任务：获得100金币

【关注筷手小厨自营旗舰店】每关注1个店铺可得100新动值
完成任务：获得100金币

【关注布鲁可自营旗舰店】每关注1个店铺可得100新动值
完成任务：获得100金币

【关注王饱饱自营旗舰店】每关注1个店铺可得100新动值
完成任务：获得100金币

【关注可口可乐旗舰店】每关注1个店铺可得100新动值
完成任务：获得100金币

【关注三顿半自营旗舰店】每关注1个店铺可得100新动值
完成任务：获得100金币

【关注植益自营旗舰店】每关注1个店铺可得100新动值
完成任务：获得100金币

【关注瑞幸咖啡自营旗舰店】每关注1个店铺可得100新动值
完成任务：获得100金币

【奥妙除菌除螨洗衣液 3kg+400g*3+内衣洗衣液275ml*2送补充装洗衣液480G*5】每加购1个商品可得50新动值
助力成功：您的好友获得50金币

【小皮(LittleFreddie)高品质核桃油100ml 天然营养初榨食用油 欧洲原装进口 儿童/孕妇可用】每加购1个商品可得50新动值
助力成功：您的好友获得50金币

【吉列(Gillette)刮胡刀手动剃须刀手动 非吉利礼物男 布加迪跑车联名典藏款热感1刀架2刀头+充电底座+官方车模】每加购1个商品可得50新动值
助力成功：您的好友获得50金币

【看看追新PRO】每关注1个频道可得500新动值
完成任务：获得500金币

【看看京东超市】每关注1个频道可得500新动值
完成任务：获得500金币

【逛京东超市频道】每浏览1个会场6s可得100新动值
任务领取成功
完成任务：获得100金币

【京东账号1（jd_56ac883b2ee02）的3好友互助码】T0225KkcRRhIplzfI0j2waIKdgDjRXlq-7zx55awQ

可以抽奖5次，去抽奖

很遗憾未中奖~
很遗憾未中奖~
很遗憾未中奖~
很遗憾未中奖~
很遗憾未中奖~

*******开始【京东账号2】蓝闺q*********


开始第1个活动：吃货嘉年华

点击热区
完成任务：获得50金币

点击热区
完成任务：获得50金币

【西班牙原装进口ABRIL艾伯瑞纯正精炼烹饪橄榄油5L升铁罐混合油橄榄果渣油西餐烘焙日式料理 年货送礼】每加购一个商品得50吃货值
完成任务：获得50金币

【【店长推荐】回头客卡侬尼华夫饼2000g蛋糕点心营养早餐宵夜食品好吃小吃面包干休闲特产零食大礼包整箱 鸡蛋味2000g【约60枚】】每加购一个商品得50吃货值
完成任务：获得50金币

【萨啦咪年货礼盒一整箱送女友 即食肉类鸭舌鸭脖鸡腿鸡翅鸭掌卤蛋等小吃节庆节礼盒 原味+香辣混合礼盒装】每加购一个商品得50吃货值
完成任务：获得50金币

【桂发祥十八街什锦大麻花850g 天津特产酥脆18街传统糕点礼盒装 中秋佳节年货节日送礼品礼物休闲零食 什锦麻花礼盒 850g（配礼袋）】每加购一个商品得50吃货值
完成任务：获得50金币

【好吃点 香脆饼干800g礼盒装 香脆饼干办公零食下午茶  自营 香脆腰果饼】每加购一个商品得50吃货值
完成任务：获得50金币

【萨啦咪零食礼盒休闲零食大礼包送女友肉类一大箱14款24包零食大礼包送女友】每加购一个商品得50吃货值
完成任务：获得50金币

【整箱83包网红零食大礼包一整箱送女友男生日礼物情人节送礼彩盒好吃的休闲食品春节过年货混装麻辣小吃套餐】每加购一个商品得50吃货值
完成任务：获得50金币

【内蒙古风干牛肉干500g*2包1斤装手撕牛肉干零食小吃真空散装特产  原味500g+孜然味500g】每加购一个商品得50吃货值
完成任务：获得50金币

【贝蒂斯特级初榨橄榄油 3.15升礼盒装  西班牙原装进口 凉拌 炒菜烹饪食用油 21年7月后生产】每加购一个商品得50吃货值
完成任务：获得50金币

【8斤春丝江西米粉米线粉丝螺蛳粉2kg*2包绿色食品纯大米制作南昌炒粉汤粉拌粉都可做绿色食品】每加购一个商品得50吃货值
完成任务：获得50金币

【中华老字号双钱牌龟苓膏原味250g*12罐整箱礼盒广西梧州特产果冻布丁即食龟苓膏休闲零食】每加购一个商品得50吃货值
完成任务：获得50金币

【云潞（yunlu）黑咖啡 速溶纯咖啡 未添加糖特浓醇苦 100袋200克独立包装速溶黑咖啡】每加购一个商品得50吃货值
完成任务：获得50金币

【黄天鹅可生食鲜鸡蛋30枚无菌蛋-单枚50G+破损赔付 30枚1.5KG】每加购一个商品得50吃货值
完成任务：获得50金币

【网红嗨吃家酸辣粉桶装一整箱重庆特产红薯粉方便速食红苕粗粉条好吃的办公室懒人食品小吃夜宵熬夜加班宿舍 【买1加1实发1箱】共112g×12桶酸辣粉经典款】每加购一个商品得50吃货值
完成任务：获得50金币

【旺旺旺仔碎冰冰78ml*80支碎碎冰棒棒冰吸吸冰综合果味饮料怀旧零食品大礼包  共80根 混合口味】每加购一个商品得50吃货值
完成任务：获得50金币

【哈皮猴 墨鱼干货 干墨鱼500g 乌贼干 海产干货 海鲜 一斤2-4只左右山东特产】每加购一个商品得50吃货值
完成任务失败：任务已完成

【砀山新鲜糖水黄桃水果罐头年货送礼425g/罐天火乐方便食品餐后水果零食整箱团购糖水 425g/罐*12罐】每加购一个商品得50吃货值
完成任务失败：任务已完成

【黄天鹅可生食鲜鸡蛋20枚无抗生素无激素单枚50G+精选装 破损赔付 20枚1公斤】每加购一个商品得50吃货值
完成任务失败：任务已完成

【春光 海南特产 咖啡 炭烧咖啡570g*2袋】每加购一个商品得50吃货值
完成任务失败：任务已完成

【万果山 1500g红枣夹核桃葡萄干 特等灰枣核桃仁3斤新疆特产蜜饯果干孕妇零食 枣夹核桃葡萄干500g*3袋【易冷藏】】每加购一个商品得50吃货值
完成任务失败：任务已完成

【轩妈蛋黄酥大礼包990g精美礼盒糕点休闲零食大礼包糕点点心 大礼包990g】每加购一个商品得50吃货值
完成任务失败：任务已完成

【【朗琨】朗琨牛肉干 特干风干牛肉干 超干牛肉条500g 内蒙古特产肉干肉脯休闲零食年货送礼】每加购一个商品得50吃货值
完成任务失败：任务已完成

【新农哥 海苔夹心脆35gx4袋 即食海苔卷 芝麻脆片海苔脆儿童休闲零食】每加购一个商品得50吃货值
完成任务失败：任务已完成

【轩妈家蛋黄酥蛋糕咸鸭蛋黄红豆味网红零食雪媚娘6枚装休闲糕点零食 蛋黄酥两盒装】每加购一个商品得50吃货值
完成任务失败：任务已完成

【哈肉联 小肚松仁肉肚五香熏肚 哈尔滨红肠 东北特产 熟食特色下酒菜 【收藏加购优先发货】 松仁肉肚300g*1袋】每加购一个商品得50吃货值
完成任务失败：任务已完成

【老鲜生 原味装彩色虾片自己炸500g油炸大连特产虾片90后怀旧零食 彩色虾片500g】每加购一个商品得50吃货值
完成任务失败：任务已完成

【美珍香（BEE CHENG HIANG） 休闲烧烤猪肉200g休闲肉类小零食小吃 独立小包装】每加购一个商品得50吃货值
完成任务失败：任务已完成

【太古taikoo 太古方糖454g*3 咖啡奶茶伴侣盒装方糖块共300粒白砂糖块咖啡调糖 优级方糖454g*3】每加购一个商品得50吃货值
完成任务失败：任务已完成

【日清 I意面3口味6杯拌面速食方便面干拌面网红泡面】每加购一个商品得50吃货值
完成任务失败：任务已完成

【米多奇 烤馍片整箱早餐饼干馒头片多规格锅巴休闲零食大礼包送女友 50g*40包【周年版综合八味随机混装【5片托盘装】每加购一个商品得50吃货值
完成任务失败：任务已完成

【哈皮猴淡干大对虾仁干货500g干虾仁大海米海鲜水产干货金钩】每加购一个商品得50吃货值
完成任务失败：任务已完成

【月盛斋 中华老字号 北京特产清真酱卤低温熟食牛羊肉 卤味休闲即食 白水羊头肉500g】每加购一个商品得50吃货值
完成任务失败：任务已完成

【升元 小麦荞麦冷面东北朝鲜风味冷面带汤料565克*6袋 荞麦6袋】每加购一个商品得50吃货值
完成任务失败：任务已完成

【舜御堂 大连底播淡干海参50克 7-9头 海参干货辽刺参海鲜7A系列简装】每加购一个商品得50吃货值
完成任务失败：任务已完成

【网易严选 挂耳咖啡意式美式咖啡 滤泡式冷萃速溶咖啡 意式挂耳咖啡 10克*10袋】每加购一个商品得50吃货值
完成任务失败：任务已完成

【上海梅林罐头经典午餐肉170g猪肉5罐】每加购一个商品得50吃货值
完成任务失败：任务已完成

【【绿色食品】欧亚高原全脂纯牛奶250g*16盒*2箱乳制品】每加购一个商品得50吃货值
完成任务失败：任务已完成

【三人港 国产冷冻速冻金鲳鱼450-550克整条袋装平鱼金昌鱼海鲜水产新鲜鱼类健康轻食 约450g-550g 整条】每加购一个商品得50吃货值
完成任务失败：任务已完成

【猫尚村黑咖啡无加糖速溶燃低脂美式特浓纯苦云南高海拔精品阿拉比卡豆特浓咖啡粉40袋盒装】每加购一个商品得50吃货值
完成任务失败：任务已完成

【【特仑苏旗舰店】特仑苏纯牛奶250mL×16包*2提组合装 早餐奶 易携带礼盒装 中秋春节送礼推荐】每加购一个商品得50吃货值
完成任务失败：任务已完成

【沙窝曙光 甘肃民勤人参果 5斤装 人生果  长圆果 孕妇宝宝 生鲜 新鲜黄肉水果 5斤装（净重4.5-5斤）】每加购一个商品得50吃货值
完成任务失败：任务已完成

【【300 减200】百草味 鸭肫115g 鲜卤鸭肫鸭肉特产零食 休闲小吃熟食卤味 真空小包装 MJ 五香味】每加购一个商品得50吃货值
完成任务失败：任务已完成

【今聚鲜大号国产翡翠青虾仁1000g 活剥去虾线 冷冻海鲜水产 生鲜】每加购一个商品得50吃货值
完成任务失败：任务已完成

【【买1贈1+碗勺】强健云混合水果麦片早餐食品 烘焙坚果燕麦片即食代餐营养谷物牛奶冲饮儿童酸奶果粒麦片 烘焙水果麦片+酸奶果粒麦片【共1000克】 1000克】每加购一个商品得50吃货值
完成任务失败：任务已完成

【推荐_【三只松鼠_量贩开心果500g/罐装】每日坚果零食干果炒货健康休闲零食原色孕妇食品 500g/罐装】每加购一个商品得50吃货值
完成任务失败：任务已完成

【大希地 牛腩牛肉生鲜 国产生鲜冷冻牛肉块 500g】每加购一个商品得50吃货值
完成任务失败：任务已完成

【华牧鲜 加拿大进口AAA级原切雪花眼肉牛排套餐 厚切200g/份 谷饲安格斯牛肉冷冻生鲜 送礼礼袋 AAA级牛排6片装 1.2kg】每加购一个商品得50吃货值
完成任务失败：任务已完成

【我老家山林散养土鸡蛋现捡现发农家柴鸡蛋生鲜盒装箱装单枚40g±5g 10枚/盒装约400g】每加购一个商品得50吃货值
完成任务失败：任务已完成

【【300 减200】百草味 笑口板栗120g 休闲零食坚果特产 即食熟制甘栗 MJ】每加购一个商品得50吃货值
完成任务失败：任务已完成

【王饱饱 烘焙麦片 营养早餐 燕麦片 代餐食品 高纤维 非膨化 草莓优脆乳麦片400g】每加购一个商品得50吃货值
完成任务失败：任务已完成

【佰儒 特级 新茶金骏眉 红茶 茶叶武夷山春茶桐木关散装黄芽2022金俊眉罐子礼盒500g功夫红茶】每加购一个商品得50吃货值
完成任务失败：任务已完成

【荞麦面条低脂肪无糖精面条荞面条荞麦挂面杂粮面条挂面批发 山咔咔 0脂肪 荞麦面条2斤细面】每加购一个商品得50吃货值
完成任务失败：任务已完成

【【300 减200】百草味 泡椒凤爪160g 休闲零食特产香辣鸡肉野山椒鸡爪 MJ】每加购一个商品得50吃货值
完成任务失败：任务已完成

【独角兽厨房 全麦面包低脂切片面包欧包健身餐粗粮杂粮吐司早餐食品代餐面包2斤装整箱 全麦粉含量45%】每加购一个商品得50吃货值
完成任务失败：任务已完成

【【当季新米】柴火大院 五常有机大米5kg 东北大米10斤  稻花香2号】每加购一个商品得50吃货值
完成任务失败：任务已完成

【【特仑苏旗舰店】特仑苏牛奶 经典品质 纯牛奶利乐钻250ml*16盒】每加购一个商品得50吃货值
完成任务失败：任务已完成

【正大 鸡肉生鲜 健康轻食出口日本级品质 健身鸡胸肉健身餐 轻食代餐 琵琶腿500g*4袋 共4斤】每加购一个商品得50吃货值
完成任务失败：任务已完成

【大希地整切牛排牛肉 儿童牛排 生鲜西冷菲力牛排进口冷冻肉源整切调理10包（1200g） 西冷牛排*10包（即将售罄）】每加购一个商品得50吃货值
完成任务失败：任务已完成

【【京东农场】东北有机大米 黑龙江长粒香米 正宗东北香米 前进农场军稻香 京品源全程溯源 【真空装/5kg】】每加购一个商品得50吃货值
完成任务失败：任务已完成

【珍妮星座曲奇礼盒 小熊软曲奇饼干 休闲零食 手工食品礼盒 奶油咖啡双花640g大盒】每加购一个商品得50吃货值
完成任务失败：任务已完成

【内蒙古风干牛肉干500g手撕牛肉休闲零食特产 【原味500g】送【香辣500g】】每加购一个商品得50吃货值
完成任务失败：任务已完成

【黄老五 休闲零食花生酥218g 四川特产小吃 办公室下午茶零食 送礼零食 椒盐味218g】每加购一个商品得50吃货值
完成任务失败：任务已完成

【珍妮星座曲奇 小熊曲奇饼干 手工黄油早餐 休闲零食网红小吃 节日送礼 经典四味320g】每加购一个商品得50吃货值
完成任务失败：任务已完成

【四川特产 超干耗牛肉干 手撕风干牛肉干西藏正宗牛肉干五香麻辣休闲零食熟食肉干 香辣送麻辣】每加购一个商品得50吃货值
完成任务失败：任务已完成

【刺猬阿甘 网红小米锅巴12小包\/袋 办公室休闲膨化零食爽口麻辣小吃 186g*3袋】每加购一个商品得50吃货值
完成任务失败：任务已完成

【【神券300 减210】盼盼 小卷包1050g 早餐小面包西式休闲零食代餐夹心软面包整箱】每加购一个商品得50吃货值
完成任务失败：任务已完成

【童胖子酱板鸭湖南常德特产香辣手撕鸭整只板鸭即食卤味熟食休闲零食鸭肉小吃260g 加辣】每加购一个商品得50吃货值
完成任务失败：任务已完成

【马来西亚进口槟城咖啡树白咖啡三合一速溶咖啡粉15小包600g*2袋】每加购一个商品得50吃货值
完成任务失败：任务已完成

【寻味君 广西红心芭乐 5斤 简装 番石榴 新鲜水果生鲜健康轻食】每加购一个商品得50吃货值
完成任务失败：任务已完成

【旺旺大礼包918g 零食大礼盒巨型超大礼品团购 仙贝雪饼牛奶糖小小酥多种礼包 元旦年货年会员工福利 旺旺大礼包918g(礼绳装)】每加购一个商品得50吃货值
完成任务失败：任务已完成

【雀醇 咖啡豆 苏门答腊黄金曼特宁咖啡豆 G1半水洗 进口纯黑咖啡豆研磨咖啡227g 227g】每加购一个商品得50吃货值
完成任务失败：任务已完成

【全聚德 北京烤鸭礼盒 特产中华老字号 熟食腊味正宗 百年经典五香烤鸭礼盒1380g】每加购一个商品得50吃货值
完成任务失败：任务已完成

【欢乐家黄桃罐头256g*6罐  糖水水果黄桃休闲零食品 特色小吃新鲜日期 整箱】每加购一个商品得50吃货值
完成任务失败：任务已完成

【可瑞纳咖啡（CARANA COFFEE）阿拉比卡咖啡豆 纯黑咖啡新鲜烘焙可磨咖啡 454g 蓝山 454g】每加购一个商品得50吃货值
完成任务失败：任务已完成

【【囤货】德州乡盛五香鸡扒鸡 山东特产卤味熟食鸡肉烧鸡烤鸡 550g*8只整鸡五香鸡五香脱骨清真】每加购一个商品得50吃货值
完成任务失败：任务已完成

【阿宽红油面皮 四川铺盖面非油炸方便面袋装 方便速食干拌泡面 麻辣味 10袋装】每加购一个商品得50吃货值
完成任务失败：任务已完成

【中宁枸杞 红枸杞子 宁夏头茬新货免洗 特级250g*2罐】每加购一个商品得50吃货值
完成任务失败：任务已完成

【艾美Emmi 瑞士原装进口全脂纯牛奶学生儿童高钙纯牛奶早餐奶 全脂纯牛奶250ml*18盒】每加购一个商品得50吃货值
完成任务失败：任务已完成

【贝蒂斯特级初榨橄榄油礼盒 750ml*2瓶装 西班牙原装进口 礼品福利 团购  凉拌 炒菜】每加购一个商品得50吃货值
完成任务失败：任务已完成

【知味观 中华老字号  原味桂花龙井茶蔓越莓绿豆糕4盒装 下午茶休闲零食点心】每加购一个商品得50吃货值
完成任务失败：任务已完成

【【满199 减130】煌上煌酱鸭节日礼盒装450克卤味酱板鸭肉干鸭肉零食大礼包送人 熟食团购年货礼盒 香辣味 酱鸭】每加购一个商品得50吃货值
完成任务失败：任务已完成

【姜老大 黑蒜 网红独头黑蒜 黑大蒜 黑蒜头 500g】每加购一个商品得50吃货值
完成任务失败：任务已完成

【【4斤】中膳堂燕麦桃酥无糖精食品糖尿病人适量年货礼盒粗粮代餐饼干孕妇零食早餐中老年人杂粮整箱 桃酥2000g】每加购一个商品得50吃货值
完成任务失败：任务已完成

【玩铁猩猩 即食牛肉 酱牛肉 健身牛肉即食 牛腱子  卤牛肉 熟食代餐网红零食轻食代餐健身餐 5袋牛腱肉】每加购一个商品得50吃货值
完成任务失败：任务已完成

【【神券300 减210】盼盼 零食大礼包250g 艾比利薯片35g*6 鸡味块8g*5 膨化零食250g（口味随机）】每加购一个商品得50吃货值
完成任务失败：任务已完成

【嘉华 现烤糕点礼盒装 云南特产美食零食下午茶伴手礼 现烤优格玫瑰饼50g/枚 10枚起售】每加购一个商品得50吃货值
完成任务失败：任务已完成

【黄金香 无添加剂高端肉松100g*2罐 猪肉松  特产年货适合孕妇老人儿童休闲配粥佐餐零食 猪肉松100g*2罐 （口感入口即化）】每加购一个商品得50吃货值
完成任务失败：任务已完成

【易烊千玺同款】雀巢咖啡1+2原味100条三合一3合1速溶咖啡粉饮料1500g袋装】每加购一个商品得50吃货值
完成任务失败：任务已完成

【乱劈才正宗酸辣粉248g*10袋可泡可煮麻辣味酸辣粉速食方便粉丝】每加购一个商品得50吃货值
完成任务失败：任务已完成

【口口香休闲零食大礼包一整箱送女友肉干肉脯酱鸭脖小鱼仔麻辣小吃 加油鸭】每加购一个商品得50吃货值
完成任务失败：任务已完成

【【特浓黑咖啡】猫尚村黑咖啡无蔗糖速溶燃特浓美式原味纯苦云南精品速溶咖啡粉40袋盒装】每加购一个商品得50吃货值
完成任务失败：任务已完成

【味多美 礼品卡 蛋糕卡 门店提货卡 面值200元实体卡】每加购一个商品得50吃货值
完成任务失败：任务已完成

【tianshuai网红超辣双倍辣火鸡面干拌面国产140g×5包韩国风味干脆面方便面好吃的网红零食小吃】每加购一个商品得50吃货值
完成任务失败：任务已完成

【【今年新摘茶籽】秋味坊 山茶油 2L 茶油山茶籽油物理冷压榨工艺 一级今年新鲜压榨食用油】每加购一个商品得50吃货值
完成任务失败：任务已完成

【猫尚村 蓝山速溶咖啡特浓咖啡粉三合一蓝山风味云南速溶咖啡粉650克50袋盒装】每加购一个商品得50吃货值
完成任务失败：任务已完成

【东北大妈冷面450g*5袋家庭装凉面朝鲜族大冷面4包调料酸甜辣真空包装冷面 冷面450g*5袋】每加购一个商品得50吃货值
完成任务失败：任务已完成

【广州酒家腊肠 秋之风 广式腊肠金装腊肠香肠腊味年货送礼团购熟食 8分瘦 广东特产 金装特级腊肠475g*3袋（品质保证）】每加购一个商品得50吃货值
完成任务失败：任务已完成

【寻鲜鸟 正宗新鲜鸡蛋土鸡蛋 谷物喂养鲜鸡蛋无抗生素鸡蛋 10枚装/盒 10枚装/盒  约380g】每加购一个商品得50吃货值
完成任务失败：任务已完成

【浏览伊利牛奶会场】每浏览一个会场4S得100吃货值
助力失败：任务领取成功

助力成功：您的好友获得100金币

【浏览休闲零食会场】每浏览一个会场4S得100吃货值
助力失败：任务领取成功

助力成功：您的好友获得100金币

【浏览良品铺子美食会场】每浏览一个会场4S得100吃货值
助力失败：任务领取成功

助力成功：您的好友获得100金币

【浏览端午会场】每浏览一个会场4S得100吃货值
助力失败：任务领取成功

助力成功：您的好友获得100金币

【浏览樱桃商品会场】每浏览一个会场4S得100吃货值
助力失败：任务领取成功

助力成功：您的好友获得100金币

【浏览食品饮料生鲜吃货节会场】每浏览一个会场4S得100吃货值
助力失败：任务领取成功

助力成功：您的好友获得100金币

【浏览华祥苑茗茶会场】每浏览一个会场4S得100吃货值
助力失败：任务领取成功

助力成功：您的好友获得100金币

【浏览百草味美食会场】每浏览一个会场4S得100吃货值
助力失败：任务领取成功

助力成功：您的好友获得100金币

【浏览潮流趋势会场】每浏览一个会场4S得100吃货值
助力失败：任务领取成功

助力成功：您的好友获得100金币

【浏览粮油米面速食会场】每浏览一个会场4S得100吃货值
助力失败：任务领取成功

助力成功：您的好友获得100金币

【京东账号2（jd_72476e50d1b0e）的吃货嘉年华好友互助码】T0225KkcRxwd8lKCJRqglaUKIQCjBVlqWU5jYjeQOc

签到
完成任务：获得100金币

可以抽奖3次，去抽奖

抽中：百草味优惠券，金额300-210，使用时间2022.04.27-2022.05.21
很遗憾未中奖~
抽中：三只松鼠优惠券，金额300-210，使用时间2022.05.01-2022.05.31

开始第2个活动：PLUS生活特权

【领肯德基9.9元下午茶】浏览6s并领取权益可获得200金币
助力失败：任务领取成功

助力成功：您的好友获得200金币

【领半价小皇堡4件套】浏览6s并领取权益可获得200金币
任务领取成功
完成任务：获得200金币

【办银行卡得PLUS会员】浏览6s并领取权益可获得200金币
任务领取成功
完成任务：获得200金币

【领免费吃喝玩乐福利】浏览6s并领取权益可获得200金币
任务领取成功
完成任务：获得200金币

签到
签到成功：获得200金币

可以抽奖5次，去抽奖

很遗憾未中奖~
很遗憾未中奖~
很遗憾未中奖~
很遗憾未中奖~
很遗憾未中奖~

开始第3个活动：1

【巴拉巴拉清仓放价】浏览1个会场6s得1次抽奖机会
助力失败：任务领取成功

助力成功：您的好友获得1金币

【京享好酒 9.9元起清仓购】浏览1个会场6s得1次抽奖机会
助力失败：任务领取成功

助力成功：您的好友获得1金币

【宠汪汪】浏览并关注1个频道得1次抽奖机会
完成任务：获得1金币

【浏览并关注众筹频道】浏览并关注1个频道得1次抽奖机会
完成任务：获得1金币

【浏览并关注闪购频道】浏览并关注1个频道得1次抽奖机会
完成任务失败：任务已完成

【【奥莱特卖】davebella戴维贝拉童装春装新款女童打底裤儿童宝宝弹力休闲裤子 粉色 100CM(4Y(建议身高90-100CM))】浏览1个商品6s得1次抽奖机会
任务领取成功
完成任务：获得1金币

【Lee Cooper 背心男2022年夏季背心新款潮款圆领男纯棉拼接简约舒适百搭休闲时尚款上衣男 白色背心 3XL码】浏览1个商品6s得1次抽奖机会
任务领取成功
完成任务：获得1金币

【京东账号2（jd_72476e50d1b0e）的1好友互助码】T0225KkcRxwd8lKCJRqglaUKIQCjVQmoaT5kRrbA

可以抽奖6次，去抽奖

抽中：1品牌闪购抽盲盒得京豆
抽中：1品牌闪购抽盲盒得京豆
很遗憾未中奖~
抽中：1品牌闪购抽盲盒得京豆
很遗憾未中奖~
很遗憾未中奖~

开始第4个活动：2

【浏览众筹频道】浏览10秒得200金币
任务领取成功
完成任务：获得200金币

【ROAMAN罗曼个人护理旗舰店】浏览并关注店铺领50金币
完成任务：获得50金币

【SONGX京东自营旗舰店】浏览并关注店铺领50金币
完成任务：获得50金币

【黄油猫官方旗舰店】浏览并关注店铺领50金币
完成任务：获得50金币

【玉泽京东自营旗舰店】浏览并关注店铺领50金币
完成任务：获得50金币

【京东京造官方自营旗舰店】浏览并关注店铺领50金币
完成任务：获得50金币

【网易严选官方旗舰店】浏览并关注店铺领50金币
完成任务失败：任务已完成

【【新品】网易严选 糯糯奶盖懒人空调被夏凉被夏被子 A类抗菌超柔科技进击纤维 可水洗机洗开袋即用 烟暮紫粉 【夏被】150*200cm】单个商品浏览5秒领50金币
任务领取成功
完成任务：获得50金币

【SONGX 蓝牙耳机无线3MIC混合ANC主动降噪耳机运动音乐耳机入耳式超长续航适用苹果华为小米vivo荣耀 曜石黑】单个商品浏览5秒领50金币
任务领取成功
完成任务：获得50金币

【LifeSmatr云起 智能开 关智能家居 APP手机远程控制  支持HomeKit小爱小度 小云 【零火开关】二开】单个商品浏览5秒领50金币
任务领取成功
完成任务：获得50金币

【海南新鲜荔枝 火山荔枝王 荔枝礼盒 当季新鲜水果 5斤装【净重4.5斤 8-10个/斤】】单个商品浏览5秒领50金币
任务领取成功
完成任务：获得50金币

【玉泽防晒乳50ml清爽倍护面部防晒霜SPF42 温和养肤免卸妆隔离霜 敏感肌适用 男女士通用化妆品 】单个商品浏览5秒领50金币
任务领取成功
完成任务：获得50金币

【钛度 Q1幻动精灵蓝牙音箱立体声效游戏电影音乐家用桌面音响流光模式usb+3.5MM 2022年新款 蓝牙有线RGB版音箱】单个商品浏览5秒领50金币
任务领取成功
完成任务：获得50金币

【京东京造 600G净水器 家用净水机 直饮机 过滤器厨下式 5年RO反渗透滤芯 1.56L/min大流量 新一级水效】单个商品浏览5秒领50金币
任务领取成功
完成任务：获得50金币

【黄油猫&CYCLOID潮玩鞋盒充电器手机充电插头30w大功率快充type-c充电接口创新设计玩转潮流 雾霭蓝充电器【单个装】】单个商品浏览5秒领50金币
任务领取成功
完成任务：获得50金币

【浏览并关注众筹频道】已完成

可以抽奖1次，去抽奖

很遗憾未中奖~

开始第5个活动：3

【关注布鲁可自营旗舰店】每关注1个店铺可得100新动值
完成任务：获得100金币

【关注王饱饱自营旗舰店】每关注1个店铺可得100新动值
完成任务：获得100金币

【关注可口可乐旗舰店】每关注1个店铺可得100新动值
完成任务：获得100金币

【关注三顿半自营旗舰店】每关注1个店铺可得100新动值
完成任务：获得100金币

【关注植益自营旗舰店】每关注1个店铺可得100新动值
完成任务：获得100金币

【关注瑞幸咖啡自营旗舰店】每关注1个店铺可得100新动值
完成任务：获得100金币

【关注黄天鹅自营旗舰店】每关注1个店铺可得100新动值
完成任务：获得100金币

【关注联合利华自营旗舰店】每关注1个店铺可得100新动值
完成任务：获得100金币

【关注拉面说自营旗舰店】每关注1个店铺可得100新动值
完成任务：获得100金币

【关注筷手小厨自营旗舰店】每关注1个店铺可得100新动值
完成任务：获得100金币

【奥妙除菌除螨洗衣液 3kg+400g*3+内衣洗衣液275ml*2送补充装洗衣液480G*5】每加购1个商品可得50新动值
助力成功：您的好友获得50金币

【小皮(LittleFreddie)高品质核桃油100ml 天然营养初榨食用油 欧洲原装进口 儿童/孕妇可用】每加购1个商品可得50新动值
助力成功：您的好友获得50金币

【吉列(Gillette)刮胡刀手动剃须刀手动 非吉利礼物男 布加迪跑车联名典藏款热感1刀架2刀头+充电底座+官方车模】每加购1个商品可得50新动值
助力成功：您的好友获得50金币

【看看追新PRO】每关注1个频道可得500新动值
完成任务：获得500金币

【看看京东超市】每关注1个频道可得500新动值
完成任务：获得500金币

【逛京东超市频道】每浏览1个会场6s可得100新动值
任务领取成功
完成任务：获得100金币

【京东账号2（jd_72476e50d1b0e）的3好友互助码】T0225KkcRxwd8lKCJRqglaUKIQDjRXlq-7zx55awQ

可以抽奖5次，去抽奖

很遗憾未中奖~
很遗憾未中奖~
很遗憾未中奖~
很遗憾未中奖~
很遗憾未中奖~
开始内部助力

开始助力第1个活动：吃货嘉年华

jd_56ac883b2ee02 去助力 jd_56ac883b2ee02 的助力码 T0225KkcRRhIplzfI0j2waIKdgCjBVlqWU5jYjeQOc
不能助力自己

jd_56ac883b2ee02 去助力 jd_72476e50d1b0e 的助力码 T0225KkcRxwd8lKCJRqglaUKIQCjBVlqWU5jYjeQOc
完成任务：获得200金币

开始助力第2个活动：PLUS生活特权

开始助力第3个活动：1

jd_56ac883b2ee02 去助力 jd_56ac883b2ee02 的助力码 T0225KkcRRhIplzfI0j2waIKdgCjVQmoaT5kRrbA
不能助力自己

jd_56ac883b2ee02 去助力 jd_72476e50d1b0e 的助力码 T0225KkcRxwd8lKCJRqglaUKIQCjVQmoaT5kRrbA
完成任务：获得1金币

开始助力第4个活动：2

开始助力第5个活动：3

jd_56ac883b2ee02 去助力 jd_56ac883b2ee02 的助力码 T0225KkcRRhIplzfI0j2waIKdgDjRXlq-7zx55awQ
不能助力自己

jd_56ac883b2ee02 去助力 jd_72476e50d1b0e 的助力码 T0225KkcRxwd8lKCJRqglaUKIQDjRXlq-7zx55awQ
完成任务：获得300金币

开始内部助力

开始助力第1个活动：吃货嘉年华

jd_72476e50d1b0e 去助力 jd_56ac883b2ee02 的助力码 T0225KkcRRhIplzfI0j2waIKdgCjBVlqWU5jYjeQOc
完成任务：获得200金币

jd_72476e50d1b0e 去助力 jd_72476e50d1b0e 的助力码 T0225KkcRxwd8lKCJRqglaUKIQCjBVlqWU5jYjeQOc
不能助力自己

开始助力第2个活动：PLUS生活特权

开始助力第3个活动：1

jd_72476e50d1b0e 去助力 jd_56ac883b2ee02 的助力码 T0225KkcRRhIplzfI0j2waIKdgCjVQmoaT5kRrbA
完成任务：获得1金币

jd_72476e50d1b0e 去助力 jd_72476e50d1b0e 的助力码 T0225KkcRxwd8lKCJRqglaUKIQCjVQmoaT5kRrbA
不能助力自己

开始助力第4个活动：2

开始助力第5个活动：3

jd_72476e50d1b0e 去助力 jd_56ac883b2ee02 的助力码 T0225KkcRRhIplzfI0j2waIKdgDjRXlq-7zx55awQ
完成任务：获得300金币

jd_72476e50d1b0e 去助力 jd_72476e50d1b0e 的助力码 T0225KkcRxwd8lKCJRqglaUKIQDjRXlq-7zx55awQ
不能助力自己


🔔众筹许愿池, 结束! 🕛 482.47 秒


## 执行结束... 2022-05-09 00:49:16 耗时 483 秒
