## 开始执行... 2022-05-11 02:40:57


🔔众筹许愿池, 开始!

====================共2个京东账号Cookie=================

============脚本执行时间：2022/5/11 02:40:58=============

>>>>>>>>>>>>>>6Dylan6 提示：任务正常运行中>>>>>>>>>>>>>>>


*******开始【京东账号1】Wang_Happy_*********


开始第1个活动：吃货嘉年华

【点击热区2】已完成

【点击热区1】已完成

【加购吃货节好礼】已完成

【浏览食品饮料生鲜吃货节会场】已完成

【京东账号1（jd_56ac883b2ee02）的吃货嘉年华好友互助码】T0225KkcRRhIplzfI0j2waIKdgCjBVlqWU5jYjeQOc

【嘉年华入口在这→】已完成

没有抽奖机会


开始第2个活动：PLUS生活特权

【领肯德基9.9元下午茶】已完成

【领半价小皇堡4件套】已完成

【办银行卡得PLUS会员】已完成

【领免费吃喝玩乐福利】已完成

【签到】已完成

没有抽奖机会


开始第3个活动：1

【暴龙品牌日专场】已完成

【宠汪汪】浏览并关注1个频道得1次抽奖机会
完成任务：获得1金币

【BOLON暴龙眼镜经典黑超杨幂同款女款遮阳防晒猫眼形太阳镜墨镜礼物【礼盒】 BL5052F10】已完成

【京东账号1（jd_56ac883b2ee02）的1好友互助码】T0225KkcRRhIplzfI0j2waIKdgCjVQmoaT5kRrbA

可以抽奖2次，去抽奖

很遗憾未中奖~
抽中：1京豆

开始第4个活动：2

【黄油猫官方旗舰店】已完成

【浏览众筹超值好物】已完成

【浏览并关注众筹频道】已完成

没有抽奖机会


开始第5个活动：3

【关注三顿半自营旗舰店】已完成

【看看追新PRO】已完成

【逛京东超市频道】已完成

【京东账号1（jd_56ac883b2ee02）的3好友互助码】T0225KkcRRhIplzfI0j2waIKdgDjRXlq-7zx55awQ

可以抽奖1次，去抽奖

很遗憾未中奖~

*******开始【京东账号2】蓝闺q*********


开始第1个活动：吃货嘉年华

【点击热区2】已完成

【点击热区1】已完成

【加购吃货节好礼】已完成

【浏览樱桃商品会场】已完成

【京东账号2（jd_72476e50d1b0e）的吃货嘉年华好友互助码】T0225KkcRxwd8lKCJRqglaUKIQCjBVlqWU5jYjeQOc

【嘉年华入口在这→】已完成

没有抽奖机会


开始第2个活动：PLUS生活特权

【领肯德基9.9元下午茶】已完成

【领半价小皇堡4件套】已完成

【办银行卡得PLUS会员】已完成

【领免费吃喝玩乐福利】已完成

【签到】已完成

没有抽奖机会


开始第3个活动：1

【爆款美食5.17元抢】已完成

【宠汪汪】浏览并关注1个频道得1次抽奖机会
完成任务：获得1金币

【SELECTED思莱德秋季新款男含棉修身潮流商务休闲裤子S|420114515 海军蓝 165/72A/XSR】已完成

【京东账号2（jd_72476e50d1b0e）的1好友互助码】T0225KkcRxwd8lKCJRqglaUKIQCjVQmoaT5kRrbA

可以抽奖2次，去抽奖

很遗憾未中奖~
抽中：1京豆

开始第4个活动：2

【玉泽京东自营旗舰店】已完成

【浏览众筹超值好物】已完成

【浏览并关注众筹频道】已完成

没有抽奖机会


开始第5个活动：3

【关注筷手小厨自营旗舰店】已完成

【看看追新PRO】已完成

【逛京东超市频道】已完成

【京东账号2（jd_72476e50d1b0e）的3好友互助码】T0225KkcRxwd8lKCJRqglaUKIQDjRXlq-7zx55awQ

可以抽奖1次，去抽奖

很遗憾未中奖~
开始内部助力

开始助力第1个活动：吃货嘉年华

jd_56ac883b2ee02 去助力 jd_56ac883b2ee02 的助力码 T0225KkcRRhIplzfI0j2waIKdgCjBVlqWU5jYjeQOc
不能助力自己

jd_56ac883b2ee02 去助力 jd_72476e50d1b0e 的助力码 T0225KkcRxwd8lKCJRqglaUKIQCjBVlqWU5jYjeQOc
完成任务失败：您今日已为好友助力过了哦~

开始助力第2个活动：PLUS生活特权

开始助力第3个活动：1

jd_56ac883b2ee02 去助力 jd_56ac883b2ee02 的助力码 T0225KkcRRhIplzfI0j2waIKdgCjVQmoaT5kRrbA
不能助力自己

jd_56ac883b2ee02 去助力 jd_72476e50d1b0e 的助力码 T0225KkcRxwd8lKCJRqglaUKIQCjVQmoaT5kRrbA
完成任务失败：您今日已为好友助力过了哦~

开始助力第4个活动：2

开始助力第5个活动：3

jd_56ac883b2ee02 去助力 jd_56ac883b2ee02 的助力码 T0225KkcRRhIplzfI0j2waIKdgDjRXlq-7zx55awQ
不能助力自己

jd_56ac883b2ee02 去助力 jd_72476e50d1b0e 的助力码 T0225KkcRxwd8lKCJRqglaUKIQDjRXlq-7zx55awQ
完成任务失败：您今日已为好友助力过了哦~

开始内部助力

开始助力第1个活动：吃货嘉年华

jd_72476e50d1b0e 去助力 jd_56ac883b2ee02 的助力码 T0225KkcRRhIplzfI0j2waIKdgCjBVlqWU5jYjeQOc
完成任务失败：您今日已为好友助力过了哦~

jd_72476e50d1b0e 去助力 jd_72476e50d1b0e 的助力码 T0225KkcRxwd8lKCJRqglaUKIQCjBVlqWU5jYjeQOc
不能助力自己

开始助力第2个活动：PLUS生活特权

开始助力第3个活动：1

jd_72476e50d1b0e 去助力 jd_56ac883b2ee02 的助力码 T0225KkcRRhIplzfI0j2waIKdgCjVQmoaT5kRrbA
完成任务失败：您今日已为好友助力过了哦~

jd_72476e50d1b0e 去助力 jd_72476e50d1b0e 的助力码 T0225KkcRxwd8lKCJRqglaUKIQCjVQmoaT5kRrbA
不能助力自己

开始助力第4个活动：2

开始助力第5个活动：3

jd_72476e50d1b0e 去助力 jd_56ac883b2ee02 的助力码 T0225KkcRRhIplzfI0j2waIKdgDjRXlq-7zx55awQ
完成任务失败：您今日已为好友助力过了哦~

jd_72476e50d1b0e 去助力 jd_72476e50d1b0e 的助力码 T0225KkcRxwd8lKCJRqglaUKIQDjRXlq-7zx55awQ
不能助力自己


🔔众筹许愿池, 结束! 🕛 79.877 秒


## 执行结束... 2022-05-11 02:42:17 耗时 80 秒
