## 开始执行... 2022-05-14 00:40:36


🔔众筹许愿池, 开始!

====================共2个京东账号Cookie=================

============脚本执行时间：2022/5/14 00:40:36=============

>>>>>>>>>>>>>>6Dylan6 提示：任务正常运行中>>>>>>>>>>>>>>>


*******开始【京东账号1】Wang_Happy_*********


开始第1个活动：吃货嘉年华

点击热区
完成任务：获得50金币

点击热区
完成任务：获得50金币

【沙窝曙光 甘肃民勤人参果 5斤装 人生果  长圆果 孕妇宝宝 生鲜 新鲜黄肉水果 5斤装（净重4.5-5斤）】每加购一个商品得50吃货值
完成任务：获得50金币

【【300 减200】百草味 鸭肫115g 鲜卤鸭肫鸭肉特产零食 休闲小吃熟食卤味 真空小包装 MJ 五香味】每加购一个商品得50吃货值
完成任务：获得50金币

【今聚鲜大号国产翡翠青虾仁1000g 活剥去虾线 冷冻海鲜水产 生鲜】每加购一个商品得50吃货值
完成任务：获得50金币

【【买1贈1+碗勺】强健云混合水果麦片早餐食品 烘焙坚果燕麦片即食代餐营养谷物牛奶冲饮儿童酸奶果粒麦片 烘焙水果麦片+酸奶果粒麦片【共1000克】 1000克】每加购一个商品得50吃货值
完成任务：获得50金币

【推荐_【三只松鼠_量贩开心果500g/罐装】每日坚果零食干果炒货健康休闲零食原色孕妇食品 500g/罐装】每加购一个商品得50吃货值
完成任务：获得50金币

【大希地 牛腩 牛肉 国产冷冻牛肉块 500g】每加购一个商品得50吃货值
完成任务：获得50金币

【华牧鲜 加拿大进口AAA级原切雪花眼肉牛排套餐 厚切200g/份 谷饲安格斯牛肉冷冻生鲜 送礼礼袋 AAA级牛排6片装 1.2kg】每加购一个商品得50吃货值
完成任务：获得50金币

【我老家山林散养土鸡蛋现捡现发农家柴鸡蛋生鲜盒装箱装单枚40g±5g 10枚/盒装约400g】每加购一个商品得50吃货值
完成任务：获得50金币

【【300 减200】百草味 笑口板栗120g 休闲零食坚果特产 即食熟制甘栗 MJ】每加购一个商品得50吃货值
完成任务：获得50金币

【王饱饱 烘焙麦片 营养早餐 燕麦片 代餐食品 高纤维 非膨化 草莓优脆乳麦片400g】每加购一个商品得50吃货值
完成任务：获得50金币

【佰儒 特级 新茶金骏眉 红茶 茶叶武夷山春茶桐木关散装黄芽2022金俊眉罐子礼盒500g功夫红茶】每加购一个商品得50吃货值
完成任务：获得50金币

【荞麦面条低脂肪无糖精面条荞面条荞麦挂面杂粮面条挂面批发 山咔咔 0脂肪 荞麦面条2斤细面】每加购一个商品得50吃货值
完成任务：获得50金币

【【300 减200】百草味 泡椒凤爪160g 休闲零食特产香辣鸡肉野山椒鸡爪 MJ】每加购一个商品得50吃货值
完成任务：获得50金币

【独角兽厨房 全麦面包低脂切片面包欧包健身餐粗粮杂粮吐司早餐食品代餐面包2斤装整箱 全麦粉含量45%】每加购一个商品得50吃货值
完成任务：获得50金币

【柴火大院 五常有机大米5kg 东北大米10斤  稻花香2号】每加购一个商品得50吃货值
完成任务：获得50金币

【【特仑苏旗舰店】特仑苏牛奶 经典品质 纯牛奶利乐钻250ml*16盒】每加购一个商品得50吃货值
完成任务失败：任务已完成

【正大 鸡肉生鲜 健康轻食出口日本级品质 健身鸡胸肉健身餐 轻食代餐 琵琶腿500g*4袋 共4斤】每加购一个商品得50吃货值
完成任务失败：任务已完成

【大希地整切牛排牛肉 儿童牛排 生鲜西冷菲力牛排进口冷冻肉源整切调理10包（1200g） 西冷牛排*10包（即将售罄）】每加购一个商品得50吃货值
完成任务失败：任务已完成

【【京东农场】东北有机大米 黑龙江长粒香米 正宗东北香米 前进农场军稻香 京品源全程溯源 【真空装/5kg】】每加购一个商品得50吃货值
完成任务失败：任务已完成

【三胖蛋 原味瓜子90g*10袋】每加购一个商品得50吃货值
完成任务失败：任务已完成

【【店长推荐】回头客卡侬尼华夫饼2000g蛋糕点心营养早餐宵夜食品好吃小吃面包干休闲特产零食大礼包整箱 鸡蛋味2000g【约60枚】】每加购一个商品得50吃货值
完成任务失败：任务已完成

【西班牙原装进口ABRIL艾伯瑞纯正精炼烹饪橄榄油5L升铁罐混合油橄榄果渣油西餐烘焙日式料理 年货送礼】每加购一个商品得50吃货值
完成任务失败：任务已完成

【【岐山天缘】酿造6度白醋约10斤  腌制果蔬  清洁 4.85L】每加购一个商品得50吃货值
完成任务失败：任务已完成

【张二嘎兰花豆500g袋原味香辣牛肉炒货蚕豆特产坚果小吃休闲零食零食坚果休闲 香辣兰花豆500g】每加购一个商品得50吃货值
完成任务失败：任务已完成

【健元堂 多口味红豆薏米粗粮代餐饼干饱腹450G无糖精健身低五谷杂粮卡脂热老人压缩干粮食品 红豆薏米燕麦饼】每加购一个商品得50吃货值
完成任务失败：任务已完成

【福临门 食用油 非转基因纯香菜籽油5L 中粮出品】每加购一个商品得50吃货值
完成任务失败：任务已完成

【肉松海苔卷即紫菜夹心海苔卷休闲零食小吃儿童拌饭料 肉松味海苔卷100g/罐】每加购一个商品得50吃货值
完成任务失败：任务已完成

【张二嘎 原味南瓜子500g*2袋休闲特产熟南瓜籽坚果白瓜子炒货小零食白瓜子瓜子批发 小粒香+盐焗组合装】每加购一个商品得50吃货值
完成任务失败：任务已完成

【DGI低GI无糖精黑麦代餐全麦面包粗粮健身食品休闲零食懒人速食饱腹面包吐司早餐 全麦味 700g】每加购一个商品得50吃货值
完成任务失败：任务已完成

【鹃城牌不含添加剂防腐剂豆瓣酱正宗郫县豆瓣特级豆瓣1000g精编竹笼酱香醇厚中华老字号黑豆瓣手工制作】每加购一个商品得50吃货值
完成任务失败：任务已完成

【零趣乳酪布丁整箱 果冻办公室休闲点心每日小吃学生宿舍小零食品【每】 乳酪布丁500g】每加购一个商品得50吃货值
完成任务失败：任务已完成

【三胖蛋 原味葵花籽180g*5袋】每加购一个商品得50吃货值
完成任务失败：任务已完成

【老旮桃酥老式饼干传统糕点整箱零食小吃休闲食品独立小包装 桃酥【2500g】】每加购一个商品得50吃货值
完成任务失败：任务已完成

【云典纯黑咖啡速溶咖啡粉手冲美式苦咖啡无蔗糖云南小粒咖啡饮料减燃健身整箱批发 黑咖啡100g*2盒（100袋）】每加购一个商品得50吃货值
完成任务失败：任务已完成

【贝蒂斯特级初榨橄榄油 3.15升礼盒装  西班牙原装进口 凉拌 炒菜烹饪食用油 22年1月后生产】每加购一个商品得50吃货值
完成任务失败：任务已完成

【【憨豆熊】炭烧腰果仁500g新货袋装250g碳烧坚果散装称斤干果零食批发 【炭烧腰果】净含量500g】每加购一个商品得50吃货值
完成任务失败：任务已完成

【【冠云官方 】平遥牛肉 山西特产 中华老字号平遥牛肉 熟食休闲零食小装(258gX2袋)516g原味】每加购一个商品得50吃货值
完成任务失败：任务已完成

【苗姑娘 贵州特产地道苗族风味 牛肉辣椒750g 调味料辣椒酱美味下饭菜拌面香辣酱 桶装大瓶 地道风味】每加购一个商品得50吃货值
完成任务失败：任务已完成

【DGI低GI无添加蔗糖孕妇粗粮全麦高纤维饼干魔芋饱腹代餐零食品 全麦麦香味180g】每加购一个商品得50吃货值
完成任务失败：任务已完成

【【憨豆熊】红皮花生米500g生新货5斤装新鲜农家晒干散装不带壳 1000g】每加购一个商品得50吃货值
完成任务失败：任务已完成

【益达（Extra）口香糖益达木糖醇无糖口香糖 【热门6瓶】热门6口味组合】每加购一个商品得50吃货值
完成任务失败：任务已完成

【【宁化府旗舰店】山西特产宁化府益源庆老陈醋 手工五年陈酿500ml】每加购一个商品得50吃货值
完成任务失败：任务已完成

【【葡记香草鲜奶香蒸蛋糕1000g】2斤装整箱网红早餐糕点心代餐休闲零食品】每加购一个商品得50吃货值
完成任务失败：任务已完成

【新农哥 板栗仁坚果零食干果甘栗仁甜糯板栗栗子 板栗仁108gx4袋装】每加购一个商品得50吃货值
完成任务失败：任务已完成

【贝蒂斯特级初榨橄榄油礼盒 750ml*2瓶装 西班牙原装进口 礼品福利 团购  凉拌 炒菜】每加购一个商品得50吃货值
完成任务失败：任务已完成

【好人家 手工麻辣牛油火锅底料900g 重庆麻辣老火锅底料 聚餐送礼】每加购一个商品得50吃货值
完成任务失败：任务已完成

【真巧 酱芯曲奇饼干 巧克力夹心饼干 350g整袋装(内装约35小包)】每加购一个商品得50吃货值
完成任务失败：任务已完成

【老闫家 闫小萌盐焗味南瓜子坚果炒货光板南瓜籽 办公室休闲零食品独立小包装陕北特产 500g*2】每加购一个商品得50吃货值
完成任务失败：任务已完成

【【绿色食品】欧亚高原全脂纯牛奶250g*16盒/箱早餐乳制品】每加购一个商品得50吃货值
完成任务失败：任务已完成

【姜老大 海盐海盐黑胡椒混合调料研磨130g 2瓶组合健身西餐牛排鸡胸肉水煮菜调料】每加购一个商品得50吃货值
完成任务失败：任务已完成

【雀巢脆脆鲨威化饼干24条盒装巧克力花生牛奶味饼干休闲零食品节日礼盒零食大礼包 巧克力味480g【24条新包装】】每加购一个商品得50吃货值
完成任务失败：任务已完成

【【憨豆熊】带皮大腰果仁500g新货袋装每日坚果紫衣坚果休闲零食散装称斤干果零食批发 【带皮腰果大颗粒】净含量1000g】每加购一个商品得50吃货值
完成任务失败：任务已完成

【【买1贈1+碗勺】美味地带奇亚籽酸奶果粒燕麦片混合坚果水果麦片 即食麦片早餐食品营养冲饮谷物代餐零食 酸奶水果麦片+烘焙水果麦片【1000g+贈碗勺】】每加购一个商品得50吃货值
完成任务失败：任务已完成

【天源酱园 干黄酱350g*5包 干酱北京炸酱面酱 黄豆酱豆瓣酱炸酱辅料】每加购一个商品得50吃货值
完成任务失败：任务已完成

【王一博代言】伊利安慕希高端畅饮希腊风味酸奶早餐230g*10瓶整箱 【3月】高端原味230g*10瓶】每加购一个商品得50吃货值
完成任务失败：任务已完成

【沃隆 每日坚果 每日果礼休闲零食礼盒大礼包 腰果榛子巴旦木核桃仁金提干蔓越莓健康营养零食770g】每加购一个商品得50吃货值
完成任务失败：任务已完成

【巧媳妇小米醋桶纯酿造食醋调味炒菜凉拌饺子醋实惠酿造米醋凉拌调味纯酿米醋1.3L*2】每加购一个商品得50吃货值
完成任务失败：任务已完成

【陈村过桥米线米粉丝20袋整箱装非油炸速食免煮酸辣过挢米线泡面宵夜 【10袋】香菇鸡3+红烧牛肉3+酸辣牛肉2+猪骨2】每加购一个商品得50吃货值
完成任务失败：任务已完成

【沃隆 每日坚果 坚果炒货 干果零食 开心果135g/罐】每加购一个商品得50吃货值
完成任务失败：任务已完成

【千丝绿豆饼整箱 办公室点心绿豆糕传统糕点休闲早餐中式糕点小零食品学生宿色小吃充饥速食宵夜】每加购一个商品得50吃货值
完成任务失败：任务已完成

【蔡林记 热干面酱包调味料包风味卤牛肉味酱包拌面酱拌饭酱调味酱料单包20g*20袋】每加购一个商品得50吃货值
完成任务失败：任务已完成

【川豫情 川陕风味红油面皮 非油炸擀面皮方便面速食拌面凉皮 红油面皮105g*5袋】每加购一个商品得50吃货值
完成任务失败：任务已完成

【憨豆熊 新货每日坚果混合坚果散装干果儿童孕妇休闲零食综合果仁 新鲜袋装3斤（500gX3袋）】每加购一个商品得50吃货值
完成任务失败：任务已完成

【Lindt进口瑞士莲黑巧克力可可软心巧克力球喜糖礼盒lindor瑞士莲巧克力夹心牛奶巧克力礼物送女友 瑞士莲黑巧混装600g】每加购一个商品得50吃货值
完成任务失败：任务已完成

【【宁化府旗舰店】山西特产老陈醋宁化府益源庆2.4L+手工六年1.25L组合】每加购一个商品得50吃货值
完成任务失败：任务已完成

【五芳斋 年货八宝饭过年特产甜点速食方便米饭糯米饭 白糯豆沙2盒+紫糯豆沙1盒共1170克（店长推荐）】每加购一个商品得50吃货值
完成任务失败：任务已完成

【如水 鱼皮花生505g×2桶 每日坚果童年大仁花生米 办公酥脆休闲零食】每加购一个商品得50吃货值
完成任务失败：任务已完成

【秭归伦晚橙子脐橙手剥橙薄皮 当季时令新鲜水果 生鲜孕妇礼盒（现摘现发） （甄选）果径75mm以上 9斤大果精品装】每加购一个商品得50吃货值
完成任务失败：任务已完成

【太太乐 三鲜鸡精 调味料鸡精大袋调料 厨房调味调料 500g*2袋】每加购一个商品得50吃货值
完成任务失败：任务已完成

【统一汤达人日式豚骨方便面五连包袋装泡面懒人速食食品 日式豚骨面五连包】每加购一个商品得50吃货值
完成任务失败：任务已完成

【老闫家 闫小萌原味南瓜子500g克独立小包装光板南瓜籽 坚果炒货休闲零食送礼陕北特产】每加购一个商品得50吃货值
完成任务失败：任务已完成

【【现做现】千丝3+2紫米吐司整箱 办公室点心休闲早餐夹心小面包小零食品年货【超】 紫米3+2面包整箱400g【10天短保，现做现】】每加购一个商品得50吃货值
完成任务失败：任务已完成

【重庆江津九叶鲜青花椒油藤椒油花椒油麻椒油花椒酱麻椒酱 135ML】每加购一个商品得50吃货值
完成任务失败：任务已完成

【嗨吃客自热米饭265g*5盒懒人方便户外速食自热煲仔饭户外方便米饭盒饭 辣子鸡1盒+椒香牛肉2盒+土豆牛肉1盒+酱肉丝1盒】每加购一个商品得50吃货值
完成任务失败：任务已完成

【洽洽 皇葵焦糖瓜子110g/袋 恰恰葵花籽煮瓜子坚果零食小吃 黑糖味*6袋】每加购一个商品得50吃货值
完成任务失败：任务已完成

【东鹏特饮维生素功能饮料 500ml*15瓶】每加购一个商品得50吃货值
完成任务失败：任务已完成

【盛源来寿司食材全套工具寿司海苔萝卜醋套装紫菜包饭材料 18件套【可做20次】】每加购一个商品得50吃货值
完成任务失败：任务已完成

【【第2罐5折】艺佰奇亚籽 奇雅子 齐亚子 熟制免洗奇亚子饱腹代餐可搭配 燕麦片即食酸奶水果代餐谷物 奇亚籽配量勺450克】每加购一个商品得50吃货值
完成任务失败：任务已完成

【沃隆 每日坚果 坚果炒货 零食干果   腰果150g】每加购一个商品得50吃货值
完成任务失败：任务已完成

【康师傅方便面 泡面整箱装 【经典】藤椒牛肉面整箱24袋】每加购一个商品得50吃货值
完成任务失败：任务已完成

【好人家 青花椒鱼调料210g*3袋 川味麻辣红烧鱼烧肉调味料四川特产】每加购一个商品得50吃货值
完成任务失败：任务已完成

【德青源鲜鸡蛋 无抗生素无激素 营养早餐 农场鲜供 舌尖攻略谷饲40枚1.72kg】每加购一个商品得50吃货值
完成任务失败：任务已完成

【安佳黄油20盒 煎牛排黄油小包装 动物黄油 烘焙黄油140g 20盒】每加购一个商品得50吃货值
完成任务失败：任务已完成

【【鲁花直销】鲁花自然鲜酱香酱油1.28L*2    特级酱香  厨房调料 调味品】每加购一个商品得50吃货值
完成任务失败：任务已完成

【【顺丰速发】言片光 临安天目山小香薯 红薯地瓜2.5kg一箱 新鲜蔬菜 5斤装（净重4.8斤）【严选中果】】每加购一个商品得50吃货值
完成任务失败：任务已完成

【【2022年明前特级新茶】龙井茶杭州明前春茶正宗豆香绿茶250g礼盒装豆香龙井散装醉茗山茶叶罐装】每加购一个商品得50吃货值
完成任务失败：任务已完成

【美国进口BRAGG苹果醋原浆减无糖水果醋浓缩饮料轻食调味料健身饮品肥生酮食品苹果醋 946ml】每加购一个商品得50吃货值
完成任务失败：任务已完成

【【宁化府旗舰店】宁化府 益源庆 山西特产老陈醋 酿造食醋 实惠桶装 桌上瓶160ml】每加购一个商品得50吃货值
完成任务失败：任务已完成

【悠享佳 南瓜子仁500g 内蒙古特产南瓜子仁原味 真空装 零食 坚果 天然原味(生) 真空装】每加购一个商品得50吃货值
完成任务失败：任务已完成

【嘉华 现烤糕点礼盒装 云南特产美食零食下午茶伴手礼 现烤优格玫瑰饼50g/枚 10枚起售】每加购一个商品得50吃货值
完成任务失败：任务已完成

【黄老五 休闲零食糖果 黑芝麻花生酥糖188g*3袋 四川特产小吃 传统怀旧零食】每加购一个商品得50吃货值
完成任务失败：任务已完成

【【2瓶装】古蜀味道 烧椒酱210g四川农家下饭菜手工椒辣椒酱自制超辣剁椒青椒酱拌饭酱厨房调味】每加购一个商品得50吃货值
完成任务失败：任务已完成

【琦王 五香花生米 办公室小吃 休闲零食  炒货 特产 花生米 下酒菜 香酥脆 花生米230g五香味×4袋（共920g)】每加购一个商品得50吃货值
完成任务失败：任务已完成

【滇园 玫瑰鲜花饼礼盒800g共20枚 云南特产休闲零食小吃糕点美食 中秋节送礼】每加购一个商品得50吃货值
完成任务失败：任务已完成

【李子柒 薯你弹酸辣粉 粉丝米线方便速食 袋装 252g*6袋】每加购一个商品得50吃货值
完成任务失败：任务已完成

【蔡林记 脆萝卜辣萝卜腌制酱菜泡菜瓶装湖北特色下饭咸菜萝卜丁280g*3瓶装】每加购一个商品得50吃货值
完成任务失败：任务已完成

【如水鱼皮花生 一口回到小时候 网红炒货孕妇办公室坚果休闲零食豆 鱼皮花生500g*2罐】每加购一个商品得50吃货值
完成任务失败：任务已完成

【【特仑苏旗舰店】特仑苏纯牛奶250mL×16包*2提组合装 早餐奶 易携带礼盒装 中秋春节送礼推荐】每加购一个商品得50吃货值
完成任务失败：任务已完成

【浏览潮流趋势会场】每浏览一个会场4S得100吃货值
助力失败：任务领取成功

助力成功：您的好友获得100金币

【浏览粮油米面速食会场】每浏览一个会场4S得100吃货值
助力失败：任务领取成功

助力成功：您的好友获得100金币

【浏览伊利牛奶会场】每浏览一个会场4S得100吃货值
助力失败：任务领取成功

助力成功：您的好友获得100金币

【浏览休闲零食会场】每浏览一个会场4S得100吃货值
助力失败：任务领取成功

助力成功：您的好友获得100金币

【浏览良品铺子美食会场】每浏览一个会场4S得100吃货值
助力失败：任务领取成功

助力成功：您的好友获得100金币

【浏览端午会场】每浏览一个会场4S得100吃货值
助力失败：任务领取成功

助力成功：您的好友获得100金币

【浏览樱桃商品会场】每浏览一个会场4S得100吃货值
助力失败：任务领取成功

助力成功：您的好友获得100金币

【浏览食品饮料生鲜吃货节会场】每浏览一个会场4S得100吃货值
助力失败：任务领取成功

助力成功：您的好友获得100金币

【浏览华祥苑茗茶会场】每浏览一个会场4S得100吃货值
助力失败：任务领取成功

助力成功：您的好友获得100金币

【浏览百草味美食会场】每浏览一个会场4S得100吃货值
助力失败：任务领取成功

助力成功：您的好友获得100金币

【京东账号1（jd_56ac883b2ee02）的吃货嘉年华好友互助码】T0225KkcRRhIplzfI0j2waIKdgCjBVlqWU5jYjeQOc

签到
完成任务：获得100金币

可以抽奖3次，去抽奖

抽中：良品铺子优惠券，金额300-200，使用时间2022.04.27-2022.05.20
抽中：三只松鼠优惠券，金额300-210，使用时间2022.05.01-2022.05.31
抽中：百草味优惠券，金额300-210，使用时间2022.04.27-2022.05.21

开始第2个活动：PLUS生活特权

【领肯德基9.9元下午茶】浏览6s并领取权益可获得200金币
助力失败：任务领取成功

助力成功：您的好友获得200金币

【领半价小皇堡4件套】浏览6s并领取权益可获得200金币
任务领取成功
完成任务：获得200金币

【办银行卡得PLUS会员】浏览6s并领取权益可获得200金币
任务领取成功
完成任务：获得200金币

【领免费吃喝玩乐福利】浏览6s并领取权益可获得200金币
任务领取成功
完成任务：获得200金币

签到
签到成功：获得200金币

可以抽奖5次，去抽奖

很遗憾未中奖~
很遗憾未中奖~
很遗憾未中奖~
很遗憾未中奖~
很遗憾未中奖~

开始第3个活动：1

【0.1元抢亮碟x小蓝礼盒】浏览1个会场6s得1次抽奖机会
助力失败：任务领取成功

助力成功：您的好友获得1金币

【浏览锦鲤红包】浏览1个会场6s得1次抽奖机会
助力失败：任务领取成功

助力成功：您的好友获得1金币

【浏览并关注众筹频道】浏览并关注1个频道得1次抽奖机会
完成任务：获得1金币

【浏览并关注闪购频道】浏览并关注1个频道得1次抽奖机会
完成任务：获得1金币

【浏览并关注宠汪汪】浏览并关注1个频道得1次抽奖机会
完成任务失败：任务已完成

【帕莎（Prsr）尼龙太阳镜男女GM墨镜开车驾驶眼镜王源同款大框方框眼镜 PS3017 -L】浏览1个商品6s得1次抽奖机会
任务领取成功
完成任务：获得1金币

【天坛家具 衣柜 简约现代衣橱 大衣柜 环保衣柜 小户型卧室衣橱衣帽间 单门衣柜】浏览1个商品6s得1次抽奖机会
任务领取成功
完成任务：获得1金币

【京东账号1（jd_56ac883b2ee02）的1好友互助码】T0225KkcRRhIplzfI0j2waIKdgCjVQmoaT5kRrbA

可以抽奖6次，去抽奖

很遗憾未中奖~
抽中：1京豆
很遗憾未中奖~
抽中：1京豆
很遗憾未中奖~
很遗憾未中奖~

开始第4个活动：2

【浏览众筹频道】浏览10秒得200金币
任务领取成功
完成任务：获得200金币

【新疆葡萄酒产区馆】浏览并关注店铺领50金币
完成任务：获得50金币

【阳山水蜜桃专营店】浏览并关注店铺领50金币
完成任务：获得50金币

【冈本京东自营旗舰店】浏览并关注店铺领50金币
完成任务：获得50金币

【京东定制酒自营旗舰店】浏览并关注店铺领50金币
完成任务：获得50金币

【京安途 京东自营旗舰店】浏览并关注店铺领50金币
完成任务：获得50金币

【巧茗堂京东自营旗舰店】浏览并关注店铺领50金币
完成任务失败：任务已完成

【【无锡阳山馆】认领一棵树-无锡水蜜桃“白凤桃” 新鲜水果 桃子 独享认领/1人/组/240颗水蜜桃（附桃类衍生品）】单个商品浏览5秒领50金币
任务领取成功
完成任务：获得50金币

【新疆尼雅婚庆祝福葡萄酒 喜宴新婚酒 喜结良缘 单瓶装】单个商品浏览5秒领50金币
任务领取成功
完成任务：获得50金币

【绘睡（letsleep）自适应AI智能床垫软硬智能匹配黑科技AI模组5级软硬度APP随心调节独立分区双睡感1.8*2.0米】单个商品浏览5秒领50金币
任务领取成功
完成任务：获得50金币

【巧茗堂 植物精油喷雾驱蚊液 驱蚊水止痒舒缓液 驱防蚊喷雾 花露水蚊虫叮咬驱蚊喷雾50ml*1+舒缓液10ml*2】单个商品浏览5秒领50金币
任务领取成功
完成任务：获得50金币

【虎头局渣打饼行 粽子礼盒100g*6只装 肉粽碱水粽腊肠粽 端午节礼品团购福利 】单个商品浏览5秒领50金币
任务领取成功
完成任务：获得50金币

【冈本 避孕套 安全套 鎏金礼盒超薄组合22片（透薄四合一+SKIN纯3+激薄5） 男女用 套套 计生用品 okamoto】单个商品浏览5秒领50金币
任务领取成功
完成任务：获得50金币

【京安途（Jauto）高压洗车机家用 无线锂电手持洗车电动枪清洗机刷车泵 增压自动取水清洗 升级高压电机】单个商品浏览5秒领50金币
任务领取成功
完成任务：获得50金币

【鲤遇 龙游华夏-粽夏畅享知味观粽子高邮咸鸭蛋艾草香囊礼盒端午礼盒支持团购】单个商品浏览5秒领50金币
任务领取成功
完成任务：获得50金币

【浏览并关注众筹频道】已完成

可以抽奖2次，去抽奖

抽中：6京豆
很遗憾未中奖~

开始第5个活动：3

【关注三顿半自营旗舰店】每关注1个店铺可得100新动值
完成任务：获得100金币

【关注植益自营旗舰店】每关注1个店铺可得100新动值
完成任务：获得100金币

【关注瑞幸咖啡自营旗舰店】每关注1个店铺可得100新动值
完成任务：获得100金币

【关注黄天鹅自营旗舰店】每关注1个店铺可得100新动值
完成任务：获得100金币

【关注联合利华自营旗舰店】每关注1个店铺可得100新动值
完成任务：获得100金币

【关注拉面说自营旗舰店】每关注1个店铺可得100新动值
完成任务：获得100金币

【关注筷手小厨自营旗舰店】每关注1个店铺可得100新动值
完成任务：获得100金币

【关注布鲁可自营旗舰店】每关注1个店铺可得100新动值
完成任务：获得100金币

【关注王饱饱自营旗舰店】每关注1个店铺可得100新动值
完成任务：获得100金币

【关注可口可乐旗舰店】每关注1个店铺可得100新动值
完成任务：获得100金币

【奥妙除菌除螨洗衣液 3kg+400g*3+内衣洗衣液275ml*2送补充装洗衣液480G*5】每加购1个商品可得50新动值
助力成功：您的好友获得50金币

【小皮(LittleFreddie)高品质核桃油100ml 天然营养初榨食用油 欧洲原装进口 儿童/孕妇可用】每加购1个商品可得50新动值
助力成功：您的好友获得50金币

【吉列(Gillette)刮胡刀手动剃须刀手动 520礼物男 布加迪跑车联名典藏款热感1刀架2刀头+充电底座+官方车模】每加购1个商品可得50新动值
助力成功：您的好友获得50金币

【看看追新PRO】每关注1个频道可得500新动值
完成任务：获得500金币

【看看京东超市】每关注1个频道可得500新动值
完成任务：获得500金币

【逛京东超市频道】每浏览1个会场6s可得100新动值
任务领取成功
完成任务：获得100金币

【京东账号1（jd_56ac883b2ee02）的3好友互助码】T0225KkcRRhIplzfI0j2waIKdgDjRXlq-7zx55awQ

可以抽奖4次，去抽奖

很遗憾未中奖~
很遗憾未中奖~
很遗憾未中奖~
很遗憾未中奖~

*******开始【京东账号2】蓝闺q*********


开始第1个活动：吃货嘉年华

点击热区
完成任务：获得50金币

点击热区
完成任务：获得50金币

【真巧 酱芯曲奇饼干 巧克力夹心饼干 350g整袋装(内装约35小包)】每加购一个商品得50吃货值
完成任务：获得50金币

【老闫家 闫小萌盐焗味南瓜子坚果炒货光板南瓜籽 办公室休闲零食品独立小包装陕北特产 500g*2】每加购一个商品得50吃货值
完成任务：获得50金币

【【绿色食品】欧亚高原全脂纯牛奶250g*16盒/箱早餐乳制品】每加购一个商品得50吃货值
完成任务：获得50金币

【姜老大 海盐海盐黑胡椒混合调料研磨130g 2瓶组合健身西餐牛排鸡胸肉水煮菜调料】每加购一个商品得50吃货值
完成任务：获得50金币

【雀巢脆脆鲨威化饼干24条盒装巧克力花生牛奶味饼干休闲零食品节日礼盒零食大礼包 巧克力味480g【24条新包装】】每加购一个商品得50吃货值
完成任务：获得50金币

【【憨豆熊】带皮大腰果仁500g新货袋装每日坚果紫衣坚果休闲零食散装称斤干果零食批发 【带皮腰果大颗粒】净含量1000g】每加购一个商品得50吃货值
完成任务：获得50金币

【【买1贈1+碗勺】美味地带奇亚籽酸奶果粒燕麦片混合坚果水果麦片 即食麦片早餐食品营养冲饮谷物代餐零食 酸奶水果麦片+烘焙水果麦片【1000g+贈碗勺】】每加购一个商品得50吃货值
完成任务：获得50金币

【天源酱园 干黄酱350g*5包 干酱北京炸酱面酱 黄豆酱豆瓣酱炸酱辅料】每加购一个商品得50吃货值
完成任务：获得50金币

【王一博代言】伊利安慕希高端畅饮希腊风味酸奶早餐230g*10瓶整箱 【3月】高端原味230g*10瓶】每加购一个商品得50吃货值
完成任务：获得50金币

【沃隆 每日坚果 每日果礼休闲零食礼盒大礼包 腰果榛子巴旦木核桃仁金提干蔓越莓健康营养零食770g】每加购一个商品得50吃货值
完成任务：获得50金币

【巧媳妇小米醋桶纯酿造食醋调味炒菜凉拌饺子醋实惠酿造米醋凉拌调味纯酿米醋1.3L*2】每加购一个商品得50吃货值
完成任务：获得50金币

【陈村过桥米线米粉丝20袋整箱装非油炸速食免煮酸辣过挢米线泡面宵夜 【10袋】香菇鸡3+红烧牛肉3+酸辣牛肉2+猪骨2】每加购一个商品得50吃货值
完成任务：获得50金币

【沃隆 每日坚果 坚果炒货 干果零食 开心果135g/罐】每加购一个商品得50吃货值
完成任务：获得50金币

【千丝绿豆饼整箱 办公室点心绿豆糕传统糕点休闲早餐中式糕点小零食品学生宿色小吃充饥速食宵夜】每加购一个商品得50吃货值
完成任务：获得50金币

【蔡林记 热干面酱包调味料包风味卤牛肉味酱包拌面酱拌饭酱调味酱料单包20g*20袋】每加购一个商品得50吃货值
完成任务：获得50金币

【川豫情 川陕风味红油面皮 非油炸擀面皮方便面速食拌面凉皮 红油面皮105g*5袋】每加购一个商品得50吃货值
完成任务失败：任务已完成

【憨豆熊 新货每日坚果混合坚果散装干果儿童孕妇休闲零食综合果仁 新鲜袋装3斤（500gX3袋）】每加购一个商品得50吃货值
完成任务失败：任务已完成

【Lindt进口瑞士莲黑巧克力可可软心巧克力球喜糖礼盒lindor瑞士莲巧克力夹心牛奶巧克力礼物送女友 瑞士莲黑巧混装600g】每加购一个商品得50吃货值
完成任务失败：任务已完成

【【宁化府旗舰店】山西特产老陈醋宁化府益源庆2.4L+手工六年1.25L组合】每加购一个商品得50吃货值
完成任务失败：任务已完成

【五芳斋 年货八宝饭过年特产甜点速食方便米饭糯米饭 白糯豆沙2盒+紫糯豆沙1盒共1170克（店长推荐）】每加购一个商品得50吃货值
完成任务失败：任务已完成

【如水 鱼皮花生505g×2桶 每日坚果童年大仁花生米 办公酥脆休闲零食】每加购一个商品得50吃货值
完成任务失败：任务已完成

【秭归伦晚橙子脐橙手剥橙薄皮 当季时令新鲜水果 生鲜孕妇礼盒（现摘现发） （甄选）果径75mm以上 9斤大果精品装】每加购一个商品得50吃货值
完成任务失败：任务已完成

【太太乐 三鲜鸡精 调味料鸡精大袋调料 厨房调味调料 500g*2袋】每加购一个商品得50吃货值
完成任务失败：任务已完成

【统一汤达人日式豚骨方便面五连包袋装泡面懒人速食食品 日式豚骨面五连包】每加购一个商品得50吃货值
完成任务失败：任务已完成

【老闫家 闫小萌原味南瓜子500g克独立小包装光板南瓜籽 坚果炒货休闲零食送礼陕北特产】每加购一个商品得50吃货值
完成任务失败：任务已完成

【【现做现】千丝3+2紫米吐司整箱 办公室点心休闲早餐夹心小面包小零食品年货【超】 紫米3+2面包整箱400g【10天短保，现做现】】每加购一个商品得50吃货值
完成任务失败：任务已完成

【重庆江津九叶鲜青花椒油藤椒油花椒油麻椒油花椒酱麻椒酱 135ML】每加购一个商品得50吃货值
完成任务失败：任务已完成

【嗨吃客自热米饭265g*5盒懒人方便户外速食自热煲仔饭户外方便米饭盒饭 辣子鸡1盒+椒香牛肉2盒+土豆牛肉1盒+酱肉丝1盒】每加购一个商品得50吃货值
完成任务失败：任务已完成

【洽洽 皇葵焦糖瓜子110g/袋 恰恰葵花籽煮瓜子坚果零食小吃 黑糖味*6袋】每加购一个商品得50吃货值
完成任务失败：任务已完成

【东鹏特饮维生素功能饮料 500ml*15瓶】每加购一个商品得50吃货值
完成任务失败：任务已完成

【盛源来寿司食材全套工具寿司海苔萝卜醋套装紫菜包饭材料 18件套【可做20次】】每加购一个商品得50吃货值
完成任务失败：任务已完成

【【第2罐5折】艺佰奇亚籽 奇雅子 齐亚子 熟制免洗奇亚子饱腹代餐可搭配 燕麦片即食酸奶水果代餐谷物 奇亚籽配量勺450克】每加购一个商品得50吃货值
完成任务失败：任务已完成

【沃隆 每日坚果 坚果炒货 零食干果   腰果150g】每加购一个商品得50吃货值
完成任务失败：任务已完成

【康师傅方便面 泡面整箱装 【经典】藤椒牛肉面整箱24袋】每加购一个商品得50吃货值
完成任务失败：任务已完成

【好人家 青花椒鱼调料210g*3袋 川味麻辣红烧鱼烧肉调味料四川特产】每加购一个商品得50吃货值
完成任务失败：任务已完成

【德青源鲜鸡蛋 无抗生素无激素 营养早餐 农场鲜供 舌尖攻略谷饲40枚1.72kg】每加购一个商品得50吃货值
完成任务失败：任务已完成

【安佳黄油20盒 煎牛排黄油小包装 动物黄油 烘焙黄油140g 20盒】每加购一个商品得50吃货值
完成任务失败：任务已完成

【【鲁花直销】鲁花自然鲜酱香酱油1.28L*2    特级酱香  厨房调料 调味品】每加购一个商品得50吃货值
完成任务失败：任务已完成

【【顺丰速发】言片光 临安天目山小香薯 红薯地瓜2.5kg一箱 新鲜蔬菜 5斤装（净重4.8斤）【严选中果】】每加购一个商品得50吃货值
完成任务失败：任务已完成

【【2022年明前特级新茶】龙井茶杭州明前春茶正宗豆香绿茶250g礼盒装豆香龙井散装醉茗山茶叶罐装】每加购一个商品得50吃货值
完成任务失败：任务已完成

【美国进口BRAGG苹果醋原浆减无糖水果醋浓缩饮料轻食调味料健身饮品肥生酮食品苹果醋 946ml】每加购一个商品得50吃货值
完成任务失败：任务已完成

【【宁化府旗舰店】宁化府 益源庆 山西特产老陈醋 酿造食醋 实惠桶装 桌上瓶160ml】每加购一个商品得50吃货值
完成任务失败：任务已完成

【悠享佳 南瓜子仁500g 内蒙古特产南瓜子仁原味 真空装 零食 坚果 天然原味(生) 真空装】每加购一个商品得50吃货值
完成任务失败：任务已完成

【嘉华 现烤糕点礼盒装 云南特产美食零食下午茶伴手礼 现烤优格玫瑰饼50g/枚 10枚起售】每加购一个商品得50吃货值
完成任务失败：任务已完成

【黄老五 休闲零食糖果 黑芝麻花生酥糖188g*3袋 四川特产小吃 传统怀旧零食】每加购一个商品得50吃货值
完成任务失败：任务已完成

【【2瓶装】古蜀味道 烧椒酱210g四川农家下饭菜手工椒辣椒酱自制超辣剁椒青椒酱拌饭酱厨房调味】每加购一个商品得50吃货值
完成任务失败：任务已完成

【琦王 五香花生米 办公室小吃 休闲零食  炒货 特产 花生米 下酒菜 香酥脆 花生米230g五香味×4袋（共920g)】每加购一个商品得50吃货值
完成任务失败：任务已完成

【滇园 玫瑰鲜花饼礼盒800g共20枚 云南特产休闲零食小吃糕点美食 中秋节送礼】每加购一个商品得50吃货值
完成任务失败：任务已完成

【李子柒 薯你弹酸辣粉 粉丝米线方便速食 袋装 252g*6袋】每加购一个商品得50吃货值
完成任务失败：任务已完成

【蔡林记 脆萝卜辣萝卜腌制酱菜泡菜瓶装湖北特色下饭咸菜萝卜丁280g*3瓶装】每加购一个商品得50吃货值
完成任务失败：任务已完成

【如水鱼皮花生 一口回到小时候 网红炒货孕妇办公室坚果休闲零食豆 鱼皮花生500g*2罐】每加购一个商品得50吃货值
完成任务失败：任务已完成

【【特仑苏旗舰店】特仑苏纯牛奶250mL×16包*2提组合装 早餐奶 易携带礼盒装 中秋春节送礼推荐】每加购一个商品得50吃货值
完成任务失败：任务已完成

【沙窝曙光 甘肃民勤人参果 5斤装 人生果  长圆果 孕妇宝宝 生鲜 新鲜黄肉水果 5斤装（净重4.5-5斤）】每加购一个商品得50吃货值
完成任务失败：任务已完成

【【300 减200】百草味 鸭肫115g 鲜卤鸭肫鸭肉特产零食 休闲小吃熟食卤味 真空小包装 MJ 五香味】每加购一个商品得50吃货值
完成任务失败：任务已完成

【今聚鲜大号国产翡翠青虾仁1000g 活剥去虾线 冷冻海鲜水产 生鲜】每加购一个商品得50吃货值
完成任务失败：任务已完成

【【买1贈1+碗勺】强健云混合水果麦片早餐食品 烘焙坚果燕麦片即食代餐营养谷物牛奶冲饮儿童酸奶果粒麦片 烘焙水果麦片+酸奶果粒麦片【共1000克】 1000克】每加购一个商品得50吃货值
完成任务失败：任务已完成

【推荐_【三只松鼠_量贩开心果500g/罐装】每日坚果零食干果炒货健康休闲零食原色孕妇食品 500g/罐装】每加购一个商品得50吃货值
完成任务失败：任务已完成

【大希地 牛腩 牛肉 国产冷冻牛肉块 500g】每加购一个商品得50吃货值
完成任务失败：任务已完成

【华牧鲜 加拿大进口AAA级原切雪花眼肉牛排套餐 厚切200g/份 谷饲安格斯牛肉冷冻生鲜 送礼礼袋 AAA级牛排6片装 1.2kg】每加购一个商品得50吃货值
完成任务失败：任务已完成

【我老家山林散养土鸡蛋现捡现发农家柴鸡蛋生鲜盒装箱装单枚40g±5g 10枚/盒装约400g】每加购一个商品得50吃货值
完成任务失败：任务已完成

【【300 减200】百草味 笑口板栗120g 休闲零食坚果特产 即食熟制甘栗 MJ】每加购一个商品得50吃货值
完成任务失败：任务已完成

【王饱饱 烘焙麦片 营养早餐 燕麦片 代餐食品 高纤维 非膨化 草莓优脆乳麦片400g】每加购一个商品得50吃货值
完成任务失败：任务已完成

【佰儒 特级 新茶金骏眉 红茶 茶叶武夷山春茶桐木关散装黄芽2022金俊眉罐子礼盒500g功夫红茶】每加购一个商品得50吃货值
完成任务失败：任务已完成

【荞麦面条低脂肪无糖精面条荞面条荞麦挂面杂粮面条挂面批发 山咔咔 0脂肪 荞麦面条2斤细面】每加购一个商品得50吃货值
完成任务失败：任务已完成

【【300 减200】百草味 泡椒凤爪160g 休闲零食特产香辣鸡肉野山椒鸡爪 MJ】每加购一个商品得50吃货值
完成任务失败：任务已完成

【独角兽厨房 全麦面包低脂切片面包欧包健身餐粗粮杂粮吐司早餐食品代餐面包2斤装整箱 全麦粉含量45%】每加购一个商品得50吃货值
完成任务失败：任务已完成

【柴火大院 五常有机大米5kg 东北大米10斤  稻花香2号】每加购一个商品得50吃货值
完成任务失败：任务已完成

【【特仑苏旗舰店】特仑苏牛奶 经典品质 纯牛奶利乐钻250ml*16盒】每加购一个商品得50吃货值
完成任务失败：任务已完成

【正大 鸡肉生鲜 健康轻食出口日本级品质 健身鸡胸肉健身餐 轻食代餐 琵琶腿500g*4袋 共4斤】每加购一个商品得50吃货值
完成任务失败：任务已完成

【大希地整切牛排牛肉 儿童牛排 生鲜西冷菲力牛排进口冷冻肉源整切调理10包（1200g） 西冷牛排*10包（即将售罄）】每加购一个商品得50吃货值
完成任务失败：任务已完成

【【京东农场】东北有机大米 黑龙江长粒香米 正宗东北香米 前进农场军稻香 京品源全程溯源 【真空装/5kg】】每加购一个商品得50吃货值
完成任务失败：任务已完成

【三胖蛋 原味瓜子90g*10袋】每加购一个商品得50吃货值
完成任务失败：任务已完成

【【店长推荐】回头客卡侬尼华夫饼2000g蛋糕点心营养早餐宵夜食品好吃小吃面包干休闲特产零食大礼包整箱 鸡蛋味2000g【约60枚】】每加购一个商品得50吃货值
完成任务失败：任务已完成

【西班牙原装进口ABRIL艾伯瑞纯正精炼烹饪橄榄油5L升铁罐混合油橄榄果渣油西餐烘焙日式料理 年货送礼】每加购一个商品得50吃货值
完成任务失败：任务已完成

【【岐山天缘】酿造6度白醋约10斤  腌制果蔬  清洁 4.85L】每加购一个商品得50吃货值
完成任务失败：任务已完成

【张二嘎兰花豆500g袋原味香辣牛肉炒货蚕豆特产坚果小吃休闲零食零食坚果休闲 香辣兰花豆500g】每加购一个商品得50吃货值
完成任务失败：任务已完成

【健元堂 多口味红豆薏米粗粮代餐饼干饱腹450G无糖精健身低五谷杂粮卡脂热老人压缩干粮食品 红豆薏米燕麦饼】每加购一个商品得50吃货值
完成任务失败：任务已完成

【福临门 食用油 非转基因纯香菜籽油5L 中粮出品】每加购一个商品得50吃货值
完成任务失败：任务已完成

【肉松海苔卷即紫菜夹心海苔卷休闲零食小吃儿童拌饭料 肉松味海苔卷100g/罐】每加购一个商品得50吃货值
完成任务失败：任务已完成

【张二嘎 原味南瓜子500g*2袋休闲特产熟南瓜籽坚果白瓜子炒货小零食白瓜子瓜子批发 小粒香+盐焗组合装】每加购一个商品得50吃货值
完成任务失败：任务已完成

【DGI低GI无糖精黑麦代餐全麦面包粗粮健身食品休闲零食懒人速食饱腹面包吐司早餐 全麦味 700g】每加购一个商品得50吃货值
完成任务失败：任务已完成

【鹃城牌不含添加剂防腐剂豆瓣酱正宗郫县豆瓣特级豆瓣1000g精编竹笼酱香醇厚中华老字号黑豆瓣手工制作】每加购一个商品得50吃货值
完成任务失败：任务已完成

【零趣乳酪布丁整箱 果冻办公室休闲点心每日小吃学生宿舍小零食品【每】 乳酪布丁500g】每加购一个商品得50吃货值
完成任务失败：任务已完成

【三胖蛋 原味葵花籽180g*5袋】每加购一个商品得50吃货值
完成任务失败：任务已完成

【老旮桃酥老式饼干传统糕点整箱零食小吃休闲食品独立小包装 桃酥【2500g】】每加购一个商品得50吃货值
完成任务失败：任务已完成

【云典纯黑咖啡速溶咖啡粉手冲美式苦咖啡无蔗糖云南小粒咖啡饮料减燃健身整箱批发 黑咖啡100g*2盒（100袋）】每加购一个商品得50吃货值
完成任务失败：任务已完成

【贝蒂斯特级初榨橄榄油 3.15升礼盒装  西班牙原装进口 凉拌 炒菜烹饪食用油 22年1月后生产】每加购一个商品得50吃货值
完成任务失败：任务已完成

【【憨豆熊】炭烧腰果仁500g新货袋装250g碳烧坚果散装称斤干果零食批发 【炭烧腰果】净含量500g】每加购一个商品得50吃货值
完成任务失败：任务已完成

【【冠云官方 】平遥牛肉 山西特产 中华老字号平遥牛肉 熟食休闲零食小装(258gX2袋)516g原味】每加购一个商品得50吃货值
完成任务失败：任务已完成

【苗姑娘 贵州特产地道苗族风味 牛肉辣椒750g 调味料辣椒酱美味下饭菜拌面香辣酱 桶装大瓶 地道风味】每加购一个商品得50吃货值
完成任务失败：任务已完成

【DGI低GI无添加蔗糖孕妇粗粮全麦高纤维饼干魔芋饱腹代餐零食品 全麦麦香味180g】每加购一个商品得50吃货值
完成任务失败：任务已完成

【【憨豆熊】红皮花生米500g生新货5斤装新鲜农家晒干散装不带壳 1000g】每加购一个商品得50吃货值
完成任务失败：任务已完成

【益达（Extra）口香糖益达木糖醇无糖口香糖 【热门6瓶】热门6口味组合】每加购一个商品得50吃货值
完成任务失败：任务已完成

【【宁化府旗舰店】山西特产宁化府益源庆老陈醋 手工五年陈酿500ml】每加购一个商品得50吃货值
完成任务失败：任务已完成

【【葡记香草鲜奶香蒸蛋糕1000g】2斤装整箱网红早餐糕点心代餐休闲零食品】每加购一个商品得50吃货值
完成任务失败：任务已完成

【新农哥 板栗仁坚果零食干果甘栗仁甜糯板栗栗子 板栗仁108gx4袋装】每加购一个商品得50吃货值
完成任务失败：任务已完成

【贝蒂斯特级初榨橄榄油礼盒 750ml*2瓶装 西班牙原装进口 礼品福利 团购  凉拌 炒菜】每加购一个商品得50吃货值
完成任务失败：任务已完成

【好人家 手工麻辣牛油火锅底料900g 重庆麻辣老火锅底料 聚餐送礼】每加购一个商品得50吃货值
完成任务失败：任务已完成

【浏览休闲零食会场】每浏览一个会场4S得100吃货值
助力失败：任务领取成功

助力成功：您的好友获得100金币

【浏览良品铺子美食会场】每浏览一个会场4S得100吃货值
助力失败：任务领取成功

助力成功：您的好友获得100金币

【浏览端午会场】每浏览一个会场4S得100吃货值
助力失败：任务领取成功

助力成功：您的好友获得100金币

【浏览樱桃商品会场】每浏览一个会场4S得100吃货值
助力失败：任务领取成功

助力成功：您的好友获得100金币

【浏览食品饮料生鲜吃货节会场】每浏览一个会场4S得100吃货值
助力失败：任务领取成功

助力成功：您的好友获得100金币

【浏览华祥苑茗茶会场】每浏览一个会场4S得100吃货值
助力失败：任务领取成功

助力成功：您的好友获得100金币

【浏览百草味美食会场】每浏览一个会场4S得100吃货值
助力失败：任务领取成功

助力成功：您的好友获得100金币

【浏览潮流趋势会场】每浏览一个会场4S得100吃货值
助力失败：任务领取成功

助力成功：您的好友获得100金币

【浏览粮油米面速食会场】每浏览一个会场4S得100吃货值
助力失败：任务领取成功

助力成功：您的好友获得100金币

【浏览伊利牛奶会场】每浏览一个会场4S得100吃货值
助力失败：任务领取成功

助力成功：您的好友获得100金币

【京东账号2（jd_72476e50d1b0e）的吃货嘉年华好友互助码】T0225KkcRxwd8lKCJRqglaUKIQCjBVlqWU5jYjeQOc

签到
完成任务：获得100金币

可以抽奖3次，去抽奖

抽中：百草味优惠券，金额300-210，使用时间2022.04.27-2022.05.21
抽中：三只松鼠优惠券，金额300-210，使用时间2022.05.01-2022.05.31
很遗憾未中奖~

开始第2个活动：PLUS生活特权

【领肯德基9.9元下午茶】浏览6s并领取权益可获得200金币
助力失败：任务领取成功

助力成功：您的好友获得200金币

【领半价小皇堡4件套】浏览6s并领取权益可获得200金币
任务领取成功
完成任务：获得200金币

【办银行卡得PLUS会员】浏览6s并领取权益可获得200金币
任务领取成功
完成任务：获得200金币

【领免费吃喝玩乐福利】浏览6s并领取权益可获得200金币
任务领取成功
完成任务：获得200金币

签到
签到成功：获得200金币

可以抽奖5次，去抽奖

很遗憾未中奖~
很遗憾未中奖~
很遗憾未中奖~
很遗憾未中奖~
很遗憾未中奖~

开始第3个活动：1

【浏览锦鲤红包】浏览1个会场6s得1次抽奖机会
助力失败：任务领取成功

助力成功：您的好友获得1金币

【0.1元抢亮碟x小蓝礼盒】浏览1个会场6s得1次抽奖机会
助力失败：任务领取成功

助力成功：您的好友获得1金币

【浏览并关注宠汪汪】浏览并关注1个频道得1次抽奖机会
完成任务：获得1金币

【浏览并关注众筹频道】浏览并关注1个频道得1次抽奖机会
完成任务：获得1金币

【浏览并关注闪购频道】浏览并关注1个频道得1次抽奖机会
完成任务失败：任务已完成

【金观 北欧客厅真皮沙发大小户型意式轻奢直排乳胶沙发家具组合套装 三位+单人位 升级款【2CM泰国乳胶+松木框架+纳帕头层牛皮】】浏览1个商品6s得1次抽奖机会
任务领取成功
完成任务：获得1金币

【【商场同款】马克华菲潮牌毛呢夹克男秋季新款复古格纹翻领休闲短款外套 301黑色 170/M】浏览1个商品6s得1次抽奖机会
任务领取成功
完成任务：获得1金币

【京东账号2（jd_72476e50d1b0e）的1好友互助码】T0225KkcRxwd8lKCJRqglaUKIQCjVQmoaT5kRrbA

可以抽奖6次，去抽奖

抽中：1京豆
很遗憾未中奖~
很遗憾未中奖~
很遗憾未中奖~
很遗憾未中奖~
抽中：1京豆

开始第4个活动：2

【浏览众筹频道】浏览10秒得200金币
任务领取成功
完成任务：获得200金币

【京安途 京东自营旗舰店】浏览并关注店铺领50金币
完成任务：获得50金币

【巧茗堂京东自营旗舰店】浏览并关注店铺领50金币
完成任务：获得50金币

【新疆葡萄酒产区馆】浏览并关注店铺领50金币
完成任务：获得50金币

【阳山水蜜桃专营店】浏览并关注店铺领50金币
完成任务：获得50金币

【冈本京东自营旗舰店】浏览并关注店铺领50金币
完成任务：获得50金币

【京东定制酒自营旗舰店】浏览并关注店铺领50金币
完成任务失败：任务已完成

【鲤遇 龙游华夏-粽夏畅享知味观粽子高邮咸鸭蛋艾草香囊礼盒端午礼盒支持团购】单个商品浏览5秒领50金币
任务领取成功
完成任务：获得50金币

【孕柚宫颈癌TERC基因检测采样包 荧光原位杂交fish检测 居家自采样 HPV阳性癌前病变筛查】单个商品浏览5秒领50金币
任务领取成功
完成任务：获得50金币

【新疆尼雅婚庆祝福葡萄酒 喜宴新婚酒 喜结良缘 单瓶装】单个商品浏览5秒领50金币
任务领取成功
完成任务：获得50金币

【绘睡（letsleep）自适应AI智能床垫软硬智能匹配黑科技AI模组5级软硬度APP随心调节独立分区双睡感1.8*2.0米】单个商品浏览5秒领50金币
任务领取成功
完成任务：获得50金币

【虎头局渣打饼行 粽子礼盒100g*6只装 肉粽碱水粽腊肠粽 端午节礼品团购福利 】单个商品浏览5秒领50金币
任务领取成功
完成任务：获得50金币

【巧茗堂 植物精油喷雾驱蚊液 驱蚊水止痒舒缓液 驱防蚊喷雾 花露水蚊虫叮咬驱蚊喷雾50ml*1+舒缓液10ml*2】单个商品浏览5秒领50金币
任务领取成功
完成任务：获得50金币

【【无锡阳山馆】认领一棵树-无锡水蜜桃“白凤桃” 新鲜水果 桃子 独享认领/1人/组/240颗水蜜桃（附桃类衍生品）】单个商品浏览5秒领50金币
任务领取成功
完成任务：获得50金币

【冈本 避孕套 安全套 鎏金礼盒超薄组合22片（透薄四合一+SKIN纯3+激薄5） 男女用 套套 计生用品 okamoto】单个商品浏览5秒领50金币
任务领取成功
完成任务：获得50金币

【浏览并关注众筹频道】已完成

可以抽奖2次，去抽奖

抽中：6京豆
很遗憾未中奖~

开始第5个活动：3

【关注联合利华自营旗舰店】每关注1个店铺可得100新动值
完成任务：获得100金币

【关注拉面说自营旗舰店】每关注1个店铺可得100新动值
完成任务：获得100金币

【关注筷手小厨自营旗舰店】每关注1个店铺可得100新动值
完成任务：获得100金币

【关注布鲁可自营旗舰店】每关注1个店铺可得100新动值
完成任务：获得100金币

【关注王饱饱自营旗舰店】每关注1个店铺可得100新动值
完成任务：获得100金币

【关注可口可乐旗舰店】每关注1个店铺可得100新动值
完成任务：获得100金币

【关注三顿半自营旗舰店】每关注1个店铺可得100新动值
完成任务：获得100金币

【关注植益自营旗舰店】每关注1个店铺可得100新动值
完成任务：获得100金币

【关注瑞幸咖啡自营旗舰店】每关注1个店铺可得100新动值
完成任务：获得100金币

【关注黄天鹅自营旗舰店】每关注1个店铺可得100新动值
完成任务：获得100金币

【奥妙除菌除螨洗衣液 3kg+400g*3+内衣洗衣液275ml*2送补充装洗衣液480G*5】每加购1个商品可得50新动值
助力成功：您的好友获得50金币

【小皮(LittleFreddie)高品质核桃油100ml 天然营养初榨食用油 欧洲原装进口 儿童/孕妇可用】每加购1个商品可得50新动值
助力成功：您的好友获得50金币

【吉列(Gillette)刮胡刀手动剃须刀手动 520礼物男 布加迪跑车联名典藏款热感1刀架2刀头+充电底座+官方车模】每加购1个商品可得50新动值
助力成功：您的好友获得50金币

【看看追新PRO】每关注1个频道可得500新动值
完成任务：获得500金币

【看看京东超市】每关注1个频道可得500新动值
完成任务：获得500金币

【逛京东超市频道】每浏览1个会场6s可得100新动值
任务领取成功
完成任务：获得100金币

【京东账号2（jd_72476e50d1b0e）的3好友互助码】T0225KkcRxwd8lKCJRqglaUKIQDjRXlq-7zx55awQ

可以抽奖4次，去抽奖

很遗憾未中奖~
很遗憾未中奖~
很遗憾未中奖~
很遗憾未中奖~
开始内部助力

开始助力第1个活动：吃货嘉年华

jd_56ac883b2ee02 去助力 jd_56ac883b2ee02 的助力码 T0225KkcRRhIplzfI0j2waIKdgCjBVlqWU5jYjeQOc
不能助力自己

jd_56ac883b2ee02 去助力 jd_72476e50d1b0e 的助力码 T0225KkcRxwd8lKCJRqglaUKIQCjBVlqWU5jYjeQOc
完成任务：获得200金币

开始助力第2个活动：PLUS生活特权

开始助力第3个活动：1

jd_56ac883b2ee02 去助力 jd_56ac883b2ee02 的助力码 T0225KkcRRhIplzfI0j2waIKdgCjVQmoaT5kRrbA
不能助力自己

jd_56ac883b2ee02 去助力 jd_72476e50d1b0e 的助力码 T0225KkcRxwd8lKCJRqglaUKIQCjVQmoaT5kRrbA
完成任务：获得1金币

开始助力第4个活动：2

开始助力第5个活动：3

jd_56ac883b2ee02 去助力 jd_56ac883b2ee02 的助力码 T0225KkcRRhIplzfI0j2waIKdgDjRXlq-7zx55awQ
不能助力自己

jd_56ac883b2ee02 去助力 jd_72476e50d1b0e 的助力码 T0225KkcRxwd8lKCJRqglaUKIQDjRXlq-7zx55awQ
完成任务：获得300金币

开始内部助力

开始助力第1个活动：吃货嘉年华

jd_72476e50d1b0e 去助力 jd_56ac883b2ee02 的助力码 T0225KkcRRhIplzfI0j2waIKdgCjBVlqWU5jYjeQOc
完成任务：获得200金币

jd_72476e50d1b0e 去助力 jd_72476e50d1b0e 的助力码 T0225KkcRxwd8lKCJRqglaUKIQCjBVlqWU5jYjeQOc
不能助力自己

开始助力第2个活动：PLUS生活特权

开始助力第3个活动：1

jd_72476e50d1b0e 去助力 jd_56ac883b2ee02 的助力码 T0225KkcRRhIplzfI0j2waIKdgCjVQmoaT5kRrbA
完成任务：获得1金币

jd_72476e50d1b0e 去助力 jd_72476e50d1b0e 的助力码 T0225KkcRxwd8lKCJRqglaUKIQCjVQmoaT5kRrbA
不能助力自己

开始助力第4个活动：2

开始助力第5个活动：3

jd_72476e50d1b0e 去助力 jd_56ac883b2ee02 的助力码 T0225KkcRRhIplzfI0j2waIKdgDjRXlq-7zx55awQ
完成任务：获得300金币

jd_72476e50d1b0e 去助力 jd_72476e50d1b0e 的助力码 T0225KkcRxwd8lKCJRqglaUKIQDjRXlq-7zx55awQ
不能助力自己


🔔众筹许愿池, 结束! 🕛 478.749 秒


## 执行结束... 2022-05-14 00:48:35 耗时 479 秒
