## 开始执行... 2022-05-09 19:41:47


🔔众筹许愿池, 开始!

====================共2个京东账号Cookie=================

============脚本执行时间：2022/5/9 19:41:48=============

>>>>>>>>>>>>>>6Dylan6 提示：任务正常运行中>>>>>>>>>>>>>>>


*******开始【京东账号1】Wang_Happy_*********


开始第1个活动：吃货嘉年华

【点击热区2】已完成

【点击热区1】已完成

【加购吃货节好礼】已完成

【浏览樱桃商品会场】已完成

【京东账号1（jd_56ac883b2ee02）的吃货嘉年华好友互助码】T0225KkcRRhIplzfI0j2waIKdgCjBVlqWU5jYjeQOc

【嘉年华入口在这→】已完成

没有抽奖机会


开始第2个活动：PLUS生活特权

【领肯德基9.9元下午茶】已完成

【领半价小皇堡4件套】已完成

【办银行卡得PLUS会员】已完成

【领免费吃喝玩乐福利】已完成

【签到】已完成

没有抽奖机会


开始第3个活动：1

【巴拉巴拉清仓放价】已完成

【浏览并关注闪购频道】已完成

【惠普京东自营官方旗舰店】已完成

【曼德诗撞色字母套头毛衣女2022春季拼接网纱潮流圆领长袖休闲毛衫 白色 xL】已完成

【京东账号1（jd_56ac883b2ee02）的1好友互助码】T0225KkcRRhIplzfI0j2waIKdgCjVQmoaT5kRrbA

没有抽奖机会


开始第4个活动：2

【ROAMAN罗曼个人护理旗舰店】已完成

【浏览众筹超值好物】已完成

【浏览并关注众筹频道】已完成

没有抽奖机会


开始第5个活动：3

【关注植益自营旗舰店】已完成

【看看追新PRO】已完成

【逛京东超市频道】已完成

【京东账号1（jd_56ac883b2ee02）的3好友互助码】T0225KkcRRhIplzfI0j2waIKdgDjRXlq-7zx55awQ

没有抽奖机会


*******开始【京东账号2】蓝闺q*********


开始第1个活动：吃货嘉年华

【点击热区2】已完成

【点击热区1】已完成

【加购吃货节好礼】已完成

【浏览华祥苑茗茶会场】已完成

【京东账号2（jd_72476e50d1b0e）的吃货嘉年华好友互助码】T0225KkcRxwd8lKCJRqglaUKIQCjBVlqWU5jYjeQOc

【嘉年华入口在这→】已完成

没有抽奖机会


开始第2个活动：PLUS生活特权

【领肯德基9.9元下午茶】已完成

【领半价小皇堡4件套】已完成

【办银行卡得PLUS会员】已完成

【领免费吃喝玩乐福利】已完成

【签到】已完成

没有抽奖机会


开始第3个活动：1

【巴拉巴拉清仓放价】已完成

【浏览并关注闪购频道】已完成

【苏泊尔京东自营旗舰店】已完成

【361儿童泳衣男童卡通连体中大童短袖沙滩防晒男孩宝宝可爱游泳衣 深蓝 12码】已完成

【京东账号2（jd_72476e50d1b0e）的1好友互助码】T0225KkcRxwd8lKCJRqglaUKIQCjVQmoaT5kRrbA

没有抽奖机会


开始第4个活动：2

【网易严选官方旗舰店】已完成

【浏览众筹超值好物】已完成

【浏览并关注众筹频道】已完成

没有抽奖机会


开始第5个活动：3

【关注可口可乐旗舰店】已完成

【看看追新PRO】已完成

【逛京东超市频道】已完成

【京东账号2（jd_72476e50d1b0e）的3好友互助码】T0225KkcRxwd8lKCJRqglaUKIQDjRXlq-7zx55awQ

没有抽奖机会

开始内部助力

开始助力第1个活动：吃货嘉年华

jd_56ac883b2ee02 去助力 jd_56ac883b2ee02 的助力码 T0225KkcRRhIplzfI0j2waIKdgCjBVlqWU5jYjeQOc
不能助力自己

jd_56ac883b2ee02 去助力 jd_72476e50d1b0e 的助力码 T0225KkcRxwd8lKCJRqglaUKIQCjBVlqWU5jYjeQOc
完成任务失败：您今日已为好友助力过了哦~

开始助力第2个活动：PLUS生活特权

开始助力第3个活动：1

jd_56ac883b2ee02 去助力 jd_56ac883b2ee02 的助力码 T0225KkcRRhIplzfI0j2waIKdgCjVQmoaT5kRrbA
不能助力自己

jd_56ac883b2ee02 去助力 jd_72476e50d1b0e 的助力码 T0225KkcRxwd8lKCJRqglaUKIQCjVQmoaT5kRrbA
完成任务失败：您今日已为好友助力过了哦~

开始助力第4个活动：2

开始助力第5个活动：3

jd_56ac883b2ee02 去助力 jd_56ac883b2ee02 的助力码 T0225KkcRRhIplzfI0j2waIKdgDjRXlq-7zx55awQ
不能助力自己

jd_56ac883b2ee02 去助力 jd_72476e50d1b0e 的助力码 T0225KkcRxwd8lKCJRqglaUKIQDjRXlq-7zx55awQ
完成任务失败：您今日已为好友助力过了哦~

开始内部助力

开始助力第1个活动：吃货嘉年华

jd_72476e50d1b0e 去助力 jd_56ac883b2ee02 的助力码 T0225KkcRRhIplzfI0j2waIKdgCjBVlqWU5jYjeQOc
完成任务失败：您今日已为好友助力过了哦~

jd_72476e50d1b0e 去助力 jd_72476e50d1b0e 的助力码 T0225KkcRxwd8lKCJRqglaUKIQCjBVlqWU5jYjeQOc
不能助力自己

开始助力第2个活动：PLUS生活特权

开始助力第3个活动：1

jd_72476e50d1b0e 去助力 jd_56ac883b2ee02 的助力码 T0225KkcRRhIplzfI0j2waIKdgCjVQmoaT5kRrbA
完成任务失败：您今日已为好友助力过了哦~

jd_72476e50d1b0e 去助力 jd_72476e50d1b0e 的助力码 T0225KkcRxwd8lKCJRqglaUKIQCjVQmoaT5kRrbA
不能助力自己

开始助力第4个活动：2

开始助力第5个活动：3

jd_72476e50d1b0e 去助力 jd_56ac883b2ee02 的助力码 T0225KkcRRhIplzfI0j2waIKdgDjRXlq-7zx55awQ
完成任务失败：您今日已为好友助力过了哦~

jd_72476e50d1b0e 去助力 jd_72476e50d1b0e 的助力码 T0225KkcRxwd8lKCJRqglaUKIQDjRXlq-7zx55awQ
不能助力自己


🔔众筹许愿池, 结束! 🕛 55.915 秒


## 执行结束... 2022-05-09 19:42:43 耗时 56 秒
