## 开始执行... 2022-05-10 00:42:58


🔔众筹许愿池, 开始!

====================共2个京东账号Cookie=================

============脚本执行时间：2022/5/10 00:42:58=============

>>>>>>>>>>>>>>6Dylan6 提示：任务正常运行中>>>>>>>>>>>>>>>


*******开始【京东账号1】Wang_Happy_*********


开始第1个活动：吃货嘉年华

点击热区
完成任务：获得50金币

点击热区
完成任务：获得50金币

【老鲜生 原味装彩色虾片自己炸500g油炸大连特产虾片90后怀旧零食 彩色虾片500g】每加购一个商品得50吃货值
完成任务：获得50金币

【鑫炳记红枣味太谷饼2100g整箱山西特产饼干蛋糕休闲食品早餐面包糕点点心】每加购一个商品得50吃货值
完成任务：获得50金币

【味多美 礼品卡 蛋糕卡 门店提货卡 面值200元实体卡】每加购一个商品得50吃货值
完成任务：获得50金币

【中华老字号双钱牌龟苓膏原味250g*12罐整箱礼盒广西梧州特产果冻布丁即食龟苓膏休闲零食】每加购一个商品得50吃货值
完成任务：获得50金币

【日清 I意面3口味6杯拌面速食方便面干拌面网红泡面】每加购一个商品得50吃货值
完成任务：获得50金币

【澳牧儿童成长牛奶200ml*30盒 原装进口牛奶 全脂学生营养早餐奶】每加购一个商品得50吃货值
完成任务：获得50金币

【轩妈家蛋黄酥蛋糕咸鸭蛋黄红豆味网红零食雪媚娘6枚装休闲糕点零食 蛋黄酥两盒装】每加购一个商品得50吃货值
完成任务：获得50金币

【安佳淡奶油1L 进口稀奶油动物性鲜奶油 蛋糕蛋挞用奶茶烘焙原料 日期到2022.07.24】每加购一个商品得50吃货值
完成任务：获得50金币

【【当季新米】柴火大院 五常大米5kg 稻花香2号 正宗东北大米10斤 龙凤山产区 免邮】每加购一个商品得50吃货值
完成任务：获得50金币

【米多奇 烤馍片整箱早餐饼干馒头片多规格锅巴休闲零食大礼包送女友 50g*40包【周年版综合八味随机混装【5片托盘装】每加购一个商品得50吃货值
完成任务：获得50金币

【砀山新鲜糖水黄桃水果罐头年货送礼425g/罐天火乐方便食品餐后水果零食整箱团购糖水 425g/罐*12罐】每加购一个商品得50吃货值
完成任务：获得50金币

【【特仑苏旗舰店】特仑苏纯牛奶250mL×16包*2提组合装 早餐奶 易携带礼盒装 中秋春节送礼推荐】每加购一个商品得50吃货值
完成任务：获得50金币

【沙窝曙光 甘肃民勤人参果 5斤装 人生果  长圆果 孕妇宝宝 生鲜 新鲜黄肉水果 5斤装（净重4.5-5斤）】每加购一个商品得50吃货值
完成任务：获得50金币

【【300 减210】百草味 鸭肫115g 鲜卤鸭肫鸭肉特产零食 休闲小吃熟食卤味 真空小包装 MJ 五香味】每加购一个商品得50吃货值
完成任务：获得50金币

【今聚鲜大号国产翡翠青虾仁1000g 活剥去虾线 冷冻海鲜水产 生鲜】每加购一个商品得50吃货值
完成任务：获得50金币

【【买1贈1+碗勺】强健云混合水果麦片早餐食品 烘焙坚果燕麦片即食代餐营养谷物牛奶冲饮儿童酸奶果粒麦片 烘焙水果麦片+酸奶果粒麦片【共1000克】 1000克】每加购一个商品得50吃货值
完成任务失败：任务已完成

【推荐_【三只松鼠_量贩开心果500g/罐装】每日坚果零食干果炒货健康休闲零食原色孕妇食品 500g/罐装】每加购一个商品得50吃货值
完成任务失败：任务已完成

【大希地 牛腩 牛肉 国产冷冻牛肉块 500g】每加购一个商品得50吃货值
完成任务失败：任务已完成

【华牧鲜 加拿大进口AAA级原切雪花眼肉牛排套餐 厚切200g/份 谷饲安格斯牛肉冷冻生鲜 送礼礼袋 AAA级牛排6片装 1.2kg】每加购一个商品得50吃货值
完成任务失败：任务已完成

【我老家山林散养土鸡蛋现捡现发农家柴鸡蛋生鲜盒装箱装单枚40g±5g 10枚/盒装约400g】每加购一个商品得50吃货值
完成任务失败：任务已完成

【【300 减210】百草味 笑口板栗120g 休闲零食坚果特产 即食熟制甘栗 MJ】每加购一个商品得50吃货值
完成任务失败：任务已完成

【王饱饱 烘焙麦片 营养早餐 燕麦片 代餐食品 高纤维 非膨化 草莓优脆乳麦片400g】每加购一个商品得50吃货值
完成任务失败：任务已完成

【佰儒 特级 新茶金骏眉 红茶 茶叶武夷山春茶桐木关散装黄芽2022金俊眉罐子礼盒500g功夫红茶】每加购一个商品得50吃货值
完成任务失败：任务已完成

【荞麦面条低脂肪无糖精面条荞面条荞麦挂面杂粮面条挂面批发 山咔咔 0脂肪 荞麦面条2斤细面】每加购一个商品得50吃货值
完成任务失败：任务已完成

【【300 减210】百草味 泡椒凤爪160g 休闲零食特产香辣鸡肉野山椒鸡爪 MJ】每加购一个商品得50吃货值
完成任务失败：任务已完成

【独角兽厨房 全麦面包低脂切片面包欧包健身餐粗粮杂粮吐司早餐食品代餐面包2斤装整箱 全麦粉含量45%】每加购一个商品得50吃货值
完成任务失败：任务已完成

【【当季新米】柴火大院 五常有机大米5kg 东北大米10斤  稻花香2号】每加购一个商品得50吃货值
完成任务失败：任务已完成

【【特仑苏旗舰店】特仑苏牛奶 经典品质 纯牛奶利乐钻250ml*16盒】每加购一个商品得50吃货值
完成任务失败：任务已完成

【正大 鸡肉生鲜 健康轻食出口日本级品质 健身鸡胸肉健身餐 轻食代餐 琵琶腿500g*4袋 共4斤】每加购一个商品得50吃货值
完成任务失败：任务已完成

【大希地整切牛排牛肉 儿童牛排 生鲜西冷菲力牛排进口冷冻肉源整切调理10包（1200g） 西冷牛排*10包（即将售罄）】每加购一个商品得50吃货值
完成任务失败：任务已完成

【【京东农场】东北有机大米 黑龙江长粒香米 正宗东北香米 前进农场军稻香 京品源全程溯源 【真空装/5kg】】每加购一个商品得50吃货值
完成任务失败：任务已完成

【【绿色食品】欧亚高原全脂纯牛奶250g*16盒*2箱乳制品】每加购一个商品得50吃货值
完成任务失败：任务已完成

【可瑞纳咖啡（CARANA COFFEE）阿拉比卡咖啡豆 纯黑咖啡新鲜烘焙可磨咖啡 454g 蓝山 454g】每加购一个商品得50吃货值
完成任务失败：任务已完成

【珍妮星座曲奇礼盒 小熊软曲奇饼干 休闲零食 手工食品礼盒 奶油咖啡双花640g大盒】每加购一个商品得50吃货值
完成任务失败：任务已完成

【【蒙牛旗舰店】蒙牛 特仑苏 低脂牛奶 250mL×12盒  优质蛋白质】每加购一个商品得50吃货值
完成任务失败：任务已完成

【【特浓黑咖啡】猫尚村黑咖啡无蔗糖速溶燃特浓美式原味纯苦云南精品速溶咖啡粉40袋盒装】每加购一个商品得50吃货值
完成任务失败：任务已完成

【贝蒂斯特级初榨橄榄油礼盒 750ml*2瓶装 西班牙原装进口 礼品福利 团购  凉拌 炒菜】每加购一个商品得50吃货值
完成任务失败：任务已完成

【燕塘 食膳养生红枣枸杞牛奶饮品250ml*16盒/箱】每加购一个商品得50吃货值
完成任务失败：任务已完成

【雀醇 咖啡豆 苏门答腊黄金曼特宁咖啡豆 G1半水洗 进口纯黑咖啡豆研磨咖啡227g 227g】每加购一个商品得50吃货值
完成任务失败：任务已完成

【黄老五 休闲零食花生酥218g 四川特产小吃 办公室下午茶零食 送礼零食 椒盐味218g】每加购一个商品得50吃货值
完成任务失败：任务已完成

【【今年新摘茶籽】秋味坊 山茶油 2L 茶油山茶籽油物理冷压榨工艺 一级今年新鲜压榨食用油】每加购一个商品得50吃货值
完成任务失败：任务已完成

【寻味君 广西红心芭乐 5斤 简装 番石榴 新鲜水果生鲜健康轻食】每加购一个商品得50吃货值
完成任务失败：任务已完成

【刺猬阿甘 网红小米锅巴12小包\/袋 办公室休闲膨化零食爽口麻辣小吃 186g*3袋】每加购一个商品得50吃货值
完成任务失败：任务已完成

【德亚德国原装进口纯牛奶学生成人营养高钙早餐奶200ml*24盒整箱装 【3.3g蛋白质】全脂200ml*24盒】每加购一个商品得50吃货值
完成任务失败：任务已完成

【西班牙原装进口ABRIL艾伯瑞纯正精炼烹饪橄榄油5L升铁罐混合油橄榄果渣油西餐烘焙日式料理 年货送礼】每加购一个商品得50吃货值
完成任务失败：任务已完成

【【神券300 减210】盼盼 小卷包1050g 早餐小面包西式休闲零食代餐夹心软面包整箱】每加购一个商品得50吃货值
完成任务失败：任务已完成

【艾美Emmi 瑞士原装进口全脂纯牛奶学生儿童高钙纯牛奶早餐奶 全脂纯牛奶250ml*18盒】每加购一个商品得50吃货值
完成任务失败：任务已完成

【欢乐家黄桃罐头256g*6罐  糖水水果黄桃休闲零食品 特色小吃新鲜日期 整箱】每加购一个商品得50吃货值
完成任务失败：任务已完成

【旺旺大礼包918g 零食大礼盒巨型超大礼品团购 仙贝雪饼牛奶糖小小酥多种礼包 元旦年货年会员工福利 旺旺大礼包918g(礼绳装)】每加购一个商品得50吃货值
完成任务失败：任务已完成

【【4斤】中膳堂燕麦桃酥无糖精食品糖尿病人适量年货礼盒粗粮代餐饼干孕妇零食早餐中老年人杂粮整箱 桃酥2000g】每加购一个商品得50吃货值
完成任务失败：任务已完成

【旺旺旺仔碎冰冰78ml*80支碎碎冰棒棒冰吸吸冰综合果味饮料怀旧零食品大礼包  共80根 混合口味】每加购一个商品得50吃货值
完成任务失败：任务已完成

【燕塘 纯牛奶200ml*16盒*2箱】每加购一个商品得50吃货值
完成任务失败：任务已完成

【马来西亚进口槟城咖啡树白咖啡三合一速溶咖啡粉15小包600g*2袋】每加购一个商品得50吃货值
完成任务失败：任务已完成

【阿宽红油面皮 四川铺盖面非油炸方便面袋装 方便速食干拌泡面 麻辣味 10袋装】每加购一个商品得50吃货值
完成任务失败：任务已完成

【【2提装】认养一头牛 全脂纯牛奶 250ml*12盒*2提自营儿童学生成人营养早餐纯奶整箱 两提装】每加购一个商品得50吃货值
完成任务失败：任务已完成

【云潞（yunlu）黑咖啡 速溶纯咖啡 未添加糖特浓醇苦 100袋200克独立包装速溶黑咖啡】每加购一个商品得50吃货值
完成任务失败：任务已完成

【贝蒂斯特级初榨橄榄油 3.15升礼盒装  西班牙原装进口 凉拌 炒菜烹饪食用油 21年7月后生产】每加购一个商品得50吃货值
完成任务失败：任务已完成

【天润（terun）【旗舰店】新疆天润浓缩纯牛奶整箱 常温早餐全脂牛奶盒装 125g*20盒】每加购一个商品得50吃货值
完成任务失败：任务已完成

【猫尚村黑咖啡无加糖速溶燃低脂美式特浓纯苦云南高海拔精品阿拉比卡豆特浓咖啡粉40袋盒装】每加购一个商品得50吃货值
完成任务失败：任务已完成

【桂发祥十八街什锦大麻花850g 天津特产酥脆18街传统糕点礼盒装 中秋佳节年货节日送礼品礼物休闲零食 什锦麻花礼盒 850g（配礼袋）】每加购一个商品得50吃货值
完成任务失败：任务已完成

【珍妮星座曲奇 小熊曲奇饼干 手工黄油早餐 休闲零食网红小吃 节日送礼 经典四味320g】每加购一个商品得50吃货值
完成任务失败：任务已完成

【德质（Volksmilch）德国进口牛奶全脂纯牛奶490ml*9瓶成人儿童奶早餐高钙奶咖啡伴侣】每加购一个商品得50吃货值
完成任务失败：任务已完成

【姜老大 黑蒜 网红独头黑蒜 黑大蒜 黑蒜头 500g】每加购一个商品得50吃货值
完成任务失败：任务已完成

【乱劈才正宗酸辣粉248g*10袋可泡可煮麻辣味酸辣粉速食方便粉丝】每加购一个商品得50吃货值
完成任务失败：任务已完成

【共2罐装 陌上花开 抹茶粉 纯日式绿茶粉 冲饮食用烘焙抹茶奶茶共200g】每加购一个商品得50吃货值
完成任务失败：任务已完成

【北冰洋 汽水老北京玻璃瓶果汁碳酸饮料 橙汁+桔汁组合 248ml*12瓶 整箱】每加购一个商品得50吃货值
完成任务失败：任务已完成

【【当季新米】南纳香 泰国香米10kg公斤 进口大米 20二十斤装 泰米 清香 蒸炒饭粥猫牙米形 送礼】每加购一个商品得50吃货值
完成任务失败：任务已完成

【安佳淡奶油1L 动物性鲜奶油稀奶油 家用烘焙蛋糕裱花原料冰淇淋材料】每加购一个商品得50吃货值
完成任务失败：任务已完成

【【神券300 减210】盼盼 零食大礼包250g 艾比利薯片35g*6 鸡味块8g*5 膨化零食250g（口味随机）】每加购一个商品得50吃货值
完成任务失败：任务已完成

【轩妈蛋黄酥大礼包990g精美礼盒糕点休闲零食大礼包糕点点心 大礼包990g】每加购一个商品得50吃货值
完成任务失败：任务已完成

【东北大妈冷面450g*5袋家庭装凉面朝鲜族大冷面4包调料酸甜辣真空包装冷面 冷面450g*5袋】每加购一个商品得50吃货值
完成任务失败：任务已完成

【蒙牛 纯牛奶 PURE MILK  整箱装 乳制品 （新老包装随机发货） 纯牛奶250mL*16盒/箱】每加购一个商品得50吃货值
完成任务失败：任务已完成

【易烊千玺同款】雀巢咖啡1+2原味100条三合一3合1速溶咖啡粉饮料1500g袋装】每加购一个商品得50吃货值
完成任务失败：任务已完成

【【神券300 减210】盼盼正宗生榨椰汁植物蛋白饮料于小雨代言新鲜整箱进口椰奶500ml*2瓶】每加购一个商品得50吃货值
完成任务失败：任务已完成

【【蒙牛旗舰店】蒙牛 真果粒牛奶饮品四种口味250g*24缤纷礼盒装（新老包装随机发货）】每加购一个商品得50吃货值
完成任务失败：任务已完成

【猫尚村 蓝山速溶咖啡特浓咖啡粉三合一蓝山风味云南速溶咖啡粉650克50袋盒装】每加购一个商品得50吃货值
完成任务失败：任务已完成

【网红嗨吃家酸辣粉桶装一整箱重庆特产红薯粉方便速食红苕粗粉条好吃的办公室懒人食品小吃夜宵熬夜加班宿舍 【买1加1实发1箱】共112g×12桶酸辣粉经典款】每加购一个商品得50吃货值
完成任务失败：任务已完成

【欧亚（Europe-Asia） 大理牧场酸奶 高原云南低温原味酸奶 243g*12瓶】每加购一个商品得50吃货值
完成任务失败：任务已完成

【太古taikoo 太古方糖454g*3 咖啡奶茶伴侣盒装方糖块共300粒白砂糖块咖啡调糖 优级方糖454g*3】每加购一个商品得50吃货值
完成任务失败：任务已完成

【整箱83包网红零食大礼包一整箱送女友男生日礼物情人节送礼彩盒好吃的休闲食品春节过年货混装麻辣小吃套餐】每加购一个商品得50吃货值
完成任务失败：任务已完成

【【店长推荐】回头客卡侬尼华夫饼2000g蛋糕点心营养早餐宵夜食品好吃小吃面包干休闲特产零食大礼包整箱 鸡蛋味2000g【约60枚】】每加购一个商品得50吃货值
完成任务失败：任务已完成

【天地壹号 苹果醋饮料330ml×15罐 纤细版苹果汁气泡醋饮 四箱电商版】每加购一个商品得50吃货值
完成任务失败：任务已完成

【口口香休闲零食大礼包一整箱送女友肉干肉脯酱鸭脖小鱼仔麻辣小吃 加油鸭】每加购一个商品得50吃货值
完成任务失败：任务已完成

【上海梅林罐头经典午餐肉170g猪肉5罐】每加购一个商品得50吃货值
完成任务失败：任务已完成

【知味观 中华老字号  原味桂花龙井茶蔓越莓绿豆糕4盒装 下午茶休闲零食点心】每加购一个商品得50吃货值
完成任务失败：任务已完成

【共2罐装 陌上花开 可可粉 烘焙蛋糕脏脏包原料纯冲饮热可可巧克力粉】每加购一个商品得50吃货值
完成任务失败：任务已完成

【【浓淡冷热随心调】宝矿力水特粉末冲剂电解质饮料宝矿力水特健身运动饮料补充水分夏季非进口宝矿力 5盒（25袋）】每加购一个商品得50吃货值
完成任务失败：任务已完成

【中宁枸杞 红枸杞子 宁夏头茬新货免洗 特级250g*2罐】每加购一个商品得50吃货值
完成任务失败：任务已完成

【新农哥 海苔夹心脆35gx4袋 即食海苔卷 芝麻脆片海苔脆儿童休闲零食】每加购一个商品得50吃货值
完成任务失败：任务已完成

【长寿花玉米油5L非转基因物理压榨一级健康食用油清香植物油烘焙油】每加购一个商品得50吃货值
完成任务失败：任务已完成

【8斤春丝江西米粉米线粉丝螺蛳粉2kg*2包绿色食品纯大米制作南昌炒粉汤粉拌粉都可做绿色食品】每加购一个商品得50吃货值
完成任务失败：任务已完成

【麦趣尔 新疆全脂纯牛奶200ml*20盒/箱营养早餐纯牛奶整箱 原味 家庭量贩装 两箱】每加购一个商品得50吃货值
完成任务失败：任务已完成

【蒙第诺 纯黑咖啡豆454g 进口生豆烘焙可现磨 意式浓缩】每加购一个商品得50吃货值
完成任务失败：任务已完成

【大亨果茶 玻璃瓶山楂果汁 果肉饮料 大亨山楂汁 含糖饮料 怀旧饮品 大亨235ml*24瓶饮料 235ml*24瓶整箱】每加购一个商品得50吃货值
完成任务失败：任务已完成

【网易严选 纯牛奶酸牛奶饮品 常温礼盒装 纯牛奶（250ml*24盒）】每加购一个商品得50吃货值
完成任务失败：任务已完成

【春光 海南特产 咖啡 炭烧咖啡570g*2袋】每加购一个商品得50吃货值
完成任务失败：任务已完成

【升元 小麦荞麦冷面东北朝鲜风味冷面带汤料565克*6袋 荞麦6袋】每加购一个商品得50吃货值
完成任务失败：任务已完成

【【伊利旗舰店】伊利金典纯牛奶250ml*16盒（王菲推荐） 【浓郁醇香】金典纯牛奶】每加购一个商品得50吃货值
完成任务失败：任务已完成

【黄天鹅可生食鲜鸡蛋30枚无菌蛋-单枚50G+破损赔付 30枚1.5KG】每加购一个商品得50吃货值
完成任务失败：任务已完成

【浏览休闲零食会场】每浏览一个会场4S得100吃货值
助力失败：任务领取成功

助力成功：您的好友获得100金币

【浏览良品铺子美食会场】每浏览一个会场4S得100吃货值
助力失败：任务领取成功

助力成功：您的好友获得100金币

【浏览端午会场】每浏览一个会场4S得100吃货值
助力失败：任务领取成功

助力成功：您的好友获得100金币

【浏览樱桃商品会场】每浏览一个会场4S得100吃货值
助力失败：任务领取成功

助力成功：您的好友获得100金币

【浏览食品饮料生鲜吃货节会场】每浏览一个会场4S得100吃货值
助力失败：任务领取成功

助力成功：您的好友获得100金币

【浏览华祥苑茗茶会场】每浏览一个会场4S得100吃货值
助力失败：任务领取成功

助力成功：您的好友获得100金币

【浏览百草味美食会场】每浏览一个会场4S得100吃货值
助力失败：任务领取成功

助力成功：您的好友获得100金币

【浏览潮流趋势会场】每浏览一个会场4S得100吃货值
助力失败：任务领取成功

助力成功：您的好友获得100金币

【浏览粮油米面速食会场】每浏览一个会场4S得100吃货值
助力失败：任务领取成功

助力成功：您的好友获得100金币

【浏览伊利牛奶会场】每浏览一个会场4S得100吃货值
助力失败：任务领取成功

助力成功：您的好友获得100金币

【京东账号1（jd_56ac883b2ee02）的吃货嘉年华好友互助码】T0225KkcRRhIplzfI0j2waIKdgCjBVlqWU5jYjeQOc

签到
完成任务：获得100金币

可以抽奖4次，去抽奖

很遗憾未中奖~
很遗憾未中奖~
很遗憾未中奖~
很遗憾未中奖~

开始第2个活动：PLUS生活特权

【领肯德基9.9元下午茶】浏览6s并领取权益可获得200金币
助力失败：任务领取成功

助力成功：您的好友获得200金币

【领半价小皇堡4件套】浏览6s并领取权益可获得200金币
任务领取成功
完成任务：获得200金币

【办银行卡得PLUS会员】浏览6s并领取权益可获得200金币
任务领取成功
完成任务：获得200金币

【领免费吃喝玩乐福利】浏览6s并领取权益可获得200金币
任务领取成功
完成任务：获得200金币

签到
签到成功：获得200金币

可以抽奖5次，去抽奖

很遗憾未中奖~
很遗憾未中奖~
很遗憾未中奖~
很遗憾未中奖~
很遗憾未中奖~

开始第3个活动：1

【浏览锦鲤红包】浏览1个会场6s得1次抽奖机会
助力失败：任务领取成功

助力成功：您的好友获得1金币

【林氏木业大牌闪购日】浏览1个会场6s得1次抽奖机会
助力失败：任务领取成功

助力成功：您的好友获得1金币

【宠汪汪】浏览并关注1个频道得1次抽奖机会
完成任务：获得1金币

【浏览并关注闪购频道】浏览并关注1个频道得1次抽奖机会
完成任务失败：任务已完成

【浏览并关注众筹频道】浏览并关注1个频道得1次抽奖机会
完成任务：获得1金币

【Lee Cooper 背心男2022年夏季背心新款潮款圆领男纯棉拼接简约舒适百搭休闲时尚款上衣男 白色背心 L码】浏览1个商品6s得1次抽奖机会
任务领取成功
完成任务：获得1金币

【A21奥特莱斯夏季2022年新款男装磨毛橡筋腰束脚长裤迷彩百搭潮裤 黑色 165/68A/S】浏览1个商品6s得1次抽奖机会
任务领取成功
完成任务：获得1金币

【京东账号1（jd_56ac883b2ee02）的1好友互助码】T0225KkcRRhIplzfI0j2waIKdgCjVQmoaT5kRrbA

可以抽奖6次，去抽奖

很遗憾未中奖~
很遗憾未中奖~
很遗憾未中奖~
很遗憾未中奖~
很遗憾未中奖~
很遗憾未中奖~

开始第4个活动：2

【浏览众筹频道】浏览10秒得200金币
任务领取成功
完成任务：获得200金币

【SONGX京东自营旗舰店】浏览并关注店铺领50金币
完成任务：获得50金币

【黄油猫官方旗舰店】浏览并关注店铺领50金币
完成任务：获得50金币

【ROAMAN罗曼个人护理旗舰店】浏览并关注店铺领50金币
完成任务：获得50金币

【玉泽京东自营旗舰店】浏览并关注店铺领50金币
完成任务：获得50金币

【京东京造官方自营旗舰店】浏览并关注店铺领50金币
完成任务：获得50金币

【网易严选官方旗舰店】浏览并关注店铺领50金币
完成任务失败：任务已完成

【SONGX 蓝牙耳机无线3MIC混合ANC主动降噪耳机运动音乐耳机入耳式超长续航适用苹果华为小米vivo荣耀 静谧黑】单个商品浏览5秒领50金币
任务领取成功
完成任务：获得50金币

【钛度幻动精灵Q1电脑音响户外露营蓝牙音箱低音炮台式机笔记本手机游戏网课收款扩音器律动灯RGB灯 蓝牙有线RGB版音箱】单个商品浏览5秒领50金币
任务领取成功
完成任务：获得50金币

【京东京造 600G净水器 家用净水机 直饮机 过滤器厨下式 5年RO反渗透滤芯 1.56L/min大流量 新一级水效】单个商品浏览5秒领50金币
任务领取成功
完成任务：获得50金币

【JOY&DOGA ｜  生活玩家系列盲盒单盒】单个商品浏览5秒领50金币
任务领取成功
完成任务：获得50金币

【【新品】网易严选 糯糯奶盖懒人空调被夏凉被夏被子 A类抗菌超柔科技进击纤维 可水洗机洗开袋即用 烟暮紫粉 【夏被】150*200cm】单个商品浏览5秒领50金币
任务领取成功
完成任务：获得50金币

【黄油猫&CYCLOID鞋盒充电器手机充电头30w快充type-c充电口适用苹果13/12/11充电器 雾霭蓝充电器【单个装】】单个商品浏览5秒领50金币
任务领取成功
完成任务：获得50金币

【LifeSmatr云起 智能开 关智能家居 APP手机远程控制  支持HomeKit小爱小度 小云 【零火开关】二开】单个商品浏览5秒领50金币
任务领取成功
完成任务：获得50金币

【海南新鲜荔枝 火山荔枝王 荔枝礼盒 当季新鲜水果 5斤装【净重4.5斤 8-10个/斤】】单个商品浏览5秒领50金币
任务领取成功
完成任务：获得50金币

【浏览并关注众筹频道】已完成

可以抽奖2次，去抽奖

很遗憾未中奖~
很遗憾未中奖~

开始第5个活动：3

【关注联合利华自营旗舰店】每关注1个店铺可得100新动值
完成任务：获得100金币

【关注拉面说自营旗舰店】每关注1个店铺可得100新动值
完成任务：获得100金币

【关注筷手小厨自营旗舰店】每关注1个店铺可得100新动值
完成任务：获得100金币

【关注布鲁可自营旗舰店】每关注1个店铺可得100新动值
完成任务：获得100金币

【关注王饱饱自营旗舰店】每关注1个店铺可得100新动值
完成任务：获得100金币

【关注可口可乐旗舰店】每关注1个店铺可得100新动值
完成任务：获得100金币

【关注三顿半自营旗舰店】每关注1个店铺可得100新动值
完成任务：获得100金币

【关注植益自营旗舰店】每关注1个店铺可得100新动值
完成任务：获得100金币

【关注瑞幸咖啡自营旗舰店】每关注1个店铺可得100新动值
完成任务：获得100金币

【关注黄天鹅自营旗舰店】每关注1个店铺可得100新动值
完成任务：获得100金币

【奥妙除菌除螨洗衣液 3kg+400g*3+内衣洗衣液275ml*2送补充装洗衣液480G*5】每加购1个商品可得50新动值
助力成功：您的好友获得50金币

【小皮(LittleFreddie)高品质核桃油100ml 天然营养初榨食用油 欧洲原装进口 儿童/孕妇可用】每加购1个商品可得50新动值
助力成功：您的好友获得50金币

【吉列(Gillette)刮胡刀手动剃须刀手动 非吉利礼物男 布加迪跑车联名典藏款热感1刀架2刀头+充电底座+官方车模】每加购1个商品可得50新动值
助力成功：您的好友获得50金币

【看看追新PRO】每关注1个频道可得500新动值
完成任务：获得500金币

【看看京东超市】每关注1个频道可得500新动值
完成任务：获得500金币

【逛京东超市频道】每浏览1个会场6s可得100新动值
任务领取成功
完成任务：获得100金币

【京东账号1（jd_56ac883b2ee02）的3好友互助码】T0225KkcRRhIplzfI0j2waIKdgDjRXlq-7zx55awQ

可以抽奖5次，去抽奖

很遗憾未中奖~
很遗憾未中奖~
很遗憾未中奖~
很遗憾未中奖~
很遗憾未中奖~

*******开始【京东账号2】蓝闺q*********


开始第1个活动：吃货嘉年华

点击热区
完成任务：获得50金币

点击热区
完成任务：获得50金币

【推荐_三只松鼠吐司方方480g/箱纯奶手撕面包代餐小面包吐司面包早餐点心礼盒  【纯奶制作】纯奶手撕面包480g】每加购一个商品得50吃货值
完成任务：获得50金币

【佰儒 特级 新茶安溪铁观音春茶 茶叶1725 清香型 正味 兰花香乌龙茶礼盒500g送礼袋 核心产区】每加购一个商品得50吃货值
完成任务：获得50金币

【统一小当家干脆面混合口味整箱干吃面方便面小浣熊童年怀旧休闲小零食捏脆面整箱批发 小当家【多口味混合整箱】48包】每加购一个商品得50吃货值
完成任务：获得50金币

【小卓 火锅食材 麻辣鸭胗花180g 内脏类生鲜 四川重庆菜品配菜 新鲜腌制 鸭郡肝鸭肫鸭胗肝】每加购一个商品得50吃货值
完成任务：获得50金币

【【12袋*60g】肌肉小王子 鸡胸肉丸鸡肉丸即食代餐低脂不添加淀粉不添加蔗糖健身餐休闲零食丸子】每加购一个商品得50吃货值
完成任务：获得50金币

【盛耳桂圆干龙眼干500g 新货福建莆田特产干货桂圆干肉厚】每加购一个商品得50吃货值
完成任务：获得50金币

【小卓 新鲜去骨鸭掌150g 火锅食材 冷冻生鲜鸭爪去骨鸭脚 涮火锅菜品配菜 无骨鸭掌】每加购一个商品得50吃货值
完成任务：获得50金币

【五虎归山特级大红袍茶叶浓香型散装罐装武夷岩茶乌龙茶茶叶肉桂茶】每加购一个商品得50吃货值
完成任务：获得50金币

【瑞士原装进口雀巢金牌咖啡GOLD 200g雀巢咖啡瓶罐装冻干速溶咖啡粉原味美式黑咖啡添加咖啡豆研磨粉 咖啡200g*2瓶】每加购一个商品得50吃货值
完成任务：获得50金币

【德亚德国原装进口纯牛奶学生成人营养高钙早餐奶200ml*24盒整箱装 【3.3g蛋白质】全脂200ml*24盒】每加购一个商品得50吃货值
完成任务：获得50金币

【【上海可发】干脆面方便面 休闲办公室网红零食箱装零食大礼包儿时怀旧零食饥饿充饥夜宵掌心脆干吃面 【店铺推荐】4种口味混搭15包+15包】每加购一个商品得50吃货值
完成任务：获得50金币

【妙可蓝多奶酪棒棒奶酪 儿童零食营养高钙汪汪队乳酪500gx2共50支 原味1袋+水果1袋（共50支）】每加购一个商品得50吃货值
完成任务：获得50金币

【滇园 玫瑰鲜花饼礼盒800g共20枚 云南特产休闲零食小吃糕点美食 中秋节送礼】每加购一个商品得50吃货值
完成任务：获得50金币

【日清 I意面3口味6杯拌面速食方便面干拌面网红泡面】每加购一个商品得50吃货值
完成任务：获得50金币

【美果汇 美早大樱桃国产车厘子500g精品礼盒装 母亲节节日礼物 高端精品生鲜水果 公司团购8年老店】每加购一个商品得50吃货值
完成任务：获得50金币

【大希地 葡式蛋挞皮液套装冷冻国产蛋挞套装 西式烘焙 半成品 蛋挞烘焙原料 带锡纸托模具原料 蛋挞液500g*1+蛋挞皮30个*1】每加购一个商品得50吃货值
完成任务失败：任务已完成

【小卓 毛肚 千层肚230g 火锅食材 牛百叶 火锅丸料 黑千层生鲜火锅配菜 新鲜百叶 肚丝 230g*1袋】每加购一个商品得50吃货值
完成任务失败：任务已完成

【卧龙（Wolong）卧龙锅巴老襄阳手工老灶锅巴400g*4大份量解饿夜宵好吃零食大礼包休闲锅巴 麻辣*3+五香*1】每加购一个商品得50吃货值
完成任务失败：任务已完成

【马来西亚猫山王榴莲 新鲜水果液氮冷冻保鲜带壳榴莲D197整个 2.2斤-2.6斤（保三房肉 尝鲜体验）】每加购一个商品得50吃货值
完成任务失败：任务已完成

【尚巧厨-金钻植脂奶油1L家用 植物性甜味淡奶油戚风蛋糕蛋挞雪媚娘泡芙奶茶裱花烘焙原料】每加购一个商品得50吃货值
完成任务失败：任务已完成

【【正常发货疫区除外】利拉  比利时风味焦糖味\/黑糖味饼干 一整箱1000g （约55包）休闲饼干 黑糖味】每加购一个商品得50吃货值
完成任务失败：任务已完成

【小卓 千层肚 牛百叶230g 火锅食材 白千层 毛肚 火锅丸料 生鲜 百叶牛肚 四川涮火锅内脏类配菜】每加购一个商品得50吃货值
完成任务失败：任务已完成

【5味台湾茶叶 高山茶冻顶乌龙茶阿里山梨山茶台湾原产冷泡 奶香金萱茶散装平茗共500g】每加购一个商品得50吃货值
完成任务失败：任务已完成

【8斤春丝江西米粉米线粉丝螺蛳粉2kg*2包绿色食品纯大米制作南昌炒粉汤粉拌粉都可做绿色食品】每加购一个商品得50吃货值
完成任务失败：任务已完成

【百钻葡式蛋挞皮 锡底纸托半成品蛋挞液家用自制酥皮蛋塔烘焙材料 蛋挞皮21g*30只】每加购一个商品得50吃货值
完成任务失败：任务已完成

【陈一凡 龙井绿茶明前一级春茶 茶叶绿茶2022新茶豆香浓香型杭州龙井散装250g】每加购一个商品得50吃货值
完成任务失败：任务已完成

【小青柑茶叶500克 普洱柑普茶生晒陈皮茶 宫廷普洱熟茶橘普茶 双罐装配礼袋 自饮送礼盒装 创天下茶叶】每加购一个商品得50吃货值
完成任务失败：任务已完成

【广州酒家 红豆沙馅料500g/袋 烘焙原料 粽子面包包子馅料蛋糕馅料 厨房DIY馅料月饼馅料】每加购一个商品得50吃货值
完成任务失败：任务已完成

【2022新茶上市 卢正浩青白东方茶铺茶叶绿茶 雨前浓香大份量龙井茶叶春茶纸包口粮茶（谷雨香）250g】每加购一个商品得50吃货值
完成任务失败：任务已完成

【946ml*2瓶装美国Sunsweet日光牌加州西梅汁进口纯果汁饮品果蔬汁饮料NFC西梅汁孕妇可以喝】每加购一个商品得50吃货值
完成任务失败：任务已完成

【燕之坊元气粥红豆薏米十谷米粗粮紫薯黑米八宝粥绿豆百合粥原料杂粮组合 7包组合装】每加购一个商品得50吃货值
完成任务失败：任务已完成

【2022新茶 梅府茗家 绿茶 明前一级龙井老茶树罐装200g 春茶茶叶】每加购一个商品得50吃货值
完成任务失败：任务已完成

【蒙牛特仑苏纯牛奶梦幻盖250ml*10盒整箱*2箱营养早餐牛奶 有.机梦幻盖250ml*10盒*2箱】每加购一个商品得50吃货值
完成任务失败：任务已完成

【【特仑苏旗舰店】特仑苏纯牛奶250mL×16包*2提组合装 早餐奶 易携带礼盒装 中秋春节送礼推荐】每加购一个商品得50吃货值
完成任务失败：任务已完成

【沙窝曙光 甘肃民勤人参果 5斤装 人生果  长圆果 孕妇宝宝 生鲜 新鲜黄肉水果 5斤装（净重4.5-5斤）】每加购一个商品得50吃货值
完成任务失败：任务已完成

【【300 减210】百草味 鸭肫115g 鲜卤鸭肫鸭肉特产零食 休闲小吃熟食卤味 真空小包装 MJ 五香味】每加购一个商品得50吃货值
完成任务失败：任务已完成

【今聚鲜大号国产翡翠青虾仁1000g 活剥去虾线 冷冻海鲜水产 生鲜】每加购一个商品得50吃货值
完成任务失败：任务已完成

【【买1贈1+碗勺】强健云混合水果麦片早餐食品 烘焙坚果燕麦片即食代餐营养谷物牛奶冲饮儿童酸奶果粒麦片 烘焙水果麦片+酸奶果粒麦片【共1000克】 1000克】每加购一个商品得50吃货值
完成任务失败：任务已完成

【推荐_【三只松鼠_量贩开心果500g/罐装】每日坚果零食干果炒货健康休闲零食原色孕妇食品 500g/罐装】每加购一个商品得50吃货值
完成任务失败：任务已完成

【大希地 牛腩 牛肉 国产冷冻牛肉块 500g】每加购一个商品得50吃货值
完成任务失败：任务已完成

【华牧鲜 加拿大进口AAA级原切雪花眼肉牛排套餐 厚切200g/份 谷饲安格斯牛肉冷冻生鲜 送礼礼袋 AAA级牛排6片装 1.2kg】每加购一个商品得50吃货值
完成任务失败：任务已完成

【我老家山林散养土鸡蛋现捡现发农家柴鸡蛋生鲜盒装箱装单枚40g±5g 10枚/盒装约400g】每加购一个商品得50吃货值
完成任务失败：任务已完成

【【300 减210】百草味 笑口板栗120g 休闲零食坚果特产 即食熟制甘栗 MJ】每加购一个商品得50吃货值
完成任务失败：任务已完成

【王饱饱 烘焙麦片 营养早餐 燕麦片 代餐食品 高纤维 非膨化 草莓优脆乳麦片400g】每加购一个商品得50吃货值
完成任务失败：任务已完成

【佰儒 特级 新茶金骏眉 红茶 茶叶武夷山春茶桐木关散装黄芽2022金俊眉罐子礼盒500g功夫红茶】每加购一个商品得50吃货值
完成任务失败：任务已完成

【荞麦面条低脂肪无糖精面条荞面条荞麦挂面杂粮面条挂面批发 山咔咔 0脂肪 荞麦面条2斤细面】每加购一个商品得50吃货值
完成任务失败：任务已完成

【【300 减210】百草味 泡椒凤爪160g 休闲零食特产香辣鸡肉野山椒鸡爪 MJ】每加购一个商品得50吃货值
完成任务失败：任务已完成

【独角兽厨房 全麦面包低脂切片面包欧包健身餐粗粮杂粮吐司早餐食品代餐面包2斤装整箱 全麦粉含量45%】每加购一个商品得50吃货值
完成任务失败：任务已完成

【【当季新米】柴火大院 五常有机大米5kg 东北大米10斤  稻花香2号】每加购一个商品得50吃货值
完成任务失败：任务已完成

【【特仑苏旗舰店】特仑苏牛奶 经典品质 纯牛奶利乐钻250ml*16盒】每加购一个商品得50吃货值
完成任务失败：任务已完成

【正大 鸡肉生鲜 健康轻食出口日本级品质 健身鸡胸肉健身餐 轻食代餐 琵琶腿500g*4袋 共4斤】每加购一个商品得50吃货值
完成任务失败：任务已完成

【大希地整切牛排牛肉 儿童牛排 生鲜西冷菲力牛排进口冷冻肉源整切调理10包（1200g） 西冷牛排*10包（即将售罄）】每加购一个商品得50吃货值
完成任务失败：任务已完成

【【京东农场】东北有机大米 黑龙江长粒香米 正宗东北香米 前进农场军稻香 京品源全程溯源 【真空装/5kg】】每加购一个商品得50吃货值
完成任务失败：任务已完成

【寻味君 广西红心芭乐 5斤 简装 番石榴 新鲜水果生鲜健康轻食】每加购一个商品得50吃货值
完成任务失败：任务已完成

【三养火鸡面韩国进口超辣干拌面方便面泡面拉面5包】每加购一个商品得50吃货值
完成任务失败：任务已完成

【寻鲜鸟 正宗新鲜鸡蛋土鸡蛋 谷物喂养鲜鸡蛋无抗生素鸡蛋 10枚装/盒 10枚装/盒  约380g】每加购一个商品得50吃货值
完成任务失败：任务已完成

【林家铺子 混合水果罐头（黄桃、草莓、桔子、雪梨、椰果、山楂、菠萝、什锦、杨梅等口味随机） 425g*6罐】每加购一个商品得50吃货值
完成任务失败：任务已完成

【老农夫 新鲜现挖正宗临安天目山小香薯品种烤红薯干小番薯板栗薯2022年地瓜健康轻食生鲜 宝宝小果2.5kg装】每加购一个商品得50吃货值
完成任务失败：任务已完成

【豪士乳酸菌小口袋面包整箱 小白酸奶三明治饼干蛋糕豪土糕点礼盒代餐营养早餐食品点心休闲零食小吃 豪士乳酸菌680g】每加购一个商品得50吃货值
完成任务失败：任务已完成

【林家铺子 新鲜糖水黄桃罐头 425g*6罐】每加购一个商品得50吃货值
完成任务失败：任务已完成

【安佳淡奶油1L 动物性鲜奶油稀奶油 家用烘焙蛋糕裱花原料冰淇淋材料】每加购一个商品得50吃货值
完成任务失败：任务已完成

【【25gx24根】袋鼠先生 低脂鸡胸肉肠即食高蛋白无淀粉添加轻食代餐鸡肉火腿肠肉干肉脯休闲零食小吃 鸡胸肉肠*24根】每加购一个商品得50吃货值
完成任务失败：任务已完成

【里奈零食大礼包年货礼盒麻辣味网红小吃休闲食品卤味肉类整箱即食美食熟食礼盒鸭脖子 【买1箱 送1箱】共60包吃嘛嘛香（香辣+微辣）】每加购一个商品得50吃货值
完成任务失败：任务已完成

【大希地整切牛排牛肉 儿童牛排 生鲜西冷菲力牛排进口冷冻肉源整切调理10包（1200g） 整切西冷*5包+整切菲力*5包】每加购一个商品得50吃货值
完成任务失败：任务已完成

【共2罐装 陌上花开 可可粉 烘焙蛋糕脏脏包原料纯冲饮热可可巧克力粉】每加购一个商品得50吃货值
完成任务失败：任务已完成

【阿尔卑斯ALPS饮用天然矿泉水 500ml*6瓶/提 塑封膜包装】每加购一个商品得50吃货值
完成任务失败：任务已完成

【三得利无糖乌龙茶 0糖0脂0能量（Suntory） 无糖茶饮料 茶饮品 乌龙茶500ml*15瓶】每加购一个商品得50吃货值
完成任务失败：任务已完成

【共2罐装 陌上花开 抹茶粉 纯日式绿茶粉 冲饮食用烘焙抹茶奶茶共200g】每加购一个商品得50吃货值
完成任务失败：任务已完成

【浏览休闲零食会场】每浏览一个会场4S得100吃货值
助力失败：任务领取成功

助力成功：您的好友获得100金币

【浏览伊利牛奶会场】每浏览一个会场4S得100吃货值
助力失败：任务领取成功

助力成功：您的好友获得100金币

【浏览食品饮料生鲜吃货节会场】每浏览一个会场4S得100吃货值
助力失败：任务领取成功

助力成功：您的好友获得100金币

【浏览樱桃商品会场】每浏览一个会场4S得100吃货值
助力失败：任务领取成功

助力成功：您的好友获得100金币

【浏览端午会场】每浏览一个会场4S得100吃货值
助力失败：任务领取成功

助力成功：您的好友获得100金币

【浏览粮油米面速食会场】每浏览一个会场4S得100吃货值
助力失败：任务领取成功

助力成功：您的好友获得100金币

【浏览潮流趋势会场】每浏览一个会场4S得100吃货值
助力失败：任务领取成功

助力成功：您的好友获得100金币

【浏览百草味美食会场】每浏览一个会场4S得100吃货值
助力失败：任务领取成功

助力成功：您的好友获得100金币

【浏览华祥苑茗茶会场】每浏览一个会场4S得100吃货值
助力失败：任务领取成功

助力成功：您的好友获得100金币

【浏览良品铺子美食会场】每浏览一个会场4S得100吃货值
助力失败：任务领取成功

助力成功：您的好友获得100金币

【京东账号2（jd_72476e50d1b0e）的吃货嘉年华好友互助码】T0225KkcRxwd8lKCJRqglaUKIQCjBVlqWU5jYjeQOc

签到
完成任务：获得100金币

可以抽奖4次，去抽奖

很遗憾未中奖~
很遗憾未中奖~
很遗憾未中奖~
很遗憾未中奖~

开始第2个活动：PLUS生活特权

【领肯德基9.9元下午茶】浏览6s并领取权益可获得200金币
助力失败：任务领取成功

助力成功：您的好友获得200金币

【领半价小皇堡4件套】浏览6s并领取权益可获得200金币
任务领取成功
完成任务：获得200金币

【办银行卡得PLUS会员】浏览6s并领取权益可获得200金币
任务领取成功
完成任务：获得200金币

【领免费吃喝玩乐福利】浏览6s并领取权益可获得200金币
任务领取成功
完成任务：获得200金币

签到
签到成功：获得200金币

可以抽奖5次，去抽奖

很遗憾未中奖~
很遗憾未中奖~
很遗憾未中奖~
很遗憾未中奖~
很遗憾未中奖~

开始第3个活动：1

【浏览锦鲤红包】浏览1个会场6s得1次抽奖机会
助力失败：任务领取成功

助力成功：您的好友获得1金币

【林氏木业大牌闪购日】浏览1个会场6s得1次抽奖机会
助力失败：任务领取成功

助力成功：您的好友获得1金币

【宠汪汪】浏览并关注1个频道得1次抽奖机会
完成任务：获得1金币

【浏览并关注闪购频道】浏览并关注1个频道得1次抽奖机会
完成任务失败：任务已完成

【浏览并关注众筹频道】浏览并关注1个频道得1次抽奖机会
完成任务：获得1金币

【Tata他她女鞋秋商场同款心型饰尖头细高跟女单鞋婚鞋伴娘鞋FY3D4CQ0 金银 35】浏览1个商品6s得1次抽奖机会
任务领取成功
完成任务：获得1金币

【Lee Cooper卫衣男圆领春季新款韩版宽松套头上衣服百搭男士长袖潮流卫衣 黑色 L】浏览1个商品6s得1次抽奖机会
任务领取成功
完成任务：获得1金币

【京东账号2（jd_72476e50d1b0e）的1好友互助码】T0225KkcRxwd8lKCJRqglaUKIQCjVQmoaT5kRrbA

可以抽奖6次，去抽奖

很遗憾未中奖~
很遗憾未中奖~
很遗憾未中奖~
抽中：1京豆
很遗憾未中奖~
很遗憾未中奖~

开始第4个活动：2

【浏览众筹频道】浏览10秒得200金币
任务领取成功
完成任务：获得200金币

【京东京造官方自营旗舰店】浏览并关注店铺领50金币
完成任务：获得50金币

【网易严选官方旗舰店】浏览并关注店铺领50金币
完成任务：获得50金币

【SONGX京东自营旗舰店】浏览并关注店铺领50金币
完成任务：获得50金币

【黄油猫官方旗舰店】浏览并关注店铺领50金币
完成任务：获得50金币

【ROAMAN罗曼个人护理旗舰店】浏览并关注店铺领50金币
完成任务：获得50金币

【玉泽京东自营旗舰店】浏览并关注店铺领50金币
完成任务失败：任务已完成

【海南新鲜荔枝 火山荔枝王 荔枝礼盒 当季新鲜水果 5斤装【净重4.5斤 8-10个/斤】】单个商品浏览5秒领50金币
任务领取成功
完成任务：获得50金币

【玉泽防晒乳50ml清爽倍护面部防晒霜SPF42 温和养肤免卸妆隔离霜 敏感肌适用 男女士通用化妆品 】单个商品浏览5秒领50金币
任务领取成功
完成任务：获得50金币

【SONGX 蓝牙耳机无线3MIC混合ANC主动降噪耳机运动音乐耳机入耳式超长续航适用苹果华为小米vivo荣耀 静谧黑】单个商品浏览5秒领50金币
任务领取成功
完成任务：获得50金币

【钛度幻动精灵Q1电脑音响户外露营蓝牙音箱低音炮台式机笔记本手机游戏网课收款扩音器律动灯RGB灯 蓝牙有线RGB版音箱】单个商品浏览5秒领50金币
任务领取成功
完成任务：获得50金币

【京东京造 600G净水器 家用净水机 直饮机 过滤器厨下式 5年RO反渗透滤芯 1.56L/min大流量 新一级水效】单个商品浏览5秒领50金币
任务领取成功
完成任务：获得50金币

【JOY&DOGA ｜  生活玩家系列盲盒单盒】单个商品浏览5秒领50金币
任务领取成功
完成任务：获得50金币

【【新品】网易严选 糯糯奶盖懒人空调被夏凉被夏被子 A类抗菌超柔科技进击纤维 可水洗机洗开袋即用 烟暮紫粉 【夏被】150*200cm】单个商品浏览5秒领50金币
任务领取成功
完成任务：获得50金币

【黄油猫&CYCLOID鞋盒充电器手机充电头30w快充type-c充电口适用苹果13/12/11充电器 雾霭蓝充电器【单个装】】单个商品浏览5秒领50金币
任务领取成功
完成任务：获得50金币

【浏览并关注众筹频道】已完成

可以抽奖2次，去抽奖

很遗憾未中奖~
很遗憾未中奖~

开始第5个活动：3

【关注拉面说自营旗舰店】每关注1个店铺可得100新动值
完成任务：获得100金币

【关注筷手小厨自营旗舰店】每关注1个店铺可得100新动值
完成任务：获得100金币

【关注布鲁可自营旗舰店】每关注1个店铺可得100新动值
完成任务：获得100金币

【关注王饱饱自营旗舰店】每关注1个店铺可得100新动值
完成任务：获得100金币

【关注可口可乐旗舰店】每关注1个店铺可得100新动值
完成任务：获得100金币

【关注三顿半自营旗舰店】每关注1个店铺可得100新动值
完成任务：获得100金币

【关注植益自营旗舰店】每关注1个店铺可得100新动值
完成任务：获得100金币

【关注瑞幸咖啡自营旗舰店】每关注1个店铺可得100新动值
完成任务：获得100金币

【关注黄天鹅自营旗舰店】每关注1个店铺可得100新动值
完成任务：获得100金币

【关注联合利华自营旗舰店】每关注1个店铺可得100新动值
完成任务：获得100金币

【奥妙除菌除螨洗衣液 3kg+400g*3+内衣洗衣液275ml*2送补充装洗衣液480G*5】每加购1个商品可得50新动值
助力成功：您的好友获得50金币

【小皮(LittleFreddie)高品质核桃油100ml 天然营养初榨食用油 欧洲原装进口 儿童/孕妇可用】每加购1个商品可得50新动值
助力成功：您的好友获得50金币

【吉列(Gillette)刮胡刀手动剃须刀手动 非吉利礼物男 布加迪跑车联名典藏款热感1刀架2刀头+充电底座+官方车模】每加购1个商品可得50新动值
助力成功：您的好友获得50金币

【看看追新PRO】每关注1个频道可得500新动值
完成任务：获得500金币

【看看京东超市】每关注1个频道可得500新动值
完成任务：获得500金币

【逛京东超市频道】每浏览1个会场6s可得100新动值
任务领取成功
完成任务：获得100金币

【京东账号2（jd_72476e50d1b0e）的3好友互助码】T0225KkcRxwd8lKCJRqglaUKIQDjRXlq-7zx55awQ

可以抽奖5次，去抽奖

很遗憾未中奖~
很遗憾未中奖~
很遗憾未中奖~
很遗憾未中奖~
很遗憾未中奖~
开始内部助力

开始助力第1个活动：吃货嘉年华

jd_56ac883b2ee02 去助力 jd_56ac883b2ee02 的助力码 T0225KkcRRhIplzfI0j2waIKdgCjBVlqWU5jYjeQOc
不能助力自己

jd_56ac883b2ee02 去助力 jd_72476e50d1b0e 的助力码 T0225KkcRxwd8lKCJRqglaUKIQCjBVlqWU5jYjeQOc
完成任务：获得200金币

开始助力第2个活动：PLUS生活特权

开始助力第3个活动：1

jd_56ac883b2ee02 去助力 jd_56ac883b2ee02 的助力码 T0225KkcRRhIplzfI0j2waIKdgCjVQmoaT5kRrbA
不能助力自己

jd_56ac883b2ee02 去助力 jd_72476e50d1b0e 的助力码 T0225KkcRxwd8lKCJRqglaUKIQCjVQmoaT5kRrbA
完成任务：获得1金币

开始助力第4个活动：2

开始助力第5个活动：3

jd_56ac883b2ee02 去助力 jd_56ac883b2ee02 的助力码 T0225KkcRRhIplzfI0j2waIKdgDjRXlq-7zx55awQ
不能助力自己

jd_56ac883b2ee02 去助力 jd_72476e50d1b0e 的助力码 T0225KkcRxwd8lKCJRqglaUKIQDjRXlq-7zx55awQ
完成任务：获得300金币

开始内部助力

开始助力第1个活动：吃货嘉年华

jd_72476e50d1b0e 去助力 jd_56ac883b2ee02 的助力码 T0225KkcRRhIplzfI0j2waIKdgCjBVlqWU5jYjeQOc
完成任务：获得200金币

jd_72476e50d1b0e 去助力 jd_72476e50d1b0e 的助力码 T0225KkcRxwd8lKCJRqglaUKIQCjBVlqWU5jYjeQOc
不能助力自己

开始助力第2个活动：PLUS生活特权

开始助力第3个活动：1

jd_72476e50d1b0e 去助力 jd_56ac883b2ee02 的助力码 T0225KkcRRhIplzfI0j2waIKdgCjVQmoaT5kRrbA
完成任务：获得1金币

jd_72476e50d1b0e 去助力 jd_72476e50d1b0e 的助力码 T0225KkcRxwd8lKCJRqglaUKIQCjVQmoaT5kRrbA
不能助力自己

开始助力第4个活动：2

开始助力第5个活动：3

jd_72476e50d1b0e 去助力 jd_56ac883b2ee02 的助力码 T0225KkcRRhIplzfI0j2waIKdgDjRXlq-7zx55awQ
完成任务：获得300金币

jd_72476e50d1b0e 去助力 jd_72476e50d1b0e 的助力码 T0225KkcRxwd8lKCJRqglaUKIQDjRXlq-7zx55awQ
不能助力自己


🔔众筹许愿池, 结束! 🕛 478.723 秒


## 执行结束... 2022-05-10 00:50:57 耗时 479 秒
