## 开始执行... 2022-05-11 00:42:34


🔔众筹许愿池, 开始!

====================共2个京东账号Cookie=================

============脚本执行时间：2022/5/11 00:42:35=============

>>>>>>>>>>>>>>6Dylan6 提示：任务正常运行中>>>>>>>>>>>>>>>


*******开始【京东账号1】Wang_Happy_*********


开始第1个活动：吃货嘉年华

点击热区
完成任务：获得50金币

点击热区
完成任务：获得50金币

【【憨豆熊】红皮花生米500g生新货5斤装新鲜农家晒干散装不带壳 1000g】每加购一个商品得50吃货值
完成任务：获得50金币

【Aji 零食饼干 惊奇脆片饼干6种口味可选 蔬菜味200g/包】每加购一个商品得50吃货值
完成任务：获得50金币

【东鹏特饮维生素功能饮料 500ml*15瓶】每加购一个商品得50吃货值
完成任务：获得50金币

【肉松海苔卷即紫菜夹心海苔卷休闲零食小吃儿童拌饭料 肉松味海苔卷100g/罐】每加购一个商品得50吃货值
完成任务：获得50金币

【【宁化府旗舰店】宁化府 益源庆 山西特产老陈醋 酿造食醋 实惠桶装 桌上瓶160ml】每加购一个商品得50吃货值
完成任务：获得50金币

【达利园 蛋黄派草莓派巧克力派组合800g注心蛋糕早餐点心零食大礼包 3袋口味混合装（800g）】每加购一个商品得50吃货值
完成任务：获得50金币

【【买1贈1+碗勺】美味地带奇亚籽酸奶果粒燕麦片混合坚果水果麦片 即食麦片早餐食品营养冲饮谷物代餐零食 酸奶水果麦片+烘焙水果麦片【1000g+贈碗勺】】每加购一个商品得50吃货值
完成任务：获得50金币

【益达（Extra）口香糖益达木糖醇无糖口香糖 【热门6瓶】热门6口味组合】每加购一个商品得50吃货值
完成任务：获得50金币

【芮瑞 农家散养新鲜现捡鸡蛋笨鸡蛋谷物柴鸡蛋初生蛋 20枚装】每加购一个商品得50吃货值
完成任务：获得50金币

【【99-20】回头客枣泥蛋糕1050g礼盒红枣泥蛋糕西式鸡蛋糕点心好吃早餐小面包休闲特产零食礼包整箱】每加购一个商品得50吃货值
完成任务：获得50金币

【秭归伦晚橙子脐橙手剥橙薄皮 当季时令新鲜水果 生鲜孕妇礼盒（现摘现发） （甄选）果径75mm以上 9斤大果精品装】每加购一个商品得50吃货值
完成任务：获得50金币

【好人家 手工麻辣牛油火锅底料900g 重庆麻辣老火锅底料 聚餐送礼】每加购一个商品得50吃货值
完成任务：获得50金币

【零趣乳酪布丁整箱 果冻办公室休闲点心每日小吃学生宿舍小零食品【每】 乳酪布丁500g】每加购一个商品得50吃货值
完成任务：获得50金币

【健元堂 多口味红豆薏米粗粮代餐饼干饱腹450G无糖精健身低五谷杂粮卡脂热老人压缩干粮食品 红豆薏米燕麦饼】每加购一个商品得50吃货值
完成任务：获得50金币

【【2022年明前特级新茶】龙井茶杭州明前春茶正宗豆香绿茶250g礼盒装豆香龙井散装醉茗山茶叶罐装】每加购一个商品得50吃货值
完成任务：获得50金币

【太太乐 三鲜鸡精 调味料鸡精大袋调料 厨房调味调料 500g*2袋】每加购一个商品得50吃货值
完成任务失败：任务已完成

【德青源鲜鸡蛋 无抗生素无激素 营养早餐 农场鲜供 舌尖攻略谷饲40枚1.72kg】每加购一个商品得50吃货值
完成任务失败：任务已完成

【知味观 绿茶酥 杭州特产糕点龙井酥 传统老字号 茶点心零食】每加购一个商品得50吃货值
完成任务失败：任务已完成

【嗨吃客自热米饭265g*5盒懒人方便户外速食自热煲仔饭户外方便米饭盒饭 辣子鸡1盒+椒香牛肉2盒+土豆牛肉1盒+酱肉丝1盒】每加购一个商品得50吃货值
完成任务失败：任务已完成

【鹃城牌不含添加剂防腐剂豆瓣酱正宗郫县豆瓣特级豆瓣1000g精编竹笼酱香醇厚中华老字号黑豆瓣手工制作】每加购一个商品得50吃货值
完成任务失败：任务已完成

【Lindt进口瑞士莲黑巧克力可可软心巧克力球喜糖礼盒lindor瑞士莲巧克力夹心牛奶巧克力礼物送女友 瑞士莲黑巧混装600g】每加购一个商品得50吃货值
完成任务失败：任务已完成

【DGI低GI无糖精黑麦代餐全麦面包粗粮健身食品休闲零食懒人速食饱腹面包吐司早餐 全麦味 700g】每加购一个商品得50吃货值
完成任务失败：任务已完成

【川豫情 川陕风味红油面皮 非油炸擀面皮方便面速食拌面凉皮 红油面皮105g*5袋】每加购一个商品得50吃货值
完成任务失败：任务已完成

【千禾 料酒 五香料酒 炒菜去腥 500ml-1瓶】每加购一个商品得50吃货值
完成任务失败：任务已完成

【【顺丰速发】言片光 临安天目山小香薯 红薯地瓜2.5kg一箱 新鲜蔬菜 5斤装（净重4.8斤）【严选中果】】每加购一个商品得50吃货值
完成任务失败：任务已完成

【老旮桃酥老式饼干传统糕点整箱零食小吃休闲食品独立小包装 桃酥【2500g】】每加购一个商品得50吃货值
完成任务失败：任务已完成

【陈村过桥米线米粉丝20袋整箱装非油炸速食免煮酸辣过挢米线泡面宵夜 【10袋】香菇鸡3+红烧牛肉3+酸辣牛肉2+猪骨2】每加购一个商品得50吃货值
完成任务失败：任务已完成

【【宁化府旗舰店】山西特产老陈醋宁化府益源庆2.4L+手工六年1.25L组合】每加购一个商品得50吃货值
完成任务失败：任务已完成

【美国进口BRAGG苹果醋原浆减无糖水果醋浓缩饮料轻食调味料健身饮品肥生酮食品苹果醋 946ml】每加购一个商品得50吃货值
完成任务失败：任务已完成

【潘祥记鲜花饼10枚500g礼盒装云南特产玫瑰饼糕点零食小吃大礼包】每加购一个商品得50吃货值
完成任务失败：任务已完成

【安佳黄油20盒 煎牛排黄油小包装 动物黄油 烘焙黄油140g 20盒】每加购一个商品得50吃货值
完成任务失败：任务已完成

【姜老大 海盐海盐黑胡椒混合调料研磨130g 2瓶组合健身西餐牛排鸡胸肉水煮菜调料】每加购一个商品得50吃货值
完成任务失败：任务已完成

【【第2罐5折】艺佰奇亚籽 奇雅子 齐亚子 熟制免洗奇亚子饱腹代餐可搭配 燕麦片即食酸奶水果代餐谷物 奇亚籽配量勺450克】每加购一个商品得50吃货值
完成任务失败：任务已完成

【其妙红豆夹心手撕面包整箱早餐面包充饥零食 下午茶小吃休闲食品 千层酥面包【500g】】每加购一个商品得50吃货值
完成任务失败：任务已完成

【统一汤达人日式豚骨方便面五连包袋装泡面懒人速食食品 日式豚骨面五连包】每加购一个商品得50吃货值
完成任务失败：任务已完成

【【500g*5袋】滇鹏云南小粒老黄冰糖块整箱装 调味冰糖雪梨多晶小粒冰糖块】每加购一个商品得50吃货值
完成任务失败：任务已完成

【蒙牛 纯牛奶 PURE MILK  整箱装 乳制品 （新老包装随机发货） 纯牛奶250mL*16盒/箱】每加购一个商品得50吃货值
完成任务失败：任务已完成

【千丝肉松饼 办公室点心休闲早餐糕点小零食品年货【超】 肉松饼整箱500g】每加购一个商品得50吃货值
完成任务失败：任务已完成

【五芳斋 年货八宝饭过年特产甜点速食方便米饭糯米饭 白糯豆沙2盒+紫糯豆沙1盒共1170克（店长推荐）】每加购一个商品得50吃货值
完成任务失败：任务已完成

【蔡林记 热干面酱包调味料包风味卤牛肉味酱包拌面酱拌饭酱调味酱料单包20g*20袋】每加购一个商品得50吃货值
完成任务失败：任务已完成

【黄老五 休闲零食糖果 黑芝麻花生酥糖188g*3袋 四川特产小吃 传统怀旧零食】每加购一个商品得50吃货值
完成任务失败：任务已完成

【零趣香葱苏打饼整箱2000g 无蔗糖咸味办公室点心休闲小零食品速食充饥学生宿舍小吃薄饼干 香葱苏打饼干整箱2000g】每加购一个商品得50吃货值
完成任务失败：任务已完成

【康师傅方便面 泡面整箱装 【经典】藤椒牛肉面整箱24袋】每加购一个商品得50吃货值
完成任务失败：任务已完成

【蔡林记 脆萝卜辣萝卜腌制酱菜泡菜瓶装湖北特色下饭咸菜萝卜丁280g*3瓶装】每加购一个商品得50吃货值
完成任务失败：任务已完成

【认养一头牛 高端法式风味酸奶230g*10瓶整箱营养早餐酸奶 白桃燕麦10瓶装*2箱】每加购一个商品得50吃货值
完成任务失败：任务已完成

【【会员专享】良品铺子  芝士泡芙60g 奶油夹心饼干蛋糕脆皮泡芙球 芝士夹心泡芙饼干零食 芝士泡芙 60gx1盒】每加购一个商品得50吃货值
完成任务失败：任务已完成

【老金磨方坊 黑芝麻丸男女即食芝麻球72g*4盒】每加购一个商品得50吃货值
完成任务失败：任务已完成

【天源酱园 干黄酱350g*5包 干酱北京炸酱面酱 黄豆酱豆瓣酱炸酱辅料】每加购一个商品得50吃货值
完成任务失败：任务已完成

【李子柒 薯你弹酸辣粉 粉丝米线方便速食 袋装 252g*6袋】每加购一个商品得50吃货值
完成任务失败：任务已完成

【DGI低GI无添加蔗糖孕妇粗粮全麦高纤维饼干魔芋饱腹代餐零食品 全麦麦香味180g】每加购一个商品得50吃货值
完成任务失败：任务已完成

【黄元帅粉面苹果黄元帅苹果 新鲜当季 带箱 黄元帅 5斤装】每加购一个商品得50吃货值
完成任务失败：任务已完成

【【宁化府旗舰店】山西特产宁化府益源庆老陈醋 手工五年陈酿500ml】每加购一个商品得50吃货值
完成任务失败：任务已完成

【宠艾 毛肚 230g 火锅食材 毛肚生鲜 内脏类生鲜 肚片四川涮火锅国产重庆火锅 1袋230g】每加购一个商品得50吃货值
完成任务失败：任务已完成

【零趣小圆饼整箱500g 办公室饼干点心休闲早餐小零食品年货 T 日式小圆饼整箱500g【约12包】】每加购一个商品得50吃货值
完成任务失败：任务已完成

【【2022春茶上市】闽景印象正山高香小种红茶叶散装浓香型特级袋装武夷山桐木关新茶桐三号2袋共500g】每加购一个商品得50吃货值
完成任务失败：任务已完成

【苗姑娘 贵州特产地道苗族风味 牛肉辣椒750g 调味料辣椒酱美味下饭菜拌面香辣酱 桶装大瓶 地道风味】每加购一个商品得50吃货值
完成任务失败：任务已完成

【【杨超越同款】拍5件！周黑鸭锁鲜乐享麻辣新鲜卤味办公室休闲零食TK 经典口味：卤鸭翅160g】每加购一个商品得50吃货值
完成任务失败：任务已完成

【真巧 酱芯曲奇饼干 巧克力夹心饼干 350g整袋装(内装约35小包)】每加购一个商品得50吃货值
完成任务失败：任务已完成

【农道好物21天自律打卡纯豆浆粉黄豆黑豆豆浆无任何添加现磨原味营养早餐家用健身懒人孕妇老少适宜 纯黑豆豆浆粉】每加购一个商品得50吃货值
完成任务失败：任务已完成

【巧媳妇小米醋桶纯酿造食醋调味炒菜凉拌饺子醋实惠酿造米醋凉拌调味纯酿米醋1.3L*2】每加购一个商品得50吃货值
完成任务失败：任务已完成

【伊利 高蛋白脱脂高钙奶粉450g中老年人男女士  学生青少年老人儿童 牛奶粉】每加购一个商品得50吃货值
完成任务失败：任务已完成

【【葡记香草鲜奶香蒸蛋糕1000g】2斤装整箱网红早餐糕点心代餐休闲零食品】每加购一个商品得50吃货值
完成任务失败：任务已完成

【Amisade 黑巧克力 纯可可脂巧克力中国澳门品牌情人节礼盒休闲年货糖果办公室零食婚庆喜糖巧克力 72%黑巧克力】每加购一个商品得50吃货值
完成任务失败：任务已完成

【【2瓶装】古蜀味道 烧椒酱210g四川农家下饭菜手工椒辣椒酱自制超辣剁椒青椒酱拌饭酱厨房调味】每加购一个商品得50吃货值
完成任务失败：任务已完成

【伊利 金典纯牛奶梦幻盖250ml*10盒 3.8g乳蛋白 口感醇香 高端畅饮】每加购一个商品得50吃货值
完成任务失败：任务已完成

【【预售】零趣香葱苏打饼干整箱500g 无蔗糖饼干咸味办公室点心休闲早餐小零食品年货【超】 香葱苏打饼干整箱500g】每加购一个商品得50吃货值
完成任务失败：任务已完成

【山东菏泽纯手工高庄呛面馒头老面馒头早餐原味北方面食馍馍 高庄千层馒头【5斤30个】】每加购一个商品得50吃货值
完成任务失败：任务已完成

【姜老大海盐黑胡椒粒70g 研磨瓶装西餐牛排意面调味撒料】每加购一个商品得50吃货值
完成任务失败：任务已完成

【【伊利旗舰店】伊利安慕希颗粒酸奶200g*10盒 礼盒装新老包装随机发货 芝士波波球】每加购一个商品得50吃货值
完成任务失败：任务已完成

【雀巢脆脆鲨威化饼干24条盒装巧克力花生牛奶味饼干休闲零食品节日礼盒零食大礼包 巧克力味480g【24条新包装】】每加购一个商品得50吃货值
完成任务失败：任务已完成

【渣渣灰 南昌拌粉江西米粉米线正宗特产懒人方便速食食品早餐夜宵 南昌拌粉*6盒】每加购一个商品得50吃货值
完成任务失败：任务已完成

【【鲁花直销】鲁花自然鲜酱香酱油1.28L*2    特级酱香  厨房调料 调味品】每加购一个商品得50吃货值
完成任务失败：任务已完成

【【童年记长白山香瓜子500g*4】独立小包 五香味葵花籽 干果炒货年货 办公室宿舍煲剧小零食】每加购一个商品得50吃货值
完成任务失败：任务已完成

【【特仑苏旗舰店】特仑苏纯牛奶250mL×16包*2提组合装 早餐奶 易携带礼盒装 中秋春节送礼推荐】每加购一个商品得50吃货值
完成任务失败：任务已完成

【沙窝曙光 甘肃民勤人参果 5斤装 人生果  长圆果 孕妇宝宝 生鲜 新鲜黄肉水果 5斤装（净重4.5-5斤）】每加购一个商品得50吃货值
完成任务失败：任务已完成

【【300 减210】百草味 鸭肫115g 鲜卤鸭肫鸭肉特产零食 休闲小吃熟食卤味 真空小包装 MJ 五香味】每加购一个商品得50吃货值
完成任务失败：任务已完成

【今聚鲜大号国产翡翠青虾仁1000g 活剥去虾线 冷冻海鲜水产 生鲜】每加购一个商品得50吃货值
完成任务失败：任务已完成

【【买1贈1+碗勺】强健云混合水果麦片早餐食品 烘焙坚果燕麦片即食代餐营养谷物牛奶冲饮儿童酸奶果粒麦片 烘焙水果麦片+酸奶果粒麦片【共1000克】 1000克】每加购一个商品得50吃货值
完成任务失败：任务已完成

【推荐_【三只松鼠_量贩开心果500g/罐装】每日坚果零食干果炒货健康休闲零食原色孕妇食品 500g/罐装】每加购一个商品得50吃货值
完成任务失败：任务已完成

【大希地 牛腩 牛肉 国产冷冻牛肉块 500g】每加购一个商品得50吃货值
完成任务失败：任务已完成

【华牧鲜 加拿大进口AAA级原切雪花眼肉牛排套餐 厚切200g/份 谷饲安格斯牛肉冷冻生鲜 送礼礼袋 AAA级牛排6片装 1.2kg】每加购一个商品得50吃货值
完成任务失败：任务已完成

【我老家山林散养土鸡蛋现捡现发农家柴鸡蛋生鲜盒装箱装单枚40g±5g 10枚/盒装约400g】每加购一个商品得50吃货值
完成任务失败：任务已完成

【【300 减210】百草味 笑口板栗120g 休闲零食坚果特产 即食熟制甘栗 MJ】每加购一个商品得50吃货值
完成任务失败：任务已完成

【王饱饱 烘焙麦片 营养早餐 燕麦片 代餐食品 高纤维 非膨化 草莓优脆乳麦片400g】每加购一个商品得50吃货值
完成任务失败：任务已完成

【佰儒 特级 新茶金骏眉 红茶 茶叶武夷山春茶桐木关散装黄芽2022金俊眉罐子礼盒500g功夫红茶】每加购一个商品得50吃货值
完成任务失败：任务已完成

【荞麦面条低脂肪无糖精面条荞面条荞麦挂面杂粮面条挂面批发 山咔咔 0脂肪 荞麦面条2斤细面】每加购一个商品得50吃货值
完成任务失败：任务已完成

【【300 减210】百草味 泡椒凤爪160g 休闲零食特产香辣鸡肉野山椒鸡爪 MJ】每加购一个商品得50吃货值
完成任务失败：任务已完成

【独角兽厨房 全麦面包低脂切片面包欧包健身餐粗粮杂粮吐司早餐食品代餐面包2斤装整箱 全麦粉含量45%】每加购一个商品得50吃货值
完成任务失败：任务已完成

【【当季新米】柴火大院 五常有机大米5kg 东北大米10斤  稻花香2号】每加购一个商品得50吃货值
完成任务失败：任务已完成

【【特仑苏旗舰店】特仑苏牛奶 经典品质 纯牛奶利乐钻250ml*16盒】每加购一个商品得50吃货值
完成任务失败：任务已完成

【正大 鸡肉生鲜 健康轻食出口日本级品质 健身鸡胸肉健身餐 轻食代餐 琵琶腿500g*4袋 共4斤】每加购一个商品得50吃货值
完成任务失败：任务已完成

【大希地整切牛排牛肉 儿童牛排 生鲜西冷菲力牛排进口冷冻肉源整切调理10包（1200g） 西冷牛排*10包（即将售罄）】每加购一个商品得50吃货值
完成任务失败：任务已完成

【【京东农场】东北有机大米 黑龙江长粒香米 正宗东北香米 前进农场军稻香 京品源全程溯源 【真空装/5kg】】每加购一个商品得50吃货值
完成任务失败：任务已完成

【【店长推荐】回头客卡侬尼华夫饼2000g蛋糕点心营养早餐宵夜食品好吃小吃面包干休闲特产零食大礼包整箱 鸡蛋味2000g【约60枚】】每加购一个商品得50吃货值
完成任务失败：任务已完成

【云典纯黑咖啡速溶咖啡粉手冲美式苦咖啡无蔗糖云南小粒咖啡饮料减燃健身整箱批发 黑咖啡100g*2盒（100袋）】每加购一个商品得50吃货值
完成任务失败：任务已完成

【【绿色食品】欧亚高原全脂纯牛奶250g*16盒/箱早餐乳制品】每加购一个商品得50吃货值
完成任务失败：任务已完成

【【冠云官方 】平遥牛肉 山西特产 中华老字号平遥牛肉 熟食休闲零食小装(258gX2袋)516g原味】每加购一个商品得50吃货值
完成任务失败：任务已完成

【鑫炳记红枣味太谷饼2100g整箱山西特产饼干蛋糕休闲食品早餐面包糕点点心】每加购一个商品得50吃货值
完成任务失败：任务已完成

【【岐山天缘】酿造6度白醋约10斤  腌制果蔬  清洁 4.85L】每加购一个商品得50吃货值
完成任务失败：任务已完成

【王一博代言】伊利安慕希高端畅饮希腊风味酸奶早餐230g*10瓶整箱 【3月】高端原味230g*10瓶】每加购一个商品得50吃货值
完成任务失败：任务已完成

【浏览良品铺子美食会场】每浏览一个会场4S得100吃货值
助力失败：任务领取成功

助力成功：您的好友获得100金币

【浏览端午会场】每浏览一个会场4S得100吃货值
助力失败：任务领取成功

助力成功：您的好友获得100金币

【浏览樱桃商品会场】每浏览一个会场4S得100吃货值
助力失败：任务领取成功

助力成功：您的好友获得100金币

【浏览食品饮料生鲜吃货节会场】每浏览一个会场4S得100吃货值
助力失败：任务领取成功

助力成功：您的好友获得100金币

【浏览华祥苑茗茶会场】每浏览一个会场4S得100吃货值
助力失败：任务领取成功

助力成功：您的好友获得100金币

【浏览百草味美食会场】每浏览一个会场4S得100吃货值
助力失败：任务领取成功

助力成功：您的好友获得100金币

【浏览潮流趋势会场】每浏览一个会场4S得100吃货值
助力失败：任务领取成功

助力成功：您的好友获得100金币

【浏览粮油米面速食会场】每浏览一个会场4S得100吃货值
助力失败：任务领取成功

助力成功：您的好友获得100金币

【浏览伊利牛奶会场】每浏览一个会场4S得100吃货值
助力失败：任务领取成功

助力成功：您的好友获得100金币

【浏览休闲零食会场】每浏览一个会场4S得100吃货值
助力失败：任务领取成功

助力成功：您的好友获得100金币

【京东账号1（jd_56ac883b2ee02）的吃货嘉年华好友互助码】T0225KkcRRhIplzfI0j2waIKdgCjBVlqWU5jYjeQOc

签到
完成任务：获得100金币

可以抽奖3次，去抽奖

抽中：1京豆
抽中：1京豆
抽中：1京豆

开始第2个活动：PLUS生活特权

【领肯德基9.9元下午茶】浏览6s并领取权益可获得200金币
助力失败：任务领取成功

助力成功：您的好友获得200金币

【领半价小皇堡4件套】浏览6s并领取权益可获得200金币
任务领取成功
完成任务：获得200金币

【办银行卡得PLUS会员】浏览6s并领取权益可获得200金币
任务领取成功
完成任务：获得200金币

【领免费吃喝玩乐福利】浏览6s并领取权益可获得200金币
任务领取成功
完成任务：获得200金币

签到
签到成功：获得200金币

可以抽奖5次，去抽奖

很遗憾未中奖~
很遗憾未中奖~
很遗憾未中奖~
很遗憾未中奖~
很遗憾未中奖~

开始第3个活动：1

【暴龙品牌日专场】浏览1个会场6s得1次抽奖机会
助力失败：任务领取成功

助力成功：您的好友获得1金币

【爆款美食5.17元抢】浏览1个会场6s得1次抽奖机会
助力失败：任务领取成功

助力成功：您的好友获得1金币

【浏览并关注闪购频道】浏览并关注1个频道得1次抽奖机会
完成任务：获得1金币

【浏览并关注众筹频道】浏览并关注1个频道得1次抽奖机会
完成任务：获得1金币

【宠汪汪】浏览并关注1个频道得1次抽奖机会
完成任务失败：任务已完成

【【两条装】花花公子休闲裤男速干冰丝裤男士运动服夏季新款中青年健身跑步裤子轻薄弹力裤 黑色束脚裤+黑色束脚裤 7XL（推荐225斤-240斤）】浏览1个商品6s得1次抽奖机会
任务领取成功
完成任务：获得1金币

【【情人节礼物】欧利时女神表瑞士认证品牌手表女机械表全自动简约气质女表轻奢女士手表潮流时尚腕表 升级版+白+手环+皮表带+礼盒】浏览1个商品6s得1次抽奖机会
任务领取成功
完成任务：获得1金币

【京东账号1（jd_56ac883b2ee02）的1好友互助码】T0225KkcRRhIplzfI0j2waIKdgCjVQmoaT5kRrbA

可以抽奖6次，去抽奖

抽中：2京豆
很遗憾未中奖~
抽中：2京豆
很遗憾未中奖~
抽中：2京豆
很遗憾未中奖~

开始第4个活动：2

【浏览众筹频道】浏览10秒得200金币
任务领取成功
完成任务：获得200金币

【玉泽京东自营旗舰店】浏览并关注店铺领50金币
完成任务：获得50金币

【京东京造官方自营旗舰店】浏览并关注店铺领50金币
完成任务：获得50金币

【网易严选官方旗舰店】浏览并关注店铺领50金币
完成任务：获得50金币

【ROAMAN罗曼个人护理旗舰店】浏览并关注店铺领50金币
完成任务：获得50金币

【SONGX京东自营旗舰店】浏览并关注店铺领50金币
完成任务：获得50金币

【黄油猫官方旗舰店】浏览并关注店铺领50金币
完成任务失败：任务已完成

【LifeSmatr云起 智能开 关智能家居 APP手机远程控制  支持HomeKit小爱小度 小云 【零火开关】二开】单个商品浏览5秒领50金币
任务领取成功
完成任务：获得50金币

【黄油猫&CYCLOID鞋盒充电器手机充电头30w快充type-c充电口适用苹果13/12/11充电器 雾霭蓝充电器【单个装】】单个商品浏览5秒领50金币
任务领取成功
完成任务：获得50金币

【钛度幻动精灵Q1电脑音响户外露营蓝牙音箱低音炮台式机笔记本手机游戏网课收款扩音器律动灯RGB灯 蓝牙有线RGB版音箱】单个商品浏览5秒领50金币
任务领取成功
完成任务：获得50金币

【SONGX 蓝牙耳机无线3MIC混合ANC主动降噪耳机运动音乐耳机入耳式超长续航适用苹果华为小米vivo荣耀 静谧黑】单个商品浏览5秒领50金币
任务领取成功
完成任务：获得50金币

【玉泽防晒乳50ml清爽倍护面部防晒霜SPF42 温和养肤免卸妆隔离霜 敏感肌适用 男女士通用化妆品 】单个商品浏览5秒领50金币
任务领取成功
完成任务：获得50金币

【京东京造 600G净水器 家用净水机 直饮机 过滤器厨下式 5年RO反渗透滤芯 1.56L/min大流量 新一级水效】单个商品浏览5秒领50金币
任务领取成功
完成任务：获得50金币

【【新品】网易严选 糯糯奶盖懒人空调被夏凉被夏被子 A类抗菌超柔科技进击纤维 可水洗机洗开袋即用 烟暮紫粉 【夏被】150*200cm】单个商品浏览5秒领50金币
任务领取成功
完成任务：获得50金币

【JOY&DOGA ｜  生活玩家系列盲盒单盒】单个商品浏览5秒领50金币
任务领取成功
完成任务：获得50金币

【浏览并关注众筹频道】已完成

可以抽奖1次，去抽奖

很遗憾未中奖~

开始第5个活动：3

【关注布鲁可自营旗舰店】每关注1个店铺可得100新动值
完成任务：获得100金币

【关注王饱饱自营旗舰店】每关注1个店铺可得100新动值
完成任务：获得100金币

【关注可口可乐旗舰店】每关注1个店铺可得100新动值
完成任务：获得100金币

【关注三顿半自营旗舰店】每关注1个店铺可得100新动值
完成任务：获得100金币

【关注植益自营旗舰店】每关注1个店铺可得100新动值
完成任务：获得100金币

【关注瑞幸咖啡自营旗舰店】每关注1个店铺可得100新动值
完成任务：获得100金币

【关注黄天鹅自营旗舰店】每关注1个店铺可得100新动值
完成任务：获得100金币

【关注联合利华自营旗舰店】每关注1个店铺可得100新动值
完成任务：获得100金币

【关注拉面说自营旗舰店】每关注1个店铺可得100新动值
完成任务：获得100金币

【关注筷手小厨自营旗舰店】每关注1个店铺可得100新动值
完成任务：获得100金币

【奥妙除菌除螨洗衣液 3kg+400g*3+内衣洗衣液275ml*2送补充装洗衣液480G*5】每加购1个商品可得50新动值
助力成功：您的好友获得50金币

【小皮(LittleFreddie)高品质核桃油100ml 天然营养初榨食用油 欧洲原装进口 儿童/孕妇可用】每加购1个商品可得50新动值
助力成功：您的好友获得50金币

【吉列(Gillette)刮胡刀手动剃须刀手动 非吉利礼物男 布加迪跑车联名典藏款热感1刀架2刀头+充电底座+官方车模】每加购1个商品可得50新动值
助力成功：您的好友获得50金币

【看看追新PRO】每关注1个频道可得500新动值
完成任务：获得500金币

【看看京东超市】每关注1个频道可得500新动值
完成任务：获得500金币

【逛京东超市频道】每浏览1个会场6s可得100新动值
任务领取成功
完成任务：获得100金币

【京东账号1（jd_56ac883b2ee02）的3好友互助码】T0225KkcRRhIplzfI0j2waIKdgDjRXlq-7zx55awQ

可以抽奖5次，去抽奖

很遗憾未中奖~
很遗憾未中奖~
很遗憾未中奖~
很遗憾未中奖~
很遗憾未中奖~

*******开始【京东账号2】蓝闺q*********


开始第1个活动：吃货嘉年华

点击热区
完成任务：获得50金币

点击热区
完成任务：获得50金币

【潘祥记鲜花饼10枚500g礼盒装云南特产玫瑰饼糕点零食小吃大礼包】每加购一个商品得50吃货值
完成任务：获得50金币

【蔡林记 热干面酱包调味料包风味卤牛肉味酱包拌面酱拌饭酱调味酱料单包20g*20袋】每加购一个商品得50吃货值
完成任务：获得50金币

【康师傅方便面 泡面整箱装 【经典】藤椒牛肉面整箱24袋】每加购一个商品得50吃货值
完成任务：获得50金币

【黄老五 休闲零食糖果 黑芝麻花生酥糖188g*3袋 四川特产小吃 传统怀旧零食】每加购一个商品得50吃货值
完成任务：获得50金币

【【会员专享】良品铺子  芝士泡芙60g 奶油夹心饼干蛋糕脆皮泡芙球 芝士夹心泡芙饼干零食 芝士泡芙 60gx1盒】每加购一个商品得50吃货值
完成任务：获得50金币

【【500g*5袋】滇鹏云南小粒老黄冰糖块整箱装 调味冰糖雪梨多晶小粒冰糖块】每加购一个商品得50吃货值
完成任务：获得50金币

【认养一头牛 高端法式风味酸奶230g*10瓶整箱营养早餐酸奶 白桃燕麦10瓶装*2箱】每加购一个商品得50吃货值
完成任务：获得50金币

【老金磨方坊 黑芝麻丸男女即食芝麻球72g*4盒】每加购一个商品得50吃货值
完成任务：获得50金币

【零趣小圆饼整箱500g 办公室饼干点心休闲早餐小零食品年货 T 日式小圆饼整箱500g【约12包】】每加购一个商品得50吃货值
完成任务：获得50金币

【【宁化府旗舰店】山西特产宁化府益源庆老陈醋 手工五年陈酿500ml】每加购一个商品得50吃货值
完成任务：获得50金币

【李子柒 薯你弹酸辣粉 粉丝米线方便速食 袋装 252g*6袋】每加购一个商品得50吃货值
完成任务：获得50金币

【黄元帅粉面苹果黄元帅苹果 新鲜当季 带箱 黄元帅 5斤装】每加购一个商品得50吃货值
完成任务：获得50金币

【零趣香葱苏打饼整箱2000g 无蔗糖咸味办公室点心休闲小零食品速食充饥学生宿舍小吃薄饼干 香葱苏打饼干整箱2000g】每加购一个商品得50吃货值
完成任务：获得50金币

【蔡林记 脆萝卜辣萝卜腌制酱菜泡菜瓶装湖北特色下饭咸菜萝卜丁280g*3瓶装】每加购一个商品得50吃货值
完成任务：获得50金币

【宠艾 毛肚 230g 火锅食材 毛肚生鲜 内脏类生鲜 肚片四川涮火锅国产重庆火锅 1袋230g】每加购一个商品得50吃货值
完成任务：获得50金币

【【2022春茶上市】闽景印象正山高香小种红茶叶散装浓香型特级袋装武夷山桐木关新茶桐三号2袋共500g】每加购一个商品得50吃货值
完成任务失败：任务已完成

【DGI低GI无添加蔗糖孕妇粗粮全麦高纤维饼干魔芋饱腹代餐零食品 全麦麦香味180g】每加购一个商品得50吃货值
完成任务失败：任务已完成

【【鲁花直销】鲁花自然鲜酱香酱油1.28L*2    特级酱香  厨房调料 调味品】每加购一个商品得50吃货值
完成任务失败：任务已完成

【【杨超越同款】拍5件！周黑鸭锁鲜乐享麻辣新鲜卤味办公室休闲零食TK 经典口味：卤鸭翅160g】每加购一个商品得50吃货值
完成任务失败：任务已完成

【农道好物21天自律打卡纯豆浆粉黄豆黑豆豆浆无任何添加现磨原味营养早餐家用健身懒人孕妇老少适宜 纯黑豆豆浆粉】每加购一个商品得50吃货值
完成任务失败：任务已完成

【真巧 酱芯曲奇饼干 巧克力夹心饼干 350g整袋装(内装约35小包)】每加购一个商品得50吃货值
完成任务失败：任务已完成

【天源酱园 干黄酱350g*5包 干酱北京炸酱面酱 黄豆酱豆瓣酱炸酱辅料】每加购一个商品得50吃货值
完成任务失败：任务已完成

【伊利 无菌砖高钙低脂牛奶  低脂高钙脂肪减半儿童学生营养早餐搭档纯牛奶春节年货礼盒装 【4月】高钙低脂奶250ml*24盒】每加购一个商品得50吃货值
完成任务失败：任务已完成

【Amisade 黑巧克力 纯可可脂巧克力中国澳门品牌情人节礼盒休闲年货糖果办公室零食婚庆喜糖巧克力 72%黑巧克力】每加购一个商品得50吃货值
完成任务失败：任务已完成

【千丝绿豆饼整箱 办公室点心绿豆糕传统糕点休闲早餐中式糕点小零食品学生宿色小吃充饥速食宵夜】每加购一个商品得50吃货值
完成任务失败：任务已完成

【【2瓶装】古蜀味道 烧椒酱210g四川农家下饭菜手工椒辣椒酱自制超辣剁椒青椒酱拌饭酱厨房调味】每加购一个商品得50吃货值
完成任务失败：任务已完成

【伊利 高蛋白脱脂高钙奶粉450g中老年人男女士  学生青少年老人儿童 牛奶粉】每加购一个商品得50吃货值
完成任务失败：任务已完成

【山东菏泽纯手工高庄呛面馒头老面馒头早餐原味北方面食馍馍 高庄千层馒头【5斤30个】】每加购一个商品得50吃货值
完成任务失败：任务已完成

【【葡记香草鲜奶香蒸蛋糕1000g】2斤装整箱网红早餐糕点心代餐休闲零食品】每加购一个商品得50吃货值
完成任务失败：任务已完成

【巧媳妇小米醋桶纯酿造食醋调味炒菜凉拌饺子醋实惠酿造米醋凉拌调味纯酿米醋1.3L*2】每加购一个商品得50吃货值
完成任务失败：任务已完成

【【伊利旗舰店】伊利安慕希颗粒酸奶200g*10盒 礼盒装新老包装随机发货 芝士波波球】每加购一个商品得50吃货值
完成任务失败：任务已完成

【渣渣灰 南昌拌粉江西米粉米线正宗特产懒人方便速食食品早餐夜宵 南昌拌粉*6盒】每加购一个商品得50吃货值
完成任务失败：任务已完成

【雀巢脆脆鲨威化饼干24条盒装巧克力花生牛奶味饼干休闲零食品节日礼盒零食大礼包 巧克力味480g【24条新包装】】每加购一个商品得50吃货值
完成任务失败：任务已完成

【东湖牌保健醋 160ml\\瓶*12瓶套餐瓶装山西特产山西老陈醋养生送长辈】每加购一个商品得50吃货值
完成任务失败：任务已完成

【买两罐发三罐 综合什锦果蔬脆蔬菜干片净重500g*罐水果蔬菜干混合装秋葵香菇脱水即食健康孕妇休闲零食】每加购一个商品得50吃货值
完成任务失败：任务已完成

【【童年记长白山香瓜子500g*4】独立小包 五香味葵花籽 干果炒货年货 办公室宿舍煲剧小零食】每加购一个商品得50吃货值
完成任务失败：任务已完成

【【特仑苏旗舰店】特仑苏纯牛奶250mL×16包*2提组合装 早餐奶 易携带礼盒装 中秋春节送礼推荐】每加购一个商品得50吃货值
完成任务失败：任务已完成

【沙窝曙光 甘肃民勤人参果 5斤装 人生果  长圆果 孕妇宝宝 生鲜 新鲜黄肉水果 5斤装（净重4.5-5斤）】每加购一个商品得50吃货值
完成任务失败：任务已完成

【【300 减210】百草味 鸭肫115g 鲜卤鸭肫鸭肉特产零食 休闲小吃熟食卤味 真空小包装 MJ 五香味】每加购一个商品得50吃货值
完成任务失败：任务已完成

【今聚鲜大号国产翡翠青虾仁1000g 活剥去虾线 冷冻海鲜水产 生鲜】每加购一个商品得50吃货值
完成任务失败：任务已完成

【【买1贈1+碗勺】强健云混合水果麦片早餐食品 烘焙坚果燕麦片即食代餐营养谷物牛奶冲饮儿童酸奶果粒麦片 烘焙水果麦片+酸奶果粒麦片【共1000克】 1000克】每加购一个商品得50吃货值
完成任务失败：任务已完成

【推荐_【三只松鼠_量贩开心果500g/罐装】每日坚果零食干果炒货健康休闲零食原色孕妇食品 500g/罐装】每加购一个商品得50吃货值
完成任务失败：任务已完成

【大希地 牛腩 牛肉 国产冷冻牛肉块 500g】每加购一个商品得50吃货值
完成任务失败：任务已完成

【华牧鲜 加拿大进口AAA级原切雪花眼肉牛排套餐 厚切200g/份 谷饲安格斯牛肉冷冻生鲜 送礼礼袋 AAA级牛排6片装 1.2kg】每加购一个商品得50吃货值
完成任务失败：任务已完成

【我老家山林散养土鸡蛋现捡现发农家柴鸡蛋生鲜盒装箱装单枚40g±5g 10枚/盒装约400g】每加购一个商品得50吃货值
完成任务失败：任务已完成

【【300 减210】百草味 笑口板栗120g 休闲零食坚果特产 即食熟制甘栗 MJ】每加购一个商品得50吃货值
完成任务失败：任务已完成

【王饱饱 烘焙麦片 营养早餐 燕麦片 代餐食品 高纤维 非膨化 草莓优脆乳麦片400g】每加购一个商品得50吃货值
完成任务失败：任务已完成

【佰儒 特级 新茶金骏眉 红茶 茶叶武夷山春茶桐木关散装黄芽2022金俊眉罐子礼盒500g功夫红茶】每加购一个商品得50吃货值
完成任务失败：任务已完成

【荞麦面条低脂肪无糖精面条荞面条荞麦挂面杂粮面条挂面批发 山咔咔 0脂肪 荞麦面条2斤细面】每加购一个商品得50吃货值
完成任务失败：任务已完成

【【300 减210】百草味 泡椒凤爪160g 休闲零食特产香辣鸡肉野山椒鸡爪 MJ】每加购一个商品得50吃货值
完成任务失败：任务已完成

【独角兽厨房 全麦面包低脂切片面包欧包健身餐粗粮杂粮吐司早餐食品代餐面包2斤装整箱 全麦粉含量45%】每加购一个商品得50吃货值
完成任务失败：任务已完成

【【当季新米】柴火大院 五常有机大米5kg 东北大米10斤  稻花香2号】每加购一个商品得50吃货值
完成任务失败：任务已完成

【【特仑苏旗舰店】特仑苏牛奶 经典品质 纯牛奶利乐钻250ml*16盒】每加购一个商品得50吃货值
完成任务失败：任务已完成

【正大 鸡肉生鲜 健康轻食出口日本级品质 健身鸡胸肉健身餐 轻食代餐 琵琶腿500g*4袋 共4斤】每加购一个商品得50吃货值
完成任务失败：任务已完成

【大希地整切牛排牛肉 儿童牛排 生鲜西冷菲力牛排进口冷冻肉源整切调理10包（1200g） 西冷牛排*10包（即将售罄）】每加购一个商品得50吃货值
完成任务失败：任务已完成

【【京东农场】东北有机大米 黑龙江长粒香米 正宗东北香米 前进农场军稻香 京品源全程溯源 【真空装/5kg】】每加购一个商品得50吃货值
完成任务失败：任务已完成

【【店长推荐】回头客卡侬尼华夫饼2000g蛋糕点心营养早餐宵夜食品好吃小吃面包干休闲特产零食大礼包整箱 鸡蛋味2000g【约60枚】】每加购一个商品得50吃货值
完成任务失败：任务已完成

【云典纯黑咖啡速溶咖啡粉手冲美式苦咖啡无蔗糖云南小粒咖啡饮料减燃健身整箱批发 黑咖啡100g*2盒（100袋）】每加购一个商品得50吃货值
完成任务失败：任务已完成

【【绿色食品】欧亚高原全脂纯牛奶250g*16盒/箱早餐乳制品】每加购一个商品得50吃货值
完成任务失败：任务已完成

【【岐山天缘】酿造6度白醋约10斤  腌制果蔬  清洁 4.85L】每加购一个商品得50吃货值
完成任务失败：任务已完成

【鑫炳记红枣味太谷饼2100g整箱山西特产饼干蛋糕休闲食品早餐面包糕点点心】每加购一个商品得50吃货值
完成任务失败：任务已完成

【肉松海苔卷即紫菜夹心海苔卷休闲零食小吃儿童拌饭料 肉松味海苔卷100g/罐】每加购一个商品得50吃货值
完成任务失败：任务已完成

【王一博代言】伊利安慕希高端畅饮希腊风味酸奶早餐230g*10瓶整箱 【3月】高端原味230g*10瓶】每加购一个商品得50吃货值
完成任务失败：任务已完成

【【宁化府旗舰店】宁化府 益源庆 山西特产老陈醋 酿造食醋 实惠桶装 桌上瓶160ml】每加购一个商品得50吃货值
完成任务失败：任务已完成

【Aji 零食饼干 惊奇脆片饼干6种口味可选 蔬菜味200g/包】每加购一个商品得50吃货值
完成任务失败：任务已完成

【东鹏特饮维生素功能饮料 500ml*15瓶】每加购一个商品得50吃货值
完成任务失败：任务已完成

【【憨豆熊】红皮花生米500g生新货5斤装新鲜农家晒干散装不带壳 1000g】每加购一个商品得50吃货值
完成任务失败：任务已完成

【【买1贈1+碗勺】美味地带奇亚籽酸奶果粒燕麦片混合坚果水果麦片 即食麦片早餐食品营养冲饮谷物代餐零食 酸奶水果麦片+烘焙水果麦片【1000g+贈碗勺】】每加购一个商品得50吃货值
完成任务失败：任务已完成

【达利园 蛋黄派草莓派巧克力派组合800g注心蛋糕早餐点心零食大礼包 3袋口味混合装（800g）】每加购一个商品得50吃货值
完成任务失败：任务已完成

【零趣乳酪布丁整箱 果冻办公室休闲点心每日小吃学生宿舍小零食品【每】 乳酪布丁500g】每加购一个商品得50吃货值
完成任务失败：任务已完成

【芮瑞 农家散养新鲜现捡鸡蛋笨鸡蛋谷物柴鸡蛋初生蛋 20枚装】每加购一个商品得50吃货值
完成任务失败：任务已完成

【【冠云官方 】平遥牛肉 山西特产 中华老字号平遥牛肉 熟食休闲零食小装(258gX2袋)516g原味】每加购一个商品得50吃货值
完成任务失败：任务已完成

【【99-20】回头客枣泥蛋糕1050g礼盒红枣泥蛋糕西式鸡蛋糕点心好吃早餐小面包休闲特产零食礼包整箱】每加购一个商品得50吃货值
完成任务失败：任务已完成

【益达（Extra）口香糖益达木糖醇无糖口香糖 【热门6瓶】热门6口味组合】每加购一个商品得50吃货值
完成任务失败：任务已完成

【【2022年明前特级新茶】龙井茶杭州明前春茶正宗豆香绿茶250g礼盒装豆香龙井散装醉茗山茶叶罐装】每加购一个商品得50吃货值
完成任务失败：任务已完成

【秭归伦晚橙子脐橙手剥橙薄皮 当季时令新鲜水果 生鲜孕妇礼盒（现摘现发） （甄选）果径75mm以上 9斤大果精品装】每加购一个商品得50吃货值
完成任务失败：任务已完成

【知味观 绿茶酥 杭州特产糕点龙井酥 传统老字号 茶点心零食】每加购一个商品得50吃货值
完成任务失败：任务已完成

【好人家 手工麻辣牛油火锅底料900g 重庆麻辣老火锅底料 聚餐送礼】每加购一个商品得50吃货值
完成任务失败：任务已完成

【德青源鲜鸡蛋 无抗生素无激素 营养早餐 农场鲜供 舌尖攻略谷饲40枚1.72kg】每加购一个商品得50吃货值
完成任务失败：任务已完成

【嗨吃客自热米饭265g*5盒懒人方便户外速食自热煲仔饭户外方便米饭盒饭 辣子鸡1盒+椒香牛肉2盒+土豆牛肉1盒+酱肉丝1盒】每加购一个商品得50吃货值
完成任务失败：任务已完成

【健元堂 多口味红豆薏米粗粮代餐饼干饱腹450G无糖精健身低五谷杂粮卡脂热老人压缩干粮食品 红豆薏米燕麦饼】每加购一个商品得50吃货值
完成任务失败：任务已完成

【鹃城牌不含添加剂防腐剂豆瓣酱正宗郫县豆瓣特级豆瓣1000g精编竹笼酱香醇厚中华老字号黑豆瓣手工制作】每加购一个商品得50吃货值
完成任务失败：任务已完成

【Lindt进口瑞士莲黑巧克力可可软心巧克力球喜糖礼盒lindor瑞士莲巧克力夹心牛奶巧克力礼物送女友 瑞士莲黑巧混装600g】每加购一个商品得50吃货值
完成任务失败：任务已完成

【川豫情 川陕风味红油面皮 非油炸擀面皮方便面速食拌面凉皮 红油面皮105g*5袋】每加购一个商品得50吃货值
完成任务失败：任务已完成

【DGI低GI无糖精黑麦代餐全麦面包粗粮健身食品休闲零食懒人速食饱腹面包吐司早餐 全麦味 700g】每加购一个商品得50吃货值
完成任务失败：任务已完成

【【宁化府旗舰店】山西特产老陈醋宁化府益源庆2.4L+手工六年1.25L组合】每加购一个商品得50吃货值
完成任务失败：任务已完成

【【顺丰速发】言片光 临安天目山小香薯 红薯地瓜2.5kg一箱 新鲜蔬菜 5斤装（净重4.8斤）【严选中果】】每加购一个商品得50吃货值
完成任务失败：任务已完成

【陈村过桥米线米粉丝20袋整箱装非油炸速食免煮酸辣过挢米线泡面宵夜 【10袋】香菇鸡3+红烧牛肉3+酸辣牛肉2+猪骨2】每加购一个商品得50吃货值
完成任务失败：任务已完成

【老旮桃酥老式饼干传统糕点整箱零食小吃休闲食品独立小包装 桃酥【2500g】】每加购一个商品得50吃货值
完成任务失败：任务已完成

【太太乐 三鲜鸡精 调味料鸡精大袋调料 厨房调味调料 500g*2袋】每加购一个商品得50吃货值
完成任务失败：任务已完成

【美国进口BRAGG苹果醋原浆减无糖水果醋浓缩饮料轻食调味料健身饮品肥生酮食品苹果醋 946ml】每加购一个商品得50吃货值
完成任务失败：任务已完成

【安佳黄油20盒 煎牛排黄油小包装 动物黄油 烘焙黄油140g 20盒】每加购一个商品得50吃货值
完成任务失败：任务已完成

【千丝肉松饼 办公室点心休闲早餐糕点小零食品年货【超】 肉松饼整箱500g】每加购一个商品得50吃货值
完成任务失败：任务已完成

【千禾 料酒 五香料酒 炒菜去腥 500ml-1瓶】每加购一个商品得50吃货值
完成任务失败：任务已完成

【统一汤达人日式豚骨方便面五连包袋装泡面懒人速食食品 日式豚骨面五连包】每加购一个商品得50吃货值
完成任务失败：任务已完成

【【第2罐5折】艺佰奇亚籽 奇雅子 齐亚子 熟制免洗奇亚子饱腹代餐可搭配 燕麦片即食酸奶水果代餐谷物 奇亚籽配量勺450克】每加购一个商品得50吃货值
完成任务失败：任务已完成

【其妙红豆夹心手撕面包整箱早餐面包充饥零食 下午茶小吃休闲食品 千层酥面包【500g】】每加购一个商品得50吃货值
完成任务失败：任务已完成

【姜老大 海盐海盐黑胡椒混合调料研磨130g 2瓶组合健身西餐牛排鸡胸肉水煮菜调料】每加购一个商品得50吃货值
完成任务失败：任务已完成

【五芳斋 年货八宝饭过年特产甜点速食方便米饭糯米饭 白糯豆沙2盒+紫糯豆沙1盒共1170克（店长推荐）】每加购一个商品得50吃货值
完成任务失败：任务已完成

【蒙牛 纯牛奶 PURE MILK  整箱装 乳制品 （新老包装随机发货） 纯牛奶250mL*16盒/箱】每加购一个商品得50吃货值
完成任务失败：任务已完成

【浏览休闲零食会场】每浏览一个会场4S得100吃货值
助力失败：任务领取成功

助力成功：您的好友获得100金币

【浏览良品铺子美食会场】每浏览一个会场4S得100吃货值
助力失败：任务领取成功

助力成功：您的好友获得100金币

【浏览端午会场】每浏览一个会场4S得100吃货值
助力失败：任务领取成功

助力成功：您的好友获得100金币

【浏览樱桃商品会场】每浏览一个会场4S得100吃货值
助力失败：任务领取成功

助力成功：您的好友获得100金币

【浏览食品饮料生鲜吃货节会场】每浏览一个会场4S得100吃货值
助力失败：任务领取成功

助力成功：您的好友获得100金币

【浏览华祥苑茗茶会场】每浏览一个会场4S得100吃货值
助力失败：任务领取成功

助力成功：您的好友获得100金币

【浏览百草味美食会场】每浏览一个会场4S得100吃货值
助力失败：任务领取成功

助力成功：您的好友获得100金币

【浏览潮流趋势会场】每浏览一个会场4S得100吃货值
助力失败：任务领取成功

助力成功：您的好友获得100金币

【浏览粮油米面速食会场】每浏览一个会场4S得100吃货值
助力失败：任务领取成功

助力成功：您的好友获得100金币

【浏览伊利牛奶会场】每浏览一个会场4S得100吃货值
助力失败：任务领取成功

助力成功：您的好友获得100金币

【京东账号2（jd_72476e50d1b0e）的吃货嘉年华好友互助码】T0225KkcRxwd8lKCJRqglaUKIQCjBVlqWU5jYjeQOc

签到
完成任务：获得100金币

可以抽奖3次，去抽奖

抽中：1京豆
抽中：1京豆
抽中：1京豆

开始第2个活动：PLUS生活特权

【领肯德基9.9元下午茶】浏览6s并领取权益可获得200金币
助力失败：任务领取成功

助力成功：您的好友获得200金币

【领半价小皇堡4件套】浏览6s并领取权益可获得200金币
任务领取成功
完成任务：获得200金币

【办银行卡得PLUS会员】浏览6s并领取权益可获得200金币
任务领取成功
完成任务：获得200金币

【领免费吃喝玩乐福利】浏览6s并领取权益可获得200金币
任务领取成功
完成任务：获得200金币

签到
签到成功：获得200金币

可以抽奖5次，去抽奖

很遗憾未中奖~
很遗憾未中奖~
很遗憾未中奖~
很遗憾未中奖~
很遗憾未中奖~

开始第3个活动：1

【爆款美食5.17元抢】浏览1个会场6s得1次抽奖机会
助力失败：任务领取成功

助力成功：您的好友获得1金币

【暴龙品牌日专场】浏览1个会场6s得1次抽奖机会
助力失败：任务领取成功

助力成功：您的好友获得1金币

【浏览并关注闪购频道】浏览并关注1个频道得1次抽奖机会
完成任务：获得1金币

【浏览并关注众筹频道】浏览并关注1个频道得1次抽奖机会
完成任务：获得1金币

【宠汪汪】浏览并关注1个频道得1次抽奖机会
完成任务失败：任务已完成

【乔丹官方旗舰篮球鞋魔术贴运动鞋男鞋防滑耐磨篮球鞋2022年春季新款男士高帮球鞋男 乔丹白/邦尼蓝 44】浏览1个商品6s得1次抽奖机会
任务领取成功
完成任务：获得1金币

【LeeCooper 重磅纯棉短袖t恤男夏季青少年宽松男士休闲胖子加肥大码情侣半袖体恤衫潮流上衣服男装 黑色 S码】浏览1个商品6s得1次抽奖机会
任务领取成功
完成任务：获得1金币

【京东账号2（jd_72476e50d1b0e）的1好友互助码】T0225KkcRxwd8lKCJRqglaUKIQCjVQmoaT5kRrbA

可以抽奖6次，去抽奖

很遗憾未中奖~
很遗憾未中奖~
抽中：1京豆
很遗憾未中奖~
很遗憾未中奖~
很遗憾未中奖~

开始第4个活动：2

【浏览众筹频道】浏览10秒得200金币
任务领取成功
完成任务：获得200金币

【京东京造官方自营旗舰店】浏览并关注店铺领50金币
完成任务：获得50金币

【网易严选官方旗舰店】浏览并关注店铺领50金币
完成任务：获得50金币

【ROAMAN罗曼个人护理旗舰店】浏览并关注店铺领50金币
完成任务：获得50金币

【SONGX京东自营旗舰店】浏览并关注店铺领50金币
完成任务：获得50金币

【黄油猫官方旗舰店】浏览并关注店铺领50金币
完成任务：获得50金币

【玉泽京东自营旗舰店】浏览并关注店铺领50金币
完成任务失败：任务已完成

【SONGX 蓝牙耳机无线3MIC混合ANC主动降噪耳机运动音乐耳机入耳式超长续航适用苹果华为小米vivo荣耀 静谧黑】单个商品浏览5秒领50金币
任务领取成功
完成任务：获得50金币

【玉泽防晒乳50ml清爽倍护面部防晒霜SPF42 温和养肤免卸妆隔离霜 敏感肌适用 男女士通用化妆品 】单个商品浏览5秒领50金币
任务领取成功
完成任务：获得50金币

【京东京造 600G净水器 家用净水机 直饮机 过滤器厨下式 5年RO反渗透滤芯 1.56L/min大流量 新一级水效】单个商品浏览5秒领50金币
任务领取成功
完成任务：获得50金币

【【新品】网易严选 糯糯奶盖懒人空调被夏凉被夏被子 A类抗菌超柔科技进击纤维 可水洗机洗开袋即用 烟暮紫粉 【夏被】150*200cm】单个商品浏览5秒领50金币
任务领取成功
完成任务：获得50金币

【JOY&DOGA ｜  生活玩家系列盲盒单盒】单个商品浏览5秒领50金币
任务领取成功
完成任务：获得50金币

【海南新鲜荔枝 火山荔枝王 荔枝礼盒 当季新鲜水果 5斤装【净重4.5斤 8-10个/斤】】单个商品浏览5秒领50金币
任务领取成功
完成任务：获得50金币

【LifeSmatr云起 智能开 关智能家居 APP手机远程控制  支持HomeKit小爱小度 小云 【零火开关】二开】单个商品浏览5秒领50金币
任务领取成功
完成任务：获得50金币

【黄油猫&CYCLOID鞋盒充电器手机充电头30w快充type-c充电口适用苹果13/12/11充电器 雾霭蓝充电器【单个装】】单个商品浏览5秒领50金币
任务领取成功
完成任务：获得50金币

【浏览并关注众筹频道】已完成

可以抽奖2次，去抽奖

很遗憾未中奖~
很遗憾未中奖~

开始第5个活动：3

【关注可口可乐旗舰店】每关注1个店铺可得100新动值
完成任务：获得100金币

【关注三顿半自营旗舰店】每关注1个店铺可得100新动值
完成任务：获得100金币

【关注植益自营旗舰店】每关注1个店铺可得100新动值
完成任务：获得100金币

【关注瑞幸咖啡自营旗舰店】每关注1个店铺可得100新动值
完成任务：获得100金币

【关注黄天鹅自营旗舰店】每关注1个店铺可得100新动值
完成任务：获得100金币

【关注联合利华自营旗舰店】每关注1个店铺可得100新动值
完成任务：获得100金币

【关注拉面说自营旗舰店】每关注1个店铺可得100新动值
完成任务：获得100金币

【关注筷手小厨自营旗舰店】每关注1个店铺可得100新动值
完成任务：获得100金币

【关注布鲁可自营旗舰店】每关注1个店铺可得100新动值
完成任务：获得100金币

【关注王饱饱自营旗舰店】每关注1个店铺可得100新动值
完成任务：获得100金币

【奥妙除菌除螨洗衣液 3kg+400g*3+内衣洗衣液275ml*2送补充装洗衣液480G*5】每加购1个商品可得50新动值
助力成功：您的好友获得50金币

【小皮(LittleFreddie)高品质核桃油100ml 天然营养初榨食用油 欧洲原装进口 儿童/孕妇可用】每加购1个商品可得50新动值
助力成功：您的好友获得50金币

【吉列(Gillette)刮胡刀手动剃须刀手动 非吉利礼物男 布加迪跑车联名典藏款热感1刀架2刀头+充电底座+官方车模】每加购1个商品可得50新动值
助力成功：您的好友获得50金币

【看看追新PRO】每关注1个频道可得500新动值
完成任务：获得500金币

【看看京东超市】每关注1个频道可得500新动值
完成任务：获得500金币

【逛京东超市频道】每浏览1个会场6s可得100新动值
任务领取成功
完成任务：获得100金币

【京东账号2（jd_72476e50d1b0e）的3好友互助码】T0225KkcRxwd8lKCJRqglaUKIQDjRXlq-7zx55awQ

可以抽奖5次，去抽奖

很遗憾未中奖~
很遗憾未中奖~
很遗憾未中奖~
很遗憾未中奖~
很遗憾未中奖~
开始内部助力

开始助力第1个活动：吃货嘉年华

jd_56ac883b2ee02 去助力 jd_56ac883b2ee02 的助力码 T0225KkcRRhIplzfI0j2waIKdgCjBVlqWU5jYjeQOc
不能助力自己

jd_56ac883b2ee02 去助力 jd_72476e50d1b0e 的助力码 T0225KkcRxwd8lKCJRqglaUKIQCjBVlqWU5jYjeQOc
完成任务：获得200金币

开始助力第2个活动：PLUS生活特权

开始助力第3个活动：1

jd_56ac883b2ee02 去助力 jd_56ac883b2ee02 的助力码 T0225KkcRRhIplzfI0j2waIKdgCjVQmoaT5kRrbA
不能助力自己

jd_56ac883b2ee02 去助力 jd_72476e50d1b0e 的助力码 T0225KkcRxwd8lKCJRqglaUKIQCjVQmoaT5kRrbA
完成任务：获得1金币

开始助力第4个活动：2

开始助力第5个活动：3

jd_56ac883b2ee02 去助力 jd_56ac883b2ee02 的助力码 T0225KkcRRhIplzfI0j2waIKdgDjRXlq-7zx55awQ
不能助力自己

jd_56ac883b2ee02 去助力 jd_72476e50d1b0e 的助力码 T0225KkcRxwd8lKCJRqglaUKIQDjRXlq-7zx55awQ
完成任务：获得300金币

开始内部助力

开始助力第1个活动：吃货嘉年华

jd_72476e50d1b0e 去助力 jd_56ac883b2ee02 的助力码 T0225KkcRRhIplzfI0j2waIKdgCjBVlqWU5jYjeQOc
完成任务：获得200金币

jd_72476e50d1b0e 去助力 jd_72476e50d1b0e 的助力码 T0225KkcRxwd8lKCJRqglaUKIQCjBVlqWU5jYjeQOc
不能助力自己

开始助力第2个活动：PLUS生活特权

开始助力第3个活动：1

jd_72476e50d1b0e 去助力 jd_56ac883b2ee02 的助力码 T0225KkcRRhIplzfI0j2waIKdgCjVQmoaT5kRrbA
完成任务：获得1金币

jd_72476e50d1b0e 去助力 jd_72476e50d1b0e 的助力码 T0225KkcRxwd8lKCJRqglaUKIQCjVQmoaT5kRrbA
不能助力自己

开始助力第4个活动：2

开始助力第5个活动：3

jd_72476e50d1b0e 去助力 jd_56ac883b2ee02 的助力码 T0225KkcRRhIplzfI0j2waIKdgDjRXlq-7zx55awQ
完成任务：获得300金币

jd_72476e50d1b0e 去助力 jd_72476e50d1b0e 的助力码 T0225KkcRxwd8lKCJRqglaUKIQDjRXlq-7zx55awQ
不能助力自己


🔔众筹许愿池, 结束! 🕛 467.863 秒


## 执行结束... 2022-05-11 00:50:22 耗时 468 秒
