## 开始执行... 2022-05-07 19:44:44


🔔众筹许愿池, 开始!

====================共2个京东账号Cookie=================

============脚本执行时间：2022/5/7 19:44:44=============

>>>>>>>>>>>>>>6Dylan6 提示：任务正常运行中>>>>>>>>>>>>>>>


*******开始【京东账号1】Wang_Happy_*********


开始第1个活动：吃货嘉年华

点击热区
完成任务：获得50金币

点击热区
完成任务：获得50金币

【天地壹号 苹果醋饮料330ml*15罐电商版2箱 苹果汁醋饮料清爽解腻】每加购一个商品得50吃货值
完成任务：获得50金币

【【特仑苏旗舰店】特仑苏纯牛奶250mL×16包*2提组合装 早餐奶 易携带礼盒装 中秋春节送礼推荐】每加购一个商品得50吃货值
完成任务：获得50金币

【沙窝曙光 甘肃民勤人参果 5斤装 人生果  长圆果 孕妇宝宝 生鲜 新鲜黄肉水果 5斤装（净重4.5-5斤）】每加购一个商品得50吃货值
完成任务：获得50金币

【【300 减210】百草味 鸭肫115g 鲜卤鸭肫鸭肉特产零食 休闲小吃熟食卤味 真空小包装 MJ 五香味】每加购一个商品得50吃货值
完成任务：获得50金币

【今聚鲜大号国产翡翠青虾仁1000g 活剥去虾线 冷冻海鲜水产 生鲜】每加购一个商品得50吃货值
完成任务：获得50金币

【【买1贈1+碗勺】强健云混合水果麦片早餐食品 烘焙坚果燕麦片即食代餐营养谷物牛奶冲饮儿童酸奶果粒麦片 烘焙水果麦片+酸奶果粒麦片【共1000克】 1000克】每加购一个商品得50吃货值
完成任务：获得50金币

【推荐_【三只松鼠_量贩开心果500g/罐装】每日坚果零食干果炒货健康休闲零食原色孕妇食品 500g/罐装】每加购一个商品得50吃货值
完成任务：获得50金币

【大希地 牛腩牛肉生鲜 国产生鲜冷冻牛肉块 500g】每加购一个商品得50吃货值
完成任务：获得50金币

【华牧鲜 加拿大进口AAA级原切雪花眼肉牛排套餐 厚切200g/份 谷饲安格斯牛肉冷冻生鲜 送礼礼袋 AAA级牛排6片装 1.2kg】每加购一个商品得50吃货值
完成任务：获得50金币

【我老家山林散养土鸡蛋现捡现发农家柴鸡蛋生鲜盒装箱装单枚40g±5g 10枚/盒装约400g】每加购一个商品得50吃货值
完成任务：获得50金币

【【300 减210】百草味 笑口板栗120g 休闲零食坚果特产 即食熟制甘栗 MJ】每加购一个商品得50吃货值
完成任务：获得50金币

【王饱饱 烘焙麦片 营养早餐 燕麦片 代餐食品 高纤维 非膨化 草莓优脆乳麦片400g】每加购一个商品得50吃货值
完成任务：获得50金币

【佰儒 特级 新茶金骏眉 红茶 茶叶武夷山春茶桐木关散装黄芽2022金俊眉罐子礼盒500g功夫红茶】每加购一个商品得50吃货值
完成任务：获得50金币

【荞麦面条低脂肪无糖精面条荞面条荞麦挂面杂粮面条挂面批发 山咔咔 0脂肪 荞麦面条2斤细面】每加购一个商品得50吃货值
完成任务：获得50金币

【【300 减210】百草味 泡椒凤爪160g 休闲零食特产香辣鸡肉野山椒鸡爪 MJ】每加购一个商品得50吃货值
完成任务：获得50金币

【独角兽厨房 全麦面包低脂切片面包欧包健身餐粗粮杂粮吐司早餐食品代餐面包2斤装整箱 全麦粉含量45%】每加购一个商品得50吃货值
完成任务失败：任务已完成

【【当季新米】柴火大院 五常有机大米5kg 东北大米10斤  稻花香2号】每加购一个商品得50吃货值
完成任务失败：任务已完成

【【特仑苏旗舰店】特仑苏牛奶 经典品质 纯牛奶利乐钻250ml*16盒】每加购一个商品得50吃货值
完成任务失败：任务已完成

【正大 鸡肉生鲜 健康轻食出口日本级品质 健身鸡胸肉健身餐 轻食代餐 琵琶腿500g*4袋 共4斤】每加购一个商品得50吃货值
完成任务失败：任务已完成

【大希地整切牛排牛肉 儿童牛排 生鲜西冷菲力牛排进口冷冻肉源整切调理10包（1200g） 西冷牛排*10包（即将售罄）】每加购一个商品得50吃货值
完成任务失败：任务已完成

【【京东农场】东北有机大米 黑龙江长粒香米 正宗东北香米 前进农场军稻香 京品源全程溯源 【真空装/5kg】】每加购一个商品得50吃货值
完成任务失败：任务已完成

【娃哈哈 AD钙奶整箱大瓶装哇哈哈ad含乳牛奶乳酸菌酸奶营养早餐饮品果味饮料儿童礼物 【4瓶】220ml*4瓶】每加购一个商品得50吃货值
完成任务失败：任务已完成

【四川特产 超干耗牛肉干 手撕风干牛肉干西藏正宗牛肉干五香麻辣休闲零食熟食肉干 香辣送麻辣】每加购一个商品得50吃货值
完成任务失败：任务已完成

【刺猬阿甘 网红小米锅巴12小包\/袋 办公室休闲膨化零食爽口麻辣小吃 186g*3袋】每加购一个商品得50吃货值
完成任务失败：任务已完成

【娃哈哈AD钙奶220g*4大瓶装饮料哇哈哈儿童含乳牛奶营养早餐】每加购一个商品得50吃货值
完成任务失败：任务已完成

【艾美Emmi 瑞士原装进口全脂纯牛奶学生儿童高钙纯牛奶早餐奶 全脂纯牛奶250ml*18盒】每加购一个商品得50吃货值
完成任务失败：任务已完成

【珍妮星座曲奇礼盒 小熊软曲奇饼干 休闲零食 手工食品礼盒 奶油咖啡双花640g大盒】每加购一个商品得50吃货值
完成任务失败：任务已完成

【【2提装】认养一头牛 全脂纯牛奶 250ml*12盒*2提自营儿童学生成人营养早餐纯奶整箱 两提装】每加购一个商品得50吃货值
完成任务失败：任务已完成

【黄老五 休闲零食花生酥218g 四川特产小吃 办公室下午茶零食 送礼零食 椒盐味218g】每加购一个商品得50吃货值
完成任务失败：任务已完成

【【神券300 减210】盼盼 小卷包1050g 早餐小面包西式休闲零食代餐夹心软面包整箱】每加购一个商品得50吃货值
完成任务失败：任务已完成

【寻味君 广西红心芭乐 5斤 简装 番石榴 新鲜水果生鲜健康轻食】每加购一个商品得50吃货值
完成任务失败：任务已完成

【旺旺大礼包918g 零食大礼盒巨型超大礼品团购 仙贝雪饼牛奶糖小小酥多种礼包 元旦年货年会员工福利 旺旺大礼包918g(礼绳装)】每加购一个商品得50吃货值
完成任务失败：任务已完成

【【满199 减130】煌上煌酱鸭节日礼盒装450克卤味酱板鸭肉干鸭肉零食大礼包送人 熟食团购年货礼盒 香辣味 酱鸭】每加购一个商品得50吃货值
完成任务失败：任务已完成

【珍妮星座曲奇 小熊曲奇饼干 手工黄油早餐 休闲零食网红小吃 节日送礼 经典四味320g】每加购一个商品得50吃货值
完成任务失败：任务已完成

【旺旺旺仔碎冰冰78ml*80支碎碎冰棒棒冰吸吸冰综合果味饮料怀旧零食品大礼包  共80根 混合口味】每加购一个商品得50吃货值
完成任务失败：任务已完成

【内蒙古风干牛肉干500g手撕牛肉休闲零食特产 【原味500g】送【香辣500g】】每加购一个商品得50吃货值
完成任务失败：任务已完成

【乱劈才正宗酸辣粉248g*10袋可泡可煮麻辣味酸辣粉速食方便粉丝】每加购一个商品得50吃货值
完成任务失败：任务已完成

【德质（Volksmilch）德国进口牛奶全脂纯牛奶490ml*9瓶成人儿童奶早餐高钙奶咖啡伴侣】每加购一个商品得50吃货值
完成任务失败：任务已完成

【马来西亚进口槟城咖啡树白咖啡三合一速溶咖啡粉15小包600g*2袋】每加购一个商品得50吃货值
完成任务失败：任务已完成

【阿宽红油面皮 四川铺盖面非油炸方便面袋装 方便速食干拌泡面 麻辣味 10袋装】每加购一个商品得50吃货值
完成任务失败：任务已完成

【德亚德国原装进口纯牛奶学生成人营养高钙早餐奶200ml*24盒整箱装 【3.3g蛋白质】全脂200ml*24盒】每加购一个商品得50吃货值
完成任务失败：任务已完成

【【绿色食品】欧亚高原全脂纯牛奶250g*16盒*2箱乳制品】每加购一个商品得50吃货值
完成任务失败：任务已完成

【玩铁猩猩 即食牛肉 酱牛肉 健身牛肉即食 牛腱子  卤牛肉 熟食代餐网红零食轻食代餐健身餐 5袋牛腱肉】每加购一个商品得50吃货值
完成任务失败：任务已完成

【姜老大 黑蒜 网红独头黑蒜 黑大蒜 黑蒜头 500g】每加购一个商品得50吃货值
完成任务失败：任务已完成

【【蒙牛旗舰店】蒙牛 特仑苏 低脂牛奶 250mL×12盒  优质蛋白质】每加购一个商品得50吃货值
完成任务失败：任务已完成

【【特浓黑咖啡】猫尚村黑咖啡无蔗糖速溶燃特浓美式原味纯苦云南精品速溶咖啡粉40袋盒装】每加购一个商品得50吃货值
完成任务失败：任务已完成

【知味观 中华老字号  原味桂花龙井茶蔓越莓绿豆糕4盒装 下午茶休闲零食点心】每加购一个商品得50吃货值
完成任务失败：任务已完成

【小西牛高原牧场奶源纯牛奶 营养早餐纯牛奶托伦宝利乐枕220g*16袋整箱装】每加购一个商品得50吃货值
完成任务失败：任务已完成

【【神券300 减210】盼盼 零食大礼包250g 艾比利薯片35g*6 鸡味块8g*5 膨化零食250g（口味随机）】每加购一个商品得50吃货值
完成任务失败：任务已完成

【可瑞纳咖啡（CARANA COFFEE）阿拉比卡咖啡豆 纯黑咖啡新鲜烘焙可磨咖啡 454g 蓝山 454g】每加购一个商品得50吃货值
完成任务失败：任务已完成

【桂发祥十八街什锦大麻花850g 天津特产酥脆18街传统糕点礼盒装 中秋佳节年货节日送礼品礼物休闲零食 什锦麻花礼盒 850g（配礼袋）】每加购一个商品得50吃货值
完成任务失败：任务已完成

【童胖子酱板鸭湖南常德特产香辣手撕鸭整只板鸭即食卤味熟食休闲零食鸭肉小吃260g 加辣】每加购一个商品得50吃货值
完成任务失败：任务已完成

【【4斤】中膳堂燕麦桃酥无糖精食品糖尿病人适量年货礼盒粗粮代餐饼干孕妇零食早餐中老年人杂粮整箱 桃酥2000g】每加购一个商品得50吃货值
完成任务失败：任务已完成

【天地壹号 苹果醋饮料330ml×15罐 纤细版苹果汁气泡醋饮 四箱电商版+6罐铂金版】每加购一个商品得50吃货值
完成任务失败：任务已完成

【萨啦咪年货礼盒一整箱送女友 即食肉类鸭舌鸭脖鸡腿鸡翅鸭掌卤蛋等小吃节庆节礼盒 原味+香辣混合礼盒装】每加购一个商品得50吃货值
完成任务失败：任务已完成

【欢乐家黄桃罐头256g*6罐  糖水水果黄桃休闲零食品 特色小吃新鲜日期 整箱】每加购一个商品得50吃货值
完成任务失败：任务已完成

【【神券300 减210】盼盼正宗生榨椰汁植物蛋白饮料于小雨代言新鲜整箱进口椰奶500ml*2瓶】每加购一个商品得50吃货值
完成任务失败：任务已完成

【雀醇 咖啡豆 苏门答腊黄金曼特宁咖啡豆 G1半水洗 进口纯黑咖啡豆研磨咖啡227g 227g】每加购一个商品得50吃货值
完成任务失败：任务已完成

【【当季新米】南纳香 泰国香米10kg公斤 进口大米 20二十斤装 泰米 清香 蒸炒饭粥猫牙米形 送礼】每加购一个商品得50吃货值
完成任务失败：任务已完成

【上海梅林罐头经典午餐肉170g猪肉5罐】每加购一个商品得50吃货值
完成任务失败：任务已完成

【蒙牛 纯牛奶 PURE MILK  整箱装 乳制品 （新老包装随机发货） 纯牛奶250mL*16盒/箱】每加购一个商品得50吃货值
完成任务失败：任务已完成

【黄金香 无添加剂高端肉松100g*2罐 猪肉松  特产年货适合孕妇老人儿童休闲配粥佐餐零食 猪肉松100g*2罐 （口感入口即化）】每加购一个商品得50吃货值
完成任务失败：任务已完成

【口口香休闲零食大礼包一整箱送女友肉干肉脯酱鸭脖小鱼仔麻辣小吃 加油鸭】每加购一个商品得50吃货值
完成任务失败：任务已完成

【麦趣尔 新疆全脂纯牛奶200ml*20盒/箱营养早餐纯牛奶整箱 原味 家庭量贩装 两箱】每加购一个商品得50吃货值
完成任务失败：任务已完成

【升元 小麦荞麦冷面东北朝鲜风味冷面带汤料565克*6袋 荞麦6袋】每加购一个商品得50吃货值
完成任务失败：任务已完成

【【店长推荐】回头客卡侬尼华夫饼2000g蛋糕点心营养早餐宵夜食品好吃小吃面包干休闲特产零食大礼包整箱 鸡蛋味2000g【约60枚】】每加购一个商品得50吃货值
完成任务失败：任务已完成

【天润（terun）【旗舰店】新疆天润浓缩纯牛奶整箱 常温早餐全脂牛奶盒装 125g*20盒】每加购一个商品得50吃货值
完成任务失败：任务已完成

【整箱83包网红零食大礼包一整箱送女友男生日礼物情人节送礼彩盒好吃的休闲食品春节过年货混装麻辣小吃套餐】每加购一个商品得50吃货值
完成任务失败：任务已完成

【轩妈蛋黄酥大礼包990g精美礼盒糕点休闲零食大礼包糕点点心 大礼包990g】每加购一个商品得50吃货值
完成任务失败：任务已完成

【易烊千玺同款】雀巢咖啡1+2原味100条三合一3合1速溶咖啡粉饮料1500g袋装】每加购一个商品得50吃货值
完成任务失败：任务已完成

【中华老字号双钱牌龟苓膏原味250g*12罐整箱礼盒广西梧州特产果冻布丁即食龟苓膏休闲零食】每加购一个商品得50吃货值
完成任务失败：任务已完成

【内蒙古风干牛肉干500g*2包1斤装手撕牛肉干零食小吃真空散装特产  原味500g+孜然味500g】每加购一个商品得50吃货值
完成任务失败：任务已完成

【北冰洋 汽水老北京玻璃瓶果汁碳酸饮料 橙汁+桔汁组合 248ml*12瓶 整箱】每加购一个商品得50吃货值
完成任务失败：任务已完成

【轩妈家蛋黄酥蛋糕咸鸭蛋黄红豆味网红零食雪媚娘6枚装休闲糕点零食 蛋黄酥两盒装】每加购一个商品得50吃货值
完成任务失败：任务已完成

【【朗琨】朗琨牛肉干 特干风干牛肉干 超干牛肉条500g 内蒙古特产肉干肉脯休闲零食年货送礼】每加购一个商品得50吃货值
完成任务失败：任务已完成

【8斤春丝江西米粉米线粉丝螺蛳粉2kg*2包绿色食品纯大米制作南昌炒粉汤粉拌粉都可做绿色食品】每加购一个商品得50吃货值
完成任务失败：任务已完成

【大亨果茶 玻璃瓶山楂果汁 果肉饮料 大亨山楂汁 含糖饮料 怀旧饮品 大亨235ml*24瓶饮料 235ml*24瓶整箱】每加购一个商品得50吃货值
完成任务失败：任务已完成

【味多美 礼品卡 蛋糕卡 门店提货卡 面值200元实体卡】每加购一个商品得50吃货值
完成任务失败：任务已完成

【澳牧儿童成长牛奶200ml*30盒 原装进口牛奶 全脂学生营养早餐奶】每加购一个商品得50吃货值
完成任务失败：任务已完成

【【浓淡冷热随心调】宝矿力水特粉末冲剂电解质饮料宝矿力水特健身运动饮料补充水分夏季非进口宝矿力 5盒（25袋）】每加购一个商品得50吃货值
完成任务失败：任务已完成

【燕塘 纯牛奶200ml*16盒*2箱】每加购一个商品得50吃货值
完成任务失败：任务已完成

【萨啦咪零食礼盒休闲零食大礼包送女友肉类一大箱14款24包零食大礼包送女友】每加购一个商品得50吃货值
完成任务失败：任务已完成

【老鲜生 原味装彩色虾片自己炸500g油炸大连特产虾片90后怀旧零食 彩色虾片500g】每加购一个商品得50吃货值
完成任务失败：任务已完成

【麦趣尔 新疆全脂纯牛奶200ml*20袋/箱 利乐枕 营养早餐纯牛奶 天山牧场 一箱】每加购一个商品得50吃货值
完成任务失败：任务已完成

【黄天鹅可生食鲜鸡蛋30枚无菌蛋-单枚50G+破损赔付 30枚1.5KG】每加购一个商品得50吃货值
完成任务失败：任务已完成

【鑫炳记红枣味太谷饼2100g整箱山西特产饼干蛋糕休闲食品早餐面包糕点点心】每加购一个商品得50吃货值
完成任务失败：任务已完成

【【伊利旗舰店】伊利金典纯牛奶250ml*16盒（王菲推荐） 【浓郁醇香】金典纯牛奶】每加购一个商品得50吃货值
完成任务失败：任务已完成

【藤壶岛芝麻夹心海苔脆40g*5罐即食大片紫菜罐装整箱儿童休闲网红零食小吃 芝麻夹心*5罐】每加购一个商品得50吃货值
完成任务失败：任务已完成

【网红嗨吃家酸辣粉桶装一整箱重庆特产红薯粉方便速食红苕粗粉条好吃的办公室懒人食品小吃夜宵熬夜加班宿舍 【买1加1实发1箱】共112g×12桶酸辣粉经典款】每加购一个商品得50吃货值
完成任务失败：任务已完成

【德国进口牛奶 欧德堡脱脂纯牛奶200ml*16盒成人营养早餐 高钙奶纯奶 整箱装】每加购一个商品得50吃货值
完成任务失败：任务已完成

【米多奇 烤馍片整箱早餐饼干馒头片多规格锅巴休闲零食大礼包送女友 50g*40包【周年版综合八味随机混装【5片托盘装】每加购一个商品得50吃货值
完成任务失败：任务已完成

【哈肉联 小肚松仁肉肚五香熏肚 哈尔滨红肠 东北特产 熟食特色下酒菜 【收藏加购优先发货】 松仁肉肚300g*1袋】每加购一个商品得50吃货值
完成任务失败：任务已完成

【道台府 俄罗斯风味红肠400g一袋 正宗哈尔滨红肠 东北黑龙江特产香肠方便速食品】每加购一个商品得50吃货值
完成任务失败：任务已完成

【嘉华 现烤糕点礼盒装 云南特产美食零食下午茶伴手礼 现烤优格玫瑰饼50g/枚 10枚起售】每加购一个商品得50吃货值
完成任务失败：任务已完成

【精武 鸭掌 鸭爪400g盒装武汉特色小吃速食休闲颗粒装休闲零食】每加购一个商品得50吃货值
完成任务失败：任务已完成

【日清 I意面3口味6杯拌面速食方便面干拌面网红泡面】每加购一个商品得50吃货值
完成任务失败：任务已完成

【【神券300 减210】盼盼 乳酸菌面包900g 小口袋网红面包 营养早餐面包零食乳酸菌小伴侣面包】每加购一个商品得50吃货值
完成任务失败：任务已完成

【贝蒂斯特级初榨橄榄油礼盒 750ml*2瓶装 西班牙原装进口 礼品福利 团购  凉拌 炒菜】每加购一个商品得50吃货值
完成任务失败：任务已完成

【猫尚村 蓝山速溶咖啡特浓咖啡粉三合一蓝山风味云南速溶咖啡粉650克50袋盒装】每加购一个商品得50吃货值
完成任务失败：任务已完成

【浏览粮油米面速食会场】每浏览一个会场4S得100吃货值
助力失败：任务领取成功

助力成功：您的好友获得100金币

【浏览伊利牛奶会场】每浏览一个会场4S得100吃货值
助力失败：任务领取成功

助力成功：您的好友获得100金币

【浏览休闲零食会场】每浏览一个会场4S得100吃货值
助力失败：任务领取成功

助力成功：您的好友获得100金币

【浏览良品铺子美食会场】每浏览一个会场4S得100吃货值
助力失败：任务领取成功

助力成功：您的好友获得100金币

【浏览端午会场】每浏览一个会场4S得100吃货值
助力失败：任务领取成功

助力成功：您的好友获得100金币

【浏览樱桃商品会场】每浏览一个会场4S得100吃货值
助力失败：任务领取成功

助力成功：您的好友获得100金币

【浏览食品饮料生鲜吃货节会场】每浏览一个会场4S得100吃货值
助力失败：任务领取成功

助力成功：您的好友获得100金币

【浏览华祥苑茗茶会场】每浏览一个会场4S得100吃货值
助力失败：任务领取成功

助力成功：您的好友获得100金币

【浏览百草味美食会场】每浏览一个会场4S得100吃货值
助力失败：任务领取成功

助力成功：您的好友获得100金币

【浏览潮流趋势会场】每浏览一个会场4S得100吃货值
助力失败：任务领取成功

助力成功：您的好友获得100金币

【京东账号1（jd_56ac883b2ee02）的吃货嘉年华好友互助码】T0225KkcRRhIplzfI0j2waIKdgCjBVlqWU5jYjeQOc

签到
完成任务：获得100金币

可以抽奖3次，去抽奖

抽中：1京豆
抽中：1京豆
抽中：1京豆

开始第2个活动：PLUS生活特权

【领肯德基9.9元下午茶】浏览6s并领取权益可获得200金币
助力失败：任务领取成功

助力成功：您的好友获得200金币

【领半价小皇堡4件套】浏览6s并领取权益可获得200金币
任务领取成功
完成任务：获得200金币

【办银行卡得PLUS会员】浏览6s并领取权益可获得200金币
任务领取成功
完成任务：获得200金币

【领免费吃喝玩乐福利】浏览6s并领取权益可获得200金币
任务领取成功
完成任务：获得200金币

签到
签到成功：获得200金币

可以抽奖5次，去抽奖

很遗憾未中奖~
很遗憾未中奖~
很遗憾未中奖~
很遗憾未中奖~
很遗憾未中奖~

开始第3个活动：1

【百雀羚大牌日专场】浏览1个会场6s得1次抽奖机会
助力失败：任务领取成功

助力成功：您的好友获得1金币

【礼在京东，优选好礼】浏览1个会场6s得1次抽奖机会
助力失败：任务领取成功

助力成功：您的好友获得1金币

【宠汪汪】浏览并关注1个频道得1次抽奖机会
完成任务：获得1金币

【浏览并关注闪购频道】浏览并关注1个频道得1次抽奖机会
完成任务失败：任务已完成

【浏览并关注众筹频道】浏览并关注1个频道得1次抽奖机会
完成任务：获得1金币

【Skechers斯凯奇童鞋闪电熊猫鞋虎年老爹鞋红色小白鞋302542L/406116L WHT白色（男童） 27.5 】浏览1个商品6s得1次抽奖机会
任务领取成功
完成任务：获得1金币

【金三塔桑蚕丝舒适型无钢圈文胸NZF7A306 粉色1230 80B】浏览1个商品6s得1次抽奖机会
任务领取成功
完成任务：获得1金币

【京东账号1（jd_56ac883b2ee02）的1好友互助码】T0225KkcRRhIplzfI0j2waIKdgCjVQmoaT5kRrbA

可以抽奖7次，去抽奖

很遗憾未中奖~
很遗憾未中奖~
很遗憾未中奖~
很遗憾未中奖~
很遗憾未中奖~
很遗憾未中奖~
很遗憾未中奖~

开始第4个活动：2

【浏览众筹频道】浏览10秒得200金币
任务领取成功
完成任务：获得200金币

【玉泽京东自营旗舰店】浏览并关注店铺领50金币
完成任务：获得50金币

【京东京造官方自营旗舰店】浏览并关注店铺领50金币
完成任务：获得50金币

【网易严选官方旗舰店】浏览并关注店铺领50金币
完成任务：获得50金币

【ROAMAN罗曼个人护理旗舰店】浏览并关注店铺领50金币
完成任务：获得50金币

【SONGX京东自营旗舰店】浏览并关注店铺领50金币
完成任务：获得50金币

【黄油猫官方旗舰店】浏览并关注店铺领50金币
完成任务失败：任务已完成

【黄油猫&CYCLOID潮玩鞋盒充电器手机充电插头30w大功率快充type-c充电接口创新设计玩转潮流 雾霭蓝充电器【单个装】】单个商品浏览5秒领50金币
任务领取成功
完成任务：获得50金币

【玉泽防晒乳50ml清爽倍护面部防晒霜SPF42 温和养肤免卸妆隔离霜 敏感肌适用 男女士通用化妆品 】单个商品浏览5秒领50金币
任务领取成功
完成任务：获得50金币

【钛度 Q1幻动精灵蓝牙音箱立体声效游戏电影音乐家用桌面音响流光模式usb+3.5MM 2022年新款 蓝牙有线RGB版音箱】单个商品浏览5秒领50金币
任务领取成功
完成任务：获得50金币

【SONGX 蓝牙耳机无线3MIC混合ANC主动降噪耳机运动音乐耳机入耳式超长续航适用苹果华为小米vivo荣耀 曜石黑】单个商品浏览5秒领50金币
任务领取成功
完成任务：获得50金币

【京东京造 600G净水器 家用净水机 直饮机 过滤器厨下式 5年RO反渗透滤芯 1.56L/min大流量 新一级水效】单个商品浏览5秒领50金币
任务领取成功
完成任务：获得50金币

【JOY&DOGA ｜  生活玩家系列盲盒单盒】单个商品浏览5秒领50金币
任务领取成功
完成任务：获得50金币

【海南新鲜荔枝 火山荔枝王 荔枝礼盒 当季新鲜水果 5斤装【净重4.5斤 8-10个/斤】】单个商品浏览5秒领50金币
任务领取成功
完成任务：获得50金币

【LifeSmatr云起 智能开 关智能家居 APP手机远程控制  支持HomeKit小爱小度 小云 【零火开关】二开】单个商品浏览5秒领50金币
任务领取成功
完成任务：获得50金币

【浏览并关注众筹频道】已完成

可以抽奖2次，去抽奖

很遗憾未中奖~
很遗憾未中奖~

开始第5个活动：3

【关注三顿半自营旗舰店】每关注1个店铺可得100新动值
完成任务：获得100金币

【关注植益自营旗舰店】每关注1个店铺可得100新动值
完成任务：获得100金币

【关注瑞幸咖啡自营旗舰店】每关注1个店铺可得100新动值
完成任务：获得100金币

【关注黄天鹅自营旗舰店】每关注1个店铺可得100新动值
完成任务：获得100金币

【关注联合利华自营旗舰店】每关注1个店铺可得100新动值
完成任务：获得100金币

【关注拉面说自营旗舰店】每关注1个店铺可得100新动值
完成任务：获得100金币

【关注筷手小厨自营旗舰店】每关注1个店铺可得100新动值
完成任务：获得100金币

【关注布鲁可自营旗舰店】每关注1个店铺可得100新动值
完成任务：获得100金币

【关注王饱饱自营旗舰店】每关注1个店铺可得100新动值
完成任务：获得100金币

【关注可口可乐旗舰店】每关注1个店铺可得100新动值
完成任务：获得100金币

【奥妙除菌除螨洗衣液 3kg+400g*3+内衣洗衣液275ml*2送补充装洗衣液480G*5】每加购1个商品可得50新动值
助力成功：您的好友获得50金币

【小皮(LittleFreddie)高品质核桃油100ml 天然营养初榨食用油 欧洲原装进口 儿童/孕妇可用】每加购1个商品可得50新动值
助力成功：您的好友获得50金币

【吉列(Gillette)刮胡刀手动剃须刀手动 非吉利礼物男 布加迪跑车联名典藏款热感1刀架2刀头+充电底座+官方车模】每加购1个商品可得50新动值
助力成功：您的好友获得50金币

【看看追新PRO】每关注1个频道可得500新动值
完成任务：获得500金币

【看看京东超市】每关注1个频道可得500新动值
完成任务：获得500金币

【逛京东超市频道】每浏览1个会场6s可得100新动值
任务领取成功
完成任务：获得100金币

【京东账号1（jd_56ac883b2ee02）的3好友互助码】T0225KkcRRhIplzfI0j2waIKdgDjRXlq-7zx55awQ

可以抽奖5次，去抽奖

很遗憾未中奖~
很遗憾未中奖~
很遗憾未中奖~
很遗憾未中奖~
很遗憾未中奖~

*******开始【京东账号2】蓝闺q*********


开始第1个活动：吃货嘉年华

点击热区
完成任务：获得50金币

点击热区
完成任务：获得50金币

【旺旺大礼包918g 零食大礼盒巨型超大礼品团购 仙贝雪饼牛奶糖小小酥多种礼包 元旦年货年会员工福利 旺旺大礼包918g(礼绳装)】每加购一个商品得50吃货值
完成任务：获得50金币

【内蒙古风干牛肉干500g手撕牛肉休闲零食特产 【原味500g】送【香辣500g】】每加购一个商品得50吃货值
完成任务：获得50金币

【旺旺旺仔碎冰冰78ml*80支碎碎冰棒棒冰吸吸冰综合果味饮料怀旧零食品大礼包  共80根 混合口味】每加购一个商品得50吃货值
完成任务：获得50金币

【德质（Volksmilch）德国进口牛奶全脂纯牛奶490ml*9瓶成人儿童奶早餐高钙奶咖啡伴侣】每加购一个商品得50吃货值
完成任务：获得50金币

【乱劈才正宗酸辣粉248g*10袋可泡可煮麻辣味酸辣粉速食方便粉丝】每加购一个商品得50吃货值
完成任务：获得50金币

【马来西亚进口槟城咖啡树白咖啡三合一速溶咖啡粉15小包600g*2袋】每加购一个商品得50吃货值
完成任务：获得50金币

【德亚德国原装进口纯牛奶学生成人营养高钙早餐奶200ml*24盒整箱装 【3.3g蛋白质】全脂200ml*24盒】每加购一个商品得50吃货值
完成任务：获得50金币

【阿宽红油面皮 四川铺盖面非油炸方便面袋装 方便速食干拌泡面 麻辣味 10袋装】每加购一个商品得50吃货值
完成任务：获得50金币

【【蒙牛旗舰店】蒙牛 特仑苏 低脂牛奶 250mL×12盒  优质蛋白质】每加购一个商品得50吃货值
完成任务：获得50金币

【玩铁猩猩 即食牛肉 酱牛肉 健身牛肉即食 牛腱子  卤牛肉 熟食代餐网红零食轻食代餐健身餐 5袋牛腱肉】每加购一个商品得50吃货值
完成任务：获得50金币

【姜老大 黑蒜 网红独头黑蒜 黑大蒜 黑蒜头 500g】每加购一个商品得50吃货值
完成任务：获得50金币

【【绿色食品】欧亚高原全脂纯牛奶250g*16盒*2箱乳制品】每加购一个商品得50吃货值
完成任务：获得50金币

【可瑞纳咖啡（CARANA COFFEE）阿拉比卡咖啡豆 纯黑咖啡新鲜烘焙可磨咖啡 454g 蓝山 454g】每加购一个商品得50吃货值
完成任务：获得50金币

【珍妮星座曲奇 小熊曲奇饼干 手工黄油早餐 休闲零食网红小吃 节日送礼 经典四味320g】每加购一个商品得50吃货值
完成任务：获得50金币

【小西牛高原牧场奶源纯牛奶 营养早餐纯牛奶托伦宝利乐枕220g*16袋整箱装】每加购一个商品得50吃货值
完成任务：获得50金币

【天地壹号 苹果醋饮料330ml×15罐 纤细版苹果汁气泡醋饮 四箱电商版+6罐铂金版】每加购一个商品得50吃货值
完成任务失败：任务已完成

【【神券300 减210】盼盼 零食大礼包250g 艾比利薯片35g*6 鸡味块8g*5 膨化零食250g（口味随机）】每加购一个商品得50吃货值
完成任务失败：任务已完成

【童胖子酱板鸭湖南常德特产香辣手撕鸭整只板鸭即食卤味熟食休闲零食鸭肉小吃260g 加辣】每加购一个商品得50吃货值
完成任务失败：任务已完成

【【4斤】中膳堂燕麦桃酥无糖精食品糖尿病人适量年货礼盒粗粮代餐饼干孕妇零食早餐中老年人杂粮整箱 桃酥2000g】每加购一个商品得50吃货值
完成任务失败：任务已完成

【桂发祥十八街什锦大麻花850g 天津特产酥脆18街传统糕点礼盒装 中秋佳节年货节日送礼品礼物休闲零食 什锦麻花礼盒 850g（配礼袋）】每加购一个商品得50吃货值
完成任务失败：任务已完成

【萨啦咪年货礼盒一整箱送女友 即食肉类鸭舌鸭脖鸡腿鸡翅鸭掌卤蛋等小吃节庆节礼盒 原味+香辣混合礼盒装】每加购一个商品得50吃货值
完成任务失败：任务已完成

【【神券300 减210】盼盼正宗生榨椰汁植物蛋白饮料于小雨代言新鲜整箱进口椰奶500ml*2瓶】每加购一个商品得50吃货值
完成任务失败：任务已完成

【欢乐家黄桃罐头256g*6罐  糖水水果黄桃休闲零食品 特色小吃新鲜日期 整箱】每加购一个商品得50吃货值
完成任务失败：任务已完成

【黄天鹅可生食鲜鸡蛋30枚无菌蛋-单枚50G+破损赔付 30枚1.5KG】每加购一个商品得50吃货值
完成任务失败：任务已完成

【北冰洋 汽水老北京玻璃瓶果汁碳酸饮料 橙汁+桔汁组合 248ml*12瓶 整箱】每加购一个商品得50吃货值
完成任务失败：任务已完成

【8斤春丝江西米粉米线粉丝螺蛳粉2kg*2包绿色食品纯大米制作南昌炒粉汤粉拌粉都可做绿色食品】每加购一个商品得50吃货值
完成任务失败：任务已完成

【味多美 礼品卡 蛋糕卡 门店提货卡 面值200元实体卡】每加购一个商品得50吃货值
完成任务失败：任务已完成

【蒙牛 纯牛奶 PURE MILK  整箱装 乳制品 （新老包装随机发货） 纯牛奶250mL*16盒/箱】每加购一个商品得50吃货值
完成任务失败：任务已完成

【黄金香 无添加剂高端肉松100g*2罐 猪肉松  特产年货适合孕妇老人儿童休闲配粥佐餐零食 猪肉松100g*2罐 （口感入口即化）】每加购一个商品得50吃货值
完成任务失败：任务已完成

【整箱83包网红零食大礼包一整箱送女友男生日礼物情人节送礼彩盒好吃的休闲食品春节过年货混装麻辣小吃套餐】每加购一个商品得50吃货值
完成任务失败：任务已完成

【天润（terun）【旗舰店】新疆天润浓缩纯牛奶整箱 常温早餐全脂牛奶盒装 125g*20盒】每加购一个商品得50吃货值
完成任务失败：任务已完成

【【特浓黑咖啡】猫尚村黑咖啡无蔗糖速溶燃特浓美式原味纯苦云南精品速溶咖啡粉40袋盒装】每加购一个商品得50吃货值
完成任务失败：任务已完成

【【店长推荐】回头客卡侬尼华夫饼2000g蛋糕点心营养早餐宵夜食品好吃小吃面包干休闲特产零食大礼包整箱 鸡蛋味2000g【约60枚】】每加购一个商品得50吃货值
完成任务失败：任务已完成

【麦趣尔 新疆全脂纯牛奶200ml*20盒/箱营养早餐纯牛奶整箱 原味 家庭量贩装 两箱】每加购一个商品得50吃货值
完成任务失败：任务已完成

【【当季新米】南纳香 泰国香米10kg公斤 进口大米 20二十斤装 泰米 清香 蒸炒饭粥猫牙米形 送礼】每加购一个商品得50吃货值
完成任务失败：任务已完成

【轩妈蛋黄酥大礼包990g精美礼盒糕点休闲零食大礼包糕点点心 大礼包990g】每加购一个商品得50吃货值
完成任务失败：任务已完成

【中华老字号双钱牌龟苓膏原味250g*12罐整箱礼盒广西梧州特产果冻布丁即食龟苓膏休闲零食】每加购一个商品得50吃货值
完成任务失败：任务已完成

【内蒙古风干牛肉干500g*2包1斤装手撕牛肉干零食小吃真空散装特产  原味500g+孜然味500g】每加购一个商品得50吃货值
完成任务失败：任务已完成

【雀醇 咖啡豆 苏门答腊黄金曼特宁咖啡豆 G1半水洗 进口纯黑咖啡豆研磨咖啡227g 227g】每加购一个商品得50吃货值
完成任务失败：任务已完成

【口口香休闲零食大礼包一整箱送女友肉干肉脯酱鸭脖小鱼仔麻辣小吃 加油鸭】每加购一个商品得50吃货值
完成任务失败：任务已完成

【【朗琨】朗琨牛肉干 特干风干牛肉干 超干牛肉条500g 内蒙古特产肉干肉脯休闲零食年货送礼】每加购一个商品得50吃货值
完成任务失败：任务已完成

【易烊千玺同款】雀巢咖啡1+2原味100条三合一3合1速溶咖啡粉饮料1500g袋装】每加购一个商品得50吃货值
完成任务失败：任务已完成

【上海梅林罐头经典午餐肉170g猪肉5罐】每加购一个商品得50吃货值
完成任务失败：任务已完成

【德国进口牛奶 欧德堡脱脂纯牛奶200ml*16盒成人营养早餐 高钙奶纯奶 整箱装】每加购一个商品得50吃货值
完成任务失败：任务已完成

【轩妈家蛋黄酥蛋糕咸鸭蛋黄红豆味网红零食雪媚娘6枚装休闲糕点零食 蛋黄酥两盒装】每加购一个商品得50吃货值
完成任务失败：任务已完成

【升元 小麦荞麦冷面东北朝鲜风味冷面带汤料565克*6袋 荞麦6袋】每加购一个商品得50吃货值
完成任务失败：任务已完成

【澳牧儿童成长牛奶200ml*30盒 原装进口牛奶 全脂学生营养早餐奶】每加购一个商品得50吃货值
完成任务失败：任务已完成

【燕塘 纯牛奶200ml*16盒*2箱】每加购一个商品得50吃货值
完成任务失败：任务已完成

【萨啦咪零食礼盒休闲零食大礼包送女友肉类一大箱14款24包零食大礼包送女友】每加购一个商品得50吃货值
完成任务失败：任务已完成

【藤壶岛芝麻夹心海苔脆40g*5罐即食大片紫菜罐装整箱儿童休闲网红零食小吃 芝麻夹心*5罐】每加购一个商品得50吃货值
完成任务失败：任务已完成

【【蒙牛旗舰店】蒙牛 真果粒牛奶饮品四种口味250g*24缤纷礼盒装（新老包装随机发货）】每加购一个商品得50吃货值
完成任务失败：任务已完成

【大亨果茶 玻璃瓶山楂果汁 果肉饮料 大亨山楂汁 含糖饮料 怀旧饮品 大亨235ml*24瓶饮料 235ml*24瓶整箱】每加购一个商品得50吃货值
完成任务失败：任务已完成

【鑫炳记红枣味太谷饼2100g整箱山西特产饼干蛋糕休闲食品早餐面包糕点点心】每加购一个商品得50吃货值
完成任务失败：任务已完成

【【伊利旗舰店】伊利金典纯牛奶250ml*16盒（王菲推荐） 【浓郁醇香】金典纯牛奶】每加购一个商品得50吃货值
完成任务失败：任务已完成

【林家铺子 新鲜糖水黄桃罐头 425g*6罐】每加购一个商品得50吃货值
完成任务失败：任务已完成

【【浓淡冷热随心调】宝矿力水特粉末冲剂电解质饮料宝矿力水特健身运动饮料补充水分夏季非进口宝矿力 5盒（25袋）】每加购一个商品得50吃货值
完成任务失败：任务已完成

【老鲜生 原味装彩色虾片自己炸500g油炸大连特产虾片90后怀旧零食 彩色虾片500g】每加购一个商品得50吃货值
完成任务失败：任务已完成

【哈肉联 小肚松仁肉肚五香熏肚 哈尔滨红肠 东北特产 熟食特色下酒菜 【收藏加购优先发货】 松仁肉肚300g*1袋】每加购一个商品得50吃货值
完成任务失败：任务已完成

【【神券300 减210】盼盼 乳酸菌面包900g 小口袋网红面包 营养早餐面包零食乳酸菌小伴侣面包】每加购一个商品得50吃货值
完成任务失败：任务已完成

【米多奇 烤馍片整箱早餐饼干馒头片多规格锅巴休闲零食大礼包送女友 50g*40包【周年版综合八味随机混装【5片托盘装】每加购一个商品得50吃货值
完成任务失败：任务已完成

【精武 鸭掌 鸭爪400g盒装武汉特色小吃速食休闲颗粒装休闲零食】每加购一个商品得50吃货值
完成任务失败：任务已完成

【【当季新米】柴火大院 五常大米5kg 稻花香2号 正宗东北大米10斤 龙凤山产区 免邮】每加购一个商品得50吃货值
完成任务失败：任务已完成

【道台府 俄罗斯风味红肠400g一袋 正宗哈尔滨红肠 东北黑龙江特产香肠方便速食品】每加购一个商品得50吃货值
完成任务失败：任务已完成

【猫尚村 蓝山速溶咖啡特浓咖啡粉三合一蓝山风味云南速溶咖啡粉650克50袋盒装】每加购一个商品得50吃货值
完成任务失败：任务已完成

【嘉华 现烤糕点礼盒装 云南特产美食零食下午茶伴手礼 现烤优格玫瑰饼50g/枚 10枚起售】每加购一个商品得50吃货值
完成任务失败：任务已完成

【日清 I意面3口味6杯拌面速食方便面干拌面网红泡面】每加购一个商品得50吃货值
完成任务失败：任务已完成

【【今年新摘茶籽】秋味坊 山茶油 2L 茶油山茶籽油物理冷压榨工艺 一级今年新鲜压榨食用油】每加购一个商品得50吃货值
完成任务失败：任务已完成

【【特仑苏旗舰店】特仑苏纯牛奶250mL×16包*2提组合装 早餐奶 易携带礼盒装 中秋春节送礼推荐】每加购一个商品得50吃货值
完成任务失败：任务已完成

【沙窝曙光 甘肃民勤人参果 5斤装 人生果  长圆果 孕妇宝宝 生鲜 新鲜黄肉水果 5斤装（净重4.5-5斤）】每加购一个商品得50吃货值
完成任务失败：任务已完成

【【300 减210】百草味 鸭肫115g 鲜卤鸭肫鸭肉特产零食 休闲小吃熟食卤味 真空小包装 MJ 五香味】每加购一个商品得50吃货值
完成任务失败：任务已完成

【今聚鲜大号国产翡翠青虾仁1000g 活剥去虾线 冷冻海鲜水产 生鲜】每加购一个商品得50吃货值
完成任务失败：任务已完成

【【买1贈1+碗勺】强健云混合水果麦片早餐食品 烘焙坚果燕麦片即食代餐营养谷物牛奶冲饮儿童酸奶果粒麦片 烘焙水果麦片+酸奶果粒麦片【共1000克】 1000克】每加购一个商品得50吃货值
完成任务失败：任务已完成

【推荐_【三只松鼠_量贩开心果500g/罐装】每日坚果零食干果炒货健康休闲零食原色孕妇食品 500g/罐装】每加购一个商品得50吃货值
完成任务失败：任务已完成

【大希地 牛腩牛肉生鲜 国产生鲜冷冻牛肉块 500g】每加购一个商品得50吃货值
完成任务失败：任务已完成

【华牧鲜 加拿大进口AAA级原切雪花眼肉牛排套餐 厚切200g/份 谷饲安格斯牛肉冷冻生鲜 送礼礼袋 AAA级牛排6片装 1.2kg】每加购一个商品得50吃货值
完成任务失败：任务已完成

【我老家山林散养土鸡蛋现捡现发农家柴鸡蛋生鲜盒装箱装单枚40g±5g 10枚/盒装约400g】每加购一个商品得50吃货值
完成任务失败：任务已完成

【【300 减210】百草味 笑口板栗120g 休闲零食坚果特产 即食熟制甘栗 MJ】每加购一个商品得50吃货值
完成任务失败：任务已完成

【王饱饱 烘焙麦片 营养早餐 燕麦片 代餐食品 高纤维 非膨化 草莓优脆乳麦片400g】每加购一个商品得50吃货值
完成任务失败：任务已完成

【佰儒 特级 新茶金骏眉 红茶 茶叶武夷山春茶桐木关散装黄芽2022金俊眉罐子礼盒500g功夫红茶】每加购一个商品得50吃货值
完成任务失败：任务已完成

【荞麦面条低脂肪无糖精面条荞面条荞麦挂面杂粮面条挂面批发 山咔咔 0脂肪 荞麦面条2斤细面】每加购一个商品得50吃货值
完成任务失败：任务已完成

【【300 减210】百草味 泡椒凤爪160g 休闲零食特产香辣鸡肉野山椒鸡爪 MJ】每加购一个商品得50吃货值
完成任务失败：任务已完成

【独角兽厨房 全麦面包低脂切片面包欧包健身餐粗粮杂粮吐司早餐食品代餐面包2斤装整箱 全麦粉含量45%】每加购一个商品得50吃货值
完成任务失败：任务已完成

【【当季新米】柴火大院 五常有机大米5kg 东北大米10斤  稻花香2号】每加购一个商品得50吃货值
完成任务失败：任务已完成

【【特仑苏旗舰店】特仑苏牛奶 经典品质 纯牛奶利乐钻250ml*16盒】每加购一个商品得50吃货值
完成任务失败：任务已完成

【正大 鸡肉生鲜 健康轻食出口日本级品质 健身鸡胸肉健身餐 轻食代餐 琵琶腿500g*4袋 共4斤】每加购一个商品得50吃货值
完成任务失败：任务已完成

【大希地整切牛排牛肉 儿童牛排 生鲜西冷菲力牛排进口冷冻肉源整切调理10包（1200g） 西冷牛排*10包（即将售罄）】每加购一个商品得50吃货值
完成任务失败：任务已完成

【【京东农场】东北有机大米 黑龙江长粒香米 正宗东北香米 前进农场军稻香 京品源全程溯源 【真空装/5kg】】每加购一个商品得50吃货值
完成任务失败：任务已完成

【娃哈哈 AD钙奶整箱大瓶装哇哈哈ad含乳牛奶乳酸菌酸奶营养早餐饮品果味饮料儿童礼物 【4瓶】220ml*4瓶】每加购一个商品得50吃货值
完成任务失败：任务已完成

【四川特产 超干耗牛肉干 手撕风干牛肉干西藏正宗牛肉干五香麻辣休闲零食熟食肉干 香辣送麻辣】每加购一个商品得50吃货值
完成任务失败：任务已完成

【刺猬阿甘 网红小米锅巴12小包\/袋 办公室休闲膨化零食爽口麻辣小吃 186g*3袋】每加购一个商品得50吃货值
完成任务失败：任务已完成

【娃哈哈AD钙奶220g*4大瓶装饮料哇哈哈儿童含乳牛奶营养早餐】每加购一个商品得50吃货值
完成任务失败：任务已完成

【艾美Emmi 瑞士原装进口全脂纯牛奶学生儿童高钙纯牛奶早餐奶 全脂纯牛奶250ml*18盒】每加购一个商品得50吃货值
完成任务失败：任务已完成

【珍妮星座曲奇礼盒 小熊软曲奇饼干 休闲零食 手工食品礼盒 奶油咖啡双花640g大盒】每加购一个商品得50吃货值
完成任务失败：任务已完成

【【2提装】认养一头牛 全脂纯牛奶 250ml*12盒*2提自营儿童学生成人营养早餐纯奶整箱 两提装】每加购一个商品得50吃货值
完成任务失败：任务已完成

【寻味君 广西红心芭乐 5斤 简装 番石榴 新鲜水果生鲜健康轻食】每加购一个商品得50吃货值
完成任务失败：任务已完成

【【神券300 减210】盼盼 小卷包1050g 早餐小面包西式休闲零食代餐夹心软面包整箱】每加购一个商品得50吃货值
完成任务失败：任务已完成

【黄老五 休闲零食花生酥218g 四川特产小吃 办公室下午茶零食 送礼零食 椒盐味218g】每加购一个商品得50吃货值
完成任务失败：任务已完成

【【满199 减130】煌上煌酱鸭节日礼盒装450克卤味酱板鸭肉干鸭肉零食大礼包送人 熟食团购年货礼盒 香辣味 酱鸭】每加购一个商品得50吃货值
完成任务失败：任务已完成

【知味观 中华老字号  原味桂花龙井茶蔓越莓绿豆糕4盒装 下午茶休闲零食点心】每加购一个商品得50吃货值
完成任务失败：任务已完成

【浏览良品铺子美食会场】每浏览一个会场4S得100吃货值
助力失败：任务领取成功

助力成功：您的好友获得100金币

【浏览端午会场】每浏览一个会场4S得100吃货值
助力失败：任务领取成功

助力成功：您的好友获得100金币

【浏览樱桃商品会场】每浏览一个会场4S得100吃货值
助力失败：任务领取成功

助力成功：您的好友获得100金币

【浏览食品饮料生鲜吃货节会场】每浏览一个会场4S得100吃货值
助力失败：任务领取成功

助力成功：您的好友获得100金币

【浏览华祥苑茗茶会场】每浏览一个会场4S得100吃货值
助力失败：任务领取成功

助力成功：您的好友获得100金币

【浏览百草味美食会场】每浏览一个会场4S得100吃货值
助力失败：任务领取成功

助力成功：您的好友获得100金币

【浏览潮流趋势会场】每浏览一个会场4S得100吃货值
助力失败：任务领取成功

助力成功：您的好友获得100金币

【浏览粮油米面速食会场】每浏览一个会场4S得100吃货值
助力失败：任务领取成功

助力成功：您的好友获得100金币

【浏览伊利牛奶会场】每浏览一个会场4S得100吃货值
助力失败：任务领取成功

助力成功：您的好友获得100金币

【浏览休闲零食会场】每浏览一个会场4S得100吃货值
助力失败：任务领取成功

助力成功：您的好友获得100金币

【京东账号2（jd_72476e50d1b0e）的吃货嘉年华好友互助码】T0225KkcRxwd8lKCJRqglaUKIQCjBVlqWU5jYjeQOc

签到
完成任务：获得100金币

可以抽奖3次，去抽奖

抽中：1京豆
抽中：1京豆
抽中：1京豆

开始第2个活动：PLUS生活特权

【领肯德基9.9元下午茶】浏览6s并领取权益可获得200金币
助力失败：任务领取成功

助力成功：您的好友获得200金币

【领半价小皇堡4件套】浏览6s并领取权益可获得200金币
任务领取成功
完成任务：获得200金币

【办银行卡得PLUS会员】浏览6s并领取权益可获得200金币
任务领取成功
完成任务：获得200金币

【领免费吃喝玩乐福利】浏览6s并领取权益可获得200金币
任务领取成功
完成任务：获得200金币

签到
签到成功：获得200金币

可以抽奖5次，去抽奖

很遗憾未中奖~
很遗憾未中奖~
很遗憾未中奖~
很遗憾未中奖~
很遗憾未中奖~

开始第3个活动：1

【百雀羚大牌日专场】浏览1个会场6s得1次抽奖机会
助力失败：任务领取成功

助力成功：您的好友获得1金币

【礼在京东，优选好礼】浏览1个会场6s得1次抽奖机会
助力失败：任务领取成功

助力成功：您的好友获得1金币

【浏览并关注闪购频道】浏览并关注1个频道得1次抽奖机会
完成任务：获得1金币

【宠汪汪】浏览并关注1个频道得1次抽奖机会
完成任务失败：任务已完成

【浏览并关注众筹频道】浏览并关注1个频道得1次抽奖机会
完成任务：获得1金币

【千奈美新品大胸显小全罩杯薄款无钢圈文胸调整型收副乳内衣 浅肤色 75D/34D】浏览1个商品6s得1次抽奖机会
任务领取成功
完成任务：获得1金币

【Crocs卡骆驰洞洞鞋贝雅卡骆班轻便耐磨一脚蹬透气休闲鞋|205089 水泥灰/青花瓷蓝-1FN 39(240mm)】浏览1个商品6s得1次抽奖机会
任务领取成功
完成任务：获得1金币

【京东账号2（jd_72476e50d1b0e）的1好友互助码】T0225KkcRxwd8lKCJRqglaUKIQCjVQmoaT5kRrbA

可以抽奖6次，去抽奖

很遗憾未中奖~
很遗憾未中奖~
很遗憾未中奖~
很遗憾未中奖~
很遗憾未中奖~
很遗憾未中奖~

开始第4个活动：2

【浏览众筹频道】浏览10秒得200金币
任务领取成功
完成任务：获得200金币

【京东京造官方自营旗舰店】浏览并关注店铺领50金币
完成任务：获得50金币

【网易严选官方旗舰店】浏览并关注店铺领50金币
完成任务：获得50金币

【ROAMAN罗曼个人护理旗舰店】浏览并关注店铺领50金币
完成任务：获得50金币

【SONGX京东自营旗舰店】浏览并关注店铺领50金币
完成任务：获得50金币

【黄油猫官方旗舰店】浏览并关注店铺领50金币
完成任务：获得50金币

【玉泽京东自营旗舰店】浏览并关注店铺领50金币
完成任务失败：任务已完成

【JOY&DOGA ｜  生活玩家系列盲盒单盒】单个商品浏览5秒领50金币
任务领取成功
完成任务：获得50金币

【海南新鲜荔枝 火山荔枝王 荔枝礼盒 当季新鲜水果 5斤装【净重4.5斤 8-10个/斤】】单个商品浏览5秒领50金币
任务领取成功
完成任务：获得50金币

【LifeSmatr云起 智能开 关智能家居 APP手机远程控制  支持HomeKit小爱小度 小云 【零火开关】二开】单个商品浏览5秒领50金币
任务领取成功
完成任务：获得50金币

【【新品】网易严选 糯糯奶盖懒人空调被夏凉被夏被子 A类抗菌超柔科技进击纤维 可水洗机洗开袋即用 烟暮紫粉 【夏被】150*200cm】单个商品浏览5秒领50金币
任务领取成功
完成任务：获得50金币

【黄油猫&CYCLOID潮玩鞋盒充电器手机充电插头30w大功率快充type-c充电接口创新设计玩转潮流 雾霭蓝充电器【单个装】】单个商品浏览5秒领50金币
任务领取成功
完成任务：获得50金币

【钛度 Q1幻动精灵蓝牙音箱立体声效游戏电影音乐家用桌面音响流光模式usb+3.5MM 2022年新款 蓝牙有线RGB版音箱】单个商品浏览5秒领50金币
任务领取成功
完成任务：获得50金币

【玉泽防晒乳50ml清爽倍护面部防晒霜SPF42 温和养肤免卸妆隔离霜 敏感肌适用 男女士通用化妆品 】单个商品浏览5秒领50金币
任务领取成功
完成任务：获得50金币

【SONGX 蓝牙耳机无线3MIC混合ANC主动降噪耳机运动音乐耳机入耳式超长续航适用苹果华为小米vivo荣耀 曜石黑】单个商品浏览5秒领50金币
任务领取成功
完成任务：获得50金币

【浏览并关注众筹频道】已完成

可以抽奖2次，去抽奖

很遗憾未中奖~
很遗憾未中奖~

开始第5个活动：3

【关注可口可乐旗舰店】每关注1个店铺可得100新动值
完成任务：获得100金币

【关注三顿半自营旗舰店】每关注1个店铺可得100新动值
完成任务：获得100金币

【关注植益自营旗舰店】每关注1个店铺可得100新动值
完成任务：获得100金币

【关注瑞幸咖啡自营旗舰店】每关注1个店铺可得100新动值
完成任务：获得100金币

【关注黄天鹅自营旗舰店】每关注1个店铺可得100新动值
完成任务：获得100金币

【关注联合利华自营旗舰店】每关注1个店铺可得100新动值
完成任务：获得100金币

【关注拉面说自营旗舰店】每关注1个店铺可得100新动值
完成任务：获得100金币

【关注筷手小厨自营旗舰店】每关注1个店铺可得100新动值
完成任务：获得100金币

【关注布鲁可自营旗舰店】每关注1个店铺可得100新动值
完成任务：获得100金币

【关注王饱饱自营旗舰店】每关注1个店铺可得100新动值
完成任务：获得100金币

【奥妙除菌除螨洗衣液 3kg+400g*3+内衣洗衣液275ml*2送补充装洗衣液480G*5】每加购1个商品可得50新动值
助力成功：您的好友获得50金币

【小皮(LittleFreddie)高品质核桃油100ml 天然营养初榨食用油 欧洲原装进口 儿童/孕妇可用】每加购1个商品可得50新动值
助力成功：您的好友获得50金币

【吉列(Gillette)刮胡刀手动剃须刀手动 非吉利礼物男 布加迪跑车联名典藏款热感1刀架2刀头+充电底座+官方车模】每加购1个商品可得50新动值
助力成功：您的好友获得50金币

【看看追新PRO】每关注1个频道可得500新动值
完成任务：获得500金币

【看看京东超市】每关注1个频道可得500新动值
完成任务：获得500金币

【逛京东超市频道】每浏览1个会场6s可得100新动值
任务领取成功
完成任务：获得100金币

【京东账号2（jd_72476e50d1b0e）的3好友互助码】T0225KkcRxwd8lKCJRqglaUKIQDjRXlq-7zx55awQ

可以抽奖5次，去抽奖

很遗憾未中奖~
很遗憾未中奖~
很遗憾未中奖~
很遗憾未中奖~
很遗憾未中奖~
开始内部助力

开始助力第1个活动：吃货嘉年华

jd_56ac883b2ee02 去助力 jd_56ac883b2ee02 的助力码 T0225KkcRRhIplzfI0j2waIKdgCjBVlqWU5jYjeQOc
不能助力自己

jd_56ac883b2ee02 去助力 jd_72476e50d1b0e 的助力码 T0225KkcRxwd8lKCJRqglaUKIQCjBVlqWU5jYjeQOc
完成任务：获得200金币

开始助力第2个活动：PLUS生活特权

开始助力第3个活动：1

jd_56ac883b2ee02 去助力 jd_56ac883b2ee02 的助力码 T0225KkcRRhIplzfI0j2waIKdgCjVQmoaT5kRrbA
不能助力自己

jd_56ac883b2ee02 去助力 jd_72476e50d1b0e 的助力码 T0225KkcRxwd8lKCJRqglaUKIQCjVQmoaT5kRrbA
完成任务：获得1金币

开始助力第4个活动：2

开始助力第5个活动：3

jd_56ac883b2ee02 去助力 jd_56ac883b2ee02 的助力码 T0225KkcRRhIplzfI0j2waIKdgDjRXlq-7zx55awQ
不能助力自己

jd_56ac883b2ee02 去助力 jd_72476e50d1b0e 的助力码 T0225KkcRxwd8lKCJRqglaUKIQDjRXlq-7zx55awQ
完成任务：获得300金币

开始内部助力

开始助力第1个活动：吃货嘉年华

jd_72476e50d1b0e 去助力 jd_56ac883b2ee02 的助力码 T0225KkcRRhIplzfI0j2waIKdgCjBVlqWU5jYjeQOc
完成任务：获得200金币

jd_72476e50d1b0e 去助力 jd_72476e50d1b0e 的助力码 T0225KkcRxwd8lKCJRqglaUKIQCjBVlqWU5jYjeQOc
不能助力自己

开始助力第2个活动：PLUS生活特权

开始助力第3个活动：1

jd_72476e50d1b0e 去助力 jd_56ac883b2ee02 的助力码 T0225KkcRRhIplzfI0j2waIKdgCjVQmoaT5kRrbA
完成任务：获得1金币

jd_72476e50d1b0e 去助力 jd_72476e50d1b0e 的助力码 T0225KkcRxwd8lKCJRqglaUKIQCjVQmoaT5kRrbA
不能助力自己

开始助力第4个活动：2

开始助力第5个活动：3

jd_72476e50d1b0e 去助力 jd_56ac883b2ee02 的助力码 T0225KkcRRhIplzfI0j2waIKdgDjRXlq-7zx55awQ
完成任务：获得300金币

jd_72476e50d1b0e 去助力 jd_72476e50d1b0e 的助力码 T0225KkcRxwd8lKCJRqglaUKIQDjRXlq-7zx55awQ
不能助力自己


🔔众筹许愿池, 结束! 🕛 482.716 秒


## 执行结束... 2022-05-07 19:52:47 耗时 483 秒
