## 开始执行... 2022-05-14 00:06:24


🔔摇京豆, 开始!

====================共2个京东账号Cookie=================

============脚本执行时间：2022/5/14 00:06:24=============

>>>>>>>>>>>>>>6Dylan6 提示：任务正常运行中>>>>>>>>>>>>>>>

"Response code 403 (Forbidden)"
摇京豆 welcomeHome API请求失败，请检查网路重试

********开始【京东账号1】jd_56ac883b2ee02*****

开始做浏览页面任务
开始做关注店铺任务
摇京豆——摇奖次数11
京东会员——摇奖次数7
开始 【京东会员】 摇奖
开始 【京东会员】 摇奖
开始 【京东会员】 摇奖
开始 【京东会员】 摇奖
开始 【京东会员】 摇奖
开始 【京东会员】 摇奖
开始 【京东会员】 摇奖
开始 【摇京豆】 摇奖
开始 【摇京豆】 摇奖
开始 【摇京豆】 摇奖
开始 【摇京豆】 摇奖
开始 【摇京豆】 摇奖
开始 【摇京豆】 摇奖
开始 【摇京豆】 摇奖
开始 【摇京豆】 摇奖
开始 【摇京豆】 摇奖
开始 【摇京豆】 摇奖
开始 【摇京豆】 摇奖
京东会员第1天签到结果；{"data":{"pin":"jd_56ac883b2ee02","rewardVos":[{"couponVo":null,"drawInfoVo":null,"hongBaoVo":null,"jingBeanVo":{"beanNum":1},"pitType":0,"rewardSource":0,"signItemId":"732025249746478336","signTime":"2022-05-14 00:06:59","signType":0},{"couponVo":null,"drawInfoVo":null,"hongBaoVo":null,"jingBeanVo":null,"pitType":3,"rewardSource":1,"signItemId":"732025249746478336","signTime":"2022-05-14 00:06:59","signType":0}],"signActId":"1","signActInstanceId":"732025248983072768"},"dataAbInfoList":null,"expInfo":null,"expLabel":null,"message":null,"officialDocument":null,"pftid":null,"resultCode":null,"resultTips":null,"success":true,"traceId":null}
京东会员第1天签到成功。获得1京豆


【新版本 超级摇一摇】获取信息失败：没有查询到活动信息



京东APP首页超级摇一摇：目前暂无活动




【3.9爱他美 brandActivityId】：3b264fef-b555-4c1e-9a45-e780ec8916a2
超级超级品牌日 getHomeData 失败： 活动不在进行中哦
去看看其他活动吧~
【3.9爱他美 超级品牌日】：活动不在进行中

==============📣系统通知📣==============
摇京豆
京东账号1 

京东会员签到：获得1京豆


********开始【京东账号2】jd_72476e50d1b0e*****

开始做浏览页面任务
开始做关注店铺任务
摇京豆——摇奖次数11
京东会员——摇奖次数7
开始 【京东会员】 摇奖
开始 【京东会员】 摇奖
开始 【京东会员】 摇奖
开始 【京东会员】 摇奖
开始 【京东会员】 摇奖
开始 【京东会员】 摇奖
开始 【京东会员】 摇奖
开始 【摇京豆】 摇奖
开始 【摇京豆】 摇奖
开始 【摇京豆】 摇奖
开始 【摇京豆】 摇奖
开始 【摇京豆】 摇奖
开始 【摇京豆】 摇奖
开始 【摇京豆】 摇奖
开始 【摇京豆】 摇奖
开始 【摇京豆】 摇奖
开始 【摇京豆】 摇奖
开始 【摇京豆】 摇奖
京东会员第1天签到结果；{"data":{"pin":"jd_72476e50d1b0e","rewardVos":[{"couponVo":null,"drawInfoVo":null,"hongBaoVo":null,"jingBeanVo":{"beanNum":1},"pitType":0,"rewardSource":0,"signItemId":"732025398329631744","signTime":"2022-05-14 00:07:35","signType":0},{"couponVo":null,"drawInfoVo":null,"hongBaoVo":null,"jingBeanVo":null,"pitType":3,"rewardSource":1,"signItemId":"732025398329631744","signTime":"2022-05-14 00:07:35","signType":0}],"signActId":"1","signActInstanceId":"732025397742405248"},"dataAbInfoList":null,"expInfo":null,"expLabel":null,"message":null,"officialDocument":null,"pftid":null,"resultCode":null,"resultTips":null,"success":true,"traceId":null}
京东会员第1天签到成功。获得1京豆


【新版本 超级摇一摇】获取信息失败：没有查询到活动信息



京东APP首页超级摇一摇：目前暂无活动




【3.9爱他美 brandActivityId】：3b264fef-b555-4c1e-9a45-e780ec8916a2
超级超级品牌日 getHomeData 失败： 活动不在进行中哦
去看看其他活动吧~
【3.9爱他美 超级品牌日】：活动不在进行中

==============📣系统通知📣==============
摇京豆
京东账号2 

京东会员签到：获得1京豆


🔔摇京豆, 结束! 🕛 71.386 秒


## 执行结束... 2022-05-14 00:07:35 耗时 71 秒
