## 开始执行... 2022-05-13 11:06:18


🔔摇京豆, 开始!

====================共2个京东账号Cookie=================

============脚本执行时间：2022/5/13 11:06:19=============

>>>>>>>>>>>>>>6Dylan6 提示：任务正常运行中>>>>>>>>>>>>>>>

"Response code 403 (Forbidden)"
摇京豆 welcomeHome API请求失败，请检查网路重试

********开始【京东账号1】jd_56ac883b2ee02*****

摇京豆——摇奖次数13
京东会员——摇奖次数9
开始 【京东会员】 摇奖
开始 【京东会员】 摇奖
开始 【京东会员】 摇奖
开始 【京东会员】 摇奖
开始 【京东会员】 摇奖
开始 【京东会员】 摇奖
开始 【京东会员】 摇奖
开始 【京东会员】 摇奖
开始 【京东会员】 摇奖
开始 【摇京豆】 摇奖
开始 【摇京豆】 摇奖
开始 【摇京豆】 摇奖
开始 【摇京豆】 摇奖
开始 【摇京豆】 摇奖
开始 【摇京豆】 摇奖
开始 【摇京豆】 摇奖
开始 【摇京豆】 摇奖
开始 【摇京豆】 摇奖
开始 【摇京豆】 摇奖
开始 【摇京豆】 摇奖
开始 【摇京豆】 摇奖
开始 【摇京豆】 摇奖
京东会员第7天已签到

【新版本 超级摇一摇】获取信息失败：没有查询到活动信息



京东APP首页超级摇一摇：目前暂无活动




【3.9爱他美 brandActivityId】：3b264fef-b555-4c1e-9a45-e780ec8916a2
超级超级品牌日 getHomeData 失败： 活动不在进行中哦
去看看其他活动吧~
【3.9爱他美 超级品牌日】：活动不在进行中

********开始【京东账号2】jd_72476e50d1b0e*****

摇京豆——摇奖次数13
京东会员——摇奖次数9
开始 【京东会员】 摇奖
开始 【京东会员】 摇奖
开始 【京东会员】 摇奖
开始 【京东会员】 摇奖
开始 【京东会员】 摇奖
开始 【京东会员】 摇奖
开始 【京东会员】 摇奖
开始 【京东会员】 摇奖
开始 【京东会员】 摇奖
开始 【摇京豆】 摇奖
开始 【摇京豆】 摇奖
开始 【摇京豆】 摇奖
开始 【摇京豆】 摇奖
开始 【摇京豆】 摇奖
开始 【摇京豆】 摇奖
开始 【摇京豆】 摇奖
开始 【摇京豆】 摇奖
开始 【摇京豆】 摇奖
开始 【摇京豆】 摇奖
开始 【摇京豆】 摇奖
开始 【摇京豆】 摇奖
开始 【摇京豆】 摇奖
京东会员第7天已签到

【新版本 超级摇一摇】获取信息失败：没有查询到活动信息



京东APP首页超级摇一摇：目前暂无活动




【3.9爱他美 brandActivityId】：3b264fef-b555-4c1e-9a45-e780ec8916a2
超级超级品牌日 getHomeData 失败： 活动不在进行中哦
去看看其他活动吧~
【3.9爱他美 超级品牌日】：活动不在进行中

🔔摇京豆, 结束! 🕛 57.498 秒


## 执行结束... 2022-05-13 11:07:16 耗时 58 秒
