## 开始执行... 2022-05-12 05:20:44


🔔京喜签到, 开始!

====================共2个京东账号Cookie=================

============脚本执行时间：2022/5/12 05:20:44=============

>>>>>>>>>>>>>>6Dylan6 提示：任务正常运行中>>>>>>>>>>>>>>>


正在收集助力码请等待


******开始【京东账号1】jd_56ac883b2ee02*********

开始运行红包任务
今日已签到
【签到互助码】a347b8ae631be24277e72362849ff123
已有1人助力
可开启宝箱2个
今日已签到，无法助力好友啦~
红包任务已完成
开启宝箱 获得0.01红包
开启宝箱 获得0.01红包
{"data":{},"errMsg":"rcs safe","retCode":30018}

开始运行喜豆任务
未选择自提点，跳过执行

******开始【京东账号2】jd_72476e50d1b0e*********

开始运行红包任务
今日已签到
【签到互助码】5355870057fbbe32e7a1419abe12560d
可开启宝箱2个
今日已签到，无法助力好友啦~
红包任务已完成
开启宝箱 获得0.01红包
开启宝箱 获得0.01红包
京东或京喜未签到，无法双签

开始运行喜豆任务
未选择自提点，跳过执行

🔔京喜签到, 结束! 🕛 23.767 秒


## 执行结束... 2022-05-12 05:21:08 耗时 24 秒
