## 开始执行... 2022-05-13 01:23:31


🔔京喜签到, 开始!

====================共2个京东账号Cookie=================

============脚本执行时间：2022/5/13 01:23:32=============

>>>>>>>>>>>>>>6Dylan6 提示：任务正常运行中>>>>>>>>>>>>>>>


正在收集助力码请等待


******开始【京东账号1】jd_56ac883b2ee02*********

开始运行红包任务
今日未签到
【签到互助码】a347b8ae631be24277e72362849ff123
可开启宝箱0个

开始内部互助

不能助力自己
账号 jd_56ac883b2ee02 去助力 jd_72476e50d1b0e 的互助码 5355870057fbbe32e7a1419abe12560d
开始做红包任务
完成任务 获得0.01红包
完成任务 获得0.01红包
完成任务 获得0.01红包
完成任务 获得0.01红包
完成任务 获得0.01红包
完成任务 获得0.01红包
完成任务 获得0.01红包
完成任务 获得0.01红包
完成任务 获得0.01红包
完成任务 获得0.01红包
{"data":{},"errMsg":"rcs safe","retCode":30018}

开始运行喜豆任务
未选择自提点，跳过执行

******开始【京东账号2】jd_72476e50d1b0e*********

开始运行红包任务
今日未签到
【签到互助码】5355870057fbbe32e7a1419abe12560d
可开启宝箱0个

开始内部互助

账号 jd_72476e50d1b0e 去助力 jd_56ac883b2ee02 的互助码 a347b8ae631be24277e72362849ff123
开始做红包任务
完成任务 获得0.01红包
完成任务 获得0.01红包
完成任务 获得0.01红包
完成任务 获得0.01红包
完成任务 获得0.01红包
完成任务 获得0.01红包
完成任务 获得0.01红包
完成任务 获得0.01红包
完成任务 获得0.01红包
完成任务 获得0.01红包
京东或京喜未签到，无法双签

开始运行喜豆任务
未选择自提点，跳过执行

🔔京喜签到, 结束! 🕛 64.476 秒


## 执行结束... 2022-05-13 01:24:36 耗时 65 秒
