## 开始执行... 2022-05-08 05:17:46


🔔京东极速版红包, 开始!

====================共2个京东账号Cookie=================

============脚本执行时间：2022/5/8 05:17:46=============

>>>>>>>>>>>>>>6Dylan6 提示：任务正常运行中>>>>>>>>>>>>>>>


******开始【京东账号1】Wang_Happy_*********

签到提现：签到成功

领红包获得优惠券
领红包获得0.10红包
领红包获得0.09红包

签到提现：去提0.05现金

签到提现结果：
提现成功！


==============📣系统通知📣==============
京东极速版红包
京东账号1Wang_Happy_
签到提现：签到成功
签到提现0.05，提现成功！


******开始【京东账号2】蓝闺q*********

签到提现：签到成功

领红包获得优惠券
领红包获得优惠券
领红包获得0.09红包

==============📣系统通知📣==============
京东极速版红包
京东账号2蓝闺q
签到提现：签到成功


🔔京东极速版红包, 结束! 🕛 1089.326 秒


## 执行结束... 2022-05-08 05:35:56 耗时 1090 秒
