## 开始执行... 2022-05-07 19:15:09


🔔京东极速版红包, 开始!

====================共2个京东账号Cookie=================

============脚本执行时间：2022/5/7 19:15:09=============

>>>>>>>>>>>>>>6Dylan6 提示：任务正常运行中>>>>>>>>>>>>>>>


******开始【京东账号1】Wang_Happy_*********

签到提现：签到成功

领红包获得优惠券
领红包获得0.32现金
领红包获得0.01红包

领红包去提现0.32现金

领红包提现结果：
提现成功！


签到提现：去提0.03现金

签到提现结果：
提现成功！


==============📣系统通知📣==============
京东极速版红包
京东账号1Wang_Happy_
签到提现：签到成功
领红包提现0.32现金，提现成功！
签到提现0.03，提现成功！


******开始【京东账号2】蓝闺q*********

签到提现：签到成功

领红包获得优惠券
领红包获得0.07红包
领红包获得0.79现金

领红包去提现0.79现金

领红包提现结果：
提现成功！


签到提现：去提0.05现金

签到提现结果：
提现成功！


==============📣系统通知📣==============
京东极速版红包
京东账号2蓝闺q
签到提现：签到成功
领红包提现0.79现金，提现成功！
签到提现0.05，提现成功！


🔔京东极速版红包, 结束! 🕛 23.829 秒


## 执行结束... 2022-05-07 19:15:33 耗时 24 秒
