## 开始执行... 2022-05-11 18:09:19


🔔东东农场, 开始!
开始获取配置文件


====================共2个京东账号Cookie=================

============脚本执行时间：2022/5/11 18:09:19=============

>>>>>>>>>>>>>>6Dylan6 提示：任务正常运行中>>>>>>>>>>>>>>>

共2个京东账号

您提供了2个账号的农场助力码

开始【京东账号1】Wang_Happy_

第1个京东账号将要助力的好友["9866ec51345e413c9c4c3bbc9b49bca5","ef9ffb9c616c4a18b59bce3fd845aba3","38271ae5e71c4346893a92c336d4a265","cbe963cb270449f1a85fe6837175c6b6","872bc373775446e98dc4038b1bcbb331","5072d2b27aed4c688476535c43c526af","261c12bb3c064581b4e6e7d40571f151","a549c177d5374a0987beb7b57443a2f6"]

【京东账号1（jd_56ac883b2ee02）的东东农场好友互助码】3307dda3470e4e679a94b89338f92e21


【已成功兑换水果】0次

开始助力好友
格式化后的助力码::["9866ec51345e413c9c4c3bbc9b49bca5","ef9ffb9c616c4a18b59bce3fd845aba3","38271ae5e71c4346893a92c336d4a265","cbe963cb270449f1a85fe6837175c6b6","872bc373775446e98dc4038b1bcbb331","5072d2b27aed4c688476535c43c526af","261c12bb3c064581b4e6e7d40571f151","a549c177d5374a0987beb7b57443a2f6"]

开始助力京东账号1 - Wang_Happy_的好友: 9866ec51345e413c9c4c3bbc9b49bca5
【助力好友结果】: 之前给【蓝闺q】助力过了
【今日助力次数还剩】2次

开始助力京东账号1 - Wang_Happy_的好友: ef9ffb9c616c4a18b59bce3fd845aba3
【助力好友结果】: 好友【jd_YigaOxgMdflo】已满五人助力
【今日助力次数还剩】2次

开始助力京东账号1 - Wang_Happy_的好友: 38271ae5e71c4346893a92c336d4a265
【助力好友结果】: 好友【jd_717b4ed5550c7】已满五人助力
【今日助力次数还剩】2次

开始助力京东账号1 - Wang_Happy_的好友: cbe963cb270449f1a85fe6837175c6b6
【助力好友结果】: 好友【jd_4505394c746e1】已满五人助力
【今日助力次数还剩】2次

开始助力京东账号1 - Wang_Happy_的好友: 872bc373775446e98dc4038b1bcbb331
【助力好友结果】: 好友【caowin】已满五人助力
【今日助力次数还剩】2次

开始助力京东账号1 - Wang_Happy_的好友: 5072d2b27aed4c688476535c43c526af
【助力好友结果】: 好友【jd_180518pti】已满五人助力
【今日助力次数还剩】2次

开始助力京东账号1 - Wang_Happy_的好友: 261c12bb3c064581b4e6e7d40571f151
【助力好友结果】: 好友【酷拉la】已满五人助力
【今日助力次数还剩】2次

开始助力京东账号1 - Wang_Happy_的好友: a549c177d5374a0987beb7b57443a2f6
【助力好友结果】: 好友【jd_YyUUMXxlHkwS】已满五人助力
【今日助力次数还剩】2次

助力好友结束，即将开始领取额外水滴奖励


云南香水菠萝3斤种植中...


初始化任务列表
开始签到
签到结果:  {"code":"1","todayGotWaterGoalTask":{"canPop":false},"statisticsTimes":null,"sysTime":1652263772150,"message":null}
被水滴砸中： 否
签到结束,开始广告浏览任务
今天已经做过浏览广告任务

【定时领水】获得7g💧

开始给好友浇水...

初始化任务列表
今日已给1个好友浇水
需要浇水的好友列表shareCodes:[]
【好友浇水】已给0个好友浇水,消耗0g水


今日已邀请好友0个 / 每日邀请上限4个
开始删除1个好友,可拿每天的邀请奖励

开始删除好友 [9866ec51345e413c9c4c3bbc9b49bca5]
删除好友 [9866ec51345e413c9c4c3bbc9b49bca5] 成功

今日未邀请过好友
开始打卡领水活动（签到，关注，领券）
开始打卡领水活动（签到，关注，领券）结束

助力好友未达到2个

京东昵称【蓝闺q】 在 2022-5-11 6:11:11 给您助过力

领取额外奖励水滴结束

4小时候免费赠送的抽奖机会已领取
浏览天天抽奖的第1个逛会场任务已完成
浏览天天抽奖的第2个逛会场任务已完成
浏览天天抽奖的第3个逛会场任务已完成
浏览天天抽奖的第4个逛会场任务已完成
浏览天天抽奖的第5个逛会场任务已完成
开始天天抽奖--好友助力--每人每天只有三次助力机会.
天天抽奖-不要重复助力蓝闺q

---天天抽奖次数remainLotteryTimes----0次
天天抽奖--抽奖机会为0次

今日已完成10次浇水任务


初始化任务列表
首次浇水奖励已领取

finished 水果任务完成!

初始化任务列表
暂未给2个好友浇水

小鸭子游戏达到上限
执行再次浇水
开始检查剩余水滴能否再次浇水再次浇水

剩余水滴109g

背包已有道具:
快速浇水卡:11张
水滴翻倍卡:0张
水滴换京豆卡:1张
加签卡:0张

目前剩余水滴：【109】g,不再继续浇水,保留部分水滴用于完成第二天【十次浇水得水滴】任务
开始预测水果成熟时间


初始化任务列表

==============📣系统通知📣==============
东东农场
【京东账号1🆔】Wang_Happy_
【水果名称】云南香水菠萝3斤
【已兑换水果】0次
【今日剩余助力👬】2次
【额外奖励】领取失败,原因：给您助力的人未达2个
【助力您的好友】蓝闺q
【今日共浇水】11次
【剩余 水滴】109g💧
【水果进度】86.22%，已浇水194次,还需31次
【预测】后天(2022-05-13日)可兑换水果🍉
开始【京东账号2】蓝闺q

第2个京东账号将要助力的好友["3307dda3470e4e679a94b89338f92e21","ef9ffb9c616c4a18b59bce3fd845aba3","38271ae5e71c4346893a92c336d4a265","cbe963cb270449f1a85fe6837175c6b6","872bc373775446e98dc4038b1bcbb331","5072d2b27aed4c688476535c43c526af","261c12bb3c064581b4e6e7d40571f151","a549c177d5374a0987beb7b57443a2f6"]

【京东账号2（jd_72476e50d1b0e）的东东农场好友互助码】9866ec51345e413c9c4c3bbc9b49bca5


【已成功兑换水果】1次

开始助力好友
格式化后的助力码::["3307dda3470e4e679a94b89338f92e21","ef9ffb9c616c4a18b59bce3fd845aba3","38271ae5e71c4346893a92c336d4a265","cbe963cb270449f1a85fe6837175c6b6","872bc373775446e98dc4038b1bcbb331","5072d2b27aed4c688476535c43c526af","261c12bb3c064581b4e6e7d40571f151","a549c177d5374a0987beb7b57443a2f6"]

开始助力京东账号2 - 蓝闺q的好友: 3307dda3470e4e679a94b89338f92e21
【助力好友结果】: 之前给【Wang_Happy_】助力过了
【今日助力次数还剩】2次

开始助力京东账号2 - 蓝闺q的好友: ef9ffb9c616c4a18b59bce3fd845aba3
【助力好友结果】: 好友【jd_YigaOxgMdflo】已满五人助力
【今日助力次数还剩】2次

开始助力京东账号2 - 蓝闺q的好友: 38271ae5e71c4346893a92c336d4a265
【助力好友结果】: 好友【jd_717b4ed5550c7】已满五人助力
【今日助力次数还剩】2次

开始助力京东账号2 - 蓝闺q的好友: cbe963cb270449f1a85fe6837175c6b6
【助力好友结果】: 好友【jd_4505394c746e1】已满五人助力
【今日助力次数还剩】2次

开始助力京东账号2 - 蓝闺q的好友: 872bc373775446e98dc4038b1bcbb331
【助力好友结果】: 好友【caowin】已满五人助力
【今日助力次数还剩】2次

开始助力京东账号2 - 蓝闺q的好友: 5072d2b27aed4c688476535c43c526af
【助力好友结果】: 好友【jd_180518pti】已满五人助力
【今日助力次数还剩】2次

开始助力京东账号2 - 蓝闺q的好友: 261c12bb3c064581b4e6e7d40571f151
【助力好友结果】: 好友【酷拉la】已满五人助力
【今日助力次数还剩】2次

开始助力京东账号2 - 蓝闺q的好友: a549c177d5374a0987beb7b57443a2f6
【助力好友结果】: 好友【jd_YyUUMXxlHkwS】已满五人助力
【今日助力次数还剩】2次

助力好友结束，即将开始领取额外水滴奖励


3斤柠檬种植中...


初始化任务列表
开始签到
签到结果:  {"code":"1","todayGotWaterGoalTask":{"canPop":false},"statisticsTimes":null,"sysTime":1652263817471,"message":null}
被水滴砸中： 否
签到结束,开始广告浏览任务
今天已经做过浏览广告任务

【定时领水】获得8g💧

开始给好友浇水...

初始化任务列表
今日已给1个好友浇水
需要浇水的好友列表shareCodes:[]
【好友浇水】已给0个好友浇水,消耗0g水


今日已邀请好友0个 / 每日邀请上限4个
开始删除1个好友,可拿每天的邀请奖励

开始删除好友 [3307dda3470e4e679a94b89338f92e21]
删除好友 [3307dda3470e4e679a94b89338f92e21] 成功

今日未邀请过好友
开始打卡领水活动（签到，关注，领券）
开始领取--惊喜礼包38g水滴
开始打卡领水活动（签到，关注，领券）结束

助力好友未达到2个

京东昵称【Wang_Happy_】 在 2022-5-11 6:9:9 给您助过力

领取额外奖励水滴结束

4小时候免费赠送的抽奖机会已领取
浏览天天抽奖的第1个逛会场任务已完成
浏览天天抽奖的第2个逛会场任务已完成
浏览天天抽奖的第3个逛会场任务已完成
浏览天天抽奖的第4个逛会场任务已完成
浏览天天抽奖的第5个逛会场任务已完成
开始天天抽奖--好友助力--每人每天只有三次助力机会.
天天抽奖-不要重复助力Wang_Happy_

---天天抽奖次数remainLotteryTimes----0次
天天抽奖--抽奖机会为0次

今日已完成10次浇水任务


初始化任务列表
首次浇水奖励已领取

finished 水果任务完成!

初始化任务列表
暂未给2个好友浇水

小鸭子游戏达到上限
执行再次浇水
开始检查剩余水滴能否再次浇水再次浇水

剩余水滴111g

背包已有道具:
快速浇水卡:23张
水滴翻倍卡:未解锁
水滴换京豆卡:1张
加签卡:0张

目前剩余水滴：【111】g，可继续浇水
等待了1秒
本次浇水结果:   {"code":"0","totalEnergy":101,"statisticsTimes":null,"totalWaterTimes":16,"sysTime":1652263852423,"finished":false,"message":null,"waterStatus":0,"sendAmount":10,"treeEnergy":2120}

浇水10g成功,剩余101

开始预测水果成熟时间


初始化任务列表

==============📣系统通知📣==============
东东农场
【京东账号2🆔】蓝闺q
【水果名称】3斤柠檬
【已兑换水果】1次
【今日剩余助力👬】2次
【额外奖励】领取失败,原因：给您助力的人未达2个
【助力您的好友】Wang_Happy_
【今日共浇水】16次
【剩余 水滴】101g💧
【水果进度】53.00%，已浇水212次,还需188次
【预测】12天之后(2022-05-23日)可兑换水果🍉
开始发送通知...
通知标题: 东东农场
成员ID:@all企业微信应用消息发送通知消息成功🎉。


🔔东东农场, 结束! 🕛 94.978 秒


## 执行结束... 2022-05-11 18:10:54 耗时 95 秒
