## 开始执行... 2022-05-09 06:06:27


🔔东东农场, 开始!
开始获取配置文件


====================共2个京东账号Cookie=================

============脚本执行时间：2022/5/9 06:06:27=============

>>>>>>>>>>>>>>6Dylan6 提示：任务正常运行中>>>>>>>>>>>>>>>

共2个京东账号

您提供了2个账号的农场助力码

开始【京东账号1】Wang_Happy_

第1个京东账号将要助力的好友["9866ec51345e413c9c4c3bbc9b49bca5","ef9ffb9c616c4a18b59bce3fd845aba3","38271ae5e71c4346893a92c336d4a265","cbe963cb270449f1a85fe6837175c6b6","872bc373775446e98dc4038b1bcbb331","5072d2b27aed4c688476535c43c526af","261c12bb3c064581b4e6e7d40571f151","a549c177d5374a0987beb7b57443a2f6"]

【京东账号1（jd_56ac883b2ee02）的东东农场好友互助码】3307dda3470e4e679a94b89338f92e21


【已成功兑换水果】0次

开始助力好友
格式化后的助力码::["9866ec51345e413c9c4c3bbc9b49bca5","ef9ffb9c616c4a18b59bce3fd845aba3","38271ae5e71c4346893a92c336d4a265","cbe963cb270449f1a85fe6837175c6b6","872bc373775446e98dc4038b1bcbb331","5072d2b27aed4c688476535c43c526af","261c12bb3c064581b4e6e7d40571f151","a549c177d5374a0987beb7b57443a2f6"]

开始助力京东账号1 - Wang_Happy_的好友: 9866ec51345e413c9c4c3bbc9b49bca5
【助力好友结果】: 已成功给【蓝闺q】助力
给好友【蓝闺q】助力获得1g水滴
【今日助力次数还剩】2次

开始助力京东账号1 - Wang_Happy_的好友: ef9ffb9c616c4a18b59bce3fd845aba3
【助力好友结果】: 好友【jd_YigaOxgMdflo】已满五人助力
【今日助力次数还剩】2次

开始助力京东账号1 - Wang_Happy_的好友: 38271ae5e71c4346893a92c336d4a265
【助力好友结果】: 好友【jd_717b4ed5550c7】已满五人助力
【今日助力次数还剩】2次

开始助力京东账号1 - Wang_Happy_的好友: cbe963cb270449f1a85fe6837175c6b6
【助力好友结果】: 好友【jd_4505394c746e1】已满五人助力
【今日助力次数还剩】2次

开始助力京东账号1 - Wang_Happy_的好友: 872bc373775446e98dc4038b1bcbb331
【助力好友结果】: 好友【caowin】已满五人助力
【今日助力次数还剩】2次

开始助力京东账号1 - Wang_Happy_的好友: 5072d2b27aed4c688476535c43c526af
【助力好友结果】: 好友【jd_180518pti】已满五人助力
【今日助力次数还剩】2次

开始助力京东账号1 - Wang_Happy_的好友: 261c12bb3c064581b4e6e7d40571f151
【助力好友结果】: 好友【酷拉la】已满五人助力
【今日助力次数还剩】2次

开始助力京东账号1 - Wang_Happy_的好友: a549c177d5374a0987beb7b57443a2f6
【助力好友结果】: 好友【jd_YyUUMXxlHkwS】已满五人助力
【今日助力次数还剩】2次

【助力好友👬】获得1g💧

助力好友结束，即将开始领取额外水滴奖励


云南香水菠萝3斤种植中...


初始化任务列表
开始签到
签到结果:  {"code":"1","todayGotWaterGoalTask":{"canPop":false},"statisticsTimes":null,"sysTime":1652047600479,"message":null}
被水滴砸中： 否
签到结束,开始广告浏览任务
正在进行广告浏览任务: 限时金融礼 最高减50元
限时金融礼 最高减50元浏览任务完成
领取浏览限时金融礼 最高减50元广告奖励成功,获得8g
正在进行广告浏览任务: 低至1元秒杀
低至1元秒杀浏览任务完成
领取浏览低至1元秒杀广告奖励成功,获得8g
正在进行广告浏览任务: 1元好书限量抢！
1元好书限量抢！浏览任务完成
领取浏览1元好书限量抢！广告奖励成功,获得8g
正在进行广告浏览任务: 超级秒杀 满12减3
超级秒杀 满12减3浏览任务完成
领取浏览超级秒杀 满12减3广告奖励成功,获得8g
正在进行广告浏览任务: 每天来领万人团红包
每天来领万人团红包浏览任务完成
领取浏览每天来领万人团红包广告奖励成功,获得5g
正在进行广告浏览任务: 9.9元包邮直降
9.9元包邮直降浏览任务完成
领取浏览9.9元包邮直降广告奖励成功,获得5g
【广告浏览】完成6个,获得42g💧

【定时领水】获得7g💧

开始给好友浇水...

初始化任务列表
今日已给0个好友浇水
需要浇水的好友列表shareCodes:["9866ec51345e413c9c4c3bbc9b49bca5"]
为第1个好友浇水结果:{"code":"0","remainTimeSeconds":64382,"firstWater":false,"statisticsTimes":null,"sysTime":1652047618216,"message":null}

【好友浇水】已给1个好友浇水,消耗10g水


今日已邀请好友0个 / 每日邀请上限4个
开始删除1个好友,可拿每天的邀请奖励

开始删除好友 [9866ec51345e413c9c4c3bbc9b49bca5]
删除好友 [9866ec51345e413c9c4c3bbc9b49bca5] 成功

今日未邀请过好友
开始打卡领水活动（签到，关注，领券）
开始今日签到
打卡结果{"amount":10,"code":"0","todayGotWaterGoalTask":{"canPop":false},"statisticsTimes":null,"signDay":4,"sysTime":1652047632753,"message":null}
【第4天签到】获得10g💧

关注ID96
themeStep1--结果{"followState":"0","code":"0","todayGotWaterGoalTask":{"canPop":false},"statisticsTimes":null,"sysTime":1652047633863,"message":null}
themeStep2--结果{"amount":2,"code":"0","todayGotWaterGoalTask":{"canPop":false},"statisticsTimes":null,"sysTime":1652047634963,"message":null}
关注美妆馆，获得水滴2g
关注ID313
themeStep1--结果{"followState":"0","code":"0","todayGotWaterGoalTask":{"canPop":false},"statisticsTimes":null,"sysTime":1652047636068,"message":null}
themeStep2--结果{"amount":2,"code":"0","todayGotWaterGoalTask":{"canPop":false},"statisticsTimes":null,"sysTime":1652047637164,"message":null}
关注京东服饰，获得水滴2g
关注ID482
themeStep1--结果{"followState":"0","code":"0","todayGotWaterGoalTask":{"canPop":false},"statisticsTimes":null,"sysTime":1652047639158,"message":null}
themeStep2--结果{"amount":2,"code":"0","todayGotWaterGoalTask":{"canPop":false},"statisticsTimes":null,"sysTime":1652047640267,"message":null}
关注分京豆，获得水滴2g
开始打卡领水活动（签到，关注，领券）结束

水滴雨任务，每天两次，最多可得10g水滴
两次水滴雨任务是否全部完成：否
开始水滴雨任务,这是第1次，剩余1次
水滴雨waterRain
水滴雨任务执行成功，获得水滴：10g
【第1次水滴雨】获得10g水滴

助力好友未达到2个
领取额外奖励水滴结束

是否到了领取免费赠送的抽奖机会----false
免费赠送的抽奖机会未到时间
开始浏览天天抽奖的第1个逛会场任务
浏览爆品会场
第1个逛会场任务完成，开始领取水滴奖励

天天抽奖浏览任务领取水滴
第1个逛会场任务领取水滴奖励完成

开始浏览天天抽奖的第2个逛会场任务
浏览爆品会场
第2个逛会场任务完成，开始领取水滴奖励

天天抽奖浏览任务领取水滴
第2个逛会场任务领取水滴奖励完成

开始浏览天天抽奖的第3个逛会场任务
浏览爆品会场
第3个逛会场任务完成，开始领取水滴奖励

天天抽奖浏览任务领取水滴
第3个逛会场任务领取水滴奖励完成

开始浏览天天抽奖的第4个逛会场任务
浏览爆品会场
第4个逛会场任务完成，开始领取水滴奖励

天天抽奖浏览任务领取水滴
第4个逛会场任务领取水滴奖励完成

开始浏览天天抽奖的第5个逛会场任务
浏览爆品会场
第5个逛会场任务完成，开始领取水滴奖励

天天抽奖浏览任务领取水滴
第5个逛会场任务领取水滴奖励完成

开始浏览天天抽奖的第6个逛会场任务
浏览爆品会场
第6个逛会场任务完成，开始领取水滴奖励

天天抽奖浏览任务领取水滴
第6个逛会场任务领取水滴奖励完成

开始浏览天天抽奖的第7个逛会场任务
浏览爆品会场
第7个逛会场任务完成，开始领取水滴奖励

天天抽奖浏览任务领取水滴
第7个逛会场任务领取水滴奖励完成

开始天天抽奖--好友助力--每人每天只有三次助力机会.
天天抽奖-助力蓝闺q成功

---天天抽奖次数remainLotteryTimes----8次
开始抽奖
等待了2秒
第1次抽奖结果{"code":"0","statisticsTimes":null,"sysTime":1652047681242,"message":null,"type":"thanks","remainLotteryTimes":7}
lotteryRes.typethanks
等待了2秒
第2次抽奖结果{"beanCount":1,"code":"0","statisticsTimes":null,"sysTime":1652047684384,"message":null,"type":"bean1","remainLotteryTimes":6}
lotteryRes.typebean1
等待了2秒
第3次抽奖结果{"beanCount":1,"code":"0","statisticsTimes":null,"sysTime":1652047687528,"message":null,"type":"bean1","remainLotteryTimes":5}
lotteryRes.typebean1
等待了2秒
第4次抽奖结果{"code":"0","statisticsTimes":null,"sysTime":1652047690643,"message":null,"type":"thanks","remainLotteryTimes":4}
lotteryRes.typethanks
等待了2秒
第5次抽奖结果{"code":"0","statisticsTimes":null,"sysTime":1652047693955,"addWater":10,"message":null,"type":"water1","remainLotteryTimes":3}
lotteryRes.typewater1
等待了2秒
第6次抽奖结果{"beanCount":1,"code":"0","statisticsTimes":null,"sysTime":1652047697100,"message":null,"type":"bean1","remainLotteryTimes":2}
lotteryRes.typebean1
等待了2秒
第7次抽奖结果{"code":"0","couponInfo":{"couponId":"304739447533","batchId":863222793,"type":1,"style":0,"beginTime":1652047700214,"endTime":1652198399214,"discount":10,"quota":19},"statisticsTimes":null,"sysTime":1652047700225,"couponResultCode":200,"message":null,"type":"coupon4","limitStr":"限购 [爱多多宠物零食官方旗舰店] 店铺商品","remainLotteryTimes":1}
lotteryRes.typecoupon4
等待了2秒
第8次抽奖结果{"code":"0","statisticsTimes":null,"sysTime":1652047703338,"message":null,"type":"thanks","remainLotteryTimes":0}
lotteryRes.typethanks
【天天抽奖】谢谢参与，京豆1个，京豆1个，谢谢参与，水滴10g，京豆1个，优惠券4-宠物，谢谢参与


准备浇水十次
第1次浇水
等待了1秒
本次浇水结果:   {"code":"0","totalEnergy":175,"statisticsTimes":null,"totalWaterTimes":2,"sysTime":1652047707203,"finished":false,"message":null,"waterStatus":0,"sendAmount":10,"treeEnergy":1570}
剩余水滴175g
第2次浇水
等待了1秒
本次浇水结果:   {"code":"0","totalEnergy":165,"statisticsTimes":null,"totalWaterTimes":3,"sysTime":1652047709326,"finished":false,"message":null,"waterStatus":0,"sendAmount":10,"treeEnergy":1580}
剩余水滴165g
第3次浇水
等待了1秒
本次浇水结果:   {"code":"0","totalEnergy":155,"statisticsTimes":null,"totalWaterTimes":4,"sysTime":1652047711452,"finished":false,"message":null,"waterStatus":0,"sendAmount":10,"treeEnergy":1590}
剩余水滴155g
第4次浇水
等待了1秒
本次浇水结果:   {"code":"0","totalEnergy":145,"statisticsTimes":null,"totalWaterTimes":5,"sysTime":1652047713556,"finished":false,"message":null,"waterStatus":0,"sendAmount":10,"treeEnergy":1600}
剩余水滴145g
第5次浇水
等待了1秒
本次浇水结果:   {"code":"0","totalEnergy":135,"statisticsTimes":null,"totalWaterTimes":6,"sysTime":1652047715875,"finished":false,"message":null,"waterStatus":0,"sendAmount":10,"treeEnergy":1610}
剩余水滴135g
第6次浇水
等待了1秒
本次浇水结果:   {"code":"0","totalEnergy":125,"statisticsTimes":null,"totalWaterTimes":7,"sysTime":1652047717972,"finished":false,"message":null,"waterStatus":0,"sendAmount":10,"treeEnergy":1620}
剩余水滴125g
第7次浇水
等待了1秒
本次浇水结果:   {"code":"0","totalEnergy":115,"statisticsTimes":null,"totalWaterTimes":8,"sysTime":1652047720083,"finished":false,"message":null,"waterStatus":0,"sendAmount":10,"treeEnergy":1630}
剩余水滴115g
第8次浇水
等待了1秒
本次浇水结果:   {"code":"0","totalEnergy":105,"statisticsTimes":null,"totalWaterTimes":9,"sysTime":1652047722185,"finished":false,"message":null,"waterStatus":0,"sendAmount":10,"treeEnergy":1640}
剩余水滴105g
第9次浇水
等待了1秒
本次浇水结果:   {"code":"0","totalEnergy":95,"statisticsTimes":null,"totalWaterTimes":10,"sysTime":1652047724290,"finished":false,"message":null,"waterStatus":0,"sendAmount":10,"treeEnergy":1650}
剩余水滴95g
第10次浇水
等待了1秒
本次浇水结果:   {"code":"0","totalEnergy":85,"statisticsTimes":null,"totalWaterTimes":11,"sysTime":1652047726400,"finished":false,"message":null,"waterStatus":0,"sendAmount":10,"treeEnergy":1660}
剩余水滴85g

初始化任务列表
【首次浇水奖励】获得5g💧

【十次浇水奖励】获得10g💧

finished 水果任务完成!

初始化任务列表
暂未给2个好友浇水

小鸭子游戏:小鸭子为你带回了水滴
小鸭子游戏:假日懒洋洋，小鸭晒太阳
小鸭子游戏:小鸭子还在努力乘风破浪
小鸭子游戏:小鸭子和好友玩耍去啦
小鸭子游戏:小鸭子和好友玩耍去啦
贪吃鸭沉浸在美食之中
执行再次浇水
开始检查剩余水滴能否再次浇水再次浇水

剩余水滴105g

背包已有道具:
快速浇水卡:9张
水滴翻倍卡:0张
水滴换京豆卡:1张
加签卡:0张

目前剩余水滴：【105】g,不再继续浇水,保留部分水滴用于完成第二天【十次浇水得水滴】任务
开始预测水果成熟时间


初始化任务列表

==============📣系统通知📣==============
东东农场
【京东账号1🆔】Wang_Happy_
【水果名称】云南香水菠萝3斤
【已兑换水果】0次
【今日剩余助力👬】2次
【额外奖励】领取失败,原因：给您助力的人未达2个
【今日共浇水】11次
【剩余 水滴】105g💧
【水果进度】73.78%，已浇水166次,还需59次
【预测】5天之后(2022-05-14日)可兑换水果🍉
开始【京东账号2】蓝闺q

第2个京东账号将要助力的好友["3307dda3470e4e679a94b89338f92e21","ef9ffb9c616c4a18b59bce3fd845aba3","38271ae5e71c4346893a92c336d4a265","cbe963cb270449f1a85fe6837175c6b6","872bc373775446e98dc4038b1bcbb331","5072d2b27aed4c688476535c43c526af","261c12bb3c064581b4e6e7d40571f151","a549c177d5374a0987beb7b57443a2f6"]

【京东账号2（jd_72476e50d1b0e）的东东农场好友互助码】9866ec51345e413c9c4c3bbc9b49bca5


【已成功兑换水果】1次

开始助力好友
格式化后的助力码::["3307dda3470e4e679a94b89338f92e21","ef9ffb9c616c4a18b59bce3fd845aba3","38271ae5e71c4346893a92c336d4a265","cbe963cb270449f1a85fe6837175c6b6","872bc373775446e98dc4038b1bcbb331","5072d2b27aed4c688476535c43c526af","261c12bb3c064581b4e6e7d40571f151","a549c177d5374a0987beb7b57443a2f6"]

开始助力京东账号2 - 蓝闺q的好友: 3307dda3470e4e679a94b89338f92e21
【助力好友结果】: 已成功给【Wang_Happy_】助力
给好友【Wang_Happy_】助力获得1g水滴
【今日助力次数还剩】2次

开始助力京东账号2 - 蓝闺q的好友: ef9ffb9c616c4a18b59bce3fd845aba3
【助力好友结果】: 好友【jd_YigaOxgMdflo】已满五人助力
【今日助力次数还剩】2次

开始助力京东账号2 - 蓝闺q的好友: 38271ae5e71c4346893a92c336d4a265
【助力好友结果】: 好友【jd_717b4ed5550c7】已满五人助力
【今日助力次数还剩】2次

开始助力京东账号2 - 蓝闺q的好友: cbe963cb270449f1a85fe6837175c6b6
【助力好友结果】: 好友【jd_4505394c746e1】已满五人助力
【今日助力次数还剩】2次

开始助力京东账号2 - 蓝闺q的好友: 872bc373775446e98dc4038b1bcbb331
【助力好友结果】: 好友【caowin】已满五人助力
【今日助力次数还剩】2次

开始助力京东账号2 - 蓝闺q的好友: 5072d2b27aed4c688476535c43c526af
【助力好友结果】: 好友【jd_180518pti】已满五人助力
【今日助力次数还剩】2次

开始助力京东账号2 - 蓝闺q的好友: 261c12bb3c064581b4e6e7d40571f151
【助力好友结果】: 好友【酷拉la】已满五人助力
【今日助力次数还剩】2次

开始助力京东账号2 - 蓝闺q的好友: a549c177d5374a0987beb7b57443a2f6
【助力好友结果】: 好友【jd_YyUUMXxlHkwS】已满五人助力
【今日助力次数还剩】2次

【助力好友👬】获得1g💧

助力好友结束，即将开始领取额外水滴奖励


3斤柠檬种植中...


初始化任务列表
开始签到
签到结果:  {"code":"1","todayGotWaterGoalTask":{"canPop":false},"statisticsTimes":null,"sysTime":1652047747628,"message":null}
被水滴砸中： 否
签到结束,开始广告浏览任务
正在进行广告浏览任务: 限时金融礼 最高减50元
限时金融礼 最高减50元浏览任务完成
领取浏览限时金融礼 最高减50元广告奖励成功,获得8g
正在进行广告浏览任务: 低至1元秒杀
低至1元秒杀浏览任务完成
领取浏览低至1元秒杀广告奖励成功,获得8g
正在进行广告浏览任务: 1元好书限量抢！
1元好书限量抢！浏览任务完成
领取浏览1元好书限量抢！广告奖励成功,获得8g
正在进行广告浏览任务: 超级秒杀 满12减3
超级秒杀 满12减3浏览任务完成
领取浏览超级秒杀 满12减3广告奖励成功,获得8g
正在进行广告浏览任务: 每天来领万人团红包
每天来领万人团红包浏览任务完成
领取浏览每天来领万人团红包广告奖励成功,获得5g
正在进行广告浏览任务: 9.9元包邮直降
9.9元包邮直降浏览任务完成
领取浏览9.9元包邮直降广告奖励成功,获得5g
【广告浏览】完成6个,获得42g💧

【定时领水】获得4g💧

开始给好友浇水...

初始化任务列表
今日已给0个好友浇水
需要浇水的好友列表shareCodes:["3307dda3470e4e679a94b89338f92e21"]
为第1个好友浇水结果:{"code":"0","cardInfo":{"type":"fastCard","beanAward":-1,"useTimesInDay":-1,"version":1,"rule":"快速浇壶中已有水滴，单次最多100g","way":"添加好友、帮好友浇水","cardSubTitle":"浇壶中已有水滴，最多100g"},"remainTimeSeconds":64235,"firstWater":false,"statisticsTimes":null,"sysTime":1652047765641,"sendCard":"fastCard","message":null}

为好友浇水获得道具了
获取道具卡:快速浇壶中已有水滴，单次最多100g
【好友浇水】已给1个好友浇水,消耗10g水

【好友浇水奖励】快速浇水卡


今日已邀请好友0个 / 每日邀请上限4个
开始删除1个好友,可拿每天的邀请奖励

开始删除好友 [3307dda3470e4e679a94b89338f92e21]
删除好友 [3307dda3470e4e679a94b89338f92e21] 成功

今日未邀请过好友
开始打卡领水活动（签到，关注，领券）
开始今日签到
打卡结果{"amount":10,"code":"0","todayGotWaterGoalTask":{"canPop":false},"statisticsTimes":null,"signDay":4,"sysTime":1652047779230,"message":null}
【第4天签到】获得10g💧

关注ID96
themeStep1--结果{"followState":"0","code":"0","todayGotWaterGoalTask":{"canPop":false},"statisticsTimes":null,"sysTime":1652047780323,"message":null}
themeStep2--结果{"amount":2,"code":"0","todayGotWaterGoalTask":{"canPop":false},"statisticsTimes":null,"sysTime":1652047782092,"message":null}
关注美妆馆，获得水滴2g
关注ID313
themeStep1--结果{"followState":"0","code":"0","todayGotWaterGoalTask":{"canPop":false},"statisticsTimes":null,"sysTime":1652047783182,"message":null}
themeStep2--结果{"amount":2,"code":"0","todayGotWaterGoalTask":{"canPop":false},"statisticsTimes":null,"sysTime":1652047784288,"message":null}
关注京东服饰，获得水滴2g
关注ID482
themeStep1--结果{"followState":"0","code":"0","todayGotWaterGoalTask":{"canPop":false},"statisticsTimes":null,"sysTime":1652047785388,"message":null}
themeStep2--结果{"amount":2,"code":"0","todayGotWaterGoalTask":{"canPop":false},"statisticsTimes":null,"sysTime":1652047786480,"message":null}
关注分京豆，获得水滴2g
开始打卡领水活动（签到，关注，领券）结束

水滴雨任务，每天两次，最多可得10g水滴
两次水滴雨任务是否全部完成：否
开始水滴雨任务,这是第1次，剩余1次
水滴雨waterRain
水滴雨任务执行成功，获得水滴：10g
【第1次水滴雨】获得10g水滴

助力好友未达到2个

京东昵称【Wang_Happy_】 在 2022-5-9 6:6:6 给您助过力

领取额外奖励水滴结束

是否到了领取免费赠送的抽奖机会----false
免费赠送的抽奖机会未到时间
开始浏览天天抽奖的第1个逛会场任务
浏览爆品会场
第1个逛会场任务完成，开始领取水滴奖励

天天抽奖浏览任务领取水滴
第1个逛会场任务领取水滴奖励完成

开始浏览天天抽奖的第2个逛会场任务
浏览爆品会场
第2个逛会场任务完成，开始领取水滴奖励

天天抽奖浏览任务领取水滴
第2个逛会场任务领取水滴奖励完成

开始浏览天天抽奖的第3个逛会场任务
浏览爆品会场
第3个逛会场任务完成，开始领取水滴奖励

天天抽奖浏览任务领取水滴
第3个逛会场任务领取水滴奖励完成

开始浏览天天抽奖的第4个逛会场任务
浏览爆品会场
第4个逛会场任务完成，开始领取水滴奖励

天天抽奖浏览任务领取水滴
第4个逛会场任务领取水滴奖励完成

开始浏览天天抽奖的第5个逛会场任务
浏览爆品会场
第5个逛会场任务完成，开始领取水滴奖励

天天抽奖浏览任务领取水滴
第5个逛会场任务领取水滴奖励完成

开始浏览天天抽奖的第6个逛会场任务
浏览爆品会场
第6个逛会场任务完成，开始领取水滴奖励

天天抽奖浏览任务领取水滴
第6个逛会场任务领取水滴奖励完成

开始浏览天天抽奖的第7个逛会场任务
浏览爆品会场
第7个逛会场任务完成，开始领取水滴奖励

天天抽奖浏览任务领取水滴
第7个逛会场任务领取水滴奖励完成

开始天天抽奖--好友助力--每人每天只有三次助力机会.
天天抽奖-助力Wang_Happy_成功

---天天抽奖次数remainLotteryTimes----10次
开始抽奖
等待了2秒
第1次抽奖结果{"code":"0","statisticsTimes":null,"sysTime":1652047825164,"message":null,"type":"thanks","remainLotteryTimes":9}
lotteryRes.typethanks
等待了2秒
第2次抽奖结果{"code":"0","statisticsTimes":null,"sysTime":1652047828278,"message":null,"type":"thanks","remainLotteryTimes":8}
lotteryRes.typethanks
等待了2秒
第3次抽奖结果{"code":"0","statisticsTimes":null,"sysTime":1652047831388,"message":null,"type":"thanks","remainLotteryTimes":7}
lotteryRes.typethanks
等待了2秒
第4次抽奖结果{"code":"0","statisticsTimes":null,"sysTime":1652047834488,"message":null,"type":"thanks","remainLotteryTimes":6}
lotteryRes.typethanks
等待了2秒
第5次抽奖结果{"code":"0","statisticsTimes":null,"sysTime":1652047837609,"message":null,"type":"thanks","remainLotteryTimes":5}
lotteryRes.typethanks
等待了2秒
第6次抽奖结果{"code":"0","statisticsTimes":null,"sysTime":1652047840712,"message":null,"type":"thanks","remainLotteryTimes":4}
lotteryRes.typethanks
等待了2秒
第7次抽奖结果{"code":"0","statisticsTimes":null,"sysTime":1652047843815,"message":null,"type":"thanks","remainLotteryTimes":3}
lotteryRes.typethanks
等待了2秒
第8次抽奖结果{"beanCount":1,"code":"0","statisticsTimes":null,"sysTime":1652047846959,"message":null,"type":"bean1","remainLotteryTimes":2}
lotteryRes.typebean1
等待了2秒
第9次抽奖结果{"code":"0","couponInfo":{"couponId":"304739362457","batchId":863222793,"type":1,"style":0,"beginTime":1652047850065,"endTime":1652198399065,"discount":10,"quota":19},"statisticsTimes":null,"sysTime":1652047850081,"couponResultCode":200,"message":null,"type":"coupon4","limitStr":"限购 [爱多多宠物零食官方旗舰店] 店铺商品","remainLotteryTimes":1}
lotteryRes.typecoupon4
等待了2秒
第10次抽奖结果{"code":"0","statisticsTimes":null,"sysTime":1652047853185,"message":null,"type":"thanks","remainLotteryTimes":0}
lotteryRes.typethanks
【天天抽奖】谢谢参与，谢谢参与，谢谢参与，谢谢参与，谢谢参与，谢谢参与，谢谢参与，京豆1个，优惠券4-宠物，谢谢参与


准备浇水十次
第1次浇水
等待了1秒
本次浇水结果:   {"code":"0","totalEnergy":153,"statisticsTimes":null,"totalWaterTimes":2,"sysTime":1652047856388,"finished":false,"message":null,"waterStatus":0,"sendAmount":10,"treeEnergy":1730}
剩余水滴153g
第2次浇水
等待了1秒
本次浇水结果:   {"code":"0","totalEnergy":143,"statisticsTimes":null,"totalWaterTimes":3,"sysTime":1652047858504,"finished":false,"message":null,"waterStatus":0,"sendAmount":10,"treeEnergy":1740}
剩余水滴143g
第3次浇水
等待了1秒
本次浇水结果:   {"code":"0","totalEnergy":133,"statisticsTimes":null,"totalWaterTimes":4,"sysTime":1652047860616,"finished":false,"message":null,"waterStatus":0,"sendAmount":10,"treeEnergy":1750}
剩余水滴133g
第4次浇水
等待了1秒
本次浇水结果:   {"code":"0","totalEnergy":123,"statisticsTimes":null,"totalWaterTimes":5,"sysTime":1652047862712,"finished":false,"message":null,"waterStatus":0,"sendAmount":10,"treeEnergy":1760}
剩余水滴123g
第5次浇水
等待了1秒
本次浇水结果:   {"code":"0","totalEnergy":113,"statisticsTimes":null,"totalWaterTimes":6,"sysTime":1652047864809,"finished":false,"message":null,"waterStatus":0,"sendAmount":10,"treeEnergy":1770}
剩余水滴113g
第6次浇水
等待了1秒
本次浇水结果:   {"code":"0","totalEnergy":103,"statisticsTimes":null,"totalWaterTimes":7,"sysTime":1652047866925,"finished":false,"message":null,"waterStatus":0,"sendAmount":10,"treeEnergy":1780}
剩余水滴103g
第7次浇水
等待了1秒
本次浇水结果:   {"code":"0","totalEnergy":93,"statisticsTimes":null,"totalWaterTimes":8,"sysTime":1652047869032,"finished":false,"message":null,"waterStatus":0,"sendAmount":10,"treeEnergy":1790}
剩余水滴93g
第8次浇水
等待了1秒
本次浇水结果:   {"code":"0","totalEnergy":83,"statisticsTimes":null,"totalWaterTimes":9,"sysTime":1652047871129,"finished":false,"message":null,"waterStatus":0,"sendAmount":10,"treeEnergy":1800}
剩余水滴83g
第9次浇水
等待了1秒
本次浇水结果:   {"code":"0","totalEnergy":73,"statisticsTimes":null,"totalWaterTimes":10,"sysTime":1652047873228,"finished":false,"message":null,"waterStatus":0,"sendAmount":10,"treeEnergy":1810}
剩余水滴73g
第10次浇水
等待了1秒
本次浇水结果:   {"code":"0","totalEnergy":63,"statisticsTimes":null,"totalWaterTimes":11,"sysTime":1652047875334,"finished":false,"message":null,"waterStatus":0,"sendAmount":10,"treeEnergy":1820}
剩余水滴63g

初始化任务列表
【首次浇水奖励】获得5g💧

【十次浇水奖励】获得10g💧

finished 水果任务完成!

初始化任务列表
暂未给2个好友浇水

小鸭子游戏:小鸭子为你带回了水滴
小鸭子游戏:小鸭子还在努力乘风破浪
小鸭子游戏:小鸭子和好友玩耍去啦
小鸭子游戏:小鸭子和好友玩耍去啦
小鸭子游戏:贪吃鸭沉浸在美食之中
小鸭子和好友玩耍去啦
执行再次浇水
开始检查剩余水滴能否再次浇水再次浇水

剩余水滴83g

背包已有道具:
快速浇水卡:21张
水滴翻倍卡:未解锁
水滴换京豆卡:1张
加签卡:0张

目前剩余水滴：【83】g,不再继续浇水,保留部分水滴用于完成第二天【十次浇水得水滴】任务
开始预测水果成熟时间


初始化任务列表

==============📣系统通知📣==============
东东农场
【京东账号2🆔】蓝闺q
【水果名称】3斤柠檬
【已兑换水果】1次
【今日剩余助力👬】2次
【额外奖励】领取失败,原因：给您助力的人未达2个
【助力您的好友】Wang_Happy_
【今日共浇水】11次
【剩余 水滴】83g💧
【水果进度】45.50%，已浇水182次,还需218次
【预测】20天之后(2022-05-29日)可兑换水果🍉
开始发送通知...
通知标题: 东东农场
成员ID:@all企业微信应用消息发送通知消息成功🎉。


🔔东东农场, 结束! 🕛 296.916 秒


## 执行结束... 2022-05-09 06:11:24 耗时 297 秒
