## 开始执行... 2022-05-12 12:08:51


🔔东东农场, 开始!
开始获取配置文件


====================共2个京东账号Cookie=================

============脚本执行时间：2022/5/12 12:08:52=============

>>>>>>>>>>>>>>6Dylan6 提示：任务正常运行中>>>>>>>>>>>>>>>

共2个京东账号

您提供了2个账号的农场助力码

开始【京东账号1】jd_56ac883b2ee02

第1个京东账号将要助力的好友["9866ec51345e413c9c4c3bbc9b49bca5"]

【京东账号1（jd_56ac883b2ee02）的东东农场好友互助码】3307dda3470e4e679a94b89338f92e21


【已成功兑换水果】0次

开始助力好友
格式化后的助力码::["9866ec51345e413c9c4c3bbc9b49bca5"]

开始助力京东账号1 - jd_56ac883b2ee02的好友: 9866ec51345e413c9c4c3bbc9b49bca5
【助力好友结果】: 之前给【蓝闺q】助力过了
【今日助力次数还剩】2次

助力好友结束，即将开始领取额外水滴奖励


云南香水菠萝3斤种植中...


初始化任务列表
开始签到
签到结果:  {"code":"1","todayGotWaterGoalTask":{"getTodayGotWaterGoalTask":{"icon":"https://m.360buyimg.com/babel/jfs/t1/186081/16/10612/181675/60d2d993Eb70d6aab/910ee4b284c3d051.png","goalWater":20,"sendWater":5,"upMainTitle":"继续去逛逛农场","upSecondTitle":"为你送上5g水滴","link":"https://h5.m.jd.com/babelDiy/Zeus/CvMVbdFGXPiWFFPCc934RiJfMPu/index.html?babelChannel=ttt11","vendorid":"1","linkType":"H5"},"canPop":true},"statisticsTimes":null,"sysTime":1652328547239,"message":null}
被水滴砸中： 是
【被水滴砸中】获得5g💧\n
签到结束,开始广告浏览任务
今天已经做过浏览广告任务

【定时领水】获得4g💧

开始给好友浇水...

初始化任务列表
今日已给1个好友浇水
需要浇水的好友列表shareCodes:[]
【好友浇水】已给0个好友浇水,消耗0g水


今日已邀请好友0个 / 每日邀请上限4个
开始删除1个好友,可拿每天的邀请奖励

开始删除好友 [9866ec51345e413c9c4c3bbc9b49bca5]
删除好友 [9866ec51345e413c9c4c3bbc9b49bca5] 成功

今日未邀请过好友
开始打卡领水活动（签到，关注，领券）
开始打卡领水活动（签到，关注，领券）结束

水滴雨任务，每天两次，最多可得10g水滴
两次水滴雨任务是否全部完成：否
开始水滴雨任务,这是第2次，剩余0次
水滴雨waterRain
水滴雨任务执行成功，获得水滴：10g
【第2次水滴雨】获得10g水滴

助力好友未达到2个

京东昵称【蓝闺q】 在 2022-5-12 6:8:8 给您助过力

领取额外奖励水滴结束

是否到了领取免费赠送的抽奖机会----true
领取定时奖励结果{"code":"0","addTimes":1,"statisticsTimes":null,"sysTime":1652328560702,"message":null,"remainLotteryTimes":3}
浏览天天抽奖的第1个逛会场任务已完成
浏览天天抽奖的第2个逛会场任务已完成
浏览天天抽奖的第3个逛会场任务已完成
浏览天天抽奖的第4个逛会场任务已完成
浏览天天抽奖的第5个逛会场任务已完成
开始天天抽奖--好友助力--每人每天只有三次助力机会.
天天抽奖-不要重复助力蓝闺q

---天天抽奖次数remainLotteryTimes----3次
开始抽奖
等待了2秒
第1次抽奖结果{"code":"0","statisticsTimes":null,"sysTime":1652328566030,"message":null,"type":"thanks","remainLotteryTimes":2}
lotteryRes.typethanks
等待了2秒
第2次抽奖结果{"code":"0","statisticsTimes":null,"sysTime":1652328569122,"message":null,"type":"thanks","remainLotteryTimes":1}
lotteryRes.typethanks
等待了2秒
第3次抽奖结果{"code":"0","statisticsTimes":null,"sysTime":1652328572222,"message":null,"type":"thanks","remainLotteryTimes":0}
lotteryRes.typethanks
【天天抽奖】谢谢参与，谢谢参与，谢谢参与


今日已完成10次浇水任务


初始化任务列表
首次浇水奖励已领取

finished 水果任务完成!

初始化任务列表
暂未给2个好友浇水

小鸭子游戏达到上限
执行再次浇水
开始检查剩余水滴能否再次浇水再次浇水

剩余水滴126g

背包已有道具:
快速浇水卡:12张
水滴翻倍卡:0张
水滴换京豆卡:1张
加签卡:0张

目前剩余水滴：【126】g，可继续浇水
等待了1秒
本次浇水结果:   {"code":"0","totalEnergy":116,"statisticsTimes":null,"totalWaterTimes":13,"sysTime":1652328578988,"finished":false,"message":null,"waterStatus":0,"sendAmount":10,"treeEnergy":2070}

浇水10g成功,剩余116

等待了1秒
本次浇水结果:   {"code":"0","totalEnergy":106,"statisticsTimes":null,"totalWaterTimes":14,"sysTime":1652328581079,"finished":false,"message":null,"waterStatus":0,"sendAmount":10,"treeEnergy":2080}

浇水10g成功,剩余106

开始预测水果成熟时间


初始化任务列表

==============📣系统通知📣==============
东东农场
【京东账号1🆔】jd_56ac883b2ee02
【水果名称】云南香水菠萝3斤
【已兑换水果】0次
【今日剩余助力👬】2次
【额外奖励】领取失败,原因：给您助力的人未达2个
【助力您的好友】蓝闺q
【今日共浇水】14次
【剩余 水滴】106g💧
【水果进度】92.44%，已浇水208次,还需17次
【预测】明天(2022-05-13日)可兑换水果🍉
开始【京东账号2】jd_72476e50d1b0e

第2个京东账号将要助力的好友["3307dda3470e4e679a94b89338f92e21","ef9ffb9c616c4a18b59bce3fd845aba3","38271ae5e71c4346893a92c336d4a265","cbe963cb270449f1a85fe6837175c6b6","872bc373775446e98dc4038b1bcbb331","5072d2b27aed4c688476535c43c526af","261c12bb3c064581b4e6e7d40571f151","a549c177d5374a0987beb7b57443a2f6"]

【京东账号2（jd_72476e50d1b0e）的东东农场好友互助码】9866ec51345e413c9c4c3bbc9b49bca5


【已成功兑换水果】1次

开始助力好友
格式化后的助力码::["3307dda3470e4e679a94b89338f92e21","ef9ffb9c616c4a18b59bce3fd845aba3","38271ae5e71c4346893a92c336d4a265","cbe963cb270449f1a85fe6837175c6b6","872bc373775446e98dc4038b1bcbb331","5072d2b27aed4c688476535c43c526af","261c12bb3c064581b4e6e7d40571f151","a549c177d5374a0987beb7b57443a2f6"]

开始助力京东账号2 - jd_72476e50d1b0e的好友: 3307dda3470e4e679a94b89338f92e21
【助力好友结果】: 之前给【Wang_Happy_】助力过了
【今日助力次数还剩】2次

开始助力京东账号2 - jd_72476e50d1b0e的好友: ef9ffb9c616c4a18b59bce3fd845aba3
【助力好友结果】: 好友【jd_YigaOxgMdflo】已满五人助力
【今日助力次数还剩】2次

开始助力京东账号2 - jd_72476e50d1b0e的好友: 38271ae5e71c4346893a92c336d4a265
【助力好友结果】: 好友【jd_717b4ed5550c7】已满五人助力
【今日助力次数还剩】2次

开始助力京东账号2 - jd_72476e50d1b0e的好友: cbe963cb270449f1a85fe6837175c6b6
【助力好友结果】: 好友【jd_4505394c746e1】已满五人助力
【今日助力次数还剩】2次

开始助力京东账号2 - jd_72476e50d1b0e的好友: 872bc373775446e98dc4038b1bcbb331
【助力好友结果】: 好友【caowin】已满五人助力
【今日助力次数还剩】2次

开始助力京东账号2 - jd_72476e50d1b0e的好友: 5072d2b27aed4c688476535c43c526af
【助力好友结果】: 好友【jd_180518pti】已满五人助力
【今日助力次数还剩】2次

开始助力京东账号2 - jd_72476e50d1b0e的好友: 261c12bb3c064581b4e6e7d40571f151
【助力好友结果】: 好友【酷拉la】已满五人助力
【今日助力次数还剩】2次

开始助力京东账号2 - jd_72476e50d1b0e的好友: a549c177d5374a0987beb7b57443a2f6
【助力好友结果】: 好友【jd_YyUUMXxlHkwS】已满五人助力
【今日助力次数还剩】2次

助力好友结束，即将开始领取额外水滴奖励


3斤柠檬种植中...


初始化任务列表
开始签到
签到结果:  {"code":"1","todayGotWaterGoalTask":{"getTodayGotWaterGoalTask":{"icon":"https://m.360buyimg.com/babel/jfs/t1/186081/16/10612/181675/60d2d993Eb70d6aab/910ee4b284c3d051.png","goalWater":20,"sendWater":5,"upMainTitle":"继续去逛逛农场","upSecondTitle":"为你送上5g水滴","link":"https://h5.m.jd.com/babelDiy/Zeus/CvMVbdFGXPiWFFPCc934RiJfMPu/index.html?babelChannel=ttt11","vendorid":"1","linkType":"H5"},"canPop":true},"statisticsTimes":null,"sysTime":1652328595320,"message":null}
被水滴砸中： 是
【被水滴砸中】获得5g💧\n
签到结束,开始广告浏览任务
今天已经做过浏览广告任务

【定时领水】获得8g💧

开始给好友浇水...

初始化任务列表
今日已给1个好友浇水
需要浇水的好友列表shareCodes:[]
【好友浇水】已给0个好友浇水,消耗0g水


今日已邀请好友0个 / 每日邀请上限4个
开始删除1个好友,可拿每天的邀请奖励

开始删除好友 [3307dda3470e4e679a94b89338f92e21]
删除好友 [3307dda3470e4e679a94b89338f92e21] 成功

今日未邀请过好友
开始打卡领水活动（签到，关注，领券）
开始打卡领水活动（签到，关注，领券）结束

水滴雨任务，每天两次，最多可得10g水滴
两次水滴雨任务是否全部完成：否
开始水滴雨任务,这是第2次，剩余0次
水滴雨waterRain
水滴雨任务执行成功，获得水滴：10g
【第2次水滴雨】获得10g水滴

助力好友未达到2个

京东昵称【Wang_Happy_】 在 2022-5-12 6:5:5 给您助过力

领取额外奖励水滴结束

是否到了领取免费赠送的抽奖机会----true
领取定时奖励结果{"code":"0","addTimes":1,"statisticsTimes":null,"sysTime":1652328616482,"message":null,"remainLotteryTimes":1}
浏览天天抽奖的第1个逛会场任务已完成
浏览天天抽奖的第2个逛会场任务已完成
浏览天天抽奖的第3个逛会场任务已完成
浏览天天抽奖的第4个逛会场任务已完成
浏览天天抽奖的第5个逛会场任务已完成
开始天天抽奖--好友助力--每人每天只有三次助力机会.
天天抽奖-不要重复助力Wang_Happy_

---天天抽奖次数remainLotteryTimes----1次
开始抽奖
等待了2秒
第1次抽奖结果{"code":"0","statisticsTimes":null,"sysTime":1652328629649,"message":null,"type":"thanks","remainLotteryTimes":0}
lotteryRes.typethanks
【天天抽奖】谢谢参与


今日已完成10次浇水任务


初始化任务列表
首次浇水奖励已领取

finished 水果任务完成!

初始化任务列表
暂未给2个好友浇水

小鸭子游戏达到上限
执行再次浇水
开始检查剩余水滴能否再次浇水再次浇水

剩余水滴106g

背包已有道具:
快速浇水卡:24张
水滴翻倍卡:1张
水滴换京豆卡:1张
加签卡:0张

使用翻倍水滴卡结果:{"code":"0","statisticsTimes":null,"sysTime":1652328635370,"addWater":100,"message":null}
目前剩余水滴：【206】g，可继续浇水
等待了1秒
本次浇水结果:   {"code":"0","totalEnergy":196,"statisticsTimes":null,"totalWaterTimes":12,"sysTime":1652328637599,"finished":false,"message":null,"waterStatus":0,"sendAmount":10,"treeEnergy":2240}

浇水10g成功,剩余196

等待了1秒
本次浇水结果:   {"code":"0","totalEnergy":186,"statisticsTimes":null,"totalWaterTimes":13,"sysTime":1652328639695,"finished":false,"message":null,"waterStatus":0,"sendAmount":10,"treeEnergy":2250}

浇水10g成功,剩余186

等待了1秒
本次浇水结果:   {"code":"0","totalEnergy":176,"statisticsTimes":null,"totalWaterTimes":14,"sysTime":1652328641796,"finished":false,"message":null,"waterStatus":0,"sendAmount":10,"treeEnergy":2260}

浇水10g成功,剩余176

等待了1秒
本次浇水结果:   {"code":"0","totalEnergy":166,"statisticsTimes":null,"totalWaterTimes":15,"sysTime":1652328643893,"finished":false,"message":null,"waterStatus":0,"sendAmount":10,"treeEnergy":2270}

浇水10g成功,剩余166

等待了1秒
本次浇水结果:   {"code":"0","totalEnergy":156,"statisticsTimes":null,"totalWaterTimes":16,"sysTime":1652328645994,"finished":false,"message":null,"waterStatus":0,"sendAmount":10,"treeEnergy":2280}

浇水10g成功,剩余156

等待了1秒
本次浇水结果:   {"code":"0","totalEnergy":146,"statisticsTimes":null,"totalWaterTimes":17,"sysTime":1652328648088,"finished":false,"message":null,"waterStatus":0,"sendAmount":10,"treeEnergy":2290}

浇水10g成功,剩余146

等待了1秒
本次浇水结果:   {"code":"0","totalEnergy":136,"statisticsTimes":null,"totalWaterTimes":18,"sysTime":1652328650193,"finished":false,"message":null,"waterStatus":0,"sendAmount":10,"treeEnergy":2300}

浇水10g成功,剩余136

等待了1秒
本次浇水结果:   {"code":"0","totalEnergy":126,"statisticsTimes":null,"totalWaterTimes":19,"sysTime":1652328652306,"finished":false,"message":null,"waterStatus":0,"sendAmount":10,"treeEnergy":2310}

浇水10g成功,剩余126

等待了1秒
本次浇水结果:   {"code":"0","totalEnergy":116,"statisticsTimes":null,"totalWaterTimes":20,"sysTime":1652328654419,"finished":false,"message":null,"waterStatus":0,"sendAmount":10,"treeEnergy":2320}

浇水10g成功,剩余116

等待了1秒
本次浇水结果:   {"code":"0","totalEnergy":106,"statisticsTimes":null,"totalWaterTimes":21,"sysTime":1652328656551,"finished":false,"message":null,"waterStatus":0,"sendAmount":10,"treeEnergy":2330}

浇水10g成功,剩余106

开始预测水果成熟时间


初始化任务列表

==============📣系统通知📣==============
东东农场
【京东账号2🆔】jd_72476e50d1b0e
【水果名称】3斤柠檬
【已兑换水果】1次
【今日剩余助力👬】2次
【额外奖励】领取失败,原因：给您助力的人未达2个
【助力您的好友】Wang_Happy_
【今日共浇水】21次
【剩余 水滴】106g💧
【水果进度】58.25%，已浇水233次,还需167次
【预测】8天之后(2022-05-20日)可兑换水果🍉
开始发送通知...
通知标题: 东东农场
成员ID:@all企业微信应用消息发送通知消息成功🎉。


🔔东东农场, 结束! 🕛 126.218 秒


## 执行结束... 2022-05-12 12:10:58 耗时 127 秒
