## 开始执行... 2022-05-10 06:06:53


🔔东东农场, 开始!
开始获取配置文件


====================共2个京东账号Cookie=================

============脚本执行时间：2022/5/10 06:06:54=============

>>>>>>>>>>>>>>6Dylan6 提示：任务正常运行中>>>>>>>>>>>>>>>

共2个京东账号

您提供了2个账号的农场助力码

开始【京东账号1】jd_56ac883b2ee02

第1个京东账号将要助力的好友["9866ec51345e413c9c4c3bbc9b49bca5","ef9ffb9c616c4a18b59bce3fd845aba3","38271ae5e71c4346893a92c336d4a265","cbe963cb270449f1a85fe6837175c6b6","872bc373775446e98dc4038b1bcbb331","5072d2b27aed4c688476535c43c526af","261c12bb3c064581b4e6e7d40571f151","a549c177d5374a0987beb7b57443a2f6"]

【京东账号1（jd_56ac883b2ee02）的东东农场好友互助码】3307dda3470e4e679a94b89338f92e21


【已成功兑换水果】0次

开始助力好友
格式化后的助力码::["9866ec51345e413c9c4c3bbc9b49bca5","ef9ffb9c616c4a18b59bce3fd845aba3","38271ae5e71c4346893a92c336d4a265","cbe963cb270449f1a85fe6837175c6b6","872bc373775446e98dc4038b1bcbb331","5072d2b27aed4c688476535c43c526af","261c12bb3c064581b4e6e7d40571f151","a549c177d5374a0987beb7b57443a2f6"]

开始助力京东账号1 - jd_56ac883b2ee02的好友: 9866ec51345e413c9c4c3bbc9b49bca5
【助力好友结果】: 已成功给【蓝闺q】助力
给好友【蓝闺q】助力获得2g水滴
【今日助力次数还剩】2次

开始助力京东账号1 - jd_56ac883b2ee02的好友: ef9ffb9c616c4a18b59bce3fd845aba3
【助力好友结果】: 好友【jd_YigaOxgMdflo】已满五人助力
【今日助力次数还剩】2次

开始助力京东账号1 - jd_56ac883b2ee02的好友: 38271ae5e71c4346893a92c336d4a265
【助力好友结果】: 好友【jd_717b4ed5550c7】已满五人助力
【今日助力次数还剩】2次

开始助力京东账号1 - jd_56ac883b2ee02的好友: cbe963cb270449f1a85fe6837175c6b6
【助力好友结果】: 好友【jd_4505394c746e1】已满五人助力
【今日助力次数还剩】2次

开始助力京东账号1 - jd_56ac883b2ee02的好友: 872bc373775446e98dc4038b1bcbb331
【助力好友结果】: 好友【caowin】已满五人助力
【今日助力次数还剩】2次

开始助力京东账号1 - jd_56ac883b2ee02的好友: 5072d2b27aed4c688476535c43c526af
【助力好友结果】: 好友【jd_180518pti】已满五人助力
【今日助力次数还剩】2次

开始助力京东账号1 - jd_56ac883b2ee02的好友: 261c12bb3c064581b4e6e7d40571f151
【助力好友结果】: 好友【酷拉la】已满五人助力
【今日助力次数还剩】2次

开始助力京东账号1 - jd_56ac883b2ee02的好友: a549c177d5374a0987beb7b57443a2f6
【助力好友结果】: 好友【jd_YyUUMXxlHkwS】已满五人助力
【今日助力次数还剩】2次

【助力好友👬】获得2g💧

助力好友结束，即将开始领取额外水滴奖励


云南香水菠萝3斤种植中...


初始化任务列表
开始签到
签到结果:  {"code":"1","todayGotWaterGoalTask":{"canPop":false},"statisticsTimes":null,"sysTime":1652134027343,"message":null}
被水滴砸中： 否
签到结束,开始广告浏览任务
正在进行广告浏览任务: 限时金融礼 最高减50元
限时金融礼 最高减50元浏览任务完成
领取浏览限时金融礼 最高减50元广告奖励成功,获得5g
正在进行广告浏览任务: 去认养一头牛福利专场
去认养一头牛福利专场浏览任务完成
领取浏览去认养一头牛福利专场广告奖励成功,获得5g
正在进行广告浏览任务: 低至1元秒杀
低至1元秒杀浏览任务完成
领取浏览低至1元秒杀广告奖励成功,获得5g
正在进行广告浏览任务: 妃子笑荔枝49.9元5斤
妃子笑荔枝49.9元5斤浏览任务完成
领取浏览妃子笑荔枝49.9元5斤广告奖励成功,获得5g
正在进行广告浏览任务: 超级秒杀 满12减3
超级秒杀 满12减3浏览任务完成
领取浏览超级秒杀 满12减3广告奖励成功,获得5g
正在进行广告浏览任务: 每天来领万人团红包
每天来领万人团红包浏览任务完成
领取浏览每天来领万人团红包广告奖励成功,获得5g
正在进行广告浏览任务: 9.9元包邮直降
9.9元包邮直降浏览任务完成
领取浏览9.9元包邮直降广告奖励成功,获得5g
正在进行广告浏览任务: 领2000元家装基金
领2000元家装基金浏览任务完成
领取浏览领2000元家装基金广告奖励成功,获得5g
【广告浏览】完成8个,获得40g💧

【定时领水】获得6g💧

开始给好友浇水...

初始化任务列表
今日已给0个好友浇水
需要浇水的好友列表shareCodes:["9866ec51345e413c9c4c3bbc9b49bca5"]
为第1个好友浇水结果:{"code":"0","remainTimeSeconds":64351,"firstWater":false,"statisticsTimes":null,"sysTime":1652134049590,"message":null}

【好友浇水】已给1个好友浇水,消耗10g水


今日已邀请好友0个 / 每日邀请上限4个
开始删除1个好友,可拿每天的邀请奖励

开始删除好友 [9866ec51345e413c9c4c3bbc9b49bca5]
删除好友 [9866ec51345e413c9c4c3bbc9b49bca5] 成功

今日未邀请过好友
开始打卡领水活动（签到，关注，领券）
开始今日签到
打卡结果{"amount":10,"code":"0","todayGotWaterGoalTask":{"canPop":false},"statisticsTimes":null,"signDay":5,"sysTime":1652134063061,"message":null}
【第5天签到】获得10g💧

关注ID96
themeStep1--结果{"followState":"0","code":"0","todayGotWaterGoalTask":{"canPop":false},"statisticsTimes":null,"sysTime":1652134064155,"message":null}
themeStep2--结果{"amount":2,"code":"0","todayGotWaterGoalTask":{"canPop":false},"statisticsTimes":null,"sysTime":1652134065242,"message":null}
关注美妆馆，获得水滴2g
关注ID313
themeStep1--结果{"followState":"0","code":"0","todayGotWaterGoalTask":{"canPop":false},"statisticsTimes":null,"sysTime":1652134066336,"message":null}
themeStep2--结果{"amount":2,"code":"0","todayGotWaterGoalTask":{"canPop":false},"statisticsTimes":null,"sysTime":1652134067423,"message":null}
关注京东服饰，获得水滴2g
关注ID482
themeStep1--结果{"followState":"0","code":"0","todayGotWaterGoalTask":{"canPop":false},"statisticsTimes":null,"sysTime":1652134068520,"message":null}
themeStep2--结果{"amount":2,"code":"0","todayGotWaterGoalTask":{"canPop":false},"statisticsTimes":null,"sysTime":1652134069627,"message":null}
关注分京豆，获得水滴2g
开始打卡领水活动（签到，关注，领券）结束

水滴雨任务，每天两次，最多可得10g水滴
两次水滴雨任务是否全部完成：否
开始水滴雨任务,这是第1次，剩余1次
水滴雨waterRain
水滴雨任务执行成功，获得水滴：10g
【第1次水滴雨】获得10g水滴

助力好友未达到2个
领取额外奖励水滴结束

是否到了领取免费赠送的抽奖机会----false
免费赠送的抽奖机会未到时间
开始浏览天天抽奖的第1个逛会场任务
浏览爆品会场
第1个逛会场任务完成，开始领取水滴奖励

天天抽奖浏览任务领取水滴
第1个逛会场任务领取水滴奖励完成

开始浏览天天抽奖的第2个逛会场任务
浏览爆品会场
第2个逛会场任务完成，开始领取水滴奖励

天天抽奖浏览任务领取水滴
第2个逛会场任务领取水滴奖励完成

开始浏览天天抽奖的第3个逛会场任务
浏览爆品会场
第3个逛会场任务完成，开始领取水滴奖励

天天抽奖浏览任务领取水滴
第3个逛会场任务领取水滴奖励完成

开始浏览天天抽奖的第4个逛会场任务
浏览爆品会场
第4个逛会场任务完成，开始领取水滴奖励

天天抽奖浏览任务领取水滴
第4个逛会场任务领取水滴奖励完成

开始浏览天天抽奖的第5个逛会场任务
浏览爆品会场
第5个逛会场任务完成，开始领取水滴奖励

天天抽奖浏览任务领取水滴
第5个逛会场任务领取水滴奖励完成

开始浏览天天抽奖的第6个逛会场任务
浏览爆品会场
第6个逛会场任务完成，开始领取水滴奖励

天天抽奖浏览任务领取水滴
第6个逛会场任务领取水滴奖励完成

开始天天抽奖--好友助力--每人每天只有三次助力机会.
天天抽奖-助力蓝闺q成功

---天天抽奖次数remainLotteryTimes----7次
开始抽奖
等待了2秒
第1次抽奖结果{"code":"0","couponInfo":{"couponId":"305040301729","batchId":855417438,"type":1,"style":0,"beginTime":1652134104866,"endTime":1652803199866,"discount":20,"quota":99},"statisticsTimes":null,"sysTime":1652134104884,"couponResultCode":200,"message":null,"type":"coupon3","limitStr":"仅可购买京东京造部分商品","remainLotteryTimes":6}
lotteryRes.typecoupon3
等待了2秒
第2次抽奖结果{"code":"0","couponInfo":{"couponId":"305040119349","batchId":855784362,"type":1,"style":0,"beginTime":1652134107982,"endTime":1652803199982,"discount":20,"quota":199},"statisticsTimes":null,"sysTime":1652134107991,"couponResultCode":200,"message":null,"type":"coupon1","limitStr":"仅可购买京东进口超市部分商品","remainLotteryTimes":5}
lotteryRes.typecoupon1
等待了2秒
第3次抽奖结果{"code":"0","statisticsTimes":null,"sysTime":1652134111106,"message":null,"type":"thanks","remainLotteryTimes":4}
lotteryRes.typethanks
等待了2秒
第4次抽奖结果{"code":"0","statisticsTimes":null,"sysTime":1652134114207,"message":null,"type":"thanks","remainLotteryTimes":3}
lotteryRes.typethanks
等待了2秒
第5次抽奖结果{"code":"0","statisticsTimes":null,"sysTime":1652134117308,"message":null,"type":"thanks","remainLotteryTimes":2}
lotteryRes.typethanks
等待了2秒
第6次抽奖结果{"code":"0","statisticsTimes":null,"sysTime":1652134120392,"message":null,"type":"thanks","remainLotteryTimes":1}
lotteryRes.typethanks
等待了2秒
第7次抽奖结果{"code":"0","statisticsTimes":null,"sysTime":1652134123488,"message":null,"type":"thanks","remainLotteryTimes":0}
lotteryRes.typethanks
【天天抽奖】优惠券3-自有品牌20，优惠券1-进口超市20，谢谢参与，谢谢参与，谢谢参与，谢谢参与，谢谢参与


准备浇水十次
第1次浇水
等待了1秒
本次浇水结果:   {"code":"0","totalEnergy":159,"statisticsTimes":null,"totalWaterTimes":2,"sysTime":1652134126696,"finished":false,"message":null,"waterStatus":0,"sendAmount":10,"treeEnergy":1710}
剩余水滴159g
第2次浇水
等待了1秒
本次浇水结果:   {"code":"0","totalEnergy":149,"statisticsTimes":null,"totalWaterTimes":3,"sysTime":1652134128797,"finished":false,"message":null,"waterStatus":0,"sendAmount":10,"treeEnergy":1720}
剩余水滴149g
第3次浇水
等待了1秒
本次浇水结果:   {"code":"0","totalEnergy":139,"statisticsTimes":null,"totalWaterTimes":4,"sysTime":1652134130907,"finished":false,"message":null,"waterStatus":0,"sendAmount":10,"treeEnergy":1730}
剩余水滴139g
第4次浇水
等待了1秒
本次浇水结果:   {"code":"0","totalEnergy":129,"statisticsTimes":null,"totalWaterTimes":5,"sysTime":1652134133021,"finished":false,"message":null,"waterStatus":0,"sendAmount":10,"treeEnergy":1740}
剩余水滴129g
第5次浇水
等待了1秒
本次浇水结果:   {"code":"0","totalEnergy":119,"statisticsTimes":null,"totalWaterTimes":6,"sysTime":1652134135117,"finished":false,"message":null,"waterStatus":0,"sendAmount":10,"treeEnergy":1750}
剩余水滴119g
第6次浇水
等待了1秒
本次浇水结果:   {"code":"0","totalEnergy":109,"statisticsTimes":null,"totalWaterTimes":7,"sysTime":1652134137213,"finished":false,"message":null,"waterStatus":0,"sendAmount":10,"treeEnergy":1760}
剩余水滴109g
第7次浇水
等待了1秒
本次浇水结果:   {"code":"0","totalEnergy":99,"statisticsTimes":null,"totalWaterTimes":8,"sysTime":1652134139314,"finished":false,"message":null,"waterStatus":0,"sendAmount":10,"treeEnergy":1770}
剩余水滴99g
第8次浇水
等待了1秒
本次浇水结果:   {"code":"0","totalEnergy":89,"statisticsTimes":null,"totalWaterTimes":9,"sysTime":1652134141428,"finished":false,"message":null,"waterStatus":0,"sendAmount":10,"treeEnergy":1780}
剩余水滴89g
第9次浇水
等待了1秒
本次浇水结果:   {"code":"0","totalEnergy":79,"statisticsTimes":null,"totalWaterTimes":10,"sysTime":1652134143537,"finished":false,"message":null,"waterStatus":0,"sendAmount":10,"treeEnergy":1790}
剩余水滴79g
第10次浇水
等待了1秒
本次浇水结果:   {"code":"0","totalEnergy":69,"statisticsTimes":null,"totalWaterTimes":11,"sysTime":1652134145630,"finished":false,"message":null,"waterStatus":0,"sendAmount":10,"treeEnergy":1800}
剩余水滴69g

初始化任务列表
【首次浇水奖励】获得5g💧

【十次浇水奖励】获得10g💧

finished 水果任务完成!

初始化任务列表
暂未给2个好友浇水

小鸭子游戏:小鸭子开心喝奶茶中
小鸭子游戏:贪玩鸭滑雪去啦
小鸭子游戏:小鸭祝你新年新气象
小鸭子游戏:小鸭子为你带回了水滴
小鸭子游戏:小鸭子和好友玩耍去啦
小鸭子为你带回快速浇水卡
执行再次浇水
开始检查剩余水滴能否再次浇水再次浇水

剩余水滴89g

背包已有道具:
快速浇水卡:10张
水滴翻倍卡:0张
水滴换京豆卡:1张
加签卡:0张

目前剩余水滴：【89】g,不再继续浇水,保留部分水滴用于完成第二天【十次浇水得水滴】任务
开始预测水果成熟时间


初始化任务列表

==============📣系统通知📣==============
东东农场
【京东账号1🆔】jd_56ac883b2ee02
【水果名称】云南香水菠萝3斤
【已兑换水果】0次
【今日剩余助力👬】2次
【额外奖励】领取失败,原因：给您助力的人未达2个
【今日共浇水】11次
【剩余 水滴】89g💧
【水果进度】80.00%，已浇水180次,还需45次
【预测】4天之后(2022-05-14日)可兑换水果🍉
开始【京东账号2】jd_72476e50d1b0e

第2个京东账号将要助力的好友["3307dda3470e4e679a94b89338f92e21","ef9ffb9c616c4a18b59bce3fd845aba3","38271ae5e71c4346893a92c336d4a265","cbe963cb270449f1a85fe6837175c6b6","872bc373775446e98dc4038b1bcbb331","5072d2b27aed4c688476535c43c526af","261c12bb3c064581b4e6e7d40571f151","a549c177d5374a0987beb7b57443a2f6"]

【京东账号2（jd_72476e50d1b0e）的东东农场好友互助码】9866ec51345e413c9c4c3bbc9b49bca5


【已成功兑换水果】1次

开始助力好友
格式化后的助力码::["3307dda3470e4e679a94b89338f92e21","ef9ffb9c616c4a18b59bce3fd845aba3","38271ae5e71c4346893a92c336d4a265","cbe963cb270449f1a85fe6837175c6b6","872bc373775446e98dc4038b1bcbb331","5072d2b27aed4c688476535c43c526af","261c12bb3c064581b4e6e7d40571f151","a549c177d5374a0987beb7b57443a2f6"]

开始助力京东账号2 - jd_72476e50d1b0e的好友: 3307dda3470e4e679a94b89338f92e21
【助力好友结果】: 已成功给【Wang_Happy_】助力
给好友【Wang_Happy_】助力获得2g水滴
【今日助力次数还剩】2次

开始助力京东账号2 - jd_72476e50d1b0e的好友: ef9ffb9c616c4a18b59bce3fd845aba3
【助力好友结果】: 好友【jd_YigaOxgMdflo】已满五人助力
【今日助力次数还剩】2次

开始助力京东账号2 - jd_72476e50d1b0e的好友: 38271ae5e71c4346893a92c336d4a265
【助力好友结果】: 好友【jd_717b4ed5550c7】已满五人助力
【今日助力次数还剩】2次

开始助力京东账号2 - jd_72476e50d1b0e的好友: cbe963cb270449f1a85fe6837175c6b6
【助力好友结果】: 好友【jd_4505394c746e1】已满五人助力
【今日助力次数还剩】2次

开始助力京东账号2 - jd_72476e50d1b0e的好友: 872bc373775446e98dc4038b1bcbb331
【助力好友结果】: 好友【caowin】已满五人助力
【今日助力次数还剩】2次

开始助力京东账号2 - jd_72476e50d1b0e的好友: 5072d2b27aed4c688476535c43c526af
【助力好友结果】: 好友【jd_180518pti】已满五人助力
【今日助力次数还剩】2次

开始助力京东账号2 - jd_72476e50d1b0e的好友: 261c12bb3c064581b4e6e7d40571f151
【助力好友结果】: 好友【酷拉la】已满五人助力
【今日助力次数还剩】2次

开始助力京东账号2 - jd_72476e50d1b0e的好友: a549c177d5374a0987beb7b57443a2f6
【助力好友结果】: 好友【jd_YyUUMXxlHkwS】已满五人助力
【今日助力次数还剩】2次

【助力好友👬】获得2g💧

助力好友结束，即将开始领取额外水滴奖励


3斤柠檬种植中...


初始化任务列表
开始签到
签到结果:  {"code":"1","todayGotWaterGoalTask":{"canPop":false},"statisticsTimes":null,"sysTime":1652134166258,"message":null}
被水滴砸中： 否
签到结束,开始广告浏览任务
正在进行广告浏览任务: 限时金融礼 最高减50元
限时金融礼 最高减50元浏览任务完成
领取浏览限时金融礼 最高减50元广告奖励成功,获得5g
正在进行广告浏览任务: 去认养一头牛福利专场
去认养一头牛福利专场浏览任务完成
领取浏览去认养一头牛福利专场广告奖励成功,获得5g
正在进行广告浏览任务: 低至1元秒杀
低至1元秒杀浏览任务完成
领取浏览低至1元秒杀广告奖励成功,获得5g
正在进行广告浏览任务: 妃子笑荔枝49.9元5斤
妃子笑荔枝49.9元5斤浏览任务完成
领取浏览妃子笑荔枝49.9元5斤广告奖励成功,获得5g
正在进行广告浏览任务: 超级秒杀 满12减3
超级秒杀 满12减3浏览任务完成
领取浏览超级秒杀 满12减3广告奖励成功,获得5g
正在进行广告浏览任务: 每天来领万人团红包
每天来领万人团红包浏览任务完成
领取浏览每天来领万人团红包广告奖励成功,获得5g
正在进行广告浏览任务: 9.9元包邮直降
9.9元包邮直降浏览任务完成
领取浏览9.9元包邮直降广告奖励成功,获得5g
正在进行广告浏览任务: 领2000元家装基金
领2000元家装基金浏览任务完成
领取浏览领2000元家装基金广告奖励成功,获得5g
【广告浏览】完成8个,获得40g💧

【定时领水】获得3g💧

开始给好友浇水...

初始化任务列表
今日已给0个好友浇水
需要浇水的好友列表shareCodes:["3307dda3470e4e679a94b89338f92e21"]
为第1个好友浇水结果:{"code":"0","cardInfo":{"type":"signCard","beanAward":-1,"useTimesInDay":3,"version":5,"rule":"每张可额外签到1天，每日最多使用3张","way":"添加好友、帮好友浇水","cardSubTitle":"可在签到页额外签到1天"},"remainTimeSeconds":64212,"firstWater":false,"statisticsTimes":null,"sysTime":1652134188442,"sendCard":"signCard","message":null}

为好友浇水获得道具了
获取道具卡:每张可额外签到1天，每日最多使用3张
【好友浇水】已给1个好友浇水,消耗10g水

【好友浇水奖励】加签卡


今日已邀请好友0个 / 每日邀请上限4个
开始删除1个好友,可拿每天的邀请奖励

开始删除好友 [3307dda3470e4e679a94b89338f92e21]
删除好友 [3307dda3470e4e679a94b89338f92e21] 成功

今日未邀请过好友
开始打卡领水活动（签到，关注，领券）
开始今日签到
打卡结果{"amount":10,"code":"0","todayGotWaterGoalTask":{"canPop":false},"statisticsTimes":null,"signDay":5,"sysTime":1652134201939,"message":null}
【第5天签到】获得10g💧

关注ID96
themeStep1--结果{"followState":"0","code":"0","todayGotWaterGoalTask":{"canPop":false},"statisticsTimes":null,"sysTime":1652134203041,"message":null}
themeStep2--结果{"amount":2,"code":"0","todayGotWaterGoalTask":{"canPop":false},"statisticsTimes":null,"sysTime":1652134204138,"message":null}
关注美妆馆，获得水滴2g
关注ID313
themeStep1--结果{"followState":"0","code":"0","todayGotWaterGoalTask":{"canPop":false},"statisticsTimes":null,"sysTime":1652134205233,"message":null}
themeStep2--结果{"amount":2,"code":"0","todayGotWaterGoalTask":{"canPop":false},"statisticsTimes":null,"sysTime":1652134206329,"message":null}
关注京东服饰，获得水滴2g
关注ID482
themeStep1--结果{"followState":"0","code":"0","todayGotWaterGoalTask":{"canPop":false},"statisticsTimes":null,"sysTime":1652134207420,"message":null}
themeStep2--结果{"amount":2,"code":"0","todayGotWaterGoalTask":{"canPop":false},"statisticsTimes":null,"sysTime":1652134208540,"message":null}
关注分京豆，获得水滴2g
开始打卡领水活动（签到，关注，领券）结束

水滴雨任务，每天两次，最多可得10g水滴
两次水滴雨任务是否全部完成：否
开始水滴雨任务,这是第1次，剩余1次
水滴雨waterRain
水滴雨任务执行成功，获得水滴：10g
【第1次水滴雨】获得10g水滴

助力好友未达到2个

京东昵称【Wang_Happy_】 在 2022-5-10 6:6:6 给您助过力

领取额外奖励水滴结束

是否到了领取免费赠送的抽奖机会----false
免费赠送的抽奖机会未到时间
开始浏览天天抽奖的第1个逛会场任务
浏览爆品会场
第1个逛会场任务完成，开始领取水滴奖励

天天抽奖浏览任务领取水滴
第1个逛会场任务领取水滴奖励完成

开始浏览天天抽奖的第2个逛会场任务
浏览爆品会场
第2个逛会场任务完成，开始领取水滴奖励

天天抽奖浏览任务领取水滴
第2个逛会场任务领取水滴奖励完成

开始浏览天天抽奖的第3个逛会场任务
浏览爆品会场
第3个逛会场任务完成，开始领取水滴奖励

天天抽奖浏览任务领取水滴
第3个逛会场任务领取水滴奖励完成

开始浏览天天抽奖的第4个逛会场任务
浏览爆品会场
第4个逛会场任务完成，开始领取水滴奖励

天天抽奖浏览任务领取水滴
第4个逛会场任务领取水滴奖励完成

开始浏览天天抽奖的第5个逛会场任务
浏览爆品会场
第5个逛会场任务完成，开始领取水滴奖励

天天抽奖浏览任务领取水滴
第5个逛会场任务领取水滴奖励完成

开始浏览天天抽奖的第6个逛会场任务
浏览爆品会场
第6个逛会场任务完成，开始领取水滴奖励

天天抽奖浏览任务领取水滴
第6个逛会场任务领取水滴奖励完成

开始天天抽奖--好友助力--每人每天只有三次助力机会.
天天抽奖-助力Wang_Happy_成功

---天天抽奖次数remainLotteryTimes----9次
开始抽奖
等待了2秒
第1次抽奖结果{"code":"0","couponInfo":{"couponId":"305041512645","batchId":863222793,"type":1,"style":0,"beginTime":1652134243713,"endTime":1652284799713,"discount":10,"quota":19},"statisticsTimes":null,"sysTime":1652134243723,"couponResultCode":200,"message":null,"type":"coupon4","limitStr":"限购 [爱多多宠物零食官方旗舰店] 店铺商品","remainLotteryTimes":8}
lotteryRes.typecoupon4
等待了2秒
第2次抽奖结果{"code":"0","couponInfo":{"couponId":"305041245393","batchId":863222793,"type":1,"style":0,"beginTime":1652134246827,"endTime":1652284799827,"discount":10,"quota":19},"statisticsTimes":null,"sysTime":1652134246841,"couponResultCode":200,"message":null,"type":"coupon4","limitStr":"限购 [爱多多宠物零食官方旗舰店] 店铺商品","remainLotteryTimes":7}
lotteryRes.typecoupon4
等待了2秒
第3次抽奖结果{"beanCount":1,"code":"0","statisticsTimes":null,"sysTime":1652134249953,"message":null,"type":"bean1","remainLotteryTimes":6}
lotteryRes.typebean1
等待了2秒
第4次抽奖结果{"code":"0","couponInfo":{"couponId":"305041533161","batchId":855784362,"type":1,"style":0,"beginTime":1652134253056,"endTime":1652803199056,"discount":20,"quota":199},"statisticsTimes":null,"sysTime":1652134253071,"couponResultCode":200,"message":null,"type":"coupon1","limitStr":"仅可购买京东进口超市部分商品","remainLotteryTimes":5}
lotteryRes.typecoupon1
等待了2秒
第5次抽奖结果{"code":"0","couponInfo":{"couponId":"305040159701","batchId":855417438,"type":1,"style":0,"beginTime":1652134256172,"endTime":1652803199172,"discount":20,"quota":99},"statisticsTimes":null,"sysTime":1652134256188,"couponResultCode":200,"message":null,"type":"coupon3","limitStr":"仅可购买京东京造部分商品","remainLotteryTimes":4}
lotteryRes.typecoupon3
等待了2秒
第6次抽奖结果{"code":"0","statisticsTimes":null,"sysTime":1652134259286,"message":null,"type":"thanks","remainLotteryTimes":3}
lotteryRes.typethanks
等待了2秒
第7次抽奖结果{"beanCount":1,"code":"0","statisticsTimes":null,"sysTime":1652134262405,"message":null,"type":"bean1","remainLotteryTimes":2}
lotteryRes.typebean1
等待了2秒
第8次抽奖结果{"code":"0","statisticsTimes":null,"sysTime":1652134265511,"message":null,"type":"thanks","remainLotteryTimes":1}
lotteryRes.typethanks
等待了2秒
第9次抽奖结果{"code":"0","statisticsTimes":null,"sysTime":1652134268600,"message":null,"type":"thanks","remainLotteryTimes":0}
lotteryRes.typethanks
【天天抽奖】优惠券4-宠物，优惠券4-宠物，京豆1个，优惠券1-进口超市20，优惠券3-自有品牌20，谢谢参与，京豆1个，谢谢参与，谢谢参与


准备浇水十次
第1次浇水
等待了1秒
本次浇水结果:   {"code":"0","totalEnergy":156,"statisticsTimes":null,"totalWaterTimes":2,"sysTime":1652134271798,"finished":false,"message":null,"waterStatus":0,"sendAmount":10,"treeEnergy":1850}
剩余水滴156g
第2次浇水
等待了1秒
本次浇水结果:   {"code":"0","totalEnergy":146,"statisticsTimes":null,"totalWaterTimes":3,"sysTime":1652134273902,"finished":false,"message":null,"waterStatus":0,"sendAmount":10,"treeEnergy":1860}
剩余水滴146g
第3次浇水
等待了1秒
本次浇水结果:   {"code":"0","totalEnergy":136,"statisticsTimes":null,"totalWaterTimes":4,"sysTime":1652134276003,"finished":false,"message":null,"waterStatus":0,"sendAmount":10,"treeEnergy":1870}
剩余水滴136g
第4次浇水
等待了1秒
本次浇水结果:   {"code":"0","totalEnergy":126,"statisticsTimes":null,"totalWaterTimes":5,"sysTime":1652134278095,"finished":false,"message":null,"waterStatus":0,"sendAmount":10,"treeEnergy":1880}
剩余水滴126g
第5次浇水
等待了1秒
本次浇水结果:   {"code":"0","totalEnergy":116,"statisticsTimes":null,"totalWaterTimes":6,"sysTime":1652134280187,"finished":false,"message":null,"waterStatus":0,"sendAmount":10,"treeEnergy":1890}
剩余水滴116g
第6次浇水
等待了1秒
本次浇水结果:   {"code":"0","totalEnergy":106,"statisticsTimes":null,"totalWaterTimes":7,"sysTime":1652134282295,"finished":false,"message":null,"waterStatus":0,"sendAmount":10,"treeEnergy":1900}
剩余水滴106g
第7次浇水
等待了1秒
本次浇水结果:   {"code":"0","totalEnergy":96,"statisticsTimes":null,"totalWaterTimes":8,"sysTime":1652134284413,"finished":false,"message":null,"waterStatus":0,"sendAmount":10,"treeEnergy":1910}
剩余水滴96g
第8次浇水
等待了1秒
本次浇水结果:   {"code":"0","totalEnergy":86,"statisticsTimes":null,"totalWaterTimes":9,"sysTime":1652134286536,"finished":false,"message":null,"waterStatus":0,"sendAmount":10,"treeEnergy":1920}
剩余水滴86g
第9次浇水
等待了1秒
本次浇水结果:   {"code":"0","totalEnergy":76,"statisticsTimes":null,"totalWaterTimes":10,"sysTime":1652134288641,"finished":false,"message":null,"waterStatus":0,"sendAmount":10,"treeEnergy":1930}
剩余水滴76g
第10次浇水
等待了1秒
本次浇水结果:   {"code":"0","totalEnergy":66,"statisticsTimes":null,"totalWaterTimes":11,"sysTime":1652134290733,"finished":false,"message":null,"waterStatus":0,"sendAmount":10,"treeEnergy":1940}
剩余水滴66g

初始化任务列表
【首次浇水奖励】获得5g💧

【十次浇水奖励】获得10g💧

finished 水果任务完成!

初始化任务列表
暂未给2个好友浇水

小鸭子游戏:小鸭子为你带回了水滴
小鸭子游戏:小鸭子为你带回快速浇水卡
小鸭子游戏:小鸭子和好友玩耍去啦
小鸭子游戏:小鸭子和好友玩耍去啦
小鸭子游戏:小鸭子和好友玩耍去啦
贪玩鸭滑雪去啦
执行再次浇水
开始检查剩余水滴能否再次浇水再次浇水

剩余水滴86g

背包已有道具:
快速浇水卡:22张
水滴翻倍卡:未解锁
水滴换京豆卡:1张
加签卡:1张

使用加签卡结果:{"amount":10,"code":"0","signCardUseTimesLimit":false,"statisticsTimes":null,"signDay":6,"sysTime":1652134298101,"message":null}
目前剩余水滴：【96】g,不再继续浇水,保留部分水滴用于完成第二天【十次浇水得水滴】任务
开始预测水果成熟时间


初始化任务列表

==============📣系统通知📣==============
东东农场
【京东账号2🆔】jd_72476e50d1b0e
【水果名称】3斤柠檬
【已兑换水果】1次
【今日剩余助力👬】2次
【额外奖励】领取失败,原因：给您助力的人未达2个
【助力您的好友】Wang_Happy_
【今日共浇水】11次
【剩余 水滴】96g💧
【水果进度】48.50%，已浇水194次,还需206次
【预测】18天之后(2022-05-28日)可兑换水果🍉
开始发送通知...
通知标题: 东东农场
成员ID:@all企业微信应用消息发送通知消息成功🎉。


🔔东东农场, 结束! 🕛 286.343 秒


## 执行结束... 2022-05-10 06:11:40 耗时 287 秒
