## 开始执行... 2022-05-07 18:06:38


🔔东东农场, 开始!
开始获取配置文件


====================共2个京东账号Cookie=================

============脚本执行时间：2022/5/7 18:06:38=============

>>>>>>>>>>>>>>6Dylan6 提示：任务正常运行中>>>>>>>>>>>>>>>

共2个京东账号

您提供了0个账号的农场助力码

开始【京东账号1】Wang_Happy_

由于您第1个京东账号未提供shareCode,将采纳本脚本自带的助力码

第1个京东账号将要助力的好友["","ef9ffb9c616c4a18b59bce3fd845aba3","38271ae5e71c4346893a92c336d4a265","cbe963cb270449f1a85fe6837175c6b6","872bc373775446e98dc4038b1bcbb331","5072d2b27aed4c688476535c43c526af","261c12bb3c064581b4e6e7d40571f151","a549c177d5374a0987beb7b57443a2f6"]

【京东账号1（jd_56ac883b2ee02）的东东农场好友互助码】3307dda3470e4e679a94b89338f92e21


【已成功兑换水果】0次

开始助力好友
格式化后的助力码::["","ef9ffb9c616c4a18b59bce3fd845aba3","38271ae5e71c4346893a92c336d4a265","cbe963cb270449f1a85fe6837175c6b6","872bc373775446e98dc4038b1bcbb331","5072d2b27aed4c688476535c43c526af","261c12bb3c064581b4e6e7d40571f151","a549c177d5374a0987beb7b57443a2f6"]

开始助力京东账号1 - Wang_Happy_的好友: 
开始助力京东账号1 - Wang_Happy_的好友: ef9ffb9c616c4a18b59bce3fd845aba3
【助力好友结果】: 好友【jd_YigaOxgMdflo】已满五人助力
【今日助力次数还剩】3次

开始助力京东账号1 - Wang_Happy_的好友: 38271ae5e71c4346893a92c336d4a265
【助力好友结果】: 好友【jd_717b4ed5550c7】已满五人助力
【今日助力次数还剩】3次

开始助力京东账号1 - Wang_Happy_的好友: cbe963cb270449f1a85fe6837175c6b6
【助力好友结果】: 好友【jd_4505394c746e1】已满五人助力
【今日助力次数还剩】3次

开始助力京东账号1 - Wang_Happy_的好友: 872bc373775446e98dc4038b1bcbb331
【助力好友结果】: 好友【caowin】已满五人助力
【今日助力次数还剩】3次

开始助力京东账号1 - Wang_Happy_的好友: 5072d2b27aed4c688476535c43c526af
【助力好友结果】: 好友【jd_180518pti】已满五人助力
【今日助力次数还剩】3次

开始助力京东账号1 - Wang_Happy_的好友: 261c12bb3c064581b4e6e7d40571f151
【助力好友结果】: 好友【酷拉la】已满五人助力
【今日助力次数还剩】3次

开始助力京东账号1 - Wang_Happy_的好友: a549c177d5374a0987beb7b57443a2f6
【助力好友结果】: 好友【jd_YyUUMXxlHkwS】已满五人助力
【今日助力次数还剩】3次

助力好友结束，即将开始领取额外水滴奖励


云南香水菠萝3斤种植中...


初始化任务列表
开始签到
签到结果:  {"code":"1","todayGotWaterGoalTask":{"canPop":false},"statisticsTimes":null,"sysTime":1651918009896,"message":null}
被水滴砸中： 否
签到结束,开始广告浏览任务
正在进行广告浏览任务: 限时金融礼 最高减50元
限时金融礼 最高减50元浏览任务完成
领取浏览限时金融礼 最高减50元广告奖励成功,获得8g
正在进行广告浏览任务: 贵妃芒2斤9.8
贵妃芒2斤9.8浏览任务完成
领取浏览贵妃芒2斤9.8广告奖励成功,获得8g
正在进行广告浏览任务: 美妆母亲节买1赠1量
美妆母亲节买1赠1量浏览任务完成
领取浏览美妆母亲节买1赠1量广告奖励成功,获得8g
正在进行广告浏览任务: 1元好书限量抢！
1元好书限量抢！浏览任务完成
领取浏览1元好书限量抢！广告奖励成功,获得8g
正在进行广告浏览任务: 超级秒杀 满12减3
超级秒杀 满12减3浏览任务完成
领取浏览超级秒杀 满12减3广告奖励成功,获得8g
正在进行广告浏览任务: 每天来领万人团红包
每天来领万人团红包浏览任务完成
领取浏览每天来领万人团红包广告奖励成功,获得5g
正在进行广告浏览任务: 9.9元包邮直降
9.9元包邮直降浏览任务完成
领取浏览9.9元包邮直降广告奖励成功,获得5g
【广告浏览】完成7个,获得50g💧

【定时领水】获得3g💧

开始给好友浇水...

初始化任务列表
今日已给0个好友浇水
需要浇水的好友列表shareCodes:["74f30da282d649f59b035e7e800eaffb","7f1f588499264f32aceca4d75622f84a"]
为第1个好友浇水结果:{"code":"0","remainTimeSeconds":21171,"firstWater":false,"statisticsTimes":null,"sysTime":1651918029868,"message":null}

为第2个好友浇水结果:{"code":"0","remainTimeSeconds":21170,"firstWater":false,"statisticsTimes":null,"sysTime":1651918030986,"message":null}

【好友浇水】已给2个好友浇水,消耗20g水


今日已邀请好友0个 / 每日邀请上限4个
开始删除4个好友,可拿每天的邀请奖励

开始删除好友 [74f30da282d649f59b035e7e800eaffb]
删除好友 [74f30da282d649f59b035e7e800eaffb] 成功


开始删除好友 [a260e63752f44955839824b8454f3ed0]
删除好友 [a260e63752f44955839824b8454f3ed0] 成功


开始删除好友 [dd7a4c41ba204bf9afbd7c38a8d9c17b]
删除好友 [dd7a4c41ba204bf9afbd7c38a8d9c17b] 成功


开始删除好友 [7f1f588499264f32aceca4d75622f84a]
删除好友 [7f1f588499264f32aceca4d75622f84a] 成功

今日未邀请过好友
开始打卡领水活动（签到，关注，领券）
开始今日签到
打卡结果{"amount":10,"code":"0","todayGotWaterGoalTask":{"canPop":false},"statisticsTimes":null,"signDay":1,"sysTime":1651918047777,"message":null}
【第1天签到】获得10g💧

关注ID96
themeStep1--结果{"followState":"0","code":"0","todayGotWaterGoalTask":{"canPop":false},"statisticsTimes":null,"sysTime":1651918048867,"message":null}
themeStep2--结果{"amount":2,"code":"0","todayGotWaterGoalTask":{"canPop":false},"statisticsTimes":null,"sysTime":1651918049971,"message":null}
关注美妆馆，获得水滴2g
关注ID313
themeStep1--结果{"followState":"0","code":"0","todayGotWaterGoalTask":{"canPop":false},"statisticsTimes":null,"sysTime":1651918051067,"message":null}
themeStep2--结果{"amount":2,"code":"0","todayGotWaterGoalTask":{"canPop":false},"statisticsTimes":null,"sysTime":1651918052168,"message":null}
关注京东服饰，获得水滴2g
关注ID482
themeStep1--结果{"followState":"0","code":"0","todayGotWaterGoalTask":{"canPop":false},"statisticsTimes":null,"sysTime":1651918053291,"message":null}
themeStep2--结果{"amount":2,"code":"0","todayGotWaterGoalTask":{"canPop":false},"statisticsTimes":null,"sysTime":1651918054421,"message":null}
关注分京豆，获得水滴2g
开始打卡领水活动（签到，关注，领券）结束

水滴雨任务，每天两次，最多可得10g水滴
两次水滴雨任务是否全部完成：否
开始水滴雨任务,这是第1次，剩余1次
水滴雨waterRain
水滴雨任务执行成功，获得水滴：10g
【第1次水滴雨】获得10g水滴

助力好友未达到2个
领取额外奖励水滴结束

是否到了领取免费赠送的抽奖机会----false
免费赠送的抽奖机会未到时间
开始浏览天天抽奖的第1个逛会场任务
浏览爆品会场
第1个逛会场任务完成，开始领取水滴奖励

天天抽奖浏览任务领取水滴
第1个逛会场任务领取水滴奖励完成

开始浏览天天抽奖的第2个逛会场任务
浏览爆品会场
第2个逛会场任务完成，开始领取水滴奖励

天天抽奖浏览任务领取水滴
第2个逛会场任务领取水滴奖励完成

开始浏览天天抽奖的第3个逛会场任务
浏览爆品会场
第3个逛会场任务完成，开始领取水滴奖励

天天抽奖浏览任务领取水滴
第3个逛会场任务领取水滴奖励完成

开始浏览天天抽奖的第4个逛会场任务
浏览爆品会场
第4个逛会场任务完成，开始领取水滴奖励

天天抽奖浏览任务领取水滴
第4个逛会场任务领取水滴奖励完成

开始浏览天天抽奖的第5个逛会场任务
浏览爆品会场
第5个逛会场任务完成，开始领取水滴奖励

天天抽奖浏览任务领取水滴
第5个逛会场任务领取水滴奖励完成

开始浏览天天抽奖的第6个逛会场任务
浏览爆品会场
第6个逛会场任务完成，开始领取水滴奖励

天天抽奖浏览任务领取水滴
第6个逛会场任务领取水滴奖励完成

开始天天抽奖--好友助力--每人每天只有三次助力机会.
---天天抽奖次数remainLotteryTimes----7次
开始抽奖
等待了2秒
第1次抽奖结果{"code":"0","statisticsTimes":null,"sysTime":1651918089583,"message":null,"type":"thanks","remainLotteryTimes":6}
lotteryRes.typethanks
等待了2秒
第2次抽奖结果{"code":"0","statisticsTimes":null,"sysTime":1651918092698,"message":null,"type":"thanks","remainLotteryTimes":5}
lotteryRes.typethanks
等待了2秒
第3次抽奖结果{"code":"0","statisticsTimes":null,"sysTime":1651918095802,"message":null,"type":"thanks","remainLotteryTimes":4}
lotteryRes.typethanks
等待了2秒
第4次抽奖结果{"code":"0","statisticsTimes":null,"sysTime":1651918098909,"message":null,"type":"thanks","remainLotteryTimes":3}
lotteryRes.typethanks
等待了2秒
第5次抽奖结果{"code":"0","statisticsTimes":null,"sysTime":1651918102025,"message":null,"type":"thanks","remainLotteryTimes":2}
lotteryRes.typethanks
等待了2秒
第6次抽奖结果{"code":"0","statisticsTimes":null,"sysTime":1651918105128,"message":null,"type":"thanks","remainLotteryTimes":1}
lotteryRes.typethanks
等待了2秒
第7次抽奖结果{"code":"0","statisticsTimes":null,"sysTime":1651918108231,"message":null,"type":"thanks","remainLotteryTimes":0}
lotteryRes.typethanks
【天天抽奖】谢谢参与，谢谢参与，谢谢参与，谢谢参与，谢谢参与，谢谢参与，谢谢参与


准备浇水十次
第1次浇水
等待了1秒
本次浇水结果:   {"code":"0","totalEnergy":138,"statisticsTimes":null,"totalWaterTimes":3,"sysTime":1651918111449,"finished":false,"message":null,"waterStatus":0,"sendAmount":10,"treeEnergy":1220}
剩余水滴138g
第2次浇水
等待了1秒
本次浇水结果:   {"code":"0","totalEnergy":128,"statisticsTimes":null,"totalWaterTimes":4,"sysTime":1651918113549,"finished":false,"message":null,"waterStatus":0,"sendAmount":10,"treeEnergy":1230}
剩余水滴128g
第3次浇水
等待了1秒
本次浇水结果:   {"code":"0","totalEnergy":118,"statisticsTimes":null,"totalWaterTimes":5,"sysTime":1651918115653,"finished":false,"message":null,"waterStatus":0,"sendAmount":10,"treeEnergy":1240}
剩余水滴118g
第4次浇水
等待了1秒
本次浇水结果:   {"code":"0","totalEnergy":108,"statisticsTimes":null,"totalWaterTimes":6,"sysTime":1651918117766,"finished":false,"message":null,"waterStatus":0,"sendAmount":10,"treeEnergy":1250}
剩余水滴108g
第5次浇水
等待了1秒
本次浇水结果:   {"code":"0","totalEnergy":98,"statisticsTimes":null,"totalWaterTimes":7,"sysTime":1651918119872,"finished":false,"message":null,"waterStatus":0,"sendAmount":10,"treeEnergy":1260}
剩余水滴98g
第6次浇水
等待了1秒
本次浇水结果:   {"code":"0","totalEnergy":88,"statisticsTimes":null,"totalWaterTimes":8,"sysTime":1651918121997,"finished":false,"message":null,"waterStatus":0,"sendAmount":10,"treeEnergy":1270}
剩余水滴88g
第7次浇水
等待了1秒
本次浇水结果:   {"code":"0","totalEnergy":78,"statisticsTimes":null,"totalWaterTimes":9,"sysTime":1651918124118,"finished":false,"message":null,"waterStatus":0,"sendAmount":10,"treeEnergy":1280}
剩余水滴78g
第8次浇水
等待了1秒
本次浇水结果:   {"code":"0","totalEnergy":68,"statisticsTimes":null,"totalWaterTimes":10,"sysTime":1651918126224,"finished":false,"message":null,"waterStatus":0,"sendAmount":10,"treeEnergy":1290}
剩余水滴68g
第9次浇水
等待了1秒
本次浇水结果:   {"code":"0","totalEnergy":58,"statisticsTimes":null,"totalWaterTimes":11,"sysTime":1651918128316,"finished":false,"message":null,"waterStatus":0,"sendAmount":10,"treeEnergy":1300}
剩余水滴58g
第10次浇水
等待了1秒
本次浇水结果:   {"code":"0","totalEnergy":48,"statisticsTimes":null,"totalWaterTimes":12,"sysTime":1651918130439,"finished":false,"message":null,"waterStatus":0,"sendAmount":10,"treeEnergy":1310}
剩余水滴48g

初始化任务列表
【首次浇水奖励】获得5g💧

【十次浇水奖励】获得10g💧

finished 水果任务完成!

初始化任务列表
领取给2个好友浇水后的奖励水滴::{"code":"0","statisticsTimes":null,"sysTime":1651918135981,"addWater":25,"message":null}
【给2好友浇水】奖励25g水滴

小鸭子游戏:小鸭子为你带回了水滴
小鸭子游戏:贪吃鸭沉浸在美食之中
小鸭子游戏:小鸭子为你带回快速浇水卡
小鸭子游戏:小鸭子和好友玩耍去啦
小鸭子游戏:小鸭祝你新年新气象
贪玩鸭滑雪去啦
执行再次浇水
开始检查剩余水滴能否再次浇水再次浇水

剩余水滴93g

背包已有道具:
快速浇水卡:9张
水滴翻倍卡:0张
水滴换京豆卡:1张
加签卡:0张

目前剩余水滴：【93】g,不再继续浇水,保留部分水滴用于完成第二天【十次浇水得水滴】任务
开始预测水果成熟时间


初始化任务列表

==============📣系统通知📣==============
东东农场
【京东账号1🆔】Wang_Happy_
【水果名称】云南香水菠萝3斤
【已兑换水果】0次
【今日剩余助力👬】3次
【额外奖励】领取失败,原因：给您助力的人未达2个
【今日共浇水】12次
【剩余 水滴】93g💧
【水果进度】58.22%，已浇水131次,还需94次
【预测】8天之后(2022-05-15日)可兑换水果🍉
开始【京东账号2】蓝闺q

由于您第2个京东账号未提供shareCode,将采纳本脚本自带的助力码

第2个京东账号将要助力的好友["","ef9ffb9c616c4a18b59bce3fd845aba3","38271ae5e71c4346893a92c336d4a265","cbe963cb270449f1a85fe6837175c6b6","872bc373775446e98dc4038b1bcbb331","5072d2b27aed4c688476535c43c526af","261c12bb3c064581b4e6e7d40571f151","a549c177d5374a0987beb7b57443a2f6"]

【京东账号2（jd_72476e50d1b0e）的东东农场好友互助码】9866ec51345e413c9c4c3bbc9b49bca5


【已成功兑换水果】1次

开始助力好友
格式化后的助力码::["","ef9ffb9c616c4a18b59bce3fd845aba3","38271ae5e71c4346893a92c336d4a265","cbe963cb270449f1a85fe6837175c6b6","872bc373775446e98dc4038b1bcbb331","5072d2b27aed4c688476535c43c526af","261c12bb3c064581b4e6e7d40571f151","a549c177d5374a0987beb7b57443a2f6"]

开始助力京东账号2 - 蓝闺q的好友: 
开始助力京东账号2 - 蓝闺q的好友: ef9ffb9c616c4a18b59bce3fd845aba3
【助力好友结果】: 好友【jd_YigaOxgMdflo】已满五人助力
【今日助力次数还剩】3次

开始助力京东账号2 - 蓝闺q的好友: 38271ae5e71c4346893a92c336d4a265
【助力好友结果】: 好友【jd_717b4ed5550c7】已满五人助力
【今日助力次数还剩】3次

开始助力京东账号2 - 蓝闺q的好友: cbe963cb270449f1a85fe6837175c6b6
【助力好友结果】: 好友【jd_4505394c746e1】已满五人助力
【今日助力次数还剩】3次

开始助力京东账号2 - 蓝闺q的好友: 872bc373775446e98dc4038b1bcbb331
【助力好友结果】: 好友【caowin】已满五人助力
【今日助力次数还剩】3次

开始助力京东账号2 - 蓝闺q的好友: 5072d2b27aed4c688476535c43c526af
【助力好友结果】: 好友【jd_180518pti】已满五人助力
【今日助力次数还剩】3次

开始助力京东账号2 - 蓝闺q的好友: 261c12bb3c064581b4e6e7d40571f151
【助力好友结果】: 好友【酷拉la】已满五人助力
【今日助力次数还剩】3次

开始助力京东账号2 - 蓝闺q的好友: a549c177d5374a0987beb7b57443a2f6
【助力好友结果】: 好友【jd_YyUUMXxlHkwS】已满五人助力
【今日助力次数还剩】3次

助力好友结束，即将开始领取额外水滴奖励


3斤柠檬种植中...


初始化任务列表
开始签到
签到结果:  {"code":"1","todayGotWaterGoalTask":{"canPop":false},"statisticsTimes":null,"sysTime":1651918150135,"message":null}
被水滴砸中： 否
签到结束,开始广告浏览任务
正在进行广告浏览任务: 限时金融礼 最高减50元
限时金融礼 最高减50元浏览任务完成
领取浏览限时金融礼 最高减50元广告奖励成功,获得8g
正在进行广告浏览任务: 贵妃芒2斤9.8
贵妃芒2斤9.8浏览任务完成
领取浏览贵妃芒2斤9.8广告奖励成功,获得8g
正在进行广告浏览任务: 美妆母亲节买1赠1量
美妆母亲节买1赠1量浏览任务完成
领取浏览美妆母亲节买1赠1量广告奖励成功,获得8g
正在进行广告浏览任务: 1元好书限量抢！
1元好书限量抢！浏览任务完成
领取浏览1元好书限量抢！广告奖励成功,获得8g
正在进行广告浏览任务: 超级秒杀 满12减3
超级秒杀 满12减3浏览任务完成
领取浏览超级秒杀 满12减3广告奖励成功,获得8g
正在进行广告浏览任务: 每天来领万人团红包
每天来领万人团红包浏览任务完成
领取浏览每天来领万人团红包广告奖励成功,获得5g
正在进行广告浏览任务: 9.9元包邮直降
9.9元包邮直降浏览任务完成
领取浏览9.9元包邮直降广告奖励成功,获得5g
【广告浏览】完成7个,获得50g💧

【定时领水】获得8g💧

开始给好友浇水...

初始化任务列表
今日已给0个好友浇水
需要浇水的好友列表shareCodes:["1d8cdaeb6a1f4f63b2c425e1e6c88771","dd027e0d7e904c09a14b22855640c760"]
为第1个好友浇水结果:{"code":"0","remainTimeSeconds":21030,"firstWater":false,"statisticsTimes":null,"sysTime":1651918170088,"message":null}

为第2个好友浇水结果:{"code":"0","remainTimeSeconds":21029,"firstWater":false,"statisticsTimes":null,"sysTime":1651918171184,"message":null}

【好友浇水】已给2个好友浇水,消耗20g水


今日已邀请好友0个 / 每日邀请上限4个
开始删除4个好友,可拿每天的邀请奖励

开始删除好友 [95d0bcc70ed44703a3a1fe9f050e4de4]
删除好友 [95d0bcc70ed44703a3a1fe9f050e4de4] 成功


开始删除好友 [1d8cdaeb6a1f4f63b2c425e1e6c88771]
删除好友 [1d8cdaeb6a1f4f63b2c425e1e6c88771] 成功


开始删除好友 [dd027e0d7e904c09a14b22855640c760]
删除好友 [dd027e0d7e904c09a14b22855640c760] 成功


开始删除好友 [deeafebaf6b24aa3830e2acbefd1c104]
删除好友 [deeafebaf6b24aa3830e2acbefd1c104] 成功

今日未邀请过好友
开始打卡领水活动（签到，关注，领券）
开始今日签到
打卡结果{"amount":10,"code":"0","todayGotWaterGoalTask":{"canPop":false},"statisticsTimes":null,"signDay":1,"sysTime":1651918188007,"message":null}
【第1天签到】获得10g💧

关注ID96
themeStep1--结果{"followState":"0","code":"0","todayGotWaterGoalTask":{"canPop":false},"statisticsTimes":null,"sysTime":1651918189104,"message":null}
themeStep2--结果{"amount":2,"code":"0","todayGotWaterGoalTask":{"canPop":false},"statisticsTimes":null,"sysTime":1651918190204,"message":null}
关注美妆馆，获得水滴2g
关注ID313
themeStep1--结果{"followState":"0","code":"0","todayGotWaterGoalTask":{"canPop":false},"statisticsTimes":null,"sysTime":1651918191302,"message":null}
themeStep2--结果{"amount":2,"code":"0","todayGotWaterGoalTask":{"canPop":false},"statisticsTimes":null,"sysTime":1651918192402,"message":null}
关注京东服饰，获得水滴2g
关注ID482
themeStep1--结果{"followState":"0","code":"0","todayGotWaterGoalTask":{"canPop":false},"statisticsTimes":null,"sysTime":1651918193511,"message":null}
themeStep2--结果{"amount":2,"code":"0","todayGotWaterGoalTask":{"canPop":false},"statisticsTimes":null,"sysTime":1651918194619,"message":null}
关注分京豆，获得水滴2g
开始打卡领水活动（签到，关注，领券）结束

水滴雨任务，每天两次，最多可得10g水滴
两次水滴雨任务是否全部完成：否
开始水滴雨任务,这是第1次，剩余1次
水滴雨waterRain
水滴雨任务执行成功，获得水滴：10g
【第1次水滴雨】获得10g水滴

助力好友未达到2个

京东昵称【Wang_Happy_】 在 2022-5-7 18:9:9 给您助过力

领取额外奖励水滴结束

是否到了领取免费赠送的抽奖机会----false
免费赠送的抽奖机会未到时间
开始浏览天天抽奖的第1个逛会场任务
浏览爆品会场
第1个逛会场任务完成，开始领取水滴奖励

天天抽奖浏览任务领取水滴
第1个逛会场任务领取水滴奖励完成

开始浏览天天抽奖的第2个逛会场任务
浏览爆品会场
第2个逛会场任务完成，开始领取水滴奖励

天天抽奖浏览任务领取水滴
第2个逛会场任务领取水滴奖励完成

开始浏览天天抽奖的第3个逛会场任务
浏览爆品会场
第3个逛会场任务完成，开始领取水滴奖励

天天抽奖浏览任务领取水滴
第3个逛会场任务领取水滴奖励完成

开始浏览天天抽奖的第4个逛会场任务
浏览爆品会场
第4个逛会场任务完成，开始领取水滴奖励

天天抽奖浏览任务领取水滴
第4个逛会场任务领取水滴奖励完成

开始浏览天天抽奖的第5个逛会场任务
浏览爆品会场
第5个逛会场任务完成，开始领取水滴奖励

天天抽奖浏览任务领取水滴
第5个逛会场任务领取水滴奖励完成

开始浏览天天抽奖的第6个逛会场任务
浏览爆品会场
第6个逛会场任务完成，开始领取水滴奖励

天天抽奖浏览任务领取水滴
第6个逛会场任务领取水滴奖励完成

开始天天抽奖--好友助力--每人每天只有三次助力机会.
---天天抽奖次数remainLotteryTimes----9次
开始抽奖
等待了2秒
第1次抽奖结果{"code":"0","statisticsTimes":null,"sysTime":1651918229921,"message":null,"type":"thanks","remainLotteryTimes":8}
lotteryRes.typethanks
等待了2秒
第2次抽奖结果{"code":"0","statisticsTimes":null,"sysTime":1651918233036,"message":null,"type":"thanks","remainLotteryTimes":7}
lotteryRes.typethanks
等待了2秒
第3次抽奖结果{"beanCount":1,"code":"0","statisticsTimes":null,"sysTime":1651918236188,"message":null,"type":"bean1","remainLotteryTimes":6}
lotteryRes.typebean1
等待了2秒
第4次抽奖结果{"code":"0","statisticsTimes":null,"sysTime":1651918239315,"message":null,"type":"thanks","remainLotteryTimes":5}
lotteryRes.typethanks
等待了2秒
第5次抽奖结果{"code":"0","couponInfo":{"couponId":"175529977455","batchId":855417438,"type":1,"style":0,"beginTime":1651918242429,"endTime":1652543999429,"discount":20,"quota":99},"statisticsTimes":null,"sysTime":1651918242451,"couponResultCode":200,"message":null,"type":"coupon1","limitStr":"仅可购买京东京造部分商品","remainLotteryTimes":4}
lotteryRes.typecoupon1
等待了2秒
第6次抽奖结果{"code":"0","statisticsTimes":null,"sysTime":1651918245563,"message":null,"type":"thanks","remainLotteryTimes":3}
lotteryRes.typethanks
等待了2秒
第7次抽奖结果{"code":"0","statisticsTimes":null,"sysTime":1651918248666,"message":null,"type":"thanks","remainLotteryTimes":2}
lotteryRes.typethanks
等待了2秒
第8次抽奖结果{"code":"0","statisticsTimes":null,"sysTime":1651918251763,"message":null,"type":"thanks","remainLotteryTimes":1}
lotteryRes.typethanks
等待了2秒
第9次抽奖结果{"code":"0","statisticsTimes":null,"sysTime":1651918254862,"message":null,"type":"thanks","remainLotteryTimes":0}
lotteryRes.typethanks
【天天抽奖】谢谢参与，谢谢参与，京豆1个，谢谢参与，优惠券1-京造-20，谢谢参与，谢谢参与，谢谢参与，谢谢参与


准备浇水十次
第1次浇水
等待了1秒
本次浇水结果:   {"code":"0","totalEnergy":160,"statisticsTimes":null,"totalWaterTimes":3,"sysTime":1651918258072,"finished":false,"message":null,"waterStatus":0,"sendAmount":10,"treeEnergy":1450}
剩余水滴160g
第2次浇水
等待了1秒
本次浇水结果:   {"code":"0","totalEnergy":150,"statisticsTimes":null,"totalWaterTimes":4,"sysTime":1651918260186,"finished":false,"message":null,"waterStatus":0,"sendAmount":10,"treeEnergy":1460}
剩余水滴150g
第3次浇水
等待了1秒
本次浇水结果:   {"code":"0","totalEnergy":140,"statisticsTimes":null,"totalWaterTimes":5,"sysTime":1651918262307,"finished":false,"message":null,"waterStatus":0,"sendAmount":10,"treeEnergy":1470}
剩余水滴140g
第4次浇水
等待了1秒
本次浇水结果:   {"code":"0","totalEnergy":130,"statisticsTimes":null,"totalWaterTimes":6,"sysTime":1651918264399,"finished":false,"message":null,"waterStatus":0,"sendAmount":10,"treeEnergy":1480}
剩余水滴130g
第5次浇水
等待了1秒
本次浇水结果:   {"code":"0","totalEnergy":120,"statisticsTimes":null,"totalWaterTimes":7,"sysTime":1651918266511,"finished":false,"message":null,"waterStatus":0,"sendAmount":10,"treeEnergy":1490}
剩余水滴120g
第6次浇水
等待了1秒
本次浇水结果:   {"code":"0","totalEnergy":110,"statisticsTimes":null,"totalWaterTimes":8,"sysTime":1651918268605,"finished":false,"message":null,"waterStatus":0,"sendAmount":10,"treeEnergy":1500}
剩余水滴110g
第7次浇水
等待了1秒
本次浇水结果:   {"code":"1","statisticsTimes":null,"sysTime":1651918270699,"message":"请勿重复操作"}
浇水出现失败异常,跳出不在继续浇水

初始化任务列表
【首次浇水奖励】获得5g💧

【十次浇水奖励】任务未完成，今日浇水9次

finished 水果任务完成!

初始化任务列表
领取给2个好友浇水后的奖励水滴::{"code":"0","statisticsTimes":null,"sysTime":1651918275129,"addWater":25,"message":null}
【给2好友浇水】奖励25g水滴

小鸭子游戏:贪玩鸭滑雪去啦
小鸭子游戏:小鸭子为你带回快速浇水卡
小鸭子游戏:贪吃鸭沉浸在美食之中
小鸭子游戏:笨笨鸭一不小心迷路啦
小鸭子游戏:小鸭子和好友玩耍去啦
小鸭子为你带回了水滴
执行再次浇水
开始检查剩余水滴能否再次浇水再次浇水

剩余水滴115g

背包已有道具:
快速浇水卡:19张
水滴翻倍卡:未解锁
水滴换京豆卡:1张
加签卡:未解锁

目前剩余水滴：【115】g，可继续浇水
等待了1秒
本次浇水结果:   {"code":"1","statisticsTimes":null,"sysTime":1651918279039,"message":"请勿重复操作"}
浇水出现失败异常,跳出不在继续浇水
开始预测水果成熟时间


初始化任务列表

==============📣系统通知📣==============
东东农场
【京东账号2🆔】蓝闺q
【水果名称】3斤柠檬
【已兑换水果】1次
【今日剩余助力👬】3次
【额外奖励】领取失败,原因：给您助力的人未达2个
【助力您的好友】Wang_Happy_
【今日共浇水】13次
【剩余 水滴】95g💧
【水果进度】38.75%，已浇水155次,还需245次
【预测】19天之后(2022-05-26日)可兑换水果🍉
成员ID:@all企业微信应用消息发送通知消息成功🎉。


🔔东东农场, 结束! 🕛 282.513 秒


## 执行结束... 2022-05-07 18:11:21 耗时 283 秒
