## 开始执行... 2022-05-11 12:08:29


🔔东东农场, 开始!
开始获取配置文件


====================共2个京东账号Cookie=================

============脚本执行时间：2022/5/11 12:08:30=============

>>>>>>>>>>>>>>6Dylan6 提示：任务正常运行中>>>>>>>>>>>>>>>

共2个京东账号

您提供了2个账号的农场助力码

开始【京东账号1】jd_56ac883b2ee02

第1个京东账号将要助力的好友["9866ec51345e413c9c4c3bbc9b49bca5"]

【京东账号1（jd_56ac883b2ee02）的东东农场好友互助码】3307dda3470e4e679a94b89338f92e21


【已成功兑换水果】0次

开始助力好友
格式化后的助力码::["9866ec51345e413c9c4c3bbc9b49bca5"]

开始助力京东账号1 - jd_56ac883b2ee02的好友: 9866ec51345e413c9c4c3bbc9b49bca5
【助力好友结果】: 之前给【蓝闺q】助力过了
【今日助力次数还剩】2次

助力好友结束，即将开始领取额外水滴奖励


云南香水菠萝3斤种植中...


初始化任务列表
开始签到
签到结果:  {"code":"1","todayGotWaterGoalTask":{"getTodayGotWaterGoalTask":{"icon":"https://m.360buyimg.com/babel/jfs/t1/186081/16/10612/181675/60d2d993Eb70d6aab/910ee4b284c3d051.png","goalWater":20,"sendWater":5,"upMainTitle":"继续去逛逛农场","upSecondTitle":"为你送上5g水滴","link":"https://h5.m.jd.com/babelDiy/Zeus/CvMVbdFGXPiWFFPCc934RiJfMPu/index.html?babelChannel=ttt11","vendorid":"1","linkType":"H5"},"canPop":true},"statisticsTimes":null,"sysTime":1652242124945,"message":null}
被水滴砸中： 是
【被水滴砸中】获得5g💧\n
签到结束,开始广告浏览任务
今天已经做过浏览广告任务

【定时领水】获得5g💧

开始给好友浇水...

初始化任务列表
今日已给1个好友浇水
需要浇水的好友列表shareCodes:[]
【好友浇水】已给0个好友浇水,消耗0g水


今日已邀请好友0个 / 每日邀请上限4个
开始删除1个好友,可拿每天的邀请奖励

开始删除好友 [9866ec51345e413c9c4c3bbc9b49bca5]
删除好友 [9866ec51345e413c9c4c3bbc9b49bca5] 成功

今日未邀请过好友
开始打卡领水活动（签到，关注，领券）
开始打卡领水活动（签到，关注，领券）结束

水滴雨任务，每天两次，最多可得10g水滴
两次水滴雨任务是否全部完成：否
开始水滴雨任务,这是第2次，剩余0次
水滴雨waterRain
水滴雨任务执行成功，获得水滴：10g
【第2次水滴雨】获得10g水滴

助力好友未达到2个

京东昵称【蓝闺q】 在 2022-5-11 6:11:11 给您助过力

领取额外奖励水滴结束

是否到了领取免费赠送的抽奖机会----true
领取定时奖励结果{"code":"0","addTimes":1,"statisticsTimes":null,"sysTime":1652242138373,"message":null,"remainLotteryTimes":3}
浏览天天抽奖的第1个逛会场任务已完成
浏览天天抽奖的第2个逛会场任务已完成
浏览天天抽奖的第3个逛会场任务已完成
浏览天天抽奖的第4个逛会场任务已完成
浏览天天抽奖的第5个逛会场任务已完成
开始天天抽奖--好友助力--每人每天只有三次助力机会.
天天抽奖-不要重复助力蓝闺q

---天天抽奖次数remainLotteryTimes----3次
开始抽奖
等待了2秒
第1次抽奖结果{"code":"0","statisticsTimes":null,"sysTime":1652242143725,"message":null,"type":"thanks","remainLotteryTimes":2}
lotteryRes.typethanks
"Timeout awaiting 'request' for 10000ms"
东东农场 API请求失败，请检查网路重试
等待了2秒
第2次抽奖结果{"beanCount":1,"code":"0","statisticsTimes":null,"sysTime":1652242146836,"message":null,"type":"bean1","remainLotteryTimes":1}
lotteryRes.typebean1
等待了2秒
第3次抽奖结果{"code":"0","couponInfo":{"couponId":"305408502821","batchId":831242955,"type":1,"style":0,"beginTime":1652242149938,"endTime":1652371199938,"discount":30,"quota":39},"statisticsTimes":null,"sysTime":1652242149949,"couponResultCode":200,"message":null,"type":"coupon4","limitStr":"限购 [爱多多宠物零食官方旗舰店] 店铺部分商品","remainLotteryTimes":0}
lotteryRes.typecoupon4
【天天抽奖】谢谢参与，京豆1个，优惠券4-宠物30


今日已完成10次浇水任务


初始化任务列表
首次浇水奖励已领取

finished 水果任务完成!

初始化任务列表
暂未给2个好友浇水

小鸭子游戏达到上限
执行再次浇水
开始检查剩余水滴能否再次浇水再次浇水

剩余水滴102g

背包已有道具:
快速浇水卡:11张
水滴翻倍卡:0张
水滴换京豆卡:1张
加签卡:0张

目前剩余水滴：【102】g,不再继续浇水,保留部分水滴用于完成第二天【十次浇水得水滴】任务
开始预测水果成熟时间


初始化任务列表

==============📣系统通知📣==============
东东农场
【京东账号1🆔】jd_56ac883b2ee02
【水果名称】云南香水菠萝3斤
【已兑换水果】0次
【今日剩余助力👬】2次
【额外奖励】领取失败,原因：给您助力的人未达2个
【助力您的好友】蓝闺q
【今日共浇水】11次
【剩余 水滴】102g💧
【水果进度】86.22%，已浇水194次,还需31次
【预测】后天(2022-05-13日)可兑换水果🍉
开始【京东账号2】蓝闺q

第2个京东账号将要助力的好友["3307dda3470e4e679a94b89338f92e21"]

【京东账号2（jd_72476e50d1b0e）的东东农场好友互助码】9866ec51345e413c9c4c3bbc9b49bca5


【已成功兑换水果】1次

开始助力好友
格式化后的助力码::["3307dda3470e4e679a94b89338f92e21"]

开始助力京东账号2 - 蓝闺q的好友: 3307dda3470e4e679a94b89338f92e21
【助力好友结果】: 之前给【Wang_Happy_】助力过了
【今日助力次数还剩】2次

助力好友结束，即将开始领取额外水滴奖励


3斤柠檬种植中...


初始化任务列表
开始签到
签到结果:  {"code":"1","todayGotWaterGoalTask":{"getTodayGotWaterGoalTask":{"icon":"https://m.360buyimg.com/babel/jfs/t1/186081/16/10612/181675/60d2d993Eb70d6aab/910ee4b284c3d051.png","goalWater":20,"sendWater":5,"upMainTitle":"继续去逛逛农场","upSecondTitle":"为你送上5g水滴","link":"https://h5.m.jd.com/babelDiy/Zeus/CvMVbdFGXPiWFFPCc934RiJfMPu/index.html?babelChannel=ttt11","vendorid":"1","linkType":"H5"},"canPop":true},"statisticsTimes":null,"sysTime":1652242169424,"message":null}
被水滴砸中： 是
【被水滴砸中】获得5g💧\n
签到结束,开始广告浏览任务
今天已经做过浏览广告任务

【定时领水】获得3g💧

开始给好友浇水...

初始化任务列表
今日已给1个好友浇水
需要浇水的好友列表shareCodes:[]
【好友浇水】已给0个好友浇水,消耗0g水


今日已邀请好友0个 / 每日邀请上限4个
开始删除1个好友,可拿每天的邀请奖励

开始删除好友 [3307dda3470e4e679a94b89338f92e21]
删除好友 [3307dda3470e4e679a94b89338f92e21] 成功

今日未邀请过好友
开始打卡领水活动（签到，关注，领券）
开始领取--惊喜礼包38g水滴
开始打卡领水活动（签到，关注，领券）结束

水滴雨任务，每天两次，最多可得10g水滴
两次水滴雨任务是否全部完成：否
开始水滴雨任务,这是第2次，剩余0次
水滴雨waterRain
水滴雨任务执行成功，获得水滴：10g
【第2次水滴雨】获得10g水滴

助力好友未达到2个

京东昵称【Wang_Happy_】 在 2022-5-11 6:9:9 给您助过力

领取额外奖励水滴结束

是否到了领取免费赠送的抽奖机会----true
领取定时奖励结果{"code":"0","addTimes":1,"statisticsTimes":null,"sysTime":1652242183970,"message":null,"remainLotteryTimes":1}
浏览天天抽奖的第1个逛会场任务已完成
浏览天天抽奖的第2个逛会场任务已完成
浏览天天抽奖的第3个逛会场任务已完成
浏览天天抽奖的第4个逛会场任务已完成
浏览天天抽奖的第5个逛会场任务已完成
开始天天抽奖--好友助力--每人每天只有三次助力机会.
天天抽奖-不要重复助力Wang_Happy_

---天天抽奖次数remainLotteryTimes----1次
开始抽奖
等待了2秒
"Timeout awaiting 'request' for 10000ms"
东东农场 API请求失败，请检查网路重试
第1次抽奖结果{"code":"0","statisticsTimes":null,"sysTime":1652242189310,"addWater":10,"message":null,"type":"water1","remainLotteryTimes":0}
lotteryRes.typewater1
【天天抽奖】水滴10g


今日已完成10次浇水任务


初始化任务列表
首次浇水奖励已领取

finished 水果任务完成!

初始化任务列表
暂未给2个好友浇水

小鸭子游戏达到上限
执行再次浇水
开始检查剩余水滴能否再次浇水再次浇水

剩余水滴133g

背包已有道具:
快速浇水卡:23张
水滴翻倍卡:未解锁
水滴换京豆卡:1张
加签卡:0张

目前剩余水滴：【133】g，可继续浇水
等待了1秒
本次浇水结果:   {"code":"0","totalEnergy":123,"statisticsTimes":null,"totalWaterTimes":13,"sysTime":1652242196081,"finished":false,"message":null,"waterStatus":0,"sendAmount":10,"treeEnergy":2090}

浇水10g成功,剩余123

等待了1秒
本次浇水结果:   {"code":"0","totalEnergy":113,"statisticsTimes":null,"totalWaterTimes":14,"sysTime":1652242198183,"finished":false,"message":null,"waterStatus":0,"sendAmount":10,"treeEnergy":2100}

浇水10g成功,剩余113

等待了1秒
本次浇水结果:   {"code":"0","totalEnergy":103,"statisticsTimes":null,"totalWaterTimes":15,"sysTime":1652242200275,"finished":false,"message":null,"waterStatus":0,"sendAmount":10,"treeEnergy":2110}

浇水10g成功,剩余103

开始预测水果成熟时间


初始化任务列表

==============📣系统通知📣==============
东东农场
【京东账号2🆔】蓝闺q
【水果名称】3斤柠檬
【已兑换水果】1次
【今日剩余助力👬】2次
【额外奖励】领取失败,原因：给您助力的人未达2个
【助力您的好友】Wang_Happy_
【今日共浇水】15次
【剩余 水滴】103g💧
【水果进度】52.75%，已浇水211次,还需189次
【预测】12天之后(2022-05-23日)可兑换水果🍉
开始发送通知...
通知标题: 东东农场
成员ID:@all企业微信应用消息发送通知消息成功🎉。


🔔东东农场, 结束! 🕛 92.333 秒


## 执行结束... 2022-05-11 12:10:02 耗时 93 秒
