## 开始执行... 2022-05-13 18:05:55


🔔东东农场, 开始!
开始获取配置文件


====================共2个京东账号Cookie=================

============脚本执行时间：2022/5/13 18:05:56=============

>>>>>>>>>>>>>>6Dylan6 提示：任务正常运行中>>>>>>>>>>>>>>>

共2个京东账号

您提供了2个账号的农场助力码

开始【京东账号1】Wang_Happy_

第1个京东账号将要助力的好友["9866ec51345e413c9c4c3bbc9b49bca5","ef9ffb9c616c4a18b59bce3fd845aba3","38271ae5e71c4346893a92c336d4a265","cbe963cb270449f1a85fe6837175c6b6","872bc373775446e98dc4038b1bcbb331","5072d2b27aed4c688476535c43c526af","261c12bb3c064581b4e6e7d40571f151","a549c177d5374a0987beb7b57443a2f6"]

【京东账号1（jd_56ac883b2ee02）的东东农场好友互助码】3307dda3470e4e679a94b89338f92e21


【已成功兑换水果】1次

开始助力好友
格式化后的助力码::["9866ec51345e413c9c4c3bbc9b49bca5","ef9ffb9c616c4a18b59bce3fd845aba3","38271ae5e71c4346893a92c336d4a265","cbe963cb270449f1a85fe6837175c6b6","872bc373775446e98dc4038b1bcbb331","5072d2b27aed4c688476535c43c526af","261c12bb3c064581b4e6e7d40571f151","a549c177d5374a0987beb7b57443a2f6"]

开始助力京东账号1 - Wang_Happy_的好友: 9866ec51345e413c9c4c3bbc9b49bca5
【助力好友结果】: 之前给【蓝闺q】助力过了
【今日助力次数还剩】2次

开始助力京东账号1 - Wang_Happy_的好友: ef9ffb9c616c4a18b59bce3fd845aba3
【助力好友结果】: 好友【jd_YigaOxgMdflo】已满五人助力
【今日助力次数还剩】2次

开始助力京东账号1 - Wang_Happy_的好友: 38271ae5e71c4346893a92c336d4a265
【助力好友结果】: 好友【jd_717b4ed5550c7】已满五人助力
【今日助力次数还剩】2次

开始助力京东账号1 - Wang_Happy_的好友: cbe963cb270449f1a85fe6837175c6b6
【助力好友结果】: 好友【jd_4505394c746e1】已满五人助力
【今日助力次数还剩】2次

开始助力京东账号1 - Wang_Happy_的好友: 872bc373775446e98dc4038b1bcbb331
【助力好友结果】: 好友【caowin】已满五人助力
【今日助力次数还剩】2次

开始助力京东账号1 - Wang_Happy_的好友: 5072d2b27aed4c688476535c43c526af
【助力好友结果】: 好友【jd_180518pti】已满五人助力
【今日助力次数还剩】2次

开始助力京东账号1 - Wang_Happy_的好友: 261c12bb3c064581b4e6e7d40571f151
【助力好友结果】: 好友【酷拉la】已满五人助力
【今日助力次数还剩】2次

开始助力京东账号1 - Wang_Happy_的好友: a549c177d5374a0987beb7b57443a2f6
【助力好友结果】: 好友【jd_YyUUMXxlHkwS】已满五人助力
【今日助力次数还剩】2次

助力好友结束，即将开始领取额外水滴奖励


脐橙2斤装种植中...


初始化任务列表
开始签到
签到结果:  {"code":"1","todayGotWaterGoalTask":{"canPop":false},"statisticsTimes":null,"sysTime":1652436370222,"message":null}
被水滴砸中： 否
签到结束,开始广告浏览任务
正在进行广告浏览任务: 限时金融礼 最高减50元
限时金融礼 最高减50元浏览任务完成
领取浏览限时金融礼 最高减50元广告奖励成功,获得5g
正在进行广告浏览任务: 满129减30
满129减30浏览任务完成
领取浏览满129减30广告奖励成功,获得5g
正在进行广告浏览任务: 低至1元秒杀
低至1元秒杀浏览任务完成
领取浏览低至1元秒杀广告奖励成功,获得5g
正在进行广告浏览任务: 1元好书限量抢
1元好书限量抢浏览任务完成
领取浏览1元好书限量抢广告奖励成功,获得5g
正在进行广告浏览任务: 超级秒杀 满12减3
超级秒杀 满12减3浏览任务完成
领取浏览超级秒杀 满12减3广告奖励成功,获得5g
正在进行广告浏览任务: 每天来领万人团红包
每天来领万人团红包浏览任务完成
领取浏览每天来领万人团红包广告奖励成功,获得5g
正在进行广告浏览任务: 9.9元包邮直降
9.9元包邮直降浏览任务完成
领取浏览9.9元包邮直降广告奖励成功,获得5g
正在进行广告浏览任务: 榴莲低至18.6元/斤
榴莲低至18.6元/斤浏览任务完成
领取浏览榴莲低至18.6元/斤广告奖励成功,获得5g
【广告浏览】完成8个,获得40g💧

【定时领水】获得4g💧

开始给好友浇水...

初始化任务列表
今日已给0个好友浇水
需要浇水的好友列表shareCodes:["9866ec51345e413c9c4c3bbc9b49bca5"]
为第1个好友浇水结果:{"code":"0","remainTimeSeconds":21206,"firstWater":false,"statisticsTimes":null,"sysTime":1652436394683,"message":null}

【好友浇水】已给1个好友浇水,消耗10g水


今日已邀请好友0个 / 每日邀请上限4个
开始删除1个好友,可拿每天的邀请奖励

开始删除好友 [9866ec51345e413c9c4c3bbc9b49bca5]
删除好友 [9866ec51345e413c9c4c3bbc9b49bca5] 成功

今日未邀请过好友
开始打卡领水活动（签到，关注，领券）
关注ID96
themeStep1--结果{"followState":"0","code":"0","todayGotWaterGoalTask":{"canPop":false},"statisticsTimes":null,"sysTime":1652436409519,"message":null}
themeStep2--结果{"amount":2,"code":"0","todayGotWaterGoalTask":{"canPop":false},"statisticsTimes":null,"sysTime":1652436410630,"message":null}
关注美妆馆，获得水滴2g
关注ID545
themeStep1--结果{"followState":"0","code":"0","todayGotWaterGoalTask":{"canPop":false},"statisticsTimes":null,"sysTime":1652436411962,"message":null}
themeStep2--结果{"amount":2,"code":"0","todayGotWaterGoalTask":{"canPop":false},"statisticsTimes":null,"sysTime":1652436413071,"message":null}
关注抢888元红包，获得水滴2g
关注ID482
themeStep1--结果{"followState":"0","code":"0","todayGotWaterGoalTask":{"canPop":false},"statisticsTimes":null,"sysTime":1652436414180,"message":null}
themeStep2--结果{"amount":2,"code":"0","todayGotWaterGoalTask":{"canPop":false},"statisticsTimes":null,"sysTime":1652436415314,"message":null}
关注分京豆，获得水滴2g
开始打卡领水活动（签到，关注，领券）结束

水滴雨任务，每天两次，最多可得10g水滴
两次水滴雨任务是否全部完成：否
开始水滴雨任务,这是第1次，剩余1次
水滴雨waterRain
水滴雨任务执行成功，获得水滴：10g
【第1次水滴雨】获得10g水滴

助力好友未达到2个

京东昵称【蓝闺q】 在 2022-5-13 6:8:8 给您助过力

领取额外奖励水滴结束

是否到了领取免费赠送的抽奖机会----false
免费赠送的抽奖机会未到时间
开始浏览天天抽奖的第1个逛会场任务
浏览爆品会场
第1个逛会场任务完成，开始领取水滴奖励

天天抽奖浏览任务领取水滴
第1个逛会场任务领取水滴奖励完成

开始浏览天天抽奖的第2个逛会场任务
浏览爆品会场
第2个逛会场任务完成，开始领取水滴奖励

天天抽奖浏览任务领取水滴
第2个逛会场任务领取水滴奖励完成

开始浏览天天抽奖的第3个逛会场任务
浏览爆品会场
第3个逛会场任务完成，开始领取水滴奖励

天天抽奖浏览任务领取水滴
第3个逛会场任务领取水滴奖励完成

开始浏览天天抽奖的第4个逛会场任务
浏览爆品会场
第4个逛会场任务完成，开始领取水滴奖励

天天抽奖浏览任务领取水滴
第4个逛会场任务领取水滴奖励完成

开始浏览天天抽奖的第5个逛会场任务
浏览爆品会场
第5个逛会场任务完成，开始领取水滴奖励

天天抽奖浏览任务领取水滴
第5个逛会场任务领取水滴奖励完成

开始浏览天天抽奖的第6个逛会场任务
浏览爆品会场
第6个逛会场任务完成，开始领取水滴奖励

天天抽奖浏览任务领取水滴
第6个逛会场任务领取水滴奖励完成

开始浏览天天抽奖的第7个逛会场任务
浏览爆品会场
第7个逛会场任务完成，开始领取水滴奖励

天天抽奖浏览任务领取水滴
第7个逛会场任务领取水滴奖励完成

开始天天抽奖--好友助力--每人每天只有三次助力机会.
天天抽奖-助力蓝闺q成功

---天天抽奖次数remainLotteryTimes----10次
开始抽奖
等待了2秒
第1次抽奖结果{"code":"0","couponInfo":{"couponId":"305861719433","batchId":868002149,"type":1,"style":0,"beginTime":1652436457286,"endTime":1652716799286,"discount":102,"quota":128},"statisticsTimes":null,"sysTime":1652436457298,"couponResultCode":200,"message":null,"type":"coupon3","limitStr":"限购 [阳光旭日图书专营店] 店铺部分商品","remainLotteryTimes":9}
lotteryRes.typecoupon3
等待了2秒
第2次抽奖结果{"beanCount":1,"code":"0","statisticsTimes":null,"sysTime":1652436460452,"message":null,"type":"bean1","remainLotteryTimes":8}
lotteryRes.typebean1
等待了2秒
第3次抽奖结果{"beanCount":1,"code":"0","statisticsTimes":null,"sysTime":1652436463584,"message":null,"type":"bean1","remainLotteryTimes":7}
lotteryRes.typebean1
等待了2秒
第4次抽奖结果{"code":"0","couponInfo":{"couponId":"176352213883","batchId":833961371,"type":1,"style":0,"beginTime":1652436466694,"endTime":1652543999694,"discount":10,"quota":19},"statisticsTimes":null,"sysTime":1652436466718,"couponResultCode":200,"message":null,"type":"coupon4","limitStr":"限购 [爱多多宠物零食官方旗舰店] 店铺商品","remainLotteryTimes":6}
lotteryRes.typecoupon4
等待了2秒
第5次抽奖结果{"code":"0","statisticsTimes":null,"sysTime":1652436469812,"message":null,"type":"thanks","remainLotteryTimes":5}
lotteryRes.typethanks
等待了2秒
第6次抽奖结果{"code":"0","statisticsTimes":null,"sysTime":1652436472912,"message":null,"type":"thanks","remainLotteryTimes":4}
lotteryRes.typethanks
等待了2秒
第7次抽奖结果{"code":"0","couponInfo":{"couponId":"305860896509","batchId":833961371,"type":1,"style":0,"beginTime":1652436476026,"endTime":1652543999026,"discount":10,"quota":19},"statisticsTimes":null,"sysTime":1652436476036,"couponResultCode":200,"message":null,"type":"coupon4","limitStr":"限购 [爱多多宠物零食官方旗舰店] 店铺商品","remainLotteryTimes":3}
lotteryRes.typecoupon4
等待了2秒
第8次抽奖结果{"code":"0","statisticsTimes":null,"sysTime":1652436479147,"message":null,"type":"thanks","remainLotteryTimes":2}
lotteryRes.typethanks
等待了2秒
第9次抽奖结果{"beanCount":1,"code":"0","statisticsTimes":null,"sysTime":1652436482269,"message":null,"type":"bean1","remainLotteryTimes":1}
lotteryRes.typebean1
等待了2秒
第10次抽奖结果{"beanCount":1,"code":"0","statisticsTimes":null,"sysTime":1652436485403,"message":null,"type":"bean1","remainLotteryTimes":0}
lotteryRes.typebean1
【天天抽奖】优惠券3-图书102，京豆1个，京豆1个，优惠券4-宠物10，谢谢参与，谢谢参与，优惠券4-宠物10，谢谢参与，京豆1个，京豆1个


今日已完成10次浇水任务


初始化任务列表
【首次浇水奖励】获得5g💧

【十次浇水奖励】获得10g💧

finished 水果任务完成!

初始化任务列表
暂未给2个好友浇水

小鸭子游戏:小鸭子为你带回了水滴
小鸭子游戏:贪玩鸭滑雪去啦
小鸭子游戏:小鸭祝你新年新气象
小鸭子游戏:假日懒洋洋，小鸭晒太阳
小鸭子为你带回快速浇水卡
执行再次浇水
开始检查剩余水滴能否再次浇水再次浇水

剩余水滴227g

背包已有道具:
快速浇水卡:13张
水滴翻倍卡:0张
水滴换京豆卡:1张
加签卡:0张

目前剩余水滴：【227】g，可继续浇水
等待了1秒
本次浇水结果:   {"code":"0","totalEnergy":217,"statisticsTimes":null,"totalWaterTimes":18,"sysTime":1652436496481,"finished":false,"message":null,"waterStatus":0,"sendAmount":10,"treeEnergy":10}

浇水10g成功,剩余217

果树发芽了,奖励30g水滴
浇水阶段奖励1领取结果 {"code":"0","todayGotWaterGoalTask":{"canPop":false},"statisticsTimes":null,"addEnergy":30,"sysTime":1652436497583,"message":null,"isNewUser":false}
【果树发芽了】奖励30

等待了1秒
本次浇水结果:   {"code":"0","totalEnergy":237,"statisticsTimes":null,"totalWaterTimes":19,"sysTime":1652436499690,"finished":false,"message":null,"waterStatus":0,"sendAmount":10,"treeEnergy":20}

浇水10g成功,剩余237

等待了1秒
本次浇水结果:   {"code":"0","totalEnergy":227,"statisticsTimes":null,"totalWaterTimes":20,"sysTime":1652436501786,"finished":false,"message":null,"waterStatus":0,"sendAmount":10,"treeEnergy":30}

浇水10g成功,剩余227

等待了1秒
本次浇水结果:   {"code":"0","totalEnergy":217,"statisticsTimes":null,"totalWaterTimes":21,"sysTime":1652436503908,"finished":false,"message":null,"waterStatus":0,"sendAmount":10,"treeEnergy":40}

浇水10g成功,剩余217

等待了1秒
本次浇水结果:   {"code":"0","totalEnergy":207,"statisticsTimes":null,"totalWaterTimes":22,"sysTime":1652436506023,"finished":false,"message":null,"waterStatus":0,"sendAmount":10,"treeEnergy":50}

浇水10g成功,剩余207

等待了1秒
本次浇水结果:   {"code":"0","totalEnergy":197,"statisticsTimes":null,"totalWaterTimes":23,"sysTime":1652436508124,"finished":false,"message":null,"waterStatus":0,"sendAmount":10,"treeEnergy":60}

浇水10g成功,剩余197

等待了1秒
本次浇水结果:   {"code":"0","totalEnergy":187,"statisticsTimes":null,"totalWaterTimes":24,"sysTime":1652436510270,"finished":false,"message":null,"waterStatus":0,"sendAmount":10,"treeEnergy":70}

浇水10g成功,剩余187

等待了1秒
本次浇水结果:   {"code":"0","totalEnergy":177,"statisticsTimes":null,"totalWaterTimes":25,"sysTime":1652436512396,"finished":false,"message":null,"waterStatus":0,"sendAmount":10,"treeEnergy":80}

浇水10g成功,剩余177

等待了1秒
本次浇水结果:   {"code":"0","totalEnergy":167,"statisticsTimes":null,"totalWaterTimes":26,"sysTime":1652436514517,"finished":false,"message":null,"waterStatus":0,"sendAmount":10,"treeEnergy":90}

浇水10g成功,剩余167

等待了1秒
本次浇水结果:   {"code":"0","totalEnergy":157,"statisticsTimes":null,"totalWaterTimes":27,"sysTime":1652436516616,"finished":false,"message":null,"waterStatus":0,"sendAmount":10,"treeEnergy":100}

浇水10g成功,剩余157

等待了1秒
本次浇水结果:   {"code":"0","totalEnergy":147,"statisticsTimes":null,"totalWaterTimes":28,"sysTime":1652436518727,"finished":false,"message":null,"waterStatus":0,"sendAmount":10,"treeEnergy":110}

浇水10g成功,剩余147

等待了1秒
本次浇水结果:   {"code":"0","totalEnergy":137,"statisticsTimes":null,"totalWaterTimes":29,"sysTime":1652436520847,"finished":false,"message":null,"waterStatus":0,"sendAmount":10,"treeEnergy":120}

浇水10g成功,剩余137

开始预测水果成熟时间


初始化任务列表

==============📣系统通知📣==============
东东农场
【京东账号1🆔】Wang_Happy_
【水果名称】脐橙2斤装
【已兑换水果】1次
【今日剩余助力👬】2次
【额外奖励】领取失败,原因：给您助力的人未达2个
【助力您的好友】蓝闺q
【今日共浇水】29次
【剩余 水滴】137g💧
【水果进度】3.00%，已浇水12次,还需388次
【开花进度】再浇水8次开花
【预测】13天之后(2022-05-26日)可兑换水果🍉
开始【京东账号2】蓝闺q

第2个京东账号将要助力的好友["3307dda3470e4e679a94b89338f92e21"]

【京东账号2（jd_72476e50d1b0e）的东东农场好友互助码】9866ec51345e413c9c4c3bbc9b49bca5


【已成功兑换水果】1次

开始助力好友
格式化后的助力码::["3307dda3470e4e679a94b89338f92e21"]

开始助力京东账号2 - 蓝闺q的好友: 3307dda3470e4e679a94b89338f92e21
【助力好友结果】: 之前给【Wang_Happy_】助力过了
【今日助力次数还剩】2次

助力好友结束，即将开始领取额外水滴奖励


3斤柠檬种植中...


初始化任务列表
开始签到
签到结果:  {"code":"1","todayGotWaterGoalTask":{"canPop":false},"statisticsTimes":null,"sysTime":1652436536562,"message":null}
被水滴砸中： 否
签到结束,开始广告浏览任务
今天已经做过浏览广告任务

【定时领水】获得6g💧

开始给好友浇水...

初始化任务列表
今日已给0个好友浇水
需要浇水的好友列表shareCodes:["3307dda3470e4e679a94b89338f92e21"]
为第1个好友浇水结果:{"code":"0","remainTimeSeconds":21060,"firstWater":false,"statisticsTimes":null,"sysTime":1652436540991,"message":null}

【好友浇水】已给1个好友浇水,消耗10g水


今日已邀请好友0个 / 每日邀请上限4个
开始删除1个好友,可拿每天的邀请奖励

开始删除好友 [3307dda3470e4e679a94b89338f92e21]
删除好友 [3307dda3470e4e679a94b89338f92e21] 成功

今日未邀请过好友
开始打卡领水活动（签到，关注，领券）
开始打卡领水活动（签到，关注，领券）结束

助力好友未达到2个

京东昵称【Wang_Happy_】 在 2022-5-13 6:7:7 给您助过力

领取额外奖励水滴结束

4小时候免费赠送的抽奖机会已领取
浏览天天抽奖的第1个逛会场任务已完成
浏览天天抽奖的第2个逛会场任务已完成
浏览天天抽奖的第3个逛会场任务已完成
浏览天天抽奖的第4个逛会场任务已完成
浏览天天抽奖的第5个逛会场任务已完成
浏览天天抽奖的第6个逛会场任务已完成
浏览天天抽奖的第7个逛会场任务已完成
开始天天抽奖--好友助力--每人每天只有三次助力机会.
天天抽奖-不要重复助力Wang_Happy_

---天天抽奖次数remainLotteryTimes----2次
开始抽奖
等待了2秒
第1次抽奖结果{"beanCount":1,"code":"0","statisticsTimes":null,"sysTime":1652436551986,"message":null,"type":"bean1","remainLotteryTimes":1}
lotteryRes.typebean1
等待了2秒
第2次抽奖结果{"code":"0","statisticsTimes":null,"sysTime":1652436555086,"message":null,"type":"thanks","remainLotteryTimes":0}
lotteryRes.typethanks
【天天抽奖】京豆1个，谢谢参与

"Timeout awaiting 'request' for 10000ms"
东东农场 API请求失败，请检查网路重试

今日已完成10次浇水任务


初始化任务列表
首次浇水奖励已领取

finished 水果任务完成!

初始化任务列表
暂未给2个好友浇水

小鸭子游戏达到上限
执行再次浇水
开始检查剩余水滴能否再次浇水再次浇水

剩余水滴101g

背包已有道具:
快速浇水卡:24张
水滴翻倍卡:0张
水滴换京豆卡:1张
加签卡:0张

目前剩余水滴：【101】g,不再继续浇水,保留部分水滴用于完成第二天【十次浇水得水滴】任务
开始预测水果成熟时间


初始化任务列表

==============📣系统通知📣==============
东东农场
【京东账号2🆔】蓝闺q
【水果名称】3斤柠檬
【已兑换水果】1次
【今日剩余助力👬】2次
【额外奖励】领取失败,原因：给您助力的人未达2个
【助力您的好友】Wang_Happy_
【今日共浇水】14次
【剩余 水滴】101g💧
【水果进度】62.00%，已浇水248次,还需152次
【预测】11天之后(2022-05-24日)可兑换水果🍉
开始发送通知...
通知标题: 东东农场
成员ID:@all企业微信应用消息发送通知消息成功🎉。


🔔东东农场, 结束! 🕛 205.461 秒


## 执行结束... 2022-05-13 18:09:21 耗时 206 秒
