## 开始执行... 2022-05-13 12:06:21


🔔东东农场, 开始!
开始获取配置文件


====================共2个京东账号Cookie=================

============脚本执行时间：2022/5/13 12:06:21=============

>>>>>>>>>>>>>>6Dylan6 提示：任务正常运行中>>>>>>>>>>>>>>>

共2个京东账号

您提供了2个账号的农场助力码

开始【京东账号1】jd_56ac883b2ee02

第1个京东账号将要助力的好友["9866ec51345e413c9c4c3bbc9b49bca5","ef9ffb9c616c4a18b59bce3fd845aba3","38271ae5e71c4346893a92c336d4a265","cbe963cb270449f1a85fe6837175c6b6","872bc373775446e98dc4038b1bcbb331","5072d2b27aed4c688476535c43c526af","261c12bb3c064581b4e6e7d40571f151","a549c177d5374a0987beb7b57443a2f6"]

【京东账号1（jd_56ac883b2ee02）的东东农场好友互助码】3307dda3470e4e679a94b89338f92e21


【已成功兑换水果】1次

开始助力好友
格式化后的助力码::["9866ec51345e413c9c4c3bbc9b49bca5","ef9ffb9c616c4a18b59bce3fd845aba3","38271ae5e71c4346893a92c336d4a265","cbe963cb270449f1a85fe6837175c6b6","872bc373775446e98dc4038b1bcbb331","5072d2b27aed4c688476535c43c526af","261c12bb3c064581b4e6e7d40571f151","a549c177d5374a0987beb7b57443a2f6"]

开始助力京东账号1 - jd_56ac883b2ee02的好友: 9866ec51345e413c9c4c3bbc9b49bca5
【助力好友结果】: 之前给【蓝闺q】助力过了
【今日助力次数还剩】2次

开始助力京东账号1 - jd_56ac883b2ee02的好友: ef9ffb9c616c4a18b59bce3fd845aba3
【助力好友结果】: 好友【jd_YigaOxgMdflo】已满五人助力
【今日助力次数还剩】2次

开始助力京东账号1 - jd_56ac883b2ee02的好友: 38271ae5e71c4346893a92c336d4a265
【助力好友结果】: 好友【jd_717b4ed5550c7】已满五人助力
【今日助力次数还剩】2次

开始助力京东账号1 - jd_56ac883b2ee02的好友: cbe963cb270449f1a85fe6837175c6b6
【助力好友结果】: 好友【jd_4505394c746e1】已满五人助力
【今日助力次数还剩】2次

开始助力京东账号1 - jd_56ac883b2ee02的好友: 872bc373775446e98dc4038b1bcbb331
【助力好友结果】: 好友【caowin】已满五人助力
【今日助力次数还剩】2次

开始助力京东账号1 - jd_56ac883b2ee02的好友: 5072d2b27aed4c688476535c43c526af
【助力好友结果】: 好友【jd_180518pti】已满五人助力
【今日助力次数还剩】2次

开始助力京东账号1 - jd_56ac883b2ee02的好友: 261c12bb3c064581b4e6e7d40571f151
【助力好友结果】: 好友【酷拉la】已满五人助力
【今日助力次数还剩】2次

开始助力京东账号1 - jd_56ac883b2ee02的好友: a549c177d5374a0987beb7b57443a2f6
【助力好友结果】: 好友【jd_YyUUMXxlHkwS】已满五人助力
【今日助力次数还剩】2次

助力好友结束，即将开始领取额外水滴奖励


==============📣系统通知📣==============
东东农场
【京东账号1】 jd_56ac883b2ee02
【提醒⏰】您忘了种植新的水果
请去京东APP或微信小程序选购并种植新的水果
点击弹窗即达
开始发送通知...
通知标题: 东东农场 - 您忘了种植新的水果
成员ID:@all企业微信应用消息发送通知消息成功🎉。

开始【京东账号2】jd_72476e50d1b0e

第2个京东账号将要助力的好友["3307dda3470e4e679a94b89338f92e21","ef9ffb9c616c4a18b59bce3fd845aba3","38271ae5e71c4346893a92c336d4a265","cbe963cb270449f1a85fe6837175c6b6","872bc373775446e98dc4038b1bcbb331","5072d2b27aed4c688476535c43c526af","261c12bb3c064581b4e6e7d40571f151","a549c177d5374a0987beb7b57443a2f6"]

【京东账号2（jd_72476e50d1b0e）的东东农场好友互助码】9866ec51345e413c9c4c3bbc9b49bca5


【已成功兑换水果】1次

开始助力好友
格式化后的助力码::["3307dda3470e4e679a94b89338f92e21","ef9ffb9c616c4a18b59bce3fd845aba3","38271ae5e71c4346893a92c336d4a265","cbe963cb270449f1a85fe6837175c6b6","872bc373775446e98dc4038b1bcbb331","5072d2b27aed4c688476535c43c526af","261c12bb3c064581b4e6e7d40571f151","a549c177d5374a0987beb7b57443a2f6"]

开始助力京东账号2 - jd_72476e50d1b0e的好友: 3307dda3470e4e679a94b89338f92e21
【助力好友结果】: 之前给【Wang_Happy_】助力过了
【今日助力次数还剩】2次

开始助力京东账号2 - jd_72476e50d1b0e的好友: ef9ffb9c616c4a18b59bce3fd845aba3
【助力好友结果】: 好友【jd_YigaOxgMdflo】已满五人助力
【今日助力次数还剩】2次

开始助力京东账号2 - jd_72476e50d1b0e的好友: 38271ae5e71c4346893a92c336d4a265
【助力好友结果】: 好友【jd_717b4ed5550c7】已满五人助力
【今日助力次数还剩】2次

开始助力京东账号2 - jd_72476e50d1b0e的好友: cbe963cb270449f1a85fe6837175c6b6
【助力好友结果】: 好友【jd_4505394c746e1】已满五人助力
【今日助力次数还剩】2次

开始助力京东账号2 - jd_72476e50d1b0e的好友: 872bc373775446e98dc4038b1bcbb331
【助力好友结果】: 好友【caowin】已满五人助力
【今日助力次数还剩】2次

开始助力京东账号2 - jd_72476e50d1b0e的好友: 5072d2b27aed4c688476535c43c526af
【助力好友结果】: 好友【jd_180518pti】已满五人助力
【今日助力次数还剩】2次

开始助力京东账号2 - jd_72476e50d1b0e的好友: 261c12bb3c064581b4e6e7d40571f151
【助力好友结果】: 好友【酷拉la】已满五人助力
【今日助力次数还剩】2次

开始助力京东账号2 - jd_72476e50d1b0e的好友: a549c177d5374a0987beb7b57443a2f6
【助力好友结果】: 好友【jd_YyUUMXxlHkwS】已满五人助力
【今日助力次数还剩】2次

助力好友结束，即将开始领取额外水滴奖励


3斤柠檬种植中...


初始化任务列表
开始签到
签到结果:  {"code":"1","todayGotWaterGoalTask":{"getTodayGotWaterGoalTask":{"icon":"https://m.360buyimg.com/babel/jfs/t1/186081/16/10612/181675/60d2d993Eb70d6aab/910ee4b284c3d051.png","goalWater":20,"sendWater":5,"upMainTitle":"继续去逛逛农场","upSecondTitle":"为你送上5g水滴","link":"https://h5.m.jd.com/babelDiy/Zeus/CvMVbdFGXPiWFFPCc934RiJfMPu/index.html?babelChannel=ttt11","vendorid":"1","linkType":"H5"},"canPop":true},"statisticsTimes":null,"sysTime":1652414815186,"message":null}
被水滴砸中： 是
【被水滴砸中】获得5g💧\n
签到结束,开始广告浏览任务
今天已经做过浏览广告任务

【定时领水】获得7g💧

开始给好友浇水...

初始化任务列表
今日已给0个好友浇水
您的好友列表暂无好友,快去邀请您的好友吧!

今日已邀请好友0个 / 每日邀请上限4个
开始删除0个好友,可拿每天的邀请奖励
接收邀请成为好友结果失败,对方已是您的好友
今日未邀请过好友
开始打卡领水活动（签到，关注，领券）
开始打卡领水活动（签到，关注，领券）结束

水滴雨任务，每天两次，最多可得10g水滴
两次水滴雨任务是否全部完成：否
开始水滴雨任务,这是第2次，剩余0次
水滴雨waterRain
水滴雨任务执行成功，获得水滴：10g
【第2次水滴雨】获得10g水滴

助力好友未达到2个

京东昵称【Wang_Happy_】 在 2022-5-13 6:7:7 给您助过力

领取额外奖励水滴结束

是否到了领取免费赠送的抽奖机会----true
领取定时奖励结果{"code":"0","addTimes":1,"statisticsTimes":null,"sysTime":1652414843350,"message":null,"remainLotteryTimes":1}
浏览天天抽奖的第1个逛会场任务已完成
浏览天天抽奖的第2个逛会场任务已完成
浏览天天抽奖的第3个逛会场任务已完成
浏览天天抽奖的第4个逛会场任务已完成
浏览天天抽奖的第5个逛会场任务已完成
浏览天天抽奖的第6个逛会场任务已完成
浏览天天抽奖的第7个逛会场任务已完成
开始天天抽奖--好友助力--每人每天只有三次助力机会.
天天抽奖-不要重复助力Wang_Happy_

---天天抽奖次数remainLotteryTimes----1次
开始抽奖
等待了2秒
第1次抽奖结果{"code":"0","statisticsTimes":null,"sysTime":1652414858998,"message":null,"type":"thanks","remainLotteryTimes":0}
lotteryRes.typethanks
【天天抽奖】谢谢参与


今日已完成10次浇水任务


初始化任务列表
首次浇水奖励已领取

finished 水果任务完成!

初始化任务列表
暂未给2个好友浇水

小鸭子游戏达到上限
执行再次浇水
开始检查剩余水滴能否再次浇水再次浇水

剩余水滴135g

背包已有道具:
快速浇水卡:24张
水滴翻倍卡:0张
水滴换京豆卡:1张
加签卡:0张

目前剩余水滴：【135】g，可继续浇水
等待了1秒
本次浇水结果:   {"code":"0","totalEnergy":125,"statisticsTimes":null,"totalWaterTimes":11,"sysTime":1652414866525,"finished":false,"message":null,"waterStatus":0,"sendAmount":10,"treeEnergy":2450}

浇水10g成功,剩余125

等待了1秒
本次浇水结果:   {"code":"0","totalEnergy":115,"statisticsTimes":null,"totalWaterTimes":12,"sysTime":1652414868870,"finished":false,"message":null,"waterStatus":0,"sendAmount":10,"treeEnergy":2460}

浇水10g成功,剩余115

等待了1秒
本次浇水结果:   {"code":"0","totalEnergy":105,"statisticsTimes":null,"totalWaterTimes":13,"sysTime":1652414870993,"finished":false,"message":null,"waterStatus":0,"sendAmount":10,"treeEnergy":2470}

浇水10g成功,剩余105

开始预测水果成熟时间


初始化任务列表

==============📣系统通知📣==============
东东农场
【京东账号2🆔】jd_72476e50d1b0e
【水果名称】3斤柠檬
【已兑换水果】1次
【今日剩余助力👬】2次
【额外奖励】领取失败,原因：给您助力的人未达2个
【助力您的好友】Wang_Happy_
【今日共浇水】13次
【剩余 水滴】105g💧
【水果进度】61.75%，已浇水247次,还需153次
【预测】11天之后(2022-05-24日)可兑换水果🍉
开始发送通知...
通知标题: 东东农场
成员ID:@all企业微信应用消息发送通知消息成功🎉。


🔔东东农场, 结束! 🕛 93.128 秒


## 执行结束... 2022-05-13 12:07:54 耗时 93 秒
