## 开始执行... 2022-05-07 19:33:18


🔔积分换话费, 开始!

====================共2个京东账号Cookie=================

============脚本执行时间：2022/5/7 19:33:18=============

>>>>>>>>>>>>>>6Dylan6 提示：任务正常运行中>>>>>>>>>>>>>>>


******开始【京东账号1】Wang_Happy_*********

去签到
签到成功：获得积分0.1

去领取浏览完成可获得0.1积分任务
 领取任务成功
去领取积分
 领取任务积分：获得0.1
去领取浏览完成可获得0.01积分任务
 领取任务成功
去领取积分
 领取任务积分：获得0.01

******开始【京东账号2】蓝闺q*********

去签到
签到成功：获得积分0.1

去领取浏览完成可获得0.1积分任务
 领取任务成功
去领取积分
 领取任务积分：获得0.1
去领取浏览完成可获得0.01积分任务
 领取任务成功
去领取积分
 领取任务积分：获得0.01

🔔积分换话费, 结束! 🕛 13.907 秒


## 执行结束... 2022-05-07 19:33:32 耗时 14 秒
