## 开始执行... 2022-05-11 07:34:55


🔔积分换话费, 开始!

====================共2个京东账号Cookie=================

============脚本执行时间：2022/5/11 07:34:55=============

>>>>>>>>>>>>>>6Dylan6 提示：任务正常运行中>>>>>>>>>>>>>>>


******开始【京东账号1】Wang_Happy_*********

去签到
似乎签到完成了

去领取浏览完成可获得0.1积分任务
 领取任务成功
去领取积分
{"code":500,"data":{},"msg":"网络开小差儿了，请刷新页面后重试~"}
去领取浏览完成可获得0.01积分任务
 领取任务成功
去领取积分
{"code":500,"data":{},"msg":"网络开小差儿了，请刷新页面后重试~"}

******开始【京东账号2】蓝闺q*********

去签到
似乎签到完成了


🔔积分换话费, 结束! 🕛 27.407 秒


## 执行结束... 2022-05-11 07:35:22 耗时 27 秒
