## 开始执行... 2022-05-10 07:37:34


🔔积分换话费, 开始!

====================共2个京东账号Cookie=================

============脚本执行时间：2022/5/10 07:37:35=============

>>>>>>>>>>>>>>6Dylan6 提示：任务正常运行中>>>>>>>>>>>>>>>


******开始【京东账号1】jd_56ac883b2ee02*********

去签到
似乎签到完成了

去领取浏览完成可获得0.1积分任务
 领取任务成功
去领取积分
 领取任务积分：获得0.1
去领取浏览完成可获得0.01积分任务
 领取任务成功
去领取积分
 领取任务积分：获得0.01

******开始【京东账号2】jd_72476e50d1b0e*********

去签到
似乎签到完成了

去领取浏览完成可获得0.1积分任务
 领取任务成功
去领取积分
{"code":500,"data":{},"msg":"网络开小差儿了，请刷新页面后重试~"}
去领取浏览完成可获得0.01积分任务
 领取任务成功
去领取积分
 领取任务积分：获得0.01

🔔积分换话费, 结束! 🕛 25.691 秒


## 执行结束... 2022-05-10 07:38:00 耗时 26 秒
