## 开始执行... 2022-05-10 19:36:51


🔔积分换话费, 开始!

====================共2个京东账号Cookie=================

============脚本执行时间：2022/5/10 19:36:51=============

>>>>>>>>>>>>>>6Dylan6 提示：任务正常运行中>>>>>>>>>>>>>>>


******开始【京东账号1】Wang_Happy_*********

去签到
似乎签到完成了

去领取浏览完成可获得0.1积分任务
 此任务已经领取过了
去领取积分
 积分已经领取完了
去领取浏览完成可获得0.01积分任务
 此任务已经领取过了
去领取积分
 积分已经领取完了

******开始【京东账号2】蓝闺q*********

去签到
签到成功：获得积分0.1

去领取浏览完成可获得0.1积分任务
 此任务已经领取过了
去领取积分
 领取任务积分：获得0.1
去领取浏览完成可获得0.01积分任务
 此任务已经领取过了
去领取积分
 积分已经领取完了

🔔积分换话费, 结束! 🕛 14.281 秒


## 执行结束... 2022-05-10 19:37:05 耗时 14 秒
