## 开始执行... 2022-05-10 18:53:34


🔔牛牛福利, 开始!

====================共2个京东账号Cookie=================

============脚本执行时间：2022/5/10 18:53:34=============

>>>>>>>>>>>>>>6Dylan6 提示：任务正常运行中>>>>>>>>>>>>>>>


*****开始【京东账号1】Wang_Happy_*****

签到 success
助力码 c_nGUdUn9HHFamevBVmXOhtAy2T3935Ns3La6K0jT7mE2jcxZFuJhDfODum3lpT8
金币 806

*****开始【京东账号2】蓝闺q*****

签到 success
助力码 c_nGUdUn9HHFamevBVmXOvA0zvpUvRRtyYSCfrmyl7SqfkOS_g9WqS7lG7mptsHM
金币 796
优先账号内部互助，有剩余助力次数再帮作者助力

*********开始互助**********

====开始账号jd_56ac883b2ee02===助力
jd_56ac883b2ee02 去助力 c_nGUdUn9HHFamevBVmXOhtAy2T3935Ns3La6K0jT7mE2jcxZFuJhDfODum3lpT8
不能助力自己
jd_56ac883b2ee02 去助力 c_nGUdUn9HHFamevBVmXOvA0zvpUvRRtyYSCfrmyl7SqfkOS_g9WqS7lG7mptsHM
助力成功
jd_56ac883b2ee02 去助力 xm1p-YYtAaSWjz9yMvjs7xWmEGnZKEZOJnPhMP9T8DCd3wAu7BRpAr76pPZb51aj
助力结果url expired
====开始账号jd_72476e50d1b0e===助力
jd_72476e50d1b0e 去助力 c_nGUdUn9HHFamevBVmXOhtAy2T3935Ns3La6K0jT7mE2jcxZFuJhDfODum3lpT8
助力成功
jd_72476e50d1b0e 去助力 c_nGUdUn9HHFamevBVmXOvA0zvpUvRRtyYSCfrmyl7SqfkOS_g9WqS7lG7mptsHM
不能助力自己
jd_72476e50d1b0e 去助力 xm1p-YYtAaSWjz9yMvjs7xWmEGnZKEZOJnPhMP9T8DCd3wAu7BRpAr76pPZb51aj
助力结果url expired

🔔牛牛福利, 结束! 🕛 38.998 秒


## 执行结束... 2022-05-10 18:54:13 耗时 39 秒
