## 开始执行... 2022-05-12 18:56:54


🔔牛牛福利, 开始!

====================共2个京东账号Cookie=================

============脚本执行时间：2022/5/12 18:56:55=============

>>>>>>>>>>>>>>6Dylan6 提示：任务正常运行中>>>>>>>>>>>>>>>


*****开始【京东账号1】Wang_Happy_*****

签到 success
助力码 lq1XrdAf49bKiUfF0wflHBeQ8jiv-5NXK1eTJaNSETmLVBF_uL7eUbR7MAdrjxmn
金币 907

*****开始【京东账号2】jd_72476e50d1b0e*****

签到 success
助力码 LgiaPqnYuZzdtSCEQ5jUPjPOLrh1UpMu1OHMTueo-Wh0iKwOgCeY5i2HMyvdLm39
金币 897
优先账号内部互助，有剩余助力次数再帮作者助力

*********开始互助**********

====开始账号jd_56ac883b2ee02===助力
jd_56ac883b2ee02 去助力 lq1XrdAf49bKiUfF0wflHBeQ8jiv-5NXK1eTJaNSETmLVBF_uL7eUbR7MAdrjxmn
不能助力自己
jd_56ac883b2ee02 去助力 LgiaPqnYuZzdtSCEQ5jUPjPOLrh1UpMu1OHMTueo-Wh0iKwOgCeY5i2HMyvdLm39
助力结果help week limit
jd_56ac883b2ee02 去助力 xm1p-YYtAaSWjz9yMvjs7xWmEGnZKEZOJnPhMP9T8DCd3wAu7BRpAr76pPZb51aj
助力结果url expired
====开始账号jd_72476e50d1b0e===助力
jd_72476e50d1b0e 去助力 lq1XrdAf49bKiUfF0wflHBeQ8jiv-5NXK1eTJaNSETmLVBF_uL7eUbR7MAdrjxmn
助力结果help week limit
jd_72476e50d1b0e 去助力 LgiaPqnYuZzdtSCEQ5jUPjPOLrh1UpMu1OHMTueo-Wh0iKwOgCeY5i2HMyvdLm39
不能助力自己
jd_72476e50d1b0e 去助力 xm1p-YYtAaSWjz9yMvjs7xWmEGnZKEZOJnPhMP9T8DCd3wAu7BRpAr76pPZb51aj
助力结果url expired

🔔牛牛福利, 结束! 🕛 40.363 秒


## 执行结束... 2022-05-12 18:57:35 耗时 41 秒
