## 开始执行... 2022-05-14 18:53:59


🔔牛牛福利, 开始!

====================共2个京东账号Cookie=================

============脚本执行时间：2022/5/14 18:54:00=============

>>>>>>>>>>>>>>6Dylan6 提示：任务正常运行中>>>>>>>>>>>>>>>


*****开始【京东账号1】Wang_Happy_*****

签到 success
助力码 emsYUBMefbSn1zbkki0W4o9l9_wlPAoy4wITxFkknqa6ctQHUby9sjMb1_fn057W
金币 957

*****开始【京东账号2】蓝闺q*****

签到 success
助力码 Yzm_TY5jpgKeumEVP2mmzeEEBkTl4h2sUXUSfgjtpfpBGtpyXnDkslPZr3odfCzc
金币 947
优先账号内部互助，有剩余助力次数再帮作者助力

*********开始互助**********

====开始账号jd_56ac883b2ee02===助力
jd_56ac883b2ee02 去助力 emsYUBMefbSn1zbkki0W4o9l9_wlPAoy4wITxFkknqa6ctQHUby9sjMb1_fn057W
不能助力自己
jd_56ac883b2ee02 去助力 Yzm_TY5jpgKeumEVP2mmzeEEBkTl4h2sUXUSfgjtpfpBGtpyXnDkslPZr3odfCzc
助力结果help week limit
jd_56ac883b2ee02 去助力 xm1p-YYtAaSWjz9yMvjs7xWmEGnZKEZOJnPhMP9T8DCd3wAu7BRpAr76pPZb51aj
助力结果url expired
====开始账号jd_72476e50d1b0e===助力
jd_72476e50d1b0e 去助力 emsYUBMefbSn1zbkki0W4o9l9_wlPAoy4wITxFkknqa6ctQHUby9sjMb1_fn057W
助力结果help week limit
jd_72476e50d1b0e 去助力 Yzm_TY5jpgKeumEVP2mmzeEEBkTl4h2sUXUSfgjtpfpBGtpyXnDkslPZr3odfCzc
不能助力自己
jd_72476e50d1b0e 去助力 xm1p-YYtAaSWjz9yMvjs7xWmEGnZKEZOJnPhMP9T8DCd3wAu7BRpAr76pPZb51aj
助力结果url expired

🔔牛牛福利, 结束! 🕛 39.173 秒


## 执行结束... 2022-05-14 18:54:39 耗时 40 秒
