## 开始执行... 2022-05-07 18:57:46


🔔牛牛福利, 开始!

====================共2个京东账号Cookie=================

============脚本执行时间：2022/5/7 18:57:46=============

>>>>>>>>>>>>>>6Dylan6 提示：任务正常运行中>>>>>>>>>>>>>>>


*****开始【京东账号1】Wang_Happy_*****

签到 success
助力码 DczwFBlvDT8onw7IYV2lc7WYLEYuzqS_dIJBKfby2TuHZEYWr01qBK9NZGWK3jui
金币 692

*****开始【京东账号2】蓝闺q*****

签到 success
助力码 DczwFBlvDT8onw7IYV2lc_o4AQzPZ6SpetWQ9bezQ36FPyRHXYP1iOholk1e4RsC
金币 682
优先账号内部互助，有剩余助力次数再帮作者助力

*********开始互助**********

====开始账号jd_56ac883b2ee02===助力
jd_56ac883b2ee02 去助力 DczwFBlvDT8onw7IYV2lc7WYLEYuzqS_dIJBKfby2TuHZEYWr01qBK9NZGWK3jui
不能助力自己
jd_56ac883b2ee02 去助力 DczwFBlvDT8onw7IYV2lc_o4AQzPZ6SpetWQ9bezQ36FPyRHXYP1iOholk1e4RsC
助力成功
jd_56ac883b2ee02 去助力 xm1p-YYtAaSWjz9yMvjs7xWmEGnZKEZOJnPhMP9T8DCd3wAu7BRpAr76pPZb51aj
助力结果url expired
====开始账号jd_72476e50d1b0e===助力
jd_72476e50d1b0e 去助力 DczwFBlvDT8onw7IYV2lc7WYLEYuzqS_dIJBKfby2TuHZEYWr01qBK9NZGWK3jui
助力成功
jd_72476e50d1b0e 去助力 DczwFBlvDT8onw7IYV2lc_o4AQzPZ6SpetWQ9bezQ36FPyRHXYP1iOholk1e4RsC
不能助力自己
jd_72476e50d1b0e 去助力 xm1p-YYtAaSWjz9yMvjs7xWmEGnZKEZOJnPhMP9T8DCd3wAu7BRpAr76pPZb51aj
助力结果url expired

🔔牛牛福利, 结束! 🕛 39.193 秒


## 执行结束... 2022-05-07 18:58:26 耗时 40 秒
