## 开始执行... 2022-05-09 18:53:32


🔔牛牛福利, 开始!

====================共2个京东账号Cookie=================

============脚本执行时间：2022/5/9 18:53:33=============

>>>>>>>>>>>>>>6Dylan6 提示：任务正常运行中>>>>>>>>>>>>>>>


*****开始【京东账号1】Wang_Happy_*****

签到 success
助力码 GBqhzcOQRZQWub0is7J015Fx08l8Z47_JAA5PCptOJrpaFFJJmSaR2TEoCX6Sk9P
金币 763

*****开始【京东账号2】蓝闺q*****

签到 success
助力码 DaK5icpglUgikzvid-xnANG1Y25hGMHNzRPmJFCq3vUkhqAV_WDJeodsuZclPKgX
金币 753
优先账号内部互助，有剩余助力次数再帮作者助力

*********开始互助**********

====开始账号jd_56ac883b2ee02===助力
jd_56ac883b2ee02 去助力 GBqhzcOQRZQWub0is7J015Fx08l8Z47_JAA5PCptOJrpaFFJJmSaR2TEoCX6Sk9P
不能助力自己
jd_56ac883b2ee02 去助力 DaK5icpglUgikzvid-xnANG1Y25hGMHNzRPmJFCq3vUkhqAV_WDJeodsuZclPKgX
助力成功
jd_56ac883b2ee02 去助力 xm1p-YYtAaSWjz9yMvjs7xWmEGnZKEZOJnPhMP9T8DCd3wAu7BRpAr76pPZb51aj
助力结果url expired
====开始账号jd_72476e50d1b0e===助力
jd_72476e50d1b0e 去助力 GBqhzcOQRZQWub0is7J015Fx08l8Z47_JAA5PCptOJrpaFFJJmSaR2TEoCX6Sk9P
助力成功
jd_72476e50d1b0e 去助力 DaK5icpglUgikzvid-xnANG1Y25hGMHNzRPmJFCq3vUkhqAV_WDJeodsuZclPKgX
不能助力自己
jd_72476e50d1b0e 去助力 xm1p-YYtAaSWjz9yMvjs7xWmEGnZKEZOJnPhMP9T8DCd3wAu7BRpAr76pPZb51aj
助力结果url expired

🔔牛牛福利, 结束! 🕛 60.431 秒


## 执行结束... 2022-05-09 18:54:33 耗时 61 秒
