## 开始执行... 2022-05-14 02:02:51


🔔汪汪乐园每日任务, 开始!

====================共2个京东账号Cookie=================

============脚本执行时间：2022/5/14 02:02:51=============

>>>>>>>>>>>>>>6Dylan6 提示：任务正常运行中>>>>>>>>>>>>>>>


******开始【京东账号1】jd_56ac883b2ee02*********

=== 任务列表 start ===
汪汪乐园浏览会场 0/1
下单任务 0/5
汪汪乐园签到 0/1
汪汪乐园邀请好友 0/5
汪汪乐园浏览商品 0/5
=== 任务列表 end  ===
汪汪乐园浏览会场|带着汪汪去赛跑！
汪汪乐园浏览会场|带着汪汪去赛跑！ 领取奖励
领取奖励
汪汪乐园签到
汪汪乐园签到 领取奖励
领取奖励
领取奖励
汪汪乐园浏览商品 0/5
汪汪乐园浏览商品|逛商品得汪币 任务完成！
汪汪乐园浏览商品 1/5
汪汪乐园浏览商品|逛商品得汪币 任务完成！
汪汪乐园浏览商品 2/5
汪汪乐园浏览商品|逛商品得汪币 任务完成！
汪汪乐园浏览商品 3/5
汪汪乐园浏览商品|逛商品得汪币 任务完成！
汪汪乐园浏览商品 4/5
汪汪乐园浏览商品|逛商品得汪币 任务完成！
汪汪乐园浏览商品 5/5
汪汪乐园浏览商品|逛商品得汪币 任务完成！
领取奖励
领取奖励
领取奖励
领取奖励
领取奖励

******开始【京东账号2】jd_72476e50d1b0e*********

=== 任务列表 start ===
汪汪乐园浏览会场 0/1
下单任务 0/5
汪汪乐园签到 0/1
汪汪乐园邀请好友 0/5
汪汪乐园浏览商品 0/5
=== 任务列表 end  ===
汪汪乐园浏览会场|带着汪汪去赛跑！
汪汪乐园浏览会场|带着汪汪去赛跑！ 领取奖励
领取奖励
汪汪乐园签到
汪汪乐园签到 领取奖励
领取奖励
领取奖励
汪汪乐园浏览商品 0/5
汪汪乐园浏览商品|逛商品得汪币 任务完成！
汪汪乐园浏览商品 1/5
汪汪乐园浏览商品|逛商品得汪币 任务完成！
汪汪乐园浏览商品 2/5
汪汪乐园浏览商品|逛商品得汪币 任务完成！
汪汪乐园浏览商品 3/5
汪汪乐园浏览商品|逛商品得汪币 任务完成！
汪汪乐园浏览商品 4/5
汪汪乐园浏览商品|逛商品得汪币 任务完成！
汪汪乐园浏览商品 5/5
汪汪乐园浏览商品|逛商品得汪币 任务完成！
领取奖励
领取奖励
领取奖励
领取奖励
领取奖励

======汪汪乐园开始内部互助======


******开始【京东账号1】jd_56ac883b2ee02*********

【京东账号1】jd_56ac883b2ee02 助力 
resolve start
resolve end
数据异常 助力失败！



******开始【京东账号2】jd_72476e50d1b0e*********

【京东账号2】jd_72476e50d1b0e 助力 
resolve start
resolve end
数据异常 助力失败！



🔔汪汪乐园每日任务, 结束! 🕛 16.273 秒


## 执行结束... 2022-05-14 02:03:07 耗时 16 秒
