## 开始执行... 2022-05-13 16:09:21


🔔京东美妆签到, 开始!

====================共2个京东账号Cookie=================

============脚本执行时间：2022/5/13 16:09:22=============

>>>>>>>>>>>>>>6Dylan6 提示：任务正常运行中>>>>>>>>>>>>>>>


开始【京东账号1】jd_56ac883b2ee02

小米 签到成功:获得 2京豆
美妆-3 签到成功:获得 2京豆
翻牌 签到成功:获得 2京豆

==============📣系统通知📣==============
京东美妆签到
【京东账号1】jd_56ac883b2ee02
【签到时间】:  2022/5/13 16:09:29
【签到概览】:  成功3个, 失败0个
【签到奖励】:  6京豆


开始【京东账号2】jd_72476e50d1b0e

小米 签到成功:获得 2京豆
美妆-3 签到成功:获得 2京豆
翻牌 签到成功:获得 2京豆

==============📣系统通知📣==============
京东美妆签到
【京东账号2】jd_72476e50d1b0e
【签到时间】:  2022/5/13 16:09:35
【签到概览】:  成功3个, 失败0个
【签到奖励】:  6京豆


🔔京东美妆签到, 结束! 🕛 13.604 秒


## 执行结束... 2022-05-13 16:09:35 耗时 14 秒
