## 开始执行... 2022-05-14 08:09:48


🔔京东美妆签到, 开始!

====================共2个京东账号Cookie=================

============脚本执行时间：2022/5/14 08:09:49=============

>>>>>>>>>>>>>>6Dylan6 提示：任务正常运行中>>>>>>>>>>>>>>>


开始【京东账号1】jd_56ac883b2ee02

小米 签到成功:获得 2京豆
美妆-3 签到成功:获得 2京豆
翻牌 签到成功:获得 2京豆

==============📣系统通知📣==============
京东美妆签到
【京东账号1】jd_56ac883b2ee02
【签到时间】:  2022/5/14 08:09:53
【签到概览】:  成功3个, 失败0个
【签到奖励】:  6京豆


开始【京东账号2】jd_72476e50d1b0e

小米 签到成功:获得 2京豆
美妆-3 签到成功:获得 2京豆
翻牌 签到成功:获得 2京豆

==============📣系统通知📣==============
京东美妆签到
【京东账号2】jd_72476e50d1b0e
【签到时间】:  2022/5/14 08:09:57
【签到概览】:  成功3个, 失败0个
【签到奖励】:  6京豆


🔔京东美妆签到, 结束! 🕛 8.713 秒


## 执行结束... 2022-05-14 08:09:57 耗时 9 秒
