## 开始执行... 2022-05-07 18:53:26


====================共2个京东账号Cookie=================

============脚本执行时间：2022/5/7 18:53:26=============

>>>>>>>>>>>>>>6Dylan6 提示：任务正常运行中>>>>>>>>>>>>>>>


开始【京东账号1】jd_56ac883b2ee02

⭐️商品--洗脸巾4包, 所需等级 1，所需电力: 1 万，限时 2 天，📦库存：75426，最短需要 0.06 
⭐️商品--毛毯, 所需等级 1，所需电力: 1 万，限时 2 天，📦库存：83100，最短需要 0.06 
⭐️商品--吸水干发帽, 所需等级 1，所需电力: 1 万，限时 2 天，📦库存：89060，最短需要 0.06 
⭐️商品--小龙虾调料3包, 所需等级 1，所需电力: 1 万，限时 2 天，📦库存：91331，最短需要 0.06 
⭐️商品--即食蛋花汤5袋, 所需等级 1，所需电力: 1 万，限时 2 天，📦库存：41597，最短需要 0.06 
⭐️商品--涪陵榨菜15袋, 所需等级 1，所需电力: 1 万，限时 2 天，📦库存：38366，最短需要 0.06 
⭐️商品--披萨饼胚5个, 所需等级 1，所需电力: 1 万，限时 2 天，📦库存：93528，最短需要 0.06 
⭐️商品--夏季低跟拖鞋, 所需等级 1，所需电力: 1 万，限时 2 天，📦库存：4349，最短需要 0.06 
⭐️商品--懒人韩版单鞋, 所需等级 1，所需电力: 1 万，限时 2 天，📦库存：43924，最短需要 0.06 
⭐️商品--人字拖凉鞋, 所需等级 1，所需电力: 1 万，限时 2 天，📦库存：44442，最短需要 0.06 
⭐️商品--陈醋料酒套装, 所需等级 1，所需电力: 1 万，限时 2 天，📦库存：43309，最短需要 0.06 
⭐️商品--Q弹猫肚皮枕, 所需等级 1，所需电力: 1 万，限时 2 天，📦库存：42419，最短需要 0.06 
⭐️商品--助眠决明子枕头, 所需等级 1，所需电力: 1 万，限时 2 天，📦库存：43584，最短需要 0.06 
⭐️商品--曲奇饼干700g, 所需等级 1，所需电力: 1 万，限时 2 天，📦库存：43344，最短需要 0.06 
⭐️商品--床上三件套, 所需等级 1，所需电力: 1 万，限时 2 天，📦库存：42324，最短需要 0.06 


🔔京喜工厂获取商品列表, 开始!

🔔京喜工厂获取商品列表, 结束! 🕛 18.967 秒

## 执行结束... 2022-05-07 18:53:45 耗时 19 秒
