## 开始执行... 2022-05-12 18:57:57


====================共2个京东账号Cookie=================

============脚本执行时间：2022/5/12 18:57:58=============

>>>>>>>>>>>>>>6Dylan6 提示：任务正常运行中>>>>>>>>>>>>>>>


开始【京东账号1】jd_56ac883b2ee02

⭐️商品--小龙虾调料3包, 所需等级 1，所需电力: 1 万，限时 2 天，📦库存：86983，最短需要 0.06 
⭐️商品--即食蛋花汤5袋, 所需等级 1，所需电力: 1 万，限时 2 天，📦库存：37996，最短需要 0.06 
⭐️商品--涪陵榨菜15袋, 所需等级 1，所需电力: 1 万，限时 2 天，📦库存：34467，最短需要 0.06 
⭐️商品--披萨饼胚5个, 所需等级 1，所需电力: 1 万，限时 2 天，📦库存：90863，最短需要 0.06 
⭐️商品--夏季低跟拖鞋, 所需等级 1，所需电力: 1 万，限时 2 天，📦库存：1455，最短需要 0.06 
⭐️商品--懒人韩版单鞋, 所需等级 1，所需电力: 1 万，限时 2 天，📦库存：41140，最短需要 0.06 
⭐️商品--人字拖凉鞋, 所需等级 1，所需电力: 1 万，限时 2 天，📦库存：42135，最短需要 0.06 
⭐️商品--陈醋料酒套装, 所需等级 1，所需电力: 1 万，限时 2 天，📦库存：39875，最短需要 0.06 
⭐️商品--Q弹猫肚皮枕, 所需等级 1，所需电力: 1 万，限时 2 天，📦库存：38841，最短需要 0.06 
⭐️商品--助眠决明子枕头, 所需等级 1，所需电力: 1 万，限时 2 天，📦库存：39546，最短需要 0.06 
⭐️商品--曲奇饼干700g, 所需等级 1，所需电力: 1 万，限时 2 天，📦库存：39387，最短需要 0.06 
⭐️商品--床上三件套, 所需等级 1，所需电力: 1 万，限时 2 天，📦库存：37111，最短需要 0.06 


🔔京喜工厂获取商品列表, 开始!

🔔京喜工厂获取商品列表, 结束! 🕛 15.772 秒

## 执行结束... 2022-05-12 18:58:13 耗时 16 秒
