## 开始执行... 2022-05-13 18:55:19


====================共2个京东账号Cookie=================

============脚本执行时间：2022/5/13 18:55:19=============

>>>>>>>>>>>>>>6Dylan6 提示：任务正常运行中>>>>>>>>>>>>>>>


开始【京东账号1】jd_56ac883b2ee02

⭐️商品--小龙虾调料3包, 所需等级 1，所需电力: 1 万，限时 2 天，📦库存：85277，最短需要 0.06 
⭐️商品--即食蛋花汤5袋, 所需等级 1，所需电力: 1 万，限时 2 天，📦库存：36871，最短需要 0.06 
⭐️商品--涪陵榨菜15袋, 所需等级 1，所需电力: 1 万，限时 2 天，📦库存：33421，最短需要 0.06 
⭐️商品--披萨饼胚5个, 所需等级 1，所需电力: 1 万，限时 2 天，📦库存：90035，最短需要 0.06 
⭐️商品--夏季低跟拖鞋, 所需等级 1，所需电力: 1 万，限时 2 天，📦库存：621，最短需要 0.06 
⭐️商品--懒人韩版单鞋, 所需等级 1，所需电力: 1 万，限时 2 天，📦库存：40348，最短需要 0.06 
⭐️商品--人字拖凉鞋, 所需等级 1，所需电力: 1 万，限时 2 天，📦库存：41512，最短需要 0.06 
⭐️商品--陈醋料酒套装, 所需等级 1，所需电力: 1 万，限时 2 天，📦库存：38999，最短需要 0.06 
⭐️商品--Q弹猫肚皮枕, 所需等级 1，所需电力: 1 万，限时 2 天，📦库存：37926，最短需要 0.06 
⭐️商品--助眠决明子枕头, 所需等级 1，所需电力: 1 万，限时 2 天，📦库存：38649，最短需要 0.06 
⭐️商品--曲奇饼干700g, 所需等级 1，所需电力: 1 万，限时 2 天，📦库存：38453，最短需要 0.06 
⭐️商品--床上三件套, 所需等级 1，所需电力: 1 万，限时 2 天，📦库存：36067，最短需要 0.06 


🔔京喜工厂获取商品列表, 开始!

🔔京喜工厂获取商品列表, 结束! 🕛 17.964 秒

## 执行结束... 2022-05-13 18:55:37 耗时 18 秒
