## 开始执行... 2022-05-10 18:53:43


====================共2个京东账号Cookie=================

============脚本执行时间：2022/5/10 18:53:43=============

>>>>>>>>>>>>>>6Dylan6 提示：任务正常运行中>>>>>>>>>>>>>>>


开始【京东账号1】jd_56ac883b2ee02

⭐️商品--洗脸巾4包, 所需等级 1，所需电力: 1 万，限时 2 天，📦库存：71054，最短需要 0.06 
⭐️商品--毛毯, 所需等级 1，所需电力: 1 万，限时 2 天，📦库存：79731，最短需要 0.06 
⭐️商品--吸水干发帽, 所需等级 1，所需电力: 1 万，限时 2 天，📦库存：86704，最短需要 0.06 
⭐️商品--小龙虾调料3包, 所需等级 1，所需电力: 1 万，限时 2 天，📦库存：89297，最短需要 0.06 
⭐️商品--即食蛋花汤5袋, 所需等级 1，所需电力: 1 万，限时 2 天，📦库存：39610，最短需要 0.06 
⭐️商品--涪陵榨菜15袋, 所需等级 1，所需电力: 1 万，限时 2 天，📦库存：36174，最短需要 0.06 
⭐️商品--披萨饼胚5个, 所需等级 1，所需电力: 1 万，限时 2 天，📦库存：92094，最短需要 0.06 
⭐️商品--夏季低跟拖鞋, 所需等级 1，所需电力: 1 万，限时 2 天，📦库存：2738，最短需要 0.06 
⭐️商品--懒人韩版单鞋, 所需等级 1，所需电力: 1 万，限时 2 天，📦库存：42409，最短需要 0.06 
⭐️商品--人字拖凉鞋, 所需等级 1，所需电力: 1 万，限时 2 天，📦库存：43149，最短需要 0.06 
⭐️商品--陈醋料酒套装, 所需等级 1，所需电力: 1 万，限时 2 天，📦库存：41388，最短需要 0.06 
⭐️商品--Q弹猫肚皮枕, 所需等级 1，所需电力: 1 万，限时 2 天，📦库存：40413，最短需要 0.06 
⭐️商品--助眠决明子枕头, 所需等级 1，所需电力: 1 万，限时 2 天，📦库存：41217，最短需要 0.06 
⭐️商品--曲奇饼干700g, 所需等级 1，所需电力: 1 万，限时 2 天，📦库存：40934，最短需要 0.06 
⭐️商品--床上三件套, 所需等级 1，所需电力: 1 万，限时 2 天，📦库存：39112，最短需要 0.06 


🔔京喜工厂获取商品列表, 开始!

🔔京喜工厂获取商品列表, 结束! 🕛 18.963 秒

## 执行结束... 2022-05-10 18:54:02 耗时 19 秒
