## 开始执行... 2022-05-07 19:33:57


🔔积分换话费, 开始!
您的cookie选择的是用&隔开


====================共有2个京东账号Cookie=========

==================脚本执行- 北京时间(UTC+8)：2022/5/7 19:33:57=====================


******开始【京东账号1】Wang_Happy_*********

去签到
似乎签到完成了

去领取浏览完成可获得0.1积分任务
 此任务已经领取过了
去领取积分
 积分已经领取完了
去领取浏览完成可获得0.01积分任务
 此任务已经领取过了
去领取积分
 积分已经领取完了

******开始【京东账号2】蓝闺q*********

去签到
似乎签到完成了

去领取浏览完成可获得0.1积分任务
 此任务已经领取过了
去领取积分
 积分已经领取完了
去领取浏览完成可获得0.01积分任务
 此任务已经领取过了
去领取积分
 积分已经领取完了

🔔积分换话费, 结束! 🕛 13.737 秒


## 执行结束... 2022-05-07 19:34:11 耗时 14 秒
