## 开始执行... 2022-05-07 17:40:04


🔔京喜工厂, 开始!

====================共1个京东账号Cookie=================

============脚本执行时间：2022/5/7 17:40:04=============

>>>>>>>>>>>>>>6Dylan6 提示：任务正常运行中>>>>>>>>>>>>>>>

开始获取京喜工厂配置文件

由于您环境变量(DREAM_FACTORY_SHARE_CODES)里面未提供助力码，故此处运行将会给脚本内置的码进行助力，请知晓！
共1个京东账号

您提供了0个账号的京喜工厂助力码

获取签名参数成功！

团活动ID: GAy1vgkXvnWFyGhxfH-ZvA==
有效时间：2022/02/01 00:00:00 - 2022/04/30 23:59:59
团ID已过期

团活动ID: NdcqpdxDfx3ttnfLhvbT1A==
有效时间：2022/01/31 00:00:00 - 2022/02/28 23:59:59
团ID已过期

团活动ID: xeqnltMDk5x_VWiD8Bq1_A==
有效时间：2021/11/12 00:00:00 - 2022/01/30 23:59:59
团ID已过期

团活动ID: tCo0qqjNLYX_v3sjUL8RcQ==
有效时间：2021/08/01 00:00:00 - 2021/09/30 23:59:59
团ID已过期

******开始【京东账号1】jd_56ac883b2ee02*********

【提示】京东账号1[jd_56ac883b2ee02]京喜工厂活动未开始
请手动去京东APP->游戏与互动->查看更多->京喜工厂 开启活动



你今日还能帮好友打工（3/3）次


【今日招工进度】0/8
由于您第1个京东账号未提供shareCode,将采纳本脚本自带的助力码

开始
第1个京东账号将要助力的好友[""]

🔔京喜工厂, 结束! 🕛 2.769 秒


## 执行结束... 2022-05-07 17:40:16 耗时 12 秒
