## 开始执行... 2022-05-07 23:23:14


🔔京喜牧场, 开始!
您的cookie选择的是用&隔开


====================共有2个京东账号Cookie=========

==================脚本执行- 北京时间(UTC+8)：2022/5/7 23:23:15=====================

京喜牧场
更新时间：2021-11-7
活动入口：京喜APP-我的-京喜牧场
温馨提示：请先手动完成【新手指导任务】再运行脚本

*****开始【京东账号1】Wang_Happy_*****

打印新手流程进度：当前进度：a-6，下一流程：pause
开始初始化
活动初始化错误
获取活动信息成功
互助码：g_eiitD1h9-a-PX-GytKiGrfw77E3iG0LpMlIb2JHcaT-TwE7NSzy3IF3DmsUxs2v1vQClGFvabGyaFbJYzqUA
提交助力码失败，此用户不在白名单中
查看宠物信息
这里有一只青年小黄鸡，生蛋进度：1/0，成长进度：40.00%

开始进行割草
开始第1次割草
获得金币：0
未获得金币暂停mowing

开始进行横扫鸡腿
开始第1次横扫鸡腿
开始第2次横扫鸡腿
获得金币：0
未获得金币暂停jump
任务：1元抢好药,已完成
任务：秒杀低至1.9元,已完成
任务：助农精选低至5.9元,已完成
任务：邀请好友助力养鸡,未完成
任务：真补贴1折起,已完成
任务：燃脂跳绳5.9元,美食家清 9.9元限秒,已完成
任务：去签到领现金,已完成
任务：签到领无门槛红包,去工厂造好物,上岛领红包,已完成
任务：点一点领现金,已完成

共有金币1600

*****开始【京东账号2】蓝闺q*****

打印新手流程进度：当前进度：a-6，下一流程：pause
开始初始化
活动初始化错误
获取活动信息成功
互助码：g_eiitD1h9-a-PX-GytKiGrfw77E3iG0LpMlIb2JHcZO7ILZ-HGb-OxFBwMjbaIoDoq49T3Oe_5egcaEepSdRg
提交助力码失败，此用户不在白名单中
查看宠物信息
这里有一只青年小黄鸡，生蛋进度：1/0，成长进度：40.00%

开始进行割草
开始第1次割草
获得金币：0
未获得金币暂停mowing

开始进行横扫鸡腿
开始第1次横扫鸡腿
获得金币：0
未获得金币暂停jump
任务：1元抢好药,已完成
任务：秒杀低至1.9元,已完成
任务：助农精选低至5.9元,已完成
任务：邀请好友助力养鸡,未完成
任务：真补贴1折起,已完成
任务：燃脂跳绳5.9元,美食家清 9.9元限秒,已完成
任务：去签到领现金,已完成
任务：签到领无门槛红包,去工厂造好物,上岛领红包,已完成
任务：点一点领现金,已完成

共有金币1600

随机取20个码放到您固定的互助码后面(不影响已有固定互助)

您将要助力的好友["g_eiitD1h9-a-PX-GytKiGrfw77E3iG0LpMlIb2JHcaT-TwE7NSzy3IF3DmsUxs2v1vQClGFvabGyaFbJYzqUA","g_eiitD1h9-a-PX-GytKiGrfw77E3iG0LpMlIb2JHcZO7ILZ-HGb-OxFBwMjbaIoDoq49T3Oe_5egcaEepSdRg","g_eiitD1h9-a-PX-GytKiGrfw77E3iG0LpMlIb2JHcZBEITvONXZwmzmluyPyyF52i9t7m_QqJ-Icze6sik8iA","g_eiitD1h9-a-PX-GytKiGrfw77E3iG0LpMlIb2JHcZr4ALPguvv6bF07-II5_QVnwbV0xZHu6hXoK6nuTIMCQ","g_eiitD1h9-a-PX-GytKiGrfw77E3iG0LpMlIb2JHcbrRKACKS9-Bmukg6JC_7ASQ0GKyx_Ity6uBfjwYbdoNg","g_eiitD1h9-a-PX-GytKiGrfw77E3iG0LpMlIb2JHcbrRKACKS9-Bmukg6JC_7ASKzGUzhSoBCKuZREkyxvwkA","g_eiitD1h9-a-PX-GytKiGrfw77E3iG0LpMlIb2JHcbrRKACKS9-Bmukg6JC_7ASqgNDuYbmVs_jXMZIAurQjQ","g_eiitD1h9-a-PX-GytKiGrfw77E3iG0LpMlIb2JHcb9VNAFCaIXn7owvE-BrcQJjgMXdwfVw8034yuTcKt2iA","g_eiitD1h9-a-PX-GytKiGrfw77E3iG0LpMlIb2JHcZ4J2fGXnQTBpBLhGC3hkBDeg4SLTdhGGcX8JhHDKs1ng","g_eiitD1h9-a-PX-GytKiGrfw77E3iG0LpMlIb2JHcZO7ILZ-HGb-OxFBwMjbaIo6lv0rIGx4_AtKPQ_7wPceg","g_eiitD1h9-a-PX-GytKiGrfw77E3iG0LpMlIb2JHcbrRKACKS9-Bmukg6JC_7ASb67NHdIDEpeESbLOnadYeQ","g_eiitD1h9-a-PX-GytKiGrfw77E3iG0LpMlIb2JHcYAKT_3Zv7IbY_0puYSVIRs6z2qVm65iJPOuuVutqJxYA","g_eiitD1h9-a-PX-GytKiGrfw77E3iG0LpMlIb2JHcZ8glcntk9Lt7IJXURC2In6P-6NT68_rJcib8nA07ggBw","g_eiitD1h9-a-PX-GytKiGrfw77E3iG0LpMlIb2JHcakFw-XJwnW-nDg33zpU02wx8j_eNiVJgmw9C_tLBd0gw","g_eiitD1h9-a-PX-GytKiGrfw77E3iG0LpMlIb2JHca7u3dfu-MTbTOnav8JFw0ZxD1U5y9Qa5xC_01DU1avnA","g_eiitD1h9-a-PX-GytKiGrfw77E3iG0LpMlIb2JHcZNobkeBYzzPXnHOiwKttdQKRB0nTLSWRpse6-3Qqb0EQ","g_eiitD1h9-a-PX-GytKiGrfw77E3iG0LpMlIb2JHcaT-TwE7NSzy3IF3DmsUxs2ZBvesDKoa6JwAgu8Iy1FJA","g_eiitD1h9-a-PX-GytKiGrfw77E3iG0LpMlIb2JHcaBdeDb2lOpU5z3uyUkhKW2doUYq8hP9vanU3QZpoeYCQ","g_eiitD1h9-a-PX-GytKiGrfw77E3iG0LpMlIb2JHcYhzAA5jcG39Nq-fuxPiOg5C0-wMzGp56ptg4_SHp7iYw","g_eiitD1h9-a-PX-GytKiGrfw77E3iG0LpMlIb2JHcaDHW2cu0aFYwYOV8iZKcuBD56-uNe_CKsYhg-LQ0-qFw","g_eiitD1h9-a-PX-GytKiGrfw77E3iG0LpMlIb2JHcaxNKXckc1w_2cakhg8MlBXMAFj66rWkgLaMM0z3oPLEA","g_eiitD1h9-a-PX-GytKiGrfw77E3iG0LpMlIb2JHcZULiDV98Vlmweiwxb8GFO1Ofn9m_WkVeRpYCgpL4cqRA","g_eiitD1h9-a-PX-GytKiGrfw77E3iG0LpMlIb2JHcZr4ALPguvv6bF07-II5_QVn5Omns6mbmNUuyY7Mx5rhw","g_eiitD1h9-a-PX-GytKiGrfw77E3iG0LpMlIb2JHcaEwbJxiU0vnEzHBmoinhjHXAAo6AD-iTM2uyN4magnmw","g_eiitD1h9-a-PX-GytKiGrfw77E3iG0LpMlIb2JHcZ99dwm9Dk74UAqgBSijjlle-VGLVRt6CkZYmmsYdjUTw","g_eiitD1h9-a-PX-GytKiGrfw77E3iG0LpMlIb2JHcb9VNAFCaIXn7owvE-BrcQJ4mR5LEEAEjvkPsHKEWbzMA","g_eiitD1h9-a-PX-GytKiGrfw77E3iG0LpMlIb2JHcao7VBsfTjbIuKPx3eOjzX8P70DHAwj-eCmsRCjdc42SA","g_eiitD1h9-a-PX-GytKiGrfw77E3iG0LpMlIb2JHca41na_rzaU9v5ZuVM2YkHKf_Uj2JFtUHjCTOVwhuaaaw","g_eiitD1h9-a-PX-GytKiGrfw77E3iG0LpMlIb2JHcabNNrcF9IC3gZDTkIY7dN-KWihPNP65wLjkLRE8_nRbw","g_eiitD1h9-a-PX-GytKiGrfw77E3iG0LpMlIb2JHca87p8iToMXd5HtwTkWcnEG4H1Tdvt2j-cw0NFiFsHcaA","g_eiitD1h9-a-PX-GytKiGrfw77E3iG0LpMlIb2JHcYgEcF2mjeeAMhKpodqVWxAONq9vBvcOXEno3VWW63tvA","g_eiitD1h9-a-PX-GytKiGrfw77E3iG0LpMlIb2JHcYTL4a6i8cUbq4mtYLUZslax9HYdNAtrhowYClCfys7UA","g_eiitD1h9-a-PX-GytKiGrfw77E3iG0LpMlIb2JHcaCPHLnVIOt3xQbGUDLWMYLn2L_Bk4LhY0Y62B4mtWdXw","g_eiitD1h9-a-PX-GytKiGrfw77E3iG0LpMlIb2JHcYN15lb0xxCPfZL8otN4ACtOuu0aihW3VzWNvgIpGSSdQ","g_eiitD1h9-a-PX-GytKiGrfw77E3iG0LpMlIb2JHcbaxdg8ERNK4lX_d2W9qLHnDWCEE7mqYP8RJ8Sdos7qYQ"]

开始互助

账号jd_56ac883b2ee02 去助力 g_eiitD1h9-a-PX-GytKiGrfw77E3iG0LpMlIb2JHcaT-TwE7NSzy3IF3DmsUxs2v1vQClGFvabGyaFbJYzqUA
不能助力自己
账号jd_56ac883b2ee02 去助力 g_eiitD1h9-a-PX-GytKiGrfw77E3iG0LpMlIb2JHcZO7ILZ-HGb-OxFBwMjbaIoDoq49T3Oe_5egcaEepSdRg
助力次数已用完

开始互助

账号jd_72476e50d1b0e 去助力 g_eiitD1h9-a-PX-GytKiGrfw77E3iG0LpMlIb2JHcaT-TwE7NSzy3IF3DmsUxs2v1vQClGFvabGyaFbJYzqUA
助力次数已用完

🔔京喜牧场, 结束! 🕛 96.898 秒


## 执行结束... 2022-05-07 23:25:13 耗时 119 秒
