## 开始执行... 2022-05-07 20:24:27


🔔京喜牧场, 开始!
您的cookie选择的是用&隔开


====================共有2个京东账号Cookie=========

==================脚本执行- 北京时间(UTC+8)：2022/5/7 20:24:28=====================

京喜牧场
更新时间：2021-11-7
活动入口：京喜APP-我的-京喜牧场
温馨提示：请先手动完成【新手指导任务】再运行脚本

*****开始【京东账号1】Wang_Happy_*****

打印新手流程进度：当前进度：a-6，下一流程：pause
开始初始化
活动初始化错误
获取活动信息成功
互助码：g_eiitD1h9-a-PX-GytKiGrfw77E3iG0LpMlIb2JHcaT-TwE7NSzy3IF3DmsUxs2v1vQClGFvabGyaFbJYzqUA
"socket hang up"
京喜牧场 uploadShareCode API请求失败，请检查网路重试
查看宠物信息
这里有一只青年小黄鸡，生蛋进度：1/0，成长进度：40.00%

开始进行割草
开始第1次割草
获得金币：0
未获得金币暂停mowing

开始进行横扫鸡腿
开始第1次横扫鸡腿
获得金币：0
未获得金币暂停jump
任务：1元抢好药,已完成
任务：秒杀低至1.9元,已完成
任务：助农精选低至5.9元,已完成
任务：邀请好友助力养鸡,未完成
任务：真补贴1折起,已完成
任务：燃脂跳绳5.9元,美食家清 9.9元限秒,已完成
任务：去签到领现金,已完成
任务：签到领无门槛红包,去工厂造好物,上岛领红包,已完成
任务：点一点领现金,已完成

共有金币1600

*****开始【京东账号2】蓝闺q*****

打印新手流程进度：当前进度：a-6，下一流程：pause
开始初始化
活动初始化错误
获取活动信息成功
互助码：g_eiitD1h9-a-PX-GytKiGrfw77E3iG0LpMlIb2JHcZO7ILZ-HGb-OxFBwMjbaIoDoq49T3Oe_5egcaEepSdRg
"Timeout awaiting 'request' for 30000ms"
京喜牧场 uploadShareCode API请求失败，请检查网路重试
查看宠物信息
这里有一只青年小黄鸡，生蛋进度：1/0，成长进度：40.00%

开始进行割草
开始第1次割草
获得金币：0
未获得金币暂停mowing

开始进行横扫鸡腿
开始第1次横扫鸡腿
获得金币：0
未获得金币暂停jump
任务：1元抢好药,已完成
任务：秒杀低至1.9元,已完成
任务：助农精选低至5.9元,已完成
任务：邀请好友助力养鸡,未完成
任务：真补贴1折起,已完成
任务：燃脂跳绳5.9元,美食家清 9.9元限秒,已完成
任务：去签到领现金,已完成
任务：签到领无门槛红包,去工厂造好物,上岛领红包,已完成
任务：点一点领现金,已完成

共有金币1600

您将要助力的好友["g_eiitD1h9-a-PX-GytKiGrfw77E3iG0LpMlIb2JHcaT-TwE7NSzy3IF3DmsUxs2v1vQClGFvabGyaFbJYzqUA","g_eiitD1h9-a-PX-GytKiGrfw77E3iG0LpMlIb2JHcZO7ILZ-HGb-OxFBwMjbaIoDoq49T3Oe_5egcaEepSdRg","g_eiitD1h9-a-PX-GytKiGrfw77E3iG0LpMlIb2JHcZBEITvONXZwmzmluyPyyF52i9t7m_QqJ-Icze6sik8iA","g_eiitD1h9-a-PX-GytKiGrfw77E3iG0LpMlIb2JHcZr4ALPguvv6bF07-II5_QVnwbV0xZHu6hXoK6nuTIMCQ","g_eiitD1h9-a-PX-GytKiGrfw77E3iG0LpMlIb2JHcbrRKACKS9-Bmukg6JC_7ASQ0GKyx_Ity6uBfjwYbdoNg","g_eiitD1h9-a-PX-GytKiGrfw77E3iG0LpMlIb2JHcbrRKACKS9-Bmukg6JC_7ASKzGUzhSoBCKuZREkyxvwkA","g_eiitD1h9-a-PX-GytKiGrfw77E3iG0LpMlIb2JHcbrRKACKS9-Bmukg6JC_7ASqgNDuYbmVs_jXMZIAurQjQ","g_eiitD1h9-a-PX-GytKiGrfw77E3iG0LpMlIb2JHcb9VNAFCaIXn7owvE-BrcQJjgMXdwfVw8034yuTcKt2iA","g_eiitD1h9-a-PX-GytKiGrfw77E3iG0LpMlIb2JHcZ4J2fGXnQTBpBLhGC3hkBDeg4SLTdhGGcX8JhHDKs1ng","g_eiitD1h9-a-PX-GytKiGrfw77E3iG0LpMlIb2JHcZO7ILZ-HGb-OxFBwMjbaIo6lv0rIGx4_AtKPQ_7wPceg","g_eiitD1h9-a-PX-GytKiGrfw77E3iG0LpMlIb2JHcbrRKACKS9-Bmukg6JC_7ASb67NHdIDEpeESbLOnadYeQ","g_eiitD1h9-a-PX-GytKiGrfw77E3iG0LpMlIb2JHcYAKT_3Zv7IbY_0puYSVIRs6z2qVm65iJPOuuVutqJxYA","g_eiitD1h9-a-PX-GytKiGrfw77E3iG0LpMlIb2JHcZ8glcntk9Lt7IJXURC2In6P-6NT68_rJcib8nA07ggBw","g_eiitD1h9-a-PX-GytKiGrfw77E3iG0LpMlIb2JHcakFw-XJwnW-nDg33zpU02wx8j_eNiVJgmw9C_tLBd0gw","g_eiitD1h9-a-PX-GytKiGrfw77E3iG0LpMlIb2JHca7u3dfu-MTbTOnav8JFw0ZxD1U5y9Qa5xC_01DU1avnA","g_eiitD1h9-a-PX-GytKiGrfw77E3iG0LpMlIb2JHcbsrK2xt9lXEmIYyF2Kfiv4P27U0juQ37bj6WExuZglzA","g_eiitD1h9-a-PX-GytKiGrfw77E3iG0LpMlIb2JHcaT-TwE7NSzy3IF3DmsUxs2cTBFsg_ViE77HW128lEZqQ","g_eiitD1h9-a-PX-GytKiGrfw77E3iG0LpMlIb2JHcZO7ILZ-HGb-OxFBwMjbaIoES9QxuB4xa-3ZnqlkxNBRA","g_eiitD1h9-a-PX-GytKiGrfw77E3iG0LpMlIb2JHcYugfvQviD_YyzBr8jW1vXgGceXyzVCtjTeTdXFK6DVxg","g_eiitD1h9-a-PX-GytKiGrfw77E3iG0LpMlIb2JHcb9VNAFCaIXn7owvE-BrcQJKlY0fKOBBhpPXb16_GFbbw","g_eiitD1h9-a-PX-GytKiGrfw77E3iG0LpMlIb2JHcZQ4Gw4GZRfOT2aa9mR2l6h3RyFZ_5a_2wr5kZGJC1fnw","g_eiitD1h9-a-PX-GytKiGrfw77E3iG0LpMlIb2JHcbrRKACKS9-Bmukg6JC_7ASFHXJLaNlMtrCN-KG1jYC2Q"]

开始互助

账号jd_56ac883b2ee02 去助力 g_eiitD1h9-a-PX-GytKiGrfw77E3iG0LpMlIb2JHcaT-TwE7NSzy3IF3DmsUxs2v1vQClGFvabGyaFbJYzqUA
不能助力自己
账号jd_56ac883b2ee02 去助力 g_eiitD1h9-a-PX-GytKiGrfw77E3iG0LpMlIb2JHcZO7ILZ-HGb-OxFBwMjbaIoDoq49T3Oe_5egcaEepSdRg
助力次数已用完

开始互助

账号jd_72476e50d1b0e 去助力 g_eiitD1h9-a-PX-GytKiGrfw77E3iG0LpMlIb2JHcaT-TwE7NSzy3IF3DmsUxs2v1vQClGFvabGyaFbJYzqUA
助力次数已用完

🔔京喜牧场, 结束! 🕛 146.271 秒

"Timeout awaiting 'request' for 30000ms"
京喜牧场 readShareCode API请求失败，请检查网路重试

## 执行结束... 2022-05-07 20:27:25 耗时 178 秒
