## 开始执行... 2022-05-07 22:22:39


🔔京喜牧场, 开始!
您的cookie选择的是用&隔开


====================共有2个京东账号Cookie=========

==================脚本执行- 北京时间(UTC+8)：2022/5/7 22:22:39=====================

京喜牧场
更新时间：2021-11-7
活动入口：京喜APP-我的-京喜牧场
温馨提示：请先手动完成【新手指导任务】再运行脚本

*****开始【京东账号1】Wang_Happy_*****

打印新手流程进度：当前进度：a-6，下一流程：pause
开始初始化
活动初始化错误
获取活动信息成功
互助码：g_eiitD1h9-a-PX-GytKiGrfw77E3iG0LpMlIb2JHcaT-TwE7NSzy3IF3DmsUxs2v1vQClGFvabGyaFbJYzqUA
提交助力码失败，此用户不在白名单中
查看宠物信息
这里有一只青年小黄鸡，生蛋进度：1/0，成长进度：40.00%

开始进行割草
开始第1次割草
获得金币：0
未获得金币暂停mowing

开始进行横扫鸡腿
开始第1次横扫鸡腿
获得金币：0
未获得金币暂停jump
任务：1元抢好药,已完成
任务：秒杀低至1.9元,已完成
任务：助农精选低至5.9元,已完成
任务：邀请好友助力养鸡,未完成
任务：真补贴1折起,已完成
任务：燃脂跳绳5.9元,美食家清 9.9元限秒,已完成
任务：去签到领现金,已完成
任务：签到领无门槛红包,去工厂造好物,上岛领红包,已完成
任务：点一点领现金,已完成

共有金币1600

*****开始【京东账号2】蓝闺q*****

打印新手流程进度：当前进度：a-6，下一流程：pause
开始初始化
活动初始化错误
获取活动信息成功
互助码：g_eiitD1h9-a-PX-GytKiGrfw77E3iG0LpMlIb2JHcZO7ILZ-HGb-OxFBwMjbaIoDoq49T3Oe_5egcaEepSdRg
提交助力码失败，此用户不在白名单中
查看宠物信息
这里有一只青年小黄鸡，生蛋进度：1/0，成长进度：40.00%

开始进行割草
开始第1次割草
获得金币：0
未获得金币暂停mowing

开始进行横扫鸡腿
开始第1次横扫鸡腿
获得金币：0
未获得金币暂停jump
任务：1元抢好药,已完成
任务：秒杀低至1.9元,已完成
任务：助农精选低至5.9元,已完成
任务：邀请好友助力养鸡,未完成
任务：真补贴1折起,已完成
任务：燃脂跳绳5.9元,美食家清 9.9元限秒,已完成
任务：去签到领现金,已完成
任务：签到领无门槛红包,去工厂造好物,上岛领红包,已完成
任务：点一点领现金,已完成

共有金币1600

随机取20个码放到您固定的互助码后面(不影响已有固定互助)

您将要助力的好友["g_eiitD1h9-a-PX-GytKiGrfw77E3iG0LpMlIb2JHcaT-TwE7NSzy3IF3DmsUxs2v1vQClGFvabGyaFbJYzqUA","g_eiitD1h9-a-PX-GytKiGrfw77E3iG0LpMlIb2JHcZO7ILZ-HGb-OxFBwMjbaIoDoq49T3Oe_5egcaEepSdRg","g_eiitD1h9-a-PX-GytKiGrfw77E3iG0LpMlIb2JHcZBEITvONXZwmzmluyPyyF52i9t7m_QqJ-Icze6sik8iA","g_eiitD1h9-a-PX-GytKiGrfw77E3iG0LpMlIb2JHcZr4ALPguvv6bF07-II5_QVnwbV0xZHu6hXoK6nuTIMCQ","g_eiitD1h9-a-PX-GytKiGrfw77E3iG0LpMlIb2JHcbrRKACKS9-Bmukg6JC_7ASQ0GKyx_Ity6uBfjwYbdoNg","g_eiitD1h9-a-PX-GytKiGrfw77E3iG0LpMlIb2JHcbrRKACKS9-Bmukg6JC_7ASKzGUzhSoBCKuZREkyxvwkA","g_eiitD1h9-a-PX-GytKiGrfw77E3iG0LpMlIb2JHcbrRKACKS9-Bmukg6JC_7ASqgNDuYbmVs_jXMZIAurQjQ","g_eiitD1h9-a-PX-GytKiGrfw77E3iG0LpMlIb2JHcb9VNAFCaIXn7owvE-BrcQJjgMXdwfVw8034yuTcKt2iA","g_eiitD1h9-a-PX-GytKiGrfw77E3iG0LpMlIb2JHcZ4J2fGXnQTBpBLhGC3hkBDeg4SLTdhGGcX8JhHDKs1ng","g_eiitD1h9-a-PX-GytKiGrfw77E3iG0LpMlIb2JHcZO7ILZ-HGb-OxFBwMjbaIo6lv0rIGx4_AtKPQ_7wPceg","g_eiitD1h9-a-PX-GytKiGrfw77E3iG0LpMlIb2JHcbrRKACKS9-Bmukg6JC_7ASb67NHdIDEpeESbLOnadYeQ","g_eiitD1h9-a-PX-GytKiGrfw77E3iG0LpMlIb2JHcYAKT_3Zv7IbY_0puYSVIRs6z2qVm65iJPOuuVutqJxYA","g_eiitD1h9-a-PX-GytKiGrfw77E3iG0LpMlIb2JHcZ8glcntk9Lt7IJXURC2In6P-6NT68_rJcib8nA07ggBw","g_eiitD1h9-a-PX-GytKiGrfw77E3iG0LpMlIb2JHcakFw-XJwnW-nDg33zpU02wx8j_eNiVJgmw9C_tLBd0gw","g_eiitD1h9-a-PX-GytKiGrfw77E3iG0LpMlIb2JHca7u3dfu-MTbTOnav8JFw0ZxD1U5y9Qa5xC_01DU1avnA","g_eiitD1h9-a-PX-GytKiGrfw77E3iG0LpMlIb2JHcYgHDe_PAQnJI7vh8JFSERjL7ccQkpe5X6KcZqnkm8WRw","g_eiitD1h9-a-PX-GytKiGrfw77E3iG0LpMlIb2JHcZO7ILZ-HGb-OxFBwMjbaIohK5pMH3R-R3yXeHc0RCBYg","g_eiitD1h9-a-PX-GytKiGrfw77E3iG0LpMlIb2JHcZ6V6lAKuwWwK53jPbRc-mM2UiJSHZs65m6TFM2MrKClQ","g_eiitD1h9-a-PX-GytKiGrfw77E3iG0LpMlIb2JHcay3owpFEQbw2t6K0zWU9ph9GceEGGxc-y1bdvwtoWHcA","g_eiitD1h9-a-PX-GytKiGrfw77E3iG0LpMlIb2JHcbrRKACKS9-Bmukg6JC_7ASPZrpuisdFWC9aZ86uMGejQ","g_eiitD1h9-a-PX-GytKiGrfw77E3iG0LpMlIb2JHcaT-TwE7NSzy3IF3DmsUxs2Gd4o2--b-O_OuzZhqnydJA","g_eiitD1h9-a-PX-GytKiGrfw77E3iG0LpMlIb2JHcZO7ILZ-HGb-OxFBwMjbaIosQ88iZXygw_IYhpDErvc1Q","g_eiitD1h9-a-PX-GytKiGrfw77E3iG0LpMlIb2JHcYLPPZV5oTPb8Q7ZCeXMEQ-Ad3M2oxVgf0jefi3Uw5XEw","g_eiitD1h9-a-PX-GytKiGrfw77E3iG0LpMlIb2JHcaT-TwE7NSzy3IF3DmsUxs24B0BCoyWq62TLbgv24TEqw","g_eiitD1h9-a-PX-GytKiGrfw77E3iG0LpMlIb2JHcbrRKACKS9-Bmukg6JC_7ASilAaXNcxsFls4cEKf334VQ","g_eiitD1h9-a-PX-GytKiGrfw77E3iG0LpMlIb2JHcbrRKACKS9-Bmukg6JC_7ASDnW3NGPZm7m5G5x__Sdyrw","g_eiitD1h9-a-PX-GytKiGrfw77E3iG0LpMlIb2JHcaizIvKBzqdtx_u9vuCE5zmNB5U6NChFnkWmGry31hy_w","g_eiitD1h9-a-PX-GytKiGrfw77E3iG0LpMlIb2JHcaZbL7ICAXnEjE6hmngEO9ng0o19hPqE9qSpma0J-OwCQ","g_eiitD1h9-a-PX-GytKiGrfw77E3iG0LpMlIb2JHcZSYCILbp4oj5q7C85XInFp0-sTnqGfujfYejV-DJDvAw","g_eiitD1h9-a-PX-GytKiGrfw77E3iG0LpMlIb2JHcZO7ILZ-HGb-OxFBwMjbaIovknhBomHcKREjfhGYxcQQA","g_eiitD1h9-a-PX-GytKiGrfw77E3iG0LpMlIb2JHcZFllSuH18Xq3Dzp0_L4oPBzKNVYo1R1aul2v9F8E-1dQ","g_eiitD1h9-a-PX-GytKiGrfw77E3iG0LpMlIb2JHcYMGTMLqC75cZUeeYGcMHMUBrgR2_wWdbeTsT5oJxyMGw","g_eiitD1h9-a-PX-GytKiGrfw77E3iG0LpMlIb2JHcZJMyE5rSYOCFT4KSp5Fa63OIw64gdOUK4vy6I6_qIkow","g_eiitD1h9-a-PX-GytKiGrfw77E3iG0LpMlIb2JHcZrpXOhbCHTlI1tF5R8b5Fa1t2M35VvTGUGIeGX45KD7Q","g_eiitD1h9-a-PX-GytKiGrfw77E3iG0LpMlIb2JHcbrRKACKS9-Bmukg6JC_7ASzarXXxKu_XgZyl53SasK2Q"]

开始互助

账号jd_56ac883b2ee02 去助力 g_eiitD1h9-a-PX-GytKiGrfw77E3iG0LpMlIb2JHcaT-TwE7NSzy3IF3DmsUxs2v1vQClGFvabGyaFbJYzqUA
不能助力自己
账号jd_56ac883b2ee02 去助力 g_eiitD1h9-a-PX-GytKiGrfw77E3iG0LpMlIb2JHcZO7ILZ-HGb-OxFBwMjbaIoDoq49T3Oe_5egcaEepSdRg
助力次数已用完

开始互助

账号jd_72476e50d1b0e 去助力 g_eiitD1h9-a-PX-GytKiGrfw77E3iG0LpMlIb2JHcaT-TwE7NSzy3IF3DmsUxs2v1vQClGFvabGyaFbJYzqUA
助力次数已用完

🔔京喜牧场, 结束! 🕛 92.207 秒


## 执行结束... 2022-05-07 22:24:31 耗时 112 秒
