## 开始执行... 2022-05-07 22:27:21


🔔东东健康社区, 开始!

====================共2个京东账号Cookie=================

============脚本执行时间：2022/5/7 22:27:21=============

>>>>>>>>>>>>>>6Dylan6 提示：任务正常运行中>>>>>>>>>>>>>>>

开始获取东东健康社区配置文件

共2个京东账号

您提供了0个账号的东东健康社区助力码


******开始【京东账号1】jd_56ac883b2ee02*********

由于您第1个京东账号未提供shareCode,将采纳本脚本自带的助力码

开始
第1个京东账号将要助力的好友[""]
签到领健康能量任务，完成次数：1/1

【京东账号1（jd_56ac883b2ee02）的东东健康社区好友互助码】T0225KkcRRhIplzfI0j2waIKdgCjVfnoaW5kRrbA

健康爆款低至5折任务，完成次数：5/5
早起打卡(06:00-09:00)任务，完成次数：0/1
去完成早起打卡(06:00-09:00)任务
任务完成失败：不在打卡时间哦!
逛逛京东大药房任务，完成次数：0/1
去完成逛逛京东大药房任务
任务领取结果：任务领取成功
任务完成成功，获得：300能量
健康爆款低至5折任务，完成次数：5/5
早起打卡(06:00-09:00)任务，完成次数：0/1
去完成早起打卡(06:00-09:00)任务
任务完成失败：不在打卡时间哦!
1元享问诊月卡任务，完成次数：0/1
去完成1元享问诊月卡任务
任务领取结果：任务领取成功
任务完成成功，获得：300能量
健康爆款低至5折任务，完成次数：5/5
早起打卡(06:00-09:00)任务，完成次数：0/1
去完成早起打卡(06:00-09:00)任务
任务完成失败：不在打卡时间哦!
逛专题会场领能量任务，完成次数：0/1
去完成逛专题会场领能量任务
任务领取结果：任务领取成功
任务完成成功，获得：300能量
健康爆款低至5折任务，完成次数：5/5
早起打卡(06:00-09:00)任务，完成次数：0/1
去完成早起打卡(06:00-09:00)任务
任务完成失败：不在打卡时间哦!
点击抢超市大红包任务，完成次数：5/5
任务完成成功，获得：186能量
哎呀，奖品一不小心溜走啦

==============📣系统通知📣==============
东东健康社区
京东账号1 jd_56ac883b2ee02
本次获得1086健康值，累计426680健康值


******开始【京东账号2】jd_72476e50d1b0e*********

由于您第2个京东账号未提供shareCode,将采纳本脚本自带的助力码

开始
第2个京东账号将要助力的好友[""]
签到领健康能量任务，完成次数：1/1

【京东账号2（jd_72476e50d1b0e）的东东健康社区好友互助码】T0225KkcRxwd8lKCJRqglaUKIQCjVfnoaW5kRrbA

健康爆款低至5折任务，完成次数：5/5
早起打卡(06:00-09:00)任务，完成次数：0/1
去完成早起打卡(06:00-09:00)任务
任务完成失败：不在打卡时间哦!
逛逛京东大药房任务，完成次数：0/1
去完成逛逛京东大药房任务
任务领取结果：任务领取成功
任务完成成功，获得：300能量
健康爆款低至5折任务，完成次数：5/5
早起打卡(06:00-09:00)任务，完成次数：0/1
去完成早起打卡(06:00-09:00)任务
任务完成失败：不在打卡时间哦!
1元享问诊月卡任务，完成次数：0/1
去完成1元享问诊月卡任务
任务领取结果：任务领取成功
任务完成成功，获得：300能量
健康爆款低至5折任务，完成次数：5/5
早起打卡(06:00-09:00)任务，完成次数：0/1
去完成早起打卡(06:00-09:00)任务
任务完成失败：不在打卡时间哦!
逛专题会场领能量任务，完成次数：0/1
去完成逛专题会场领能量任务
任务领取结果：任务领取成功
任务完成成功，获得：300能量
健康爆款低至5折任务，完成次数：5/5
早起打卡(06:00-09:00)任务，完成次数：0/1
去完成早起打卡(06:00-09:00)任务
任务完成失败：不在打卡时间哦!
点击抢超市大红包任务，完成次数：5/5
任务完成成功，获得：8能量
哎呀，奖品一不小心溜走啦

==============📣系统通知📣==============
东东健康社区
京东账号2 jd_72476e50d1b0e
本次获得942健康值，累计370546健康值


🔔东东健康社区, 结束! 🕛 100.399 秒


## 执行结束... 2022-05-07 22:29:02 耗时 101 秒
