## 开始执行... 2022-05-09 00:27:48


🔔东东健康社区, 开始!

====================共2个京东账号Cookie=================

============脚本执行时间：2022/5/9 00:27:49=============

>>>>>>>>>>>>>>6Dylan6 提示：任务正常运行中>>>>>>>>>>>>>>>

开始获取东东健康社区配置文件

共2个京东账号

您提供了2个账号的东东健康社区助力码


******开始【京东账号1】jd_56ac883b2ee02*********

开始
第1个京东账号将要助力的好友["T0225KkcRxwd8lKCJRqglaUKIQCjVfnoaW5kRrbA"]
签到领健康能量任务，完成次数：0/1
去完成签到领健康能量任务
任务完成成功，获得：300能量

【京东账号1（jd_56ac883b2ee02）的东东健康社区好友互助码】T0225KkcRRhIplzfI0j2waIKdgCjVfnoaW5kRrbA

健康爆款低至5折任务，完成次数：0/5
去完成健康爆款低至5折任务
任务领取结果：任务领取成功
任务完成成功，获得：300能量
去完成健康爆款低至5折任务
任务领取结果：任务领取成功
任务完成失败：这个任务做完啦！
去完成健康爆款低至5折任务
任务领取结果：任务领取成功
任务完成失败：这个任务做完啦！
去完成健康爆款低至5折任务
任务领取结果：任务领取成功
任务完成失败：这个任务做完啦！
去完成健康爆款低至5折任务
任务领取结果：任务领取成功
任务完成失败：这个任务做完啦！
早起打卡(06:00-09:00)任务，完成次数：0/1
去完成早起打卡(06:00-09:00)任务
任务完成失败：不在打卡时间哦!
点击抢超市大红包任务，完成次数：0/5
去完成点击抢超市大红包任务
任务领取结果：任务领取成功
任务完成成功，获得：300能量
去完成点击抢超市大红包任务
任务领取结果：任务领取成功
任务完成失败：这个任务做完啦！
去完成点击抢超市大红包任务
任务领取结果：任务领取成功
任务完成失败：这个任务做完啦！
去完成点击抢超市大红包任务
任务领取结果：任务领取成功
任务完成失败：这个任务做完啦！
去完成点击抢超市大红包任务
任务领取结果：任务领取成功
任务完成失败：这个任务做完啦！
早睡打卡(21:00-23:00)任务，完成次数：0/1
去完成早睡打卡(21:00-23:00)任务
任务完成失败：不在打卡时间哦!
海氏海诺爆款低至1.1元任务，完成次数：0/1
去完成海氏海诺爆款低至1.1元任务
任务领取结果：任务领取成功
任务完成成功，获得：300能量
正品好药低至5折任务，完成次数：1/5
去完成正品好药低至5折任务
任务领取结果：任务领取成功
任务完成成功，获得：300能量
去完成正品好药低至5折任务
任务领取结果：任务领取成功
任务完成失败：这个任务做完啦！
去完成正品好药低至5折任务
任务领取结果：任务领取成功
任务完成失败：这个任务做完啦！
去完成正品好药低至5折任务
任务领取结果：任务领取成功
任务完成失败：这个任务做完啦！
早起打卡(06:00-09:00)任务，完成次数：0/1
去完成早起打卡(06:00-09:00)任务
任务完成失败：不在打卡时间哦!
一分钱造爆款电器任务，完成次数：1/5
去完成一分钱造爆款电器任务
任务领取结果：任务领取成功
任务完成成功，获得：300能量
去完成一分钱造爆款电器任务
任务领取结果：任务领取成功
任务完成失败：这个任务做完啦！
去完成一分钱造爆款电器任务
任务领取结果：任务领取成功
任务完成失败：这个任务做完啦！
去完成一分钱造爆款电器任务
任务领取结果：任务领取成功
任务完成失败：这个任务做完啦！
早睡打卡(21:00-23:00)任务，完成次数：0/1
去完成早睡打卡(21:00-23:00)任务
任务完成失败：不在打卡时间哦!
防疫必备 9.9起任务，完成次数：2/5
去完成防疫必备 9.9起任务
任务领取结果：任务领取成功
任务完成成功，获得：300能量
去完成防疫必备 9.9起任务
任务领取结果：任务领取成功
任务完成失败：这个任务做完啦！
去完成防疫必备 9.9起任务
任务领取结果：任务领取成功
任务完成失败：这个任务做完啦！
早起打卡(06:00-09:00)任务，完成次数：0/1
去完成早起打卡(06:00-09:00)任务
任务完成失败：不在打卡时间哦!
兑换好物0元起任务，完成次数：2/5
去完成兑换好物0元起任务
任务领取结果：任务领取成功
任务完成成功，获得：300能量
去完成兑换好物0元起任务
任务领取结果：任务领取成功
任务完成失败：这个任务做完啦！
去完成兑换好物0元起任务
任务领取结果：任务领取成功
任务完成失败：这个任务做完啦！
早睡打卡(21:00-23:00)任务，完成次数：0/1
去完成早睡打卡(21:00-23:00)任务
任务完成失败：不在打卡时间哦!
领最高50元权益！任务，完成次数：3/5
去完成领最高50元权益！任务
任务领取结果：任务领取成功
任务完成成功，获得：300能量
去完成领最高50元权益！任务
任务领取结果：任务领取成功
任务完成失败：这个任务做完啦！
早起打卡(06:00-09:00)任务，完成次数：0/1
去完成早起打卡(06:00-09:00)任务
任务完成失败：不在打卡时间哦!
颜究院大牌小样1元领任务，完成次数：3/5
去完成颜究院大牌小样1元领任务
任务领取结果：任务领取成功
任务完成成功，获得：300能量
去完成颜究院大牌小样1元领任务
任务领取结果：任务领取成功
任务完成失败：这个任务做完啦！
早睡打卡(21:00-23:00)任务，完成次数：0/1
去完成早睡打卡(21:00-23:00)任务
任务完成失败：不在打卡时间哦!
健康种植园“种”大奖任务，完成次数：4/5
去完成健康种植园“种”大奖任务
任务领取结果：任务领取成功
任务完成成功，获得：300能量
早起打卡(06:00-09:00)任务，完成次数：0/1
去完成早起打卡(06:00-09:00)任务
任务完成失败：不在打卡时间哦!
去会员频道摇京豆任务，完成次数：4/5
去完成去会员频道摇京豆任务
任务领取结果：任务领取成功
任务完成成功，获得：300能量
早睡打卡(21:00-23:00)任务，完成次数：0/1
去完成早睡打卡(21:00-23:00)任务
任务完成失败：不在打卡时间哦!
任务完成成功，获得：140能量
去助力好友T0225KkcRxwd8lKCJRqglaUKIQCjVfnoaW5kRrbA
任务完成成功，获得：800能量
哎呀，奖品一不小心溜走啦

==============📣系统通知📣==============
东东健康社区
京东账号1 jd_56ac883b2ee02
本次获得4220健康值，累计443140健康值


******开始【京东账号2】jd_72476e50d1b0e*********

开始
第2个京东账号将要助力的好友["T0225KkcRRhIplzfI0j2waIKdgCjVfnoaW5kRrbA"]
签到领健康能量任务，完成次数：0/1
去完成签到领健康能量任务
任务完成成功，获得：300能量

【京东账号2（jd_72476e50d1b0e）的东东健康社区好友互助码】T0225KkcRxwd8lKCJRqglaUKIQCjVfnoaW5kRrbA

健康爆款低至5折任务，完成次数：0/5
去完成健康爆款低至5折任务
任务领取结果：任务领取成功
任务完成成功，获得：300能量
去完成健康爆款低至5折任务
任务领取结果：任务领取成功
任务完成失败：这个任务做完啦！
去完成健康爆款低至5折任务
任务领取结果：任务领取成功
任务完成失败：这个任务做完啦！
去完成健康爆款低至5折任务
任务领取结果：任务领取成功
任务完成失败：这个任务做完啦！
去完成健康爆款低至5折任务
任务领取结果：任务领取成功
任务完成失败：这个任务做完啦！
早起打卡(06:00-09:00)任务，完成次数：0/1
去完成早起打卡(06:00-09:00)任务
任务完成失败：不在打卡时间哦!
点击抢超市大红包任务，完成次数：0/5
去完成点击抢超市大红包任务
任务领取结果：任务领取成功
任务完成成功，获得：300能量
去完成点击抢超市大红包任务
任务领取结果：任务领取成功
任务完成失败：这个任务做完啦！
去完成点击抢超市大红包任务
任务领取结果：任务领取成功
任务完成失败：这个任务做完啦！
去完成点击抢超市大红包任务
任务领取结果：任务领取成功
任务完成失败：这个任务做完啦！
去完成点击抢超市大红包任务
任务领取结果：任务领取成功
任务完成失败：这个任务做完啦！
早睡打卡(21:00-23:00)任务，完成次数：0/1
去完成早睡打卡(21:00-23:00)任务
任务完成失败：不在打卡时间哦!
海氏海诺爆款低至1.1元任务，完成次数：0/1
去完成海氏海诺爆款低至1.1元任务
任务领取结果：任务领取成功
任务完成成功，获得：300能量
正品好药低至5折任务，完成次数：1/5
去完成正品好药低至5折任务
任务领取结果：任务领取成功
任务完成成功，获得：300能量
去完成正品好药低至5折任务
任务领取结果：任务领取成功
任务完成失败：这个任务做完啦！
去完成正品好药低至5折任务
任务领取结果：任务领取成功
任务完成失败：这个任务做完啦！
去完成正品好药低至5折任务
任务领取结果：任务领取成功
任务完成失败：这个任务做完啦！
早起打卡(06:00-09:00)任务，完成次数：0/1
去完成早起打卡(06:00-09:00)任务
任务完成失败：不在打卡时间哦!
一分钱造爆款电器任务，完成次数：1/5
去完成一分钱造爆款电器任务
任务领取结果：任务领取成功
任务完成成功，获得：300能量
去完成一分钱造爆款电器任务
任务领取结果：任务领取成功
任务完成失败：这个任务做完啦！
去完成一分钱造爆款电器任务
任务领取结果：任务领取成功
任务完成失败：这个任务做完啦！
去完成一分钱造爆款电器任务
任务领取结果：任务领取成功
任务完成失败：这个任务做完啦！
早睡打卡(21:00-23:00)任务，完成次数：0/1
去完成早睡打卡(21:00-23:00)任务
任务完成失败：不在打卡时间哦!
防疫必备 9.9起任务，完成次数：2/5
去完成防疫必备 9.9起任务
任务领取结果：任务领取成功
任务完成成功，获得：300能量
去完成防疫必备 9.9起任务
任务领取结果：任务领取成功
任务完成失败：这个任务做完啦！
去完成防疫必备 9.9起任务
任务领取结果：任务领取成功
任务完成失败：这个任务做完啦！
早起打卡(06:00-09:00)任务，完成次数：0/1
去完成早起打卡(06:00-09:00)任务
任务完成失败：不在打卡时间哦!
兑换好物0元起任务，完成次数：2/5
去完成兑换好物0元起任务
任务领取结果：任务领取成功
任务完成成功，获得：300能量
去完成兑换好物0元起任务
任务领取结果：任务领取成功
任务完成失败：这个任务做完啦！
去完成兑换好物0元起任务
任务领取结果：任务领取成功
任务完成失败：这个任务做完啦！
早睡打卡(21:00-23:00)任务，完成次数：0/1
去完成早睡打卡(21:00-23:00)任务
任务完成失败：不在打卡时间哦!
领最高50元权益！任务，完成次数：3/5
去完成领最高50元权益！任务
任务领取结果：任务领取成功
任务完成成功，获得：300能量
去完成领最高50元权益！任务
任务领取结果：任务领取成功
任务完成失败：这个任务做完啦！
早起打卡(06:00-09:00)任务，完成次数：0/1
去完成早起打卡(06:00-09:00)任务
任务完成失败：不在打卡时间哦!
颜究院大牌小样1元领任务，完成次数：3/5
去完成颜究院大牌小样1元领任务
任务领取结果：任务领取成功
任务完成成功，获得：300能量
去完成颜究院大牌小样1元领任务
任务领取结果：任务领取成功
任务完成失败：这个任务做完啦！
早睡打卡(21:00-23:00)任务，完成次数：0/1
去完成早睡打卡(21:00-23:00)任务
任务完成失败：不在打卡时间哦!
健康种植园“种”大奖任务，完成次数：4/5
去完成健康种植园“种”大奖任务
任务领取结果：任务领取成功
任务完成成功，获得：300能量
早起打卡(06:00-09:00)任务，完成次数：0/1
去完成早起打卡(06:00-09:00)任务
任务完成失败：不在打卡时间哦!
去会员频道摇京豆任务，完成次数：4/5
去完成去会员频道摇京豆任务
任务领取结果：任务领取成功
任务完成成功，获得：300能量
早睡打卡(21:00-23:00)任务，完成次数：0/1
去完成早睡打卡(21:00-23:00)任务
任务完成失败：不在打卡时间哦!
任务完成成功，获得：306能量
去助力好友T0225KkcRRhIplzfI0j2waIKdgCjVfnoaW5kRrbA
任务完成成功，获得：800能量
哎呀，奖品一不小心溜走啦

==============📣系统通知📣==============
东东健康社区
京东账号2 jd_72476e50d1b0e
本次获得3906健康值，累计387962健康值


🔔东东健康社区, 结束! 🕛 840.37 秒


## 执行结束... 2022-05-09 00:41:49 耗时 841 秒
