## 开始执行... 2022-05-13 06:26:50


🔔东东健康社区, 开始!

====================共2个京东账号Cookie=================

============脚本执行时间：2022/5/13 06:26:50=============

>>>>>>>>>>>>>>6Dylan6 提示：任务正常运行中>>>>>>>>>>>>>>>

开始获取东东健康社区配置文件

共2个京东账号

您提供了2个账号的东东健康社区助力码


******开始【京东账号1】jd_56ac883b2ee02*********

开始
第1个京东账号将要助力的好友["T0225KkcRxwd8lKCJRqglaUKIQCjVfnoaW5kRrbA"]
签到领健康能量任务，完成次数：1/1

【京东账号1（jd_56ac883b2ee02）的东东健康社区好友互助码】T0225KkcRRhIplzfI0j2waIKdgCjVfnoaW5kRrbA

早起打卡(06:00-09:00)任务，完成次数：0/1
去完成早起打卡(06:00-09:00)任务
任务完成成功，获得：500能量
早睡打卡(21:00-23:00)任务，完成次数：0/1
去完成早睡打卡(21:00-23:00)任务
任务完成失败：不在打卡时间哦!
逛逛京东大药房任务，完成次数：0/1
去完成逛逛京东大药房任务
任务领取结果：任务领取成功
任务完成成功，获得：300能量
早睡打卡(21:00-23:00)任务，完成次数：0/1
去完成早睡打卡(21:00-23:00)任务
任务完成失败：不在打卡时间哦!
1元享问诊月卡任务，完成次数：0/1
去完成1元享问诊月卡任务
任务领取结果：任务领取成功
任务完成成功，获得：300能量
学百科知识领能量任务，完成次数：0/1
去完成学百科知识领能量任务
任务领取结果：任务领取成功
任务完成成功，获得：300能量
早睡打卡(21:00-23:00)任务，完成次数：0/1
去完成早睡打卡(21:00-23:00)任务
任务完成失败：不在打卡时间哦!
健康爆款低至5折任务，完成次数：5/5
早起打卡(06:00-09:00)任务，完成次数：1/1
任务完成成功，获得：0能量
去助力好友T0225KkcRxwd8lKCJRqglaUKIQCjVfnoaW5kRrbA
任务完成失败：助力失败丨您今日已为好友助力过了
已经领取过京豆啦

==============📣系统通知📣==============
东东健康社区
京东账号1 jd_56ac883b2ee02
本次获得1400健康值，累计497892健康值


******开始【京东账号2】jd_72476e50d1b0e*********

开始
第2个京东账号将要助力的好友["T0225KkcRRhIplzfI0j2waIKdgCjVfnoaW5kRrbA"]
签到领健康能量任务，完成次数：1/1

【京东账号2（jd_72476e50d1b0e）的东东健康社区好友互助码】T0225KkcRxwd8lKCJRqglaUKIQCjVfnoaW5kRrbA

早起打卡(06:00-09:00)任务，完成次数：0/1
去完成早起打卡(06:00-09:00)任务
任务完成成功，获得：500能量
早睡打卡(21:00-23:00)任务，完成次数：0/1
去完成早睡打卡(21:00-23:00)任务
任务完成失败：不在打卡时间哦!
逛逛京东大药房任务，完成次数：0/1
去完成逛逛京东大药房任务
任务领取结果：任务领取成功
任务完成成功，获得：300能量
早睡打卡(21:00-23:00)任务，完成次数：0/1
去完成早睡打卡(21:00-23:00)任务
任务完成失败：不在打卡时间哦!
1元享问诊月卡任务，完成次数：0/1
去完成1元享问诊月卡任务
任务领取结果：任务领取成功
任务完成成功，获得：300能量
学百科知识领能量任务，完成次数：0/1
去完成学百科知识领能量任务
任务领取结果：任务领取成功
任务完成成功，获得：300能量
早睡打卡(21:00-23:00)任务，完成次数：0/1
去完成早睡打卡(21:00-23:00)任务
任务完成失败：不在打卡时间哦!
健康爆款低至5折任务，完成次数：5/5
早起打卡(06:00-09:00)任务，完成次数：1/1
任务完成成功，获得：0能量
去助力好友T0225KkcRRhIplzfI0j2waIKdgCjVfnoaW5kRrbA
任务完成失败：助力失败丨您今日已为好友助力过了
已经领取过京豆啦

==============📣系统通知📣==============
东东健康社区
京东账号2 jd_72476e50d1b0e
本次获得1400健康值，累计441754健康值


🔔东东健康社区, 结束! 🕛 110.845 秒


## 执行结束... 2022-05-13 06:28:41 耗时 111 秒
