## 开始执行... 2022-05-09 22:25:39


🔔东东健康社区, 开始!

====================共2个京东账号Cookie=================

============脚本执行时间：2022/5/9 22:25:39=============

>>>>>>>>>>>>>>6Dylan6 提示：任务正常运行中>>>>>>>>>>>>>>>

开始获取东东健康社区配置文件

共2个京东账号

您提供了2个账号的东东健康社区助力码


******开始【京东账号1】jd_56ac883b2ee02*********

开始
第1个京东账号将要助力的好友["T0225KkcRxwd8lKCJRqglaUKIQCjVfnoaW5kRrbA"]
签到领健康能量任务，完成次数：1/1

【京东账号1（jd_56ac883b2ee02）的东东健康社区好友互助码】T0225KkcRRhIplzfI0j2waIKdgCjVfnoaW5kRrbA

早睡打卡(21:00-23:00)任务，完成次数：0/1
去完成早睡打卡(21:00-23:00)任务
任务完成成功，获得：500能量
健康爆款低至5折任务，完成次数：5/5
早起打卡(06:00-09:00)任务，完成次数：1/1
健康爆款低至5折任务，完成次数：5/5
早起打卡(06:00-09:00)任务，完成次数：1/1
点击抢超市大红包任务，完成次数：5/5
任务完成成功，获得：0能量
去助力好友T0225KkcRxwd8lKCJRqglaUKIQCjVfnoaW5kRrbA
任务完成失败：助力失败丨您今日已为好友助力过了
已经领取过京豆啦

==============📣系统通知📣==============
东东健康社区
京东账号1 jd_56ac883b2ee02
本次获得500健康值，累计449760健康值


******开始【京东账号2】jd_72476e50d1b0e*********

开始
第2个京东账号将要助力的好友["T0225KkcRRhIplzfI0j2waIKdgCjVfnoaW5kRrbA"]
签到领健康能量任务，完成次数：1/1

【京东账号2（jd_72476e50d1b0e）的东东健康社区好友互助码】T0225KkcRxwd8lKCJRqglaUKIQCjVfnoaW5kRrbA

早睡打卡(21:00-23:00)任务，完成次数：0/1
去完成早睡打卡(21:00-23:00)任务
任务完成成功，获得：500能量
健康爆款低至5折任务，完成次数：5/5
早起打卡(06:00-09:00)任务，完成次数：1/1
健康爆款低至5折任务，完成次数：5/5
早起打卡(06:00-09:00)任务，完成次数：1/1
点击抢超市大红包任务，完成次数：5/5
任务完成成功，获得：0能量
去助力好友T0225KkcRRhIplzfI0j2waIKdgCjVfnoaW5kRrbA
任务完成失败：助力失败丨您今日已为好友助力过了
已经领取过京豆啦

==============📣系统通知📣==============
东东健康社区
京东账号2 jd_72476e50d1b0e
本次获得500健康值，累计393618健康值


🔔东东健康社区, 结束! 🕛 12.214 秒


## 执行结束... 2022-05-09 22:25:55 耗时 16 秒
