## 开始执行... 2022-05-07 19:05:12


🔔牛牛福利, 开始!
您的cookie选择的是用&隔开


====================共有2个京东账号Cookie=========

==================脚本执行- 北京时间(UTC+8)：2022/5/7 19:05:12=====================


*****开始【京东账号1】Wang_Happy_*****

签到 success
助力码 wcgG2C5cIM7GsWXPLYJogFJ_JXeCvOkh-u211WBCKHcyV6KzChnCvSG4Bqxju2ol
金币 710

*****开始【京东账号2】蓝闺q*****

签到 success
助力码 wcgG2C5cIM7GsWXPLYJogHzdpvH3P0z5jZpwdh5tjHP8hHfblsQM72VO08fkxAWv
金币 700
优先账号内部互助，有剩余助力次数再帮作者助力

*********开始互助**********

====开始账号jd_56ac883b2ee02===助力
jd_56ac883b2ee02 去助力 wcgG2C5cIM7GsWXPLYJogFJ_JXeCvOkh-u211WBCKHcyV6KzChnCvSG4Bqxju2ol
不能助力自己
jd_56ac883b2ee02 去助力 wcgG2C5cIM7GsWXPLYJogHzdpvH3P0z5jZpwdh5tjHP8hHfblsQM72VO08fkxAWv
已助力过！
jd_56ac883b2ee02 去助力 IiN7cuX0nW6c4tWYDaOl6aWPUL0QRGDx44iLN2j1L8ECpGjG4KHd1tUZK97UtQjf
助力已满！
jd_56ac883b2ee02 去助力 Y-kcMUZCumOhAwTe5J2c7UrxM1j011rNOPa7bA0sCCmf-dOb1QSrT_Rf6YGz0MOl
助力已满！
jd_56ac883b2ee02 去助力 Y-kcMUZCumOhAwTe5J2c7XDYxA5poZbyrfORkrm5jU4ArjE8dOANX7mHNDACSDLQ
助力已满！
====开始账号jd_72476e50d1b0e===助力
jd_72476e50d1b0e 去助力 wcgG2C5cIM7GsWXPLYJogFJ_JXeCvOkh-u211WBCKHcyV6KzChnCvSG4Bqxju2ol
已助力过！
jd_72476e50d1b0e 去助力 wcgG2C5cIM7GsWXPLYJogHzdpvH3P0z5jZpwdh5tjHP8hHfblsQM72VO08fkxAWv
不能助力自己
jd_72476e50d1b0e 去助力 IiN7cuX0nW6c4tWYDaOl6aWPUL0QRGDx44iLN2j1L8ECpGjG4KHd1tUZK97UtQjf
助力已满！
jd_72476e50d1b0e 去助力 Y-kcMUZCumOhAwTe5J2c7UrxM1j011rNOPa7bA0sCCmf-dOb1QSrT_Rf6YGz0MOl
助力已满！
jd_72476e50d1b0e 去助力 Y-kcMUZCumOhAwTe5J2c7XDYxA5poZbyrfORkrm5jU4ArjE8dOANX7mHNDACSDLQ
助力已满！

********执行任务抽奖**********

====开始账号jd_56ac883b2ee02===

❌ 牛牛福利, 失败! 原因: TypeError: res.data.tasks is not iterable!


🔔牛牛福利, 结束! 🕛 65.444 秒


## 执行结束... 2022-05-07 19:06:18 耗时 66 秒
