## 开始执行... 2022-05-07 23:04:46


🔔牛牛福利, 开始!
您的cookie选择的是用&隔开


====================共有2个京东账号Cookie=========

==================脚本执行- 北京时间(UTC+8)：2022/5/7 23:04:47=====================


*****开始【京东账号1】Wang_Happy_*****

签到 success
助力码 fWOiKs3D5lu7e3t_qWf67xLzDAbtFkyejdWB0NZzshFSMo3Ma9P5Gog-ejOBan8c
金币 710

*****开始【京东账号2】蓝闺q*****

签到 success
助力码 fWOiKs3D5lu7e3t_qWf678aetOm4XjRchfkeE9914H_mnx9Jm2xtSzqH6jcDhIbu
金币 700
优先账号内部互助，有剩余助力次数再帮作者助力

*********开始互助**********

====开始账号jd_56ac883b2ee02===助力
jd_56ac883b2ee02 去助力 fWOiKs3D5lu7e3t_qWf67xLzDAbtFkyejdWB0NZzshFSMo3Ma9P5Gog-ejOBan8c
不能助力自己
jd_56ac883b2ee02 去助力 fWOiKs3D5lu7e3t_qWf678aetOm4XjRchfkeE9914H_mnx9Jm2xtSzqH6jcDhIbu
已助力过！
jd_56ac883b2ee02 去助力 CalKoysprYeUSpCy1zO6ac5_9v7SJ7gSCO5umTYAgEw=
助力已满！
jd_56ac883b2ee02 去助力 tZYnMK1G1gr5ob9y7d1v4pYpofe0FoYHBXw3mvljLIdVlddxuWDkP9wXqUjPzS-E
助力已满！
jd_56ac883b2ee02 去助力 RCLlFPe_4A-FvEfzRms8XwCjS1Upe1ppL3fU6UENZMpGrH7-84WLykTlrBIjx1p8
助力已满！
====开始账号jd_72476e50d1b0e===助力
jd_72476e50d1b0e 去助力 fWOiKs3D5lu7e3t_qWf67xLzDAbtFkyejdWB0NZzshFSMo3Ma9P5Gog-ejOBan8c
已助力过！
jd_72476e50d1b0e 去助力 fWOiKs3D5lu7e3t_qWf678aetOm4XjRchfkeE9914H_mnx9Jm2xtSzqH6jcDhIbu
不能助力自己
jd_72476e50d1b0e 去助力 CalKoysprYeUSpCy1zO6ac5_9v7SJ7gSCO5umTYAgEw=
助力已满！
jd_72476e50d1b0e 去助力 tZYnMK1G1gr5ob9y7d1v4pYpofe0FoYHBXw3mvljLIdVlddxuWDkP9wXqUjPzS-E
助力已满！
jd_72476e50d1b0e 去助力 RCLlFPe_4A-FvEfzRms8XwCjS1Upe1ppL3fU6UENZMpGrH7-84WLykTlrBIjx1p8
助力已满！

********执行任务抽奖**********

====开始账号jd_56ac883b2ee02===

❌ 牛牛福利, 失败! 原因: TypeError: res.data.tasks is not iterable!


🔔牛牛福利, 结束! 🕛 68.172 秒


## 执行结束... 2022-05-07 23:05:55 耗时 69 秒
