## 开始执行... 2022-05-07 18:13:11


🔔金融养猪, 开始!
您的cookie选择的是用&隔开


====================共有2个京东账号Cookie=========

==================脚本执行- 北京时间(UTC+8)：2022/5/7 18:13:11=====================


【原作者：LXK大佬】

By：zero205
添加：邀请新用户，大转盘助力，抢粮食
修改：优化日志输出，自动喂食

默认不抢粮食（成功机率小），需要的请添加变量JD_PIGPET_PK，值填true
Todo：领取成就奖励


开始【京东账号1】Wang_Happy_


京东账号1 Wang_Happy_ 未开启养猪活动,请手动去京东金融APP开启此活动或复制口令直达：
29.0复制整段话 Https:/JWHOjEv6wgo0BQ 我的5斤百香果能领取啦，来养猪，一起赚#0E4EfAMIKuyDlW%打kai>【ぺ京倲金融ぺ App】～


开始【京东账号2】蓝闺q


京东账号2 蓝闺q 未开启养猪活动,请手动去京东金融APP开启此活动或复制口令直达：
29.0复制整段话 Https:/JWHOjEv6wgo0BQ 我的5斤百香果能领取啦，来养猪，一起赚#0E4EfAMIKuyDlW%打kai>【ぺ京倲金融ぺ App】～


======开始大转盘助力======


🔔金融养猪, 结束! 🕛 30.81 秒


## 执行结束... 2022-05-07 18:13:59 耗时 48 秒
