## 开始执行... 2022-05-10 12:24:16


🔔京东直播, 开始!

====================共2个京东账号Cookie=================

============脚本执行时间：2022/5/10 12:24:17=============

>>>>>>>>>>>>>>6Dylan6 提示：任务正常运行中>>>>>>>>>>>>>>>


******开始【京东账号1】Wang_Happy_*********

去做分享直播间任务
任务领奖失败，京豆与你擦肩而过
去做浏览直播间任务
任务领奖失败，京豆与你擦肩而过
任务领奖失败，京豆与你擦肩而过，马上进入精彩内容！


京东账号1Wang_Happy_
领奖完成，共计获得 0 京豆


******开始【京东账号2】jd_72476e50d1b0e*********

去做分享直播间任务
任务领奖失败，京豆与你擦肩而过
去做浏览直播间任务
任务领奖失败，京豆与你擦肩而过
任务领奖失败，京豆与你擦肩而过，马上进入精彩内容！


京东账号2jd_72476e50d1b0e
领奖完成，共计获得 0 京豆


🔔京东直播, 结束! 🕛 3.408 秒


## 执行结束... 2022-05-10 12:24:20 耗时 4 秒
