## 开始执行... 2022-05-13 12:19:58


🔔京东直播, 开始!

====================共2个京东账号Cookie=================

============脚本执行时间：2022/5/13 12:19:58=============

>>>>>>>>>>>>>>6Dylan6 提示：任务正常运行中>>>>>>>>>>>>>>>


******开始【京东账号1】jd_56ac883b2ee02*********

去做分享直播间任务
任务领奖失败，京豆与你擦肩而过，看看其他活动吧！
去做浏览直播间任务
任务领奖失败，京豆与你擦肩而过，看看其他活动吧！
任务领奖失败，京豆与你擦肩而过，马上进入精彩内容！


京东账号1jd_56ac883b2ee02
领奖完成，共计获得 0 京豆


******开始【京东账号2】蓝闺q*********

去做分享直播间任务
任务领奖失败，京豆与你擦肩而过，看看其他活动吧！
去做浏览直播间任务
任务领奖失败，京豆与你擦肩而过，看看其他活动吧！
任务领奖失败，京豆与你擦肩而过，马上进入精彩内容！


京东账号2蓝闺q
领奖完成，共计获得 0 京豆


🔔京东直播, 结束! 🕛 13.648 秒


## 执行结束... 2022-05-13 12:20:12 耗时 14 秒
