## 开始执行... 2022-05-08 12:16:38


🔔京东直播, 开始!

====================共2个京东账号Cookie=================

============脚本执行时间：2022/5/8 12:16:38=============

>>>>>>>>>>>>>>6Dylan6 提示：任务正常运行中>>>>>>>>>>>>>>>


******开始【京东账号1】Wang_Happy_*********

去做分享直播间任务
任务领奖成功，获得 1 京豆
去做浏览直播间任务
任务领奖成功，获得 1 京豆
任务领奖失败，京豆与你擦肩而过，马上进入精彩内容…


京东账号1Wang_Happy_
任务领奖成功，获得 1 京豆
任务领奖成功，获得 1 京豆
领奖完成，共计获得 2 京豆


******开始【京东账号2】蓝闺q*********

去做分享直播间任务
任务领奖成功，获得 1 京豆
去做浏览直播间任务
任务领奖成功，获得 1 京豆
任务领奖失败，京豆与你擦肩而过，马上进入精彩内容…


京东账号2蓝闺q
任务领奖成功，获得 1 京豆
任务领奖成功，获得 1 京豆
领奖完成，共计获得 2 京豆


🔔京东直播, 结束! 🕛 2.93 秒


## 执行结束... 2022-05-08 12:16:41 耗时 3 秒
