## 开始执行... 2022-05-12 12:21:50


🔔京东直播, 开始!

====================共2个京东账号Cookie=================

============脚本执行时间：2022/5/12 12:21:50=============

>>>>>>>>>>>>>>6Dylan6 提示：任务正常运行中>>>>>>>>>>>>>>>


******开始【京东账号1】Wang_Happy_*********

去做分享直播间任务
任务领奖失败，京豆与你擦肩而过
去做浏览直播间任务
任务领奖失败，京豆与你擦肩而过
任务领奖失败，京豆与你擦肩而过，马上进入精彩内容！


京东账号1Wang_Happy_
领奖完成，共计获得 0 京豆


******开始【京东账号2】蓝闺q*********

去做分享直播间任务
任务领奖失败，京豆与你擦肩而过
去做浏览直播间任务
任务领奖失败，京豆与你擦肩而过
任务领奖失败，京豆与你擦肩而过，马上进入精彩内容！


京东账号2蓝闺q
领奖完成，共计获得 0 京豆


🔔京东直播, 结束! 🕛 2.348 秒


## 执行结束... 2022-05-12 12:21:52 耗时 2 秒
