## 开始执行... 2022-05-11 06:46:52


🔔东东萌宠, 开始!
开始获取东东萌宠配置文件


====================共2个京东账号Cookie=================

============脚本执行时间：2022/5/11 06:46:52=============

>>>>>>>>>>>>>>6Dylan6 提示：任务正常运行中>>>>>>>>>>>>>>>

您的东东萌宠互助码选择的是用&隔开

共2个京东账号

您提供了1个账号的东东萌宠助力码


开始【京东账号1】Wang_Happy_

第1个京东账号将要助力的好友["MTE1NDY3NTMwMDAwMDAwNzkyNzU4OTE=","MTEyNzEzMjc0MDAwMDAwMDU2NDQ0NTA5","MTEyNzEzMjc0MDAwMDAwMDU5MzA4MDI5"]

【京东账号1（jd_56ac883b2ee02）的东东萌宠好友互助码】MTE1NDY3NTMwMDAwMDAwNzkyNzU4OTE=

开始任务初始化
开始遛弯
第1次遛狗完成: {"code":"0","resultCode":"0","message":"success","result":{"petSportStatus":2,"rewardName":"10g狗粮","foodReward":10,"rewardImage":"https://m.360buyimg.com/babel/jfs/t1/93013/7/15949/8468/5e7db3e6E7736d837/2e3a5bda881dce0b.png","energyReward":0}}
领取遛狗奖励完成: {"code":"0","resultCode":"0","message":"success","result":{"petSportStatus":3,"foodAmount":13}}
第2次遛狗完成: {"code":"0","resultCode":"0","message":"success","result":{"petSportStatus":2,"rewardName":"10g狗粮","foodReward":10,"rewardImage":"https://m.360buyimg.com/babel/jfs/t1/93013/7/15949/8468/5e7db3e6E7736d837/2e3a5bda881dce0b.png","energyReward":0}}
领取遛狗奖励完成: {"code":"0","resultCode":"0","message":"success","result":{"petSportStatus":3,"foodAmount":23}}
第3次遛狗完成: {"code":"0","resultCode":"0","message":"success","result":{"petSportStatus":2,"rewardName":"一只小熊","foodReward":0,"rewardImage":"https://m.360buyimg.com/babel/jfs/t1/118114/32/68/20561/5e86e020E4459ccd0/05df645f93ac4f9d.png","energyReward":0}}
领取遛狗奖励完成: {"code":"0","resultCode":"0","message":"success","result":{"petSportStatus":3,"foodAmount":23}}
第4次遛狗完成: {"code":"0","resultCode":"0","message":"success","result":{"petSportStatus":2,"rewardName":"一只爱唱歌的鸟","foodReward":0,"rewardImage":"https://m.360buyimg.com/babel/jfs/t1/85513/18/17679/15749/5e86dfbaE7d12ef75/945573cc9fb9a045.png","energyReward":0}}
领取遛狗奖励完成: {"code":"0","resultCode":"0","message":"success","result":{"petSportStatus":3,"foodAmount":23}}
第5次遛狗完成: {"code":"0","resultCode":"0","message":"success","result":{"petSportStatus":2,"rewardName":"一只被遗忘的球","foodReward":0,"rewardImage":"https://m.360buyimg.com/babel/jfs/t1/113654/22/86/12226/5e86dfd0E5fee8100/d2d637b67e3aba6c.png","energyReward":0}}
领取遛狗奖励完成: {"code":"0","resultCode":"0","message":"success","result":{"petSportStatus":3,"foodAmount":23}}
第6次遛狗完成: {"code":"0","resultCode":"0","message":"success","result":{"petSportStatus":2,"rewardName":"一只爱唱歌的鸟","foodReward":0,"rewardImage":"https://m.360buyimg.com/babel/jfs/t1/85513/18/17679/15749/5e86dfbaE7d12ef75/945573cc9fb9a045.png","energyReward":0}}
领取遛狗奖励完成: {"code":"0","resultCode":"0","message":"success","result":{"petSportStatus":3,"foodAmount":23}}
第7次遛狗完成: {"code":"0","resultCode":"0","message":"success","result":{"petSportStatus":2,"rewardName":"两块骨头","foodReward":0,"rewardImage":"https://m.360buyimg.com/babel/jfs/t1/92236/37/16497/15518/5e7db3f6E15c243f9/56fb583bdb0280c9.png","energyReward":0}}
领取遛狗奖励完成: {"code":"0","resultCode":"0","message":"success","result":{"petSportStatus":3,"foodAmount":23}}
第8次遛狗完成: {"code":"0","resultCode":"0","message":"success","result":{"petSportStatus":2,"rewardName":"一只爱唱歌的鸟","foodReward":0,"rewardImage":"https://m.360buyimg.com/babel/jfs/t1/85513/18/17679/15749/5e86dfbaE7d12ef75/945573cc9fb9a045.png","energyReward":0}}
领取遛狗奖励完成: {"code":"0","resultCode":"0","message":"success","result":{"petSportStatus":3,"foodAmount":23}}
第9次遛狗完成: {"code":"0","resultCode":"0","message":"success","result":{"petSportStatus":2,"rewardName":"一个有味道的东西","foodReward":0,"rewardImage":"https://m.360buyimg.com/babel/jfs/t1/111138/29/83/16957/5e86dffcE36c35d62/447f461cef5acaa9.png","energyReward":0}}
领取遛狗奖励完成: {"code":"0","resultCode":"0","message":"success","result":{"petSportStatus":3,"foodAmount":23}}
第10次遛狗完成: {"code":"0","resultCode":"0","message":"success","result":{"petSportStatus":2,"rewardName":"一个有味道的东西","foodReward":0,"rewardImage":"https://m.360buyimg.com/babel/jfs/t1/111138/29/83/16957/5e86dffcE36c35d62/447f461cef5acaa9.png","energyReward":0}}
领取遛狗奖励完成: {"code":"0","resultCode":"0","message":"success","result":{"petSportStatus":3,"foodAmount":23}}
第11次遛狗完成: {"code":"0","resultCode":"3001","message":"达到宠物运动次数上限"}
开始助力京东账号1 - Wang_Happy_的好友: MTE1NDY3NTMwMDAwMDAwNzkyNzU4OTE=
助力好友结果: 不能助力自己
开始助力京东账号1 - Wang_Happy_的好友: MTEyNzEzMjc0MDAwMDAwMDU2NDQ0NTA5
该好友liulaixiang已满5人助力，无需您再次助力
开始助力京东账号1 - Wang_Happy_的好友: MTEyNzEzMjc0MDAwMDAwMDU5MzA4MDI5
该好友jd_180518pti已满5人助力，无需您再次助力
助力好友未达到5个
准备每日签到
每日签到结果: {"code":"0","resultCode":"0","message":"success","result":{"couponImage":"","signReward":10,"foodAmount":33,"signDay":5}}
【每日签到成功】奖励10g狗粮

首次投食任务合并到10次喂食任务中

准备三餐签到
三餐签到结果: {"code":"0","resultCode":"0","message":"success","result":{"couponImage":"","foodAmount":36,"threeMealReward":3}}
【定时领狗粮】获得3g

开始做 去逛逛好货会场 任务， 浏览8秒，领取4g狗粮
【浏览指定店铺】获取4g

开始做 免费领保障金 任务， 浏览8秒，领取4g狗粮
开始做 5.9元封顶包邮 任务， 浏览8秒，领取4g狗粮
【浏览指定店铺】获取4g

开始做 食品生鲜特惠 任务， 浏览8秒，领取4g狗粮
【浏览指定店铺】获取4g

开始做 抢1元好药 任务， 浏览8秒，领取4g狗粮
【浏览指定店铺】获取4g

开始做 天天爆款，低至1元 任务， 浏览8秒，领取4g狗粮
【浏览指定店铺】获取4g

开始做 最高领888元红包 任务， 浏览8秒，领取4g狗粮
【浏览指定店铺】获取4g

开始做 哈吉斯第2件半价 任务， 浏览8秒，领取4g狗粮
投食任务开始...
还需要投食10次
本次投食结果: {"code":"0","resultCode":"0","message":"success","result":{"petSportStatus":3,"feedAmount":10,"petPlaceInfoList":[{"place":1,"updateSign":true,"energy":5},{"place":2,"energy":0},{"place":3,"energy":0},{"place":4,"energy":0},{"place":5,"energy":0}],"updatePlace":1,"foodAmount":54,"firstFeedReward":4,"feedReachReward":0,"showNeedCollectPop":false,"energyReward":5,"firstFeedFinishedPop":true,"feedReachFinishedPop":false,"showForceCollectPop":false}}
还需要投食9次
本次投食结果: {"code":"0","resultCode":"0","message":"success","result":{"petSportStatus":3,"feedAmount":10,"petPlaceInfoList":[{"place":1,"energy":5},{"place":2,"updateSign":true,"energy":5},{"place":3,"energy":0},{"place":4,"energy":0},{"place":5,"energy":0}],"updatePlace":2,"foodAmount":44,"firstFeedReward":0,"feedReachReward":0,"showNeedCollectPop":false,"energyReward":5,"firstFeedFinishedPop":false,"feedReachFinishedPop":false,"showForceCollectPop":false}}
还需要投食8次
本次投食结果: {"code":"0","resultCode":"0","message":"success","result":{"petSportStatus":3,"feedAmount":10,"petPlaceInfoList":[{"place":1,"energy":5},{"place":2,"energy":5},{"place":3,"updateSign":true,"energy":5},{"place":4,"energy":0},{"place":5,"energy":0}],"updatePlace":3,"foodAmount":34,"firstFeedReward":0,"feedReachReward":0,"showNeedCollectPop":false,"energyReward":5,"firstFeedFinishedPop":false,"feedReachFinishedPop":false,"showForceCollectPop":false}}
还需要投食7次
本次投食结果: {"code":"0","resultCode":"0","message":"success","result":{"petSportStatus":3,"feedAmount":10,"petPlaceInfoList":[{"place":1,"energy":5},{"place":2,"energy":5},{"place":3,"energy":5},{"place":4,"updateSign":true,"energy":6},{"place":5,"energy":0}],"updatePlace":4,"foodAmount":24,"firstFeedReward":0,"feedReachReward":0,"showNeedCollectPop":false,"energyReward":6,"firstFeedFinishedPop":false,"feedReachFinishedPop":false,"showForceCollectPop":false}}
还需要投食6次
本次投食结果: {"code":"0","resultCode":"0","message":"success","result":{"petSportStatus":3,"feedAmount":10,"petPlaceInfoList":[{"place":1,"energy":5},{"place":2,"energy":5},{"place":3,"energy":5},{"place":4,"energy":6},{"place":5,"updateSign":true,"energy":4}],"updatePlace":5,"foodAmount":14,"firstFeedReward":0,"feedReachReward":0,"showNeedCollectPop":false,"energyReward":4,"firstFeedFinishedPop":false,"feedReachFinishedPop":false,"showForceCollectPop":false}}
还需要投食5次
本次投食结果: {"code":"0","resultCode":"0","message":"success","result":{"petSportStatus":3,"feedAmount":10,"petPlaceInfoList":[{"place":1,"updateSign":true,"energy":9},{"place":2,"energy":5},{"place":3,"energy":5},{"place":4,"energy":6},{"place":5,"energy":4}],"updatePlace":1,"foodAmount":4,"firstFeedReward":0,"feedReachReward":0,"showNeedCollectPop":false,"energyReward":4,"firstFeedFinishedPop":false,"feedReachFinishedPop":false,"showForceCollectPop":false}}
还需要投食4次
本次投食结果: {"code":"0","resultCode":"3003","message":"狗粮剩余不足~"}
剩余狗粮不足, 投食结束
投食任务结束...

目前剩余狗粮：【4】g,不再继续投食,保留部分狗粮用于完成第二天任务
开始收取任务奖励好感度

==============📣系统通知📣==============
东东萌宠
3层抽纸巾30包
【京东账号1🆔】Wang_Happy_
【额外奖励】领取失败，原因：给您助力的人未达5个
【第3块勋章完成进度】39.5%，还需收集1329好感
【已获得勋章】2块，还需收集2块即可兑换奖品“3层抽纸巾30包”

全部任务完成, 如果帮助到您可以点下🌟STAR鼓励我一下, 明天见~

开始【京东账号2】蓝闺q

由于您第2个京东账号未提供shareCode,将采纳本脚本自带的助力码

第2个京东账号将要助力的好友["","MTEyNzEzMjc0MDAwMDAwMDU2NDQ0NTA5","MTEyNzEzMjc0MDAwMDAwMDU5MzA4MDI5"]
开始助力京东账号2 - 蓝闺q的好友: 
开始助力京东账号2 - 蓝闺q的好友: MTEyNzEzMjc0MDAwMDAwMDU2NDQ0NTA5
该好友liulaixiang已满5人助力，无需您再次助力
开始助力京东账号2 - 蓝闺q的好友: MTEyNzEzMjc0MDAwMDAwMDU5MzA4MDI5
该好友jd_180518pti已满5人助力，无需您再次助力
东东萌宠

【提示】京东账号2蓝闺q
萌宠活动未开启
请手动去京东APP开启活动
入口：我的->游戏与互动->查看更多开启
开始发送通知...
通知标题: 东东萌宠
成员ID:@all企业微信应用消息发送通知消息成功🎉。


🔔东东萌宠, 结束! 🕛 183.075 秒


## 执行结束... 2022-05-11 06:49:55 耗时 183 秒
