## 开始执行... 2022-05-10 18:48:47


🔔东东萌宠, 开始!
开始获取东东萌宠配置文件


====================共2个京东账号Cookie=================

============脚本执行时间：2022/5/10 18:48:47=============

>>>>>>>>>>>>>>6Dylan6 提示：任务正常运行中>>>>>>>>>>>>>>>

您的东东萌宠互助码选择的是用&隔开

共2个京东账号

您提供了1个账号的东东萌宠助力码


开始【京东账号1】Wang_Happy_

第1个京东账号将要助力的好友["MTE1NDY3NTMwMDAwMDAwNzkyNzU4OTE=","MTEyNzEzMjc0MDAwMDAwMDU2NDQ0NTA5","MTEyNzEzMjc0MDAwMDAwMDU5MzA4MDI5"]

【京东账号1（jd_56ac883b2ee02）的东东萌宠好友互助码】MTE1NDY3NTMwMDAwMDAwNzkyNzU4OTE=

开始任务初始化
开始遛弯
第1次遛狗完成: {"code":"0","resultCode":"3001","message":"达到宠物运动次数上限"}
开始助力京东账号1 - Wang_Happy_的好友: MTE1NDY3NTMwMDAwMDAwNzkyNzU4OTE=
助力好友结果: 不能助力自己
开始助力京东账号1 - Wang_Happy_的好友: MTEyNzEzMjc0MDAwMDAwMDU2NDQ0NTA5
该好友liulaixiang已满5人助力，无需您再次助力
开始助力京东账号1 - Wang_Happy_的好友: MTEyNzEzMjc0MDAwMDAwMDU5MzA4MDI5
该好友jd_180518pti已满5人助力，无需您再次助力
助力好友未达到5个
任务 signInit 已完成
任务 firstFeedInit 已完成
任务 browseSingleShopInit 已完成
任务 browseSingleShopInit1 已完成
任务 browseSingleShopInit2 已完成
任务 browseSingleShopInit3 已完成
任务 browseSingleShopInit4 已完成
任务 browseSingleShopInit5 已完成
任务 browseSingleShopInit6 已完成
任务 browseSingleShopInit7 已完成
准备三餐签到
三餐签到结果: {"code":"0","resultCode":"0","message":"success","result":{"couponImage":"","foodAmount":3,"threeMealReward":2}}
【定时领狗粮】获得2g

投食任务开始...
还需要投食3次
本次投食结果: {"code":"0","resultCode":"3003","message":"狗粮剩余不足~"}
剩余狗粮不足, 投食结束
投食任务结束...

目前剩余狗粮：【3】g,不再继续投食,保留部分狗粮用于完成第二天任务
开始收取任务奖励好感度

==============📣系统通知📣==============
东东萌宠
3层抽纸巾30包
【京东账号1🆔】Wang_Happy_
【额外奖励】领取失败，原因：给您助力的人未达5个
【第3块勋章完成进度】38.2%，还需收集1358好感
【已获得勋章】2块，还需收集2块即可兑换奖品“3层抽纸巾30包”

全部任务完成, 如果帮助到您可以点下🌟STAR鼓励我一下, 明天见~

开始【京东账号2】蓝闺q

由于您第2个京东账号未提供shareCode,将采纳本脚本自带的助力码

第2个京东账号将要助力的好友["","MTEyNzEzMjc0MDAwMDAwMDU2NDQ0NTA5","MTEyNzEzMjc0MDAwMDAwMDU5MzA4MDI5"]
开始助力京东账号2 - 蓝闺q的好友: 
开始助力京东账号2 - 蓝闺q的好友: MTEyNzEzMjc0MDAwMDAwMDU2NDQ0NTA5
该好友liulaixiang已满5人助力，无需您再次助力
开始助力京东账号2 - 蓝闺q的好友: MTEyNzEzMjc0MDAwMDAwMDU5MzA4MDI5
该好友jd_180518pti已满5人助力，无需您再次助力
东东萌宠

【提示】京东账号2蓝闺q
萌宠活动未开启
请手动去京东APP开启活动
入口：我的->游戏与互动->查看更多开启
开始发送通知...
通知标题: 东东萌宠
成员ID:@all企业微信应用消息发送通知消息成功🎉。


🔔东东萌宠, 结束! 🕛 56.071 秒


## 执行结束... 2022-05-10 18:49:43 耗时 56 秒
