## 开始执行... 2022-05-07 22:15:02


🔔东东工厂, 开始!

====================共2个京东账号Cookie=================

============脚本执行时间：2022/5/7 22:15:02=============

>>>>>>>>>>>>>>6Dylan6 提示：任务正常运行中>>>>>>>>>>>>>>>

开始获取东东工厂配置文件

由于您环境变量(DDFACTORY_SHARECODES)里面未提供助力码，故此处运行将会给脚本内置的码进行助力，请知晓！
共2个京东账号

您提供了0个账号的东东工厂助力码


******开始【京东账号1】Wang_Happy_*********

由于您第1个京东账号未提供shareCode,将采纳本脚本自带的助力码

开始
第1个京东账号将要助力的好友[""]
此京东账号1Wang_Happy_暂未选购商品
现在也能为您做任务和收集免费电力
成功收集5电量，当前蓄电池总电量：1022039


【京东账号1（jd_56ac883b2ee02）的东东工厂好友互助码】T0225KkcRRhIplzfI0j2waIKdgCjVWnYaS5kRrbA

每日开工打卡已完成
准备做此任务：好友助力
去京东首页点击“京东电器”已完成
关注店铺已做完
此任务：开通仙视品牌会员，跳过
每日10-13点巡厂 任务已错过时间
逛互动得电量已做完

此账号1Wang_Happy_暂未选择商品

BoxJs或环境变量暂未提供心仪商品
如需兑换心仪商品，请提供心仪商品名称

商品名称       可选状态    剩余量
能早餐机         已抢光      0

目前电量1022039,不满足兑换 九阳家用多功能早餐机所需的 5280000电量

京东账号1 Wang_Happy_
已选商品：暂无
心仪商品：暂无
当前剩余最多商品：九阳家用多功能早餐机
兑换所需电量：5280000
您当前总电量：1022039


******开始【京东账号2】jd_72476e50d1b0e*********

由于您第2个京东账号未提供shareCode,将采纳本脚本自带的助力码

开始
第2个京东账号将要助力的好友[""]
此京东账号2jd_72476e50d1b0e暂未选购商品
现在也能为您做任务和收集免费电力
成功收集4电量，当前蓄电池总电量：907751


【京东账号2（jd_72476e50d1b0e）的东东工厂好友互助码】T0225KkcRxwd8lKCJRqglaUKIQCjVWnYaS5kRrbA

每日开工打卡已完成
准备做此任务：好友助力
去京东首页点击“京东电器”已完成
关注店铺已做完
此任务：开通仙视品牌会员，跳过
每日10-13点巡厂 任务已错过时间
逛互动得电量已做完

此账号2jd_72476e50d1b0e暂未选择商品

BoxJs或环境变量暂未提供心仪商品
如需兑换心仪商品，请提供心仪商品名称

商品名称       可选状态    剩余量
能早餐机         已抢光      0

目前电量907751,不满足兑换 九阳家用多功能早餐机所需的 5280000电量

京东账号2 jd_72476e50d1b0e
已选商品：暂无
心仪商品：暂无
当前剩余最多商品：九阳家用多功能早餐机
兑换所需电量：5280000
您当前总电量：907751


🔔东东工厂, 结束! 🕛 4.24 秒


## 执行结束... 2022-05-07 22:15:15 耗时 13 秒
