## 开始执行... 2022-05-07 17:14:01


🔔东东工厂, 开始!

====================共2个京东账号Cookie=================

============脚本执行时间：2022/5/7 17:14:01=============

>>>>>>>>>>>>>>6Dylan6 提示：任务正常运行中>>>>>>>>>>>>>>>

开始获取东东工厂配置文件

由于您环境变量(DDFACTORY_SHARECODES)里面未提供助力码，故此处运行将会给脚本内置的码进行助力，请知晓！
共2个京东账号

您提供了0个账号的东东工厂助力码


******开始【京东账号1】jd_72476e50d1b0e*********


==============📣系统通知📣==============
东东工厂
【提示】cookie已失效
京东账号1 jd_72476e50d1b0e
请重新登录获取
https://bean.m.jd.com/bean/signIndex.action
成员ID:@all企业微信应用消息发送通知消息成功🎉。


******开始【京东账号2】jd_56ac883b2ee02*********


==============📣系统通知📣==============
东东工厂
【提示】cookie已失效
京东账号2 jd_56ac883b2ee02
请重新登录获取
https://bean.m.jd.com/bean/signIndex.action
成员ID:@all企业微信应用消息发送通知消息成功🎉。


🔔东东工厂, 结束! 🕛 1.891 秒


## 执行结束... 2022-05-07 17:14:03 耗时 2 秒
