## 开始执行... 2022-05-12 10:12:22


🔔东东工厂, 开始!

====================共2个京东账号Cookie=================

============脚本执行时间：2022/5/12 10:12:23=============

>>>>>>>>>>>>>>6Dylan6 提示：任务正常运行中>>>>>>>>>>>>>>>

开始获取东东工厂配置文件

您的互助码选择的是用&隔开

共2个京东账号

您提供了2个账号的东东工厂助力码


******开始【京东账号1】Wang_Happy_*********

开始
第1个京东账号将要助力的好友["T0225KkcRxwd8lKCJRqglaUKIQCjVWnYaS5kRrbA",""]
此京东账号1Wang_Happy_暂未选购商品
现在也能为您做任务和收集免费电力
{"code":0,"data":{"bizCode":-10,"bizMsg":"助力失败丨您今日已为好友助力过了，快来打造自己的商品吧","success":false},"msg":"调用成功"}
成功收集350电量，当前蓄电池总电量：1166748


【京东账号1（jd_56ac883b2ee02）的东东工厂好友互助码】T0225KkcRRhIplzfI0j2waIKdgCjVWnYaS5kRrbA

每日开工打卡已完成
准备做此任务：好友助力
去京东首页点击“京东电器”已完成
关注店铺已做完
此任务：开通仙视品牌会员，跳过
准备做此任务：每日10-13点巡厂
领取做完任务的奖励：{"acquiredScore":2500,"maxTimes":1,"score":"2500","taskId":8,"taskStatus":2,"taskType":10,"times":1,"userScore":1169248}
逛互动得电量已做完

此账号1Wang_Happy_暂未选择商品

BoxJs或环境变量暂未提供心仪商品
如需兑换心仪商品，请提供心仪商品名称

商品名称       可选状态    剩余量
能早餐机         已抢光      0

目前电量1166748,不满足兑换 九阳家用多功能早餐机所需的 5280000电量

京东账号1 Wang_Happy_
已选商品：暂无
心仪商品：暂无
当前剩余最多商品：九阳家用多功能早餐机
兑换所需电量：5280000
您当前总电量：1166748


******开始【京东账号2】蓝闺q*********

开始
第2个京东账号将要助力的好友["T0225KkcRRhIplzfI0j2waIKdgCjVWnYaS5kRrbA",""]
此京东账号2蓝闺q暂未选购商品
现在也能为您做任务和收集免费电力
{"code":0,"data":{"bizCode":-10,"bizMsg":"助力失败丨您今日已为好友助力过了，快来打造自己的商品吧","success":false},"msg":"调用成功"}
成功收集350电量，当前蓄电池总电量：1052461


【京东账号2（jd_72476e50d1b0e）的东东工厂好友互助码】T0225KkcRxwd8lKCJRqglaUKIQCjVWnYaS5kRrbA

每日开工打卡已完成
准备做此任务：好友助力
去京东首页点击“京东电器”已完成
关注店铺已做完
此任务：开通仙视品牌会员，跳过
准备做此任务：每日10-13点巡厂
领取做完任务的奖励：{"acquiredScore":2500,"maxTimes":1,"score":"2500","taskId":8,"taskStatus":2,"taskType":10,"times":1,"userScore":1054961}
逛互动得电量已做完

此账号2蓝闺q暂未选择商品

BoxJs或环境变量暂未提供心仪商品
如需兑换心仪商品，请提供心仪商品名称

商品名称       可选状态    剩余量
能早餐机         已抢光      0

目前电量1052461,不满足兑换 九阳家用多功能早餐机所需的 5280000电量

京东账号2 蓝闺q
已选商品：暂无
心仪商品：暂无
当前剩余最多商品：九阳家用多功能早餐机
兑换所需电量：5280000
您当前总电量：1052461


🔔东东工厂, 结束! 🕛 7.508 秒


## 执行结束... 2022-05-12 10:12:37 耗时 15 秒
