## 开始执行... 2022-05-13 12:13:49


🔔东东工厂, 开始!

====================共2个京东账号Cookie=================

============脚本执行时间：2022/5/13 12:13:49=============

>>>>>>>>>>>>>>6Dylan6 提示：任务正常运行中>>>>>>>>>>>>>>>

开始获取东东工厂配置文件

您的互助码选择的是用&隔开

共2个京东账号

您提供了2个账号的东东工厂助力码


******开始【京东账号1】jd_56ac883b2ee02*********

开始
第1个京东账号将要助力的好友["T0225KkcRxwd8lKCJRqglaUKIQCjVWnYaS5kRrbA",""]
此京东账号1jd_56ac883b2ee02暂未选购商品
现在也能为您做任务和收集免费电力
{"code":0,"data":{"bizCode":-10,"bizMsg":"助力失败丨您今日已为好友助力过了，快来打造自己的商品吧","success":false},"msg":"调用成功"}
成功收集362电量，当前蓄电池总电量：1201805


【京东账号1（jd_56ac883b2ee02）的东东工厂好友互助码】T0225KkcRRhIplzfI0j2waIKdgCjVWnYaS5kRrbA

每日开工打卡已完成
准备做此任务：好友助力
去京东首页点击“京东电器”已完成
关注店铺已做完
此任务：开通仙视品牌会员，跳过
每日10-13点巡厂已完成
去看看美的新品发布~已做完

此账号1jd_56ac883b2ee02暂未选择商品

BoxJs或环境变量暂未提供心仪商品
如需兑换心仪商品，请提供心仪商品名称

商品名称       可选状态    剩余量
能早餐机         已抢光      0

目前电量1201805,不满足兑换 九阳家用多功能早餐机所需的 5280000电量

京东账号1 jd_56ac883b2ee02
已选商品：暂无
心仪商品：暂无
当前剩余最多商品：九阳家用多功能早餐机
兑换所需电量：5280000
您当前总电量：1201805


==============📣系统通知📣==============
东东工厂
京东账号1 jd_56ac883b2ee02
已选商品：暂无
心仪商品：暂无
当前剩余最多商品：九阳家用多功能早餐机
兑换所需电量：5280000
您当前总电量：1201805


******开始【京东账号2】蓝闺q*********

开始
第2个京东账号将要助力的好友["T0225KkcRRhIplzfI0j2waIKdgCjVWnYaS5kRrbA"]
此京东账号2蓝闺q暂未选购商品
现在也能为您做任务和收集免费电力
{"code":0,"data":{"bizCode":-10,"bizMsg":"助力失败丨您今日已为好友助力过了，快来打造自己的商品吧","success":false},"msg":"调用成功"}
成功收集362电量，当前蓄电池总电量：1087517


【京东账号2（jd_72476e50d1b0e）的东东工厂好友互助码】T0225KkcRxwd8lKCJRqglaUKIQCjVWnYaS5kRrbA

每日开工打卡已完成
准备做此任务：好友助力
去京东首页点击“京东电器”已完成
关注店铺已做完
此任务：开通仙视品牌会员，跳过
每日10-13点巡厂已完成
去看看美的新品发布~已做完

此账号2蓝闺q暂未选择商品

BoxJs或环境变量暂未提供心仪商品
如需兑换心仪商品，请提供心仪商品名称

商品名称       可选状态    剩余量
能早餐机         已抢光      0

目前电量1087517,不满足兑换 九阳家用多功能早餐机所需的 5280000电量

京东账号2 蓝闺q
已选商品：暂无
心仪商品：暂无
当前剩余最多商品：九阳家用多功能早餐机
兑换所需电量：5280000
您当前总电量：1087517


==============📣系统通知📣==============
东东工厂
京东账号2 蓝闺q
已选商品：暂无
心仪商品：暂无
当前剩余最多商品：九阳家用多功能早餐机
兑换所需电量：5280000
您当前总电量：1087517


🔔东东工厂, 结束! 🕛 20.75 秒

"Timeout awaiting 'request' for 10000ms"
东东工厂 API请求失败，请检查网路重试

## 执行结束... 2022-05-13 12:14:31 耗时 42 秒
