## 开始执行... 2022-05-15 06:16:13


🔔金融养猪, 开始!

====================共2个京东账号Cookie=================

============脚本执行时间：2022/5/15 06:16:14=============

>>>>>>>>>>>>>>6Dylan6 提示：任务正常运行中>>>>>>>>>>>>>>>


【原作者：LXK大佬】
加：邀请新用户，大转盘助力，抢粮食
修改：优化日志输出，自动喂食

默认不抢粮食（成功机率小），需要的请添加变量JD_PIGPET_PK，值填true
Todo：领取成就奖励

"getaddrinfo EAI_AGAIN wq.jd.com"
金融养猪 API请求失败，请检查网路重试

开始【京东账号1】jd_56ac883b2ee02

"getaddrinfo EAI_AGAIN ms.jr.jd.com"
金融养猪 API请求失败，请检查网路重试
"getaddrinfo EAI_AGAIN wq.jd.com"
金融养猪 API请求失败，请检查网路重试

开始【京东账号2】jd_72476e50d1b0e

"getaddrinfo EAI_AGAIN ms.jr.jd.com"
金融养猪 API请求失败，请检查网路重试

======开始大转盘助力======


🔔金融养猪, 结束! 🕛 20.4 秒


## 执行结束... 2022-05-15 06:16:44 耗时 31 秒
