## 开始执行... 2022-05-09 22:16:20


🔔金榜创造营, 开始!

====================共2个京东账号Cookie=================

============脚本执行时间：2022/5/9 22:16:21=============

>>>>>>>>>>>>>>6Dylan6 提示：任务正常运行中>>>>>>>>>>>>>>>


******开始【京东账号1】jd_56ac883b2ee02*********

共有5个主题
已投票4主题


开始给【健康无盲区】主题下的商品进行投票
当前剩余投票次数：1
给 【金典A2β-酪蛋白有机纯牛奶】 商品投票
成功，获得 0京豆


******开始【京东账号2】jd_72476e50d1b0e*********

共有5个主题
已投票4主题


开始给【沉浸式悦己】主题下的商品进行投票
当前剩余投票次数：1
给 【海信 游戏电视 】 商品投票
成功，获得 0京豆


🔔金榜创造营, 结束! 🕛 6.207 秒


## 执行结束... 2022-05-09 22:16:27 耗时 7 秒
