## 开始执行... 2022-05-11 01:16:43


🔔金榜创造营, 开始!

====================共2个京东账号Cookie=================

============脚本执行时间：2022/5/11 01:16:44=============

>>>>>>>>>>>>>>6Dylan6 提示：任务正常运行中>>>>>>>>>>>>>>>


******开始【京东账号1】jd_56ac883b2ee02*********

共有5个主题

做额外任务：金榜创造营-逛商品
成功，获得 0京豆


做额外任务：金榜创造营-关注店铺
成功，获得 0京豆


做额外任务：金榜创造营-关注店铺2
成功，获得 0京豆


做额外任务：金榜创造营-逛会场
成功，获得 0京豆


做额外任务：金榜创造营-逛会场2
成功，获得 0京豆

成功，获得 0京豆

已投票0主题


开始给【舒适品质派】主题下的商品进行投票
当前剩余投票次数：5
给 【海尔 卧室挂式空调挂机】 商品投票
失败：{"isSuccess":true,"code":"-3","msg":"调用频率太快"}


开始给【智美生活家】主题下的商品进行投票
当前剩余投票次数：5
给 【科沃斯 自清洁免洗拖布拖地机】 商品投票
成功，获得 0京豆


开始给【3D立体精致】主题下的商品进行投票
当前剩余投票次数：4
给 【欧莱雅 金致臻颜滋润面霜】 商品投票
成功，获得 0京豆


开始给【健康无盲区】主题下的商品进行投票
当前剩余投票次数：3
给 【雀巢 儿童配方奶粉 】 商品投票
成功，获得 0京豆


开始给【沉浸式悦己】主题下的商品进行投票
当前剩余投票次数：2
给 【添可 智能料理机食万】 商品投票
成功，获得 0京豆


******开始【京东账号2】jd_72476e50d1b0e*********

共有5个主题

做额外任务：金榜创造营-逛商品
成功，获得 0京豆


做额外任务：金榜创造营-关注店铺
成功，获得 0京豆


做额外任务：金榜创造营-关注店铺2
成功，获得 0京豆


做额外任务：金榜创造营-逛会场
成功，获得 0京豆


做额外任务：金榜创造营-逛会场2
成功，获得 0京豆

成功，获得 0京豆

已投票0主题


开始给【舒适品质派】主题下的商品进行投票
当前剩余投票次数：5
给 【戴尔 笔记本电脑】 商品投票
失败：{"isSuccess":true,"code":"-3","msg":"调用频率太快"}


开始给【健康无盲区】主题下的商品进行投票
当前剩余投票次数：5
给 【帮宝适 一级帮纸尿裤】 商品投票
成功，获得 0京豆


开始给【沉浸式悦己】主题下的商品进行投票
当前剩余投票次数：4
给 【长虹游戏大师Ⅰ代 65D6P PLUS 】 商品投票
成功，获得 0京豆


开始给【3D立体精致】主题下的商品进行投票
当前剩余投票次数：3
给 【欧莱雅 男士补水控油护肤套装】 商品投票
成功，获得 0京豆


开始给【智美生活家】主题下的商品进行投票
当前剩余投票次数：2
给 【美菱冰箱BCD-411WPU9CT】 商品投票
成功，获得 0京豆


🔔金榜创造营, 结束! 🕛 51.214 秒


## 执行结束... 2022-05-11 01:17:35 耗时 52 秒
