## 开始执行... 2022-05-08 01:13:56


🔔金榜创造营, 开始!

====================共2个京东账号Cookie=================

============脚本执行时间：2022/5/8 01:13:56=============

>>>>>>>>>>>>>>6Dylan6 提示：任务正常运行中>>>>>>>>>>>>>>>


******开始【京东账号1】jd_56ac883b2ee02*********

共有5个主题

做额外任务：金榜创造营-逛商品
成功，获得 1京豆


做额外任务：金榜创造营-逛商品2
成功，获得 1京豆


做额外任务：金榜创造营-关注店铺
成功，获得 0京豆


做额外任务：金榜创造营-关注店铺2
成功，获得 0京豆


做额外任务：金榜创造营-逛会场
成功，获得 0京豆


做额外任务：金榜创造营-逛会场2
成功，获得 0京豆

成功，获得 1京豆

已投票0主题


开始给【舒适品质派】主题下的商品进行投票
当前剩余投票次数：5
给 【一加 9RT 高刷好屏】 商品投票
失败：{"isSuccess":true,"code":"-3","msg":"调用频率太快"}


开始给【智美生活家】主题下的商品进行投票
当前剩余投票次数：5
给 【施耐德 开关插座】 商品投票
成功，获得 1京豆


开始给【健康无盲区】主题下的商品进行投票
当前剩余投票次数：4
给 【帮宝适 一级帮纸尿裤】 商品投票
成功，获得 0京豆


开始给【沉浸式悦己】主题下的商品进行投票
当前剩余投票次数：3
给 【小米电视 Redmi A75 】 商品投票
成功，获得 0京豆


开始给【3D立体精致】主题下的商品进行投票
当前剩余投票次数：2
给 【欧莱雅 男士补水控油护肤套装】 商品投票
成功，获得 1京豆


==============📣系统通知📣==============
金榜创造营
【京东账号1】jd_56ac883b2ee02
本次运行获得5京豆

******开始【京东账号2】jd_72476e50d1b0e*********

共有5个主题

做额外任务：金榜创造营-逛商品
成功，获得 1京豆


做额外任务：金榜创造营-逛商品2
成功，获得 1京豆


做额外任务：金榜创造营-关注店铺
成功，获得 0京豆


做额外任务：金榜创造营-关注店铺2
成功，获得 0京豆


做额外任务：金榜创造营-逛会场
成功，获得 0京豆


做额外任务：金榜创造营-逛会场2
成功，获得 0京豆

成功，获得 1京豆

已投票0主题


开始给【智美生活家】主题下的商品进行投票
当前剩余投票次数：5
给 【美菱冰箱BCD-411WPU9CT】 商品投票
失败：{"isSuccess":true,"code":"-3","msg":"调用频率太快"}


开始给【舒适品质派】主题下的商品进行投票
当前剩余投票次数：5
给 【海尔 卧室挂式空调挂机】 商品投票
成功，获得 1京豆


开始给【沉浸式悦己】主题下的商品进行投票
当前剩余投票次数：4
给 【小米电视 Redmi A75 】 商品投票
成功，获得 0京豆


开始给【健康无盲区】主题下的商品进行投票
当前剩余投票次数：3
给 【安慕希 丹东草莓奶昔风味酸奶】 商品投票
成功，获得 1京豆


开始给【3D立体精致】主题下的商品进行投票
当前剩余投票次数：2
给 【资生堂 男士护肤品套装】 商品投票
成功，获得 0京豆


==============📣系统通知📣==============
金榜创造营
【京东账号2】jd_72476e50d1b0e
本次运行获得5京豆

🔔金榜创造营, 结束! 🕛 59.294 秒


## 执行结束... 2022-05-08 01:14:55 耗时 59 秒
