## т╝ђтДІТЅДУАї... 2022-05-07 21:30:00


­ЪћћтЇіуѓ╣С║гУ▒єжЏе, т╝ђтДІ!
ТѓеуџёcookieжђЅТІЕуџёТў»уће&жџћт╝ђ


====================тЁ▒ТюЅ2СИфС║гСИюУ┤дтЈиCookie=========

==================УёџТюгТЅДУАї- тїЌС║гТЌХжЌ┤(UTC+8)№╝џ2022/5/7 21:30:01=====================

т░ЮУ»ЋСй┐ућеж╗ўУ«цУ┐юуеІurl

ућўжю▓Т«┐сђљhttps://t.me/jdredrainсђЉТЈљжєњСйа:ТГБтюеУ┐юуеІУјитЈќ21уѓ╣30тѕєС║гУ▒єжЏеID


RRA: "4"СИЇугдтљѕУДётѕЎ


RRA: "0"СИЇугдтљѕУДётѕЎ


RRA: "4"СИЇугдтљѕУДётѕЎ


RRA: ":"СИЇугдтљѕУДётѕЎ


RRA: " "СИЇугдтљѕУДётѕЎ


RRA: "N"СИЇугдтљѕУДётѕЎ


RRA: "o"СИЇугдтљѕУДётѕЎ


RRA: "t"СИЇугдтљѕУДётѕЎ


RRA: " "СИЇугдтљѕУДётѕЎ


RRA: "F"СИЇугдтљѕУДётѕЎ


RRA: "o"СИЇугдтљѕУДётѕЎ


RRA: "u"СИЇугдтљѕУДётѕЎ


RRA: "n"СИЇугдтљѕУДётѕЎ


RRA: "d"СИЇугдтљѕУДётѕЎ


­ЪћћтЇіуѓ╣С║гУ▒єжЏе, у╗ЊТЮЪ! ­ЪЋЏ 1.711 уДњ


## ТЅДУАїу╗ЊТЮЪ... 2022-05-07 21:30:12 УђЌТЌХ 12 уДњ
