## 开始执行... 2022-05-09 10:39:02


🔔京东摇钱树助力, 开始!

====================共2个京东账号Cookie=================

============脚本执行时间：2022/5/9 10:39:03=============

>>>>>>>>>>>>>>6Dylan6 提示：任务正常运行中>>>>>>>>>>>>>>>

开始获取京东摇钱树助力配置文件

共2个京东账号

您提供了0个账号的京东摇钱树助力助力码


****开始获取摇钱树互助码****


****开始【京东账号1】Wang_Happy_****

第1个京东账号未提供shareCode

第1个京东账号将要助力的好友[""]
去助力
成功
京东账号1jd_56ac883b2ee02运行失败
此账号未实名认证或者未参与过此活动
①如未参与活动,请先去京东app参加摇钱树活动
入口：我的->游戏与互动->查看更多
②如未实名认证,请进行实名认证

****开始【京东账号2】蓝闺q****

第2个京东账号未提供shareCode

第2个京东账号将要助力的好友[""]
去助力

🔔京东摇钱树助力, 结束! 🕛 8.443 秒


## 执行结束... 2022-05-09 10:39:11 耗时 9 秒
