## 开始执行... 2022-05-12 14:17:51


🔔京东极速版, 开始!

====================共2个京东账号Cookie=================

============脚本执行时间：2022/5/12 14:17:51=============

>>>>>>>>>>>>>>6Dylan6 提示：任务正常运行中>>>>>>>>>>>>>>>


******开始【京东账号1】Wang_Happy_*********

【幸运大转盘】剩余抽奖机会：0
【幸运大转盘】剩余抽奖机会：0
【1/45】浏览商品任务记录成功，等待5秒
逛商品赚金币任务完成，获得46金币
【2/45】浏览商品任务记录成功，等待5秒
逛商品赚金币任务完成，获得38金币
【3/45】浏览商品任务记录成功，等待5秒
逛商品赚金币任务完成，获得46金币
【4/45】浏览商品任务记录成功，等待5秒
逛商品赚金币任务完成，获得38金币
【5/45】浏览商品任务记录成功，等待5秒
逛商品赚金币任务完成，获得72金币
【6/45】浏览商品任务记录成功，等待5秒
逛商品赚金币任务完成，获得34金币
【7/45】浏览商品任务记录成功，等待5秒
逛商品赚金币任务完成，获得49金币
【8/45】浏览商品任务记录成功，等待5秒
逛商品赚金币任务完成，获得35金币
【9/45】浏览商品任务记录成功，等待5秒
逛商品赚金币任务完成，获得49金币
【10/45】浏览商品任务记录成功，等待5秒
逛商品赚金币任务完成，获得65金币
【11/45】浏览商品任务记录成功，等待5秒
逛商品赚金币任务完成，获得49金币
【12/45】浏览商品任务记录成功，等待5秒
逛商品赚金币任务完成，获得35金币
【13/45】浏览商品任务记录成功，等待5秒
逛商品赚金币任务完成，获得37金币
【14/45】浏览商品任务记录成功，等待5秒
逛商品赚金币任务完成，获得27金币
【15/45】浏览商品任务记录成功，等待5秒
逛商品赚金币任务完成，获得71金币
【16/45】浏览商品任务记录成功，等待5秒
逛商品赚金币任务完成，获得27金币
【17/45】浏览商品任务记录成功，等待5秒
逛商品赚金币任务完成，获得36金币
【18/45】浏览商品任务记录成功，等待5秒
逛商品赚金币任务完成，获得28金币
【19/45】浏览商品任务记录成功，等待5秒
逛商品赚金币任务完成，获得36金币
【20/45】浏览商品任务记录成功，等待5秒
逛商品赚金币任务完成，获得64金币
【21/45】浏览商品任务记录成功，等待5秒
逛商品赚金币任务完成，获得35金币
【22/45】浏览商品任务记录成功，等待5秒
逛商品赚金币任务完成，获得29金币
【23/45】浏览商品任务记录成功，等待5秒
逛商品赚金币任务完成，获得35金币
【24/45】浏览商品任务记录成功，等待5秒
逛商品赚金币任务完成，获得29金币
【25/45】浏览商品任务记录成功，等待5秒
逛商品赚金币任务完成，获得79金币
【26/45】浏览商品任务记录成功，等待5秒
逛商品赚金币任务完成，获得19金币
【27/45】浏览商品任务记录成功，等待5秒
逛商品赚金币任务完成，获得24金币
【28/45】浏览商品任务记录成功，等待5秒
逛商品赚金币任务完成，获得18金币
【29/45】浏览商品任务记录成功，等待5秒
逛商品赚金币任务完成，获得23金币
【30/45】浏览商品任务记录成功，等待5秒
逛商品赚金币任务完成，获得64金币
【31/45】浏览商品任务记录成功，等待5秒
逛商品赚金币任务完成，获得23金币
【32/45】浏览商品任务记录成功，等待5秒
逛商品赚金币任务完成，获得19金币
【33/45】浏览商品任务记录成功，等待5秒
逛商品赚金币任务完成，获得24金币
【34/45】浏览商品任务记录成功，等待5秒
逛商品赚金币任务完成，获得18金币
【35/45】浏览商品任务记录成功，等待5秒
逛商品赚金币任务完成，获得60金币
【36/45】浏览商品任务记录成功，等待5秒
逛商品赚金币任务完成，获得9金币
【37/45】浏览商品任务记录成功，等待5秒
逛商品赚金币任务完成，获得11金币
【38/45】浏览商品任务记录成功，等待5秒
逛商品赚金币任务完成，获得9金币
【39/45】浏览商品任务记录成功，等待5秒
逛商品赚金币任务完成，获得11金币
【40/45】浏览商品任务记录成功，等待5秒
逛商品赚金币任务完成，获得74金币
【41/45】浏览商品任务记录成功，等待5秒
逛商品赚金币任务完成，获得11金币
【42/45】浏览商品任务记录成功，等待5秒
逛商品赚金币任务完成，获得9金币
【43/45】浏览商品任务记录成功，等待5秒
逛商品赚金币任务完成，获得11金币
【44/45】浏览商品任务记录成功，等待5秒
逛商品赚金币任务完成，获得9金币
【45/45】浏览商品任务记录成功，等待5秒
逛商品赚金币任务完成，获得67金币
逛商品赚金币任务开启失败，任务已达上限
【1/8】浏览商品任务记录成功，等待10秒
逛活动赚金币任务完成，获得50金币
【2/8】浏览商品任务记录成功，等待10秒
逛活动赚金币任务完成，获得100金币
【3/8】浏览商品任务记录成功，等待10秒
逛活动赚金币任务完成，获得50金币
【4/8】浏览商品任务记录成功，等待10秒
逛活动赚金币任务完成，获得100金币
【5/8】浏览商品任务记录成功，等待10秒
逛活动赚金币任务完成，获得50金币
【6/8】浏览商品任务记录成功，等待10秒
逛活动赚金币任务完成，获得100金币
【7/8】浏览商品任务记录成功，等待10秒
逛活动赚金币任务完成，获得50金币
【8/8】浏览商品任务记录成功，等待10秒
逛活动赚金币任务完成，获得100金币
逛活动赚金币任务开启失败，任务已达上限
【1/50】浏览商品任务记录成功，等待15秒
看视频赚金币任务完成，获得20金币
【2/50】浏览商品任务记录成功，等待15秒
看视频赚金币任务完成，获得20金币
【3/50】浏览商品任务记录成功，等待15秒
看视频赚金币任务完成，获得20金币
【4/50】浏览商品任务记录成功，等待15秒
看视频赚金币任务完成，获得20金币
【5/50】浏览商品任务记录成功，等待15秒
看视频赚金币任务完成，获得50金币
【6/50】浏览商品任务记录成功，等待15秒
看视频赚金币任务完成，获得20金币
【7/50】浏览商品任务记录成功，等待15秒
看视频赚金币任务完成，获得20金币
【8/50】浏览商品任务记录成功，等待15秒
看视频赚金币任务完成，获得20金币
【9/50】浏览商品任务记录成功，等待15秒
看视频赚金币任务完成，获得20金币
【10/50】浏览商品任务记录成功，等待15秒
看视频赚金币任务完成，获得50金币
【11/50】浏览商品任务记录成功，等待15秒
看视频赚金币任务完成，获得20金币
【12/50】浏览商品任务记录成功，等待15秒
看视频赚金币任务完成，获得20金币
【13/50】浏览商品任务记录成功，等待15秒
看视频赚金币任务完成，获得20金币
【14/50】浏览商品任务记录成功，等待15秒
看视频赚金币任务完成，获得20金币
【15/50】浏览商品任务记录成功，等待15秒
看视频赚金币任务完成，获得50金币
【16/50】浏览商品任务记录成功，等待15秒
看视频赚金币任务完成，获得20金币
【17/50】浏览商品任务记录成功，等待15秒
看视频赚金币任务完成，获得20金币
【18/50】浏览商品任务记录成功，等待15秒
看视频赚金币任务完成，获得20金币
【19/50】浏览商品任务记录成功，等待15秒
看视频赚金币任务完成，获得20金币
【20/50】浏览商品任务记录成功，等待15秒
看视频赚金币任务完成，获得50金币
【21/50】浏览商品任务记录成功，等待18秒
看视频赚金币任务完成，获得15金币
【22/50】浏览商品任务记录成功，等待18秒
看视频赚金币任务完成，获得15金币
【23/50】浏览商品任务记录成功，等待18秒
看视频赚金币任务完成，获得15金币
【24/50】浏览商品任务记录成功，等待18秒
看视频赚金币任务完成，获得15金币
【25/50】浏览商品任务记录成功，等待18秒
看视频赚金币任务完成，获得40金币
【26/50】浏览商品任务记录成功，等待18秒
看视频赚金币任务完成，获得15金币
【27/50】浏览商品任务记录成功，等待18秒
看视频赚金币任务完成，获得15金币
【28/50】浏览商品任务记录成功，等待18秒
看视频赚金币任务完成，获得15金币
【29/50】浏览商品任务记录成功，等待18秒
看视频赚金币任务完成，获得15金币
【30/50】浏览商品任务记录成功，等待18秒
看视频赚金币任务完成，获得40金币
【31/50】浏览商品任务记录成功，等待18秒
看视频赚金币任务完成，获得15金币
【32/50】浏览商品任务记录成功，等待18秒
看视频赚金币任务完成，获得15金币
【33/50】浏览商品任务记录成功，等待18秒
看视频赚金币任务完成，获得15金币
【34/50】浏览商品任务记录成功，等待18秒
看视频赚金币任务完成，获得15金币
【35/50】浏览商品任务记录成功，等待18秒
看视频赚金币任务完成，获得40金币
【36/50】浏览商品任务记录成功，等待20秒
看视频赚金币任务完成，获得10金币
【37/50】浏览商品任务记录成功，等待20秒
看视频赚金币任务完成，获得10金币
【38/50】浏览商品任务记录成功，等待20秒
看视频赚金币任务完成，获得10金币
【39/50】浏览商品任务记录成功，等待20秒
看视频赚金币任务完成，获得10金币
【40/50】浏览商品任务记录成功，等待20秒
看视频赚金币任务完成，获得30金币
【41/50】浏览商品任务记录成功，等待20秒
看视频赚金币任务完成，获得10金币
【42/50】浏览商品任务记录成功，等待20秒
看视频赚金币任务完成，获得10金币
【43/50】浏览商品任务记录成功，等待20秒
看视频赚金币任务完成，获得10金币
【44/50】浏览商品任务记录成功，等待20秒
看视频赚金币任务完成，获得10金币
【45/50】浏览商品任务记录成功，等待20秒
看视频赚金币任务完成，获得30金币
【46/50】浏览商品任务记录成功，等待30秒
看视频赚金币任务完成，获得5金币
【47/50】浏览商品任务记录成功，等待30秒
看视频赚金币任务完成，获得5金币
【48/50】浏览商品任务记录成功，等待30秒
看视频赚金币任务完成，获得5金币
【49/50】浏览商品任务记录成功，等待30秒
看视频赚金币任务完成，获得5金币
【50/50】浏览商品任务记录成功，等待30秒
看视频赚金币任务完成，获得20金币
看视频赚金币任务已达上限
邀好友赚金币已完成
东东爱消除已完成
邀好友送现金已完成
发财挖宝已完成
签到领现金已完成
汪汪乐园已完成
投胎模拟器已完成
购券抽大奖已完成
签到免单已完成
幸运大转盘已完成
推推赚大钱已完成
水果免费领已完成
汪汪赛跑已完成
天天抽奖已完成
砍价免费拿已完成
好物随心逛已完成

==============📣系统通知📣==============
京东极速版
京东账号1Wang_Happy_
本次运行获得3202金币，共计65196金币
可兑换 6.52 元京东红包
兑换入口：京东极速版->我的->金币

******开始【京东账号2】蓝闺q*********

【幸运大转盘】剩余抽奖机会：0
【幸运大转盘】剩余抽奖机会：0
【1/45】浏览商品任务记录成功，等待5秒
逛商品赚金币任务完成，获得46金币
【2/45】浏览商品任务记录成功，等待5秒
逛商品赚金币任务完成，获得38金币
【3/45】浏览商品任务记录成功，等待5秒
逛商品赚金币任务完成，获得46金币
【4/45】浏览商品任务记录成功，等待5秒
逛商品赚金币任务完成，获得38金币
【5/45】浏览商品任务记录成功，等待5秒
逛商品赚金币任务完成，获得76金币
【6/45】浏览商品任务记录成功，等待5秒
逛商品赚金币任务完成，获得34金币
【7/45】浏览商品任务记录成功，等待5秒
逛商品赚金币任务完成，获得49金币
【8/45】浏览商品任务记录成功，等待5秒
逛商品赚金币任务完成，获得35金币
【9/45】浏览商品任务记录成功，等待5秒
逛商品赚金币任务完成，获得49金币
【10/45】浏览商品任务记录成功，等待5秒
逛商品赚金币任务完成，获得76金币
【11/45】浏览商品任务记录成功，等待5秒
逛商品赚金币任务完成，获得49金币
【12/45】浏览商品任务记录成功，等待5秒
逛商品赚金币任务完成，获得35金币
【13/45】浏览商品任务记录成功，等待5秒
逛商品赚金币任务完成，获得37金币
【14/45】浏览商品任务记录成功，等待5秒
逛商品赚金币任务完成，获得27金币
【15/45】浏览商品任务记录成功，等待5秒
逛商品赚金币任务完成，获得67金币
【16/45】浏览商品任务记录成功，等待5秒
逛商品赚金币任务完成，获得27金币
【17/45】浏览商品任务记录成功，等待5秒
逛商品赚金币任务完成，获得36金币
【18/45】浏览商品任务记录成功，等待5秒
逛商品赚金币任务完成，获得28金币
【19/45】浏览商品任务记录成功，等待5秒
逛商品赚金币任务完成，获得36金币
【20/45】浏览商品任务记录成功，等待5秒
逛商品赚金币任务完成，获得72金币
【21/45】浏览商品任务记录成功，等待5秒
逛商品赚金币任务完成，获得35金币
【22/45】浏览商品任务记录成功，等待5秒
逛商品赚金币任务完成，获得29金币
【23/45】浏览商品任务记录成功，等待5秒
逛商品赚金币任务完成，获得35金币
【24/45】浏览商品任务记录成功，等待5秒
逛商品赚金币任务完成，获得29金币
【25/45】浏览商品任务记录成功，等待5秒
逛商品赚金币任务完成，获得71金币
【26/45】浏览商品任务记录成功，等待5秒
逛商品赚金币任务完成，获得19金币
【27/45】浏览商品任务记录成功，等待5秒
逛商品赚金币任务完成，获得24金币
【28/45】浏览商品任务记录成功，等待5秒
逛商品赚金币任务完成，获得18金币
【29/45】浏览商品任务记录成功，等待5秒
逛商品赚金币任务完成，获得23金币
【30/45】浏览商品任务记录成功，等待5秒
逛商品赚金币任务完成，获得68金币
【31/45】浏览商品任务记录成功，等待5秒
逛商品赚金币任务完成，获得23金币
【32/45】浏览商品任务记录成功，等待5秒
逛商品赚金币任务完成，获得19金币
【33/45】浏览商品任务记录成功，等待5秒
逛商品赚金币任务完成，获得24金币
【34/45】浏览商品任务记录成功，等待5秒
逛商品赚金币任务完成，获得18金币
【35/45】浏览商品任务记录成功，等待5秒
逛商品赚金币任务完成，获得65金币
【36/45】浏览商品任务记录成功，等待5秒
逛商品赚金币任务完成，获得9金币
【37/45】浏览商品任务记录成功，等待5秒
逛商品赚金币任务完成，获得11金币
【38/45】浏览商品任务记录成功，等待5秒
逛商品赚金币任务完成，获得9金币
【39/45】浏览商品任务记录成功，等待5秒
逛商品赚金币任务完成，获得11金币
【40/45】浏览商品任务记录成功，等待5秒
逛商品赚金币任务完成，获得69金币
【41/45】浏览商品任务记录成功，等待5秒
逛商品赚金币任务完成，获得11金币
【42/45】浏览商品任务记录成功，等待5秒
逛商品赚金币任务完成，获得9金币
【43/45】浏览商品任务记录成功，等待5秒
逛商品赚金币任务完成，获得11金币
【44/45】浏览商品任务记录成功，等待5秒
逛商品赚金币任务完成，获得9金币
【45/45】浏览商品任务记录成功，等待5秒
逛商品赚金币任务完成，获得68金币
逛商品赚金币任务开启失败，任务已达上限
【1/8】浏览商品任务记录成功，等待10秒
逛活动赚金币任务完成，获得50金币
【2/8】浏览商品任务记录成功，等待10秒
逛活动赚金币任务完成，获得100金币
【3/8】浏览商品任务记录成功，等待10秒
逛活动赚金币任务完成，获得50金币
【4/8】浏览商品任务记录成功，等待10秒
逛活动赚金币任务完成，获得100金币
【5/8】浏览商品任务记录成功，等待10秒
逛活动赚金币任务完成，获得50金币
【6/8】浏览商品任务记录成功，等待10秒
逛活动赚金币任务完成，获得100金币
【7/8】浏览商品任务记录成功，等待10秒
逛活动赚金币任务完成，获得50金币
【8/8】浏览商品任务记录成功，等待10秒
逛活动赚金币任务完成，获得100金币
逛活动赚金币任务开启失败，任务已达上限
【1/50】浏览商品任务记录成功，等待15秒
看视频赚金币任务完成，获得20金币
【2/50】浏览商品任务记录成功，等待15秒
看视频赚金币任务完成，获得20金币
【3/50】浏览商品任务记录成功，等待15秒
看视频赚金币任务完成，获得20金币
【4/50】浏览商品任务记录成功，等待15秒
看视频赚金币任务完成，获得20金币
【5/50】浏览商品任务记录成功，等待15秒
看视频赚金币任务完成，获得50金币
【6/50】浏览商品任务记录成功，等待15秒
看视频赚金币任务完成，获得20金币
【7/50】浏览商品任务记录成功，等待15秒
看视频赚金币任务完成，获得20金币
【8/50】浏览商品任务记录成功，等待15秒
看视频赚金币任务完成，获得20金币
【9/50】浏览商品任务记录成功，等待15秒
看视频赚金币任务完成，获得20金币
【10/50】浏览商品任务记录成功，等待15秒
看视频赚金币任务完成，获得50金币
【11/50】浏览商品任务记录成功，等待15秒
看视频赚金币任务完成，获得20金币
【12/50】浏览商品任务记录成功，等待15秒
看视频赚金币任务完成，获得20金币
【13/50】浏览商品任务记录成功，等待15秒
看视频赚金币任务完成，获得20金币
【14/50】浏览商品任务记录成功，等待15秒
看视频赚金币任务完成，获得20金币
【15/50】浏览商品任务记录成功，等待15秒
看视频赚金币任务完成，获得50金币
【16/50】浏览商品任务记录成功，等待15秒
看视频赚金币任务完成，获得20金币
【17/50】浏览商品任务记录成功，等待15秒
看视频赚金币任务完成，获得20金币
【18/50】浏览商品任务记录成功，等待15秒
看视频赚金币任务完成，获得20金币
【19/50】浏览商品任务记录成功，等待15秒
看视频赚金币任务完成，获得20金币
【20/50】浏览商品任务记录成功，等待15秒
看视频赚金币任务完成，获得50金币
【21/50】浏览商品任务记录成功，等待18秒
看视频赚金币任务完成，获得15金币
【22/50】浏览商品任务记录成功，等待18秒
看视频赚金币任务完成，获得15金币
【23/50】浏览商品任务记录成功，等待18秒
看视频赚金币任务完成，获得15金币
【24/50】浏览商品任务记录成功，等待18秒
看视频赚金币任务完成，获得15金币
【25/50】浏览商品任务记录成功，等待18秒
看视频赚金币任务完成，获得40金币
【26/50】浏览商品任务记录成功，等待18秒
看视频赚金币任务完成，获得15金币
【27/50】浏览商品任务记录成功，等待18秒
看视频赚金币任务完成，获得15金币
【28/50】浏览商品任务记录成功，等待18秒
看视频赚金币任务完成，获得15金币
【29/50】浏览商品任务记录成功，等待18秒
看视频赚金币任务完成，获得15金币
【30/50】浏览商品任务记录成功，等待18秒
看视频赚金币任务完成，获得40金币
【31/50】浏览商品任务记录成功，等待18秒
看视频赚金币任务完成，获得15金币
【32/50】浏览商品任务记录成功，等待18秒
看视频赚金币任务完成，获得15金币
【33/50】浏览商品任务记录成功，等待18秒
看视频赚金币任务完成，获得15金币
【34/50】浏览商品任务记录成功，等待18秒
看视频赚金币任务完成，获得15金币
【35/50】浏览商品任务记录成功，等待18秒
看视频赚金币任务完成，获得40金币
【36/50】浏览商品任务记录成功，等待20秒
看视频赚金币任务完成，获得10金币
【37/50】浏览商品任务记录成功，等待20秒
看视频赚金币任务完成，获得10金币
【38/50】浏览商品任务记录成功，等待20秒
看视频赚金币任务完成，获得10金币
【39/50】浏览商品任务记录成功，等待20秒
看视频赚金币任务完成，获得10金币
【40/50】浏览商品任务记录成功，等待20秒
看视频赚金币任务完成，获得30金币
【41/50】浏览商品任务记录成功，等待20秒
看视频赚金币任务完成，获得10金币
【42/50】浏览商品任务记录成功，等待20秒
看视频赚金币任务完成，获得10金币
【43/50】浏览商品任务记录成功，等待20秒
看视频赚金币任务完成，获得10金币
【44/50】浏览商品任务记录成功，等待20秒
看视频赚金币任务完成，获得10金币
【45/50】浏览商品任务记录成功，等待20秒
看视频赚金币任务完成，获得30金币
【46/50】浏览商品任务记录成功，等待30秒
看视频赚金币任务完成，获得5金币
【47/50】浏览商品任务记录成功，等待30秒
看视频赚金币任务完成，获得5金币
【48/50】浏览商品任务记录成功，等待30秒
看视频赚金币任务完成，获得5金币
【49/50】浏览商品任务记录成功，等待30秒
看视频赚金币任务完成，获得5金币
【50/50】浏览商品任务记录成功，等待30秒
看视频赚金币任务完成，获得20金币
看视频赚金币任务已达上限
邀好友赚金币已完成
东东爱消除已完成
邀好友送现金已完成
发财挖宝已完成
签到领现金已完成
汪汪乐园已完成
投胎模拟器已完成
购券抽大奖已完成
签到免单已完成
幸运大转盘已完成
推推赚大钱已完成
水果免费领已完成
汪汪赛跑已完成
天天抽奖已完成
砍价免费拿已完成
好物随心逛已完成

==============📣系统通知📣==============
京东极速版
京东账号2蓝闺q
本次运行获得3218金币，共计156764金币
可兑换 15.68 元京东红包
兑换入口：京东极速版->我的->金币

🔔京东极速版, 结束! 🕛 2528.612 秒


## 执行结束... 2022-05-12 15:00:00 耗时 2529 秒
