## 开始执行... 2022-05-12 02:18:06


🔔京东极速版, 开始!

====================共2个京东账号Cookie=================

============脚本执行时间：2022/5/12 02:18:07=============

>>>>>>>>>>>>>>6Dylan6 提示：任务正常运行中>>>>>>>>>>>>>>>


******开始【京东账号1】Wang_Happy_*********

【幸运大转盘】剩余抽奖机会：1
幸运大转盘抽奖获得：【undefined-500undefined】

去做任务转盘抽奖逛会场
任务完成成功
【幸运大转盘】剩余抽奖机会：1
幸运大转盘抽奖获得：【14-5优惠券】

逛商品赚金币已完成
逛活动赚金币已完成
看视频赚金币已完成
邀好友赚金币任务完成成功，预计获得50金币
东东爱消除任务完成成功，预计获得50金币
邀好友送现金任务完成成功，预计获得50金币
发财挖宝任务完成成功，预计获得50金币
签到领现金任务完成成功，预计获得60金币
汪汪乐园任务完成成功，预计获得50金币
投胎模拟器任务完成成功，预计获得50金币
购券抽大奖任务完成成功，预计获得50金币
签到免单任务完成成功，预计获得60金币
幸运大转盘任务完成成功，预计获得50金币
推推赚大钱任务完成成功，预计获得50金币
水果免费领任务完成成功，预计获得50金币
汪汪赛跑任务完成成功，预计获得50金币
天天抽奖任务完成成功，预计获得50金币
砍价免费拿任务完成成功，预计获得50金币
好物随心逛任务完成成功，预计获得50金币
气泡收取成功，获得50金币
气泡收取成功，获得50金币
气泡收取成功，获得50金币
气泡收取成功，获得50金币
气泡收取成功，获得60金币
气泡收取成功，获得50金币
气泡收取成功，获得50金币
气泡收取成功，获得50金币
气泡收取成功，获得60金币
气泡收取成功，获得50金币
气泡收取成功，获得50金币
气泡收取成功，获得50金币
气泡收取成功，获得50金币
气泡收取成功，获得50金币
气泡收取成功，获得50金币
气泡收取成功，获得50金币

==============📣系统通知📣==============
京东极速版
京东账号1Wang_Happy_
幸运大转盘抽奖获得：【undefined-500undefined】
幸运大转盘抽奖获得：【14-5优惠券】
本次运行获得820金币，共计61994金币
可兑换 6.20 元京东红包
兑换入口：京东极速版->我的->金币

******开始【京东账号2】蓝闺q*********

【幸运大转盘】剩余抽奖机会：1
幸运大转盘抽奖获得：【13-10福利神券-老人】

去做任务转盘抽奖逛会场
任务完成成功
【幸运大转盘】剩余抽奖机会：1
幸运大转盘抽奖获得：【14-5优惠券】

逛商品赚金币已完成
逛活动赚金币已完成
看视频赚金币已完成
邀好友赚金币任务完成成功，预计获得50金币
东东爱消除任务完成成功，预计获得50金币
邀好友送现金任务完成成功，预计获得50金币
发财挖宝任务完成成功，预计获得50金币
签到领现金任务完成成功，预计获得60金币
汪汪乐园任务完成成功，预计获得50金币
投胎模拟器任务完成成功，预计获得50金币
购券抽大奖任务完成成功，预计获得50金币
签到免单任务完成成功，预计获得60金币
幸运大转盘任务完成成功，预计获得50金币
推推赚大钱任务完成成功，预计获得50金币
水果免费领任务完成成功，预计获得50金币
汪汪赛跑任务完成成功，预计获得50金币
天天抽奖任务完成成功，预计获得50金币
砍价免费拿任务完成成功，预计获得50金币
好物随心逛任务完成成功，预计获得50金币
气泡收取成功，获得50金币
气泡收取成功，获得50金币
气泡收取成功，获得50金币
气泡收取成功，获得50金币
气泡收取成功，获得60金币
气泡收取成功，获得50金币
气泡收取成功，获得50金币
气泡收取成功，获得50金币
气泡收取成功，获得60金币
气泡收取成功，获得50金币
气泡收取成功，获得50金币
气泡收取成功，获得50金币
气泡收取成功，获得50金币
气泡收取成功，获得50金币
气泡收取成功，获得50金币
气泡收取成功，获得50金币

==============📣系统通知📣==============
京东极速版
京东账号2蓝闺q
幸运大转盘抽奖获得：【13-10福利神券-老人】
幸运大转盘抽奖获得：【14-5优惠券】
本次运行获得820金币，共计153546金币
可兑换 15.35 元京东红包
兑换入口：京东极速版->我的->金币

🔔京东极速版, 结束! 🕛 63.941 秒


## 执行结束... 2022-05-12 02:19:11 耗时 65 秒
