## 开始执行... 2022-05-13 14:19:28


🔔京东极速版, 开始!

====================共2个京东账号Cookie=================

============脚本执行时间：2022/5/13 14:19:29=============

>>>>>>>>>>>>>>6Dylan6 提示：任务正常运行中>>>>>>>>>>>>>>>


******开始【京东账号1】Wang_Happy_*********

【幸运大转盘】剩余抽奖机会：0
【幸运大转盘】剩余抽奖机会：0
【1/45】浏览商品任务记录成功，等待5秒
逛商品赚金币任务完成，获得46金币
【2/45】浏览商品任务记录成功，等待5秒
逛商品赚金币任务完成，获得38金币
【3/45】浏览商品任务记录成功，等待5秒
逛商品赚金币任务完成，获得48金币
【4/45】浏览商品任务记录成功，等待5秒
逛商品赚金币任务完成，获得36金币
【5/45】浏览商品任务记录成功，等待5秒
逛商品赚金币任务完成，获得67金币
【6/45】浏览商品任务记录成功，等待5秒
逛商品赚金币任务完成，获得35金币
【7/45】浏览商品任务记录成功，等待5秒
逛商品赚金币任务完成，获得46金币
【8/45】浏览商品任务记录成功，等待5秒
逛商品赚金币任务完成，获得38金币
【9/45】浏览商品任务记录成功，等待5秒
逛商品赚金币任务完成，获得46金币
【10/45】浏览商品任务记录成功，等待5秒
逛商品赚金币任务完成，获得74金币
【11/45】浏览商品任务记录成功，等待5秒
逛商品赚金币任务完成，获得49金币
【12/45】浏览商品任务记录成功，等待5秒
逛商品赚金币任务完成，获得35金币
【13/45】浏览商品任务记录成功，等待5秒
逛商品赚金币任务完成，获得35金币
【14/45】浏览商品任务记录成功，等待5秒
逛商品赚金币任务完成，获得29金币
【15/45】浏览商品任务记录成功，等待5秒
逛商品赚金币任务完成，获得76金币
【16/45】浏览商品任务记录成功，等待5秒
逛商品赚金币任务完成，获得27金币
【17/45】浏览商品任务记录成功，等待5秒
逛商品赚金币任务完成，获得37金币
【18/45】浏览商品任务记录成功，等待5秒
逛商品赚金币任务完成，获得27金币
【19/45】浏览商品任务记录成功，等待5秒
逛商品赚金币任务完成，获得37金币
【20/45】浏览商品任务记录成功，等待5秒

## 执行结束... 2022-05-13 17:19:28 耗时 10800 秒
