## 开始执行... 2022-05-07 21:30:00


🔔京东资产变动, 开始!
您的cookie选择的是用&隔开


====================共有2个京东账号Cookie=========

==================脚本执行- 北京时间(UTC+8)：2022/5/7 21:30:01=====================

检测到未配置Wxpusher的Token，禁用一对一推送...
******开始查询【京东账号1】jd_56ac883b2ee02*********


==============📣系统通知📣==============
京东资产变动
账号1：Wang_Happy_
数据异常
【账号1🆔】Wang_Happy_
【账号信息】🥈银牌会员,京享值5223
【今日京豆】收24豆
【昨日京豆】收0豆
【当前京豆】24豆(≈0.24元)
【今日喜豆】收0豆
【昨日喜豆】收0豆
【当前喜豆】0喜豆(≈0.00元)
【京喜牧场】1枚鸡蛋
【极速金币】39977币(≈4.00元)
【京东赚赚】19650币(≈1.97元)
【其他信息】领现金:2.13元
【东东农场】云南香水菠萝3斤(58%,7天)
【东东萌宠】3层抽纸巾30包(33%,2/4块)
🧧🧧🧧红包明细🧧🧧🧧
【红包总额】0.02(总过期0.00)元 
【京喜红包】0.02(将过期0.00)元 

******开始查询【京东账号2】jd_72476e50d1b0e*********
【账号2🆔】蓝闺q
【账号信息】🥉铜牌会员,京享值4386
【今日京豆】收25豆
【昨日京豆】收0豆
【当前京豆】2147豆(≈21.47元)
【今日喜豆】收0豆
【昨日喜豆】收0豆
【当前喜豆】0喜豆(≈0.00元)
【京喜牧场】1枚鸡蛋
【极速金币】132555币(≈13.26元)
【京东赚赚】18000币(≈1.80元)
【其他信息】领现金:1.62元
【东东农场】3斤柠檬(40%,15天)
【东东萌宠】活动未开启!
💸💸💸临期京豆明细💸💸💸
【2022-05-08】过期16豆
【2022-05-13】过期6豆
🧧🧧🧧红包明细🧧🧧🧧
【红包总额】0.16(总过期0.00)元 
【京喜红包】0.09(将过期0.00)元 
【极速红包】0.07(将过期0.00)元 

成员ID:@all企业微信应用消息发送通知消息成功🎉。


🔔京东资产变动, 结束! 🕛 35.29 秒


## 执行结束... 2022-05-07 21:30:36 耗时 36 秒
