## 开始执行... 2022-05-11 01:17:39


🔔小哥互动-每日抽奖, 开始!

====================共2个京东账号Cookie=================

============脚本执行时间：2022/5/11 01:17:40=============

>>>>>>>>>>>>>>6Dylan6 提示：任务正常运行中>>>>>>>>>>>>>>>


*****开始【京东账号1】jd_56ac883b2ee02*****

=============小哥互动=============
初始化
开始执行任务:每日签到  每日可获得1次抽奖机会
{"code":2,"errorMsg":"系统错误","msg":"系统错误","success":false}
每日签到，任务执行失败
开始执行任务:每日分享好友  分享后点击“领取”获得抽奖机会，每日0点刷新
{"code":2,"errorMsg":"系统错误","msg":"系统错误","success":false}
每日分享好友，任务执行失败
开始执行任务:浏览会场  浏览大牌年终盛典 部分599减240元
{"code":2,"errorMsg":"系统错误","msg":"系统错误","success":false}
浏览会场，任务执行失败
开始执行任务:浏览会场  浏览大牌年终盛典 部分599减240元
{"code":2,"errorMsg":"系统错误","msg":"系统错误","success":false}
浏览会场，任务执行失败
共有1次抽奖机会
小哥互动-每日抽奖第1次抽奖，获得：未中奖
获得京豆总计0
=============每日抽奖=============
初始化
jd_56ac883b2ee02获取任务列表失败

*****开始【京东账号2】jd_72476e50d1b0e*****

=============小哥互动=============
初始化
jd_72476e50d1b0e获取任务列表失败
=============每日抽奖=============
初始化
jd_72476e50d1b0e获取任务列表失败
=============每日抽奖互助=============

🔔小哥互动-每日抽奖, 结束! 🕛 11.999 秒


## 执行结束... 2022-05-11 01:17:51 耗时 12 秒
