## 开始执行... 2022-05-09 01:14:17


🔔小哥互动-每日抽奖, 开始!

====================共2个京东账号Cookie=================

============脚本执行时间：2022/5/9 01:14:18=============

>>>>>>>>>>>>>>6Dylan6 提示：任务正常运行中>>>>>>>>>>>>>>>


*****开始【京东账号1】jd_56ac883b2ee02*****

=============小哥互动=============
初始化
jd_56ac883b2ee02获取任务列表失败
=============每日抽奖=============
初始化
开始执行任务:一键直达，抢福利  PLUS寄件特权
一键直达，抢福利，任务执行成功
领取奖励:每日签到得一次抽奖机会  
每日签到得一次抽奖机会，领取任务奖励成功
领取奖励:邀请好友  邀请好友，参与抽奖获得抽奖机会
邀请好友，领取任务奖励成功
开始执行任务:一键直达，抢福利  京享值寄件福利
一键直达，抢福利，任务执行成功
互助码(内部多账号自己互助)：f5b0fc659d1948c7b4bbbc72ef4acd0e
领取奖励:一键直达，抢福利  
一键直达，抢福利，领取任务奖励成功
共有3次抽奖机会
小哥互动-每日抽奖第1次抽奖，获得：未中奖
小哥互动-每日抽奖第2次抽奖，获得：未中奖
小哥互动-每日抽奖第3次抽奖，获得：未中奖
获得京豆总计0

*****开始【京东账号2】jd_72476e50d1b0e*****

=============小哥互动=============
初始化
jd_72476e50d1b0e获取任务列表失败
=============每日抽奖=============
初始化
开始执行任务:一键直达，抢福利  PLUS寄件特权
一键直达，抢福利，任务执行成功
领取奖励:每日签到得一次抽奖机会  
每日签到得一次抽奖机会，领取任务奖励成功
领取奖励:邀请好友  邀请好友，参与抽奖获得抽奖机会
邀请好友，领取任务奖励成功
开始执行任务:一键直达，抢福利  京享值寄件福利
一键直达，抢福利，任务执行成功
领取奖励:一键直达，抢福利  
一键直达，抢福利，领取任务奖励成功
互助码(内部多账号自己互助)：8f5d7cb4b5a146fa8da41db71a256907
共有3次抽奖机会
小哥互动-每日抽奖第1次抽奖，获得：未中奖
小哥互动-每日抽奖第2次抽奖，获得：未中奖
小哥互动-每日抽奖第3次抽奖，获得：未中奖
获得京豆总计0
=============每日抽奖互助=============
jd_72476e50d1b0e助力:f5b0fc659d1948c7b4bbbc72ef4acd0e
助力结果:{"code":1,"content":true,"data":true,"errorMsg":"SUCCESS","msg":"SUCCESS","success":true}
助力成功
jd_56ac883b2ee02助力:8f5d7cb4b5a146fa8da41db71a256907
助力结果:{"code":1,"content":true,"data":true,"errorMsg":"SUCCESS","msg":"SUCCESS","success":true}
助力成功

🔔小哥互动-每日抽奖, 结束! 🕛 52.47 秒


## 执行结束... 2022-05-09 01:15:10 耗时 53 秒
