## 开始执行... 2022-05-13 10:15:54


🔔小哥互动-每日抽奖, 开始!

====================共2个京东账号Cookie=================

============脚本执行时间：2022/5/13 10:15:55=============

>>>>>>>>>>>>>>6Dylan6 提示：任务正常运行中>>>>>>>>>>>>>>>


*****开始【京东账号1】jd_56ac883b2ee02*****

=============小哥互动=============
初始化
共有0次抽奖机会
获得京豆总计0
=============每日抽奖=============
初始化
领取奖励:邀请好友  邀请好友，参与抽奖获得抽奖机会
邀请好友，领取任务奖励成功
共有1次抽奖机会
小哥互动-每日抽奖第1次抽奖，获得：未中奖
获得京豆总计4

*****开始【京东账号2】jd_72476e50d1b0e*****

=============小哥互动=============
初始化
共有0次抽奖机会
获得京豆总计0
=============每日抽奖=============
初始化
领取奖励:邀请好友  邀请好友，参与抽奖获得抽奖机会
邀请好友，领取任务奖励成功
共有1次抽奖机会
小哥互动-每日抽奖第1次抽奖，获得：2京豆
获得京豆总计4
=============每日抽奖互助=============

🔔小哥互动-每日抽奖, 结束! 🕛 16.354 秒


## 执行结束... 2022-05-13 10:16:11 耗时 17 秒
