## 开始执行... 2022-05-10 01:16:55


🔔小哥互动-每日抽奖, 开始!

====================共2个京东账号Cookie=================

============脚本执行时间：2022/5/10 01:16:55=============

>>>>>>>>>>>>>>6Dylan6 提示：任务正常运行中>>>>>>>>>>>>>>>


*****开始【京东账号1】jd_56ac883b2ee02*****

=============小哥互动=============
初始化
jd_56ac883b2ee02获取任务列表失败
=============每日抽奖=============
初始化
开始执行任务:一键直达，抢福利  PLUS寄件特权
一键直达，抢福利，任务执行成功
互助码(内部多账号自己互助)：9f3a43c9cffa436e819a96aee1cb5741
领取奖励:每日签到得一次抽奖机会  
每日签到得一次抽奖机会，领取任务奖励成功
开始执行任务:一键直达，抢福利  京享值寄件福利
一键直达，抢福利，任务执行成功
领取奖励:一键直达，抢福利  
一键直达，抢福利，领取任务奖励成功
领取奖励:一键直达，抢福利  
一键直达，抢福利，领取任务奖励成功
共有2次抽奖机会
小哥互动-每日抽奖第1次抽奖，获得：10元重货券
小哥互动-每日抽奖第2次抽奖，获得：2元快递券
获得京豆总计2

*****开始【京东账号2】jd_72476e50d1b0e*****

=============小哥互动=============
初始化
开始执行任务:每日签到  每日可获得1次抽奖机会
每日签到，任务执行成功
开始执行任务:每日分享好友  分享后点击“领取”获得抽奖机会，每日0点刷新
每日分享好友，任务执行成功
开始执行任务:浏览会场  浏览大牌年终盛典 部分599减240元
{"code":2,"errorMsg":"系统错误","msg":"系统错误","success":false}
浏览会场，任务执行失败
开始执行任务:浏览会场  浏览大牌年终盛典 部分599减240元
浏览会场，任务执行成功
领取奖励:每日签到  每日可获得1次抽奖机会
每日签到，领取任务奖励成功
领取奖励:每日分享好友  分享后点击“领取”获得抽奖机会，每日0点刷新
每日分享好友，领取任务奖励成功
开始执行任务:浏览会场  浏览大牌年终盛典 部分599减240元
浏览会场，任务执行成功
开始执行任务:浏览会场  逛百草味年货礼盒低至48元
浏览会场，任务执行成功
领取奖励:浏览会场  浏览会场达规定次数后可点击“领取”获得抽奖机会，每日0点刷新次数
{"code":2,"errorMsg":"系统错误","msg":"系统错误","success":false}
浏览会场，领取任务执行失败
开始执行任务:浏览会场  逛百草味年货礼盒低至48元
浏览会场，任务执行成功
领取奖励:浏览会场  浏览会场达规定次数后可点击“领取”获得抽奖机会，每日0点刷新次数
浏览会场，领取任务奖励成功
领取奖励:浏览会场  浏览会场达规定次数后可点击“领取”获得抽奖机会，每日0点刷新次数
浏览会场，领取任务奖励成功
共有5次抽奖机会
小哥互动-每日抽奖第1次抽奖，获得：未中奖
小哥互动-每日抽奖第2次抽奖，获得：未中奖
小哥互动-每日抽奖第3次抽奖，获得：未中奖
小哥互动-每日抽奖第4次抽奖，获得：未中奖
小哥互动-每日抽奖第5次抽奖，获得：未中奖
获得京豆总计0
=============每日抽奖=============
初始化
开始执行任务:一键直达，抢福利  PLUS寄件特权
一键直达，抢福利，任务执行成功
互助码(内部多账号自己互助)：7605a1d9a9e74da3a9695b53caa58837
领取奖励:每日签到得一次抽奖机会  
每日签到得一次抽奖机会，领取任务奖励成功
开始执行任务:一键直达，抢福利  京享值寄件福利
一键直达，抢福利，任务执行成功
领取奖励:一键直达，抢福利  
一键直达，抢福利，领取任务奖励成功
共有2次抽奖机会
小哥互动-每日抽奖第1次抽奖，获得：未中奖
小哥互动-每日抽奖第2次抽奖，获得：2京豆
获得京豆总计2
=============每日抽奖互助=============
jd_72476e50d1b0e助力:9f3a43c9cffa436e819a96aee1cb5741
助力结果:{"code":1,"content":true,"data":true,"errorMsg":"SUCCESS","msg":"SUCCESS","success":true}
助力成功
jd_56ac883b2ee02助力:7605a1d9a9e74da3a9695b53caa58837
助力结果:{"code":1,"content":true,"data":true,"errorMsg":"SUCCESS","msg":"SUCCESS","success":true}
助力成功

🔔小哥互动-每日抽奖, 结束! 🕛 103.665 秒


## 执行结束... 2022-05-10 01:18:39 耗时 104 秒
