## 开始执行... 2022-05-12 10:17:10


🔔小哥互动-每日抽奖, 开始!

====================共2个京东账号Cookie=================

============脚本执行时间：2022/5/12 10:17:11=============

>>>>>>>>>>>>>>6Dylan6 提示：任务正常运行中>>>>>>>>>>>>>>>


*****开始【京东账号1】jd_56ac883b2ee02*****

=============小哥互动=============
初始化
共有0次抽奖机会
获得京豆总计0
=============每日抽奖=============
初始化
开始执行任务:一键直达，抢福利  PLUS寄件特权
一键直达，抢福利，任务执行成功
互助码(内部多账号自己互助)：1e38cfc67c874876ac858cb5f5be9e2d
领取奖励:每日签到得一次抽奖机会  
每日签到得一次抽奖机会，领取任务奖励成功
开始执行任务:一键直达，抢福利  京享值寄件福利
一键直达，抢福利，任务执行成功
领取奖励:一键直达，抢福利  
一键直达，抢福利，领取任务奖励成功
共有2次抽奖机会
小哥互动-每日抽奖第1次抽奖，获得：10元重货券
小哥互动-每日抽奖第2次抽奖，获得：85折快递券
获得京豆总计4

*****开始【京东账号2】jd_72476e50d1b0e*****

=============小哥互动=============
初始化
开始执行任务:浏览会场  逛百草味年货礼盒低至48元
浏览会场，任务执行成功
领取奖励:浏览会场  浏览会场达规定次数后可点击“领取”获得抽奖机会，每日0点刷新次数
浏览会场，领取任务奖励成功
领取奖励:浏览会场  浏览会场达规定次数后可点击“领取”获得抽奖机会，每日0点刷新次数
浏览会场，领取任务奖励成功
共有2次抽奖机会
小哥互动-每日抽奖第1次抽奖，获得：未中奖
小哥互动-每日抽奖第2次抽奖，获得：未中奖
获得京豆总计0
=============每日抽奖=============
初始化
开始执行任务:一键直达，抢福利  PLUS寄件特权
一键直达，抢福利，任务执行成功
互助码(内部多账号自己互助)：3f4bd35fd9664b96b66cc0031907345c
领取奖励:每日签到得一次抽奖机会  
每日签到得一次抽奖机会，领取任务奖励成功
开始执行任务:一键直达，抢福利  京享值寄件福利
一键直达，抢福利，任务执行成功
领取奖励:一键直达，抢福利  
一键直达，抢福利，领取任务奖励成功
共有2次抽奖机会
小哥互动-每日抽奖第1次抽奖，获得：未中奖
小哥互动-每日抽奖第2次抽奖，获得：未中奖
获得京豆总计2
=============每日抽奖互助=============
jd_72476e50d1b0e助力:1e38cfc67c874876ac858cb5f5be9e2d
助力结果:{"code":1,"content":true,"data":true,"errorMsg":"SUCCESS","msg":"SUCCESS","success":true}
助力成功
jd_56ac883b2ee02助力:3f4bd35fd9664b96b66cc0031907345c
助力结果:{"code":1,"content":true,"data":true,"errorMsg":"SUCCESS","msg":"SUCCESS","success":true}
助力成功

🔔小哥互动-每日抽奖, 结束! 🕛 54.007 秒


## 执行结束... 2022-05-12 10:18:05 耗时 55 秒
