## 开始执行... 2022-05-08 01:16:01


🔔小哥互动-每日抽奖, 开始!

====================共2个京东账号Cookie=================

============脚本执行时间：2022/5/8 01:16:01=============

>>>>>>>>>>>>>>6Dylan6 提示：任务正常运行中>>>>>>>>>>>>>>>


*****开始【京东账号1】jd_56ac883b2ee02*****

=============小哥互动=============
初始化
jd_56ac883b2ee02获取任务列表失败
=============每日抽奖=============
初始化
开始执行任务:一键直达，抢福利  PLUS寄件特权
一键直达，抢福利，任务执行成功
互助码(内部多账号自己互助)：b554eb4c26ad4758aae21e5b452fb7a2
领取奖励:每日签到得一次抽奖机会  
每日签到得一次抽奖机会，领取任务奖励成功
开始执行任务:一键直达，抢福利  京享值寄件福利
一键直达，抢福利，任务执行成功
领取奖励:一键直达，抢福利  
一键直达，抢福利，领取任务奖励成功

❌ 小哥互动-每日抽奖, 失败! 原因: TypeError: Cannot read properties of undefined (reading 'drawNum')!


🔔小哥互动-每日抽奖, 结束! 🕛 21.99 秒


## 执行结束... 2022-05-08 01:16:23 耗时 22 秒
