## 开始执行... 2022-05-10 10:15:46


🔔小哥互动-每日抽奖, 开始!

====================共2个京东账号Cookie=================

============脚本执行时间：2022/5/10 10:15:46=============

>>>>>>>>>>>>>>6Dylan6 提示：任务正常运行中>>>>>>>>>>>>>>>


*****开始【京东账号1】jd_56ac883b2ee02*****

=============小哥互动=============
初始化
开始执行任务:每日签到  每日可获得1次抽奖机会
每日签到，任务执行成功
开始执行任务:每日分享好友  分享后点击“领取”获得抽奖机会，每日0点刷新
每日分享好友，任务执行成功
开始执行任务:浏览会场  浏览大牌年终盛典 部分599减240元
浏览会场，任务执行成功
开始执行任务:浏览会场  浏览大牌年终盛典 部分599减240元
浏览会场，任务执行成功
领取奖励:每日签到  每日可获得1次抽奖机会
每日签到，领取任务奖励成功
领取奖励:每日分享好友  分享后点击“领取”获得抽奖机会，每日0点刷新
每日分享好友，领取任务奖励成功
开始执行任务:浏览会场  逛百草味年货礼盒低至48元
浏览会场，任务执行成功
开始执行任务:浏览会场  逛百草味年货礼盒低至48元
浏览会场，任务执行成功
领取奖励:浏览会场  浏览会场达规定次数后可点击“领取”获得抽奖机会，每日0点刷新次数
浏览会场，领取任务奖励成功
领取奖励:浏览会场  浏览会场达规定次数后可点击“领取”获得抽奖机会，每日0点刷新次数
浏览会场，领取任务奖励成功
共有5次抽奖机会
小哥互动-每日抽奖第1次抽奖，获得：未中奖
小哥互动-每日抽奖第2次抽奖，获得：未中奖
小哥互动-每日抽奖第3次抽奖，获得：未中奖
小哥互动-每日抽奖第4次抽奖，获得：未中奖
小哥互动-每日抽奖第5次抽奖，获得：未中奖
获得京豆总计0
=============每日抽奖=============
初始化
领取奖励:邀请好友  邀请好友，参与抽奖获得抽奖机会
邀请好友，领取任务奖励成功
共有1次抽奖机会
小哥互动-每日抽奖第1次抽奖，获得：1京豆
获得京豆总计4

*****开始【京东账号2】jd_72476e50d1b0e*****

=============小哥互动=============
初始化
共有0次抽奖机会
获得京豆总计0
=============每日抽奖=============
初始化
领取奖励:邀请好友  邀请好友，参与抽奖获得抽奖机会
邀请好友，领取任务奖励成功
共有1次抽奖机会
小哥互动-每日抽奖第1次抽奖，获得：未中奖
获得京豆总计2
=============每日抽奖互助=============

🔔小哥互动-每日抽奖, 结束! 🕛 42.828 秒


## 执行结束... 2022-05-10 10:16:29 耗时 43 秒
