## 开始执行... 2022-05-07 21:23:24


🔔惊喜牧场, 开始!

====================共2个京东账号Cookie=================

============脚本执行时间：2022/5/7 21:23:24=============

>>>>>>>>>>>>>>6Dylan6 提示：任务正常运行中>>>>>>>>>>>>>>>

获取签名参数成功！

*****开始【京东账号1】Wang_Happy_*****

获取获得详情成功,总共有小鸡：1只,鸡蛋:1个,金币:1600,互助码：g_eiitD1h9-a-PX-GytKiGrfw77E3iG0LpMlIb2JHcaT-TwE7NSzy3IF3DmsUxs2v1vQClGFvabGyaFbJYzqUA

收奶牛金币
获得金币：0
现共有小鸡：1只,小鸡上限：6只
不购买小鸡，若需要购买小鸡，则设置环境变量【BYTYPE】

开始执行日常任务
任务：1元抢好药,已完成
任务：秒杀低至1.9元,已完成
任务：助农精选低至5.9元,已完成
任务：邀请好友助力养鸡,未完成
任务：真补贴1折起,已完成
任务：燃脂跳绳5.9元,美食家清 9.9元限秒,已完成
任务：去签到领现金,已完成
任务：签到领无门槛红包,去工厂造好物,上岛领红包,已完成
任务：点一点领现金,已完成

开始进行割草
开始第1次割草
获得金币：0
未获得金币暂停割草

开始进行横扫鸡腿
开始第1次横扫鸡腿
获得金币：0
未获得金币暂停割鸡腿

共有金币1600

*****开始【京东账号2】蓝闺q*****

获取获得详情成功,总共有小鸡：1只,鸡蛋:1个,金币:1600,互助码：g_eiitD1h9-a-PX-GytKiGrfw77E3iG0LpMlIb2JHcZO7ILZ-HGb-OxFBwMjbaIoDoq49T3Oe_5egcaEepSdRg

收奶牛金币
获得金币：0
现共有小鸡：1只,小鸡上限：6只
不购买小鸡，若需要购买小鸡，则设置环境变量【BYTYPE】

开始执行日常任务
任务：1元抢好药,已完成
任务：秒杀低至1.9元,已完成
任务：助农精选低至5.9元,已完成
任务：邀请好友助力养鸡,未完成
任务：真补贴1折起,已完成
任务：燃脂跳绳5.9元,美食家清 9.9元限秒,已完成
任务：去签到领现金,已完成
任务：签到领无门槛红包,去工厂造好物,上岛领红包,已完成
任务：点一点领现金,已完成

开始进行割草
开始第1次割草
获得金币：0
未获得金币暂停割草

开始进行横扫鸡腿
开始第1次横扫鸡腿
获得金币：0
未获得金币暂停割鸡腿

共有金币1600

脚本早上9点到10点直接执行，才会执行账号内互助

🔔惊喜牧场, 结束! 🕛 31.126 秒


## 执行结束... 2022-05-07 21:23:55 耗时 31 秒
