## 开始执行... 2022-05-12 09:23:04


🔔惊喜牧场, 开始!

====================共2个京东账号Cookie=================

============脚本执行时间：2022/5/12 09:23:04=============

>>>>>>>>>>>>>>6Dylan6 提示：任务正常运行中>>>>>>>>>>>>>>>

获取签名参数成功！

*****开始【京东账号1】Wang_Happy_*****

获取获得详情成功,总共有小鸡：1只,鸡蛋:1个,金币:1600,互助码：g_eiitD1h9-a-PX-GytKiGrfw77E3iG0LpMlIb2JHcYtUJbMK-vca7Nc3FeCJBHwv1vQClGFvabGyaFbJYzqUA

收奶牛金币
获得金币：0
现共有小鸡：1只,小鸡上限：6只
不购买小鸡，若需要购买小鸡，则设置环境变量【BYTYPE】

开始执行日常任务
任务：秒杀低至1.9元,已完成
任务：助农精选低至5.9元,已完成
任务：邀请好友助力养鸡,未完成
任务：真补贴1折起,已完成
去做任务：浏览超惠商品5s,浏览低价会场5秒，等待5S
完成任务：浏览超惠商品5s,浏览低价会场5秒

❗️惊喜牧场, 错误!
SyntaxError: Unexpected end of JSON input
    at JSON.parse (<anonymous>)
    at doTask (/ql/data/scripts/6dylan6_jdpro/jd_jxmc.js:513:50)
    at process.processTicksAndRejections (node:internal/process/task_queues:95:5)
    at async main (/ql/data/scripts/6dylan6_jdpro/jd_jxmc.js:232:9)
    at async /ql/data/scripts/6dylan6_jdpro/jd_jxmc.js:65:13

*****开始【京东账号2】蓝闺q*****

获取获得详情成功,总共有小鸡：1只,鸡蛋:1个,金币:1600,互助码：g_eiitD1h9-a-PX-GytKiGrfw77E3iG0LpMlIb2JHcY4uD5capy7c3NlCf8CPL2tDoq49T3Oe_5egcaEepSdRg

收奶牛金币
获得金币：0
现共有小鸡：1只,小鸡上限：6只
不购买小鸡，若需要购买小鸡，则设置环境变量【BYTYPE】

开始执行日常任务
任务：秒杀低至1.9元,已完成
任务：助农精选低至5.9元,已完成
任务：邀请好友助力养鸡,未完成
任务：真补贴1折起,已完成
去做任务：浏览超惠商品5s,浏览低价会场5秒，等待5S
完成任务：浏览超惠商品5s,浏览低价会场5秒

❗️惊喜牧场, 错误!
SyntaxError: Unexpected end of JSON input
    at JSON.parse (<anonymous>)
    at doTask (/ql/data/scripts/6dylan6_jdpro/jd_jxmc.js:513:50)
    at process.processTicksAndRejections (node:internal/process/task_queues:95:5)
    at async main (/ql/data/scripts/6dylan6_jdpro/jd_jxmc.js:232:9)
    at async /ql/data/scripts/6dylan6_jdpro/jd_jxmc.js:65:13

##################开始账号内互助#################


jd_56ac883b2ee02去助力jd_72476e50d1b0e,助力码：g_eiitD1h9-a-PX-GytKiGrfw77E3iG0LpMlIb2JHcY4uD5capy7c3NlCf8CPL2tDoq49T3Oe_5egcaEepSdRg

助力成功

jd_72476e50d1b0e去助力jd_56ac883b2ee02,助力码：g_eiitD1h9-a-PX-GytKiGrfw77E3iG0LpMlIb2JHcYtUJbMK-vca7Nc3FeCJBHwv1vQClGFvabGyaFbJYzqUA

助力成功

🔔惊喜牧场, 结束! 🕛 30.223 秒


## 执行结束... 2022-05-12 09:23:35 耗时 31 秒
