## 开始执行... 2022-05-11 18:55:41

node:internal/modules/cjs/loader:942
  throw err;
  ^

Error: Cannot find module 'axios'
Require stack:
- /ql/data/scripts/6dylan6_jdpro/function/magic.js
- /ql/data/scripts/6dylan6_jdpro/m_jd_follow_shop.js
    at Module._resolveFilename (node:internal/modules/cjs/loader:939:15)
    at Module._load (node:internal/modules/cjs/loader:780:27)
    at Module.require (node:internal/modules/cjs/loader:1005:19)
    at require (node:internal/modules/cjs/helpers:102:18)
    at Object.<anonymous> (/ql/data/scripts/6dylan6_jdpro/function/magic.js:3:15)
    at Module._compile (node:internal/modules/cjs/loader:1105:14)
    at Module._extensions..js (node:internal/modules/cjs/loader:1159:10)
    at Module.load (node:internal/modules/cjs/loader:981:32)
    at Module._load (node:internal/modules/cjs/loader:827:12)
    at Module.require (node:internal/modules/cjs/loader:1005:19) {
  code: 'MODULE_NOT_FOUND',
  requireStack: [
    '/ql/data/scripts/6dylan6_jdpro/function/magic.js',
    '/ql/data/scripts/6dylan6_jdpro/m_jd_follow_shop.js'
  ]
}

Node.js v18.0.0

## 执行结束... 2022-05-11 18:55:41 耗时 0 秒
