## 开始执行... 2022-05-08 18:55:52


🔔京豆详情统计, 开始!

====================共2个京东账号Cookie=================

============脚本执行时间：2022/5/8 18:55:52=============

>>>>>>>>>>>>>>6Dylan6 提示：任务正常运行中>>>>>>>>>>>>>>>


【账号1：Wang_Happy_ 京豆详情统计】

今日收入总计：51京豆 🐶
【32豆】 京豆
【1豆】 观看任务02
【1豆】 分享任务02
【1豆】 签到每日奖励
【1豆】 观看任务01
【1豆】 分享任务01
【1豆】 东东农场转盘抽奖活动
【2豆】 品牌闪购抽盲盒得京豆
【1豆】 1京豆
【2豆】 赚豆任务奖励
【1豆】 浏览任务奖励
【2豆】 金榜创造营投票任务
【1豆】 金榜创造营签到奖励
【2豆】 金榜创造营福利任务
【1豆】 互动小程序奖励
【1豆】 会员频道签到奖励

【账号2：蓝闺q 京豆详情统计】

今日收入总计：54京豆 🐶
【35豆】 京豆
【1豆】 观看任务02
【1豆】 分享任务02
【1豆】 签到每日奖励
【1豆】 观看任务01
【1豆】 分享任务01
【2豆】 东东农场转盘抽奖活动
【1豆】 1京豆
【2豆】 赚豆任务奖励
【1豆】 浏览任务奖励
【2豆】 金榜创造营投票任务
【1豆】 金榜创造营签到奖励
【2豆】 金榜创造营福利任务
【1豆】 品牌闪购抽盲盒得京豆
【1豆】 互动小程序奖励
【1豆】 会员频道签到奖励

今日全部账号收入：105个京豆 🐶


🔔京豆详情统计, 结束! 🕛 1.321 秒


## 执行结束... 2022-05-08 18:55:53 耗时 1 秒
