## 开始执行... 2022-05-11 18:53:40


🔔京豆详情统计, 开始!

====================共2个京东账号Cookie=================

============脚本执行时间：2022/5/11 18:53:40=============

>>>>>>>>>>>>>>6Dylan6 提示：任务正常运行中>>>>>>>>>>>>>>>


【账号1：Wang_Happy_ 京豆详情统计】

今日收入总计：31京豆 🐶
【1豆】 东东农场转盘抽奖活动
【14豆】 京豆
【3豆】 1京豆
【2豆】 赚豆任务奖励
【1豆】 浏览任务奖励
【6豆】 2京豆
【3豆】 3京豆
【1豆】 会员频道签到奖励

【账号2：蓝闺q 京豆详情统计】

今日收入总计：42京豆 🐶
【18豆】 京豆
【4豆】 1京豆
【13豆】 东东农场转盘抽奖活动
【2豆】 赚豆任务奖励
【1豆】 浏览任务奖励
【3豆】 3京豆
【1豆】 会员频道签到奖励

今日全部账号收入：73个京豆 🐶


🔔京豆详情统计, 结束! 🕛 1.007 秒


## 执行结束... 2022-05-11 18:53:41 耗时 1 秒
