## 开始执行... 2022-05-09 18:55:19


🔔京豆详情统计, 开始!

====================共2个京东账号Cookie=================

============脚本执行时间：2022/5/9 18:55:20=============

>>>>>>>>>>>>>>6Dylan6 提示：任务正常运行中>>>>>>>>>>>>>>>


【账号1：Wang_Happy_ 京豆详情统计】

今日收入总计：48京豆 🐶
【5豆】 东东农场转盘抽奖活动
【27豆】 种豆得豆瓜分奖励
【1豆】 京东快递抽奖获得京豆
【2豆】 品牌闪购抽盲盒得京豆
【1豆】 1京豆
【2豆】 赚豆任务奖励
【1豆】 浏览任务奖励
【9豆】 会员频道签到奖励

【账号2：蓝闺q 京豆详情统计】

今日收入总计：36京豆 🐶
【19豆】 种豆得豆瓜分奖励
【1豆】 东东农场转盘抽奖活动
【1豆】 1京豆
【2豆】 赚豆任务奖励
【1豆】 浏览任务奖励
【3豆】 品牌闪购抽盲盒得京豆
【9豆】 会员频道签到奖励

今日全部账号收入：84个京豆 🐶


🔔京豆详情统计, 结束! 🕛 2.749 秒


## 执行结束... 2022-05-09 18:55:22 耗时 3 秒
