## 开始执行... 2022-05-14 18:54:03


🔔京豆详情统计, 开始!

====================共2个京东账号Cookie=================

============脚本执行时间：2022/5/14 18:54:04=============

>>>>>>>>>>>>>>6Dylan6 提示：任务正常运行中>>>>>>>>>>>>>>>


【账号1：Wang_Happy_ 京豆详情统计】

今日收入总计：24京豆 🐶
【2豆】 京东快递抽奖获得京豆
【5豆】 东东农场转盘抽奖活动
【5豆】 5京豆
【2豆】 赚豆任务奖励
【1豆】 浏览任务奖励
【6豆】 众筹许愿池6京豆
【2豆】 1京豆
【1豆】 会员频道签到奖励

【账号2：蓝闺q 京豆详情统计】

今日收入总计：23京豆 🐶
【5豆】 东东农场转盘抽奖活动
【3豆】 1京豆
【5豆】 5京豆
【2豆】 赚豆任务奖励
【1豆】 浏览任务奖励
【6豆】 众筹许愿池6京豆
【1豆】 会员频道签到奖励

今日全部账号收入：47个京豆 🐶


🔔京豆详情统计, 结束! 🕛 0.944 秒


## 执行结束... 2022-05-14 18:54:05 耗时 2 秒
