## 开始执行... 2022-05-12 18:57:19


🔔京豆详情统计, 开始!

====================共2个京东账号Cookie=================

============脚本执行时间：2022/5/12 18:57:20=============

>>>>>>>>>>>>>>6Dylan6 提示：任务正常运行中>>>>>>>>>>>>>>>


【账号1：Wang_Happy_ 京豆详情统计】

今日收入总计：12京豆 🐶
【1豆】 美丽颜究院
【2豆】 东东农场转盘抽奖活动
【4豆】 1京豆
【2豆】 赚豆任务奖励
【1豆】 浏览任务奖励
【1豆】 互动小程序奖励
【1豆】 会员频道签到奖励

【账号2：蓝闺q 京豆详情统计】

今日收入总计：8京豆 🐶
【1豆】 东东农场转盘抽奖活动
【2豆】 1京豆
【2豆】 赚豆任务奖励
【1豆】 浏览任务奖励
【1豆】 互动小程序奖励
【1豆】 会员频道签到奖励

今日全部账号收入：20个京豆 🐶


🔔京豆详情统计, 结束! 🕛 0.993 秒


## 执行结束... 2022-05-12 18:57:21 耗时 2 秒
