## 开始执行... 2022-05-13 18:54:44


🔔京豆详情统计, 开始!

====================共2个京东账号Cookie=================

============脚本执行时间：2022/5/13 18:54:44=============

>>>>>>>>>>>>>>6Dylan6 提示：任务正常运行中>>>>>>>>>>>>>>>


【账号1：Wang_Happy_ 京豆详情统计】

今日收入总计：29京豆 🐶
【4豆】 东东农场转盘抽奖活动
【1豆】 1京豆
【2豆】 2京豆
【2豆】 赚豆任务奖励
【1豆】 浏览任务奖励
【19豆】 会员频道签到奖励

【账号2：蓝闺q 京豆详情统计】

今日收入总计：34京豆 🐶
【2豆】 东东农场转盘抽奖活动
【4豆】 2京豆
【1豆】 浏览任务奖励
【2豆】 京东快递抽奖获得京豆
【4豆】 1京豆
【2豆】 赚豆任务奖励
【19豆】 会员频道签到奖励

今日全部账号收入：63个京豆 🐶


🔔京豆详情统计, 结束! 🕛 1.215 秒


## 执行结束... 2022-05-13 18:54:45 耗时 1 秒
