## 开始执行... 2022-05-10 18:56:45


🔔京豆详情统计, 开始!

====================共2个京东账号Cookie=================

============脚本执行时间：2022/5/10 18:56:45=============

>>>>>>>>>>>>>>6Dylan6 提示：任务正常运行中>>>>>>>>>>>>>>>


【账号1：Wang_Happy_ 京豆详情统计】

今日收入总计：11京豆 🐶
【1豆】 美丽颜究院
【1豆】 京东快递抽奖获得京豆
【1豆】 1京豆
【4豆】 2京豆
【2豆】 赚豆任务奖励
【1豆】 浏览任务奖励
【1豆】 会员频道签到奖励

【账号2：蓝闺q 京豆详情统计】

今日收入总计：11京豆 🐶
【2豆】 东东农场转盘抽奖活动
【2豆】 2京豆
【2豆】 赚豆任务奖励
【1豆】 浏览任务奖励
【2豆】 京东快递抽奖获得京豆
【1豆】 1京豆
【1豆】 会员频道签到奖励

今日全部账号收入：22个京豆 🐶


🔔京豆详情统计, 结束! 🕛 0.994 秒


## 执行结束... 2022-05-10 18:56:46 耗时 1 秒
