## 开始执行... 2022-05-07 22:06:24


🔔店铺签到, 开始!

====================共2个京东账号Cookie=================

============脚本执行时间：2022/5/7 22:06:24=============

>>>>>>>>>>>>>>6Dylan6 提示：任务正常运行中>>>>>>>>>>>>>>>


******开始【京东账号1】Wang_Happy_*********

【美心京东自营旗舰店】
已签到：1天
【欧缇丽CAUDALIE京东自营旗舰店】
已签到：1天
第3个店铺签到活动已失效
【佳孚旗舰店】
已签到：1天
第5个店铺签到活动已失效
【匹克中恒新元专卖店】
已签到：1天
第7个店铺签到活动已失效
【】
已签到：1天
【雷允上京东自营旗舰店】
已签到：1天
第10个店铺签到活动已失效
第11个店铺签到活动已失效
【小鹿蓝蓝京东自营旗舰店】
已签到：1天
第13个店铺签到活动已失效
【全日爱保健品专营店】
已签到：1天
【希箭官方旗舰店】
已签到：1天

==============📣系统通知📣==============
店铺签到
【京东账号1】Wang_Happy_
【美心京东自营旗舰店】已签到：1天
【欧缇丽CAUDALIE京东自营旗舰店】已签到：1天
第3个店铺签到活动已失效
【佳孚旗舰店】已签到：1天
第5个店铺签到活动已失效
【匹克中恒新元专卖店】已签到：1天
第7个店铺签到活动已失效
【】已签到：1天
【雷允上京东自营旗舰店】已签到：1天
第10个店铺签到活动已失效
第11个店铺签到活动已失效
【小鹿蓝蓝京东自营旗舰店】已签到：1天
第13个店铺签到活动已失效
【全日爱保健品专营店】已签到：1天
【希箭官方旗舰店】已签到：1天


******开始【京东账号2】蓝闺q*********

【美心京东自营旗舰店】
已签到：1天
【欧缇丽CAUDALIE京东自营旗舰店】
已签到：1天
第3个店铺签到活动已失效
【佳孚旗舰店】
已签到：1天
第5个店铺签到活动已失效
【匹克中恒新元专卖店】
已签到：1天
第7个店铺签到活动已失效
【】
已签到：1天
【雷允上京东自营旗舰店】
已签到：1天
第10个店铺签到活动已失效
第11个店铺签到活动已失效
【小鹿蓝蓝京东自营旗舰店】
已签到：1天
第13个店铺签到活动已失效
【全日爱保健品专营店】
已签到：1天
【希箭官方旗舰店】
已签到：1天

==============📣系统通知📣==============
店铺签到
【京东账号2】蓝闺q
【美心京东自营旗舰店】已签到：1天
【欧缇丽CAUDALIE京东自营旗舰店】已签到：1天
第3个店铺签到活动已失效
【佳孚旗舰店】已签到：1天
第5个店铺签到活动已失效
【匹克中恒新元专卖店】已签到：1天
第7个店铺签到活动已失效
【】已签到：1天
【雷允上京东自营旗舰店】已签到：1天
第10个店铺签到活动已失效
第11个店铺签到活动已失效
【小鹿蓝蓝京东自营旗舰店】已签到：1天
第13个店铺签到活动已失效
【全日爱保健品专营店】已签到：1天
【希箭官方旗舰店】已签到：1天


🔔店铺签到, 结束! 🕛 101.837 秒


## 执行结束... 2022-05-07 22:08:06 耗时 102 秒
