## 开始执行... 2022-05-14 22:04:54


🔔店铺签到, 开始!

====================共2个京东账号Cookie=================

============脚本执行时间：2022/5/14 22:04:55=============

>>>>>>>>>>>>>>6Dylan6 提示：任务正常运行中>>>>>>>>>>>>>>>

"getaddrinfo EAI_AGAIN wq.jd.com"
店铺签到 API请求失败，请检查网路重试

******开始【京东账号1】jd_56ac883b2ee02*********


店铺签到: API查询请求失败 ‼️‼️

❗️店铺签到, 错误!


店铺签到: API查询请求失败 ‼️‼️

❗️店铺签到, 错误!


店铺签到: API查询请求失败 ‼️‼️

❗️店铺签到, 错误!


店铺签到: API查询请求失败 ‼️‼️

❗️店铺签到, 错误!


店铺签到: API查询请求失败 ‼️‼️

❗️店铺签到, 错误!


店铺签到: API查询请求失败 ‼️‼️

❗️店铺签到, 错误!


店铺签到: API查询请求失败 ‼️‼️

❗️店铺签到, 错误!


店铺签到: API查询请求失败 ‼️‼️

❗️店铺签到, 错误!

