## 开始执行... 2022-05-10 00:04:16


🔔店铺签到, 开始!

====================共2个京东账号Cookie=================

============脚本执行时间：2022/5/10 00:04:16=============

>>>>>>>>>>>>>>6Dylan6 提示：任务正常运行中>>>>>>>>>>>>>>>


******开始【京东账号1】jd_56ac883b2ee02*********

【美心京东自营旗舰店】
已签到：4天
【欧缇丽CAUDALIE京东自营旗舰店】
已签到：4天
第3个店铺签到活动已失效
第4个店铺签到活动已失效
【】
已签到：4天
【雷允上京东自营旗舰店】
已签到：4天
【小鹿蓝蓝京东自营旗舰店】
已签到：4天
【全日爱保健品专营店】
已签到：4天
第9个店铺签到活动已失效

==============📣系统通知📣==============
店铺签到
【京东账号1】jd_56ac883b2ee02
【美心京东自营旗舰店】已签到：4天
【欧缇丽CAUDALIE京东自营旗舰店】已签到：4天
第3个店铺签到活动已失效
第4个店铺签到活动已失效
【】已签到：4天
【雷允上京东自营旗舰店】已签到：4天
【小鹿蓝蓝京东自营旗舰店】已签到：4天
【全日爱保健品专营店】已签到：4天
第9个店铺签到活动已失效


******开始【京东账号2】jd_72476e50d1b0e*********

【美心京东自营旗舰店】
已签到：4天
【欧缇丽CAUDALIE京东自营旗舰店】
已签到：4天
第3个店铺签到活动已失效
第4个店铺签到活动已失效
【】
已签到：4天
【雷允上京东自营旗舰店】
已签到：4天
【小鹿蓝蓝京东自营旗舰店】
已签到：4天
【全日爱保健品专营店】
已签到：4天
第9个店铺签到活动已失效

==============📣系统通知📣==============
店铺签到
【京东账号2】jd_72476e50d1b0e
【美心京东自营旗舰店】已签到：4天
【欧缇丽CAUDALIE京东自营旗舰店】已签到：4天
第3个店铺签到活动已失效
第4个店铺签到活动已失效
【】已签到：4天
【雷允上京东自营旗舰店】已签到：4天
【小鹿蓝蓝京东自营旗舰店】已签到：4天
【全日爱保健品专营店】已签到：4天
第9个店铺签到活动已失效


🔔店铺签到, 结束! 🕛 63.793 秒


## 执行结束... 2022-05-10 00:05:20 耗时 64 秒
