## 开始执行... 2022-05-14 00:04:22


🔔店铺签到, 开始!

====================共2个京东账号Cookie=================

============脚本执行时间：2022/5/14 00:04:23=============

>>>>>>>>>>>>>>6Dylan6 提示：任务正常运行中>>>>>>>>>>>>>>>


******开始【京东账号1】jd_56ac883b2ee02*********

【美心京东自营旗舰店】
已签到：8天
第2个店铺签到活动已失效
第3个店铺签到活动已失效
第4个店铺签到活动已失效
【】
已签到：8天
第6个店铺签到活动已失效
【小鹿蓝蓝京东自营旗舰店】
已签到：8天
【全日爱保健品专营店】
已签到：8天
第9个店铺签到活动已失效

==============📣系统通知📣==============
店铺签到
【京东账号1】jd_56ac883b2ee02
【美心京东自营旗舰店】已签到：8天
第2个店铺签到活动已失效
第3个店铺签到活动已失效
第4个店铺签到活动已失效
【】已签到：8天
第6个店铺签到活动已失效
【小鹿蓝蓝京东自营旗舰店】已签到：8天
【全日爱保健品专营店】已签到：8天
第9个店铺签到活动已失效


******开始【京东账号2】jd_72476e50d1b0e*********

【美心京东自营旗舰店】
已签到：8天
第2个店铺签到活动已失效
第3个店铺签到活动已失效
第4个店铺签到活动已失效
【】
已签到：8天
第6个店铺签到活动已失效
【小鹿蓝蓝京东自营旗舰店】
已签到：8天
【全日爱保健品专营店】
已签到：8天
第9个店铺签到活动已失效

==============📣系统通知📣==============
店铺签到
【京东账号2】jd_72476e50d1b0e
【美心京东自营旗舰店】已签到：8天
第2个店铺签到活动已失效
第3个店铺签到活动已失效
第4个店铺签到活动已失效
【】已签到：8天
第6个店铺签到活动已失效
【小鹿蓝蓝京东自营旗舰店】已签到：8天
【全日爱保健品专营店】已签到：8天
第9个店铺签到活动已失效


🔔店铺签到, 结束! 🕛 62.26 秒


## 执行结束... 2022-05-14 00:05:25 耗时 63 秒
