## 开始执行... 2022-05-08 22:05:58


🔔店铺签到, 开始!

====================共2个京东账号Cookie=================

============脚本执行时间：2022/5/8 22:05:58=============

>>>>>>>>>>>>>>6Dylan6 提示：任务正常运行中>>>>>>>>>>>>>>>


******开始【京东账号1】Wang_Happy_*********

【美心京东自营旗舰店】
已签到：2天
【欧缇丽CAUDALIE京东自营旗舰店】
已签到：2天
【佳孚旗舰店】
已签到：2天
第4个店铺签到活动已失效
【】
已签到：2天
【雷允上京东自营旗舰店】
已签到：2天
【小鹿蓝蓝京东自营旗舰店】
已签到：2天
【全日爱保健品专营店】
已签到：2天
第9个店铺签到活动已失效

==============📣系统通知📣==============
店铺签到
【京东账号1】Wang_Happy_
【美心京东自营旗舰店】已签到：2天
【欧缇丽CAUDALIE京东自营旗舰店】已签到：2天
【佳孚旗舰店】已签到：2天
第4个店铺签到活动已失效
【】已签到：2天
【雷允上京东自营旗舰店】已签到：2天
【小鹿蓝蓝京东自营旗舰店】已签到：2天
【全日爱保健品专营店】已签到：2天
第9个店铺签到活动已失效


******开始【京东账号2】蓝闺q*********

【美心京东自营旗舰店】
已签到：2天
【欧缇丽CAUDALIE京东自营旗舰店】
已签到：2天
【佳孚旗舰店】
已签到：2天
第4个店铺签到活动已失效
【】
已签到：2天
【雷允上京东自营旗舰店】
已签到：2天
【小鹿蓝蓝京东自营旗舰店】
已签到：2天
【全日爱保健品专营店】
已签到：2天
第9个店铺签到活动已失效

==============📣系统通知📣==============
店铺签到
【京东账号2】蓝闺q
【美心京东自营旗舰店】已签到：2天
【欧缇丽CAUDALIE京东自营旗舰店】已签到：2天
【佳孚旗舰店】已签到：2天
第4个店铺签到活动已失效
【】已签到：2天
【雷允上京东自营旗舰店】已签到：2天
【小鹿蓝蓝京东自营旗舰店】已签到：2天
【全日爱保健品专营店】已签到：2天
第9个店铺签到活动已失效


🔔店铺签到, 结束! 🕛 65.838 秒


## 执行结束... 2022-05-08 22:07:04 耗时 66 秒
