## 开始执行... 2022-05-10 09:06:55


🔔芥么签到, 开始!

====================共2个京东账号Cookie=================

============脚本执行时间：2022/5/10 09:06:55=============

>>>>>>>>>>>>>>6Dylan6 提示：任务正常运行中>>>>>>>>>>>>>>>


******开始【京东账号1】jd_56ac883b2ee02*********

风控用户，不允许参与活动
未注册！请手动进入一次小程序任务
入口：微信小程序-芥么-赚豪礼

******开始【京东账号2】jd_72476e50d1b0e*********

风控用户，不允许参与活动
今天已经完成提现了
今天已经完成提现了
今天已经完成提现了
今天已经完成提现了
今天已经完成提现了
今天已经完成提现了
今天已经完成提现了
今天已经完成提现了
今天已经完成提现了
未注册！请手动进入一次小程序任务
入口：微信小程序-芥么-赚豪礼

🔔芥么签到, 结束! 🕛 7.16 秒


## 执行结束... 2022-05-10 09:07:02 耗时 7 秒
