## 开始执行... 2022-05-14 08:32:34


🔔京东资产统计, 开始!

====================共2个京东账号Cookie=================

============脚本执行时间：2022/5/14 08:32:35=============

>>>>>>>>>>>>>>6Dylan6 提示：任务正常运行中>>>>>>>>>>>>>>>

******开始查询【京东账号1】jd_56ac883b2ee02*********


==============📣系统通知📣==============
京东资产统计
账号1：Wang_Happy_
数据异常
【账号1🆔】Wang_Happy_
【账号信息】🥈银牌会员,京享值5330
【今日京豆】收22豆
【昨日京豆】收32豆
【当前京豆】256豆(≈2.56元)
【今日喜豆】收0豆
【昨日喜豆】收0豆
【当前喜豆】0喜豆(≈0.00元)
【京喜牧场】1枚鸡蛋
【极速金币】70370币(≈7.04元)
【京东赚赚】22900币(≈2.29元)
【东东农场】脐橙2斤装(7%,25天)
【东东萌宠】3层抽纸巾30包(44%,2/4块)
🧧🧧🧧红包明细🧧🧧🧧
【红包总额】2.02(总过期0.78)元 
【京喜红包】1.95(将过期0.72)元 
【极速红包】0.06(将过期0.06)元 
【京东红包】0.01(将过期0.00)元 

******开始查询【京东账号2】jd_72476e50d1b0e*********
【账号2🆔】蓝闺q
【账号信息】🥉铜牌会员,京享值4464
【今日京豆】收22豆,支6豆
【昨日京豆】收38豆
【当前京豆】2360豆(≈23.60元)
【今日喜豆】收0豆
【昨日喜豆】收0豆
【当前喜豆】0喜豆(≈0.00元)
【京喜牧场】1枚鸡蛋
【极速金币】162410币(≈16.24元)
【京东赚赚】21250币(≈2.13元)
【东东农场】3斤柠檬(65%,13天)
【东东萌宠】活动未开启!
💸💸💸临期京豆明细💸💸💸
【2022-05-15】过期5豆
【2022-05-19】过期104豆
🧧🧧🧧红包明细🧧🧧🧧
【红包总额】2.40(总过期0.24)元 
【京喜红包】0.90(将过期0.24)元 
【京东红包】1.50(将过期0.00)元 

开始发送通知...
通知标题: 京东资产统计
成员ID:@all企业微信应用消息发送通知消息成功🎉。


🔔京东资产统计, 结束! 🕛 29.341 秒


## 执行结束... 2022-05-14 08:33:04 耗时 30 秒
