## 开始执行... 2022-05-09 21:29:01


🔔京东资产统计, 开始!

====================共2个京东账号Cookie=================

============脚本执行时间：2022/5/9 21:29:02=============

>>>>>>>>>>>>>>6Dylan6 提示：任务正常运行中>>>>>>>>>>>>>>>

******开始查询【京东账号1】jd_56ac883b2ee02*********


==============📣系统通知📣==============
京东资产统计
账号1：Wang_Happy_
数据异常
【账号1🆔】Wang_Happy_
【账号信息】🥈银牌会员,京享值5307
【今日京豆】收49豆
【昨日京豆】收52豆
【当前京豆】146豆(≈1.46元)
【今日喜豆】收0豆
【昨日喜豆】收0豆
【当前喜豆】0喜豆(≈0.00元)
【京喜牧场】1枚鸡蛋
【极速金币】52171币(≈5.22元)
【京东赚赚】20600币(≈2.06元)
【其他信息】领现金:2.13元
【东东农场】云南香水菠萝3斤(76%,4天)
【东东萌宠】3层抽纸巾30包(36%,2/4块)
🧧🧧🧧红包明细🧧🧧🧧
【红包总额】1.97(总过期0.51)元 
【京喜红包】1.44(将过期0.02)元 
【极速红包】0.23(将过期0.19)元 
【京东红包】0.30(将过期0.30)元 

******开始查询【京东账号2】jd_72476e50d1b0e*********
【账号2🆔】蓝闺q
【账号信息】🥉铜牌会员,京享值4422
【今日京豆】收37豆,支16豆
【昨日京豆】收56豆
【当前京豆】2242豆(≈22.42元)
【今日喜豆】收0豆
【昨日喜豆】收0豆
【当前喜豆】0喜豆(≈0.00元)
【京喜牧场】1枚鸡蛋
【极速金币】144697币(≈14.47元)
【京东赚赚】18950币(≈1.90元)
【其他信息】领现金:1.62元
【东东农场】3斤柠檬(46%,18天)
【东东萌宠】活动未开启!
💸💸💸临期京豆明细💸💸💸
【2022-05-13】过期6豆
【2022-05-15】过期5豆
🧧🧧🧧红包明细🧧🧧🧧
【红包总额】0.80(总过期0.20)元 
【京喜红包】0.64(将过期0.04)元 
【极速红包】0.16(将过期0.16)元 

开始发送通知...
通知标题: 京东资产统计
成员ID:@all企业微信应用消息发送通知消息成功🎉。


🔔京东资产统计, 结束! 🕛 29.341 秒


## 执行结束... 2022-05-09 21:29:31 耗时 30 秒
