## 开始执行... 2022-05-10 08:29:24


🔔京东资产统计, 开始!

====================共2个京东账号Cookie=================

============脚本执行时间：2022/5/10 08:29:25=============

>>>>>>>>>>>>>>6Dylan6 提示：任务正常运行中>>>>>>>>>>>>>>>

******开始查询【京东账号1】jd_56ac883b2ee02*********


==============📣系统通知📣==============
京东资产统计
账号1：Wang_Happy_
数据异常
【账号1🆔】Wang_Happy_
【账号信息】🥈银牌会员,京享值5307
【今日京豆】收9豆
【昨日京豆】收49豆
【当前京豆】155豆(≈1.55元)
【今日喜豆】收0豆
【昨日喜豆】收0豆
【当前喜豆】0喜豆(≈0.00元)
【京喜牧场】1枚鸡蛋
【极速金币】53151币(≈5.32元)
【京东赚赚】21400币(≈2.14元)
【其他信息】领现金:2.13元
【东东农场】云南香水菠萝3斤(80%,4天)
【东东萌宠】3层抽纸巾30包(38%,2/4块)
🧧🧧🧧红包明细🧧🧧🧧
【红包总额】2.13(总过期0.68)元 
【京喜红包】2.09(将过期0.64)元 
【极速红包】0.04(将过期0.04)元 

******开始查询【京东账号2】jd_72476e50d1b0e*********
【账号2🆔】蓝闺q
【账号信息】🥉铜牌会员,京享值4422
【今日京豆】收11豆
【昨日京豆】收37豆,支16豆
【当前京豆】2253豆(≈22.53元)
【今日喜豆】收0豆
【昨日喜豆】收0豆
【当前喜豆】0喜豆(≈0.00元)
【京喜牧场】1枚鸡蛋
【极速金币】145677币(≈14.57元)
【京东赚赚】19750币(≈1.98元)
【其他信息】领现金:1.62元
【东东农场】3斤柠檬(49%,18天)
【东东萌宠】活动未开启!
💸💸💸临期京豆明细💸💸💸
【2022-05-13】过期6豆
【2022-05-15】过期5豆
🧧🧧🧧红包明细🧧🧧🧧
【红包总额】0.88(总过期0.33)元 
【京喜红包】0.88(将过期0.33)元 

开始发送通知...
通知标题: 京东资产统计
成员ID:@all企业微信应用消息发送通知消息成功🎉。


🔔京东资产统计, 结束! 🕛 29.318 秒


## 执行结束... 2022-05-10 08:29:54 耗时 30 秒
