## 开始执行... 2022-05-12 08:29:08


🔔京东资产统计, 开始!

====================共2个京东账号Cookie=================

============脚本执行时间：2022/5/12 08:29:09=============

>>>>>>>>>>>>>>6Dylan6 提示：任务正常运行中>>>>>>>>>>>>>>>

******开始查询【京东账号1】jd_56ac883b2ee02*********


==============📣系统通知📣==============
京东资产统计
账号1：Wang_Happy_
数据异常
【账号1🆔】Wang_Happy_
【账号信息】🥈银牌会员,京享值5312
【今日京豆】收11豆
【昨日京豆】收32豆
【当前京豆】200豆(≈2.00元)
【今日喜豆】收0豆
【昨日喜豆】收0豆
【当前喜豆】0喜豆(≈0.00元)
【京喜牧场】1枚鸡蛋
【极速金币】61994币(≈6.20元)
【京东赚赚】22450币(≈2.25元)
【其他信息】领现金:2.13元
【东东农场】云南香水菠萝3斤(92%,1天)
【东东萌宠】3层抽纸巾30包(41%,2/4块)
🧧🧧🧧红包明细🧧🧧🧧
【红包总额】1.93(总过期0.67)元 
【京喜红包】1.93(将过期0.67)元 

******开始查询【京东账号2】jd_72476e50d1b0e*********
【账号2🆔】蓝闺q
【账号信息】🥉铜牌会员,京享值4464
【今日京豆】收8豆
【昨日京豆】收43豆
【当前京豆】2305豆(≈23.05元)
【今日喜豆】收0豆
【昨日喜豆】收0豆
【当前喜豆】0喜豆(≈0.00元)
【京喜牧场】1枚鸡蛋
【极速金币】153546币(≈15.35元)
【京东赚赚】20800币(≈2.08元)
【其他信息】领现金:1.62元
【东东农场】3斤柠檬(56%,16天)
【东东萌宠】活动未开启!
💸💸💸临期京豆明细💸💸💸
【2022-05-13】过期6豆
【2022-05-15】过期5豆
🧧🧧🧧红包明细🧧🧧🧧
【红包总额】1.03(总过期0.28)元 
【京喜红包】0.94(将过期0.28)元 
【极速红包】0.09(将过期0.00)元 

开始发送通知...
通知标题: 京东资产统计
成员ID:@all企业微信应用消息发送通知消息成功🎉。


🔔京东资产统计, 结束! 🕛 29.251 秒


## 执行结束... 2022-05-12 08:29:38 耗时 30 秒
