## 开始执行... 2022-05-13 21:30:54


🔔京东资产统计, 开始!

====================共2个京东账号Cookie=================

============脚本执行时间：2022/5/13 21:30:55=============

>>>>>>>>>>>>>>6Dylan6 提示：任务正常运行中>>>>>>>>>>>>>>>

******开始查询【京东账号1】jd_56ac883b2ee02*********


==============📣系统通知📣==============
京东资产统计
账号1：Wang_Happy_
数据异常
【账号1🆔】Wang_Happy_
【账号信息】🥈银牌会员,京享值5312
【今日京豆】收32豆
【昨日京豆】收13豆
【当前京豆】234豆(≈2.34元)
【今日喜豆】收0豆
【昨日喜豆】收0豆
【当前喜豆】0喜豆(≈0.00元)
【京喜牧场】1枚鸡蛋
【极速金币】67002币(≈6.70元)
【京东赚赚】22650币(≈2.27元)
【其他信息】领现金:2.13元
【东东农场】脐橙2斤装(3%,13天)
【东东萌宠】3层抽纸巾30包(43%,2/4块)
🧧🧧🧧红包明细🧧🧧🧧
【红包总额】2.04(总过期0.54)元 
【京喜红包】1.97(将过期0.54)元 
【极速红包】0.06(将过期0.00)元 
【京东红包】0.01(将过期0.00)元 

******开始查询【京东账号2】jd_72476e50d1b0e*********

❗️京东资产统计, 错误!

【账号2🆔】蓝闺q
【账号信息】🥉铜牌会员
【今日京豆】收38豆
【昨日京豆】收9豆
【当前京豆】2344豆(≈23.44元)
【今日喜豆】收0豆
【昨日喜豆】收0豆
【当前喜豆】0喜豆(≈0.00元)
【京喜牧场】1枚鸡蛋
【极速金币】158244币(≈15.82元)
【京东赚赚】21000币(≈2.10元)
【其他信息】领现金:1.62元
【东东农场】3斤柠檬(62%,11天)
【东东萌宠】活动未开启!
💸💸💸临期京豆明细💸💸💸
【2022-05-13】过期6豆
【2022-05-15】过期5豆
【2022-05-19】过期104豆
🧧🧧🧧红包明细🧧🧧🧧
【红包总额】1.00(总过期0.51)元 
【京喜红包】0.91(将过期0.42)元 
【极速红包】0.09(将过期0.09)元 

开始发送通知...
通知标题: 京东资产统计
成员ID:@all企业微信应用消息发送通知消息成功🎉。


🔔京东资产统计, 结束! 🕛 39.256 秒


## 执行结束... 2022-05-13 21:31:34 耗时 40 秒
