## 开始执行... 2022-05-08 21:28:11


🔔京东资产统计, 开始!

====================共2个京东账号Cookie=================

============脚本执行时间：2022/5/8 21:28:11=============

>>>>>>>>>>>>>>6Dylan6 提示：任务正常运行中>>>>>>>>>>>>>>>

******开始查询【京东账号1】jd_56ac883b2ee02*********


==============📣系统通知📣==============
京东资产统计
账号1：Wang_Happy_
数据异常
【账号1🆔】Wang_Happy_
【账号信息】🥈银牌会员,京享值5234
【今日京豆】收52豆
【昨日京豆】收45豆
【当前京豆】97豆(≈0.97元)
【今日喜豆】收0豆
【昨日喜豆】收0豆
【当前喜豆】0喜豆(≈0.00元)
【京喜牧场】1枚鸡蛋
【极速金币】47965币(≈4.80元)
【京东赚赚】20100币(≈2.01元)
【其他信息】领现金:2.13元
【东东农场】云南香水菠萝3斤(69%,3天)
【东东萌宠】3层抽纸巾30包(35%,2/4块)
🧧🧧🧧红包明细🧧🧧🧧
【红包总额】1.15(总过期0.00)元 
【京喜红包】0.66(将过期0.00)元 
【极速红包】0.19(将过期0.00)元 
【京东红包】0.30(将过期0.00)元 

******开始查询【京东账号2】jd_72476e50d1b0e*********
【账号2🆔】蓝闺q
【账号信息】🥉铜牌会员,京享值4398
【今日京豆】收56豆
【昨日京豆】收43豆
【当前京豆】2221豆(≈22.21元)
【今日喜豆】收0豆
【昨日喜豆】收0豆
【当前喜豆】0喜豆(≈0.00元)
【京喜牧场】1枚鸡蛋
【极速金币】140016币(≈14.00元)
【京东赚赚】18450币(≈1.84元)
【其他信息】领现金:1.62元
【东东农场】3斤柠檬(43%,17天)
【东东萌宠】活动未开启!
💸💸💸临期京豆明细💸💸💸
【2022-05-08】过期16豆
【2022-05-13】过期6豆
🧧🧧🧧红包明细🧧🧧🧧
【红包总额】0.53(总过期0.01)元 
【京喜红包】0.37(将过期0.01)元 
【极速红包】0.16(将过期0.00)元 

开始发送通知...
通知标题: 京东资产统计
成员ID:@all企业微信应用消息发送通知消息成功🎉。


🔔京东资产统计, 结束! 🕛 31.987 秒


## 执行结束... 2022-05-08 21:28:43 耗时 32 秒
