## 开始执行... 2022-05-11 08:30:40


🔔京东资产统计, 开始!

====================共2个京东账号Cookie=================

============脚本执行时间：2022/5/11 08:30:40=============

>>>>>>>>>>>>>>6Dylan6 提示：任务正常运行中>>>>>>>>>>>>>>>

******开始查询【京东账号1】jd_56ac883b2ee02*********


==============📣系统通知📣==============
京东资产统计
账号1：Wang_Happy_
数据异常
【账号1🆔】Wang_Happy_
【账号信息】🥈银牌会员,京享值5308
【今日京豆】收30豆
【昨日京豆】收11豆
【当前京豆】187豆(≈1.87元)
【今日喜豆】收0豆
【昨日喜豆】收0豆
【当前喜豆】0喜豆(≈0.00元)
【京喜牧场】1枚鸡蛋
【极速金币】57324币(≈5.73元)
【京东赚赚】22000币(≈2.20元)
【其他信息】领现金:2.13元
【东东农场】云南香水菠萝3斤(86%,3天)
【东东萌宠】3层抽纸巾30包(40%,2/4块)
🧧🧧🧧红包明细🧧🧧🧧
【红包总额】1.99(总过期0.78)元 
【京喜红包】1.99(将过期0.78)元 

******开始查询【京东账号2】jd_72476e50d1b0e*********
【账号2🆔】蓝闺q
【账号信息】🥉铜牌会员,京享值4434
【今日京豆】收42豆
【昨日京豆】收12豆
【当前京豆】2296豆(≈22.96元)
【今日喜豆】收0豆
【昨日喜豆】收0豆
【当前喜豆】0喜豆(≈0.00元)
【京喜牧场】1枚鸡蛋
【极速金币】149336币(≈14.93元)
【京东赚赚】20350币(≈2.04元)
【其他信息】领现金:1.62元
【东东农场】3斤柠檬(52%,16天)
【东东萌宠】活动未开启!
💸💸💸临期京豆明细💸💸💸
【2022-05-13】过期6豆
【2022-05-15】过期5豆
🧧🧧🧧红包明细🧧🧧🧧
【红包总额】0.97(总过期0.27)元 
【京喜红包】0.97(将过期0.27)元 

开始发送通知...
通知标题: 京东资产统计
成员ID:@all企业微信应用消息发送通知消息成功🎉。


🔔京东资产统计, 结束! 🕛 29.267 秒


## 执行结束... 2022-05-11 08:31:09 耗时 29 秒
