## 开始执行... 2022-05-09 08:20:25


🔔闪购盲盒, 开始!

====================共2个京东账号Cookie=================

============脚本执行时间：2022/5/9 08:20:25=============

>>>>>>>>>>>>>>6Dylan6 提示：任务正常运行中>>>>>>>>>>>>>>>

开始获取闪购盲盒配置文件

共2个京东账号

您提供了2个账号的闪购盲盒助力码

开始
第1个京东账号将要助力的好友["T0225KkcRxwd8lKCJRqglaUKIQCjVQmoaT5kRrbA"]

******开始【京东账号1】Wang_Happy_*********


14-邀请好友助力-已完成1-未完成10

【京东账号1（jd_56ac883b2ee02）的闪购盲盒好友互助码】T0225KkcRRhIplzfI0j2waIKdgCjVQmoaT5kRrbA

开始助力....
您今日已为好友助力过了哦~

8-浏览商品任务-全部已完成

7-浏览并关注店铺-已完成0-未完成2

华为京东自营官方旗舰店
success

SONY京东自营官方旗舰店
success

开始抽奖

开始抽奖

26-浏览并关注频道-全部已完成

9-浏览会场任务-全部已完成

开始抽奖
【京东账号1】Wang_Happy_
任务已完成，本次运行获得京豆0
开始
第2个京东账号将要助力的好友["T0225KkcRRhIplzfI0j2waIKdgCjVQmoaT5kRrbA"]

******开始【京东账号2】蓝闺q*********


14-邀请好友助力-已完成1-未完成10

【京东账号2（jd_72476e50d1b0e）的闪购盲盒好友互助码】T0225KkcRxwd8lKCJRqglaUKIQCjVQmoaT5kRrbA

开始助力....
您今日已为好友助力过了哦~

8-浏览商品任务-全部已完成

7-浏览并关注店铺-已完成0-未完成2

故宫文创官方旗舰店
success

华为京东自营官方旗舰店
success

开始抽奖

开始抽奖

26-浏览并关注频道-全部已完成

9-浏览会场任务-全部已完成

开始抽奖
【京东账号2】蓝闺q
任务已完成，本次运行获得京豆0

🔔闪购盲盒, 结束! 🕛 34.453 秒

"Timeout awaiting 'request' for 10000ms"
闪购盲盒 API请求失败，请检查网路重试

## 执行结束... 2022-05-09 08:21:16 耗时 51 秒
