## 开始执行... 2022-05-09 06:49:52


🔔京喜财富岛, 开始!

====================共2个京东账号Cookie=================

============脚本执行时间：2022/5/9 06:49:53=============

>>>>>>>>>>>>>>6Dylan6 提示：任务正常运行中>>>>>>>>>>>>>>>

获取签名参数成功！
fp: 6315064978504165
token: tk02waa191c6a18n88jJBwMudEJxQvzvFf0kunTo1g6+b2p/tAfY1smPE9MzKv0K8/Qvw0Tr51cKLfc9xaHHerRokpmd
enCryptMethodJD: function test(tk,fp,ts,ai,algo){var rd='8jJBwMudEJxZ';var str=`${tk}${fp}${ts}${ai}${rd}`;return algo.MD5(str)}

******开始【京东账号1】Wang_Happy_*********

获取用户信息：


当前等级:7,金币:129296116,财富值:26727,连续营业天数:38,离线收益:0

财富岛好友互助码每次运行都变化,旧的当天有效

【京东账号1（jd_56ac883b2ee02）的京喜财富岛好友互助码】2C37F2098259653D3D04309E057C2B3A090AEFD4A7BE8E67D6F43D6117776ECB
寻宝
开始寻宝
恭喜中奖，获得 300000 金币
恭喜中奖，获得 300000 金币
，获得 10000 金币
恭喜中奖，获得 300000 金币
恭喜中奖，获得 300000 金币

每日签到
今日已签到

小程序每日签到
今日已签到

使用道具卡
使用道具卡【海岛宝藏卡】成功

领助力奖励
领取助力奖励成功：获得726000金币 0财富 0元红包

收金币
【京喜美食城】收集10386金币
升级建筑
【京喜美食城】当前等级：41
【京喜美食城】升级需要52392096金币，保留升级需要的3倍157176288金币，当前拥有131242502金币
【京喜美食城】不满足升级条件，跳过升级

收金币
【京喜旅馆】收集16872金币
升级建筑
【京喜旅馆】当前等级：38
【京喜旅馆】升级需要51286867金币，保留升级需要的3倍153860601金币，当前拥有131259374金币
【京喜旅馆】不满足升级条件，跳过升级

收金币
【京喜商店】收集20680金币
升级建筑
【京喜商店】当前等级：40
【京喜商店】升级需要53932032金币，保留升级需要的3倍161796096金币，当前拥有131280054金币
【京喜商店】不满足升级条件，跳过升级

收金币
【京喜游乐场】收集21648金币
升级建筑
【京喜游乐场】当前等级：41
【京喜游乐场】升级需要47152886金币，保留升级需要的3倍141458658金币，当前拥有131301702金币
【京喜游乐场】不满足升级条件，跳过升级

接待贵宾
请贵宾下船，需等待30秒
贵宾'失眠人'下船成功
贵宾'失眠人'用餐成功：获得10000金币

收藏家
当前暂无收藏家

美人鱼
当前暂无美人鱼

倒垃圾
当前暂无垃圾


做任务
【🐮牛牛任务】已做完，宝箱已开启
【📆日常任务】已做完
获取【🎖成就任务】列表 ，总共1个任务！

开始第1个【🎖成就任务】去海边捡贝壳

【领成就奖励】去海边捡贝壳 获得财富值 ¥ 20


******开始【京东账号2】蓝闺q*********

获取用户信息：


当前等级:7,金币:134160576,财富值:21500,连续营业天数:32,离线收益:0

财富岛好友互助码每次运行都变化,旧的当天有效

【京东账号2（jd_72476e50d1b0e）的京喜财富岛好友互助码】ACDE0F4B82649C97DBC77C8438A58972CA03C3DFE32433E7FEB34A0018B78E68
寻宝
开始寻宝
恭喜中奖，获得 300000 金币
恭喜中奖，获得 300000 金币
，获得 10000 金币
恭喜中奖，获得 300000 金币
恭喜中奖，获得 300000 金币

每日签到
今日已签到

小程序每日签到
今日已签到

使用道具卡
使用道具卡【海岛宝藏卡】成功

领助力奖励
暂无可领助力奖励

收金币
【京喜美食城】收集7800金币
升级建筑
【京喜美食城】当前等级：39
【京喜美食城】升级需要45812520金币，保留升级需要的3倍137437560金币，当前拥有135378376金币
【京喜美食城】不满足升级条件，跳过升级

收金币
【京喜旅馆】收集13300金币
升级建筑
【京喜旅馆】当前等级：35
【京喜旅馆】升级需要41214096金币，保留升级需要的3倍123642288金币，当前拥有135391676金币
【京喜旅馆】满足升级条件，开始升级
【京喜旅馆】升级成功：获得182财富

收金币
【京喜商店】收集18480金币
升级建筑
【京喜商店】当前等级：36
【京喜商店】升级需要40709434金币，保留升级需要的3倍122128302金币，当前拥有94196060金币
【京喜商店】不满足升级条件，跳过升级

收金币
【京喜游乐场】收集19890金币
升级建筑
【京喜游乐场】当前等级：39
【京喜游乐场】升级需要41231268金币，保留升级需要的3倍123693804金币，当前拥有94215950金币
【京喜游乐场】不满足升级条件，跳过升级

接待贵宾
请贵宾下船，需等待30秒
贵宾'大胃王'下船成功
贵宾'大胃王'用餐成功：获得10000金币

收藏家
当前暂无收藏家

美人鱼
当前暂无美人鱼

倒垃圾
当前暂无垃圾


做任务
开始【🐮牛牛任务】去京东双签领京豆
【🐮牛牛任务】去京东双签领京豆 进度：1/1
【🐮领牛牛任务奖励】升级1个建筑 获得金币 ¥ 726000

【🐮领牛牛任务奖励】捡3个贝壳 获得金币 ¥ 726000

【🐮领牛牛任务奖励】去京东双签领京豆 获得金币 ¥ 726000

【🐮牛牛任务】已做完，去开启宝箱
【🐮牛牛任务】开启宝箱成功：获得财富 ¥ 100

获取【📆日常任务】列表 ，总共3个任务！

开始第1个【📆日常任务】秒杀低至1.9元

【📆日常任务】秒杀低至1.9元 进度：1/1
【领日常奖励】秒杀低至1.9元 获得金币 ¥ 726000

开始第2个【📆日常任务】养狗兑京豆

【📆日常任务】养狗兑京豆 进度：1/1
【领日常奖励】养狗兑京豆 获得金币 ¥ 726000

开始第3个【📆日常任务】浏览京喜好货

【📆日常任务】浏览京喜好货 进度：3/3
【领日常奖励】浏览京喜好货 任务为成就任务或者未到任务时间

获取【🎖成就任务】列表 ，总共1个任务！

开始第1个【🎖成就任务】升级海岛建筑

【领成就奖励】升级海岛建筑 获得财富值 ¥ 100

【去接待NPC】已完成，去领取奖励
【领卡片奖励】去接待NPC 获得 热带生鲜卡

您将要助力的好友["2C37F2098259653D3D04309E057C2B3A090AEFD4A7BE8E67D6F43D6117776ECB","ACDE0F4B82649C97DBC77C8438A58972CA03C3DFE32433E7FEB34A0018B78E68",""]

开始互助

账号jd_56ac883b2ee02 去助力 2C37F2098259653D3D04309E057C2B3A090AEFD4A7BE8E67D6F43D6117776ECB
助力失败：不能帮助自己
账号jd_56ac883b2ee02 去助力 ACDE0F4B82649C97DBC77C8438A58972CA03C3DFE32433E7FEB34A0018B78E68
助力失败：已助力
账号jd_56ac883b2ee02 去助力 
助力失败：参数错误

开始互助

账号jd_72476e50d1b0e 去助力 2C37F2098259653D3D04309E057C2B3A090AEFD4A7BE8E67D6F43D6117776ECB
助力失败：已助力
账号jd_72476e50d1b0e 去助力 ACDE0F4B82649C97DBC77C8438A58972CA03C3DFE32433E7FEB34A0018B78E68
助力失败：不能帮助自己
账号jd_72476e50d1b0e 去助力 
助力失败：参数错误

==============📣系统通知📣==============
京喜财富岛
【京东账号1】Wang_Happy_
【🥇金币】131301702
【💵财富值】26747

【京东账号2】蓝闺q
【🥇金币】97845950
【💵财富值】21882


🔔京喜财富岛, 结束! 🕛 322.306 秒


## 执行结束... 2022-05-09 06:55:32 耗时 340 秒
