## 开始执行... 2022-05-10 02:46:35


🔔京喜财富岛, 开始!

====================共2个京东账号Cookie=================

============脚本执行时间：2022/5/10 02:46:35=============

>>>>>>>>>>>>>>6Dylan6 提示：任务正常运行中>>>>>>>>>>>>>>>

获取签名参数成功！
fp: 1245494656702165
token: tk02wcc8e1d2c18nnIlsboaDLxG33q5FDU2XblctYmo0vPtZWIjDwveh/iXkMZb/foO9r38kxJCeeIjkmn2rOAoQev5f
enCryptMethodJD: function test(tk,fp,ts,ai,algo){var rd='IlsboaDLxG3f';var str=`${tk}${fp}${ts}${ai}${rd}`;return algo.MD5(str)}

******开始【京东账号1】Wang_Happy_*********

获取用户信息：


当前等级:7,金币:138420946,财富值:27226,连续营业天数:39,离线收益:0

财富岛好友互助码每次运行都变化,旧的当天有效

【京东账号1（jd_56ac883b2ee02）的京喜财富岛好友互助码】2C37F2098259653D3D04309E057C2B3A7E71F9E941AB45031BFA1BA7C9C5E3D1
寻宝
开始寻宝
恭喜中奖，获得 300000 金币
恭喜中奖，获得 300000 金币
，获得 10000 金币
恭喜中奖，获得 300000 金币
恭喜中奖，获得 300000 金币

每日签到
今日已签到

小程序每日签到
今日已签到

使用道具卡
使用道具卡【海岛宝藏卡】成功

领助力奖励
领取助力奖励成功：获得726000金币 0财富 0元红包

收金币
【京喜美食城】收集11069金币
升级建筑
【京喜美食城】当前等级：41
【京喜美食城】升级需要52392096金币，保留升级需要的3倍157176288金币，当前拥有140368015金币
【京喜美食城】不满足升级条件，跳过升级

收金币
【京喜旅馆】收集16872金币
升级建筑
【京喜旅馆】当前等级：38
【京喜旅馆】升级需要51286867金币，保留升级需要的3倍153860601金币，当前拥有140384887金币
【京喜旅馆】不满足升级条件，跳过升级

收金币
【京喜商店】收集20680金币
升级建筑
【京喜商店】当前等级：40
【京喜商店】升级需要53932032金币，保留升级需要的3倍161796096金币，当前拥有140405567金币
【京喜商店】不满足升级条件，跳过升级

收金币
【京喜游乐场】收集22704金币
升级建筑
【京喜游乐场】当前等级：43
【京喜游乐场】升级需要53613122金币，保留升级需要的3倍160839366金币，当前拥有140428271金币
【京喜游乐场】不满足升级条件，跳过升级

接待贵宾
请贵宾下船，需等待30秒
贵宾'大胃王'下船成功
贵宾'大胃王'用餐成功：获得10000金币

收藏家
当前暂无收藏家

美人鱼
当前暂无美人鱼

倒垃圾
当前暂无垃圾


做任务
【🐮领牛牛任务奖励】捡3个贝壳 获得金币 ¥ 726000

【🐮牛牛任务】未全部完成，无法开启宝箱

【📆日常任务】已做完
【🎖成就任务】没有可领奖的任务

【去京喜牧场免费领鸡蛋】已完成，去领取奖励
【领卡片奖励】去京喜牧场免费领鸡蛋 获得 海岛宝藏卡

【去京喜工厂0元领好物】已完成，去领取奖励
【领卡片奖励】去京喜工厂0元领好物 获得 超惠生活卡

【去接待NPC】已完成，去领取奖励
【领卡片奖励】去接待NPC 获得 海岛宝藏卡


******开始【京东账号2】蓝闺q*********

获取用户信息：


当前等级:7,金币:109374294,财富值:22100,连续营业天数:33,离线收益:0

财富岛好友互助码每次运行都变化,旧的当天有效

【京东账号2（jd_72476e50d1b0e）的京喜财富岛好友互助码】ACDE0F4B82649C97DBC77C8438A589726CD1C7DB99B5F61BB1DC939D8A8FD00F
寻宝
开始寻宝
恭喜中奖，获得 300000 金币
恭喜中奖，获得 300000 金币
，获得 10000 金币
恭喜中奖，获得 300000 金币
恭喜中奖，获得 300000 金币

每日签到
今日已签到

小程序每日签到
今日已签到

使用道具卡
使用道具卡【海岛宝藏卡】成功

领助力奖励
领取助力奖励成功：获得726000金币 0财富 0元红包

收金币
【京喜美食城】收集10666金币
升级建筑
【京喜美食城】当前等级：40
【京喜美食城】升级需要49029120金币，保留升级需要的3倍147087360金币，当前拥有111320960金币
【京喜美食城】不满足升级条件，跳过升级

收金币
【京喜旅馆】收集15840金币
升级建筑
【京喜旅馆】当前等级：36
【京喜旅馆】升级需要44410291金币，保留升级需要的3倍133230873金币，当前拥有111336800金币
【京喜旅馆】不满足升级条件，跳过升级

收金币
【京喜商店】收集19140金币
升级建筑
【京喜商店】当前等级：36
【京喜商店】升级需要40709434金币，保留升级需要的3倍122128302金币，当前拥有111355940金币
【京喜商店】不满足升级条件，跳过升级

收金币
【京喜游乐场】收集20475金币
升级建筑
【京喜游乐场】当前等级：39
【京喜游乐场】升级需要41231268金币，保留升级需要的3倍123693804金币，当前拥有111376415金币
【京喜游乐场】不满足升级条件，跳过升级

接待贵宾
请贵宾下船，需等待30秒
贵宾'大胃王'下船成功
贵宾'大胃王'用餐成功：获得10000金币

收藏家
当前暂无收藏家

美人鱼
当前暂无美人鱼

倒垃圾
当前暂无垃圾


做任务
开始【🐮牛牛任务】去京东双签领京豆
【🐮牛牛任务】去京东双签领京豆 进度：1/1
【🐮领牛牛任务奖励】捡3个贝壳 获得金币 ¥ 726000

【🐮牛牛任务】已做完，去开启宝箱
【🐮牛牛任务】开启宝箱成功：获得财富 ¥ 100

获取【📆日常任务】列表 ，总共9个任务！

开始第1个【📆日常任务】签到领无门槛红包

【📆日常任务】签到领无门槛红包 进度：1/1
【领日常奖励】签到领无门槛红包 获得金币 ¥ 726000

开始第2个【📆日常任务】大额券 放开领

【📆日常任务】大额券 放开领 进度：1/1
【领日常奖励】大额券 放开领 任务为成就任务或者未到任务时间

开始第3个【📆日常任务】秒杀低至1.9元

【📆日常任务】秒杀低至1.9元 进度：1/1
【领日常奖励】秒杀低至1.9元 任务为成就任务或者未到任务时间

开始第4个【📆日常任务】领红包，购物抵现

【📆日常任务】领红包，购物抵现 进度：1/1
【领日常奖励】领红包，购物抵现 任务为成就任务或者未到任务时间

开始第5个【📆日常任务】养狗兑京豆

【📆日常任务】养狗兑京豆 进度：1/1
【领日常奖励】养狗兑京豆 获得金币 ¥ 726000

开始第6个【📆日常任务】领888元红包

【📆日常任务】领888元红包 进度：1/1
【领日常奖励】领888元红包 任务为成就任务或者未到任务时间

开始第7个【📆日常任务】爱消除免费兑好礼

【📆日常任务】爱消除免费兑好礼 进度：1/1
【领日常奖励】爱消除免费兑好礼 获得金币 ¥ 726000

开始第8个【📆日常任务】助农好物推荐

【📆日常任务】助农好物推荐 进度：1/1
【领日常奖励】助农好物推荐 获得金币 ¥ 726000

开始第9个【📆日常任务】浏览京喜好货

【📆日常任务】浏览京喜好货 进度：3/3
【领日常奖励】浏览京喜好货 任务为成就任务或者未到任务时间

【🎖成就任务】没有可领奖的任务

【去京喜工厂0元领好物】已完成，去领取奖励
【领卡片奖励】去京喜工厂0元领好物 获得 热带生鲜卡

【去接待NPC】已完成，去领取奖励
【领卡片奖励】去接待NPC 获得 海岛宝藏卡

您将要助力的好友["2C37F2098259653D3D04309E057C2B3A7E71F9E941AB45031BFA1BA7C9C5E3D1","ACDE0F4B82649C97DBC77C8438A589726CD1C7DB99B5F61BB1DC939D8A8FD00F",""]

开始互助

账号jd_56ac883b2ee02 去助力 2C37F2098259653D3D04309E057C2B3A7E71F9E941AB45031BFA1BA7C9C5E3D1
助力失败：不能帮助自己
账号jd_56ac883b2ee02 去助力 ACDE0F4B82649C97DBC77C8438A589726CD1C7DB99B5F61BB1DC939D8A8FD00F
助力失败：已助力
账号jd_56ac883b2ee02 去助力 
助力失败：参数错误

开始互助

账号jd_72476e50d1b0e 去助力 2C37F2098259653D3D04309E057C2B3A7E71F9E941AB45031BFA1BA7C9C5E3D1
助力失败：已助力
账号jd_72476e50d1b0e 去助力 ACDE0F4B82649C97DBC77C8438A589726CD1C7DB99B5F61BB1DC939D8A8FD00F
助力失败：不能帮助自己
账号jd_72476e50d1b0e 去助力 
助力失败：参数错误

==============📣系统通知📣==============
京喜财富岛
【京东账号1】Wang_Happy_
【🥇金币】141154271
【💵财富值】27226

【京东账号2】蓝闺q
【🥇金币】115006415
【💵财富值】22200


🔔京喜财富岛, 结束! 🕛 350.088 秒


## 执行结束... 2022-05-10 02:52:43 耗时 368 秒
