## 开始执行... 2022-05-12 14:47:32


🔔京喜财富岛, 开始!

====================共2个京东账号Cookie=================

============脚本执行时间：2022/5/12 14:47:32=============

>>>>>>>>>>>>>>6Dylan6 提示：任务正常运行中>>>>>>>>>>>>>>>

获取签名参数成功！
fp: 1790095641569165
token: tk02w69fc1af118nOB23D6fcn18uZ0AVbhKJ0jGksbJO2VifQayP0rGziB1c9eoY6PNb/B31+cw18Q0zgceYp2TuwnK1
enCryptMethodJD: function test(tk,fp,ts,ai,algo){var rd='B23D6fcn18u5';var str=`${tk}${fp}${ts}${ai}${rd}`;return algo.SHA512(str)}

******开始【京东账号1】Wang_Happy_*********

获取用户信息：


当前等级:7,金币:158165144,财富值:29362,连续营业天数:41,离线收益:0

财富岛好友互助码每次运行都变化,旧的当天有效

【京东账号1（jd_56ac883b2ee02）的京喜财富岛好友互助码】2C37F2098259653D3D04309E057C2B3A0FA11710E14C7EA60221130EF5036FCC
寻宝
暂无宝物

每日签到
今日已签到

小程序每日签到
今日已签到

使用道具卡
使用道具卡【热带生鲜卡】成功

领助力奖励
暂无可领助力奖励

收金币
【京喜美食城】收集4299金币
升级建筑
【京喜美食城】当前等级：43
【京喜美食城】升级需要59570136金币，保留升级需要的3倍178710408金币，当前拥有158169443金币
【京喜美食城】不满足升级条件，跳过升级

收金币
【京喜旅馆】收集7680金币
升级建筑
【京喜旅馆】当前等级：40
【京喜旅馆】升级需要58834944金币，保留升级需要的3倍176504832金币，当前拥有158177123金币
【京喜旅馆】不满足升级条件，跳过升级

收金币
【京喜商店】收集10372金币
升级建筑
【京喜商店】当前等级：41
【京喜商店】升级需要57631306金币，保留升级需要的3倍172893918金币，当前拥有158187495金币
【京喜商店】不满足升级条件，跳过升级

收金币
【京喜游乐场】收集11484金币
升级建筑
【京喜游乐场】当前等级：44
【京喜游乐场】升级需要57052512金币，保留升级需要的3倍171157536金币，当前拥有158198979金币
【京喜游乐场】不满足升级条件，跳过升级

接待贵宾
当前暂无贵宾

收藏家
当前暂无收藏家

美人鱼
当前暂无美人鱼

倒垃圾
当前暂无垃圾


做任务
【🐮牛牛任务】已做完，宝箱已开启
【📆日常任务】已做完
【🎖成就任务】没有可领奖的任务


******开始【京东账号2】蓝闺q*********

获取用户信息：


当前等级:7,金币:142178650,财富值:23887,连续营业天数:35,离线收益:0

财富岛好友互助码每次运行都变化,旧的当天有效

【京东账号2（jd_72476e50d1b0e）的京喜财富岛好友互助码】ACDE0F4B82649C97DBC77C8438A5897269106EBBBD8D6940A600EEFF433EA495
寻宝
开始寻宝
寻宝失败：岛上信号有点弱，请稍后再试

每日签到
今日已签到

小程序每日签到
今日已签到

使用道具卡
使用道具卡失败：{"FcmInfo":{},"iRet":1023,"sErrMsg":"岛上信号有点弱，请稍后再试"}

领助力奖励
暂无可领助力奖励

收金币
【京喜美食城】收集undefined金币
升级建筑
【京喜美食城】当前等级：40
【京喜美食城】升级需要49029120金币，保留升级需要的3倍147087360金币，当前拥有142178650金币
【京喜美食城】不满足升级条件，跳过升级

收金币
【京喜旅馆】收集undefined金币
升级建筑
【京喜旅馆】当前等级：37
【京喜旅馆】升级需要47766586金币，保留升级需要的3倍143299758金币，当前拥有142178650金币
【京喜旅馆】不满足升级条件，跳过升级

收金币
【京喜商店】收集undefined金币
升级建筑
【京喜商店】当前等级：38
【京喜商店】升级需要47012962金币，保留升级需要的3倍141038886金币，当前拥有142178650金币
【京喜商店】满足升级条件，开始升级
【京喜商店】升级失败：岛上信号有点弱，请稍后再试

收金币
【京喜游乐场】收集undefined金币
"Response code 401 (Unauthorized)"
京喜财富岛 QueryUserInfo API请求失败，请检查网路重试
升级建筑
【京喜游乐场】当前等级：41
【京喜游乐场】升级需要47152886金币，保留升级需要的3倍141458658金币，当前拥有142178650金币
【京喜游乐场】满足升级条件，开始升级
【京喜游乐场】升级失败：岛上信号有点弱，请稍后再试

接待贵宾
请贵宾下船，需等待30秒
贵宾'小情侣'下船失败 岛上信号有点弱，请稍后再试

贵宾'小情侣'用餐失败：岛上信号有点弱，请稍后再试

收藏家
当前暂无收藏家

美人鱼
当前暂无美人鱼

倒垃圾
当前暂无垃圾


做任务
【🐮牛牛任务】已做完，宝箱已开启
【📆日常任务】已做完
【🎖成就任务】没有可领奖的任务

您将要助力的好友["2C37F2098259653D3D04309E057C2B3A0FA11710E14C7EA60221130EF5036FCC","ACDE0F4B82649C97DBC77C8438A5897269106EBBBD8D6940A600EEFF433EA495",""]

开始互助

账号jd_56ac883b2ee02 去助力 2C37F2098259653D3D04309E057C2B3A0FA11710E14C7EA60221130EF5036FCC
助力失败：不能帮助自己
账号jd_56ac883b2ee02 去助力 ACDE0F4B82649C97DBC77C8438A5897269106EBBBD8D6940A600EEFF433EA495
助力失败：已助力
账号jd_56ac883b2ee02 去助力 
助力失败：参数错误

开始互助

账号jd_72476e50d1b0e 去助力 2C37F2098259653D3D04309E057C2B3A0FA11710E14C7EA60221130EF5036FCC
助力失败：岛上信号有点弱，请稍后再试
账号jd_72476e50d1b0e 去助力 ACDE0F4B82649C97DBC77C8438A5897269106EBBBD8D6940A600EEFF433EA495
助力失败：岛上信号有点弱，请稍后再试
账号jd_72476e50d1b0e 去助力 
助力失败：岛上信号有点弱，请稍后再试

==============📣系统通知📣==============
京喜财富岛
【京东账号1】Wang_Happy_
【🥇金币】158198979
【💵财富值】29362

【京东账号2】蓝闺q
【🥇金币】142178650
【💵财富值】23887


🔔京喜财富岛, 结束! 🕛 212.594 秒


## 执行结束... 2022-05-12 14:51:22 耗时 230 秒
