## 开始执行... 2022-05-14 12:46:41


🔔京喜财富岛, 开始!

====================共2个京东账号Cookie=================

============脚本执行时间：2022/5/14 12:46:41=============

>>>>>>>>>>>>>>6Dylan6 提示：任务正常运行中>>>>>>>>>>>>>>>

获取签名参数成功！
fp: 4520163170877165
token: tk02wa3391c0a18nITB8bpUd0MOMXdi+ifpjq4DSttNx+xbj6/xkUJsVTLWTOL4bSC/a3KcNEfLEfthmMbqKRKhS75lf
enCryptMethodJD: function test(tk,fp,ts,ai,algo){var rd='TB8bpUd0MOMJ';var str=`${tk}${fp}${ts}${ai}${rd}`;return algo.MD5(str)}

******开始【京东账号1】Wang_Happy_*********

获取用户信息：


当前等级:8,金币:187155773,财富值:30632,连续营业天数:43,离线收益:0

财富岛好友互助码每次运行都变化,旧的当天有效

【京东账号1（jd_56ac883b2ee02）的京喜财富岛好友互助码】2C37F2098259653D3D04309E057C2B3AAC06D88AECB93D4ABF30CBFBA74AC76D
寻宝
暂无宝物

每日签到
今日已签到

小程序每日签到
今日已签到

使用道具卡
使用道具卡【热带生鲜卡】成功

领助力奖励
暂无可领助力奖励

收金币
【京喜美食城】收集4400金币
升级建筑
【京喜美食城】当前等级：44
【京喜美食城】升级需要63391680金币，保留升级需要的3倍190175040金币，当前拥有187160173金币
【京喜美食城】不满足升级条件，跳过升级

收金币
【京喜旅馆】收集8364金币
升级建筑
【京喜旅馆】当前等级：41
【京喜旅馆】升级需要62870515金币，保留升级需要的3倍188611545金币，当前拥有187168537金币
【京喜旅馆】不满足升级条件，跳过升级

收金币
【京喜商店】收集11088金币
升级建筑
【京喜商店】当前等级：42
【京喜商店】升级需要61495157金币，保留升级需要的3倍184485471金币，当前拥有187179625金币
【京喜商店】满足升级条件，开始升级
【京喜商店】升级成功：获得210财富

收金币
【京喜游乐场】收集13365金币
升级建筑
【京喜游乐场】当前等级：45
【京喜游乐场】升级需要60635304金币，保留升级需要的3倍181905912金币，当前拥有125697833金币
【京喜游乐场】不满足升级条件，跳过升级

接待贵宾
当前暂无贵宾

收藏家
当前暂无收藏家

美人鱼
当前暂无美人鱼

倒垃圾
获取垃圾信息成功：本次不需要垃圾分类
倒垃圾成功：获得1000金币


做任务
【🐮牛牛任务】已做完，宝箱已开启
【📆日常任务】已做完
【🎖成就任务】没有可领奖的任务


******开始【京东账号2】蓝闺q*********

获取用户信息：


当前等级:7,金币:131838705,财富值:25034,连续营业天数:37,离线收益:0

财富岛好友互助码每次运行都变化,旧的当天有效

【京东账号2（jd_72476e50d1b0e）的京喜财富岛好友互助码】ACDE0F4B82649C97DBC77C8438A5897289AFB74152C0C9430BE11851435F2910
寻宝
开始寻宝
恭喜中奖，获得 300000 金币
恭喜中奖，获得 300000 金币
恭喜中奖，获得 300000 金币
恭喜中奖，获得 300000 金币
恭喜中奖，获得 300000 金币
恭喜中奖，获得 300000 金币

每日签到
今日已签到

小程序每日签到
今日已签到

使用道具卡
使用道具卡【海岛宝藏卡】成功

领助力奖励
暂无可领助力奖励

收金币
【京喜美食城】收集9800金币
升级建筑
【京喜美食城】当前等级：42
【京喜美食城】升级需要55904688金币，保留升级需要的3倍167714064金币，当前拥有145686161金币
【京喜美食城】不满足升级条件，跳过升级

收金币
【京喜旅馆】收集15600金币
升级建筑
【京喜旅馆】当前等级：39
【京喜旅馆】升级需要54975024金币，保留升级需要的3倍164925072金币，当前拥有145701761金币
【京喜旅馆】不满足升级条件，跳过升级

收金币
【京喜商店】收集18809金币
升级建筑
【京喜商店】当前等级：38
【京喜商店】升级需要47012962金币，保留升级需要的3倍141038886金币，当前拥有145720570金币
【京喜商店】满足升级条件，开始升级
【京喜商店】升级成功：获得194财富

收金币
【京喜游乐场】收集22140金币
升级建筑
【京喜游乐场】当前等级：41
【京喜游乐场】升级需要47152886金币，保留升级需要的3倍141458658金币，当前拥有98729748金币
【京喜游乐场】不满足升级条件，跳过升级

接待贵宾
请贵宾下船，需等待30秒
贵宾'失眠人'下船成功
贵宾'失眠人'用餐成功：获得10000金币

收藏家
当前暂无收藏家

美人鱼
当前暂无美人鱼

倒垃圾
获取垃圾信息成功：本次不需要垃圾分类
倒垃圾成功：获得1000金币


做任务
【🐮牛牛任务】已做完，宝箱已开启
获取【📆日常任务】列表 ，总共1个任务！

开始第1个【📆日常任务】领888元红包

【📆日常任务】领888元红包 进度：1/1
【领日常奖励】领888元红包 获得金币 ¥ 726000

【🎖成就任务】没有可领奖的任务

您将要助力的好友["2C37F2098259653D3D04309E057C2B3AAC06D88AECB93D4ABF30CBFBA74AC76D","ACDE0F4B82649C97DBC77C8438A5897289AFB74152C0C9430BE11851435F2910"]

开始互助

账号jd_56ac883b2ee02 去助力 2C37F2098259653D3D04309E057C2B3AAC06D88AECB93D4ABF30CBFBA74AC76D
助力失败：不能帮助自己
账号jd_56ac883b2ee02 去助力 ACDE0F4B82649C97DBC77C8438A5897289AFB74152C0C9430BE11851435F2910
助力失败：已助力

开始互助

账号jd_72476e50d1b0e 去助力 2C37F2098259653D3D04309E057C2B3AAC06D88AECB93D4ABF30CBFBA74AC76D
助力失败：已助力
账号jd_72476e50d1b0e 去助力 ACDE0F4B82649C97DBC77C8438A5897289AFB74152C0C9430BE11851435F2910
助力失败：不能帮助自己

==============📣系统通知📣==============
京喜财富岛
【京东账号1】Wang_Happy_
【🥇金币】125698833
【💵财富值】30842

【京东账号2】蓝闺q
【🥇金币】99456748
【💵财富值】25278


🔔京喜财富岛, 结束! 🕛 259.106 秒


## 执行结束... 2022-05-14 12:51:21 耗时 280 秒
