## 开始执行... 2022-05-07 22:46:45


🔔京喜财富岛, 开始!

====================共2个京东账号Cookie=================

============脚本执行时间：2022/5/7 22:46:45=============

>>>>>>>>>>>>>>6Dylan6 提示：任务正常运行中>>>>>>>>>>>>>>>

获取签名参数成功！
fp: 0818441888734165
token: tk02w99721b8118nL3FpjdE0oj3oiU3KvCfdT6rS5Wqf6cMrdZObJ3ESjGoQXk3pO7Bo46zXissu41b0BIg65N4syHWB
enCryptMethodJD: function test(tk,fp,ts,ai,algo){var rd='3FpjdE0oj3oc';var str=`${tk}${fp}${ts}${ai}${rd}`;return algo.HmacSHA512(str,tk)}

******开始【京东账号1】Wang_Happy_*********

获取用户信息：


当前等级:7,金币:99959711,财富值:25820,连续营业天数:36,离线收益:0

财富岛好友互助码每次运行都变化,旧的当天有效

【京东账号1（jd_56ac883b2ee02）的京喜财富岛好友互助码】2C37F2098259653D3D04309E057C2B3A076E8A7A7286AD4A6FFD6C573E69D9AB
寻宝
暂无宝物

每日签到
今日已签到

小程序每日签到
今日已签到


领助力奖励
暂无可领助力奖励

收金币
【京喜美食城】收集342799金币
升级建筑
【京喜美食城】当前等级：40
【京喜美食城】升级需要49029120金币，保留升级需要的3倍147087360金币，当前拥有100302510金币
【京喜美食城】不满足升级条件，跳过升级

收金币
【京喜旅馆】收集380656金币
升级建筑
【京喜旅馆】当前等级：37
【京喜旅馆】升级需要47766586金币，保留升级需要的3倍143299758金币，当前拥有100683166金币
【京喜旅馆】不满足升级条件，跳过升级

收金币
【京喜商店】收集367939金币
升级建筑
【京喜商店】当前等级：39
【京喜商店】升级需要50393772金币，保留升级需要的3倍151181316金币，当前拥有101051105金币
【京喜商店】不满足升级条件，跳过升级

收金币
【京喜游乐场】收集316602金币
升级建筑
【京喜游乐场】当前等级：41
【京喜游乐场】升级需要47152886金币，保留升级需要的3倍141458658金币，当前拥有101367707金币
【京喜游乐场】不满足升级条件，跳过升级

接待贵宾
当前暂无贵宾

收藏家
当前暂无收藏家

美人鱼
当前暂无美人鱼

倒垃圾
当前暂无垃圾


做任务
【🐮牛牛任务】已做完，宝箱已开启
【📆日常任务】已做完
【🎖成就任务】没有可领奖的任务


******开始【京东账号2】蓝闺q*********

获取用户信息：


当前等级:7,金币:80617514,财富值:20926,连续营业天数:30,离线收益:0

财富岛好友互助码每次运行都变化,旧的当天有效

【京东账号2（jd_72476e50d1b0e）的京喜财富岛好友互助码】ACDE0F4B82649C97DBC77C8438A589726435E016C809AC53218B1BCB609280A0
寻宝
暂无宝物

每日签到
今日已签到

小程序每日签到
今日已签到


领助力奖励
暂无可领助力奖励

收金币
【京喜美食城】收集317336金币
升级建筑
【京喜美食城】当前等级：37
【京喜美食城】升级需要39805488金币，保留升级需要的3倍119416464金币，当前拥有80934850金币
【京喜美食城】不满足升级条件，跳过升级

收金币
【京喜旅馆】收集360360金币
升级建筑
【京喜旅馆】当前等级：35
【京喜旅馆】升级需要41214096金币，保留升级需要的3倍123642288金币，当前拥有81295210金币
【京喜旅馆】不满足升级条件，跳过升级

收金币
【京喜商店】收集340032金币
升级建筑
【京喜商店】当前等级：36
【京喜商店】升级需要40709434金币，保留升级需要的3倍122128302金币，当前拥有81635242金币
【京喜商店】不满足升级条件，跳过升级

收金币
【京喜游乐场】收集301392金币
升级建筑
【京喜游乐场】当前等级：39
【京喜游乐场】升级需要41231268金币，保留升级需要的3倍123693804金币，当前拥有81936634金币
【京喜游乐场】不满足升级条件，跳过升级

接待贵宾
当前暂无贵宾

收藏家
当前暂无收藏家

美人鱼
当前暂无美人鱼

倒垃圾
当前暂无垃圾


做任务
【🐮牛牛任务】已做完，宝箱已开启
【📆日常任务】已做完
【🎖成就任务】没有可领奖的任务

您将要助力的好友["2C37F2098259653D3D04309E057C2B3A076E8A7A7286AD4A6FFD6C573E69D9AB","ACDE0F4B82649C97DBC77C8438A589726435E016C809AC53218B1BCB609280A0",""]

开始互助

账号jd_56ac883b2ee02 去助力 2C37F2098259653D3D04309E057C2B3A076E8A7A7286AD4A6FFD6C573E69D9AB
助力失败：不能帮助自己
账号jd_56ac883b2ee02 去助力 ACDE0F4B82649C97DBC77C8438A589726435E016C809AC53218B1BCB609280A0
助力失败：今日助力次数达到上限，明天再来帮忙吧~

开始互助

账号jd_72476e50d1b0e 去助力 2C37F2098259653D3D04309E057C2B3A076E8A7A7286AD4A6FFD6C573E69D9AB
助力失败：今日助力次数达到上限，明天再来帮忙吧~

==============📣系统通知📣==============
京喜财富岛
【京东账号1】Wang_Happy_
【🥇金币】101367707
【💵财富值】25820

【京东账号2】蓝闺q
【🥇金币】81936634
【💵财富值】20926


🔔京喜财富岛, 结束! 🕛 140.884 秒


## 执行结束... 2022-05-07 22:49:30 耗时 165 秒
