## 开始执行... 2022-05-12 22:47:06


🔔京喜财富岛, 开始!

====================共2个京东账号Cookie=================

============脚本执行时间：2022/5/12 22:47:06=============

>>>>>>>>>>>>>>6Dylan6 提示：任务正常运行中>>>>>>>>>>>>>>>

获取签名参数成功！
fp: 2992886302176165
token: tk02we6e31d5e18nkXrloCgfJrCKFlgrNgaoweUGASZB9OnqxxwZfka4Ab3AdsnAe5/Q6lUJRzyAVPaYqGn7P0wBXolw
enCryptMethodJD: function test(tk,fp,ts,ai,algo){var rd='XrloCgfJrCKB';var str=`${tk}${fp}${ts}${ai}${rd}`;return algo.SHA512(str)}

******开始【京东账号1】Wang_Happy_*********

获取用户信息：


当前等级:7,金币:136481260,财富值:29568,连续营业天数:41,离线收益:0

财富岛好友互助码每次运行都变化,旧的当天有效

【京东账号1（jd_56ac883b2ee02）的京喜财富岛好友互助码】2C37F2098259653D3D04309E057C2B3AB340FE036A6F6D6DD42E5DBB4EDA1A7F
寻宝
暂无宝物

每日签到
今日已签到

小程序每日签到
今日已签到


领助力奖励
暂无可领助力奖励

收金币
【京喜美食城】收集1863金币
升级建筑
【京喜美食城】当前等级：43
【京喜美食城】升级需要59570136金币，保留升级需要的3倍178710408金币，当前拥有136483123金币
【京喜美食城】不满足升级条件，跳过升级

收金币
【京喜旅馆】收集3040金币
升级建筑
【京喜旅馆】当前等级：40
【京喜旅馆】升级需要58834944金币，保留升级需要的3倍176504832金币，当前拥有136486163金币
【京喜旅馆】不满足升级条件，跳过升级

收金币
【京喜商店】收集3850金币
升级建筑
【京喜商店】当前等级：42
【京喜商店】升级需要61495157金币，保留升级需要的3倍184485471金币，当前拥有136490013金币
【京喜商店】不满足升级条件，跳过升级

收金币
【京喜游乐场】收集4224金币
升级建筑
【京喜游乐场】当前等级：44
【京喜游乐场】升级需要57052512金币，保留升级需要的3倍171157536金币，当前拥有136494237金币
【京喜游乐场】不满足升级条件，跳过升级

接待贵宾
当前暂无贵宾

收藏家
当前暂无收藏家

美人鱼
当前暂无美人鱼

倒垃圾
当前暂无垃圾


做任务
【🐮牛牛任务】已做完，宝箱已开启
【📆日常任务】已做完
【🎖成就任务】没有可领奖的任务


******开始【京东账号2】蓝闺q*********

获取用户信息：


当前等级:7,金币:122377366,财富值:24089,连续营业天数:35,离线收益:0

财富岛好友互助码每次运行都变化,旧的当天有效

【京东账号2（jd_72476e50d1b0e）的京喜财富岛好友互助码】ACDE0F4B82649C97DBC77C8438A5897277422B3D27F1762C3D764A544F55FC21
寻宝
开始寻宝
寻宝失败：岛上信号有点弱，请稍后再试

每日签到
今日已签到

小程序每日签到
今日已签到


领助力奖励
暂无可领助力奖励

收金币
【京喜美食城】收集undefined金币
升级建筑
【京喜美食城】当前等级：41
【京喜美食城】升级需要52392096金币，保留升级需要的3倍157176288金币，当前拥有122377366金币
【京喜美食城】不满足升级条件，跳过升级

收金币
【京喜旅馆】收集undefined金币
升级建筑
【京喜旅馆】当前等级：37
【京喜旅馆】升级需要47766586金币，保留升级需要的3倍143299758金币，当前拥有122377366金币
【京喜旅馆】不满足升级条件，跳过升级

收金币
【京喜商店】收集undefined金币
升级建筑
【京喜商店】当前等级：38
【京喜商店】升级需要47012962金币，保留升级需要的3倍141038886金币，当前拥有122377366金币
【京喜商店】不满足升级条件，跳过升级

收金币
【京喜游乐场】收集undefined金币
"Response code 401 (Unauthorized)"
京喜财富岛 QueryUserInfo API请求失败，请检查网路重试
升级建筑
【京喜游乐场】当前等级：41
【京喜游乐场】升级需要47152886金币，保留升级需要的3倍141458658金币，当前拥有122377366金币
【京喜游乐场】不满足升级条件，跳过升级

接待贵宾
请贵宾下船，需等待30秒
贵宾'失眠人'下船失败 岛上信号有点弱，请稍后再试

贵宾'失眠人'用餐失败：岛上信号有点弱，请稍后再试

收藏家
当前暂无收藏家

美人鱼
当前暂无美人鱼

倒垃圾
当前暂无垃圾


做任务
【🐮牛牛任务】已做完，宝箱已开启
【📆日常任务】已做完
【🎖成就任务】没有可领奖的任务

"Response code 401 (Unauthorized)"
京喜财富岛 QueryUserInfo API请求失败，请检查网路重试

❗️京喜财富岛, 错误!
TypeError: Cannot read properties of undefined (reading 'ddwCoinBalance')
    at cfd (/ql/data/scripts/6dylan6_jdpro/jd_cfd.js:282:26)
    at process.processTicksAndRejections (node:internal/process/task_queues:95:5)
    at async /ql/data/scripts/6dylan6_jdpro/jd_cfd.js:88:7
您将要助力的好友["2C37F2098259653D3D04309E057C2B3AB340FE036A6F6D6DD42E5DBB4EDA1A7F","ACDE0F4B82649C97DBC77C8438A5897277422B3D27F1762C3D764A544F55FC21",""]

开始互助

账号jd_56ac883b2ee02 去助力 2C37F2098259653D3D04309E057C2B3AB340FE036A6F6D6DD42E5DBB4EDA1A7F
助力失败：不能帮助自己
账号jd_56ac883b2ee02 去助力 ACDE0F4B82649C97DBC77C8438A5897277422B3D27F1762C3D764A544F55FC21
助力失败：已助力
账号jd_56ac883b2ee02 去助力 
助力失败：参数错误

开始互助

账号jd_72476e50d1b0e 去助力 2C37F2098259653D3D04309E057C2B3AB340FE036A6F6D6DD42E5DBB4EDA1A7F
助力失败：岛上信号有点弱，请稍后再试
账号jd_72476e50d1b0e 去助力 ACDE0F4B82649C97DBC77C8438A5897277422B3D27F1762C3D764A544F55FC21
助力失败：岛上信号有点弱，请稍后再试
账号jd_72476e50d1b0e 去助力 
助力失败：岛上信号有点弱，请稍后再试

==============📣系统通知📣==============
京喜财富岛
【京东账号1】Wang_Happy_
【🥇金币】136494237
【💵财富值】29568


🔔京喜财富岛, 结束! 🕛 195.898 秒


## 执行结束... 2022-05-12 22:50:39 耗时 213 秒
