## 开始执行... 2022-05-13 02:48:50


🔔京喜财富岛, 开始!

====================共2个京东账号Cookie=================

============脚本执行时间：2022/5/13 02:48:51=============

>>>>>>>>>>>>>>6Dylan6 提示：任务正常运行中>>>>>>>>>>>>>>>

获取签名参数成功！
fp: 2958214882597165
token: tk02wd5611c5318nhH2cxswMazYzqeXyWtekiYU79WV6FP81vWItCwbDVAaj6IdIk51CeiAVynMpYRi5d/0gBNh25uk/
enCryptMethodJD: function test(tk,fp,ts,ai,algo){var rd='H2cxswMazYzi';var str=`${tk}${fp}${ts}${ai}${rd}`;return algo.MD5(str)}

******开始【京东账号1】Wang_Happy_*********

获取用户信息：


当前等级:7,金币:161701558,财富值:29588,连续营业天数:42,离线收益:0

财富岛好友互助码每次运行都变化,旧的当天有效

【京东账号1（jd_56ac883b2ee02）的京喜财富岛好友互助码】2C37F2098259653D3D04309E057C2B3AA12424AC6BD80F91EF994EEEDC461C10
寻宝
开始寻宝
恭喜中奖，获得 300000 金币
恭喜中奖，获得 300000 金币
恭喜中奖，获得 300000 金币
恭喜中奖，获得 300000 金币
恭喜中奖，获得 300000 金币
恭喜中奖，获得 300000 金币

每日签到
今日已签到

小程序每日签到
今日已签到

使用道具卡
使用道具卡【海岛宝藏卡】成功

领助力奖励
暂无可领助力奖励

收金币
【京喜美食城】收集9890金币
升级建筑
【京喜美食城】当前等级：43
【京喜美食城】升级需要59570136金币，保留升级需要的3倍178710408金币，当前拥有163511448金币
【京喜美食城】不满足升级条件，跳过升级

收金币
【京喜旅馆】收集15840金币
升级建筑
【京喜旅馆】当前等级：40
【京喜旅馆】升级需要58834944金币，保留升级需要的3倍176504832金币，当前拥有163527288金币
【京喜旅馆】不满足升级条件，跳过升级

收金币
【京喜商店】收集20636金币
升级建筑
【京喜商店】当前等级：42
【京喜商店】升级需要61495157金币，保留升级需要的3倍184485471金币，当前拥有163547924金币
【京喜商店】不满足升级条件，跳过升级

收金币
【京喜游乐场】收集21648金币
升级建筑
【京喜游乐场】当前等级：44
【京喜游乐场】升级需要57052512金币，保留升级需要的3倍171157536金币，当前拥有163569572金币
【京喜游乐场】不满足升级条件，跳过升级

接待贵宾
请贵宾下船，需等待30秒
贵宾'大胃王'下船成功
贵宾'大胃王'用餐成功：获得10000金币

收藏家
当前暂无收藏家

美人鱼
当前暂无美人鱼

倒垃圾
当前暂无垃圾


做任务
【🐮领牛牛任务奖励】捡3个贝壳 获得金币 ¥ 726000

【🐮牛牛任务】未全部完成，无法开启宝箱

【📆日常任务】已做完
【🎖成就任务】没有可领奖的任务

【去京喜牧场免费领鸡蛋】已完成，去领取奖励
【领卡片奖励】去京喜牧场免费领鸡蛋 获得 超惠生活卡

【去京喜工厂0元领好物】已完成，去领取奖励
【领卡片奖励】去京喜工厂0元领好物 获得 超惠生活卡

【去接待NPC】已完成，去领取奖励
【领卡片奖励】去接待NPC 获得 超惠生活卡


******开始【京东账号2】蓝闺q*********

获取用户信息：


当前等级:7,金币:126910747,财富值:24089,连续营业天数:36,离线收益:0

财富岛好友互助码每次运行都变化,旧的当天有效

【京东账号2（jd_72476e50d1b0e）的京喜财富岛好友互助码】ACDE0F4B82649C97DBC77C8438A58972BB880E711BC5FD2CBDBBD83AABEED6AF
寻宝
开始寻宝
寻宝失败：岛上信号有点弱，请稍后再试

每日签到
签到失败：岛上信号有点弱，请稍后再试

小程序每日签到
签到失败：岛上信号有点弱，请稍后再试

使用道具卡
使用道具卡失败：{"FcmInfo":{},"iRet":1023,"sErrMsg":"岛上信号有点弱，请稍后再试"}

领助力奖励
领取助力奖励失败：岛上信号有点弱，请稍后再试

收金币
【京喜美食城】收集undefined金币
升级建筑
【京喜美食城】当前等级：41
【京喜美食城】升级需要52392096金币，保留升级需要的3倍157176288金币，当前拥有126910747金币
【京喜美食城】不满足升级条件，跳过升级

收金币
【京喜旅馆】收集undefined金币
升级建筑
【京喜旅馆】当前等级：37
【京喜旅馆】升级需要47766586金币，保留升级需要的3倍143299758金币，当前拥有126910747金币
【京喜旅馆】不满足升级条件，跳过升级

收金币
【京喜商店】收集undefined金币
升级建筑
【京喜商店】当前等级：38
【京喜商店】升级需要47012962金币，保留升级需要的3倍141038886金币，当前拥有126910747金币
【京喜商店】不满足升级条件，跳过升级

收金币
【京喜游乐场】收集undefined金币
升级建筑
【京喜游乐场】当前等级：41
【京喜游乐场】升级需要47152886金币，保留升级需要的3倍141458658金币，当前拥有126910747金币
【京喜游乐场】不满足升级条件，跳过升级

接待贵宾
当前暂无贵宾

收藏家
当前暂无收藏家

美人鱼
可怜的美人鱼困在沙滩上了，快去解救她吧~
开始解救美人鱼失败：岛上信号有点弱，请稍后再试

倒垃圾
当前暂无垃圾


做任务
开始【🐮牛牛任务】签到抽红包
【🐮牛牛任务】签到抽红包 进度：1/1
开始【🐮牛牛任务】去京东双签领京豆
【🐮牛牛任务】去京东双签领京豆 进度：1/1
开始【🐮牛牛任务】浏览5秒爆款活动
【🐮牛牛任务】浏览5秒爆款活动 进度：1/1
开始【🐮牛牛任务】浏览5秒领福利
【🐮牛牛任务】浏览5秒领福利 进度：1/1
【🐮领牛牛任务奖励】去京东双签领京豆 获得金币 ¥ 726000

【🐮牛牛任务】未全部完成，无法开启宝箱

获取【📆日常任务】列表 ，总共7个任务！

开始第1个【📆日常任务】秒杀低至1.9元

【📆日常任务】秒杀低至1.9元 进度：1/1
【领日常奖励】秒杀低至1.9元 获得金币 ¥ 726000

开始第2个【📆日常任务】真补贴1折起

【📆日常任务】真补贴1折起 进度：1/1
【领日常奖励】真补贴1折起 任务为成就任务或者未到任务时间

开始第3个【📆日常任务】养狗兑京豆

【📆日常任务】养狗兑京豆 进度：1/1
【领日常奖励】养狗兑京豆 任务为成就任务或者未到任务时间

开始第4个【📆日常任务】领888元红包

【📆日常任务】领888元红包 进度：1/1
【领日常奖励】领888元红包 任务为成就任务或者未到任务时间

开始第5个【📆日常任务】爱消除免费兑好礼

【📆日常任务】爱消除免费兑好礼 进度：1/1
【领日常奖励】爱消除免费兑好礼 获得金币 ¥ 726000

开始第6个【📆日常任务】助农好物推荐

【📆日常任务】助农好物推荐 进度：1/1
【领日常奖励】助农好物推荐 获得金币 ¥ 726000

开始第7个【📆日常任务】浏览京喜好货

【📆日常任务】浏览京喜好货 进度：1/3
【📆日常任务】浏览京喜好货 进度：2/3
【📆日常任务】浏览京喜好货 进度：3/3
【领日常奖励】浏览京喜好货 任务为成就任务或者未到任务时间

【🎖成就任务】没有可领奖的任务

您将要助力的好友["2C37F2098259653D3D04309E057C2B3AA12424AC6BD80F91EF994EEEDC461C10","ACDE0F4B82649C97DBC77C8438A58972BB880E711BC5FD2CBDBBD83AABEED6AF",""]

开始互助

账号jd_56ac883b2ee02 去助力 2C37F2098259653D3D04309E057C2B3AA12424AC6BD80F91EF994EEEDC461C10
助力失败：不能帮助自己
账号jd_56ac883b2ee02 去助力 ACDE0F4B82649C97DBC77C8438A58972BB880E711BC5FD2CBDBBD83AABEED6AF
助力失败：已助力
账号jd_56ac883b2ee02 去助力 
助力失败：参数错误

开始互助

账号jd_72476e50d1b0e 去助力 2C37F2098259653D3D04309E057C2B3AA12424AC6BD80F91EF994EEEDC461C10
助力失败：岛上信号有点弱，请稍后再试
账号jd_72476e50d1b0e 去助力 ACDE0F4B82649C97DBC77C8438A58972BB880E711BC5FD2CBDBBD83AABEED6AF
助力失败：岛上信号有点弱，请稍后再试
账号jd_72476e50d1b0e 去助力 
助力失败：岛上信号有点弱，请稍后再试

==============📣系统通知📣==============
京喜财富岛
【京东账号1】Wang_Happy_
【🥇金币】164295572
【💵财富值】29588

【京东账号2】蓝闺q
【🥇金币】129814747
【💵财富值】24089


🔔京喜财富岛, 结束! 🕛 311.143 秒


## 执行结束... 2022-05-13 02:54:18 耗时 328 秒
