## 开始执行... 2022-05-08 18:45:24


🔔京喜财富岛, 开始!

====================共2个京东账号Cookie=================

============脚本执行时间：2022/5/8 18:45:24=============

>>>>>>>>>>>>>>6Dylan6 提示：任务正常运行中>>>>>>>>>>>>>>>

获取签名参数成功！
fp: 6801948168719165
token: tk02w54be1af218nI9vrjZ345W62ED34C+J7dBu367Un2m3asNhTvCaqjAgjH+io5nPPN4pJswlrLnwDI7BE/mqd7FRw
enCryptMethodJD: function test(tk,fp,ts,ai,algo){var rd='9vrjZ345W62D';var str=`${tk}${fp}${ts}${ai}${rd}`;return algo.HmacMD5(str,tk)}

******开始【京东账号1】Wang_Happy_*********

获取用户信息：


当前等级:7,金币:112421869,财富值:26409,连续营业天数:37,离线收益:0

财富岛好友互助码每次运行都变化,旧的当天有效

【京东账号1（jd_56ac883b2ee02）的京喜财富岛好友互助码】2C37F2098259653D3D04309E057C2B3AE20D7D0563BE0F8A4B584676067FE745
寻宝
暂无宝物

每日签到
今日已签到

小程序每日签到
今日已签到

使用道具卡
使用道具卡【热带生鲜卡】成功

领助力奖励
暂无可领助力奖励

收金币
【京喜美食城】收集4100金币
升级建筑
【京喜美食城】当前等级：41
【京喜美食城】升级需要52392096金币，保留升级需要的3倍157176288金币，当前拥有112425969金币
【京喜美食城】不满足升级条件，跳过升级

收金币
【京喜旅馆】收集7296金币
升级建筑
【京喜旅馆】当前等级：38
【京喜旅馆】升级需要51286867金币，保留升级需要的3倍153860601金币，当前拥有112433265金币
【京喜旅馆】不满足升级条件，跳过升级

收金币
【京喜商店】收集9438金币
升级建筑
【京喜商店】当前等级：39
【京喜商店】升级需要50393772金币，保留升级需要的3倍151181316金币，当前拥有112442703金币
【京喜商店】不满足升级条件，跳过升级

收金币
【京喜游乐场】收集10701金币
升级建筑
【京喜游乐场】当前等级：41
【京喜游乐场】升级需要47152886金币，保留升级需要的3倍141458658金币，当前拥有112453404金币
【京喜游乐场】不满足升级条件，跳过升级

接待贵宾
当前暂无贵宾

收藏家
当前暂无收藏家

美人鱼
当前暂无美人鱼

倒垃圾
获取垃圾信息成功：本次不需要垃圾分类
倒垃圾成功：获得1000金币


做任务
【🐮牛牛任务】已做完，宝箱已开启
【📆日常任务】已做完
【🎖成就任务】没有可领奖的任务


******开始【京东账号2】蓝闺q*********

获取用户信息：


当前等级:7,金币:132365011,财富值:21266,连续营业天数:31,离线收益:0

财富岛好友互助码每次运行都变化,旧的当天有效

【京东账号2（jd_72476e50d1b0e）的京喜财富岛好友互助码】ACDE0F4B82649C97DBC77C8438A589726894576096A81F08BD04934316797505
寻宝
暂无宝物

每日签到
今日已签到

小程序每日签到
今日已签到

使用道具卡
使用道具卡【海岛宝藏卡】成功

领助力奖励
暂无可领助力奖励

收金币
【京喜美食城】收集5826金币
升级建筑
【京喜美食城】当前等级：38
【京喜美食城】升级需要42739056金币，保留升级需要的3倍128217168金币，当前拥有132370837金币
【京喜美食城】满足升级条件，开始升级
【京喜美食城】升级成功：获得194财富

收金币
【京喜旅馆】收集14840金币
升级建筑
【京喜旅馆】当前等级：35
【京喜旅馆】升级需要41214096金币，保留升级需要的3倍123642288金币，当前拥有89646621金币
【京喜旅馆】不满足升级条件，跳过升级

收金币
【京喜商店】收集17952金币
升级建筑
【京喜商店】当前等级：36
【京喜商店】升级需要40709434金币，保留升级需要的3倍122128302金币，当前拥有89664573金币
【京喜商店】不满足升级条件，跳过升级

收金币
【京喜游乐场】收集20007金币
升级建筑
【京喜游乐场】当前等级：39
【京喜游乐场】升级需要41231268金币，保留升级需要的3倍123693804金币，当前拥有89684580金币
【京喜游乐场】不满足升级条件，跳过升级

接待贵宾
当前暂无贵宾

收藏家
当前暂无收藏家

美人鱼
当前暂无美人鱼

倒垃圾
获取垃圾信息成功：本次需要垃圾分类
倒垃圾成功：获得8000金币 0财富


做任务
【🐮牛牛任务】已做完，宝箱已开启
【📆日常任务】已做完
获取【🎖成就任务】列表 ，总共1个任务！

开始第1个【🎖成就任务】完成垃圾分类

【领成就奖励】完成垃圾分类 获得财富值 ¥ 20

您将要助力的好友["2C37F2098259653D3D04309E057C2B3AE20D7D0563BE0F8A4B584676067FE745","ACDE0F4B82649C97DBC77C8438A589726894576096A81F08BD04934316797505"]

开始互助

账号jd_56ac883b2ee02 去助力 2C37F2098259653D3D04309E057C2B3AE20D7D0563BE0F8A4B584676067FE745
助力失败：不能帮助自己
账号jd_56ac883b2ee02 去助力 ACDE0F4B82649C97DBC77C8438A589726894576096A81F08BD04934316797505
助力失败：已助力

开始互助

账号jd_72476e50d1b0e 去助力 2C37F2098259653D3D04309E057C2B3AE20D7D0563BE0F8A4B584676067FE745
助力失败：已助力
账号jd_72476e50d1b0e 去助力 ACDE0F4B82649C97DBC77C8438A589726894576096A81F08BD04934316797505
助力失败：不能帮助自己

==============📣系统通知📣==============
京喜财富岛
【京东账号1】Wang_Happy_
【🥇金币】112454404
【💵财富值】26409

【京东账号2】蓝闺q
【🥇金币】89692580
【💵财富值】21480


🔔京喜财富岛, 结束! 🕛 214.008 秒


## 执行结束... 2022-05-08 18:49:19 耗时 235 秒
