## 开始执行... 2022-05-08 00:45:25


🔔京喜财富岛, 开始!

====================共2个京东账号Cookie=================

============脚本执行时间：2022/5/8 00:45:25=============

>>>>>>>>>>>>>>6Dylan6 提示：任务正常运行中>>>>>>>>>>>>>>>

获取签名参数成功！
fp: 2896076741224165
token: tk02w713a1ab118n4fJLFMgMJCY1ZAMgMte0frRCVhi/pNZI7/pUUG4PXtSn7F+lU13bJDOrZOfatFAccu+daKV9/m26
enCryptMethodJD: function test(tk,fp,ts,ai,algo){var rd='fJLFMgMJCY1b';var str=`${tk}${fp}${ts}${ai}${rd}`;return algo.HmacMD5(str,tk)}

******开始【京东账号1】Wang_Happy_*********

获取用户信息：


当前等级:7,金币:103759942,财富值:25820,连续营业天数:37,离线收益:1804108

财富岛好友互助码每次运行都变化,旧的当天有效

【京东账号1（jd_56ac883b2ee02）的京喜财富岛好友互助码】2C37F2098259653D3D04309E057C2B3A85866D41A81040860199AA6DA63E0543
寻宝
开始寻宝
恭喜中奖，获得 300000 金币
恭喜中奖，获得 300000 金币
，获得 10000 金币
恭喜中奖，获得 300000 金币
恭喜中奖，获得 300000 金币

每日签到
签到成功：获得20财富

小程序每日签到
签到成功：获得0.01元

使用道具卡
使用道具卡【热带生鲜卡】成功

领助力奖励
暂无可领助力奖励

收金币
【京喜美食城】收集7599金币
升级建筑
【京喜美食城】当前等级：40
【京喜美食城】升级需要49029120金币，保留升级需要的3倍147087360金币，当前拥有104977541金币
【京喜美食城】不满足升级条件，跳过升级

收金币
【京喜旅馆】收集11100金币
升级建筑
【京喜旅馆】当前等级：37
【京喜旅馆】升级需要47766586金币，保留升级需要的3倍143299758金币，当前拥有104988641金币
【京喜旅馆】不满足升级条件，跳过升级

收金币
【京喜商店】收集13299金币
升级建筑
【京喜商店】当前等级：39
【京喜商店】升级需要50393772金币，保留升级需要的3倍151181316金币，当前拥有105001940金币
【京喜商店】不满足升级条件，跳过升级

收金币
【京喜游乐场】收集14022金币
升级建筑
【京喜游乐场】当前等级：41
【京喜游乐场】升级需要47152886金币，保留升级需要的3倍141458658金币，当前拥有105015962金币
【京喜游乐场】不满足升级条件，跳过升级

接待贵宾
当前暂无贵宾

收藏家
当前暂无收藏家

美人鱼
昨日解救美人鱼领奖成功：获得小珍珠

倒垃圾
当前暂无垃圾


做任务
开始【🐮牛牛任务】签到抽红包
【🐮牛牛任务】签到抽红包 进度：1/1
开始【🐮牛牛任务】去京东双签领京豆
【🐮牛牛任务】去京东双签领京豆 进度：1/1
开始【🐮牛牛任务】浏览5秒爆款活动
【🐮牛牛任务】浏览5秒爆款活动 进度：1/1
开始【🐮牛牛任务】浏览5秒领福利
【🐮牛牛任务】浏览5秒领福利 进度：1/1
【🐮领牛牛任务奖励】签到抽红包 获得红包 ¥ 0.01元

【🐮领牛牛任务奖励】去京东双签领京豆 获得金币 ¥ 726000

【🐮领牛牛任务奖励】浏览5秒爆款活动 获得金币 ¥ 726000

【🐮领牛牛任务奖励】浏览5秒领福利 获得金币 ¥ 726000

【🐮牛牛任务】未全部完成，无法开启宝箱

获取【📆日常任务】列表 ，总共10个任务！

开始第1个【📆日常任务】签到领无门槛红包

【📆日常任务】签到领无门槛红包 进度：1/1
【领日常奖励】签到领无门槛红包 获得金币 ¥ 726000

开始第2个【📆日常任务】秒杀低至1.9元

【📆日常任务】秒杀低至1.9元 进度：1/1
【领日常奖励】秒杀低至1.9元 获得金币 ¥ 726000

开始第3个【📆日常任务】1元抢好药

【📆日常任务】1元抢好药 进度：1/1
【领日常奖励】1元抢好药 获得金币 ¥ 726000

开始第4个【📆日常任务】真补贴1折起

【📆日常任务】真补贴1折起 进度：1/1
【领日常奖励】真补贴1折起 获得金币 ¥ 726000

开始第5个【📆日常任务】领红包，购物抵现

【📆日常任务】领红包，购物抵现 进度：1/1
【领日常奖励】领红包，购物抵现 获得金币 ¥ 726000

开始第6个【📆日常任务】养狗兑京豆

【📆日常任务】养狗兑京豆 进度：1/1
【领日常奖励】养狗兑京豆 获得金币 ¥ 726000

开始第7个【📆日常任务】领888元红包

【📆日常任务】领888元红包 进度：1/1
【领日常奖励】领888元红包 获得金币 ¥ 726000

开始第8个【📆日常任务】爱消除免费兑好礼

【📆日常任务】爱消除免费兑好礼 进度：1/1
【领日常奖励】爱消除免费兑好礼 获得金币 ¥ 726000

开始第9个【📆日常任务】助农好物推荐

【📆日常任务】助农好物推荐 进度：1/1
【领日常奖励】助农好物推荐 获得金币 ¥ 726000

开始第10个【📆日常任务】浏览京喜好货

【📆日常任务】浏览京喜好货 进度：1/3
【📆日常任务】浏览京喜好货 进度：2/3
【📆日常任务】浏览京喜好货 进度：3/3
【领日常奖励】浏览京喜好货 获得金币 ¥ 726000

【🎖成就任务】没有可领奖的任务


******开始【京东账号2】蓝闺q*********

获取用户信息：


当前等级:7,金币:84142060,财富值:20926,连续营业天数:31,离线收益:1662728

财富岛好友互助码每次运行都变化,旧的当天有效

【京东账号2（jd_72476e50d1b0e）的京喜财富岛好友互助码】ACDE0F4B82649C97DBC77C8438A589725C68BE41A62BD0858FA8A9711CACB75C
寻宝
开始寻宝
恭喜中奖，获得 300000 金币
恭喜中奖，获得 300000 金币
，获得 10000 金币
恭喜中奖，获得 300000 金币
恭喜中奖，获得 300000 金币

每日签到
签到成功：获得20财富

小程序每日签到
签到成功：获得0.01元

使用道具卡
使用道具卡【海岛宝藏卡】成功

领助力奖励
暂无可领助力奖励

收金币
【京喜美食城】收集8756金币
升级建筑
【京喜美食城】当前等级：37
【京喜美食城】升级需要39805488金币，保留升级需要的3倍119416464金币，当前拥有85360816金币
【京喜美食城】不满足升级条件，跳过升级

收金币
【京喜旅馆】收集14140金币
升级建筑
【京喜旅馆】当前等级：35
【京喜旅馆】升级需要41214096金币，保留升级需要的3倍123642288金币，当前拥有85374956金币
【京喜旅馆】不满足升级条件，跳过升级

收金币
【京喜商店】收集17292金币
升级建筑
【京喜商店】当前等级：36
【京喜商店】升级需要40709434金币，保留升级需要的3倍122128302金币，当前拥有85392248金币
【京喜商店】不满足升级条件，跳过升级

收金币
【京喜游乐场】收集19422金币
升级建筑
【京喜游乐场】当前等级：39
【京喜游乐场】升级需要41231268金币，保留升级需要的3倍123693804金币，当前拥有85411670金币
【京喜游乐场】不满足升级条件，跳过升级

接待贵宾
当前暂无贵宾

收藏家
当前暂无收藏家

美人鱼
昨日解救美人鱼领奖成功：获得小珍珠

倒垃圾
当前暂无垃圾


做任务
开始【🐮牛牛任务】签到抽红包
【🐮牛牛任务】签到抽红包 进度：1/1
开始【🐮牛牛任务】去京东双签领京豆
【🐮牛牛任务】去京东双签领京豆 进度：1/1
开始【🐮牛牛任务】浏览5秒爆款活动
【🐮牛牛任务】浏览5秒爆款活动 进度：1/1
开始【🐮牛牛任务】浏览5秒领福利
【🐮牛牛任务】浏览5秒领福利 进度：1/1
【🐮领牛牛任务奖励】去京东双签领京豆 获得金币 ¥ 726000

【🐮牛牛任务】未全部完成，无法开启宝箱

获取【📆日常任务】列表 ，总共10个任务！

开始第1个【📆日常任务】签到领无门槛红包

【📆日常任务】签到领无门槛红包 进度：1/1
【领日常奖励】签到领无门槛红包 任务为成就任务或者未到任务时间

开始第2个【📆日常任务】秒杀低至1.9元

【📆日常任务】秒杀低至1.9元 进度：1/1
【领日常奖励】秒杀低至1.9元 获得金币 ¥ 726000

开始第3个【📆日常任务】1元抢好药

【📆日常任务】1元抢好药 进度：1/1
【领日常奖励】1元抢好药 获得金币 ¥ 726000

开始第4个【📆日常任务】真补贴1折起

【📆日常任务】真补贴1折起 进度：1/1
【领日常奖励】真补贴1折起 任务为成就任务或者未到任务时间

开始第5个【📆日常任务】领红包，购物抵现

【📆日常任务】领红包，购物抵现 进度：1/1
【领日常奖励】领红包，购物抵现 获得金币 ¥ 726000

开始第6个【📆日常任务】养狗兑京豆

【📆日常任务】养狗兑京豆 进度：1/1
【领日常奖励】养狗兑京豆 获得金币 ¥ 726000

开始第7个【📆日常任务】领888元红包

【📆日常任务】领888元红包 进度：1/1
【领日常奖励】领888元红包 任务为成就任务或者未到任务时间

开始第8个【📆日常任务】爱消除免费兑好礼

【📆日常任务】爱消除免费兑好礼 进度：1/1
【领日常奖励】爱消除免费兑好礼 获得金币 ¥ 726000

开始第9个【📆日常任务】助农好物推荐

【📆日常任务】助农好物推荐 进度：1/1
【领日常奖励】助农好物推荐 获得金币 ¥ 726000

开始第10个【📆日常任务】浏览京喜好货

【📆日常任务】浏览京喜好货 进度：1/3
【📆日常任务】浏览京喜好货 进度：2/3
【📆日常任务】浏览京喜好货 进度：3/3
【领日常奖励】浏览京喜好货 任务为成就任务或者未到任务时间

【🎖成就任务】没有可领奖的任务

您将要助力的好友["2C37F2098259653D3D04309E057C2B3A85866D41A81040860199AA6DA63E0543","ACDE0F4B82649C97DBC77C8438A589725C68BE41A62BD0858FA8A9711CACB75C",""]

开始互助

账号jd_56ac883b2ee02 去助力 2C37F2098259653D3D04309E057C2B3A85866D41A81040860199AA6DA63E0543
助力失败：不能帮助自己
账号jd_56ac883b2ee02 去助力 ACDE0F4B82649C97DBC77C8438A589725C68BE41A62BD0858FA8A9711CACB75C
助力成功：获得1,000京币
账号jd_56ac883b2ee02 去助力 
助力失败：参数错误

开始互助

账号jd_72476e50d1b0e 去助力 2C37F2098259653D3D04309E057C2B3A85866D41A81040860199AA6DA63E0543
助力成功：获得1,000京币
账号jd_72476e50d1b0e 去助力 ACDE0F4B82649C97DBC77C8438A589725C68BE41A62BD0858FA8A9711CACB75C
助力失败：不能帮助自己
账号jd_72476e50d1b0e 去助力 
助力失败：参数错误

==============📣系统通知📣==============
京喜财富岛
【京东账号1】Wang_Happy_
【🥇金币】114453962
【💵财富值】25840

【京东账号2】蓝闺q
【🥇金币】90493670
【💵财富值】20946


🔔京喜财富岛, 结束! 🕛 357.954 秒


## 执行结束... 2022-05-08 00:51:40 耗时 375 秒
