## 开始执行... 2022-05-13 22:47:22


🔔京喜财富岛, 开始!

====================共2个京东账号Cookie=================

============脚本执行时间：2022/5/13 22:47:23=============

>>>>>>>>>>>>>>6Dylan6 提示：任务正常运行中>>>>>>>>>>>>>>>

获取签名参数成功！
fp: 2097446403352165
token: tk02we7241dc518nzOyOqoKzwFWeXZM7D6TcaikAmO8andeMzAjdRkYJi9LcCybIcSmgSbNxQXrFaVYWZRLemUHprs9m
enCryptMethodJD: function test(tk,fp,ts,ai,algo){var rd='OyOqoKzwFWej';var str=`${tk}${fp}${ts}${ai}${rd}`;return algo.HmacSHA512(str,tk)}

******开始【京东账号1】Wang_Happy_*********

获取用户信息：


当前等级:8,金币:157473790,财富值:30220,连续营业天数:42,离线收益:0

财富岛好友互助码每次运行都变化,旧的当天有效

【京东账号1（jd_56ac883b2ee02）的京喜财富岛好友互助码】2C37F2098259653D3D04309E057C2B3A942AF2140F7A14B5EAA56D373F619599
寻宝
暂无宝物

每日签到
今日已签到

小程序每日签到
今日已签到


领助力奖励
暂无可领助力奖励

收金币
【京喜美食城】收集1906金币
升级建筑
【京喜美食城】当前等级：44
【京喜美食城】升级需要63391680金币，保留升级需要的3倍190175040金币，当前拥有157475696金币
【京喜美食城】不满足升级条件，跳过升级

收金币
【京喜旅馆】收集3200金币
升级建筑
【京喜旅馆】当前等级：40
【京喜旅馆】升级需要58834944金币，保留升级需要的3倍176504832金币，当前拥有157478896金币
【京喜旅馆】不满足升级条件，跳过升级

收金币
【京喜商店】收集4004金币
升级建筑
【京喜商店】当前等级：42
【京喜商店】升级需要61495157金币，保留升级需要的3倍184485471金币，当前拥有157482900金币
【京喜商店】不满足升级条件，跳过升级

收金币
【京喜游乐场】收集4320金币
升级建筑
【京喜游乐场】当前等级：45
【京喜游乐场】升级需要60635304金币，保留升级需要的3倍181905912金币，当前拥有157487220金币
【京喜游乐场】不满足升级条件，跳过升级

接待贵宾
当前暂无贵宾

收藏家
当前暂无收藏家

美人鱼
当前暂无美人鱼

倒垃圾
当前暂无垃圾


做任务
【🐮牛牛任务】已做完，宝箱已开启
【📆日常任务】已做完
【🎖成就任务】没有可领奖的任务


******开始【京东账号2】蓝闺q*********

获取用户信息：


当前等级:7,金币:121160867,财富值:24680,连续营业天数:36,离线收益:0

财富岛好友互助码每次运行都变化,旧的当天有效

【京东账号2（jd_72476e50d1b0e）的京喜财富岛好友互助码】ACDE0F4B82649C97DBC77C8438A58972A7A6B40544CEC1914C7DCCA5DB73A3E8
寻宝
暂无宝物

每日签到
今日已签到

小程序每日签到
今日已签到


领助力奖励
暂无可领助力奖励

收金币
【京喜美食城】收集2027480金币
升级建筑
【京喜美食城】当前等级：42
【京喜美食城】升级需要55904688金币，保留升级需要的3倍167714064金币，当前拥有123188347金币
【京喜美食城】不满足升级条件，跳过升级

收金币
【京喜旅馆】收集2202328金币
升级建筑
【京喜旅馆】当前等级：38
【京喜旅馆】升级需要51286867金币，保留升级需要的3倍153860601金币，当前拥有125390675金币
【京喜旅馆】不满足升级条件，跳过升级

收金币
【京喜商店】收集2019636金币
升级建筑
【京喜商店】当前等级：38
【京喜商店】升级需要47012962金币，保留升级需要的3倍141038886金币，当前拥有127410311金币
【京喜商店】不满足升级条件，跳过升级

收金币
【京喜游乐场】收集1783746金币
"Response code 401 (Unauthorized)"
京喜财富岛 QueryUserInfo API请求失败，请检查网路重试
升级建筑
【京喜游乐场】当前等级：41
【京喜游乐场】升级需要47152886金币，保留升级需要的3倍141458658金币，当前拥有127410311金币
【京喜游乐场】不满足升级条件，跳过升级

接待贵宾
请贵宾下船，需等待30秒
贵宾'购物狂'下船成功
贵宾'购物狂'用餐成功：获得10000金币

收藏家
当前暂无收藏家

美人鱼
当前暂无美人鱼

倒垃圾
当前暂无垃圾


做任务
【🐮牛牛任务】已做完，宝箱已开启
【📆日常任务】已做完
【🎖成就任务】没有可领奖的任务

"Response code 401 (Unauthorized)"
京喜财富岛 QueryUserInfo API请求失败，请检查网路重试

❗️京喜财富岛, 错误!
TypeError: Cannot read properties of undefined (reading 'ddwCoinBalance')
    at cfd (/ql/data/scripts/6dylan6_jdpro/jd_cfd.js:282:26)
    at process.processTicksAndRejections (node:internal/process/task_queues:95:5)
    at async /ql/data/scripts/6dylan6_jdpro/jd_cfd.js:88:7
您将要助力的好友["2C37F2098259653D3D04309E057C2B3A942AF2140F7A14B5EAA56D373F619599","ACDE0F4B82649C97DBC77C8438A58972A7A6B40544CEC1914C7DCCA5DB73A3E8",""]

开始互助

账号jd_56ac883b2ee02 去助力 2C37F2098259653D3D04309E057C2B3A942AF2140F7A14B5EAA56D373F619599
助力失败：不能帮助自己
账号jd_56ac883b2ee02 去助力 ACDE0F4B82649C97DBC77C8438A58972A7A6B40544CEC1914C7DCCA5DB73A3E8
助力失败：已助力
账号jd_56ac883b2ee02 去助力 
助力失败：参数错误

开始互助

账号jd_72476e50d1b0e 去助力 2C37F2098259653D3D04309E057C2B3A942AF2140F7A14B5EAA56D373F619599
助力失败：已助力
账号jd_72476e50d1b0e 去助力 ACDE0F4B82649C97DBC77C8438A58972A7A6B40544CEC1914C7DCCA5DB73A3E8
助力失败：不能帮助自己
账号jd_72476e50d1b0e 去助力 
助力失败：参数错误

==============📣系统通知📣==============
京喜财富岛
【京东账号1】Wang_Happy_
【🥇金币】157487220
【💵财富值】30220


🔔京喜财富岛, 结束! 🕛 191.891 秒


## 执行结束... 2022-05-13 22:50:52 耗时 210 秒
