## 开始执行... 2022-05-07 20:46:26


🔔京喜财富岛, 开始!

====================共2个京东账号Cookie=================

============脚本执行时间：2022/5/7 20:46:27=============

>>>>>>>>>>>>>>6Dylan6 提示：任务正常运行中>>>>>>>>>>>>>>>

获取签名参数成功！
fp: 6853641593372165
token: tk02w5ca71a0d18n84m34AWJw3d5JmRS9GEqDy8PeR1t9SHM/pGDyRdYqQAie/hCZZrR81dEigT6dVZm02bAR465v+56
enCryptMethodJD: function test(tk,fp,ts,ai,algo){var rd='4m34AWJw3d56';var str=`${tk}${fp}${ts}${ai}${rd}`;return algo.HmacMD5(str,tk)}

******开始【京东账号1】Wang_Happy_*********

获取用户信息：


当前等级:7,金币:129113859,财富值:25576,连续营业天数:36,离线收益:0

财富岛好友互助码每次运行都变化,旧的当天有效

【京东账号1（jd_56ac883b2ee02）的京喜财富岛好友互助码】2C37F2098259653D3D04309E057C2B3AF14D0CCF49279116317A2A1741E1ED5B
寻宝
开始寻宝
恭喜中奖，获得 300000 金币
恭喜中奖，获得 300000 金币
，获得 10000 金币
恭喜中奖，获得 300000 金币
恭喜中奖，获得 300000 金币

每日签到
今日已签到

小程序每日签到
今日已签到

使用道具卡
有在使用中的道具卡，跳过使用

领助力奖励
暂无可领助力奖励

收金币
【京喜美食城】收集24666金币
升级建筑
【京喜美食城】当前等级：40
【京喜美食城】升级需要49029120金币，保留升级需要的3倍147087360金币，当前拥有130348525金币
【京喜美食城】不满足升级条件，跳过升级

收金币
【京喜旅馆】收集31820金币
升级建筑
【京喜旅馆】当前等级：37
【京喜旅馆】升级需要47766586金币，保留升级需要的3倍143299758金币，当前拥有130380345金币
【京喜旅馆】不满足升级条件，跳过升级

收金币
【京喜商店】收集35750金币
升级建筑
【京喜商店】当前等级：39
【京喜商店】升级需要50393772金币，保留升级需要的3倍151181316金币，当前拥有130416095金币
【京喜商店】不满足升级条件，跳过升级

收金币
【京喜游乐场】收集33600金币
升级建筑
【京喜游乐场】当前等级：40
【京喜游乐场】升级需要44126208金币，保留升级需要的3倍132378624金币，当前拥有130449695金币
【京喜游乐场】不满足升级条件，跳过升级

接待贵宾
请贵宾下船，需等待30秒
贵宾'购物狂'下船成功
贵宾'购物狂'用餐成功：获得10000金币

收藏家
当前暂无收藏家

美人鱼
当前暂无美人鱼

倒垃圾
当前暂无垃圾


做任务
【🐮牛牛任务】已做完，宝箱已开启
【📆日常任务】已做完
【🎖成就任务】没有可领奖的任务


******开始【京东账号2】蓝闺q*********

获取用户信息：


当前等级:7,金币:112244422,财富值:20709,连续营业天数:30,离线收益:0

财富岛好友互助码每次运行都变化,旧的当天有效

【京东账号2（jd_72476e50d1b0e）的京喜财富岛好友互助码】ACDE0F4B82649C97DBC77C8438A58972C5F9CA6D16DE868D66FC9803B2DCE2FF
寻宝
开始寻宝
恭喜中奖，获得 300000 金币
恭喜中奖，获得 300000 金币
，获得 10000 金币
恭喜中奖，获得 300000 金币
恭喜中奖，获得 300000 金币

每日签到
今日已签到

小程序每日签到
今日已签到

使用道具卡
有在使用中的道具卡，跳过使用

领助力奖励
暂无可领助力奖励

收金币
【京喜美食城】收集22816金币
升级建筑
【京喜美食城】当前等级：37
【京喜美食城】升级需要39805488金币，保留升级需要的3倍119416464金币，当前拥有113477238金币
【京喜美食城】不满足升级条件，跳过升级

收金币
【京喜旅馆】收集30100金币
升级建筑
【京喜旅馆】当前等级：35
【京喜旅馆】升级需要41214096金币，保留升级需要的3倍123642288金币，当前拥有113507338金币
【京喜旅馆】不满足升级条件，跳过升级

收金币
【京喜商店】收集32340金币
升级建筑
【京喜商店】当前等级：36
【京喜商店】升级需要40709434金币，保留升级需要的3倍122128302金币，当前拥有113539678金币
【京喜商店】不满足升级条件，跳过升级

收金币
【京喜游乐场】收集31920金币
升级建筑
【京喜游乐场】当前等级：38
【京喜游乐场】升级需要38465150金币，保留升级需要的3倍115395450金币，当前拥有113571598金币
【京喜游乐场】不满足升级条件，跳过升级

接待贵宾
请贵宾下船，需等待30秒
贵宾'购物狂'下船成功
贵宾'购物狂'用餐成功：获得10000金币

收藏家
当前暂无收藏家

美人鱼
当前暂无美人鱼

倒垃圾
当前暂无垃圾


做任务
【🐮牛牛任务】已做完，宝箱已开启
【📆日常任务】已做完
【🎖成就任务】没有可领奖的任务

您将要助力的好友["2C37F2098259653D3D04309E057C2B3AF14D0CCF49279116317A2A1741E1ED5B","ACDE0F4B82649C97DBC77C8438A58972C5F9CA6D16DE868D66FC9803B2DCE2FF",""]

开始互助

账号jd_56ac883b2ee02 去助力 2C37F2098259653D3D04309E057C2B3AF14D0CCF49279116317A2A1741E1ED5B
助力失败：不能帮助自己
账号jd_56ac883b2ee02 去助力 ACDE0F4B82649C97DBC77C8438A58972C5F9CA6D16DE868D66FC9803B2DCE2FF
助力失败：今日助力次数达到上限，明天再来帮忙吧~

开始互助

账号jd_72476e50d1b0e 去助力 2C37F2098259653D3D04309E057C2B3AF14D0CCF49279116317A2A1741E1ED5B
助力失败：今日助力次数达到上限，明天再来帮忙吧~

==============📣系统通知📣==============
京喜财富岛
【京东账号1】Wang_Happy_
【🥇金币】130449695
【💵财富值】25576

【京东账号2】蓝闺q
【🥇金币】113571598
【💵财富值】20709


🔔京喜财富岛, 结束! 🕛 272.531 秒


## 执行结束... 2022-05-07 20:51:23 耗时 297 秒
