## 开始执行... 2022-05-11 10:48:01


🔔京喜财富岛, 开始!

====================共2个京东账号Cookie=================

============脚本执行时间：2022/5/11 10:48:01=============

>>>>>>>>>>>>>>6Dylan6 提示：任务正常运行中>>>>>>>>>>>>>>>

获取签名参数成功！
fp: 1577496436568165
token: tk02w8eaf1b6218nw3UW7nOjdNnOomqBGZzD3O5xZPJh33OcV/h86MoZFVW23FIey4DZtS0IaNeU3ZwjFzP1PBXnCkfR
enCryptMethodJD: function test(tk,fp,ts,ai,algo){var rd='3UW7nOjdNnOt';var str=`${tk}${fp}${ts}${ai}${rd}`;return algo.HmacMD5(str,tk)}

******开始【京东账号1】Wang_Happy_*********

获取用户信息：


当前等级:7,金币:120279869,财富值:28723,连续营业天数:40,离线收益:0

财富岛好友互助码每次运行都变化,旧的当天有效

【京东账号1（jd_56ac883b2ee02）的京喜财富岛好友互助码】2C37F2098259653D3D04309E057C2B3A90A17B4A6EB095353375A0E619FC498E
寻宝
暂无宝物

每日签到
今日已签到

小程序每日签到
今日已签到

使用道具卡
使用道具卡【海岛宝藏卡】成功

领助力奖励
暂无可领助力奖励

收金币
【京喜美食城】收集5733金币
升级建筑
【京喜美食城】当前等级：43
【京喜美食城】升级需要59570136金币，保留升级需要的3倍178710408金币，当前拥有120285602金币
【京喜美食城】不满足升级条件，跳过升级

收金币
【京喜旅馆】收集10920金币
升级建筑
【京喜旅馆】当前等级：39
【京喜旅馆】升级需要54975024金币，保留升级需要的3倍164925072金币，当前拥有120296522金币
【京喜旅馆】不满足升级条件，跳过升级

收金币
【京喜商店】收集15399金币
升级建筑
【京喜商店】当前等级：40
【京喜商店】升级需要53932032金币，保留升级需要的3倍161796096金币，当前拥有120311921金币
【京喜商店】不满足升级条件，跳过升级

收金币
【京喜游乐场】收集17820金币
升级建筑
【京喜游乐场】当前等级：44
【京喜游乐场】升级需要57052512金币，保留升级需要的3倍171157536金币，当前拥有120329741金币
【京喜游乐场】不满足升级条件，跳过升级

接待贵宾
当前暂无贵宾

收藏家
喜欢贝壳的收藏家来了，快去卖贝壳吧~

卖贝壳
贝壳出售成功：获得21000金币 20财富

美人鱼
当前暂无美人鱼

倒垃圾
当前暂无垃圾


做任务
【🐮牛牛任务】已做完，宝箱已开启
【📆日常任务】已做完
获取【🎖成就任务】列表 ，总共1个任务！

开始第1个【🎖成就任务】卖贝壳给收藏家

【领成就奖励】卖贝壳给收藏家 获得财富值 ¥ 20


******开始【京东账号2】蓝闺q*********

获取用户信息：


当前等级:7,金币:136646914,财富值:22722,连续营业天数:34,离线收益:0

财富岛好友互助码每次运行都变化,旧的当天有效

【京东账号2（jd_72476e50d1b0e）的京喜财富岛好友互助码】ACDE0F4B82649C97DBC77C8438A589721D6C2A44594B70A9FDEE872886A97515
寻宝
开始寻宝
恭喜中奖，获得 300000 金币
恭喜中奖，获得 300000 金币
恭喜中奖，获得 300000 金币
，获得 10000 金币
恭喜中奖，获得 300000 金币
恭喜中奖，获得 300000 金币

每日签到
今日已签到

小程序每日签到
今日已签到

使用道具卡
使用道具卡【海岛宝藏卡】成功

领助力奖励
暂无可领助力奖励

收金币
【京喜美食城】收集1929733金币
升级建筑
【京喜美食城】当前等级：40
【京喜美食城】升级需要49029120金币，保留升级需要的3倍147087360金币，当前拥有140086647金币
【京喜美食城】不满足升级条件，跳过升级

收金币
【京喜旅馆】收集2146444金币
升级建筑
【京喜旅馆】当前等级：37
【京喜旅馆】升级需要47766586金币，保留升级需要的3倍143299758金币，当前拥有142233091金币
【京喜旅馆】不满足升级条件，跳过升级

收金币
【京喜商店】收集1971643金币
升级建筑
【京喜商店】当前等级：37
【京喜商店】升级需要43786037金币，保留升级需要的3倍131358111金币，当前拥有144204734金币
【京喜商店】满足升级条件，开始升级
【京喜商店】升级成功：获得190财富

收金币
【京喜游乐场】收集1706211金币
升级建筑
【京喜游乐场】当前等级：39
【京喜游乐场】升级需要41231268金币，保留升级需要的3倍123693804金币，当前拥有102124908金币
【京喜游乐场】不满足升级条件，跳过升级

接待贵宾
请贵宾下船，需等待30秒
贵宾'大胃王'下船成功
贵宾'大胃王'用餐成功：获得10000金币

收藏家
当前暂无收藏家

美人鱼
当前暂无美人鱼

倒垃圾
当前暂无垃圾


做任务
【🐮领牛牛任务奖励】升级1个建筑 获得金币 ¥ 726000

【🐮牛牛任务】已做完，去开启宝箱
【🐮牛牛任务】开启宝箱成功：获得财富 ¥ 100

获取【📆日常任务】列表 ，总共1个任务！

开始第1个【📆日常任务】养狗兑京豆

【📆日常任务】养狗兑京豆 进度：1/1
【领日常奖励】养狗兑京豆 任务为成就任务或者未到任务时间

【🎖成就任务】没有可领奖的任务

【去接待NPC】已完成，去领取奖励
【领卡片奖励】去接待NPC 获得 热带生鲜卡

您将要助力的好友["2C37F2098259653D3D04309E057C2B3A90A17B4A6EB095353375A0E619FC498E","ACDE0F4B82649C97DBC77C8438A589721D6C2A44594B70A9FDEE872886A97515",""]

开始互助

账号jd_56ac883b2ee02 去助力 2C37F2098259653D3D04309E057C2B3A90A17B4A6EB095353375A0E619FC498E
助力失败：不能帮助自己
账号jd_56ac883b2ee02 去助力 ACDE0F4B82649C97DBC77C8438A589721D6C2A44594B70A9FDEE872886A97515
助力失败：已助力
账号jd_56ac883b2ee02 去助力 
助力失败：参数错误

开始互助

账号jd_72476e50d1b0e 去助力 2C37F2098259653D3D04309E057C2B3A90A17B4A6EB095353375A0E619FC498E
助力失败：已助力
账号jd_72476e50d1b0e 去助力 ACDE0F4B82649C97DBC77C8438A589721D6C2A44594B70A9FDEE872886A97515
助力失败：不能帮助自己
账号jd_72476e50d1b0e 去助力 
助力失败：参数错误

==============📣系统通知📣==============
京喜财富岛
【京东账号1】Wang_Happy_
【🥇金币】120350741
【💵财富值】28763

【京东账号2】蓝闺q
【🥇金币】102850908
【💵财富值】23012


🔔京喜财富岛, 结束! 🕛 260.775 秒


## 执行结束... 2022-05-11 10:52:40 耗时 279 秒
