## 开始执行... 2022-05-12 04:46:11


🔔京喜财富岛, 开始!

====================共2个京东账号Cookie=================

============脚本执行时间：2022/5/12 04:46:11=============

>>>>>>>>>>>>>>6Dylan6 提示：任务正常运行中>>>>>>>>>>>>>>>

获取签名参数成功！
fp: 5695382639022165
token: tk02w9f511bb118nLwUVwjoEtOs1Tx4Ux8ED5dz/vu17fIov/Qnd+LA0W8EHKh2J777Ulg9SqwHcjAbgzMDtc3PzPpG5
enCryptMethodJD: function test(tk,fp,ts,ai,algo){var rd='wUVwjoEtOs1h';var str=`${tk}${fp}${ts}${ai}${rd}`;return algo.HmacMD5(str,tk)}

******开始【京东账号1】Wang_Happy_*********

获取用户信息：


当前等级:7,金币:159617693,财富值:28961,连续营业天数:41,离线收益:0

财富岛好友互助码每次运行都变化,旧的当天有效

【京东账号1（jd_56ac883b2ee02）的京喜财富岛好友互助码】2C37F2098259653D3D04309E057C2B3AFF3CFAC4A8F136426116960F9433DAA5
寻宝
开始寻宝
恭喜中奖，获得 300000 金币
恭喜中奖，获得 300000 金币
恭喜中奖，获得 300000 金币
，获得 10000 金币
恭喜中奖，获得 300000 金币
恭喜中奖，获得 300000 金币

每日签到
今日已签到

小程序每日签到
今日已签到

使用道具卡
使用道具卡【热带生鲜卡】成功
使用道具卡【米面粮油卡】成功

领助力奖励
领取助力奖励成功：获得726000金币 0财富 0元红包

收金币
【京喜美食城】收集9173金币
升级建筑
【京喜美食城】当前等级：43
【京喜美食城】升级需要59570136金币，保留升级需要的3倍178710408金币，当前拥有161862866金币
【京喜美食城】不满足升级条件，跳过升级

收金币
【京喜旅馆】收集13120金币
升级建筑
【京喜旅馆】当前等级：40
【京喜旅馆】升级需要58834944金币，保留升级需要的3倍176504832金币，当前拥有161875986金币
【京喜旅馆】不满足升级条件，跳过升级

收金币
【京喜商店】收集14666金币
升级建筑
【京喜商店】当前等级：40
【京喜商店】升级需要53932032金币，保留升级需要的3倍161796096金币，当前拥有161890652金币
【京喜商店】满足升级条件，开始升级
【京喜商店】升级成功：获得202财富

收金币
【京喜游乐场】收集17160金币
升级建筑
【京喜游乐场】当前等级：44
【京喜游乐场】升级需要57052512金币，保留升级需要的3倍171157536金币，当前拥有107975780金币
【京喜游乐场】不满足升级条件，跳过升级

接待贵宾
请贵宾下船，需等待30秒
贵宾'小情侣'下船成功
贵宾'小情侣'用餐成功：获得10000金币

收藏家
当前暂无收藏家

美人鱼
当前暂无美人鱼

倒垃圾
当前暂无垃圾


做任务
【🐮领牛牛任务奖励】升级1个建筑 获得金币 ¥ 726000

【🐮牛牛任务】已做完，去开启宝箱
【🐮牛牛任务】开启宝箱成功：获得财富 ¥ 100

【📆日常任务】已做完
【🎖成就任务】没有可领奖的任务


******开始【京东账号2】蓝闺q*********

获取用户信息：


当前等级:7,金币:104077415,财富值:23632,连续营业天数:35,离线收益:0

财富岛好友互助码每次运行都变化,旧的当天有效

【京东账号2（jd_72476e50d1b0e）的京喜财富岛好友互助码】ACDE0F4B82649C97DBC77C8438A5897232DDE4E9CA1691504B72FC87698ADFBD
寻宝
开始寻宝
恭喜中奖，获得 300000 金币
恭喜中奖，获得 300000 金币
恭喜中奖，获得 300000 金币
，获得 10000 金币
恭喜中奖，获得 300000 金币
恭喜中奖，获得 300000 金币

每日签到
今日已签到

小程序每日签到
今日已签到

使用道具卡
使用道具卡【海岛宝藏卡】成功

领助力奖励
暂无可领助力奖励

收金币
【京喜美食城】收集9200金币
升级建筑
【京喜美食城】当前等级：40
【京喜美食城】升级需要49029120金币，保留升级需要的3倍147087360金币，当前拥有105596615金币
【京喜美食城】不满足升级条件，跳过升级

收金币
【京喜旅馆】收集14652金币
升级建筑
【京喜旅馆】当前等级：37
【京喜旅馆】升级需要47766586金币，保留升级需要的3倍143299758金币，当前拥有105611267金币
【京喜旅馆】不满足升级条件，跳过升级

收金币
【京喜商店】收集17973金币
升级建筑
【京喜商店】当前等级：38
【京喜商店】升级需要47012962金币，保留升级需要的3倍141038886金币，当前拥有105629240金币
【京喜商店】不满足升级条件，跳过升级

收金币
【京喜游乐场】收集20172金币
升级建筑
【京喜游乐场】当前等级：41
【京喜游乐场】升级需要47152886金币，保留升级需要的3倍141458658金币，当前拥有105649412金币
【京喜游乐场】不满足升级条件，跳过升级

接待贵宾
当前暂无贵宾

收藏家
喜欢贝壳的收藏家来了，快去卖贝壳吧~

卖贝壳
贝壳出售成功：获得78900金币 95财富

美人鱼
当前暂无美人鱼

倒垃圾
当前暂无垃圾


做任务
开始【🐮牛牛任务】浏览5秒爆款活动
【🐮牛牛任务】浏览5秒爆款活动 进度：1/1
【🐮牛牛任务】未全部完成，无法开启宝箱

获取【📆日常任务】列表 ，总共4个任务！

开始第1个【📆日常任务】秒杀低至1.9元

【📆日常任务】秒杀低至1.9元 进度：1/1
【领日常奖励】秒杀低至1.9元 获得金币 ¥ 726000

开始第2个【📆日常任务】领红包，购物抵现

【📆日常任务】领红包，购物抵现 进度：1/1
【领日常奖励】领红包，购物抵现 任务为成就任务或者未到任务时间

开始第3个【📆日常任务】爱消除免费兑好礼

【📆日常任务】爱消除免费兑好礼 进度：1/1
【领日常奖励】爱消除免费兑好礼 任务为成就任务或者未到任务时间

开始第4个【📆日常任务】浏览京喜好货

【📆日常任务】浏览京喜好货 进度：3/3
【领日常奖励】浏览京喜好货 获得金币 ¥ 726000

获取【🎖成就任务】列表 ，总共1个任务！

开始第1个【🎖成就任务】卖贝壳给收藏家

【领成就奖励】卖贝壳给收藏家 获得财富值 ¥ 20

您将要助力的好友["2C37F2098259653D3D04309E057C2B3AFF3CFAC4A8F136426116960F9433DAA5","ACDE0F4B82649C97DBC77C8438A5897232DDE4E9CA1691504B72FC87698ADFBD",""]

开始互助

账号jd_56ac883b2ee02 去助力 2C37F2098259653D3D04309E057C2B3AFF3CFAC4A8F136426116960F9433DAA5
助力失败：不能帮助自己
账号jd_56ac883b2ee02 去助力 ACDE0F4B82649C97DBC77C8438A5897232DDE4E9CA1691504B72FC87698ADFBD
助力失败：已助力
账号jd_56ac883b2ee02 去助力 
助力失败：参数错误

开始互助

账号jd_72476e50d1b0e 去助力 2C37F2098259653D3D04309E057C2B3AFF3CFAC4A8F136426116960F9433DAA5
助力失败：已助力
账号jd_72476e50d1b0e 去助力 ACDE0F4B82649C97DBC77C8438A5897232DDE4E9CA1691504B72FC87698ADFBD
助力失败：不能帮助自己
账号jd_72476e50d1b0e 去助力 
助力失败：参数错误

==============📣系统通知📣==============
京喜财富岛
【京东账号1】Wang_Happy_
【🥇金币】108701780
【💵财富值】29263

【京东账号2】蓝闺q
【🥇金币】107180312
【💵财富值】23747


🔔京喜财富岛, 结束! 🕛 298.859 秒


## 执行结束... 2022-05-12 04:51:27 耗时 316 秒
