## 开始执行... 2022-05-10 10:45:49


🔔京喜财富岛, 开始!

====================共2个京东账号Cookie=================

============脚本执行时间：2022/5/10 10:45:49=============

>>>>>>>>>>>>>>6Dylan6 提示：任务正常运行中>>>>>>>>>>>>>>>

获取签名参数成功！
fp: 5154804209473165
token: tk02wd3e71d5018nINGlKZsKvfXy2oOGChMf0fw9EgLztJCUnWeZtpGI1LTpDraXQXttTRnsjnmYqZcrMcypxVB0W041
enCryptMethodJD: function test(tk,fp,ts,ai,algo){var rd='NGlKZsKvfXyd';var str=`${tk}${fp}${ts}${ai}${rd}`;return algo.HmacSHA256(str,tk)}

******开始【京东账号1】Wang_Happy_*********

获取用户信息：


当前等级:7,金币:143480373,财富值:27560,连续营业天数:39,离线收益:0

财富岛好友互助码每次运行都变化,旧的当天有效

【京东账号1（jd_56ac883b2ee02）的京喜财富岛好友互助码】2C37F2098259653D3D04309E057C2B3A204C938B8691FE437B54E92AC0D8A1B1
寻宝
暂无宝物

每日签到
今日已签到

小程序每日签到
今日已签到

使用道具卡
使用道具卡【海岛宝藏卡】成功

领助力奖励
暂无可领助力奖励

收金币
【京喜美食城】收集6013金币
升级建筑
【京喜美食城】当前等级：41
【京喜美食城】升级需要52392096金币，保留升级需要的3倍157176288金币，当前拥有143486386金币
【京喜美食城】不满足升级条件，跳过升级

收金币
【京喜旅馆】收集11544金币
升级建筑
【京喜旅馆】当前等级：39
【京喜旅馆】升级需要54975024金币，保留升级需要的3倍164925072金币，当前拥有143497930金币
【京喜旅馆】不满足升级条件，跳过升级

收金币
【京喜商店】收集15986金币
升级建筑
【京喜商店】当前等级：40
【京喜商店】升级需要53932032金币，保留升级需要的3倍161796096金币，当前拥有143513916金币
【京喜商店】不满足升级条件，跳过升级

收金币
【京喜游乐场】收集17931金币
升级建筑
【京喜游乐场】当前等级：43
【京喜游乐场】升级需要53613122金币，保留升级需要的3倍160839366金币，当前拥有143531847金币
【京喜游乐场】不满足升级条件，跳过升级

接待贵宾
当前暂无贵宾

收藏家
喜欢贝壳的收藏家来了，快去卖贝壳吧~

卖贝壳
贝壳出售成功：获得29400金币 33财富

美人鱼
当前暂无美人鱼

倒垃圾
当前暂无垃圾


做任务
【🐮牛牛任务】已做完，宝箱已开启
【📆日常任务】已做完
获取【🎖成就任务】列表 ，总共1个任务！

开始第1个【🎖成就任务】卖贝壳给收藏家

【领成就奖励】卖贝壳给收藏家 获得财富值 ¥ 20


******开始【京东账号2】蓝闺q*********

获取用户信息：


当前等级:7,金币:133757114,财富值:22220,连续营业天数:33,离线收益:0

财富岛好友互助码每次运行都变化,旧的当天有效

【京东账号2（jd_72476e50d1b0e）的京喜财富岛好友互助码】ACDE0F4B82649C97DBC77C8438A589722CB6D3FA7B01F48C2A9A20366A6CE67F
寻宝
开始寻宝
恭喜中奖，获得 300000 金币
恭喜中奖，获得 300000 金币
，获得 10000 金币
恭喜中奖，获得 300000 金币
恭喜中奖，获得 300000 金币

每日签到
今日已签到

小程序每日签到
今日已签到

使用道具卡
使用道具卡【海岛宝藏卡】成功
使用道具卡【天天大麦卡】成功

领助力奖励
暂无可领助力奖励

收金币
【京喜美食城】收集1909333金币
升级建筑
【京喜美食城】当前等级：40
【京喜美食城】升级需要49029120金币，保留升级需要的3倍147087360金币，当前拥有136876447金币
【京喜美食城】不满足升级条件，跳过升级

收金币
【京喜旅馆】收集2067120金币
升级建筑
【京喜旅馆】当前等级：36
【京喜旅馆】升级需要44410291金币，保留升级需要的3倍133230873金币，当前拥有138943567金币
【京喜旅馆】满足升级条件，开始升级
【京喜旅馆】升级成功：获得186财富

收金币
【京喜商店】收集1900800金币
升级建筑
【京喜商店】当前等级：36
【京喜商店】升级需要40709434金币，保留升级需要的3倍122128302金币，当前拥有96434076金币
【京喜商店】不满足升级条件，跳过升级

收金币
【京喜游乐场】收集1688895金币
"Response code 401 (Unauthorized)"
京喜财富岛 QueryUserInfo API请求失败，请检查网路重试
升级建筑
【京喜游乐场】当前等级：39
【京喜游乐场】升级需要41231268金币，保留升级需要的3倍123693804金币，当前拥有96434076金币
【京喜游乐场】不满足升级条件，跳过升级

接待贵宾
请贵宾下船，需等待30秒
贵宾'小情侣'下船成功
贵宾'小情侣'用餐成功：获得10000金币

收藏家
当前暂无收藏家

美人鱼
当前暂无美人鱼

倒垃圾
当前暂无垃圾


做任务
开始【🐮牛牛任务】去京东双签领京豆
【🐮牛牛任务】去京东双签领京豆 进度：1/1
【🐮牛牛任务】已做完，宝箱已开启
【📆日常任务】已做完
【🎖成就任务】没有可领奖的任务

【去京喜牧场免费领鸡蛋】已完成，去领取奖励
【领卡片奖励】去京喜牧场免费领鸡蛋 获得 热带生鲜卡

您将要助力的好友["2C37F2098259653D3D04309E057C2B3A204C938B8691FE437B54E92AC0D8A1B1","ACDE0F4B82649C97DBC77C8438A589722CB6D3FA7B01F48C2A9A20366A6CE67F",""]

开始互助

账号jd_56ac883b2ee02 去助力 2C37F2098259653D3D04309E057C2B3A204C938B8691FE437B54E92AC0D8A1B1
助力失败：不能帮助自己
账号jd_56ac883b2ee02 去助力 ACDE0F4B82649C97DBC77C8438A589722CB6D3FA7B01F48C2A9A20366A6CE67F
助力失败：已助力
账号jd_56ac883b2ee02 去助力 
助力失败：参数错误

开始互助

账号jd_72476e50d1b0e 去助力 2C37F2098259653D3D04309E057C2B3A204C938B8691FE437B54E92AC0D8A1B1
助力失败：已助力
账号jd_72476e50d1b0e 去助力 ACDE0F4B82649C97DBC77C8438A589722CB6D3FA7B01F48C2A9A20366A6CE67F
助力失败：不能帮助自己
账号jd_72476e50d1b0e 去助力 
助力失败：参数错误

==============📣系统通知📣==============
京喜财富岛
【京东账号1】Wang_Happy_
【🥇金币】143561247
【💵财富值】27613

【京东账号2】蓝闺q
【🥇金币】98122971
【💵财富值】22406


🔔京喜财富岛, 结束! 🕛 261.118 秒


## 执行结束... 2022-05-10 10:50:28 耗时 279 秒
