## 开始执行... 2022-05-07 18:49:55


🔔京喜财富岛, 开始!

====================共2个京东账号Cookie=================

============脚本执行时间：2022/5/7 18:49:55=============

>>>>>>>>>>>>>>6Dylan6 提示：任务正常运行中>>>>>>>>>>>>>>>

获取签名参数成功！
fp: 3513405446587165
token: tk02w96b61c4c18nHLybMj3dj60GCKOI8B7rjVf9puhDT8+TnvqPGGsoE9uwPxzOCThW1sPKo5BpXlb8dPHMd6hdmMpr
enCryptMethodJD: function test(tk,fp,ts,ai,algo){var rd='LybMj3dj60G0';var str=`${tk}${fp}${ts}${ai}${rd}`;return algo.HmacSHA256(str,tk)}

******开始【京东账号1】Wang_Happy_*********

获取用户信息：


当前等级:7,金币:105965173,财富值:25476,连续营业天数:36,离线收益:0

财富岛好友互助码每次运行都变化,旧的当天有效

【京东账号1（jd_56ac883b2ee02）的京喜财富岛好友互助码】2C37F2098259653D3D04309E057C2B3A627200CB64ECA10E6CF35E9C9E70E1B1
寻宝
开始寻宝
恭喜中奖，获得 300000 金币
恭喜中奖，获得 300000 金币
恭喜中奖，获得 300000 金币
恭喜中奖，获得 300000 金币
恭喜中奖，获得 300000 金币

每日签到
今日已签到

小程序每日签到
今日已签到

使用道具卡
使用道具卡【海岛宝藏卡】成功

领助力奖励
领取助力奖励成功：获得726000金币 0财富 0元红包

收金币
【京喜美食城】收集397333金币
升级建筑
【京喜美食城】当前等级：40
【京喜美食城】升级需要49029120金币，保留升级需要的3倍147087360金币，当前拥有108588506金币
【京喜美食城】不满足升级条件，跳过升级

收金币
【京喜旅馆】收集445480金币
升级建筑
【京喜旅馆】当前等级：37
【京喜旅馆】升级需要47766586金币，保留升级需要的3倍143299758金币，当前拥有109033986金币
【京喜旅馆】不满足升级条件，跳过升级

收金币
【京喜商店】收集433982金币
升级建筑
【京喜商店】当前等级：39
【京喜商店】升级需要50393772金币，保留升级需要的3倍151181316金币，当前拥有109467968金币
【京喜商店】不满足升级条件，跳过升级

收金币
【京喜游乐场】收集366840金币
升级建筑
【京喜游乐场】当前等级：40
【京喜游乐场】升级需要44126208金币，保留升级需要的3倍132378624金币，当前拥有109834808金币
【京喜游乐场】不满足升级条件，跳过升级

接待贵宾
请贵宾下船，需等待30秒
贵宾'大胃王'下船成功
贵宾'大胃王'用餐成功：获得10000金币

收藏家
当前暂无收藏家

美人鱼
当前暂无美人鱼

倒垃圾
当前暂无垃圾


做任务
【🐮牛牛任务】未全部完成，无法开启宝箱

【📆日常任务】已做完
【🎖成就任务】没有可领奖的任务

【去京喜牧场免费领鸡蛋】已完成，去领取奖励
【领卡片奖励】去京喜牧场免费领鸡蛋 获得 海岛宝藏卡

【去京喜工厂0元领好物】已完成，去领取奖励
【领卡片奖励】去京喜工厂0元领好物 获得 海岛宝藏卡

【去接待NPC】已完成，去领取奖励
【领卡片奖励】去接待NPC 获得 超惠生活卡


******开始【京东账号2】蓝闺q*********

获取用户信息：


当前等级:7,金币:90708748,财富值:20589,连续营业天数:30,离线收益:0

财富岛好友互助码每次运行都变化,旧的当天有效

【京东账号2（jd_72476e50d1b0e）的京喜财富岛好友互助码】ACDE0F4B82649C97DBC77C8438A589727FDFDAC8349F54A8563C0AD21A394BDD
寻宝
开始寻宝
恭喜中奖，获得 300000 金币
恭喜中奖，获得 300000 金币
，获得 10000 金币
恭喜中奖，获得 300000 金币
恭喜中奖，获得 300000 金币

每日签到
今日已签到

小程序每日签到
今日已签到

使用道具卡
使用道具卡【海岛宝藏卡】成功

领助力奖励
领取助力奖励成功：获得726000金币 0财富 0元红包

收金币
【京喜美食城】收集363216金币
升级建筑
【京喜美食城】当前等级：37
【京喜美食城】升级需要39805488金币，保留升级需要的3倍119416464金币，当前拥有93007964金币
【京喜美食城】不满足升级条件，跳过升级

收金币
【京喜旅馆】收集415660金币
升级建筑
【京喜旅馆】当前等级：35
【京喜旅馆】升级需要41214096金币，保留升级需要的3倍123642288金币，当前拥有93423624金币
【京喜旅馆】不满足升级条件，跳过升级

收金币
【京喜商店】收集395845金币
升级建筑
【京喜商店】当前等级：36
【京喜商店】升级需要40709434金币，保留升级需要的3倍122128302金币，当前拥有93819469金币
【京喜商店】不满足升级条件，跳过升级

收金币
【京喜游乐场】收集344394金币
升级建筑
【京喜游乐场】当前等级：38
【京喜游乐场】升级需要38465150金币，保留升级需要的3倍115395450金币，当前拥有94163863金币
【京喜游乐场】不满足升级条件，跳过升级

接待贵宾
请贵宾下船，需等待30秒
贵宾'大胃王'下船成功
贵宾'大胃王'用餐成功：获得10000金币

收藏家
当前暂无收藏家

美人鱼
当前暂无美人鱼

倒垃圾
当前暂无垃圾


做任务
【🐮牛牛任务】未全部完成，无法开启宝箱

【📆日常任务】已做完
【🎖成就任务】没有可领奖的任务

【去京喜牧场免费领鸡蛋】已完成，去领取奖励
【领卡片奖励】去京喜牧场免费领鸡蛋 获得 热带生鲜卡

【去京喜工厂0元领好物】已完成，去领取奖励
【领卡片奖励】去京喜工厂0元领好物 获得 海岛宝藏卡

【去接待NPC】已完成，去领取奖励
【领卡片奖励】去接待NPC 获得 热带生鲜卡

您将要助力的好友["2C37F2098259653D3D04309E057C2B3A627200CB64ECA10E6CF35E9C9E70E1B1","ACDE0F4B82649C97DBC77C8438A589727FDFDAC8349F54A8563C0AD21A394BDD",""]

开始互助

账号jd_56ac883b2ee02 去助力 2C37F2098259653D3D04309E057C2B3A627200CB64ECA10E6CF35E9C9E70E1B1
助力失败：不能帮助自己
账号jd_56ac883b2ee02 去助力 ACDE0F4B82649C97DBC77C8438A589727FDFDAC8349F54A8563C0AD21A394BDD
助力失败：已助力
账号jd_56ac883b2ee02 去助力 
助力失败：参数错误

开始互助

账号jd_72476e50d1b0e 去助力 2C37F2098259653D3D04309E057C2B3A627200CB64ECA10E6CF35E9C9E70E1B1
助力失败：已助力
账号jd_72476e50d1b0e 去助力 ACDE0F4B82649C97DBC77C8438A589727FDFDAC8349F54A8563C0AD21A394BDD
助力失败：不能帮助自己
账号jd_72476e50d1b0e 去助力 
助力失败：参数错误

==============📣系统通知📣==============
京喜财富岛
【京东账号1】Wang_Happy_
【🥇金币】109834808
【💵财富值】25476

【京东账号2】蓝闺q
【🥇金币】94163863
【💵财富值】20589


🔔京喜财富岛, 结束! 🕛 304.178 秒


## 执行结束... 2022-05-07 18:55:17 耗时 322 秒
