## 开始执行... 2022-05-11 14:48:48


🔔京喜财富岛, 开始!

====================共2个京东账号Cookie=================

============脚本执行时间：2022/5/11 14:48:49=============

>>>>>>>>>>>>>>6Dylan6 提示：任务正常运行中>>>>>>>>>>>>>>>

获取签名参数成功！
fp: 5730649780417165
token: tk02wad261c1818n3Lgyx9u2J6HqQNDnZtx6da9JFWoHcycIrxoGRk1DQXHWb6b7kmJzEGd990nAyTavLHpZxKNb230u
enCryptMethodJD: function test(tk,fp,ts,ai,algo){var rd='Lgyx9u2J6HqO';var str=`${tk}${fp}${ts}${ai}${rd}`;return algo.SHA256(str)}

******开始【京东账号1】Wang_Happy_*********

获取用户信息：


当前等级:7,金币:141137030,财富值:28763,连续营业天数:40,离线收益:0

财富岛好友互助码每次运行都变化,旧的当天有效

【京东账号1（jd_56ac883b2ee02）的京喜财富岛好友互助码】2C37F2098259653D3D04309E057C2B3ADF9AF50DA825913D3C7F1DD0075398DF
寻宝
暂无宝物

每日签到
今日已签到

小程序每日签到
今日已签到

使用道具卡
使用道具卡【热带生鲜卡】成功

领助力奖励
暂无可领助力奖励

收金币
【京喜美食城】收集4013金币
升级建筑
【京喜美食城】当前等级：43
【京喜美食城】升级需要59570136金币，保留升级需要的3倍178710408金币，当前拥有141141043金币
【京喜美食城】不满足升级条件，跳过升级

收金币
【京喜旅馆】收集7644金币
升级建筑
【京喜旅馆】当前等级：39
【京喜旅馆】升级需要54975024金币，保留升级需要的3倍164925072金币，当前拥有141148687金币
【京喜旅馆】不满足升级条件，跳过升级

收金币
【京喜商店】收集9826金币
升级建筑
【京喜商店】当前等级：40
【京喜商店】升级需要53932032金币，保留升级需要的3倍161796096金币，当前拥有141158513金币
【京喜商店】不满足升级条件，跳过升级

收金币
【京喜游乐场】收集11220金币
升级建筑
【京喜游乐场】当前等级：44
【京喜游乐场】升级需要57052512金币，保留升级需要的3倍171157536金币，当前拥有141169733金币
【京喜游乐场】不满足升级条件，跳过升级

接待贵宾
当前暂无贵宾

收藏家
当前暂无收藏家

美人鱼
当前暂无美人鱼

倒垃圾
当前暂无垃圾


做任务
【🐮牛牛任务】已做完，宝箱已开启
【📆日常任务】已做完
【🎖成就任务】没有可领奖的任务


******开始【京东账号2】蓝闺q*********

获取用户信息：


当前等级:7,金币:127567186,财富值:23032,连续营业天数:34,离线收益:0

财富岛好友互助码每次运行都变化,旧的当天有效

【京东账号2（jd_72476e50d1b0e）的京喜财富岛好友互助码】ACDE0F4B82649C97DBC77C8438A58972F0256374056BF7D10A30BE1193C5DEFE
寻宝
开始寻宝
恭喜中奖，获得 300000 金币
恭喜中奖，获得 300000 金币
恭喜中奖，获得 300000 金币
恭喜中奖，获得 300000 金币
恭喜中奖，获得 300000 金币
恭喜中奖，获得 300000 金币

每日签到
今日已签到

小程序每日签到
今日已签到

使用道具卡
使用道具卡【海岛宝藏卡】成功

领助力奖励
暂无可领助力奖励

收金币
【京喜美食城】收集8533金币
升级建筑
【京喜美食城】当前等级：40
【京喜美食城】升级需要49029120金币，保留升级需要的3倍147087360金币，当前拥有129375719金币
【京喜美食城】不满足升级条件，跳过升级

收金币
【京喜旅馆】收集14652金币
升级建筑
【京喜旅馆】当前等级：37
【京喜旅馆】升级需要47766586金币，保留升级需要的3倍143299758金币，当前拥有129390371金币
【京喜旅馆】不满足升级条件，跳过升级

收金币
【京喜商店】收集17973金币
升级建筑
【京喜商店】当前等级：38
【京喜商店】升级需要47012962金币，保留升级需要的3倍141038886金币，当前拥有129408344金币
【京喜商店】不满足升级条件，跳过升级

收金币
【京喜游乐场】收集18603金币
升级建筑
【京喜游乐场】当前等级：39
【京喜游乐场】升级需要41231268金币，保留升级需要的3倍123693804金币，当前拥有129426947金币
【京喜游乐场】满足升级条件，开始升级
【京喜游乐场】升级成功：获得198财富

接待贵宾
请贵宾下船，需等待30秒
贵宾'失眠人'下船成功
贵宾'失眠人'用餐成功：获得10000金币

收藏家
当前暂无收藏家

美人鱼
当前暂无美人鱼

倒垃圾
当前暂无垃圾


做任务
【🐮牛牛任务】已做完，宝箱已开启
获取【📆日常任务】列表 ，总共1个任务！

开始第1个【📆日常任务】养狗兑京豆

【📆日常任务】养狗兑京豆 进度：1/1
【领日常奖励】养狗兑京豆 获得金币 ¥ 726000

【🎖成就任务】没有可领奖的任务

【去京喜工厂0元领好物】已完成，去领取奖励
【领卡片奖励】去京喜工厂0元领好物 获得 海岛宝藏卡

您将要助力的好友["2C37F2098259653D3D04309E057C2B3ADF9AF50DA825913D3C7F1DD0075398DF","ACDE0F4B82649C97DBC77C8438A58972F0256374056BF7D10A30BE1193C5DEFE",""]

开始互助

账号jd_56ac883b2ee02 去助力 2C37F2098259653D3D04309E057C2B3ADF9AF50DA825913D3C7F1DD0075398DF
助力失败：不能帮助自己
账号jd_56ac883b2ee02 去助力 ACDE0F4B82649C97DBC77C8438A58972F0256374056BF7D10A30BE1193C5DEFE
助力失败：已助力
账号jd_56ac883b2ee02 去助力 
助力失败：参数错误

开始互助

账号jd_72476e50d1b0e 去助力 2C37F2098259653D3D04309E057C2B3ADF9AF50DA825913D3C7F1DD0075398DF
助力失败：已助力
账号jd_72476e50d1b0e 去助力 ACDE0F4B82649C97DBC77C8438A58972F0256374056BF7D10A30BE1193C5DEFE
助力失败：不能帮助自己
账号jd_72476e50d1b0e 去助力 
助力失败：参数错误

==============📣系统通知📣==============
京喜财富岛
【京东账号1】Wang_Happy_
【🥇金币】141169733
【💵财富值】28763

【京东账号2】蓝闺q
【🥇金币】88921679
【💵财富值】23230


🔔京喜财富岛, 结束! 🕛 229.793 秒


## 执行结束... 2022-05-11 14:52:56 耗时 248 秒
