## 开始执行... 2022-05-11 04:46:46


🔔京喜财富岛, 开始!

====================共2个京东账号Cookie=================

============脚本执行时间：2022/5/11 04:46:47=============

>>>>>>>>>>>>>>6Dylan6 提示：任务正常运行中>>>>>>>>>>>>>>>

获取签名参数成功！
fp: 7083922302820165
token: tk02w758d1be818nEEw630G95Z8XikYFZ7zq/l943pwsZ60Sr+xoD7zPVVr+04ktmipb2SkqYDxbZtr4w9WCst5fOlcU
enCryptMethodJD: function test(tk,fp,ts,ai,algo){var rd='Ew630G95Z8Xr';var str=`${tk}${fp}${ts}${ai}${rd}`;return algo.SHA512(str)}

******开始【京东账号1】Wang_Happy_*********

获取用户信息：


当前等级:7,金币:131231617,财富值:28469,连续营业天数:40,离线收益:0

财富岛好友互助码每次运行都变化,旧的当天有效

【京东账号1（jd_56ac883b2ee02）的京喜财富岛好友互助码】2C37F2098259653D3D04309E057C2B3A27C97129FC4063073A0079C577845E13
寻宝
开始寻宝
恭喜中奖，获得 300000 金币
恭喜中奖，获得 300000 金币
恭喜中奖，获得 300000 金币
，获得 10000 金币
恭喜中奖，获得 300000 金币
恭喜中奖，获得 300000 金币

每日签到
今日已签到

小程序每日签到
今日已签到

使用道具卡
使用道具卡【海岛宝藏卡】成功

领助力奖励
领取助力奖励成功：获得726000金币 0财富 0元红包

收金币
【京喜美食城】收集11466金币
升级建筑
【京喜美食城】当前等级：43
【京喜美食城】升级需要59570136金币，保留升级需要的3倍178710408金币，当前拥有133479083金币
【京喜美食城】不满足升级条件，跳过升级

收金币
【京喜旅馆】收集17940金币
升级建筑
【京喜旅馆】当前等级：39
【京喜旅馆】升级需要54975024金币，保留升级需要的3倍164925072金币，当前拥有133497023金币
【京喜旅馆】不满足升级条件，跳过升级

收金币
【京喜商店】收集21266金币
升级建筑
【京喜商店】当前等级：40
【京喜商店】升级需要53932032金币，保留升级需要的3倍161796096金币，当前拥有133518289金币
【京喜商店】不满足升级条件，跳过升级

收金币
【京喜游乐场】收集22575金币
升级建筑
【京喜游乐场】当前等级：43
【京喜游乐场】升级需要53613122金币，保留升级需要的3倍160839366金币，当前拥有133540864金币
【京喜游乐场】不满足升级条件，跳过升级

接待贵宾
请贵宾下船，需等待30秒
贵宾'小情侣'下船成功
贵宾'小情侣'用餐成功：获得10000金币

收藏家
当前暂无收藏家

美人鱼
当前暂无美人鱼

倒垃圾
当前暂无垃圾


做任务
【🐮牛牛任务】已做完，宝箱已开启
【📆日常任务】已做完
【🎖成就任务】没有可领奖的任务


******开始【京东账号2】蓝闺q*********

获取用户信息：


当前等级:7,金币:128434367,财富值:22702,连续营业天数:34,离线收益:0

财富岛好友互助码每次运行都变化,旧的当天有效

【京东账号2（jd_72476e50d1b0e）的京喜财富岛好友互助码】ACDE0F4B82649C97DBC77C8438A5897277DB2C5346F00CBE3C839D48F613D96D
寻宝
开始寻宝
寻宝失败：岛上信号有点弱，请稍后再试

每日签到
今日已签到

小程序每日签到
今日已签到

使用道具卡
使用道具卡失败：{"FcmInfo":{},"iRet":1023,"sErrMsg":"岛上信号有点弱，请稍后再试"}

领助力奖励
暂无可领助力奖励

收金币
【京喜美食城】收集undefined金币
升级建筑
【京喜美食城】当前等级：40
【京喜美食城】升级需要49029120金币，保留升级需要的3倍147087360金币，当前拥有128434367金币
【京喜美食城】不满足升级条件，跳过升级

收金币
【京喜旅馆】收集undefined金币
升级建筑
【京喜旅馆】当前等级：37
【京喜旅馆】升级需要47766586金币，保留升级需要的3倍143299758金币，当前拥有128434367金币
【京喜旅馆】不满足升级条件，跳过升级

收金币
【京喜商店】收集undefined金币
升级建筑
【京喜商店】当前等级：37
【京喜商店】升级需要43786037金币，保留升级需要的3倍131358111金币，当前拥有128434367金币
【京喜商店】不满足升级条件，跳过升级

收金币
【京喜游乐场】收集undefined金币
升级建筑
【京喜游乐场】当前等级：39
【京喜游乐场】升级需要41231268金币，保留升级需要的3倍123693804金币，当前拥有128434367金币
【京喜游乐场】满足升级条件，开始升级
【京喜游乐场】升级失败：岛上信号有点弱，请稍后再试

接待贵宾
请贵宾下船，需等待30秒
贵宾'大胃王'下船失败 岛上信号有点弱，请稍后再试

贵宾'大胃王'用餐失败：岛上信号有点弱，请稍后再试

收藏家
当前暂无收藏家

美人鱼
当前暂无美人鱼

倒垃圾
当前暂无垃圾


做任务
开始【🐮牛牛任务】去京东双签领京豆
【🐮牛牛任务】去京东双签领京豆 进度：1/1
【🐮牛牛任务】未全部完成，无法开启宝箱

获取【📆日常任务】列表 ，总共5个任务！

开始第1个【📆日常任务】签到领无门槛红包

【📆日常任务】签到领无门槛红包 进度：1/1
【领日常奖励】签到领无门槛红包 获得金币 ¥ 726000

开始第2个【📆日常任务】养狗兑京豆

【📆日常任务】养狗兑京豆 进度：1/1
【领日常奖励】养狗兑京豆 任务为成就任务或者未到任务时间

开始第3个【📆日常任务】领888元红包

【📆日常任务】领888元红包 进度：1/1
【领日常奖励】领888元红包 任务为成就任务或者未到任务时间

开始第4个【📆日常任务】爱消除免费兑好礼

【📆日常任务】爱消除免费兑好礼 进度：1/1
【领日常奖励】爱消除免费兑好礼 获得金币 ¥ 726000

开始第5个【📆日常任务】浏览京喜好货

【📆日常任务】浏览京喜好货 进度：3/3
【领日常奖励】浏览京喜好货 任务为成就任务或者未到任务时间

【🎖成就任务】没有可领奖的任务

您将要助力的好友["2C37F2098259653D3D04309E057C2B3A27C97129FC4063073A0079C577845E13","ACDE0F4B82649C97DBC77C8438A5897277DB2C5346F00CBE3C839D48F613D96D",""]

开始互助

账号jd_56ac883b2ee02 去助力 2C37F2098259653D3D04309E057C2B3A27C97129FC4063073A0079C577845E13
助力失败：不能帮助自己
账号jd_56ac883b2ee02 去助力 ACDE0F4B82649C97DBC77C8438A5897277DB2C5346F00CBE3C839D48F613D96D
助力失败：已助力
账号jd_56ac883b2ee02 去助力 
助力失败：参数错误

开始互助

账号jd_72476e50d1b0e 去助力 2C37F2098259653D3D04309E057C2B3A27C97129FC4063073A0079C577845E13
助力失败：岛上信号有点弱，请稍后再试
账号jd_72476e50d1b0e 去助力 ACDE0F4B82649C97DBC77C8438A5897277DB2C5346F00CBE3C839D48F613D96D
助力失败：岛上信号有点弱，请稍后再试
账号jd_72476e50d1b0e 去助力 
助力失败：岛上信号有点弱，请稍后再试

==============📣系统通知📣==============
京喜财富岛
【京东账号1】Wang_Happy_
【🥇金币】133540864
【💵财富值】28469

【京东账号2】蓝闺q
【🥇金币】129886367
【💵财富值】22702


🔔京喜财富岛, 结束! 🕛 294.692 秒


## 执行结束... 2022-05-11 04:51:59 耗时 313 秒
