## 开始执行... 2022-05-08 10:48:23


🔔京喜财富岛, 开始!

====================共2个京东账号Cookie=================

============脚本执行时间：2022/5/8 10:48:23=============

>>>>>>>>>>>>>>6Dylan6 提示：任务正常运行中>>>>>>>>>>>>>>>

获取签名参数成功！
fp: 5246824748123165
token: tk02wb3f81bbe18nxvqDsgMGtt43NemeESYjcPOCfZI1QW5EbCr2mhNTs1Z0wq2ZOTHt40Ck2WRjgwfMgCuG4c1RPT6J
enCryptMethodJD: function test(tk,fp,ts,ai,algo){var rd='vqDsgMGtt43x';var str=`${tk}${fp}${ts}${ai}${rd}`;return algo.SHA256(str)}

******开始【京东账号1】Wang_Happy_*********

获取用户信息：


当前等级:7,金币:128438307,财富值:26182,连续营业天数:37,离线收益:0

财富岛好友互助码每次运行都变化,旧的当天有效

【京东账号1（jd_56ac883b2ee02）的京喜财富岛好友互助码】2C37F2098259653D3D04309E057C2B3A1AFF8D185F91BAAB5B8DC786C5DF2168
寻宝
暂无宝物

每日签到
今日已签到

小程序每日签到
今日已签到

使用道具卡
使用道具卡【热带生鲜卡】成功

领助力奖励
暂无可领助力奖励

收金币
【京喜美食城】收集4100金币
升级建筑
【京喜美食城】当前等级：41
【京喜美食城】升级需要52392096金币，保留升级需要的3倍157176288金币，当前拥有128442407金币
【京喜美食城】不满足升级条件，跳过升级

收金币
【京喜旅馆】收集7104金币
升级建筑
【京喜旅馆】当前等级：37
【京喜旅馆】升级需要47766586金币，保留升级需要的3倍143299758金币，当前拥有128449511金币
【京喜旅馆】不满足升级条件，跳过升级

收金币
【京喜商店】收集9438金币
升级建筑
【京喜商店】当前等级：39
【京喜商店】升级需要50393772金币，保留升级需要的3倍151181316金币，当前拥有128458949金币
【京喜商店】不满足升级条件，跳过升级

收金币
【京喜游乐场】收集10701金币
升级建筑
【京喜游乐场】当前等级：41
【京喜游乐场】升级需要47152886金币，保留升级需要的3倍141458658金币，当前拥有128469650金币
【京喜游乐场】不满足升级条件，跳过升级

接待贵宾
当前暂无贵宾

收藏家
喜欢贝壳的收藏家来了，快去卖贝壳吧~

卖贝壳
贝壳出售成功：获得15300金币 17财富

美人鱼
当前暂无美人鱼

倒垃圾
当前暂无垃圾


做任务
【🐮牛牛任务】已做完，宝箱已开启
【📆日常任务】已做完
获取【🎖成就任务】列表 ，总共1个任务！

开始第1个【🎖成就任务】卖贝壳给收藏家

【领成就奖励】卖贝壳给收藏家 获得财富值 ¥ 20


******开始【京东账号2】蓝闺q*********

获取用户信息：


当前等级:7,金币:100324715,财富值:21246,连续营业天数:31,离线收益:0

财富岛好友互助码每次运行都变化,旧的当天有效

【京东账号2（jd_72476e50d1b0e）的京喜财富岛好友互助码】ACDE0F4B82649C97DBC77C8438A5897234B9AF5F2FBFD8EFAB85CFC219CC7660
寻宝
开始寻宝
恭喜中奖，获得 300000 金币
恭喜中奖，获得 300000 金币
，获得 10000 金币
恭喜中奖，获得 300000 金币
恭喜中奖，获得 300000 金币

每日签到
今日已签到

小程序每日签到
今日已签到

使用道具卡
使用道具卡【海岛宝藏卡】成功

领助力奖励
暂无可领助力奖励

收金币
【京喜美食城】收集8360金币
升级建筑
【京喜美食城】当前等级：38
【京喜美食城】升级需要42739056金币，保留升级需要的3倍128217168金币，当前拥有101543075金币
【京喜美食城】不满足升级条件，跳过升级

收金币
【京喜旅馆】收集13440金币
升级建筑
【京喜旅馆】当前等级：35
【京喜旅馆】升级需要41214096金币，保留升级需要的3倍123642288金币，当前拥有101556515金币
【京喜旅馆】不满足升级条件，跳过升级

收金币
【京喜商店】收集16632金币
升级建筑
【京喜商店】当前等级：36
【京喜商店】升级需要40709434金币，保留升级需要的3倍122128302金币，当前拥有101573147金币
【京喜商店】不满足升级条件，跳过升级

收金币
【京喜游乐场】收集18837金币
升级建筑
【京喜游乐场】当前等级：39
【京喜游乐场】升级需要41231268金币，保留升级需要的3倍123693804金币，当前拥有101591984金币
【京喜游乐场】不满足升级条件，跳过升级

接待贵宾
请贵宾下船，需等待30秒
贵宾'失眠人'下船成功
贵宾'失眠人'用餐成功：获得10000金币

收藏家
当前暂无收藏家

美人鱼
当前暂无美人鱼

倒垃圾
当前暂无垃圾


做任务
【🐮牛牛任务】已做完，宝箱已开启
【📆日常任务】已做完
【🎖成就任务】没有可领奖的任务

您将要助力的好友["2C37F2098259653D3D04309E057C2B3A1AFF8D185F91BAAB5B8DC786C5DF2168","ACDE0F4B82649C97DBC77C8438A5897234B9AF5F2FBFD8EFAB85CFC219CC7660",""]

开始互助

账号jd_56ac883b2ee02 去助力 2C37F2098259653D3D04309E057C2B3A1AFF8D185F91BAAB5B8DC786C5DF2168
助力失败：不能帮助自己
账号jd_56ac883b2ee02 去助力 ACDE0F4B82649C97DBC77C8438A5897234B9AF5F2FBFD8EFAB85CFC219CC7660
助力失败：已助力
账号jd_56ac883b2ee02 去助力 
助力失败：参数错误

开始互助

账号jd_72476e50d1b0e 去助力 2C37F2098259653D3D04309E057C2B3A1AFF8D185F91BAAB5B8DC786C5DF2168
助力失败：已助力
账号jd_72476e50d1b0e 去助力 ACDE0F4B82649C97DBC77C8438A5897234B9AF5F2FBFD8EFAB85CFC219CC7660
助力失败：不能帮助自己
账号jd_72476e50d1b0e 去助力 
助力失败：参数错误

==============📣系统通知📣==============
京喜财富岛
【京东账号1】Wang_Happy_
【🥇金币】128484950
【💵财富值】26219

【京东账号2】蓝闺q
【🥇金币】101591984
【💵财富值】21246


🔔京喜财富岛, 结束! 🕛 240.736 秒


## 执行结束... 2022-05-08 10:52:41 耗时 258 秒
