## 开始执行... 2022-05-09 18:47:53


🔔京喜财富岛, 开始!

====================共2个京东账号Cookie=================

============脚本执行时间：2022/5/9 18:47:54=============

>>>>>>>>>>>>>>6Dylan6 提示：任务正常运行中>>>>>>>>>>>>>>>

获取签名参数成功！
fp: 7108521148802165
token: tk02wfeb51d5618numHjvSqrOvcISmnvJqT5r8lWZOkRuUiz9LgJN+kDsvJoqLqy+VPzyPXsjh9RJkeB5+27VMWiHtW/
enCryptMethodJD: function test(tk,fp,ts,ai,algo){var rd='mHjvSqrOvcI7';var str=`${tk}${fp}${ts}${ai}${rd}`;return algo.HmacSHA256(str,tk)}

******开始【京东账号1】Wang_Happy_*********

获取用户信息：


当前等级:7,金币:145833870,财富值:27016,连续营业天数:38,离线收益:0

财富岛好友互助码每次运行都变化,旧的当天有效

【京东账号1（jd_56ac883b2ee02）的京喜财富岛好友互助码】2C37F2098259653D3D04309E057C2B3A98FF44BCA0B3DFDE3B7EC9DAC194CE35
寻宝
暂无宝物

每日签到
今日已签到

小程序每日签到
今日已签到

使用道具卡
使用道具卡【热带生鲜卡】成功

领助力奖励
暂无可领助力奖励

收金币
【京喜美食城】收集3826金币
升级建筑
【京喜美食城】当前等级：41
【京喜美食城】升级需要52392096金币，保留升级需要的3倍157176288金币，当前拥有145837696金币
【京喜美食城】不满足升级条件，跳过升级

收金币
【京喜旅馆】收集6992金币
升级建筑
【京喜旅馆】当前等级：38
【京喜旅馆】升级需要51286867金币，保留升级需要的3倍153860601金币，当前拥有145844688金币
【京喜旅馆】不满足升级条件，跳过升级

收金币
【京喜商店】收集9826金币
升级建筑
【京喜商店】当前等级：40
【京喜商店】升级需要53932032金币，保留升级需要的3倍161796096金币，当前拥有145854514金币
【京喜商店】不满足升级条件，跳过升级

收金币
【京喜游乐场】收集10710金币
升级建筑
【京喜游乐场】当前等级：42
【京喜游乐场】升级需要50314219金币，保留升级需要的3倍150942657金币，当前拥有145865224金币
【京喜游乐场】不满足升级条件，跳过升级

接待贵宾
当前暂无贵宾

收藏家
当前暂无收藏家

美人鱼
当前暂无美人鱼

倒垃圾
获取垃圾信息成功：本次不需要垃圾分类
倒垃圾成功：获得1000金币


做任务
【🐮牛牛任务】已做完，宝箱已开启
【📆日常任务】已做完
【🎖成就任务】没有可领奖的任务


******开始【京东账号2】蓝闺q*********

获取用户信息：


当前等级:7,金币:113444216,财富值:21882,连续营业天数:32,离线收益:0

财富岛好友互助码每次运行都变化,旧的当天有效

【京东账号2（jd_72476e50d1b0e）的京喜财富岛好友互助码】ACDE0F4B82649C97DBC77C8438A5897233E90542ACE69DA04727D18D1FA8E227
寻宝
开始寻宝
寻宝失败：岛上信号有点弱，请稍后再试

每日签到
今日已签到

小程序每日签到
今日已签到

使用道具卡
使用道具卡失败：{"FcmInfo":{},"iRet":1023,"sErrMsg":"岛上信号有点弱，请稍后再试"}

领助力奖励
暂无可领助力奖励

收金币
【京喜美食城】收集undefined金币
升级建筑
【京喜美食城】当前等级：39
【京喜美食城】升级需要45812520金币，保留升级需要的3倍137437560金币，当前拥有113444216金币
【京喜美食城】不满足升级条件，跳过升级

收金币
【京喜旅馆】收集undefined金币
升级建筑
【京喜旅馆】当前等级：36
【京喜旅馆】升级需要44410291金币，保留升级需要的3倍133230873金币，当前拥有113444216金币
【京喜旅馆】不满足升级条件，跳过升级

收金币
【京喜商店】收集undefined金币
升级建筑
【京喜商店】当前等级：36
【京喜商店】升级需要40709434金币，保留升级需要的3倍122128302金币，当前拥有113444216金币
【京喜商店】不满足升级条件，跳过升级

收金币
【京喜游乐场】收集undefined金币
"Response code 401 (Unauthorized)"
京喜财富岛 QueryUserInfo API请求失败，请检查网路重试
升级建筑
【京喜游乐场】当前等级：39
【京喜游乐场】升级需要41231268金币，保留升级需要的3倍123693804金币，当前拥有113444216金币
【京喜游乐场】不满足升级条件，跳过升级

接待贵宾
请贵宾下船，需等待30秒
贵宾'小情侣'下船失败 岛上信号有点弱，请稍后再试

贵宾'小情侣'用餐失败：岛上信号有点弱，请稍后再试

收藏家
当前暂无收藏家

美人鱼
当前暂无美人鱼

倒垃圾

❗️京喜财富岛, 错误!
TypeError: Cannot read properties of undefined (reading 'Game')
    at /ql/data/scripts/6dylan6_jdpro/jd_cfd.js:742:66
    at process.processTicksAndRejections (node:internal/process/task_queues:95:5)

做任务
【🐮牛牛任务】已做完，宝箱已开启
【📆日常任务】已做完
获取【🎖成就任务】列表 ，总共1个任务！

开始第1个【🎖成就任务】去海边捡贝壳

【领成就奖励】去海边捡贝壳 获得财富值 ¥ 20

您将要助力的好友["2C37F2098259653D3D04309E057C2B3A98FF44BCA0B3DFDE3B7EC9DAC194CE35","ACDE0F4B82649C97DBC77C8438A5897233E90542ACE69DA04727D18D1FA8E227",""]

开始互助

账号jd_56ac883b2ee02 去助力 2C37F2098259653D3D04309E057C2B3A98FF44BCA0B3DFDE3B7EC9DAC194CE35
助力失败：不能帮助自己
账号jd_56ac883b2ee02 去助力 ACDE0F4B82649C97DBC77C8438A5897233E90542ACE69DA04727D18D1FA8E227
助力失败：已助力
账号jd_56ac883b2ee02 去助力 
助力失败：参数错误

开始互助

账号jd_72476e50d1b0e 去助力 2C37F2098259653D3D04309E057C2B3A98FF44BCA0B3DFDE3B7EC9DAC194CE35
助力失败：岛上信号有点弱，请稍后再试
账号jd_72476e50d1b0e 去助力 ACDE0F4B82649C97DBC77C8438A5897233E90542ACE69DA04727D18D1FA8E227
助力失败：岛上信号有点弱，请稍后再试
账号jd_72476e50d1b0e 去助力 
助力失败：岛上信号有点弱，请稍后再试

==============📣系统通知📣==============
京喜财富岛
【京东账号1】Wang_Happy_
【🥇金币】145866224
【💵财富值】27016

【京东账号2】蓝闺q
【🥇金币】113444216
【💵财富值】21902


🔔京喜财富岛, 结束! 🕛 228.324 秒


## 执行结束... 2022-05-09 18:51:57 耗时 244 秒
