## 开始执行... 2022-05-08 04:49:04


🔔京喜财富岛, 开始!

====================共2个京东账号Cookie=================

============脚本执行时间：2022/5/8 04:49:04=============

>>>>>>>>>>>>>>6Dylan6 提示：任务正常运行中>>>>>>>>>>>>>>>

获取签名参数成功！
fp: 1870382339018165
token: tk02w8f261be318nAqrfFJT25zVDa7cMG8PYhet6m09k8tkBDAwdkNk3I42mVMzJkm37VsAtRz6LAe7NYypzRqhQFSCb
enCryptMethodJD: function test(tk,fp,ts,ai,algo){var rd='qrfFJT25zVDr';var str=`${tk}${fp}${ts}${ai}${rd}`;return algo.SHA512(str)}

******开始【京东账号1】Wang_Happy_*********

获取用户信息：


当前等级:7,金币:137194805,财富值:25840,连续营业天数:37,离线收益:0

财富岛好友互助码每次运行都变化,旧的当天有效

【京东账号1（jd_56ac883b2ee02）的京喜财富岛好友互助码】2C37F2098259653D3D04309E057C2B3A6A49BA811439A71D6E31AD4C6ED6DE15
寻宝
开始寻宝
恭喜中奖，获得 300000 金币
恭喜中奖，获得 300000 金币
，获得 10000 金币
恭喜中奖，获得 300000 金币
恭喜中奖，获得 300000 金币

每日签到
今日已签到

小程序每日签到
今日已签到

使用道具卡
使用道具卡【海岛宝藏卡】成功

领助力奖励
暂无可领助力奖励

收金币
【京喜美食城】收集8666金币
升级建筑
【京喜美食城】当前等级：40
【京喜美食城】升级需要49029120金币，保留升级需要的3倍147087360金币，当前拥有138413471金币
【京喜美食城】不满足升级条件，跳过升级

收金币
【京喜旅馆】收集14060金币
升级建筑
【京喜旅馆】当前等级：37
【京喜旅馆】升级需要47766586金币，保留升级需要的3倍143299758金币，当前拥有138427531金币
【京喜旅馆】不满足升级条件，跳过升级

收金币
【京喜商店】收集17875金币
升级建筑
【京喜商店】当前等级：39
【京喜商店】升级需要50393772金币，保留升级需要的3倍151181316金币，当前拥有138445406金币
【京喜商店】不满足升级条件，跳过升级

收金币
【京喜游乐场】收集19680金币
升级建筑
【京喜游乐场】当前等级：41
【京喜游乐场】升级需要47152886金币，保留升级需要的3倍141458658金币，当前拥有138465086金币
【京喜游乐场】不满足升级条件，跳过升级

接待贵宾
请贵宾下船，需等待30秒
贵宾'小情侣'下船成功
贵宾'小情侣'用餐成功：获得10000金币

收藏家
当前暂无收藏家

美人鱼
当前暂无美人鱼

倒垃圾
当前暂无垃圾


做任务
【🐮牛牛任务】未全部完成，无法开启宝箱

【📆日常任务】已做完
【🎖成就任务】没有可领奖的任务


******开始【京东账号2】蓝闺q*********

获取用户信息：


当前等级:7,金币:107458429,财富值:20946,连续营业天数:31,离线收益:0

财富岛好友互助码每次运行都变化,旧的当天有效

【京东账号2（jd_72476e50d1b0e）的京喜财富岛好友互助码】ACDE0F4B82649C97DBC77C8438A589723C3EE3FF0DF47E467EC19FFA14FA55C1
寻宝
开始寻宝
恭喜中奖，获得 300000 金币
恭喜中奖，获得 300000 金币
，获得 10000 金币
恭喜中奖，获得 300000 金币
恭喜中奖，获得 300000 金币

每日签到
今日已签到

小程序每日签到
今日已签到

使用道具卡
使用道具卡【海岛宝藏卡】成功

领助力奖励
领取助力奖励成功：获得726000金币 0财富 0元红包

收金币
【京喜美食城】收集9866金币
升级建筑
【京喜美食城】当前等级：37
【京喜美食城】升级需要39805488金币，保留升级需要的3倍119416464金币，当前拥有109404295金币
【京喜美食城】不满足升级条件，跳过升级

收金币
【京喜旅馆】收集15400金币
升级建筑
【京喜旅馆】当前等级：35
【京喜旅馆】升级需要41214096金币，保留升级需要的3倍123642288金币，当前拥有109419695金币
【京喜旅馆】不满足升级条件，跳过升级

收金币
【京喜商店】收集19140金币
升级建筑
【京喜商店】当前等级：36
【京喜商店】升级需要40709434金币，保留升级需要的3倍122128302金币，当前拥有109438835金币
【京喜商店】不满足升级条件，跳过升级

收金币
【京喜游乐场】收集20475金币
升级建筑
【京喜游乐场】当前等级：39
【京喜游乐场】升级需要41231268金币，保留升级需要的3倍123693804金币，当前拥有109459310金币
【京喜游乐场】不满足升级条件，跳过升级

接待贵宾
请贵宾下船，需等待30秒
贵宾'大胃王'下船成功
贵宾'大胃王'用餐成功：获得10000金币

收藏家
当前暂无收藏家

美人鱼
当前暂无美人鱼

倒垃圾
当前暂无垃圾


做任务
开始【🐮牛牛任务】签到抽红包
【🐮牛牛任务】签到抽红包 进度：1/1
开始【🐮牛牛任务】浏览5秒爆款活动
【🐮牛牛任务】浏览5秒爆款活动 进度：1/1
【🐮领牛牛任务奖励】签到抽红包 获得红包 ¥ 0.01元

【🐮领牛牛任务奖励】浏览5秒爆款活动 获得金币 ¥ 726000

【🐮牛牛任务】未全部完成，无法开启宝箱

获取【📆日常任务】列表 ，总共2个任务！

开始第1个【📆日常任务】领888元红包

【📆日常任务】领888元红包 进度：1/1
【领日常奖励】领888元红包 获得金币 ¥ 726000

开始第2个【📆日常任务】浏览京喜好货

【📆日常任务】浏览京喜好货 进度：3/3
【领日常奖励】浏览京喜好货 任务为成就任务或者未到任务时间

【🎖成就任务】没有可领奖的任务

【去京喜牧场免费领鸡蛋】已完成，去领取奖励
【领卡片奖励】去京喜牧场免费领鸡蛋 获得 热带生鲜卡

【去接待NPC】已完成，去领取奖励
【领卡片奖励】去接待NPC 获得 超惠生活卡

您将要助力的好友["2C37F2098259653D3D04309E057C2B3A6A49BA811439A71D6E31AD4C6ED6DE15","ACDE0F4B82649C97DBC77C8438A589723C3EE3FF0DF47E467EC19FFA14FA55C1",""]

开始互助

账号jd_56ac883b2ee02 去助力 2C37F2098259653D3D04309E057C2B3A6A49BA811439A71D6E31AD4C6ED6DE15
助力失败：不能帮助自己
账号jd_56ac883b2ee02 去助力 ACDE0F4B82649C97DBC77C8438A589723C3EE3FF0DF47E467EC19FFA14FA55C1
助力失败：已助力
账号jd_56ac883b2ee02 去助力 
助力失败：参数错误

开始互助

账号jd_72476e50d1b0e 去助力 2C37F2098259653D3D04309E057C2B3A6A49BA811439A71D6E31AD4C6ED6DE15
助力失败：已助力
账号jd_72476e50d1b0e 去助力 ACDE0F4B82649C97DBC77C8438A589723C3EE3FF0DF47E467EC19FFA14FA55C1
助力失败：不能帮助自己
账号jd_72476e50d1b0e 去助力 
助力失败：参数错误

==============📣系统通知📣==============
京喜财富岛
【京东账号1】Wang_Happy_
【🥇金币】138465086
【💵财富值】25840

【京东账号2】蓝闺q
【🥇金币】110911310
【💵财富值】20946


🔔京喜财富岛, 结束! 🕛 310.772 秒


## 执行结束... 2022-05-08 04:54:32 耗时 328 秒
