## 开始执行... 2022-05-14 08:47:35


🔔京喜财富岛, 开始!

====================共2个京东账号Cookie=================

============脚本执行时间：2022/5/14 08:47:36=============

>>>>>>>>>>>>>>6Dylan6 提示：任务正常运行中>>>>>>>>>>>>>>>

获取签名参数成功！
fp: 6044373606641165
token: tk02wa3451bf018nooOmBXchQxX26KKX8MWPFtPrWb2o1hwpa4HmcfB1dGOSLhG5rIuG9VTnMP+BLb4I0zus4uj/eMrp
enCryptMethodJD: function test(tk,fp,ts,ai,algo){var rd='oOmBXchQxX2r';var str=`${tk}${fp}${ts}${ai}${rd}`;return algo.MD5(str)}

******开始【京东账号1】Wang_Happy_*********

获取用户信息：


当前等级:8,金币:168072906,财富值:30562,连续营业天数:43,离线收益:0

财富岛好友互助码每次运行都变化,旧的当天有效

【京东账号1（jd_56ac883b2ee02）的京喜财富岛好友互助码】2C37F2098259653D3D04309E057C2B3A69C3C179972C6CF8A69F7FF69096BCD5
寻宝
开始寻宝
恭喜中奖，获得 300000 金币
恭喜中奖，获得 300000 金币
恭喜中奖，获得 300000 金币
恭喜中奖，获得 300000 金币
恭喜中奖，获得 300000 金币
恭喜中奖，获得 300000 金币

每日签到
今日已签到

小程序每日签到
今日已签到

使用道具卡
使用道具卡【热带生鲜卡】成功

领助力奖励
暂无可领助力奖励

收金币
【京喜美食城】收集7773金币
升级建筑
【京喜美食城】当前等级：44
【京喜美食城】升级需要63391680金币，保留升级需要的3倍190175040金币，当前拥有169880679金币
【京喜美食城】不满足升级条件，跳过升级

收金币
【京喜旅馆】收集12136金币
升级建筑
【京喜旅馆】当前等级：41
【京喜旅馆】升级需要62870515金币，保留升级需要的3倍188611545金币，当前拥有169892815金币
【京喜旅馆】不满足升级条件，跳过升级

收金币
【京喜商店】收集14168金币
升级建筑
【京喜商店】当前等级：42
【京喜商店】升级需要61495157金币，保留升级需要的3倍184485471金币，当前拥有169906983金币
【京喜商店】不满足升级条件，跳过升级

收金币
【京喜游乐场】收集14850金币
升级建筑
【京喜游乐场】当前等级：45
【京喜游乐场】升级需要60635304金币，保留升级需要的3倍181905912金币，当前拥有169921833金币
【京喜游乐场】不满足升级条件，跳过升级

接待贵宾
请贵宾下船，需等待30秒
贵宾'购物狂'下船成功
贵宾'购物狂'用餐成功：获得10000金币

收藏家
当前暂无收藏家

美人鱼
当前暂无美人鱼

倒垃圾
获取垃圾信息成功：本次需要垃圾分类
倒垃圾成功：获得8000金币 0财富


做任务
【🐮牛牛任务】已做完，宝箱已开启
【📆日常任务】已做完
获取【🎖成就任务】列表 ，总共1个任务！

开始第1个【🎖成就任务】完成垃圾分类

【领成就奖励】完成垃圾分类 获得财富值 ¥ 20


******开始【京东账号2】蓝闺q*********

获取用户信息：


当前等级:7,金币:158104499,财富值:24720,连续营业天数:37,离线收益:0

财富岛好友互助码每次运行都变化,旧的当天有效

【京东账号2（jd_72476e50d1b0e）的京喜财富岛好友互助码】ACDE0F4B82649C97DBC77C8438A589722FBAA8F10A341BE09F86FB3A45F7B6AF
寻宝
开始寻宝
恭喜中奖，获得 300000 金币
恭喜中奖，获得 300000 金币
恭喜中奖，获得 300000 金币
恭喜中奖，获得 300000 金币
恭喜中奖，获得 300000 金币
恭喜中奖，获得 300000 金币

每日签到
今日已签到

小程序每日签到
今日已签到

使用道具卡
使用道具卡【海岛宝藏卡】成功

领助力奖励
领取助力奖励成功：获得726000金币 0财富 0元红包

收金币
【京喜美食城】收集2017260金币
升级建筑
【京喜美食城】当前等级：42
【京喜美食城】升级需要55904688金币，保留升级需要的3倍167714064金币，当前拥有162647759金币
【京喜美食城】不满足升级条件，跳过升级

收金币
【京喜旅馆】收集2194728金币
升级建筑
【京喜旅馆】当前等级：38
【京喜旅馆】升级需要51286867金币，保留升级需要的3倍153860601金币，当前拥有164842487金币
【京喜旅馆】满足升级条件，开始升级
【京喜旅馆】升级成功：获得194财富

收金币
【京喜商店】收集2018800金币
升级建筑
【京喜商店】当前等级：38
【京喜商店】升级需要47012962金币，保留升级需要的3倍141038886金币，当前拥有115574420金币
【京喜商店】不满足升级条件，跳过升级

收金币
【京喜游乐场】收集1785837金币
升级建筑
【京喜游乐场】当前等级：41
【京喜游乐场】升级需要47152886金币，保留升级需要的3倍141458658金币，当前拥有117360257金币
【京喜游乐场】不满足升级条件，跳过升级

接待贵宾
请贵宾下船，需等待30秒
贵宾'大胃王'下船成功
贵宾'大胃王'用餐成功：获得10000金币

收藏家
当前暂无收藏家

美人鱼
当前暂无美人鱼

倒垃圾
获取垃圾信息成功：本次需要垃圾分类
倒垃圾成功：获得8000金币 0财富


做任务
【🐮领牛牛任务奖励】升级1个建筑 获得金币 ¥ 726000

【🐮牛牛任务】已做完，去开启宝箱
【🐮牛牛任务】开启宝箱成功：获得财富 ¥ 100

获取【📆日常任务】列表 ，总共1个任务！

开始第1个【📆日常任务】领888元红包

【📆日常任务】领888元红包 进度：1/1
【领日常奖励】领888元红包 任务为成就任务或者未到任务时间

获取【🎖成就任务】列表 ，总共1个任务！

开始第1个【🎖成就任务】完成垃圾分类

【领成就奖励】完成垃圾分类 获得财富值 ¥ 20

【去接待NPC】已完成，去领取奖励
【领卡片奖励】去接待NPC 获得 热带生鲜卡

您将要助力的好友["2C37F2098259653D3D04309E057C2B3A69C3C179972C6CF8A69F7FF69096BCD5","ACDE0F4B82649C97DBC77C8438A589722FBAA8F10A341BE09F86FB3A45F7B6AF"]

开始互助

账号jd_56ac883b2ee02 去助力 2C37F2098259653D3D04309E057C2B3A69C3C179972C6CF8A69F7FF69096BCD5
助力失败：不能帮助自己
账号jd_56ac883b2ee02 去助力 ACDE0F4B82649C97DBC77C8438A589722FBAA8F10A341BE09F86FB3A45F7B6AF
助力失败：已助力

开始互助

账号jd_72476e50d1b0e 去助力 2C37F2098259653D3D04309E057C2B3A69C3C179972C6CF8A69F7FF69096BCD5
助力失败：已助力
账号jd_72476e50d1b0e 去助力 ACDE0F4B82649C97DBC77C8438A589722FBAA8F10A341BE09F86FB3A45F7B6AF
助力失败：不能帮助自己

==============📣系统通知📣==============
京喜财富岛
【京东账号1】Wang_Happy_
【🥇金币】169929833
【💵财富值】30582

【京东账号2】蓝闺q
【🥇金币】118094257
【💵财富值】25034


🔔京喜财富岛, 结束! 🕛 389.499 秒


## 执行结束... 2022-05-14 08:54:27 耗时 412 秒
