## 开始执行... 2022-05-14 16:48:49


🔔京喜财富岛, 开始!

====================共2个京东账号Cookie=================

============脚本执行时间：2022/5/14 16:48:49=============

>>>>>>>>>>>>>>6Dylan6 提示：任务正常运行中>>>>>>>>>>>>>>>

获取签名参数成功！
fp: 1607004919560165
token: tk02w904f1b3318nLyYbLyjkLrouAEc/7h22FJF/cR+1kJwwc0O5kJCUp13saOPw8OEauFkQZzKa5Me2e034W8MYPKoy
enCryptMethodJD: function test(tk,fp,ts,ai,algo){var rd='yYbLyjkLrou4';var str=`${tk}${fp}${ts}${ai}${rd}`;return algo.HmacSHA256(str,tk)}

******开始【京东账号1】Wang_Happy_*********

获取用户信息：


当前等级:8,金币:143114510,财富值:30842,连续营业天数:43,离线收益:0

财富岛好友互助码每次运行都变化,旧的当天有效

【京东账号1（jd_56ac883b2ee02）的京喜财富岛好友互助码】2C37F2098259653D3D04309E057C2B3AB2B78B4E75FAD79AF3DE03FB4C383D65
寻宝
暂无宝物

每日签到
今日已签到

小程序每日签到
今日已签到

使用道具卡
使用道具卡【热带生鲜卡】成功

领助力奖励
暂无可领助力奖励

收金币
【京喜美食城】收集4106金币
升级建筑
【京喜美食城】当前等级：44
【京喜美食城】升级需要63391680金币，保留升级需要的3倍190175040金币，当前拥有143118616金币
【京喜美食城】不满足升级条件，跳过升级

收金币
【京喜旅馆】收集7544金币
升级建筑
【京喜旅馆】当前等级：41
【京喜旅馆】升级需要62870515金币，保留升级需要的3倍188611545金币，当前拥有143126160金币
【京喜旅馆】不满足升级条件，跳过升级

收金币
【京喜商店】收集10563金币
升级建筑
【京喜商店】当前等级：43
【京喜商店】升级需要65527150金币，保留升级需要的3倍196581450金币，当前拥有143136723金币
【京喜商店】不满足升级条件，跳过升级

收金币
【京喜游乐场】收集11475金币
升级建筑
【京喜游乐场】当前等级：45
【京喜游乐场】升级需要60635304金币，保留升级需要的3倍181905912金币，当前拥有143148198金币
【京喜游乐场】不满足升级条件，跳过升级

接待贵宾
当前暂无贵宾

收藏家
当前暂无收藏家

美人鱼
当前暂无美人鱼

倒垃圾
当前暂无垃圾


做任务
【🐮牛牛任务】已做完，宝箱已开启
【📆日常任务】已做完
【🎖成就任务】没有可领奖的任务


******开始【京东账号2】蓝闺q*********

获取用户信息：


当前等级:7,金币:115652832,财富值:25278,连续营业天数:37,离线收益:0

财富岛好友互助码每次运行都变化,旧的当天有效

【京东账号2（jd_72476e50d1b0e）的京喜财富岛好友互助码】ACDE0F4B82649C97DBC77C8438A589723D38AFBCADCBC5F4870543B2D537A973
寻宝
开始寻宝
恭喜中奖，获得 300000 金币
恭喜中奖，获得 300000 金币
恭喜中奖，获得 300000 金币
恭喜中奖，获得 300000 金币
恭喜中奖，获得 300000 金币
恭喜中奖，获得 300000 金币

每日签到
今日已签到

小程序每日签到
今日已签到

使用道具卡
使用道具卡【海岛宝藏卡】成功

领助力奖励
暂无可领助力奖励

收金币
【京喜美食城】收集9100金币
升级建筑
【京喜美食城】当前等级：42
【京喜美食城】升级需要55904688金币，保留升级需要的3倍167714064金币，当前拥有117461932金币
【京喜美食城】不满足升级条件，跳过升级

收金币
【京喜旅馆】收集14820金币
升级建筑
【京喜旅馆】当前等级：39
【京喜旅馆】升级需要54975024金币，保留升级需要的3倍164925072金币，当前拥有117476752金币
【京喜旅馆】不满足升级条件，跳过升级

收金币
【京喜商店】收集18590金币
升级建筑
【京喜商店】当前等级：39
【京喜商店】升级需要50393772金币，保留升级需要的3倍151181316金币，当前拥有117495342金币
【京喜商店】不满足升级条件，跳过升级

收金币
【京喜游乐场】收集19680金币
升级建筑
【京喜游乐场】当前等级：41
【京喜游乐场】升级需要47152886金币，保留升级需要的3倍141458658金币，当前拥有117515022金币
【京喜游乐场】不满足升级条件，跳过升级

接待贵宾
请贵宾下船，需等待30秒
贵宾'购物狂'下船成功
贵宾'购物狂'用餐成功：获得10000金币

收藏家
当前暂无收藏家

美人鱼
当前暂无美人鱼

倒垃圾
当前暂无垃圾


做任务
【🐮牛牛任务】已做完，宝箱已开启
【📆日常任务】已做完
【🎖成就任务】没有可领奖的任务

您将要助力的好友["2C37F2098259653D3D04309E057C2B3AB2B78B4E75FAD79AF3DE03FB4C383D65","ACDE0F4B82649C97DBC77C8438A589723D38AFBCADCBC5F4870543B2D537A973",""]

开始互助

账号jd_56ac883b2ee02 去助力 2C37F2098259653D3D04309E057C2B3AB2B78B4E75FAD79AF3DE03FB4C383D65
助力失败：不能帮助自己
账号jd_56ac883b2ee02 去助力 ACDE0F4B82649C97DBC77C8438A589723D38AFBCADCBC5F4870543B2D537A973
助力失败：已助力
账号jd_56ac883b2ee02 去助力 
助力失败：参数错误

开始互助

账号jd_72476e50d1b0e 去助力 2C37F2098259653D3D04309E057C2B3AB2B78B4E75FAD79AF3DE03FB4C383D65
助力失败：已助力
账号jd_72476e50d1b0e 去助力 ACDE0F4B82649C97DBC77C8438A589723D38AFBCADCBC5F4870543B2D537A973
助力失败：不能帮助自己
账号jd_72476e50d1b0e 去助力 
助力失败：参数错误

==============📣系统通知📣==============
京喜财富岛
【京东账号1】Wang_Happy_
【🥇金币】143148198
【💵财富值】30842

【京东账号2】蓝闺q
【🥇金币】117515022
【💵财富值】25278


🔔京喜财富岛, 结束! 🕛 223.513 秒


## 执行结束... 2022-05-14 16:52:50 耗时 241 秒
