## 开始执行... 2022-05-09 00:46:03


🔔京喜财富岛, 开始!

====================共2个京东账号Cookie=================

============脚本执行时间：2022/5/9 00:46:04=============

>>>>>>>>>>>>>>6Dylan6 提示：任务正常运行中>>>>>>>>>>>>>>>

获取签名参数成功！
fp: 0672904201935165
token: tk02wa0011cdf18n3BO5c83p2N1JhPPJNlTrJnzvHKLymZmZOaJs7CFTnnDv+HpwayvZujtjEciy6XK+bLMoicauW0Ky
enCryptMethodJD: function test(tk,fp,ts,ai,algo){var rd='BO5c83p2N1JD';var str=`${tk}${fp}${ts}${ai}${rd}`;return algo.HmacSHA512(str,tk)}

******开始【京东账号1】Wang_Happy_*********

获取用户信息：


当前等级:7,金币:130878845,财富值:26409,连续营业天数:38,离线收益:2424611

财富岛好友互助码每次运行都变化,旧的当天有效

【京东账号1（jd_56ac883b2ee02）的京喜财富岛好友互助码】2C37F2098259653D3D04309E057C2B3AB836E9D87ED4FAE7162E79D67522C3FC
寻宝
开始寻宝
恭喜中奖，获得 300000 金币
恭喜中奖，获得 300000 金币
，获得 10000 金币
恭喜中奖，获得 300000 金币
恭喜中奖，获得 300000 金币

每日签到
签到成功：获得0.01元

小程序每日签到
签到成功：获得0.01元

使用道具卡
使用道具卡【超惠生活卡】成功

领助力奖励
暂无可领助力奖励

收金币
【京喜美食城】收集8610金币
升级建筑
【京喜美食城】当前等级：41
【京喜美食城】升级需要52392096金币，保留升级需要的3倍157176288金币，当前拥有132097455金币
【京喜美食城】不满足升级条件，跳过升级

收金币
【京喜旅馆】收集13224金币
升级建筑
【京喜旅馆】当前等级：38
【京喜旅馆】升级需要51286867金币，保留升级需要的3倍153860601金币，当前拥有132110679金币
【京喜旅馆】不满足升级条件，跳过升级

收金币
【京喜商店】收集16445金币
升级建筑
【京喜商店】当前等级：39
【京喜商店】升级需要50393772金币，保留升级需要的3倍151181316金币，当前拥有132127124金币
【京喜商店】不满足升级条件，跳过升级

收金币
【京喜游乐场】收集18081金币
升级建筑
【京喜游乐场】当前等级：41
【京喜游乐场】升级需要47152886金币，保留升级需要的3倍141458658金币，当前拥有132145205金币
【京喜游乐场】不满足升级条件，跳过升级

接待贵宾
当前暂无贵宾

收藏家
当前暂无收藏家

美人鱼
可怜的美人鱼困在沙滩上了，快去解救她吧~
开始解救美人鱼
解救美人鱼成功：获得40512金币

倒垃圾
当前暂无垃圾


做任务
开始【🐮牛牛任务】签到抽红包
【🐮牛牛任务】签到抽红包 进度：1/1
开始【🐮牛牛任务】去京东双签领京豆
【🐮牛牛任务】去京东双签领京豆 进度：1/1
开始【🐮牛牛任务】浏览5秒爆款活动
【🐮牛牛任务】浏览5秒爆款活动 进度：1/1
开始【🐮牛牛任务】浏览5秒领福利
【🐮牛牛任务】浏览5秒领福利 进度：1/1
【🐮领牛牛任务奖励】签到抽红包 获得红包 ¥ 0.01元

【🐮领牛牛任务奖励】去京东双签领京豆 获得金币 ¥ 726000

【🐮领牛牛任务奖励】浏览5秒爆款活动 获得金币 ¥ 726000

【🐮领牛牛任务奖励】浏览5秒领福利 获得金币 ¥ 726000

【🐮牛牛任务】未全部完成，无法开启宝箱

获取【📆日常任务】列表 ，总共10个任务！

开始第1个【📆日常任务】签到领无门槛红包

【📆日常任务】签到领无门槛红包 进度：1/1
【领日常奖励】签到领无门槛红包 获得金币 ¥ 726000

开始第2个【📆日常任务】秒杀低至1.9元

【📆日常任务】秒杀低至1.9元 进度：1/1
【领日常奖励】秒杀低至1.9元 获得金币 ¥ 726000

开始第3个【📆日常任务】1元抢好药

【📆日常任务】1元抢好药 进度：1/1
【领日常奖励】1元抢好药 获得金币 ¥ 726000

开始第4个【📆日常任务】真补贴1折起

【📆日常任务】真补贴1折起 进度：1/1
【领日常奖励】真补贴1折起 获得金币 ¥ 726000

开始第5个【📆日常任务】领红包，购物抵现

【📆日常任务】领红包，购物抵现 进度：1/1
【领日常奖励】领红包，购物抵现 获得金币 ¥ 726000

开始第6个【📆日常任务】养狗兑京豆

【📆日常任务】养狗兑京豆 进度：1/1
【领日常奖励】养狗兑京豆 获得金币 ¥ 726000

开始第7个【📆日常任务】领888元红包

【📆日常任务】领888元红包 进度：1/1
【领日常奖励】领888元红包 获得金币 ¥ 726000

开始第8个【📆日常任务】爱消除免费兑好礼

【📆日常任务】爱消除免费兑好礼 进度：1/1
【领日常奖励】爱消除免费兑好礼 获得金币 ¥ 726000

开始第9个【📆日常任务】助农好物推荐

【📆日常任务】助农好物推荐 进度：1/1
【领日常奖励】助农好物推荐 获得金币 ¥ 726000

开始第10个【📆日常任务】浏览京喜好货

【📆日常任务】浏览京喜好货 进度：1/3
【📆日常任务】浏览京喜好货 进度：2/3
【📆日常任务】浏览京喜好货 进度：3/3
【领日常奖励】浏览京喜好货 获得金币 ¥ 726000

获取【🎖成就任务】列表 ，总共1个任务！

开始第1个【🎖成就任务】海边遇见美人鱼

【领成就奖励】海边遇见美人鱼 获得财富值 ¥ 20


******开始【京东账号2】蓝闺q*********

获取用户信息：


当前等级:7,金币:106865003,财富值:21480,连续营业天数:32,离线收益:2234319

财富岛好友互助码每次运行都变化,旧的当天有效

【京东账号2（jd_72476e50d1b0e）的京喜财富岛好友互助码】ACDE0F4B82649C97DBC77C8438A589729A710C8A0A31454A5070D7C0AB9D97BD
寻宝
开始寻宝
寻宝失败：岛上信号有点弱，请稍后再试

每日签到
签到失败：岛上信号有点弱，请稍后再试

小程序每日签到
签到失败：岛上信号有点弱，请稍后再试

使用道具卡
使用道具卡失败：{"FcmInfo":{},"iRet":1023,"sErrMsg":"岛上信号有点弱，请稍后再试"}

领助力奖励
暂无可领助力奖励

收金币
【京喜美食城】收集undefined金币
升级建筑
【京喜美食城】当前等级：39
【京喜美食城】升级需要45812520金币，保留升级需要的3倍137437560金币，当前拥有106865003金币
【京喜美食城】不满足升级条件，跳过升级

收金币
【京喜旅馆】收集undefined金币
升级建筑
【京喜旅馆】当前等级：35
【京喜旅馆】升级需要41214096金币，保留升级需要的3倍123642288金币，当前拥有106865003金币
【京喜旅馆】不满足升级条件，跳过升级

收金币
【京喜商店】收集undefined金币
升级建筑
【京喜商店】当前等级：36
【京喜商店】升级需要40709434金币，保留升级需要的3倍122128302金币，当前拥有106865003金币
【京喜商店】不满足升级条件，跳过升级

收金币
【京喜游乐场】收集undefined金币
升级建筑
【京喜游乐场】当前等级：39
【京喜游乐场】升级需要41231268金币，保留升级需要的3倍123693804金币，当前拥有106865003金币
【京喜游乐场】不满足升级条件，跳过升级

接待贵宾
当前暂无贵宾

收藏家
当前暂无收藏家

美人鱼
可怜的美人鱼困在沙滩上了，快去解救她吧~
开始解救美人鱼失败：岛上信号有点弱，请稍后再试

倒垃圾
当前暂无垃圾


做任务
开始【🐮牛牛任务】签到抽红包
【🐮牛牛任务】签到抽红包 进度：1/1
开始【🐮牛牛任务】去京东双签领京豆
【🐮牛牛任务】去京东双签领京豆 进度：1/1
开始【🐮牛牛任务】浏览5秒爆款活动
【🐮牛牛任务】浏览5秒爆款活动 进度：1/1
开始【🐮牛牛任务】浏览5秒领福利
【🐮牛牛任务】浏览5秒领福利 进度：1/1
【🐮领牛牛任务奖励】签到抽红包 获得红包 ¥ 0.01元

【🐮领牛牛任务奖励】浏览5秒领福利 获得金币 ¥ 726000

【🐮牛牛任务】未全部完成，无法开启宝箱

获取【📆日常任务】列表 ，总共10个任务！

开始第1个【📆日常任务】签到领无门槛红包

【📆日常任务】签到领无门槛红包 进度：1/1
【领日常奖励】签到领无门槛红包 获得金币 ¥ 726000

开始第2个【📆日常任务】秒杀低至1.9元

【📆日常任务】秒杀低至1.9元 进度：1/1
【领日常奖励】秒杀低至1.9元 任务为成就任务或者未到任务时间

开始第3个【📆日常任务】1元抢好药

【📆日常任务】1元抢好药 进度：1/1
【领日常奖励】1元抢好药 获得金币 ¥ 726000

开始第4个【📆日常任务】真补贴1折起

【📆日常任务】真补贴1折起 进度：1/1
【领日常奖励】真补贴1折起 任务为成就任务或者未到任务时间

开始第5个【📆日常任务】领红包，购物抵现

【📆日常任务】领红包，购物抵现 进度：1/1
【领日常奖励】领红包，购物抵现 获得金币 ¥ 726000

开始第6个【📆日常任务】养狗兑京豆

【📆日常任务】养狗兑京豆 进度：1/1
【领日常奖励】养狗兑京豆 任务为成就任务或者未到任务时间

开始第7个【📆日常任务】领888元红包

【📆日常任务】领888元红包 进度：1/1
【领日常奖励】领888元红包 任务为成就任务或者未到任务时间

开始第8个【📆日常任务】爱消除免费兑好礼

【📆日常任务】爱消除免费兑好礼 进度：1/1
【领日常奖励】爱消除免费兑好礼 获得金币 ¥ 726000

开始第9个【📆日常任务】助农好物推荐

【📆日常任务】助农好物推荐 进度：1/1
【领日常奖励】助农好物推荐 获得金币 ¥ 726000

开始第10个【📆日常任务】浏览京喜好货

【📆日常任务】浏览京喜好货 进度：1/3
【📆日常任务】浏览京喜好货 进度：2/3
【📆日常任务】浏览京喜好货 进度：3/3
【领日常奖励】浏览京喜好货 任务为成就任务或者未到任务时间

【🎖成就任务】没有可领奖的任务

您将要助力的好友["2C37F2098259653D3D04309E057C2B3AB836E9D87ED4FAE7162E79D67522C3FC","ACDE0F4B82649C97DBC77C8438A589729A710C8A0A31454A5070D7C0AB9D97BD",""]

开始互助

账号jd_56ac883b2ee02 去助力 2C37F2098259653D3D04309E057C2B3AB836E9D87ED4FAE7162E79D67522C3FC
助力失败：不能帮助自己
账号jd_56ac883b2ee02 去助力 ACDE0F4B82649C97DBC77C8438A589729A710C8A0A31454A5070D7C0AB9D97BD
助力成功：获得1,000京币
账号jd_56ac883b2ee02 去助力 
助力失败：参数错误

开始互助

账号jd_72476e50d1b0e 去助力 2C37F2098259653D3D04309E057C2B3AB836E9D87ED4FAE7162E79D67522C3FC
助力失败：岛上信号有点弱，请稍后再试
账号jd_72476e50d1b0e 去助力 ACDE0F4B82649C97DBC77C8438A589729A710C8A0A31454A5070D7C0AB9D97BD
助力失败：岛上信号有点弱，请稍后再试
账号jd_72476e50d1b0e 去助力 
助力失败：岛上信号有点弱，请稍后再试

==============📣系统通知📣==============
京喜财富岛
【京东账号1】Wang_Happy_
【🥇金币】141623717
【💵财富值】26429

【京东账号2】蓝闺q
【🥇金币】111221003
【💵财富值】21480


🔔京喜财富岛, 结束! 🕛 363.892 秒


## 执行结束... 2022-05-09 00:52:25 耗时 382 秒
