## 开始执行... 2022-05-13 18:46:07


🔔京喜财富岛, 开始!

====================共2个京东账号Cookie=================

============脚本执行时间：2022/5/13 18:46:07=============

>>>>>>>>>>>>>>6Dylan6 提示：任务正常运行中>>>>>>>>>>>>>>>

获取签名参数成功！
fp: 0245614569475165
token: tk02w70da1b4518nF7VVVeBi9VRWxIDdeQ0XoJN51x37MLZGlbfP6+1iT0kjRZSCe0zTV/DaZo/YXppQCotMFzHxg38x
enCryptMethodJD: function test(tk,fp,ts,ai,algo){var rd='7VVVeBi9VRWl';var str=`${tk}${fp}${ts}${ai}${rd}`;return algo.SHA256(str)}

******开始【京东账号1】Wang_Happy_*********

获取用户信息：


当前等级:8,金币:135984117,财富值:30220,连续营业天数:42,离线收益:0

财富岛好友互助码每次运行都变化,旧的当天有效

【京东账号1（jd_56ac883b2ee02）的京喜财富岛好友互助码】2C37F2098259653D3D04309E057C2B3ACA38E116C691A1FE8F6B36FBD17ED178
寻宝
暂无宝物

每日签到
今日已签到

小程序每日签到
今日已签到

使用道具卡
使用道具卡【超惠生活卡】成功

领助力奖励
暂无可领助力奖励

收金币
【京喜美食城】收集5426金币
升级建筑
【京喜美食城】当前等级：44
【京喜美食城】升级需要63391680金币，保留升级需要的3倍190175040金币，当前拥有135989543金币
【京喜美食城】不满足升级条件，跳过升级

收金币
【京喜旅馆】收集9760金币
升级建筑
【京喜旅馆】当前等级：40
【京喜旅馆】升级需要58834944金币，保留升级需要的3倍176504832金币，当前拥有135999303金币
【京喜旅馆】不满足升级条件，跳过升级

收金币
【京喜商店】收集13090金币
升级建筑
【京喜商店】当前等级：42
【京喜商店】升级需要61495157金币，保留升级需要的3倍184485471金币，当前拥有136012393金币
【京喜商店】不满足升级条件，跳过升级

收金币
【京喜游乐场】收集15255金币
升级建筑
【京喜游乐场】当前等级：45
【京喜游乐场】升级需要60635304金币，保留升级需要的3倍181905912金币，当前拥有136027648金币
【京喜游乐场】不满足升级条件，跳过升级

接待贵宾
当前暂无贵宾

收藏家
当前暂无收藏家

美人鱼
当前暂无美人鱼

倒垃圾
获取垃圾信息成功：本次不需要垃圾分类
倒垃圾成功：获得1000金币


做任务
【🐮牛牛任务】已做完，宝箱已开启
【📆日常任务】已做完
【🎖成就任务】没有可领奖的任务


******开始【京东账号2】蓝闺q*********

获取用户信息：


当前等级:7,金币:121160867,财富值:24680,连续营业天数:36,离线收益:0

财富岛好友互助码每次运行都变化,旧的当天有效

【京东账号2（jd_72476e50d1b0e）的京喜财富岛好友互助码】ACDE0F4B82649C97DBC77C8438A589724921F4599C1A3BC122D2A1ABD36404D2
寻宝
暂无宝物

每日签到
今日已签到

小程序每日签到
今日已签到

使用道具卡
使用道具卡失败：{"FcmInfo":{},"iRet":1023,"sErrMsg":"岛上信号有点弱，请稍后再试"}

领助力奖励
暂无可领助力奖励

收金币
【京喜美食城】收集undefined金币
升级建筑
【京喜美食城】当前等级：42
【京喜美食城】升级需要55904688金币，保留升级需要的3倍167714064金币，当前拥有121160867金币
【京喜美食城】不满足升级条件，跳过升级

收金币
【京喜旅馆】收集undefined金币
升级建筑
【京喜旅馆】当前等级：38
【京喜旅馆】升级需要51286867金币，保留升级需要的3倍153860601金币，当前拥有121160867金币
【京喜旅馆】不满足升级条件，跳过升级

收金币
【京喜商店】收集undefined金币
升级建筑
【京喜商店】当前等级：38
【京喜商店】升级需要47012962金币，保留升级需要的3倍141038886金币，当前拥有121160867金币
【京喜商店】不满足升级条件，跳过升级

收金币
【京喜游乐场】收集undefined金币
"Response code 401 (Unauthorized)"
京喜财富岛 QueryUserInfo API请求失败，请检查网路重试
升级建筑
【京喜游乐场】当前等级：41
【京喜游乐场】升级需要47152886金币，保留升级需要的3倍141458658金币，当前拥有121160867金币
【京喜游乐场】不满足升级条件，跳过升级

接待贵宾
请贵宾下船，需等待30秒
贵宾'购物狂'下船失败 岛上信号有点弱，请稍后再试

贵宾'购物狂'用餐失败：岛上信号有点弱，请稍后再试

收藏家
当前暂无收藏家

美人鱼
当前暂无美人鱼

倒垃圾

❗️京喜财富岛, 错误!
TypeError: Cannot read properties of undefined (reading 'Game')
    at /ql/data/scripts/6dylan6_jdpro/jd_cfd.js:742:66
    at process.processTicksAndRejections (node:internal/process/task_queues:95:5)

做任务
【🐮牛牛任务】已做完，宝箱已开启
【📆日常任务】已做完
【🎖成就任务】没有可领奖的任务

您将要助力的好友["2C37F2098259653D3D04309E057C2B3ACA38E116C691A1FE8F6B36FBD17ED178","ACDE0F4B82649C97DBC77C8438A589724921F4599C1A3BC122D2A1ABD36404D2"]

开始互助

账号jd_56ac883b2ee02 去助力 2C37F2098259653D3D04309E057C2B3ACA38E116C691A1FE8F6B36FBD17ED178
助力失败：不能帮助自己
账号jd_56ac883b2ee02 去助力 ACDE0F4B82649C97DBC77C8438A589724921F4599C1A3BC122D2A1ABD36404D2
助力失败：已助力

开始互助

账号jd_72476e50d1b0e 去助力 2C37F2098259653D3D04309E057C2B3ACA38E116C691A1FE8F6B36FBD17ED178
助力失败：岛上信号有点弱，请稍后再试
账号jd_72476e50d1b0e 去助力 ACDE0F4B82649C97DBC77C8438A589724921F4599C1A3BC122D2A1ABD36404D2
助力失败：岛上信号有点弱，请稍后再试

==============📣系统通知📣==============
京喜财富岛
【京东账号1】Wang_Happy_
【🥇金币】136028648
【💵财富值】30220

【京东账号2】蓝闺q
【🥇金币】121160867
【💵财富值】24680


🔔京喜财富岛, 结束! 🕛 219.401 秒


## 执行结束... 2022-05-13 18:50:08 耗时 241 秒
