## 开始执行... 2022-05-12 02:50:00


🔔京喜财富岛, 开始!

====================共2个京东账号Cookie=================

============脚本执行时间：2022/5/12 02:50:00=============

>>>>>>>>>>>>>>6Dylan6 提示：任务正常运行中>>>>>>>>>>>>>>>

获取签名参数成功！
fp: 2478986606598165
token: tk02w6ced1a9618nZXErTWIwm2Wlg06D2DumTr4e+G1RX2Bz7WHEv/50CHqCgtk0jV+6PfrUQ43W3akz614MbumRq/Lc
enCryptMethodJD: function test(tk,fp,ts,ai,algo){var rd='XErTWIwm2WlH';var str=`${tk}${fp}${ts}${ai}${rd}`;return algo.HmacSHA256(str,tk)}

******开始【京东账号1】Wang_Happy_*********

获取用户信息：


当前等级:7,金币:144933772,财富值:28961,连续营业天数:41,离线收益:0

财富岛好友互助码每次运行都变化,旧的当天有效

【京东账号1（jd_56ac883b2ee02）的京喜财富岛好友互助码】2C37F2098259653D3D04309E057C2B3A448A2FB561A74C3A75E197DE410E1EC7
寻宝
开始寻宝
恭喜中奖，获得 300000 金币
恭喜中奖，获得 300000 金币
恭喜中奖，获得 300000 金币
，获得 10000 金币
恭喜中奖，获得 300000 金币
恭喜中奖，获得 300000 金币

每日签到
今日已签到

小程序每日签到
今日已签到

使用道具卡
使用道具卡【海岛宝藏卡】成功

领助力奖励
暂无可领助力奖励

收金币
【京喜美食城】收集9173金币
升级建筑
【京喜美食城】当前等级：43
【京喜美食城】升级需要59570136金币，保留升级需要的3倍178710408金币，当前拥有146452945金币
【京喜美食城】不满足升级条件，跳过升级

收金币
【京喜旅馆】收集15840金币
升级建筑
【京喜旅馆】当前等级：40
【京喜旅馆】升级需要58834944金币，保留升级需要的3倍176504832金币，当前拥有146468785金币
【京喜旅馆】不满足升级条件，跳过升级

收金币
【京喜商店】收集18920金币
升级建筑
【京喜商店】当前等级：40
【京喜商店】升级需要53932032金币，保留升级需要的3倍161796096金币，当前拥有146487705金币
【京喜商店】不满足升级条件，跳过升级

收金币
【京喜游乐场】收集20988金币
升级建筑
【京喜游乐场】当前等级：44
【京喜游乐场】升级需要57052512金币，保留升级需要的3倍171157536金币，当前拥有146508693金币
【京喜游乐场】不满足升级条件，跳过升级

接待贵宾
请贵宾下船，需等待30秒
贵宾'大胃王'下船成功
贵宾'大胃王'用餐成功：获得10000金币

收藏家
当前暂无收藏家

美人鱼
当前暂无美人鱼

倒垃圾
当前暂无垃圾


做任务
【🐮领牛牛任务奖励】捡3个贝壳 获得金币 ¥ 726000

【🐮牛牛任务】未全部完成，无法开启宝箱

【📆日常任务】已做完
【🎖成就任务】没有可领奖的任务

【去京喜牧场免费领鸡蛋】已完成，去领取奖励
【领卡片奖励】去京喜牧场免费领鸡蛋 获得 热带生鲜卡

【去京喜工厂0元领好物】已完成，去领取奖励
【领卡片奖励】去京喜工厂0元领好物 获得 热带生鲜卡

【去接待NPC】已完成，去领取奖励
【领卡片奖励】去接待NPC 获得 热带生鲜卡


******开始【京东账号2】蓝闺q*********

获取用户信息：


当前等级:7,金币:126709527,财富值:23430,连续营业天数:35,离线收益:0

财富岛好友互助码每次运行都变化,旧的当天有效

【京东账号2（jd_72476e50d1b0e）的京喜财富岛好友互助码】ACDE0F4B82649C97DBC77C8438A58972B95A4D6FB7358FB1A28FADE7AF62E000
寻宝
开始寻宝
恭喜中奖，获得 300000 金币
恭喜中奖，获得 300000 金币
恭喜中奖，获得 300000 金币
，获得 10000 金币
恭喜中奖，获得 300000 金币
恭喜中奖，获得 300000 金币

每日签到
签到成功：获得0.01元

小程序每日签到
签到成功：获得0.01元

使用道具卡
使用道具卡【海岛宝藏卡】成功

领助力奖励
领取助力奖励成功：获得726000金币 0财富 0元红包

收金币
【京喜美食城】收集1000666金币
升级建筑
【京喜美食城】当前等级：40
【京喜美食城】升级需要49029120金币，保留升级需要的3倍147087360金币，当前拥有129946193金币
【京喜美食城】不满足升级条件，跳过升级

收金币
【京喜旅馆】收集1115180金币
升级建筑
【京喜旅馆】当前等级：37
【京喜旅馆】升级需要47766586金币，保留升级需要的3倍143299758金币，当前拥有131061373金币
【京喜旅馆】不满足升级条件，跳过升级

收金币
【京喜商店】收集1054056金币
升级建筑
【京喜商店】当前等级：38
【京喜商店】升级需要47012962金币，保留升级需要的3倍141038886金币，当前拥有132115429金币
【京喜商店】不满足升级条件，跳过升级

收金币
【京喜游乐场】收集912000金币
升级建筑
【京喜游乐场】当前等级：40
【京喜游乐场】升级需要44126208金币，保留升级需要的3倍132378624金币，当前拥有133027429金币
【京喜游乐场】满足升级条件，开始升级
【京喜游乐场】升级成功：获得202财富

接待贵宾
当前暂无贵宾

收藏家
当前暂无收藏家

美人鱼
昨日解救美人鱼领奖成功：获得小珍珠

倒垃圾
当前暂无垃圾


做任务
开始【🐮牛牛任务】签到抽红包
【🐮牛牛任务】签到抽红包 进度：1/1
开始【🐮牛牛任务】浏览5秒爆款活动
【🐮牛牛任务】浏览5秒爆款活动 进度：1/1
【🐮领牛牛任务奖励】升级1个建筑 获得金币 ¥ 726000

【🐮领牛牛任务奖励】捡3个贝壳 获得金币 ¥ 726000

【🐮领牛牛任务奖励】签到抽红包 获得红包 ¥ 0.01元

【🐮牛牛任务】未全部完成，无法开启宝箱

获取【📆日常任务】列表 ，总共7个任务！

开始第1个【📆日常任务】签到领无门槛红包

【📆日常任务】签到领无门槛红包 进度：1/1
【领日常奖励】签到领无门槛红包 获得金币 ¥ 726000

开始第2个【📆日常任务】秒杀低至1.9元

【📆日常任务】秒杀低至1.9元 进度：1/1
【领日常奖励】秒杀低至1.9元 任务为成就任务或者未到任务时间

开始第3个【📆日常任务】真补贴1折起

【📆日常任务】真补贴1折起 进度：1/1
【领日常奖励】真补贴1折起 获得金币 ¥ 726000

开始第4个【📆日常任务】领红包，购物抵现

【📆日常任务】领红包，购物抵现 进度：1/1
【领日常奖励】领红包，购物抵现 任务为成就任务或者未到任务时间

开始第5个【📆日常任务】爱消除免费兑好礼

【📆日常任务】爱消除免费兑好礼 进度：1/1
【领日常奖励】爱消除免费兑好礼 任务为成就任务或者未到任务时间

开始第6个【📆日常任务】助农好物推荐

【📆日常任务】助农好物推荐 进度：1/1
【领日常奖励】助农好物推荐 获得金币 ¥ 726000

开始第7个【📆日常任务】浏览京喜好货

【📆日常任务】浏览京喜好货 进度：1/3
【📆日常任务】浏览京喜好货 进度：2/3
【📆日常任务】浏览京喜好货 进度：3/3
【领日常奖励】浏览京喜好货 任务为成就任务或者未到任务时间

【🎖成就任务】没有可领奖的任务

【去京喜牧场免费领鸡蛋】已完成，去领取奖励
【领卡片奖励】去京喜牧场免费领鸡蛋 获得 超惠生活卡

您将要助力的好友["2C37F2098259653D3D04309E057C2B3A448A2FB561A74C3A75E197DE410E1EC7","ACDE0F4B82649C97DBC77C8438A58972B95A4D6FB7358FB1A28FADE7AF62E000",""]

开始互助

账号jd_56ac883b2ee02 去助力 2C37F2098259653D3D04309E057C2B3A448A2FB561A74C3A75E197DE410E1EC7
助力失败：不能帮助自己
账号jd_56ac883b2ee02 去助力 ACDE0F4B82649C97DBC77C8438A58972B95A4D6FB7358FB1A28FADE7AF62E000
助力失败：已助力
账号jd_56ac883b2ee02 去助力 
助力失败：参数错误

开始互助

账号jd_72476e50d1b0e 去助力 2C37F2098259653D3D04309E057C2B3A448A2FB561A74C3A75E197DE410E1EC7
助力成功：获得1,000京币
账号jd_72476e50d1b0e 去助力 ACDE0F4B82649C97DBC77C8438A58972B95A4D6FB7358FB1A28FADE7AF62E000
助力失败：不能帮助自己
账号jd_72476e50d1b0e 去助力 
助力失败：参数错误

==============📣系统通知📣==============
京喜财富岛
【京东账号1】Wang_Happy_
【🥇金币】147234693
【💵财富值】28961

【京东账号2】蓝闺q
【🥇金币】92531221
【💵财富值】23632


🔔京喜财富岛, 结束! 🕛 341.477 秒


## 执行结束... 2022-05-12 02:55:59 耗时 359 秒
