## 开始执行... 2022-05-10 08:47:05


🔔京喜财富岛, 开始!

====================共2个京东账号Cookie=================

============脚本执行时间：2022/5/10 08:47:05=============

>>>>>>>>>>>>>>6Dylan6 提示：任务正常运行中>>>>>>>>>>>>>>>

获取签名参数成功！
fp: 0414492963091165
token: tk02wbea21cbf18ng8jzNCGIlsZtB4jQ5lzoUbYRLpTVZuqDiQ1V42N9koXn/WWBJLMhzkiNrtE6PwSbOcLc1kfXOiMf
enCryptMethodJD: function test(tk,fp,ts,ai,algo){var rd='8jzNCGIlsZtl';var str=`${tk}${fp}${ts}${ai}${rd}`;return algo.SHA256(str)}

******开始【京东账号1】Wang_Happy_*********

获取用户信息：


当前等级:7,金币:129729567,财富值:27540,连续营业天数:39,离线收益:0

财富岛好友互助码每次运行都变化,旧的当天有效

【京东账号1（jd_56ac883b2ee02）的京喜财富岛好友互助码】2C37F2098259653D3D04309E057C2B3A69A6B7E9A8D6537BCF8B134D55BB16D1
寻宝
开始寻宝
恭喜中奖，获得 300000 金币
恭喜中奖，获得 300000 金币
恭喜中奖，获得 300000 金币
恭喜中奖，获得 300000 金币
恭喜中奖，获得 300000 金币

每日签到
今日已签到

小程序每日签到
今日已签到

使用道具卡
使用道具卡【海岛宝藏卡】成功

领助力奖励
暂无可领助力奖励

收金币
【京喜美食城】收集8200金币
升级建筑
【京喜美食城】当前等级：41
【京喜美食城】升级需要52392096金币，保留升级需要的3倍157176288金币，当前拥有131237767金币
【京喜美食城】不满足升级条件，跳过升级

收金币
【京喜旅馆】收集14040金币
升级建筑
【京喜旅馆】当前等级：39
【京喜旅馆】升级需要54975024金币，保留升级需要的3倍164925072金币，当前拥有131251807金币
【京喜旅馆】不满足升级条件，跳过升级

收金币
【京喜商店】收集18333金币
升级建筑
【京喜商店】当前等级：40
【京喜商店】升级需要53932032金币，保留升级需要的3倍161796096金币，当前拥有131270140金币
【京喜商店】不满足升级条件，跳过升级

收金币
【京喜游乐场】收集19995金币
升级建筑
【京喜游乐场】当前等级：43
【京喜游乐场】升级需要53613122金币，保留升级需要的3倍160839366金币，当前拥有131290135金币
【京喜游乐场】不满足升级条件，跳过升级

接待贵宾
请贵宾下船，需等待30秒
贵宾'购物狂'下船成功
贵宾'购物狂'用餐成功：获得10000金币

收藏家
当前暂无收藏家

美人鱼
当前暂无美人鱼

倒垃圾
获取垃圾信息成功：本次需要垃圾分类
倒垃圾成功：获得8000金币 0财富


做任务
【🐮牛牛任务】已做完，宝箱已开启
【📆日常任务】已做完
获取【🎖成就任务】列表 ，总共1个任务！

开始第1个【🎖成就任务】完成垃圾分类

【领成就奖励】完成垃圾分类 获得财富值 ¥ 20


******开始【京东账号2】蓝闺q*********

获取用户信息：


当前等级:7,金币:132305114,财富值:22220,连续营业天数:33,离线收益:0

财富岛好友互助码每次运行都变化,旧的当天有效

【京东账号2（jd_72476e50d1b0e）的京喜财富岛好友互助码】ACDE0F4B82649C97DBC77C8438A58972541BAAC3ABB1562182F2E32104D70FBC
寻宝
开始寻宝
寻宝失败：岛上信号有点弱，请稍后再试

每日签到
今日已签到

小程序每日签到
今日已签到

使用道具卡
使用道具卡失败：{"FcmInfo":{},"iRet":1023,"sErrMsg":"岛上信号有点弱，请稍后再试"}
使用道具卡失败：{"FcmInfo":{},"iRet":1023,"sErrMsg":"岛上信号有点弱，请稍后再试"}

领助力奖励
暂无可领助力奖励

收金币
【京喜美食城】收集undefined金币
升级建筑
【京喜美食城】当前等级：40
【京喜美食城】升级需要49029120金币，保留升级需要的3倍147087360金币，当前拥有132305114金币
【京喜美食城】不满足升级条件，跳过升级

收金币
【京喜旅馆】收集undefined金币
升级建筑
【京喜旅馆】当前等级：36
【京喜旅馆】升级需要44410291金币，保留升级需要的3倍133230873金币，当前拥有132305114金币
【京喜旅馆】不满足升级条件，跳过升级

收金币
【京喜商店】收集undefined金币
升级建筑
【京喜商店】当前等级：36
【京喜商店】升级需要40709434金币，保留升级需要的3倍122128302金币，当前拥有132305114金币
【京喜商店】满足升级条件，开始升级
【京喜商店】升级失败：岛上信号有点弱，请稍后再试

收金币
【京喜游乐场】收集undefined金币
升级建筑
【京喜游乐场】当前等级：39
【京喜游乐场】升级需要41231268金币，保留升级需要的3倍123693804金币，当前拥有132305114金币
【京喜游乐场】满足升级条件，开始升级
【京喜游乐场】升级失败：岛上信号有点弱，请稍后再试

接待贵宾
请贵宾下船，需等待30秒
贵宾'小情侣'下船失败 岛上信号有点弱，请稍后再试

贵宾'小情侣'用餐失败：岛上信号有点弱，请稍后再试

收藏家
当前暂无收藏家

美人鱼
当前暂无美人鱼

倒垃圾

❗️京喜财富岛, 错误!
TypeError: Cannot read properties of undefined (reading 'Game')
    at /ql/data/scripts/6dylan6_jdpro/jd_cfd.js:742:66
    at process.processTicksAndRejections (node:internal/process/task_queues:95:5)

做任务
开始【🐮牛牛任务】去京东双签领京豆
【🐮牛牛任务】去京东双签领京豆 进度：1/1
【🐮牛牛任务】已做完，宝箱已开启
获取【📆日常任务】列表 ，总共2个任务！

开始第1个【📆日常任务】秒杀低至1.9元

【📆日常任务】秒杀低至1.9元 进度：1/1
【领日常奖励】秒杀低至1.9元 获得金币 ¥ 726000

开始第2个【📆日常任务】领888元红包

【📆日常任务】领888元红包 进度：1/1
【领日常奖励】领888元红包 获得金币 ¥ 726000

【🎖成就任务】没有可领奖的任务

您将要助力的好友["2C37F2098259653D3D04309E057C2B3A69A6B7E9A8D6537BCF8B134D55BB16D1","ACDE0F4B82649C97DBC77C8438A58972541BAAC3ABB1562182F2E32104D70FBC",""]

开始互助

账号jd_56ac883b2ee02 去助力 2C37F2098259653D3D04309E057C2B3A69A6B7E9A8D6537BCF8B134D55BB16D1
助力失败：不能帮助自己
账号jd_56ac883b2ee02 去助力 ACDE0F4B82649C97DBC77C8438A58972541BAAC3ABB1562182F2E32104D70FBC
助力失败：已助力
账号jd_56ac883b2ee02 去助力 
助力失败：参数错误

开始互助

账号jd_72476e50d1b0e 去助力 2C37F2098259653D3D04309E057C2B3A69A6B7E9A8D6537BCF8B134D55BB16D1
助力失败：岛上信号有点弱，请稍后再试
账号jd_72476e50d1b0e 去助力 ACDE0F4B82649C97DBC77C8438A58972541BAAC3ABB1562182F2E32104D70FBC
助力失败：岛上信号有点弱，请稍后再试
账号jd_72476e50d1b0e 去助力 
助力失败：岛上信号有点弱，请稍后再试

==============📣系统通知📣==============
京喜财富岛
【京东账号1】Wang_Happy_
【🥇金币】131298135
【💵财富值】27560

【京东账号2】蓝闺q
【🥇金币】133757114
【💵财富值】22220


🔔京喜财富岛, 结束! 🕛 315.254 秒


## 执行结束... 2022-05-10 08:52:38 耗时 333 秒
