## 开始执行... 2022-05-12 20:48:20


🔔京喜财富岛, 开始!

====================共2个京东账号Cookie=================

============脚本执行时间：2022/5/12 20:48:20=============

>>>>>>>>>>>>>>6Dylan6 提示：任务正常运行中>>>>>>>>>>>>>>>

获取签名参数成功！
fp: 2806984113816165
token: tk02w9de81c0b18n1SLgv18UMyDuywB3yL7J0bJ0DZkb6MbqVU9vXZVxzBzP1znOhkFERXBLsjjblKXRW+THX+CcQ5uo
enCryptMethodJD: function test(tk,fp,ts,ai,algo){var rd='SLgv18UMyDuO';var str=`${tk}${fp}${ts}${ai}${rd}`;return algo.SHA512(str)}

******开始【京东账号1】Wang_Happy_*********

获取用户信息：


当前等级:7,金币:125916872,财富值:29568,连续营业天数:41,离线收益:0

财富岛好友互助码每次运行都变化,旧的当天有效

【京东账号1（jd_56ac883b2ee02）的京喜财富岛好友互助码】2C37F2098259653D3D04309E057C2B3A137EBC38F14F8E34D6732B38C1E39C9E
寻宝
暂无宝物

每日签到
今日已签到

小程序每日签到
今日已签到

使用道具卡
使用道具卡【超惠生活卡】成功

领助力奖励
暂无可领助力奖励

收金币
【京喜美食城】收集5303金币
升级建筑
【京喜美食城】当前等级：43
【京喜美食城】升级需要59570136金币，保留升级需要的3倍178710408金币，当前拥有125922175金币
【京喜美食城】不满足升级条件，跳过升级

收金币
【京喜旅馆】收集9760金币
升级建筑
【京喜旅馆】当前等级：40
【京喜旅馆】升级需要58834944金币，保留升级需要的3倍176504832金币，当前拥有125931935金币
【京喜旅馆】不满足升级条件，跳过升级

收金币
【京喜商店】收集13706金币
升级建筑
【京喜商店】当前等级：42
【京喜商店】升级需要61495157金币，保留升级需要的3倍184485471金币，当前拥有125945641金币
【京喜商店】不满足升级条件，跳过升级

收金币
【京喜游乐场】收集14916金币
升级建筑
【京喜游乐场】当前等级：44
【京喜游乐场】升级需要57052512金币，保留升级需要的3倍171157536金币，当前拥有125960557金币
【京喜游乐场】不满足升级条件，跳过升级

接待贵宾
当前暂无贵宾

收藏家
当前暂无收藏家

美人鱼
当前暂无美人鱼

倒垃圾
当前暂无垃圾


做任务
【🐮牛牛任务】已做完，宝箱已开启
【📆日常任务】已做完
【🎖成就任务】没有可领奖的任务


******开始【京东账号2】蓝闺q*********

获取用户信息：


当前等级:7,金币:142178650,财富值:23887,连续营业天数:35,离线收益:0

财富岛好友互助码每次运行都变化,旧的当天有效

【京东账号2（jd_72476e50d1b0e）的京喜财富岛好友互助码】ACDE0F4B82649C97DBC77C8438A58972F93F34EF3B7B796801A4BDAE1046DF5F
寻宝
开始寻宝
恭喜中奖，获得 300000 金币
恭喜中奖，获得 300000 金币
恭喜中奖，获得 300000 金币
恭喜中奖，获得 300000 金币
恭喜中奖，获得 300000 金币
恭喜中奖，获得 300000 金币

每日签到
今日已签到

小程序每日签到
今日已签到

使用道具卡
使用道具卡【海岛宝藏卡】成功

领助力奖励
暂无可领助力奖励

收金币
【京喜美食城】收集3846399金币
升级建筑
【京喜美食城】当前等级：40
【京喜美食城】升级需要49029120金币，保留升级需要的3倍147087360金币，当前拥有147825049金币
【京喜美食城】满足升级条件，开始升级
【京喜美食城】升级成功：获得202财富

收金币
【京喜旅馆】收集4276164金币
升级建筑
【京喜旅馆】当前等级：37
【京喜旅馆】升级需要47766586金币，保留升级需要的3倍143299758金币，当前拥有103072093金币
【京喜旅馆】不满足升级条件，跳过升级

收金币
【京喜商店】收集4030634金币
升级建筑
【京喜商店】当前等级：38
【京喜商店】升级需要47012962金币，保留升级需要的3倍141038886金币，当前拥有107102727金币
【京喜商店】不满足升级条件，跳过升级

收金币
【京喜游乐场】收集3561834金币
"Response code 401 (Unauthorized)"
京喜财富岛 QueryUserInfo API请求失败，请检查网路重试
升级建筑
【京喜游乐场】当前等级：41
【京喜游乐场】升级需要47152886金币，保留升级需要的3倍141458658金币，当前拥有107102727金币
【京喜游乐场】不满足升级条件，跳过升级

接待贵宾
请贵宾下船，需等待30秒
贵宾'小情侣'下船成功
贵宾'小情侣'用餐成功：获得10000金币

收藏家
当前暂无收藏家

美人鱼
当前暂无美人鱼

倒垃圾
当前暂无垃圾


做任务
【🐮牛牛任务】已做完，宝箱已开启
【📆日常任务】已做完
【🎖成就任务】没有可领奖的任务

您将要助力的好友["2C37F2098259653D3D04309E057C2B3A137EBC38F14F8E34D6732B38C1E39C9E","ACDE0F4B82649C97DBC77C8438A58972F93F34EF3B7B796801A4BDAE1046DF5F",""]

开始互助

账号jd_56ac883b2ee02 去助力 2C37F2098259653D3D04309E057C2B3A137EBC38F14F8E34D6732B38C1E39C9E
助力失败：不能帮助自己
账号jd_56ac883b2ee02 去助力 ACDE0F4B82649C97DBC77C8438A58972F93F34EF3B7B796801A4BDAE1046DF5F
助力失败：已助力
账号jd_56ac883b2ee02 去助力 
助力失败：参数错误

开始互助

账号jd_72476e50d1b0e 去助力 2C37F2098259653D3D04309E057C2B3A137EBC38F14F8E34D6732B38C1E39C9E
助力失败：已助力
账号jd_72476e50d1b0e 去助力 ACDE0F4B82649C97DBC77C8438A58972F93F34EF3B7B796801A4BDAE1046DF5F
助力失败：不能帮助自己
账号jd_72476e50d1b0e 去助力 
助力失败：参数错误

==============📣系统通知📣==============
京喜财富岛
【京东账号1】Wang_Happy_
【🥇金币】125960557
【💵财富值】29568

【京东账号2】蓝闺q
【🥇金币】110664561
【💵财富值】24089


🔔京喜财富岛, 结束! 🕛 230.615 秒


## 执行结束... 2022-05-12 20:52:28 耗时 248 秒
