## 开始执行... 2022-05-11 12:48:32


🔔京喜财富岛, 开始!

====================共2个京东账号Cookie=================

============脚本执行时间：2022/5/11 12:48:33=============

>>>>>>>>>>>>>>6Dylan6 提示：任务正常运行中>>>>>>>>>>>>>>>

获取签名参数成功！
fp: 9026476910240165
token: tk02wb6191cc218nt0m9AFm8L5m5OnkgQ6mTdjPZ96syhhzp+KFQx8xvj1ARnJvexqNQzngCvgWNRNG3sdsSIEQUQEiC
enCryptMethodJD: function test(tk,fp,ts,ai,algo){var rd='0m9AFm8L5m5U';var str=`${tk}${fp}${ts}${ai}${rd}`;return algo.HmacSHA256(str,tk)}

******开始【京东账号1】Wang_Happy_*********

获取用户信息：


当前等级:7,金币:132803584,财富值:28763,连续营业天数:40,离线收益:0

财富岛好友互助码每次运行都变化,旧的当天有效

【京东账号1（jd_56ac883b2ee02）的京喜财富岛好友互助码】2C37F2098259653D3D04309E057C2B3A3769C4C223FDF9FD5F0BF290798C2F7F
寻宝
暂无宝物

每日签到
今日已签到

小程序每日签到
今日已签到

使用道具卡
使用道具卡【热带生鲜卡】成功

领助力奖励
暂无可领助力奖励

收金币
【京喜美食城】收集4013金币
升级建筑
【京喜美食城】当前等级：43
【京喜美食城】升级需要59570136金币，保留升级需要的3倍178710408金币，当前拥有132807597金币
【京喜美食城】不满足升级条件，跳过升级

收金币
【京喜旅馆】收集7644金币
升级建筑
【京喜旅馆】当前等级：39
【京喜旅馆】升级需要54975024金币，保留升级需要的3倍164925072金币，当前拥有132815241金币
【京喜旅馆】不满足升级条件，跳过升级

收金币
【京喜商店】收集9826金币
升级建筑
【京喜商店】当前等级：40
【京喜商店】升级需要53932032金币，保留升级需要的3倍161796096金币，当前拥有132825067金币
【京喜商店】不满足升级条件，跳过升级

收金币
【京喜游乐场】收集11220金币
升级建筑
【京喜游乐场】当前等级：44
【京喜游乐场】升级需要57052512金币，保留升级需要的3倍171157536金币，当前拥有132836287金币
【京喜游乐场】不满足升级条件，跳过升级

接待贵宾
当前暂无贵宾

收藏家
当前暂无收藏家

美人鱼
当前暂无美人鱼

倒垃圾
获取垃圾信息成功：本次不需要垃圾分类
倒垃圾成功：获得1000金币


做任务
【🐮牛牛任务】已做完，宝箱已开启
【📆日常任务】已做完
【🎖成就任务】没有可领奖的任务


******开始【京东账号2】蓝闺q*********

获取用户信息：


当前等级:7,金币:114418599,财富值:23012,连续营业天数:34,离线收益:0

财富岛好友互助码每次运行都变化,旧的当天有效

【京东账号2（jd_72476e50d1b0e）的京喜财富岛好友互助码】ACDE0F4B82649C97DBC77C8438A589729B03A2F21EC0AA86ACE3B149CE128BB0
寻宝
开始寻宝
恭喜中奖，获得 300000 金币
恭喜中奖，获得 300000 金币
恭喜中奖，获得 300000 金币
，获得 10000 金币
恭喜中奖，获得 300000 金币
恭喜中奖，获得 300000 金币

每日签到
今日已签到

小程序每日签到
今日已签到

使用道具卡
使用道具卡【海岛宝藏卡】成功

领助力奖励
暂无可领助力奖励

收金币
【京喜美食城】收集8533金币
升级建筑
【京喜美食城】当前等级：40
【京喜美食城】升级需要49029120金币，保留升级需要的3倍147087360金币，当前拥有115937132金币
【京喜美食城】不满足升级条件，跳过升级

收金币
【京喜旅馆】收集14652金币
升级建筑
【京喜旅馆】当前等级：37
【京喜旅馆】升级需要47766586金币，保留升级需要的3倍143299758金币，当前拥有115951784金币
【京喜旅馆】不满足升级条件，跳过升级

收金币
【京喜商店】收集17973金币
升级建筑
【京喜商店】当前等级：38
【京喜商店】升级需要47012962金币，保留升级需要的3倍141038886金币，当前拥有115969757金币
【京喜商店】不满足升级条件，跳过升级

收金币
【京喜游乐场】收集18603金币
升级建筑
【京喜游乐场】当前等级：39
【京喜游乐场】升级需要41231268金币，保留升级需要的3倍123693804金币，当前拥有115988360金币
【京喜游乐场】不满足升级条件，跳过升级

接待贵宾
请贵宾下船，需等待30秒
贵宾'小情侣'下船成功
贵宾'小情侣'用餐成功：获得10000金币

收藏家
当前暂无收藏家

美人鱼
当前暂无美人鱼

倒垃圾
获取垃圾信息成功：本次需要垃圾分类
倒垃圾成功：获得8000金币 0财富


做任务
【🐮牛牛任务】已做完，宝箱已开启
获取【📆日常任务】列表 ，总共1个任务！

开始第1个【📆日常任务】养狗兑京豆

【📆日常任务】养狗兑京豆 进度：1/1
【领日常奖励】养狗兑京豆 任务为成就任务或者未到任务时间

获取【🎖成就任务】列表 ，总共1个任务！

开始第1个【🎖成就任务】完成垃圾分类

【领成就奖励】完成垃圾分类 获得财富值 ¥ 20

您将要助力的好友["2C37F2098259653D3D04309E057C2B3A3769C4C223FDF9FD5F0BF290798C2F7F","ACDE0F4B82649C97DBC77C8438A589729B03A2F21EC0AA86ACE3B149CE128BB0",""]

开始互助

账号jd_56ac883b2ee02 去助力 2C37F2098259653D3D04309E057C2B3A3769C4C223FDF9FD5F0BF290798C2F7F
助力失败：不能帮助自己
账号jd_56ac883b2ee02 去助力 ACDE0F4B82649C97DBC77C8438A589729B03A2F21EC0AA86ACE3B149CE128BB0
助力失败：已助力
账号jd_56ac883b2ee02 去助力 
助力失败：参数错误

开始互助

账号jd_72476e50d1b0e 去助力 2C37F2098259653D3D04309E057C2B3A3769C4C223FDF9FD5F0BF290798C2F7F
助力失败：已助力
账号jd_72476e50d1b0e 去助力 ACDE0F4B82649C97DBC77C8438A589729B03A2F21EC0AA86ACE3B149CE128BB0
助力失败：不能帮助自己
账号jd_72476e50d1b0e 去助力 
助力失败：参数错误

==============📣系统通知📣==============
京喜财富岛
【京东账号1】Wang_Happy_
【🥇金币】132837287
【💵财富值】28763

【京东账号2】蓝闺q
【🥇金币】115996360
【💵财富值】23032


🔔京喜财富岛, 结束! 🕛 261.194 秒


## 执行结束... 2022-05-11 12:53:11 耗时 279 秒
