## 开始执行... 2022-05-14 10:45:33


🔔京喜财富岛, 开始!

====================共2个京东账号Cookie=================

============脚本执行时间：2022/5/14 10:45:34=============

>>>>>>>>>>>>>>6Dylan6 提示：任务正常运行中>>>>>>>>>>>>>>>

获取签名参数成功！
fp: 7908048663716165
token: tk02w9c691b5a18nvEXAEsuY9mZwpcIavODXp0aIbPI4IP/INM7HXxjTD6EH3nZZYBVOgI75xy5T7ssJdsVRPfFB4Rb+
enCryptMethodJD: function test(tk,fp,ts,ai,algo){var rd='EXAEsuY9mZwX';var str=`${tk}${fp}${ts}${ai}${rd}`;return algo.HmacMD5(str,tk)}

******开始【京东账号1】Wang_Happy_*********

获取用户信息：


当前等级:8,金币:178453546,财富值:30582,连续营业天数:43,离线收益:0

财富岛好友互助码每次运行都变化,旧的当天有效

【京东账号1（jd_56ac883b2ee02）的京喜财富岛好友互助码】2C37F2098259653D3D04309E057C2B3A262B66241190C66B37428EC7A13027CF
寻宝
暂无宝物

每日签到
今日已签到

小程序每日签到
今日已签到

使用道具卡
使用道具卡【热带生鲜卡】成功

领助力奖励
暂无可领助力奖励

收金币
【京喜美食城】收集3960金币
升级建筑
【京喜美食城】当前等级：44
【京喜美食城】升级需要63391680金币，保留升级需要的3倍190175040金币，当前拥有178457506金币
【京喜美食城】不满足升级条件，跳过升级

收金币
【京喜旅馆】收集7872金币
升级建筑
【京喜旅馆】当前等级：41
【京喜旅馆】升级需要62870515金币，保留升级需要的3倍188611545金币，当前拥有178465378金币
【京喜旅馆】不满足升级条件，跳过升级

收金币
【京喜商店】收集10164金币
升级建筑
【京喜商店】当前等级：42
【京喜商店】升级需要61495157金币，保留升级需要的3倍184485471金币，当前拥有178475542金币
【京喜商店】不满足升级条件，跳过升级

收金币
【京喜游乐场】收集11745金币
升级建筑
【京喜游乐场】当前等级：45
【京喜游乐场】升级需要60635304金币，保留升级需要的3倍181905912金币，当前拥有178487287金币
【京喜游乐场】不满足升级条件，跳过升级

接待贵宾
当前暂无贵宾

收藏家
喜欢贝壳的收藏家来了，快去卖贝壳吧~

卖贝壳
贝壳出售成功：获得26850金币 30财富

美人鱼
当前暂无美人鱼

倒垃圾
当前暂无垃圾


做任务
【🐮牛牛任务】已做完，宝箱已开启
【📆日常任务】已做完
获取【🎖成就任务】列表 ，总共1个任务！

开始第1个【🎖成就任务】卖贝壳给收藏家

【领成就奖励】卖贝壳给收藏家 获得财富值 ¥ 20


******开始【京东账号2】蓝闺q*********

获取用户信息：


当前等级:7,金币:129976771,财富值:25034,连续营业天数:37,离线收益:0

财富岛好友互助码每次运行都变化,旧的当天有效

【京东账号2（jd_72476e50d1b0e）的京喜财富岛好友互助码】ACDE0F4B82649C97DBC77C8438A589729BBC07C3D73A5733F25AB43CB3F378E4
寻宝
开始寻宝
恭喜中奖，获得 300000 金币
恭喜中奖，获得 300000 金币
恭喜中奖，获得 300000 金币
恭喜中奖，获得 300000 金币
恭喜中奖，获得 300000 金币
恭喜中奖，获得 300000 金币

每日签到
今日已签到

小程序每日签到
今日已签到

使用道具卡
使用道具卡【海岛宝藏卡】成功
使用道具卡【天天大麦卡】成功

领助力奖励
暂无可领助力奖励

收金币
【京喜美食城】收集8960金币
升级建筑
【京喜美食城】当前等级：42
【京喜美食城】升级需要55904688金币，保留升级需要的3倍167714064金币，当前拥有131785731金币
【京喜美食城】不满足升级条件，跳过升级

收金币
【京喜旅馆】收集15444金币
升级建筑
【京喜旅馆】当前等级：39
【京喜旅馆】升级需要54975024金币，保留升级需要的3倍164925072金币，当前拥有131801175金币
【京喜旅馆】不满足升级条件，跳过升级

收金币
【京喜商店】收集17973金币
升级建筑
【京喜商店】当前等级：38
【京喜商店】升级需要47012962金币，保留升级需要的3倍141038886金币，当前拥有131819148金币
【京喜商店】不满足升级条件，跳过升级

收金币
【京喜游乐场】收集19557金币
升级建筑
【京喜游乐场】当前等级：41
【京喜游乐场】升级需要47152886金币，保留升级需要的3倍141458658金币，当前拥有131838705金币
【京喜游乐场】不满足升级条件，跳过升级

接待贵宾
请贵宾下船，需等待30秒
贵宾'小情侣'下船成功
贵宾'小情侣'用餐成功：获得10000金币

收藏家
当前暂无收藏家

美人鱼
当前暂无美人鱼

倒垃圾
当前暂无垃圾


做任务
【🐮牛牛任务】已做完，宝箱已开启
获取【📆日常任务】列表 ，总共1个任务！

开始第1个【📆日常任务】领888元红包

【📆日常任务】领888元红包 进度：1/1
【领日常奖励】领888元红包 任务为成就任务或者未到任务时间

【🎖成就任务】没有可领奖的任务

您将要助力的好友["2C37F2098259653D3D04309E057C2B3A262B66241190C66B37428EC7A13027CF","ACDE0F4B82649C97DBC77C8438A589729BBC07C3D73A5733F25AB43CB3F378E4",""]

开始互助

账号jd_56ac883b2ee02 去助力 2C37F2098259653D3D04309E057C2B3A262B66241190C66B37428EC7A13027CF
助力失败：不能帮助自己
账号jd_56ac883b2ee02 去助力 ACDE0F4B82649C97DBC77C8438A589729BBC07C3D73A5733F25AB43CB3F378E4
助力失败：已助力
账号jd_56ac883b2ee02 去助力 
助力失败：参数错误

开始互助

账号jd_72476e50d1b0e 去助力 2C37F2098259653D3D04309E057C2B3A262B66241190C66B37428EC7A13027CF
助力失败：已助力
账号jd_72476e50d1b0e 去助力 ACDE0F4B82649C97DBC77C8438A589729BBC07C3D73A5733F25AB43CB3F378E4
助力失败：不能帮助自己
账号jd_72476e50d1b0e 去助力 
助力失败：参数错误

==============📣系统通知📣==============
京喜财富岛
【京东账号1】Wang_Happy_
【🥇金币】178514137
【💵财富值】30632

【京东账号2】蓝闺q
【🥇金币】131838705
【💵财富值】25034


🔔京喜财富岛, 结束! 🕛 248.841 秒


## 执行结束... 2022-05-14 10:50:00 耗时 267 秒
