## 开始执行... 2022-05-12 06:45:37


🔔京喜财富岛, 开始!

====================共2个京东账号Cookie=================

============脚本执行时间：2022/5/12 06:45:38=============

>>>>>>>>>>>>>>6Dylan6 提示：任务正常运行中>>>>>>>>>>>>>>>

获取签名参数成功！
fp: 8676779873502165
token: tk02w8c961b9318nL2uDHXk5tFkV63XEFG9KEbTBe5j9pfqxCPzFsycagHUPsInTK3to7MfgoD098NJnFRjs8Su2hM8L
enCryptMethodJD: function test(tk,fp,ts,ai,algo){var rd='2uDHXk5tFkV1';var str=`${tk}${fp}${ts}${ai}${rd}`;return algo.HmacMD5(str,tk)}

******开始【京东账号1】Wang_Happy_*********

获取用户信息：


当前等级:7,金币:117070903,财富值:29273,连续营业天数:41,离线收益:0

财富岛好友互助码每次运行都变化,旧的当天有效

【京东账号1（jd_56ac883b2ee02）的京喜财富岛好友互助码】2C37F2098259653D3D04309E057C2B3A91BF5FEB93D683F479CA8017B46A8450
寻宝
开始寻宝
恭喜中奖，获得 300000 金币
恭喜中奖，获得 300000 金币
恭喜中奖，获得 300000 金币
，获得 10000 金币
恭喜中奖，获得 300000 金币
恭喜中奖，获得 300000 金币

每日签到
今日已签到

小程序每日签到
今日已签到

使用道具卡
使用道具卡【热带生鲜卡】成功

领助力奖励
暂无可领助力奖励

收金币
【京喜美食城】收集7596金币
升级建筑
【京喜美食城】当前等级：43
【京喜美食城】升级需要59570136金币，保留升级需要的3倍178710408金币，当前拥有118588499金币
【京喜美食城】不满足升级条件，跳过升级

收金币
【京喜旅馆】收集11360金币
升级建筑
【京喜旅馆】当前等级：40
【京喜旅馆】升级需要58834944金币，保留升级需要的3倍176504832金币，当前拥有118599859金币
【京喜旅馆】不满足升级条件，跳过升级

收金币
【京喜商店】收集13830金币
升级建筑
【京喜商店】当前等级：41
【京喜商店】升级需要57631306金币，保留升级需要的3倍172893918金币，当前拥有118613689金币
【京喜商店】不满足升级条件，跳过升级

收金币
【京喜游乐场】收集14520金币
升级建筑
【京喜游乐场】当前等级：44
【京喜游乐场】升级需要57052512金币，保留升级需要的3倍171157536金币，当前拥有118628209金币
【京喜游乐场】不满足升级条件，跳过升级

接待贵宾
请贵宾下船，需等待30秒
贵宾'失眠人'下船成功
贵宾'失眠人'用餐成功：获得10000金币

收藏家
当前暂无收藏家

美人鱼
当前暂无美人鱼

倒垃圾
当前暂无垃圾


做任务
【🐮牛牛任务】已做完，宝箱已开启
【📆日常任务】已做完
获取【🎖成就任务】列表 ，总共1个任务！

开始第1个【🎖成就任务】去海边捡贝壳

【领成就奖励】去海边捡贝壳 获得财富值 ¥ 20


******开始【京东账号2】蓝闺q*********

获取用户信息：


当前等级:7,金币:118838135,财富值:23747,连续营业天数:35,离线收益:0

财富岛好友互助码每次运行都变化,旧的当天有效

【京东账号2（jd_72476e50d1b0e）的京喜财富岛好友互助码】ACDE0F4B82649C97DBC77C8438A589724BD2A2EAF2C3935167BD5A33355DE602
寻宝
开始寻宝
寻宝失败：岛上信号有点弱，请稍后再试

每日签到
今日已签到

小程序每日签到
今日已签到

使用道具卡
使用道具卡失败：{"FcmInfo":{},"iRet":1023,"sErrMsg":"岛上信号有点弱，请稍后再试"}

领助力奖励
暂无可领助力奖励

收金币
【京喜美食城】收集undefined金币
升级建筑
【京喜美食城】当前等级：40
【京喜美食城】升级需要49029120金币，保留升级需要的3倍147087360金币，当前拥有118838135金币
【京喜美食城】不满足升级条件，跳过升级

收金币
【京喜旅馆】收集undefined金币
升级建筑
【京喜旅馆】当前等级：37
【京喜旅馆】升级需要47766586金币，保留升级需要的3倍143299758金币，当前拥有118838135金币
【京喜旅馆】不满足升级条件，跳过升级

收金币
【京喜商店】收集undefined金币
升级建筑
【京喜商店】当前等级：38
【京喜商店】升级需要47012962金币，保留升级需要的3倍141038886金币，当前拥有118838135金币
【京喜商店】不满足升级条件，跳过升级

收金币
【京喜游乐场】收集undefined金币
升级建筑
【京喜游乐场】当前等级：41
【京喜游乐场】升级需要47152886金币，保留升级需要的3倍141458658金币，当前拥有118838135金币
【京喜游乐场】不满足升级条件，跳过升级

接待贵宾
请贵宾下船，需等待30秒
贵宾'大胃王'下船失败 岛上信号有点弱，请稍后再试

贵宾'大胃王'用餐失败：岛上信号有点弱，请稍后再试

收藏家
当前暂无收藏家

美人鱼
当前暂无美人鱼

倒垃圾
当前暂无垃圾


做任务
开始【🐮牛牛任务】浏览5秒爆款活动
【🐮牛牛任务】浏览5秒爆款活动 进度：1/1
【🐮牛牛任务】未全部完成，无法开启宝箱

获取【📆日常任务】列表 ，总共2个任务！

开始第1个【📆日常任务】领红包，购物抵现

【📆日常任务】领红包，购物抵现 进度：1/1
【领日常奖励】领红包，购物抵现 任务为成就任务或者未到任务时间

开始第2个【📆日常任务】爱消除免费兑好礼

【📆日常任务】爱消除免费兑好礼 进度：1/1
【领日常奖励】爱消除免费兑好礼 任务为成就任务或者未到任务时间

获取【🎖成就任务】列表 ，总共1个任务！

开始第1个【🎖成就任务】去海边捡贝壳

【领成就奖励】去海边捡贝壳 获得财富值 ¥ 20

您将要助力的好友["2C37F2098259653D3D04309E057C2B3A91BF5FEB93D683F479CA8017B46A8450","ACDE0F4B82649C97DBC77C8438A589724BD2A2EAF2C3935167BD5A33355DE602",""]

开始互助

账号jd_56ac883b2ee02 去助力 2C37F2098259653D3D04309E057C2B3A91BF5FEB93D683F479CA8017B46A8450
助力失败：不能帮助自己
账号jd_56ac883b2ee02 去助力 ACDE0F4B82649C97DBC77C8438A589724BD2A2EAF2C3935167BD5A33355DE602
助力失败：已助力
账号jd_56ac883b2ee02 去助力 
助力失败：参数错误

开始互助

账号jd_72476e50d1b0e 去助力 2C37F2098259653D3D04309E057C2B3A91BF5FEB93D683F479CA8017B46A8450
助力失败：岛上信号有点弱，请稍后再试
账号jd_72476e50d1b0e 去助力 ACDE0F4B82649C97DBC77C8438A589724BD2A2EAF2C3935167BD5A33355DE602
助力失败：岛上信号有点弱，请稍后再试
账号jd_72476e50d1b0e 去助力 
助力失败：岛上信号有点弱，请稍后再试

==============📣系统通知📣==============
京喜财富岛
【京东账号1】Wang_Happy_
【🥇金币】118628209
【💵财富值】29293

【京东账号2】蓝闺q
【🥇金币】118838135
【💵财富值】23767


🔔京喜财富岛, 结束! 🕛 285.436 秒


## 执行结束... 2022-05-12 06:50:40 耗时 303 秒
