## 开始执行... 2022-05-09 04:46:57


🔔京喜财富岛, 开始!

====================共2个京东账号Cookie=================

============脚本执行时间：2022/5/9 04:46:57=============

>>>>>>>>>>>>>>6Dylan6 提示：任务正常运行中>>>>>>>>>>>>>>>

获取签名参数成功！
fp: 8145216383732165
token: tk02we3a21ddd18nAHhr9rKGbbosioPk9uqJYWcaXx/tDf7LiaDTiql4VHUjXXqthsWHxhNBZgxO11sx8RzTIqefVUqq
enCryptMethodJD: function test(tk,fp,ts,ai,algo){var rd='Hhr9rKGbbosM';var str=`${tk}${fp}${ts}${ai}${rd}`;return algo.HmacMD5(str,tk)}

******开始【京东账号1】Wang_Happy_*********

获取用户信息：


当前等级:7,金币:115918410,财富值:26727,连续营业天数:38,离线收益:0

财富岛好友互助码每次运行都变化,旧的当天有效

【京东账号1（jd_56ac883b2ee02）的京喜财富岛好友互助码】2C37F2098259653D3D04309E057C2B3A2C5543F517A89AC4FFBB50600B8C6B7B
寻宝
开始寻宝
恭喜中奖，获得 300000 金币
恭喜中奖，获得 300000 金币
，获得 10000 金币
恭喜中奖，获得 300000 金币
恭喜中奖，获得 300000 金币

每日签到
今日已签到

小程序每日签到
今日已签到

使用道具卡
使用道具卡【海岛宝藏卡】成功

领助力奖励
暂无可领助力奖励

收金币
【京喜美食城】收集9566金币
升级建筑
【京喜美食城】当前等级：41
【京喜美食城】升级需要52392096金币，保留升级需要的3倍157176288金币，当前拥有117137976金币
【京喜美食城】不满足升级条件，跳过升级

收金币
【京喜旅馆】收集15960金币
升级建筑
【京喜旅馆】当前等级：38
【京喜旅馆】升级需要51286867金币，保留升级需要的3倍153860601金币，当前拥有117153936金币
【京喜旅馆】不满足升级条件，跳过升级

收金币
【京喜商店】收集20533金币
升级建筑
【京喜商店】当前等级：40
【京喜商店】升级需要53932032金币，保留升级需要的3倍161796096金币，当前拥有117174469金币
【京喜商店】不满足升级条件，跳过升级

收金币
【京喜游乐场】收集20910金币
升级建筑
【京喜游乐场】当前等级：41
【京喜游乐场】升级需要47152886金币，保留升级需要的3倍141458658金币，当前拥有117195379金币
【京喜游乐场】不满足升级条件，跳过升级

接待贵宾
请贵宾下船，需等待30秒
贵宾'小情侣'下船成功
贵宾'小情侣'用餐成功：获得10000金币

收藏家
当前暂无收藏家

美人鱼
当前暂无美人鱼

倒垃圾
当前暂无垃圾


做任务
【🐮牛牛任务】已做完，宝箱已开启
【📆日常任务】已做完
【🎖成就任务】没有可领奖的任务


******开始【京东账号2】蓝闺q*********

获取用户信息：


当前等级:7,金币:111947003,财富值:21480,连续营业天数:32,离线收益:0

财富岛好友互助码每次运行都变化,旧的当天有效

【京东账号2（jd_72476e50d1b0e）的京喜财富岛好友互助码】ACDE0F4B82649C97DBC77C8438A58972339317D295A27277976548188E831A94
寻宝
开始寻宝
恭喜中奖，获得 300000 金币
恭喜中奖，获得 300000 金币
，获得 10000 金币
恭喜中奖，获得 300000 金币
恭喜中奖，获得 300000 金币

每日签到
签到成功：获得0.01元

小程序每日签到
签到成功：获得0.01元

使用道具卡
使用道具卡【海岛宝藏卡】成功

领助力奖励
领取助力奖励成功：获得726000金币 0财富 0元红包

收金币
【京喜美食城】收集1882920金币
升级建筑
【京喜美食城】当前等级：39
【京喜美食城】升级需要45812520金币，保留升级需要的3倍137437560金币，当前拥有115765923金币
【京喜美食城】不满足升级条件，跳过升级

收金币
【京喜旅馆】收集2031960金币
升级建筑
【京喜旅馆】当前等级：35
【京喜旅馆】升级需要41214096金币，保留升级需要的3倍123642288金币，当前拥有117797883金币
【京喜旅馆】不满足升级条件，跳过升级

收金币
【京喜商店】收集1920468金币
升级建筑
【京喜商店】当前等级：36
【京喜商店】升级需要40709434金币，保留升级需要的3倍122128302金币，当前拥有119718351金币
【京喜商店】不满足升级条件，跳过升级

收金币
【京喜游乐场】收集1705743金币
升级建筑
【京喜游乐场】当前等级：39
【京喜游乐场】升级需要41231268金币，保留升级需要的3倍123693804金币，当前拥有121424094金币
【京喜游乐场】不满足升级条件，跳过升级

接待贵宾
当前暂无贵宾

收藏家
当前暂无收藏家

美人鱼
可怜的美人鱼困在沙滩上了，快去解救她吧~
开始解救美人鱼
解救美人鱼成功：获得48191金币

倒垃圾
当前暂无垃圾


做任务
开始【🐮牛牛任务】去京东双签领京豆
【🐮牛牛任务】去京东双签领京豆 进度：1/1
【🐮牛牛任务】未全部完成，无法开启宝箱

获取【📆日常任务】列表 ，总共5个任务！

开始第1个【📆日常任务】秒杀低至1.9元

【📆日常任务】秒杀低至1.9元 进度：1/1
【领日常奖励】秒杀低至1.9元 任务为成就任务或者未到任务时间

开始第2个【📆日常任务】真补贴1折起

【📆日常任务】真补贴1折起 进度：1/1
【领日常奖励】真补贴1折起 获得金币 ¥ 726000

开始第3个【📆日常任务】养狗兑京豆

【📆日常任务】养狗兑京豆 进度：1/1
【领日常奖励】养狗兑京豆 任务为成就任务或者未到任务时间

开始第4个【📆日常任务】领888元红包

【📆日常任务】领888元红包 进度：1/1
【领日常奖励】领888元红包 获得金币 ¥ 726000

开始第5个【📆日常任务】浏览京喜好货

【📆日常任务】浏览京喜好货 进度：3/3
【领日常奖励】浏览京喜好货 任务为成就任务或者未到任务时间

获取【🎖成就任务】列表 ，总共1个任务！

开始第1个【🎖成就任务】海边遇见美人鱼

【领成就奖励】海边遇见美人鱼 获得财富值 ¥ 20

【去京喜工厂0元领好物】已完成，去领取奖励
【领卡片奖励】去京喜工厂0元领好物 获得 超惠生活卡

您将要助力的好友["2C37F2098259653D3D04309E057C2B3A2C5543F517A89AC4FFBB50600B8C6B7B","ACDE0F4B82649C97DBC77C8438A58972339317D295A27277976548188E831A94",""]

开始互助

账号jd_56ac883b2ee02 去助力 2C37F2098259653D3D04309E057C2B3A2C5543F517A89AC4FFBB50600B8C6B7B
助力失败：不能帮助自己
账号jd_56ac883b2ee02 去助力 ACDE0F4B82649C97DBC77C8438A58972339317D295A27277976548188E831A94
助力失败：已助力
账号jd_56ac883b2ee02 去助力 
助力失败：参数错误

开始互助

账号jd_72476e50d1b0e 去助力 2C37F2098259653D3D04309E057C2B3A2C5543F517A89AC4FFBB50600B8C6B7B
助力成功：获得1,000京币
账号jd_72476e50d1b0e 去助力 ACDE0F4B82649C97DBC77C8438A58972339317D295A27277976548188E831A94
助力失败：不能帮助自己
账号jd_72476e50d1b0e 去助力 
助力失败：参数错误

==============📣系统通知📣==============
京喜财富岛
【京东账号1】Wang_Happy_
【🥇金币】117195379
【💵财富值】26727

【京东账号2】蓝闺q
【🥇金币】122924285
【💵财富值】21500


🔔京喜财富岛, 结束! 🕛 287.467 秒


## 执行结束... 2022-05-09 04:52:02 耗时 305 秒
