## 开始执行... 2022-05-12 08:49:33


🔔京喜财富岛, 开始!

====================共2个京东账号Cookie=================

============脚本执行时间：2022/5/12 08:49:34=============

>>>>>>>>>>>>>>6Dylan6 提示：任务正常运行中>>>>>>>>>>>>>>>

获取签名参数成功！
fp: 2634051653888165
token: tk02wb5a51cb918nGaYsD1ooDOfRNqZOGxvBDm+vZcr0Kt0D10rh6qOfj9ssg+rApYeM36pyyISseKszEDcaAYfDbXgK
enCryptMethodJD: function test(tk,fp,ts,ai,algo){var rd='aYsD1ooDOfRI';var str=`${tk}${fp}${ts}${ai}${rd}`;return algo.HmacMD5(str,tk)}

******开始【京东账号1】Wang_Happy_*********

获取用户信息：


当前等级:7,金币:127162717,财富值:29293,连续营业天数:41,离线收益:0

财富岛好友互助码每次运行都变化,旧的当天有效

【京东账号1（jd_56ac883b2ee02）的京喜财富岛好友互助码】2C37F2098259653D3D04309E057C2B3A5034F0D96A9CA419EA846BA1B3116F46
寻宝
开始寻宝
恭喜中奖，获得 300000 金币
恭喜中奖，获得 300000 金币
恭喜中奖，获得 300000 金币
，获得 10000 金币
恭喜中奖，获得 300000 金币
恭喜中奖，获得 300000 金币

每日签到
今日已签到

小程序每日签到
今日已签到

使用道具卡
使用道具卡【海岛宝藏卡】成功

领助力奖励
暂无可领助力奖励

收金币
【京喜美食城】收集9316金币
升级建筑
【京喜美食城】当前等级：43
【京喜美食城】升级需要59570136金币，保留升级需要的3倍178710408金币，当前拥有128682033金币
【京喜美食城】不满足升级条件，跳过升级

收金币
【京喜旅馆】收集15200金币
升级建筑
【京喜旅馆】当前等级：40
【京喜旅馆】升级需要58834944金币，保留升级需要的3倍176504832金币，当前拥有128697233金币
【京喜旅馆】不满足升级条件，跳过升级

收金币
【京喜商店】收集19543金币
升级建筑
【京喜商店】当前等级：41
【京喜商店】升级需要57631306金币，保留升级需要的3倍172893918金币，当前拥有128716776金币
【京喜商店】不满足升级条件，跳过升级

收金币
【京喜游乐场】收集21120金币
升级建筑
【京喜游乐场】当前等级：44
【京喜游乐场】升级需要57052512金币，保留升级需要的3倍171157536金币，当前拥有128737896金币
【京喜游乐场】不满足升级条件，跳过升级

接待贵宾
请贵宾下船，需等待30秒
贵宾'购物狂'下船成功
贵宾'购物狂'用餐成功：获得10000金币

收藏家
当前暂无收藏家

美人鱼
当前暂无美人鱼

倒垃圾
获取垃圾信息成功：本次需要垃圾分类
倒垃圾成功：获得8000金币 0财富


做任务
【🐮牛牛任务】已做完，宝箱已开启
【📆日常任务】已做完
获取【🎖成就任务】列表 ，总共1个任务！

开始第1个【🎖成就任务】完成垃圾分类

【领成就奖励】完成垃圾分类 获得财富值 ¥ 20


******开始【京东账号2】蓝闺q*********

获取用户信息：


当前等级:7,金币:122896061,财富值:23767,连续营业天数:35,离线收益:0

财富岛好友互助码每次运行都变化,旧的当天有效

【京东账号2（jd_72476e50d1b0e）的京喜财富岛好友互助码】ACDE0F4B82649C97DBC77C8438A58972F2E317DB422C06A57C3E90E3813B3FBF
寻宝
开始寻宝
恭喜中奖，获得 300000 金币
恭喜中奖，获得 300000 金币
恭喜中奖，获得 300000 金币
，获得 10000 金币
恭喜中奖，获得 300000 金币
恭喜中奖，获得 300000 金币

每日签到
今日已签到

小程序每日签到
今日已签到

使用道具卡
使用道具卡【海岛宝藏卡】成功

领助力奖励
暂无可领助力奖励

收金币
【京喜美食城】收集8533金币
升级建筑
【京喜美食城】当前等级：40
【京喜美食城】升级需要49029120金币，保留升级需要的3倍147087360金币，当前拥有124414594金币
【京喜美食城】不满足升级条件，跳过升级

收金币
【京喜旅馆】收集14652金币
升级建筑
【京喜旅馆】当前等级：37
【京喜旅馆】升级需要47766586金币，保留升级需要的3倍143299758金币，当前拥有124429246金币
【京喜旅馆】不满足升级条件，跳过升级

收金币
【京喜商店】收集17973金币
升级建筑
【京喜商店】当前等级：38
【京喜商店】升级需要47012962金币，保留升级需要的3倍141038886金币，当前拥有124447219金币
【京喜商店】不满足升级条件，跳过升级

收金币
【京喜游乐场】收集19557金币
升级建筑
【京喜游乐场】当前等级：41
【京喜游乐场】升级需要47152886金币，保留升级需要的3倍141458658金币，当前拥有124466776金币
【京喜游乐场】不满足升级条件，跳过升级

接待贵宾
请贵宾下船，需等待30秒
贵宾'大胃王'下船成功
贵宾'大胃王'用餐成功：获得10000金币

收藏家
当前暂无收藏家

美人鱼
当前暂无美人鱼

倒垃圾
获取垃圾信息成功：本次需要垃圾分类
倒垃圾成功：获得8000金币 0财富


做任务
开始【🐮牛牛任务】浏览5秒爆款活动
【🐮牛牛任务】浏览5秒爆款活动 进度：1/1
【🐮牛牛任务】未全部完成，无法开启宝箱

获取【📆日常任务】列表 ，总共2个任务！

开始第1个【📆日常任务】领红包，购物抵现

【📆日常任务】领红包，购物抵现 进度：1/1
【领日常奖励】领红包，购物抵现 获得金币 ¥ 726000

开始第2个【📆日常任务】爱消除免费兑好礼

【📆日常任务】爱消除免费兑好礼 进度：1/1
【领日常奖励】爱消除免费兑好礼 获得金币 ¥ 726000

获取【🎖成就任务】列表 ，总共1个任务！

开始第1个【🎖成就任务】完成垃圾分类

【领成就奖励】完成垃圾分类 获得财富值 ¥ 20

【去京喜工厂0元领好物】已完成，去领取奖励
【领卡片奖励】去京喜工厂0元领好物 获得 海岛宝藏卡

【去接待NPC】已完成，去领取奖励
【领卡片奖励】去接待NPC 获得 热带生鲜卡

您将要助力的好友["2C37F2098259653D3D04309E057C2B3A5034F0D96A9CA419EA846BA1B3116F46","ACDE0F4B82649C97DBC77C8438A58972F2E317DB422C06A57C3E90E3813B3FBF",""]

开始互助

账号jd_56ac883b2ee02 去助力 2C37F2098259653D3D04309E057C2B3A5034F0D96A9CA419EA846BA1B3116F46
助力失败：不能帮助自己
账号jd_56ac883b2ee02 去助力 ACDE0F4B82649C97DBC77C8438A58972F2E317DB422C06A57C3E90E3813B3FBF
助力失败：已助力
账号jd_56ac883b2ee02 去助力 
助力失败：参数错误

开始互助

账号jd_72476e50d1b0e 去助力 2C37F2098259653D3D04309E057C2B3A5034F0D96A9CA419EA846BA1B3116F46
助力失败：已助力
账号jd_72476e50d1b0e 去助力 ACDE0F4B82649C97DBC77C8438A58972F2E317DB422C06A57C3E90E3813B3FBF
助力失败：不能帮助自己
账号jd_72476e50d1b0e 去助力 
助力失败：参数错误

==============📣系统通知📣==============
京喜财富岛
【京东账号1】Wang_Happy_
【🥇金币】128745896
【💵财富值】29313

【京东账号2】蓝闺q
【🥇金币】125926776
【💵财富值】23787


🔔京喜财富岛, 结束! 🕛 365.825 秒


## 执行结束... 2022-05-12 08:55:57 耗时 384 秒
