## 开始执行... 2022-05-08 22:46:44


🔔京喜财富岛, 开始!

====================共2个京东账号Cookie=================

============脚本执行时间：2022/5/8 22:46:45=============

>>>>>>>>>>>>>>6Dylan6 提示：任务正常运行中>>>>>>>>>>>>>>>

获取签名参数成功！
fp: 1184438316728165
token: tk02wbe201d1718nUo9qtKZOYBJDl6x/WUHdvBHwKQYOsKaTkXVnOVVWH2gngizSOqnWPc5lyz3gCEiLOLxKg1yrCSiq
enCryptMethodJD: function test(tk,fp,ts,ai,algo){var rd='o9qtKZOYBJDB';var str=`${tk}${fp}${ts}${ai}${rd}`;return algo.SHA256(str)}

******开始【京东账号1】Wang_Happy_*********

获取用户信息：


当前等级:7,金币:128442195,财富值:26409,连续营业天数:37,离线收益:0

财富岛好友互助码每次运行都变化,旧的当天有效

【京东账号1（jd_56ac883b2ee02）的京喜财富岛好友互助码】2C37F2098259653D3D04309E057C2B3A10E55021FE91E4AC9605578C0E375827
寻宝
暂无宝物

每日签到
今日已签到

小程序每日签到
今日已签到


领助力奖励
暂无可领助力奖励

收金币
【京喜美食城】收集1640金币
升级建筑
【京喜美食城】当前等级：41
【京喜美食城】升级需要52392096金币，保留升级需要的3倍157176288金币，当前拥有128443835金币
【京喜美食城】不满足升级条件，跳过升级

收金币
【京喜旅馆】收集2888金币
升级建筑
【京喜旅馆】当前等级：38
【京喜旅馆】升级需要51286867金币，保留升级需要的3倍153860601金币，当前拥有128446723金币
【京喜旅馆】不满足升级条件，跳过升级

收金币
【京喜商店】收集3575金币
升级建筑
【京喜商店】当前等级：39
【京喜商店】升级需要50393772金币，保留升级需要的3倍151181316金币，当前拥有128450298金币
【京喜商店】不满足升级条件，跳过升级

收金币
【京喜游乐场】收集3936金币
升级建筑
【京喜游乐场】当前等级：41
【京喜游乐场】升级需要47152886金币，保留升级需要的3倍141458658金币，当前拥有128454234金币
【京喜游乐场】不满足升级条件，跳过升级

接待贵宾
当前暂无贵宾

收藏家
当前暂无收藏家

美人鱼
当前暂无美人鱼

倒垃圾
当前暂无垃圾


做任务
【🐮牛牛任务】已做完，宝箱已开启
【📆日常任务】已做完
【🎖成就任务】没有可领奖的任务


******开始【京东账号2】蓝闺q*********

获取用户信息：


当前等级:7,金币:104619290,财富值:21480,连续营业天数:31,离线收益:0

财富岛好友互助码每次运行都变化,旧的当天有效

【京东账号2（jd_72476e50d1b0e）的京喜财富岛好友互助码】ACDE0F4B82649C97DBC77C8438A589720DEFB0B0A68D6361F627DF3A7B709778
寻宝
暂无宝物

每日签到
今日已签到

小程序每日签到
今日已签到


领助力奖励
暂无可领助力奖励

收金币
【京喜美食城】收集1690金币
升级建筑
【京喜美食城】当前等级：39
【京喜美食城】升级需要45812520金币，保留升级需要的3倍137437560金币，当前拥有104620980金币
【京喜美食城】不满足升级条件，跳过升级

收金币
【京喜旅馆】收集2660金币
升级建筑
【京喜旅馆】当前等级：35
【京喜旅馆】升级需要41214096金币，保留升级需要的3倍123642288金币，当前拥有104623640金币
【京喜旅馆】不满足升级条件，跳过升级

收金币
【京喜商店】收集3300金币
升级建筑
【京喜商店】当前等级：36
【京喜商店】升级需要40709434金币，保留升级需要的3倍122128302金币，当前拥有104626940金币
【京喜商店】不满足升级条件，跳过升级

收金币
【京喜游乐场】收集3744金币
升级建筑
【京喜游乐场】当前等级：39
【京喜游乐场】升级需要41231268金币，保留升级需要的3倍123693804金币，当前拥有104630684金币
【京喜游乐场】不满足升级条件，跳过升级

接待贵宾
当前暂无贵宾

收藏家
当前暂无收藏家

美人鱼
当前暂无美人鱼

倒垃圾
当前暂无垃圾


做任务
【🐮牛牛任务】已做完，宝箱已开启
【📆日常任务】已做完
【🎖成就任务】没有可领奖的任务

您将要助力的好友["2C37F2098259653D3D04309E057C2B3A10E55021FE91E4AC9605578C0E375827","ACDE0F4B82649C97DBC77C8438A589720DEFB0B0A68D6361F627DF3A7B709778",""]

开始互助

账号jd_56ac883b2ee02 去助力 2C37F2098259653D3D04309E057C2B3A10E55021FE91E4AC9605578C0E375827
助力失败：不能帮助自己
账号jd_56ac883b2ee02 去助力 ACDE0F4B82649C97DBC77C8438A589720DEFB0B0A68D6361F627DF3A7B709778
助力失败：已助力
账号jd_56ac883b2ee02 去助力 
助力失败：参数错误

开始互助

账号jd_72476e50d1b0e 去助力 2C37F2098259653D3D04309E057C2B3A10E55021FE91E4AC9605578C0E375827
助力失败：已助力
账号jd_72476e50d1b0e 去助力 ACDE0F4B82649C97DBC77C8438A589720DEFB0B0A68D6361F627DF3A7B709778
助力失败：不能帮助自己
账号jd_72476e50d1b0e 去助力 
助力失败：参数错误

==============📣系统通知📣==============
京喜财富岛
【京东账号1】Wang_Happy_
【🥇金币】128454234
【💵财富值】26409

【京东账号2】蓝闺q
【🥇金币】104630684
【💵财富值】21480


🔔京喜财富岛, 结束! 🕛 148.987 秒


## 执行结束... 2022-05-08 22:49:31 耗时 167 秒
