## 开始执行... 2022-05-08 14:49:12


🔔京喜财富岛, 开始!

====================共2个京东账号Cookie=================

============脚本执行时间：2022/5/8 14:49:13=============

>>>>>>>>>>>>>>6Dylan6 提示：任务正常运行中>>>>>>>>>>>>>>>

获取签名参数成功！
fp: 0418224414305165
token: tk02w8d0d1bc018n7XGHGbxMpwUDXV1aHgQ42r00FmpOeh3HKzaGftTm0Yh/4EoIib6eqZ7oWMWIjXIOr4rESNMVoui6
enCryptMethodJD: function test(tk,fp,ts,ai,algo){var rd='XGHGbxMpwUDz';var str=`${tk}${fp}${ts}${ai}${rd}`;return algo.HmacSHA512(str,tk)}

******开始【京东账号1】Wang_Happy_*********

获取用户信息：


当前等级:7,金币:144340789,财富值:26219,连续营业天数:37,离线收益:0

财富岛好友互助码每次运行都变化,旧的当天有效

【京东账号1（jd_56ac883b2ee02）的京喜财富岛好友互助码】2C37F2098259653D3D04309E057C2B3A781E48ABFC29E0E20AEC5927A497179C
寻宝
暂无宝物

每日签到
今日已签到

小程序每日签到
今日已签到

使用道具卡
使用道具卡【热带生鲜卡】成功

领助力奖励
暂无可领助力奖励

收金币
【京喜美食城】收集4236金币
升级建筑
【京喜美食城】当前等级：41
【京喜美食城】升级需要52392096金币，保留升级需要的3倍157176288金币，当前拥有144345025金币
【京喜美食城】不满足升级条件，跳过升级

收金币
【京喜旅馆】收集7252金币
升级建筑
【京喜旅馆】当前等级：37
【京喜旅馆】升级需要47766586金币，保留升级需要的3倍143299758金币，当前拥有144352277金币
【京喜旅馆】满足升级条件，开始升级
【京喜旅馆】升级成功：获得190财富

收金币
【京喜商店】收集11297金币
升级建筑
【京喜商店】当前等级：39
【京喜商店】升级需要50393772金币，保留升级需要的3倍151181316金币，当前拥有96596988金币
【京喜商店】不满足升级条件，跳过升级

收金币
【京喜游乐场】收集12669金币
升级建筑
【京喜游乐场】当前等级：41
【京喜游乐场】升级需要47152886金币，保留升级需要的3倍141458658金币，当前拥有96609657金币
【京喜游乐场】不满足升级条件，跳过升级

接待贵宾
当前暂无贵宾

收藏家
当前暂无收藏家

美人鱼
当前暂无美人鱼

倒垃圾
当前暂无垃圾


做任务
【🐮牛牛任务】已做完，宝箱已开启
【📆日常任务】已做完
【🎖成就任务】没有可领奖的任务


******开始【京东账号2】蓝闺q*********

获取用户信息：


当前等级:7,金币:116412415,财富值:21246,连续营业天数:31,离线收益:0

财富岛好友互助码每次运行都变化,旧的当天有效

【京东账号2（jd_72476e50d1b0e）的京喜财富岛好友互助码】ACDE0F4B82649C97DBC77C8438A589722892A4AB21D4353044492D5BECF72183
寻宝
开始寻宝
恭喜中奖，获得 300000 金币
恭喜中奖，获得 300000 金币
，获得 10000 金币
恭喜中奖，获得 300000 金币
恭喜中奖，获得 300000 金币

每日签到
今日已签到

小程序每日签到
今日已签到

使用道具卡
使用道具卡【海岛宝藏卡】成功

领助力奖励
暂无可领助力奖励

收金币
【京喜美食城】收集8360金币
升级建筑
【京喜美食城】当前等级：38
【京喜美食城】升级需要42739056金币，保留升级需要的3倍128217168金币，当前拥有117630775金币
【京喜美食城】不满足升级条件，跳过升级

收金币
【京喜旅馆】收集13440金币
升级建筑
【京喜旅馆】当前等级：35
【京喜旅馆】升级需要41214096金币，保留升级需要的3倍123642288金币，当前拥有117644215金币
【京喜旅馆】不满足升级条件，跳过升级

收金币
【京喜商店】收集17292金币
升级建筑
【京喜商店】当前等级：36
【京喜商店】升级需要40709434金币，保留升级需要的3倍122128302金币，当前拥有117661507金币
【京喜商店】不满足升级条件，跳过升级

收金币
【京喜游乐场】收集18837金币
升级建筑
【京喜游乐场】当前等级：39
【京喜游乐场】升级需要41231268金币，保留升级需要的3倍123693804金币，当前拥有117680344金币
【京喜游乐场】不满足升级条件，跳过升级

接待贵宾
请贵宾下船，需等待30秒
贵宾'购物狂'下船成功
贵宾'购物狂'用餐成功：获得10000金币

收藏家
当前暂无收藏家

美人鱼
当前暂无美人鱼

倒垃圾
当前暂无垃圾


做任务
【🐮牛牛任务】已做完，宝箱已开启
【📆日常任务】已做完
【🎖成就任务】没有可领奖的任务

您将要助力的好友["2C37F2098259653D3D04309E057C2B3A781E48ABFC29E0E20AEC5927A497179C","ACDE0F4B82649C97DBC77C8438A589722892A4AB21D4353044492D5BECF72183",""]

开始互助

账号jd_56ac883b2ee02 去助力 2C37F2098259653D3D04309E057C2B3A781E48ABFC29E0E20AEC5927A497179C
助力失败：不能帮助自己
账号jd_56ac883b2ee02 去助力 ACDE0F4B82649C97DBC77C8438A589722892A4AB21D4353044492D5BECF72183
助力失败：已助力
账号jd_56ac883b2ee02 去助力 
助力失败：参数错误

开始互助

账号jd_72476e50d1b0e 去助力 2C37F2098259653D3D04309E057C2B3A781E48ABFC29E0E20AEC5927A497179C
助力失败：已助力
账号jd_72476e50d1b0e 去助力 ACDE0F4B82649C97DBC77C8438A589722892A4AB21D4353044492D5BECF72183
助力失败：不能帮助自己
账号jd_72476e50d1b0e 去助力 
助力失败：参数错误

==============📣系统通知📣==============
京喜财富岛
【京东账号1】Wang_Happy_
【🥇金币】96609657
【💵财富值】26409

【京东账号2】蓝闺q
【🥇金币】117680344
【💵财富值】21246


🔔京喜财富岛, 结束! 🕛 227.932 秒


## 执行结束... 2022-05-08 14:53:18 耗时 246 秒
