## 开始执行... 2022-05-11 00:50:00


🔔京喜财富岛, 开始!

====================共2个京东账号Cookie=================

============脚本执行时间：2022/5/11 00:50:01=============

>>>>>>>>>>>>>>6Dylan6 提示：任务正常运行中>>>>>>>>>>>>>>>

获取签名参数成功！
fp: 8182269838361165
token: tk02w5e111aa418nvZB8Jt12c6Bn/QtDX2a2XMLknF+c10RoonMt3U0+xAz2AmvY7U72/UpPBDDXzb6LwIn8n77UdybY
enCryptMethodJD: function test(tk,fp,ts,ai,algo){var rd='ZB8Jt12c6Bnk';var str=`${tk}${fp}${ts}${ai}${rd}`;return algo.HmacMD5(str,tk)}

******开始【京东账号1】Wang_Happy_*********

获取用户信息：


当前等级:7,金币:152642071,财富值:27819,连续营业天数:40,离线收益:2398139

财富岛好友互助码每次运行都变化,旧的当天有效

【京东账号1（jd_56ac883b2ee02）的京喜财富岛好友互助码】2C37F2098259653D3D04309E057C2B3A64CBA06C04E0098FA2244844D772EC96
寻宝
开始寻宝
恭喜中奖，获得 300000 金币
恭喜中奖，获得 300000 金币
恭喜中奖，获得 300000 金币
，获得 10000 金币
恭喜中奖，获得 300000 金币
恭喜中奖，获得 300000 金币

每日签到
签到成功：获得20财富

小程序每日签到
签到成功：获得0.01元

使用道具卡
使用道具卡【热带生鲜卡】成功

领助力奖励
暂无可领助力奖励

收金币
【京喜美食城】收集8260金币
升级建筑
【京喜美食城】当前等级：42
【京喜美食城】升级需要55904688金币，保留升级需要的3倍167714064金币，当前拥有154160331金币
【京喜美食城】不满足升级条件，跳过升级

收金币
【京喜旅馆】收集12480金币
升级建筑
【京喜旅馆】当前等级：39
【京喜旅馆】升级需要54975024金币，保留升级需要的3倍164925072金币，当前拥有154172811金币
【京喜旅馆】不满足升级条件，跳过升级

收金币
【京喜商店】收集14373金币
升级建筑
【京喜商店】当前等级：40
【京喜商店】升级需要53932032金币，保留升级需要的3倍161796096金币，当前拥有154187184金币
【京喜商店】不满足升级条件，跳过升级

收金币
【京喜游乐场】收集14964金币
升级建筑
【京喜游乐场】当前等级：43
【京喜游乐场】升级需要53613122金币，保留升级需要的3倍160839366金币，当前拥有154202148金币
【京喜游乐场】不满足升级条件，跳过升级

接待贵宾
当前暂无贵宾

收藏家
当前暂无收藏家

美人鱼
可怜的美人鱼困在沙滩上了，快去解救她吧~
开始解救美人鱼
解救美人鱼成功：获得32193金币

倒垃圾
当前暂无垃圾


做任务
开始【🐮牛牛任务】签到抽红包
【🐮牛牛任务】签到抽红包 进度：1/1
开始【🐮牛牛任务】去京东双签领京豆
【🐮牛牛任务】去京东双签领京豆 进度：1/1
开始【🐮牛牛任务】浏览5秒爆款活动
【🐮牛牛任务】浏览5秒爆款活动 进度：1/1
开始【🐮牛牛任务】浏览5秒领福利
【🐮牛牛任务】浏览5秒领福利 进度：1/1
【🐮领牛牛任务奖励】签到抽红包 获得红包 ¥ 0.01元

【🐮领牛牛任务奖励】去京东双签领京豆 获得金币 ¥ 726000

【🐮领牛牛任务奖励】浏览5秒爆款活动 获得金币 ¥ 726000

【🐮领牛牛任务奖励】浏览5秒领福利 获得金币 ¥ 726000

【🐮牛牛任务】未全部完成，无法开启宝箱

获取【📆日常任务】列表 ，总共10个任务！

开始第1个【📆日常任务】签到领无门槛红包

【📆日常任务】签到领无门槛红包 进度：1/1
【领日常奖励】签到领无门槛红包 获得金币 ¥ 726000

开始第2个【📆日常任务】秒杀低至1.9元

【📆日常任务】秒杀低至1.9元 进度：1/1
【领日常奖励】秒杀低至1.9元 获得金币 ¥ 726000

开始第3个【📆日常任务】1元抢好药

【📆日常任务】1元抢好药 进度：1/1
【领日常奖励】1元抢好药 获得金币 ¥ 726000

开始第4个【📆日常任务】真补贴1折起

【📆日常任务】真补贴1折起 进度：1/1
【领日常奖励】真补贴1折起 获得金币 ¥ 726000

开始第5个【📆日常任务】领红包，购物抵现

【📆日常任务】领红包，购物抵现 进度：1/1
【领日常奖励】领红包，购物抵现 获得金币 ¥ 726000

开始第6个【📆日常任务】养狗兑京豆

【📆日常任务】养狗兑京豆 进度：1/1
【领日常奖励】养狗兑京豆 获得金币 ¥ 726000

开始第7个【📆日常任务】领888元红包

【📆日常任务】领888元红包 进度：1/1
【领日常奖励】领888元红包 获得金币 ¥ 726000

开始第8个【📆日常任务】爱消除免费兑好礼

【📆日常任务】爱消除免费兑好礼 进度：1/1
【领日常奖励】爱消除免费兑好礼 获得金币 ¥ 726000

开始第9个【📆日常任务】助农好物推荐

【📆日常任务】助农好物推荐 进度：1/1
【领日常奖励】助农好物推荐 获得金币 ¥ 726000

开始第10个【📆日常任务】浏览京喜好货

【📆日常任务】浏览京喜好货 进度：1/3
【📆日常任务】浏览京喜好货 进度：2/3
【📆日常任务】浏览京喜好货 进度：3/3
【领日常奖励】浏览京喜好货 获得金币 ¥ 726000

获取【🎖成就任务】列表 ，总共2个任务！

开始第1个【🎖成就任务】海边遇见美人鱼

【领成就奖励】海边遇见美人鱼 获得财富值 ¥ 20

开始第2个【🎖成就任务】连续上岛营业

【领成就奖励】连续上岛营业 获得财富值 ¥ 200


******开始【京东账号2】蓝闺q*********

获取用户信息：


当前等级:7,金币:105543379,财富值:22662,连续营业天数:34,离线收益:2216633

财富岛好友互助码每次运行都变化,旧的当天有效

【京东账号2（jd_72476e50d1b0e）的京喜财富岛好友互助码】ACDE0F4B82649C97DBC77C8438A589725A8267BC0C5B1C19A16E092268921C34
寻宝
开始寻宝
寻宝失败：岛上信号有点弱，请稍后再试

每日签到
签到失败：岛上信号有点弱，请稍后再试

小程序每日签到
签到失败：岛上信号有点弱，请稍后再试

使用道具卡
使用道具卡失败：{"FcmInfo":{},"iRet":1023,"sErrMsg":"岛上信号有点弱，请稍后再试"}

领助力奖励
暂无可领助力奖励

收金币
【京喜美食城】收集undefined金币
升级建筑
【京喜美食城】当前等级：40
【京喜美食城】升级需要49029120金币，保留升级需要的3倍147087360金币，当前拥有105543379金币
【京喜美食城】不满足升级条件，跳过升级

收金币
【京喜旅馆】收集undefined金币
升级建筑
【京喜旅馆】当前等级：37
【京喜旅馆】升级需要47766586金币，保留升级需要的3倍143299758金币，当前拥有105543379金币
【京喜旅馆】不满足升级条件，跳过升级

收金币
【京喜商店】收集undefined金币
升级建筑
【京喜商店】当前等级：37
【京喜商店】升级需要43786037金币，保留升级需要的3倍131358111金币，当前拥有105543379金币
【京喜商店】不满足升级条件，跳过升级

收金币
【京喜游乐场】收集undefined金币
升级建筑
【京喜游乐场】当前等级：39
【京喜游乐场】升级需要41231268金币，保留升级需要的3倍123693804金币，当前拥有105543379金币
【京喜游乐场】不满足升级条件，跳过升级

接待贵宾
当前暂无贵宾

收藏家
当前暂无收藏家

美人鱼
可怜的美人鱼困在沙滩上了，快去解救她吧~
开始解救美人鱼失败：岛上信号有点弱，请稍后再试

倒垃圾
当前暂无垃圾


做任务
开始【🐮牛牛任务】签到抽红包
【🐮牛牛任务】签到抽红包 进度：1/1
开始【🐮牛牛任务】去京东双签领京豆
【🐮牛牛任务】去京东双签领京豆 进度：1/1
开始【🐮牛牛任务】浏览5秒爆款活动
【🐮牛牛任务】浏览5秒爆款活动 进度：1/1
开始【🐮牛牛任务】浏览5秒领福利
【🐮牛牛任务】浏览5秒领福利 进度：1/1
【🐮领牛牛任务奖励】签到抽红包 获得红包 ¥ 0.01元

【🐮领牛牛任务奖励】浏览5秒爆款活动 获得金币 ¥ 726000

【🐮领牛牛任务奖励】浏览5秒领福利 获得金币 ¥ 726000

【🐮牛牛任务】未全部完成，无法开启宝箱

获取【📆日常任务】列表 ，总共10个任务！

开始第1个【📆日常任务】签到领无门槛红包

【📆日常任务】签到领无门槛红包 进度：1/1
【领日常奖励】签到领无门槛红包 任务为成就任务或者未到任务时间

开始第2个【📆日常任务】秒杀低至1.9元

【📆日常任务】秒杀低至1.9元 进度：1/1
【领日常奖励】秒杀低至1.9元 获得金币 ¥ 726000

开始第3个【📆日常任务】1元抢好药

【📆日常任务】1元抢好药 进度：1/1
【领日常奖励】1元抢好药 获得金币 ¥ 726000

开始第4个【📆日常任务】真补贴1折起

【📆日常任务】真补贴1折起 进度：1/1
【领日常奖励】真补贴1折起 获得金币 ¥ 726000

开始第5个【📆日常任务】领红包，购物抵现

【📆日常任务】领红包，购物抵现 进度：1/1
【领日常奖励】领红包，购物抵现 获得金币 ¥ 726000

开始第6个【📆日常任务】养狗兑京豆

【📆日常任务】养狗兑京豆 进度：1/1
【领日常奖励】养狗兑京豆 任务为成就任务或者未到任务时间

开始第7个【📆日常任务】领888元红包

【📆日常任务】领888元红包 进度：1/1
【领日常奖励】领888元红包 任务为成就任务或者未到任务时间

开始第8个【📆日常任务】爱消除免费兑好礼

【📆日常任务】爱消除免费兑好礼 进度：1/1
【领日常奖励】爱消除免费兑好礼 任务为成就任务或者未到任务时间

开始第9个【📆日常任务】助农好物推荐

【📆日常任务】助农好物推荐 进度：1/1
【领日常奖励】助农好物推荐 任务为成就任务或者未到任务时间

开始第10个【📆日常任务】浏览京喜好货

【📆日常任务】浏览京喜好货 进度：1/3
【📆日常任务】浏览京喜好货 进度：2/3
【📆日常任务】浏览京喜好货 进度：3/3
【领日常奖励】浏览京喜好货 任务为成就任务或者未到任务时间

【🎖成就任务】没有可领奖的任务

您将要助力的好友["2C37F2098259653D3D04309E057C2B3A64CBA06C04E0098FA2244844D772EC96","ACDE0F4B82649C97DBC77C8438A589725A8267BC0C5B1C19A16E092268921C34"]

开始互助

账号jd_56ac883b2ee02 去助力 2C37F2098259653D3D04309E057C2B3A64CBA06C04E0098FA2244844D772EC96
助力失败：不能帮助自己
账号jd_56ac883b2ee02 去助力 ACDE0F4B82649C97DBC77C8438A589725A8267BC0C5B1C19A16E092268921C34
助力成功：获得1,000京币

开始互助

账号jd_72476e50d1b0e 去助力 2C37F2098259653D3D04309E057C2B3A64CBA06C04E0098FA2244844D772EC96
助力失败：岛上信号有点弱，请稍后再试
账号jd_72476e50d1b0e 去助力 ACDE0F4B82649C97DBC77C8438A589725A8267BC0C5B1C19A16E092268921C34
助力失败：岛上信号有点弱，请稍后再试

==============📣系统通知📣==============
京喜财富岛
【京东账号1】Wang_Happy_
【🥇金币】163672341
【💵财富值】28059

【京东账号2】蓝闺q
【🥇金币】109899379
【💵财富值】22662


🔔京喜财富岛, 结束! 🕛 374.947 秒


## 执行结束... 2022-05-11 00:56:37 耗时 397 秒
