## 开始执行... 2022-05-11 22:45:31


🔔京喜财富岛, 开始!

====================共2个京东账号Cookie=================

============脚本执行时间：2022/5/11 22:45:32=============

>>>>>>>>>>>>>>6Dylan6 提示：任务正常运行中>>>>>>>>>>>>>>>

获取签名参数成功！
fp: 5136626469933165
token: tk02w967a1be718nhYU64TL7kxyYFfSYl+2Rgokp4VyCV4YOXQ7GfXLLEbI9/xviEapel+R3XRLNRbm2egNfrg6Vid9j
enCryptMethodJD: function test(tk,fp,ts,ai,algo){var rd='YU64TL7kxyYG';var str=`${tk}${fp}${ts}${ai}${rd}`;return algo.HmacSHA512(str,tk)}

******开始【京东账号1】Wang_Happy_*********

获取用户信息：


当前等级:7,金币:121493556,财富值:28961,连续营业天数:40,离线收益:0

财富岛好友互助码每次运行都变化,旧的当天有效

【京东账号1（jd_56ac883b2ee02）的京喜财富岛好友互助码】2C37F2098259653D3D04309E057C2B3ABAE18F2DCF87467E1A510600985C388E
寻宝
暂无宝物

每日签到
今日已签到

小程序每日签到
今日已签到


领助力奖励
暂无可领助力奖励

收金币
【京喜美食城】收集1863金币
升级建筑
【京喜美食城】当前等级：43
【京喜美食城】升级需要59570136金币，保留升级需要的3倍178710408金币，当前拥有121495419金币
【京喜美食城】不满足升级条件，跳过升级

收金币
【京喜旅馆】收集3040金币
升级建筑
【京喜旅馆】当前等级：40
【京喜旅馆】升级需要58834944金币，保留升级需要的3倍176504832金币，当前拥有121498459金币
【京喜旅馆】不满足升级条件，跳过升级

收金币
【京喜商店】收集3813金币
升级建筑
【京喜商店】当前等级：40
【京喜商店】升级需要53932032金币，保留升级需要的3倍161796096金币，当前拥有121502272金币
【京喜商店】不满足升级条件，跳过升级

收金币
【京喜游乐场】收集4224金币
升级建筑
【京喜游乐场】当前等级：44
【京喜游乐场】升级需要57052512金币，保留升级需要的3倍171157536金币，当前拥有121506496金币
【京喜游乐场】不满足升级条件，跳过升级

接待贵宾
当前暂无贵宾

收藏家
当前暂无收藏家

美人鱼
当前暂无美人鱼

倒垃圾
当前暂无垃圾


做任务
【🐮牛牛任务】已做完，宝箱已开启
【📆日常任务】已做完
【🎖成就任务】没有可领奖的任务


******开始【京东账号2】蓝闺q*********

获取用户信息：


当前等级:7,金币:121426596,财富值:23230,连续营业天数:34,离线收益:0

财富岛好友互助码每次运行都变化,旧的当天有效

【京东账号2（jd_72476e50d1b0e）的京喜财富岛好友互助码】ACDE0F4B82649C97DBC77C8438A5897221BA3C251BE9C377066598A1379D5EF9
寻宝
暂无宝物

每日签到
今日已签到

小程序每日签到
今日已签到


领助力奖励
暂无可领助力奖励

收金币
【京喜美食城】收集1733金币
升级建筑
【京喜美食城】当前等级：40
【京喜美食城】升级需要49029120金币，保留升级需要的3倍147087360金币，当前拥有121428329金币
【京喜美食城】不满足升级条件，跳过升级

收金币
【京喜旅馆】收集2812金币
升级建筑
【京喜旅馆】当前等级：37
【京喜旅馆】升级需要47766586金币，保留升级需要的3倍143299758金币，当前拥有121431141金币
【京喜旅馆】不满足升级条件，跳过升级

收金币
【京喜商店】收集3622金币
升级建筑
【京喜商店】当前等级：38
【京喜商店】升级需要47012962金币，保留升级需要的3倍141038886金币，当前拥有121434763金币
【京喜商店】不满足升级条件，跳过升级

收金币
【京喜游乐场】收集3840金币
升级建筑
【京喜游乐场】当前等级：40
【京喜游乐场】升级需要44126208金币，保留升级需要的3倍132378624金币，当前拥有121438603金币
【京喜游乐场】不满足升级条件，跳过升级

接待贵宾
当前暂无贵宾

收藏家
当前暂无收藏家

美人鱼
当前暂无美人鱼

倒垃圾
当前暂无垃圾


做任务
【🐮牛牛任务】已做完，宝箱已开启
【📆日常任务】已做完
【🎖成就任务】没有可领奖的任务

您将要助力的好友["2C37F2098259653D3D04309E057C2B3ABAE18F2DCF87467E1A510600985C388E","ACDE0F4B82649C97DBC77C8438A5897221BA3C251BE9C377066598A1379D5EF9",""]

开始互助

账号jd_56ac883b2ee02 去助力 2C37F2098259653D3D04309E057C2B3ABAE18F2DCF87467E1A510600985C388E
助力失败：不能帮助自己
账号jd_56ac883b2ee02 去助力 ACDE0F4B82649C97DBC77C8438A5897221BA3C251BE9C377066598A1379D5EF9
助力失败：已助力
账号jd_56ac883b2ee02 去助力 
助力失败：参数错误

开始互助

账号jd_72476e50d1b0e 去助力 2C37F2098259653D3D04309E057C2B3ABAE18F2DCF87467E1A510600985C388E
助力失败：已助力
账号jd_72476e50d1b0e 去助力 ACDE0F4B82649C97DBC77C8438A5897221BA3C251BE9C377066598A1379D5EF9
助力失败：不能帮助自己
账号jd_72476e50d1b0e 去助力 
助力失败：参数错误

==============📣系统通知📣==============
京喜财富岛
【京东账号1】Wang_Happy_
【🥇金币】121506496
【💵财富值】28961

【京东账号2】蓝闺q
【🥇金币】121438603
【💵财富值】23230


🔔京喜财富岛, 结束! 🕛 149.552 秒


## 执行结束... 2022-05-11 22:48:18 耗时 167 秒
