## 开始执行... 2022-05-11 00:00:00


🔔5G超级盲盒, 开始!

====================共2个京东账号Cookie=================

============脚本执行时间：2022/5/11 00:00:01=============

>>>>>>>>>>>>>>6Dylan6 提示：任务正常运行中>>>>>>>>>>>>>>>

5G超级盲盒，可抽奖获得京豆，建议在凌晨0点时运行脚本，白天抽奖基本没有京豆，3小时运行一次收集热力值
活动地址: https://blindbox5g.jd.com
活动时间：2021-8-2到2021-10-29
更新时间：2021-8-8 19:00

******开始【京东账号1】Wang_Happy_*********

成功领取undefined热力值

******开始【京东账号2】jd_72476e50d1b0e*********

成功领取undefined热力值


自己账号内部互助
账号 1 jd_56ac883b2ee02 开始给 21728035-99cf-4e4a-8921-a4b17747b839进行助力
助力失败：undefined
账号 1 jd_56ac883b2ee02 开始给 bdea07a7-b3f4-4284-a9a3-d0256bf25334进行助力
助力失败：undefined


自己账号内部互助
账号 2 jd_72476e50d1b0e 开始给 21728035-99cf-4e4a-8921-a4b17747b839进行助力
助力失败：undefined
账号 2 jd_72476e50d1b0e 开始给 bdea07a7-b3f4-4284-a9a3-d0256bf25334进行助力
助力失败：undefined

🔔5G超级盲盒, 结束! 🕛 5.657 秒


## 执行结束... 2022-05-11 00:00:16 耗时 16 秒
