## 开始执行... 2022-05-07 22:30:00


🔔京东摇钱树助力, 开始!
您的cookie选择的是用&隔开


====================共有2个京东账号Cookie=========

==================脚本执行- 北京时间(UTC+8)：2022/5/7 22:30:01=====================

开始获取京东摇钱树助力配置文件

共2个京东账号

您提供了0个账号的京东摇钱树助力助力码


****开始获取摇钱树互助码****


******开始账号内互助******


****开始【京东账号1】Wang_Happy_****

由于您第1个京东账号未提供shareCode,将为本脚本作者【zero205】助力

第1个京东账号将要助力的好友["t_7LVGP8mopofh8AG0Q7E8AdoUJQ3Dik","zExA7lNc3HrJrbVuG3xRVMAdoUJQ3Dik","cvwWiz9o2evNHFdNk0oNbMAdoUJQ3Dik","8MQ6wrd9H0IAujNGUqzTAA","0IzWPVQGlmepafqlqgOSXw"]
去助力t_7LVGP8mopofh8AG0Q7E8AdoUJQ3Dik
去助力zExA7lNc3HrJrbVuG3xRVMAdoUJQ3Dik
去助力cvwWiz9o2evNHFdNk0oNbMAdoUJQ3Dik
去助力8MQ6wrd9H0IAujNGUqzTAA
去助力0IzWPVQGlmepafqlqgOSXw

****开始【京东账号2】蓝闺q****

由于您第2个京东账号未提供shareCode,将为本脚本作者【zero205】助力

第2个京东账号将要助力的好友["t_7LVGP8mopofh8AG0Q7E8AdoUJQ3Dik","zExA7lNc3HrJrbVuG3xRVMAdoUJQ3Dik","cvwWiz9o2evNHFdNk0oNbMAdoUJQ3Dik","8MQ6wrd9H0IAujNGUqzTAA","0IzWPVQGlmepafqlqgOSXw"]
去助力t_7LVGP8mopofh8AG0Q7E8AdoUJQ3Dik
去助力zExA7lNc3HrJrbVuG3xRVMAdoUJQ3Dik
去助力cvwWiz9o2evNHFdNk0oNbMAdoUJQ3Dik
去助力8MQ6wrd9H0IAujNGUqzTAA
去助力0IzWPVQGlmepafqlqgOSXw

🔔京东摇钱树助力, 结束! 🕛 17.426 秒


## 执行结束... 2022-05-07 22:30:18 耗时 18 秒
