## 开始执行... 2022-05-07 17:30:00


🔔京东摇钱树助力, 开始!
您的cookie选择的是用&隔开


====================共有2个京东账号Cookie=========

==================脚本执行- 北京时间(UTC+8)：2022/5/7 17:30:00=====================

开始获取京东摇钱树助力配置文件

共2个京东账号

您提供了0个账号的京东摇钱树助力助力码


****开始获取摇钱树互助码****


==============📣系统通知📣==============
京东摇钱树助力
【提示】cookie已失效
京东账号2 jd_56ac883b2ee02
请重新登录获取
https://bean.m.jd.com/bean/signIndex.action
成员ID:@all企业微信应用消息发送通知消息成功🎉。


******开始账号内互助******


****开始【京东账号1】Wang_Happy_****

由于您第1个京东账号未提供shareCode,将为本脚本作者【zero205】助力

第1个京东账号将要助力的好友["t_7LVGP8mopofh8AG0Q7E8AdoUJQ3Dik","zExA7lNc3HrJrbVuG3xRVMAdoUJQ3Dik","cvwWiz9o2evNHFdNk0oNbMAdoUJQ3Dik","8MQ6wrd9H0IAujNGUqzTAA","0IzWPVQGlmepafqlqgOSXw"]
去助力t_7LVGP8mopofh8AG0Q7E8AdoUJQ3Dik
去助力zExA7lNc3HrJrbVuG3xRVMAdoUJQ3Dik
去助力cvwWiz9o2evNHFdNk0oNbMAdoUJQ3Dik
去助力8MQ6wrd9H0IAujNGUqzTAA
去助力0IzWPVQGlmepafqlqgOSXw

****开始【京东账号2】jd_56ac883b2ee02****

由于您第2个京东账号未提供shareCode,将为本脚本作者【zero205】助力

第2个京东账号将要助力的好友["t_7LVGP8mopofh8AG0Q7E8AdoUJQ3Dik","zExA7lNc3HrJrbVuG3xRVMAdoUJQ3Dik","cvwWiz9o2evNHFdNk0oNbMAdoUJQ3Dik","8MQ6wrd9H0IAujNGUqzTAA","0IzWPVQGlmepafqlqgOSXw"]
去助力t_7LVGP8mopofh8AG0Q7E8AdoUJQ3Dik
其他情况:{"resultCode":3,"resultMsg":"请先登录您的京东账号","channelEncrypt":0}
去助力zExA7lNc3HrJrbVuG3xRVMAdoUJQ3Dik
其他情况:{"resultCode":3,"resultMsg":"请先登录您的京东账号","channelEncrypt":0}
去助力cvwWiz9o2evNHFdNk0oNbMAdoUJQ3Dik
其他情况:{"resultCode":3,"resultMsg":"请先登录您的京东账号","channelEncrypt":0}
去助力8MQ6wrd9H0IAujNGUqzTAA
其他情况:{"resultCode":3,"resultMsg":"请先登录您的京东账号","channelEncrypt":0}
去助力0IzWPVQGlmepafqlqgOSXw
其他情况:{"resultCode":3,"resultMsg":"请先登录您的京东账号","channelEncrypt":0}

🔔京东摇钱树助力, 结束! 🕛 16.866 秒


## 执行结束... 2022-05-07 17:30:17 耗时 17 秒
