## 开始执行... 2022-05-11 18:25:15


🔔特务Z-II, 开始!

====================共2个京东账号Cookie=================

============脚本执行时间：2022/5/11 18:25:15=============

>>>>>>>>>>>>>>6Dylan6 提示：任务正常运行中>>>>>>>>>>>>>>>


*****开始【京东账号1】Wang_Happy_*****

获取活动详情成功
当前活动:5.11健康大药房,ID：1010023,可抽奖次数:0
任务：浏览善存钙尔奇会场，已完成
任务：浏览京东大药房会场，已完成
任务：浏览东阿阿胶会场，已完成
任务：浏览云南白药会场，已完成
任务：浏览旭福会场，已完成
任务：关注敷尔佳店铺，已完成
任务：关注华山牌摩罗丹店铺，已完成
任务：关注龙牡店铺，已完成
任务：关注燕小厨店铺，已完成
任务：关注杰士邦店铺，已完成
任务：汤臣倍健会员开卡，尝试领取开卡奖励；（不会自动开卡，如果你已经是会员，则会领取成功）
"已经领取过"
助力码：S5KkcRRhIplzfI0j2waIKdg
可抽奖次数:0

*****开始【京东账号2】蓝闺q*****

获取活动详情成功
当前活动:5.11健康大药房,ID：1010023,可抽奖次数:0
任务：浏览善存钙尔奇会场，已完成
任务：浏览京东大药房会场，已完成
任务：浏览东阿阿胶会场，已完成
任务：浏览云南白药会场，已完成
任务：浏览旭福会场，已完成
任务：关注敷尔佳店铺，已完成
任务：关注华山牌摩罗丹店铺，已完成
任务：关注龙牡店铺，已完成
任务：关注燕小厨店铺，已完成
任务：关注杰士邦店铺，已完成
任务：汤臣倍健会员开卡，尝试领取开卡奖励；（不会自动开卡，如果你已经是会员，则会领取成功）
"已经领取过"
助力码：S5KkcRxwd8lKCJRqglaUKIQ
可抽奖次数:0

开始脚本内互助


jd_72476e50d1b0e,去助力:S5KkcRRhIplzfI0j2waIKdg
已助力过

jd_56ac883b2ee02,去助力:S5KkcRxwd8lKCJRqglaUKIQ
已助力过

🔔特务Z-II, 结束! 🕛 11.831 秒


## 执行结束... 2022-05-11 18:25:27 耗时 12 秒
