## 开始执行... 2022-05-08 18:25:47


🔔特务Z-II, 开始!

====================共2个京东账号Cookie=================

============脚本执行时间：2022/5/8 18:25:47=============

>>>>>>>>>>>>>>6Dylan6 提示：任务正常运行中>>>>>>>>>>>>>>>


*****开始【京东账号1】Wang_Happy_*****

获取活动详情成功
当前活动:5.8特物Z,ID：1010016,可抽奖次数:0
任务：关注宝洁品牌店铺，已完成
任务：关注羽西品牌店铺，已完成
任务：关注添可品牌店铺，已完成
任务：宝洁品牌会员开卡，已完成
任务：羽西品牌会员开卡，已完成
任务：添可品牌会员开卡，尝试领取开卡奖励；（不会自动开卡，如果你已经是会员，则会领取成功）
"已经领取过"
任务：14-20点首页下拉，已完成
助力码：S5KkcRRhIplzfI0j2waIKdg
可抽奖次数:0

*****开始【京东账号2】蓝闺q*****

获取活动详情成功
当前活动:5.8特物Z,ID：1010016,可抽奖次数:0
任务：关注宝洁品牌店铺，已完成
任务：关注羽西品牌店铺，已完成
任务：关注添可品牌店铺，已完成
任务：宝洁品牌会员开卡，尝试领取开卡奖励；（不会自动开卡，如果你已经是会员，则会领取成功）
"已经领取过"
任务：羽西品牌会员开卡，已完成
任务：添可品牌会员开卡，尝试领取开卡奖励；（不会自动开卡，如果你已经是会员，则会领取成功）
"已经领取过"
任务：14-20点首页下拉，已完成
助力码：S5KkcRxwd8lKCJRqglaUKIQ
可抽奖次数:0

开始脚本内互助


jd_56ac883b2ee02,去助力:S5KkcRxwd8lKCJRqglaUKIQ
已助力过

jd_72476e50d1b0e,去助力:S5KkcRRhIplzfI0j2waIKdg
已助力过

🔔特务Z-II, 结束! 🕛 13.131 秒


## 执行结束... 2022-05-08 18:26:00 耗时 13 秒
