## 开始执行... 2022-05-14 17:13:36


====================共2个京东账号Cookie=================

============脚本执行时间：2022/5/14 17:13:36=============

>>>>>>>>>>>>>>6Dylan6 提示：任务正常运行中>>>>>>>>>>>>>>>


★★★★★开始执行第1个账号,共2个账号★★★★★
●●●Wang_Happy_●●●

【收玻璃瓶水滴】:水瓶中有:1水滴

【收玻璃瓶水滴】:水瓶收取错误

【连续签到任务】: 任务已领取或不需要领取

任务完成【连续签到任务】:失败

【连续签到任务】: 任务未完成,跳过领奖励

【逛沃尔玛享优惠】: 任务已完成,跳过做任务

【逛沃尔玛享优惠】: 奖励已领取,跳过领奖励

【逛永辉超市领水滴】: 任务已完成,跳过做任务

【逛永辉超市领水滴】: 奖励已领取,跳过领奖励

【加入华润万家会员】: 脚本无法执行此任务或任务不需要主动完成

【加入华润万家会员】: 任务未完成,跳过领奖励

【助力任务】: 脚本无法执行此任务或任务不需要主动完成

【助力任务】: 任务未完成,跳过领奖励

【每日水滴奖励】: 任务已完成,跳过做任务

【每日水滴奖励】: 奖励已领取,跳过领奖励

【免费加入ole精品超市会员】: 脚本无法执行此任务或任务不需要主动完成

【免费加入ole精品超市会员】: 任务未完成,跳过领奖励

【加入苏果商家会员，享免运优惠】: 脚本无法执行此任务或任务不需要主动完成

【加入苏果商家会员，享免运优惠】: 任务未完成,跳过领奖励

【下单领水滴】: 脚本无法执行此任务或任务不需要主动完成

【下单领水滴】: 任务未完成,跳过领奖励

【邀请好友种水果】: 脚本无法执行此任务或任务不需要主动完成

【邀请好友种水果】: 任务未完成,跳过领奖励

【定时领水滴】: 任务已领取或不需要领取

任务完成【定时领水滴】:成功,奖励:30

领取奖励【定时领水滴】:未达到领取奖励的条件

【最高可提现100元】: 任务已完成,跳过做任务

【最高可提现100元】: 奖励已领取,跳过领奖励

【逛一逛家乐福超市】: 任务已完成,跳过做任务

【逛一逛家乐福超市】: 奖励已领取,跳过领奖励

【超级多单奖励】: 脚本无法执行此任务或任务不需要主动完成

【超级多单奖励】: 任务未完成,跳过领奖励

【完成10次浇水任务】: 任务已领取或不需要领取

【完成10次浇水任务】: 任务未完成,跳过领奖励

【限时！再浇水15次领水滴】: 任务已领取或不需要领取

【限时！再浇水15次领水滴】: 任务未完成,跳过领奖励

【免费领金豆兑实物】: 任务已完成,跳过做任务

【免费领金豆兑实物】: 奖励已领取,跳过领奖励

**********开始执行第1次浇水**********

【浇水】:活动不存在

★★★★★开始执行第2个账号,共2个账号★★★★★
●●●蓝闺q●●●

【收玻璃瓶水滴】:水瓶中有:1水滴

【收玻璃瓶水滴】:水瓶收取错误

【连续签到任务】: 任务已领取或不需要领取

任务完成【连续签到任务】:失败

【连续签到任务】: 任务未完成,跳过领奖励

【逛沃尔玛享优惠】: 任务已完成,跳过做任务

【逛沃尔玛享优惠】: 奖励已领取,跳过领奖励

【逛永辉超市领水滴】: 任务已完成,跳过做任务

【逛永辉超市领水滴】: 奖励已领取,跳过领奖励

【加入华润万家会员】: 脚本无法执行此任务或任务不需要主动完成

【加入华润万家会员】: 任务未完成,跳过领奖励

【助力任务】: 脚本无法执行此任务或任务不需要主动完成

【助力任务】: 任务未完成,跳过领奖励

【每日水滴奖励】: 任务已完成,跳过做任务

【每日水滴奖励】: 奖励已领取,跳过领奖励

【免费加入ole精品超市会员】: 脚本无法执行此任务或任务不需要主动完成

【免费加入ole精品超市会员】: 任务未完成,跳过领奖励

【加入苏果商家会员，享免运优惠】: 脚本无法执行此任务或任务不需要主动完成

【加入苏果商家会员，享免运优惠】: 任务未完成,跳过领奖励

【下单领水滴】: 脚本无法执行此任务或任务不需要主动完成

【下单领水滴】: 任务未完成,跳过领奖励

【邀请好友种水果】: 脚本无法执行此任务或任务不需要主动完成

【邀请好友种水果】: 任务未完成,跳过领奖励

【定时领水滴】: 任务已领取或不需要领取

任务完成【定时领水滴】:成功,奖励:30

领取奖励【定时领水滴】:未达到领取奖励的条件

【最高可提现100元】: 任务已完成,跳过做任务

【最高可提现100元】: 奖励已领取,跳过领奖励

【逛一逛家乐福超市】: 任务已完成,跳过做任务

【逛一逛家乐福超市】: 奖励已领取,跳过领奖励

【超级多单奖励】: 脚本无法执行此任务或任务不需要主动完成

【超级多单奖励】: 任务未完成,跳过领奖励

【完成10次浇水任务】: 任务已领取或不需要领取

【完成10次浇水任务】: 任务未完成,跳过领奖励

【限时！再浇水15次领水滴】: 任务已领取或不需要领取

【限时！再浇水15次领水滴】: 任务未完成,跳过领奖励

【免费领金豆兑实物】: 任务已完成,跳过做任务

【免费领金豆兑实物】: 奖励已领取,跳过领奖励

**********开始执行第1次浇水**********

【浇水】:活动不存在
京东到家果园互助码:/dj_fruit @24b1236b97d71ef,@03ab505a4a38945,
开始发送通知...
通知标题: 京东到家果园信息
成员ID:@all企业微信应用消息发送通知消息成功🎉。

done!

## 执行结束... 2022-05-14 17:14:40 耗时 64 秒
