## 开始执行... 2022-05-07 17:14:58


====================共2个京东账号Cookie=================

============脚本执行时间：2022/5/7 17:14:58=============

>>>>>>>>>>>>>>6Dylan6 提示：任务正常运行中>>>>>>>>>>>>>>>


★★★★★开始执行第1个账号,共2个账号★★★★★
第1个账号cookie过期
请访问
https://bean.m.jd.com/bean/signIndex.action
抓取cookie
[object Object]


成员ID:@all企业微信应用消息发送通知消息成功🎉。


★★★★★开始执行第2个账号,共2个账号★★★★★
第2个账号cookie过期
请访问
https://bean.m.jd.com/bean/signIndex.action
抓取cookie
[object Object]


成员ID:@all企业微信应用消息发送通知消息成功🎉。

京东到家果园互助码:/dj_fruit 
成员ID:@all企业微信应用消息发送通知消息成功🎉。

done!

## 执行结束... 2022-05-07 17:15:01 耗时 3 秒
