## 开始执行... 2022-05-09 00:13:17


====================共2个京东账号Cookie=================

============脚本执行时间：2022/5/9 00:13:18=============

>>>>>>>>>>>>>>6Dylan6 提示：任务正常运行中>>>>>>>>>>>>>>>


★★★★★开始执行第1个账号,共2个账号★★★★★
●●●Wang_Happy_●●●

【收玻璃瓶水滴】:水瓶中有:1水滴

【收玻璃瓶水滴】:收取时间未到

【连续签到任务】: 任务已领取或不需要领取

任务完成【连续签到任务】:成功,奖励:100

领取奖励【连续签到任务】:未达到领取奖励的条件

领取任务【逛沃尔玛享优惠】:成功,奖励:10
计时:1秒...
计时:2秒...
计时:3秒...
计时:4秒...
计时:5秒...
计时:6秒...
计时:7秒...
计时:8秒...
计时:9秒...
计时:10秒...

任务完成【逛沃尔玛享优惠】:成功,奖励:10

领取奖励【逛沃尔玛享优惠】:成功,奖励:10

领取任务【逛永辉超市领水滴】:成功,奖励:10
计时:1秒...
计时:2秒...
计时:3秒...
计时:4秒...
计时:5秒...
计时:6秒...
计时:7秒...
计时:8秒...
计时:9秒...
计时:10秒...

任务完成【逛永辉超市领水滴】:成功,奖励:10

领取奖励【逛永辉超市领水滴】:成功,奖励:10

【加入华润万家会员】: 脚本无法执行此任务或任务不需要主动完成

【加入华润万家会员】: 任务未完成,跳过领奖励

【助力任务】: 脚本无法执行此任务或任务不需要主动完成

【助力任务】: 任务未完成,跳过领奖励

【每日水滴奖励】: 任务已领取或不需要领取

任务完成【每日水滴奖励】:成功,奖励:20

领取奖励【每日水滴奖励】:未达到领取奖励的条件

【免费加入ole精品超市会员】: 脚本无法执行此任务或任务不需要主动完成

【免费加入ole精品超市会员】: 任务未完成,跳过领奖励

【加入苏果商家会员，享免运优惠】: 脚本无法执行此任务或任务不需要主动完成

【加入苏果商家会员，享免运优惠】: 任务未完成,跳过领奖励

【下单领水滴】: 脚本无法执行此任务或任务不需要主动完成

【下单领水滴】: 任务未完成,跳过领奖励

【邀请好友种水果】: 脚本无法执行此任务或任务不需要主动完成

【邀请好友种水果】: 任务未完成,跳过领奖励

【定时领水滴】: 任务已领取或不需要领取

任务完成【定时领水滴】:失败

【定时领水滴】: 任务未完成,跳过领奖励

领取任务【最高可提现100元】:成功,奖励:10
计时:1秒...
计时:2秒...
计时:3秒...
计时:4秒...
计时:5秒...
计时:6秒...
计时:7秒...
计时:8秒...
计时:9秒...
计时:10秒...

任务完成【最高可提现100元】:成功,奖励:10

领取奖励【最高可提现100元】:成功,奖励:10

领取任务【逛一逛家乐福超市】:成功,奖励:10
计时:1秒...
计时:2秒...
计时:3秒...
计时:4秒...
计时:5秒...
计时:6秒...
计时:7秒...
计时:8秒...
计时:9秒...
计时:10秒...

任务完成【逛一逛家乐福超市】:成功,奖励:10

领取奖励【逛一逛家乐福超市】:成功,奖励:10

【超级多单奖励】: 脚本无法执行此任务或任务不需要主动完成

【超级多单奖励】: 任务未完成,跳过领奖励

【完成10次浇水任务】: 任务已领取或不需要领取

【完成10次浇水任务】: 任务未完成,跳过领奖励

领取任务【限时！再浇水15次领水滴】:成功,奖励:20

【限时！再浇水15次领水滴】: 任务未完成,跳过领奖励

领取任务【免费领金豆兑实物】:成功,奖励:10

任务完成【免费领金豆兑实物】:成功,奖励:10

领取奖励【免费领金豆兑实物】:成功,奖励:10

**********开始执行第1次浇水**********

【浇水】:活动不存在

★★★★★开始执行第2个账号,共2个账号★★★★★
●●●蓝闺q●●●

【收玻璃瓶水滴】:水瓶中有:1水滴

【收玻璃瓶水滴】:收取时间未到

【连续签到任务】: 任务已领取或不需要领取

任务完成【连续签到任务】:成功,奖励:100

领取奖励【连续签到任务】:未达到领取奖励的条件

领取任务【逛沃尔玛享优惠】:成功,奖励:10
计时:1秒...
计时:2秒...
计时:3秒...
计时:4秒...
计时:5秒...
计时:6秒...
计时:7秒...
计时:8秒...
计时:9秒...
计时:10秒...

任务完成【逛沃尔玛享优惠】:成功,奖励:10

领取奖励【逛沃尔玛享优惠】:成功,奖励:10

领取任务【逛永辉超市领水滴】:成功,奖励:10
计时:1秒...
计时:2秒...
计时:3秒...
计时:4秒...
计时:5秒...
计时:6秒...
计时:7秒...
计时:8秒...
计时:9秒...
计时:10秒...

任务完成【逛永辉超市领水滴】:成功,奖励:10

领取奖励【逛永辉超市领水滴】:成功,奖励:10

【加入华润万家会员】: 脚本无法执行此任务或任务不需要主动完成

【加入华润万家会员】: 任务未完成,跳过领奖励

【助力任务】: 脚本无法执行此任务或任务不需要主动完成

【助力任务】: 任务未完成,跳过领奖励

【每日水滴奖励】: 任务已领取或不需要领取

任务完成【每日水滴奖励】:成功,奖励:20

领取奖励【每日水滴奖励】:未达到领取奖励的条件

【免费加入ole精品超市会员】: 脚本无法执行此任务或任务不需要主动完成

【免费加入ole精品超市会员】: 任务未完成,跳过领奖励

【加入苏果商家会员，享免运优惠】: 脚本无法执行此任务或任务不需要主动完成

【加入苏果商家会员，享免运优惠】: 任务未完成,跳过领奖励

【下单领水滴】: 脚本无法执行此任务或任务不需要主动完成

【下单领水滴】: 任务未完成,跳过领奖励

【邀请好友种水果】: 脚本无法执行此任务或任务不需要主动完成

【邀请好友种水果】: 任务未完成,跳过领奖励

【定时领水滴】: 任务已领取或不需要领取

任务完成【定时领水滴】:失败

【定时领水滴】: 任务未完成,跳过领奖励

领取任务【最高可提现100元】:成功,奖励:10
计时:1秒...
计时:2秒...
计时:3秒...
计时:4秒...
计时:5秒...
计时:6秒...
计时:7秒...
计时:8秒...
计时:9秒...
计时:10秒...

任务完成【最高可提现100元】:成功,奖励:10

领取奖励【最高可提现100元】:成功,奖励:10

领取任务【逛一逛家乐福超市】:成功,奖励:10
计时:1秒...
计时:2秒...
计时:3秒...
计时:4秒...
计时:5秒...
计时:6秒...
计时:7秒...
计时:8秒...
计时:9秒...
计时:10秒...

任务完成【逛一逛家乐福超市】:成功,奖励:10

领取奖励【逛一逛家乐福超市】:成功,奖励:10

【超级多单奖励】: 脚本无法执行此任务或任务不需要主动完成

【超级多单奖励】: 任务未完成,跳过领奖励

【完成10次浇水任务】: 任务已领取或不需要领取

【完成10次浇水任务】: 任务未完成,跳过领奖励

领取任务【限时！再浇水15次领水滴】:成功,奖励:20

【限时！再浇水15次领水滴】: 任务未完成,跳过领奖励

领取任务【免费领金豆兑实物】:成功,奖励:10

任务完成【免费领金豆兑实物】:成功,奖励:10

领取奖励【免费领金豆兑实物】:成功,奖励:10

**********开始执行第1次浇水**********

【浇水】:活动不存在
京东到家果园互助码:/dj_fruit @24aeaed0bd231ba,@24aeaeec5a489ff,
京东到家果园互助码:

@24aeaed0bd231ba,@24aeaeec5a489ff,


开始发送通知...
通知标题: 京东到家果园互助码:
开始发送通知...
通知标题: 京东到家果园信息
成员ID:@all企业微信应用消息发送通知消息成功🎉。

成员ID:@all企业微信应用消息发送通知消息成功🎉。

done!

## 执行结束... 2022-05-09 00:15:48 耗时 151 秒
