## 开始执行... 2022-05-14 00:12:42


====================共2个京东账号Cookie=================

============脚本执行时间：2022/5/14 00:12:42=============

>>>>>>>>>>>>>>6Dylan6 提示：任务正常运行中>>>>>>>>>>>>>>>


★★★★★开始执行第1个账号,共2个账号★★★★★
●●●Wang_Happy_●●●

领取任务【逛沃尔玛】:成功,奖励:3
计时:1秒...
计时:2秒...
计时:3秒...
计时:4秒...
计时:5秒...
计时:6秒...
计时:7秒...
计时:8秒...
计时:9秒...
计时:10秒...

任务完成【逛沃尔玛】:成功,奖励:3

领取奖励【逛沃尔玛】:成功,奖励:3

领取任务【下单返鲜豆】:任务不需要手动领取

任务完成【下单返鲜豆】:任务完成方式错误

领取奖励【下单返鲜豆】:未达到领取奖励的条件

领取任务【华润-商家会员】:成功,奖励:3
计时:1秒...

任务完成【华润-商家会员】:成功,奖励:3

领取奖励【华润-商家会员】:成功,奖励:3

领取任务【苏果】:成功,奖励:3
计时:1秒...

任务完成【苏果】:成功,奖励:3

领取奖励【苏果】:成功,奖励:3

领取任务【精品超市】:成功,奖励:3
计时:1秒...

任务完成【精品超市】:成功,奖励:3

领取奖励【精品超市】:成功,奖励:3

领取任务【山姆】:成功,奖励:3
计时:1秒...
计时:2秒...
计时:3秒...
计时:4秒...
计时:5秒...
计时:6秒...
计时:7秒...
计时:8秒...
计时:9秒...
计时:10秒...

任务完成【山姆】:成功,奖励:3

领取奖励【山姆】:成功,奖励:3

领取任务【超市频道】:成功,奖励:3
计时:1秒...
计时:2秒...
计时:3秒...
计时:4秒...
计时:5秒...
计时:6秒...
计时:7秒...
计时:8秒...
计时:9秒...
计时:10秒...

任务完成【超市频道】:成功,奖励:3

领取奖励【超市频道】:成功,奖励:3

领取任务【到家餐桌】:成功,奖励:3
计时:1秒...
计时:2秒...
计时:3秒...
计时:4秒...
计时:5秒...
计时:6秒...
计时:7秒...
计时:8秒...
计时:9秒...
计时:10秒...

任务完成【到家餐桌】:成功,奖励:3

领取奖励【到家餐桌】:成功,奖励:3

领取任务【家乐福】:成功,奖励:3
计时:1秒...
计时:2秒...
计时:3秒...
计时:4秒...
计时:5秒...
计时:6秒...
计时:7秒...
计时:8秒...
计时:9秒...
计时:10秒...

任务完成【家乐福】:成功,奖励:3

领取奖励【家乐福】:成功,奖励:3

领取任务【去到家果园浇水】:任务不需要手动领取

任务完成【去到家果园浇水】:任务完成方式错误

领取奖励【去到家果园浇水】:未达到领取奖励的条件

领取任务【7天三单任务】:任务不需要手动领取

任务完成【7天三单任务】:任务完成方式错误

领取奖励【7天三单任务】:未达到领取奖励的条件

领取任务【领现金】:成功,奖励:5
计时:1秒...
计时:2秒...
计时:3秒...
计时:4秒...
计时:5秒...
计时:6秒...
计时:7秒...
计时:8秒...
计时:9秒...
计时:10秒...

任务完成【领现金】:成功,奖励:5

领取奖励【领现金】:成功,奖励:5

领取任务【5折餐饮权益】:成功,奖励:2

任务完成【5折餐饮权益】:成功,奖励:2

领取奖励【5折餐饮权益】:成功,奖励:2

领取任务【【置换】东东健康社区】:成功,奖励:2
计时:1秒...
计时:2秒...
计时:3秒...
计时:4秒...
计时:5秒...

任务完成【【置换】东东健康社区】:成功,奖励:2

领取奖励【【置换】东东健康社区】:成功,奖励:2

领取任务【使用鲜豆兑换一次优惠券】:成功,奖励:5

任务完成【使用鲜豆兑换一次优惠券】:任务完成方式错误

领取奖励【使用鲜豆兑换一次优惠券】:未达到领取奖励的条件

领取任务【【置换】京东本地生活】:成功,奖励:2
计时:1秒...
计时:2秒...
计时:3秒...
计时:4秒...
计时:5秒...

任务完成【【置换】京东本地生活】:成功,奖励:2

领取奖励【【置换】京东本地生活】:成功,奖励:2

领取任务【去鲜豆庄园浇水】:成功,奖励:3

任务完成【去鲜豆庄园浇水】:成功,奖励:3

领取奖励【去鲜豆庄园浇水】:成功,奖励:3

领取任务【【置换】宠汪汪】:成功,奖励:2
计时:1秒...
计时:2秒...
计时:3秒...

任务完成【【置换】宠汪汪】:成功,奖励:2

领取奖励【【置换】宠汪汪】:成功,奖励:2

领取任务【邀请新用户签到】:成功,奖励:100

任务完成【邀请新用户签到】:任务完成方式错误

领取奖励【邀请新用户签到】:未达到领取奖励的条件

领取任务【今天完成任务数，次日领奖】:任务不需要手动领取

任务完成【今天完成任务数，次日领奖】:失败

领取奖励【今天完成任务数，次日领奖】:成功,奖励:62

领取任务【秒杀商品】:成功,奖励:88

任务完成【秒杀商品】:任务完成方式错误

领取奖励【秒杀商品】:未达到领取奖励的条件

★★★★★开始执行第2个账号,共2个账号★★★★★
●●●蓝闺q●●●

领取任务【逛沃尔玛】:成功,奖励:3
计时:1秒...
计时:2秒...
计时:3秒...
计时:4秒...
计时:5秒...
计时:6秒...
计时:7秒...
计时:8秒...
计时:9秒...
计时:10秒...

任务完成【逛沃尔玛】:成功,奖励:3

领取奖励【逛沃尔玛】:成功,奖励:3

领取任务【下单返鲜豆】:任务不需要手动领取

任务完成【下单返鲜豆】:任务完成方式错误

领取奖励【下单返鲜豆】:未达到领取奖励的条件

领取任务【华润-商家会员】:成功,奖励:3
计时:1秒...

任务完成【华润-商家会员】:成功,奖励:3

领取奖励【华润-商家会员】:成功,奖励:3

领取任务【苏果】:成功,奖励:3
计时:1秒...

任务完成【苏果】:成功,奖励:3

领取奖励【苏果】:成功,奖励:3

领取任务【精品超市】:成功,奖励:3
计时:1秒...

任务完成【精品超市】:成功,奖励:3

领取奖励【精品超市】:成功,奖励:3

领取任务【山姆】:成功,奖励:3
计时:1秒...
计时:2秒...
计时:3秒...
计时:4秒...
计时:5秒...
计时:6秒...
计时:7秒...
计时:8秒...
计时:9秒...
计时:10秒...

任务完成【山姆】:成功,奖励:3

领取奖励【山姆】:成功,奖励:3

领取任务【超市频道】:成功,奖励:3
计时:1秒...
计时:2秒...
计时:3秒...
计时:4秒...
计时:5秒...
计时:6秒...
计时:7秒...
计时:8秒...
计时:9秒...
计时:10秒...

任务完成【超市频道】:成功,奖励:3

领取奖励【超市频道】:成功,奖励:3

领取任务【到家餐桌】:成功,奖励:3
计时:1秒...
计时:2秒...
计时:3秒...
计时:4秒...
计时:5秒...
计时:6秒...
计时:7秒...
计时:8秒...
计时:9秒...
计时:10秒...

任务完成【到家餐桌】:成功,奖励:3

领取奖励【到家餐桌】:成功,奖励:3

领取任务【家乐福】:成功,奖励:3
计时:1秒...
计时:2秒...
计时:3秒...
计时:4秒...
计时:5秒...
计时:6秒...
计时:7秒...
计时:8秒...
计时:9秒...
计时:10秒...

任务完成【家乐福】:成功,奖励:3

领取奖励【家乐福】:成功,奖励:3

领取任务【去到家果园浇水】:任务不需要手动领取

任务完成【去到家果园浇水】:任务完成方式错误

领取奖励【去到家果园浇水】:未达到领取奖励的条件

领取任务【7天三单任务】:任务不需要手动领取

任务完成【7天三单任务】:任务完成方式错误

领取奖励【7天三单任务】:未达到领取奖励的条件

领取任务【领现金】:成功,奖励:5
计时:1秒...
计时:2秒...
计时:3秒...
计时:4秒...
计时:5秒...
计时:6秒...
计时:7秒...
计时:8秒...
计时:9秒...
计时:10秒...

任务完成【领现金】:成功,奖励:5

领取奖励【领现金】:成功,奖励:5

领取任务【5折餐饮权益】:成功,奖励:2

任务完成【5折餐饮权益】:成功,奖励:2

领取奖励【5折餐饮权益】:成功,奖励:2

领取任务【【置换】东东健康社区】:成功,奖励:2
计时:1秒...
计时:2秒...
计时:3秒...
计时:4秒...
计时:5秒...

任务完成【【置换】东东健康社区】:成功,奖励:2

领取奖励【【置换】东东健康社区】:成功,奖励:2

领取任务【使用鲜豆兑换一次优惠券】:成功,奖励:5

任务完成【使用鲜豆兑换一次优惠券】:任务完成方式错误

领取奖励【使用鲜豆兑换一次优惠券】:未达到领取奖励的条件

领取任务【【置换】京东本地生活】:成功,奖励:2
计时:1秒...
计时:2秒...
计时:3秒...
计时:4秒...
计时:5秒...

任务完成【【置换】京东本地生活】:成功,奖励:2

领取奖励【【置换】京东本地生活】:成功,奖励:2

领取任务【去鲜豆庄园浇水】:成功,奖励:3

任务完成【去鲜豆庄园浇水】:成功,奖励:3

领取奖励【去鲜豆庄园浇水】:成功,奖励:3

领取任务【【置换】宠汪汪】:成功,奖励:2
计时:1秒...
计时:2秒...
计时:3秒...

任务完成【【置换】宠汪汪】:成功,奖励:2

领取奖励【【置换】宠汪汪】:成功,奖励:2

领取任务【邀请新用户签到】:成功,奖励:100

任务完成【邀请新用户签到】:任务完成方式错误

领取奖励【邀请新用户签到】:未达到领取奖励的条件

领取任务【今天完成任务数，次日领奖】:任务不需要手动领取

任务完成【今天完成任务数，次日领奖】:失败

领取奖励【今天完成任务数，次日领奖】:成功,奖励:62

领取任务【秒杀商品】:成功,奖励:88

任务完成【秒杀商品】:任务完成方式错误

领取奖励【秒杀商品】:未达到领取奖励的条件
done!

## 执行结束... 2022-05-14 00:15:35 耗时 173 秒
