## 开始执行... 2022-05-07 17:30:00


🔔京东CK检测, 开始!
您的cookie选择的是用&隔开


====================共有2个京东账号Cookie=========

==================脚本执行- 北京时间(UTC+8)：2022/5/7 17:30:00=====================

开始检测【京东账号1】jd_56ac883b2ee02 ....

账号没有分组
成功获取到别名: Wang_Happy_,Pass!

京东账号1 : Wang_Happy_ 状态正常!

等待2秒.......	

开始检测【京东账号2】jd_56ac883b2ee02 ....

账号没有分组
京东账号2 : jd_56ac883b2ee02 已失效,自动禁用成功!

等待2秒.......	

京东CK检测：
👇👇👇👇👇自动禁用账号👇👇👇👇👇
【账号2🆔】jd_56ac883b2ee02 (自动禁用成功!)


👇👇👇👇👇失效账号👇👇👇👇👇
【账号2🆔】jd_56ac883b2ee02 已失效,自动禁用成功!



成员ID:@all企业微信应用消息发送通知消息成功🎉。


🔔京东CK检测, 结束! 🕛 5.593 秒


## 执行结束... 2022-05-07 17:30:06 耗时 6 秒
