## 开始执行... 2022-05-13 23:08:40


🔔京喜财富岛捡贝壳, 开始!

====================共2个京东账号Cookie=================

============脚本执行时间：2022/5/13 23:08:41=============

>>>>>>>>>>>>>>6Dylan6 提示：任务正常运行中>>>>>>>>>>>>>>>




============开始第1次挂机=============

******开始【京东账号1】jd_56ac883b2ee02*********

您操作过于频繁, 请稍后重试

******开始【京东账号2】jd_72476e50d1b0e*********

捡贝壳失败：岛上信号有点弱，请稍后再试


============开始第2次挂机=============

******开始【京东账号1】jd_56ac883b2ee02*********

操作过于频繁，跳过运行

******开始【京东账号2】jd_72476e50d1b0e*********

捡贝壳失败：岛上信号有点弱，请稍后再试


============开始第3次挂机=============

******开始【京东账号1】jd_56ac883b2ee02*********

操作过于频繁，跳过运行

******开始【京东账号2】jd_72476e50d1b0e*********

捡贝壳失败：岛上信号有点弱，请稍后再试


============开始第4次挂机=============

******开始【京东账号1】jd_56ac883b2ee02*********

操作过于频繁，跳过运行

******开始【京东账号2】jd_72476e50d1b0e*********

捡贝壳失败：岛上信号有点弱，请稍后再试


============开始第5次挂机=============

******开始【京东账号1】jd_56ac883b2ee02*********

操作过于频繁，跳过运行

******开始【京东账号2】jd_72476e50d1b0e*********

捡贝壳失败：岛上信号有点弱，请稍后再试


🔔京喜财富岛捡贝壳, 结束! 🕛 47.786 秒


## 执行结束... 2022-05-13 23:09:28 耗时 48 秒
