## 开始执行... 2022-05-15 07:09:42


🔔京喜财富岛捡贝壳, 开始!

====================共2个京东账号Cookie=================

============脚本执行时间：2022/5/15 07:09:42=============

>>>>>>>>>>>>>>6Dylan6 提示：任务正常运行中>>>>>>>>>>>>>>>

"getaddrinfo EAI_AGAIN cactus.jd.com"
request_algo 签名参数API请求失败，请检查网路重试



============开始第1次挂机=============

******开始【京东账号1】jd_56ac883b2ee02*********

"getaddrinfo EAI_AGAIN m.jingxi.com"
京喜财富岛捡贝壳 queryshell API请求失败，请检查网路重试

******开始【京东账号2】jd_72476e50d1b0e*********

"getaddrinfo EAI_AGAIN m.jingxi.com"
京喜财富岛捡贝壳 queryshell API请求失败，请检查网路重试

============开始第2次挂机=============

******开始【京东账号1】jd_56ac883b2ee02*********

"getaddrinfo EAI_AGAIN m.jingxi.com"
京喜财富岛捡贝壳 queryshell API请求失败，请检查网路重试

******开始【京东账号2】jd_72476e50d1b0e*********

"getaddrinfo EAI_AGAIN m.jingxi.com"
京喜财富岛捡贝壳 queryshell API请求失败，请检查网路重试

============开始第3次挂机=============

******开始【京东账号1】jd_56ac883b2ee02*********

"getaddrinfo EAI_AGAIN m.jingxi.com"
京喜财富岛捡贝壳 queryshell API请求失败，请检查网路重试

******开始【京东账号2】jd_72476e50d1b0e*********

"getaddrinfo EAI_AGAIN m.jingxi.com"
京喜财富岛捡贝壳 queryshell API请求失败，请检查网路重试

============开始第4次挂机=============

******开始【京东账号1】jd_56ac883b2ee02*********

"getaddrinfo EAI_AGAIN m.jingxi.com"
京喜财富岛捡贝壳 queryshell API请求失败，请检查网路重试

******开始【京东账号2】jd_72476e50d1b0e*********

"getaddrinfo EAI_AGAIN m.jingxi.com"
京喜财富岛捡贝壳 queryshell API请求失败，请检查网路重试

============开始第5次挂机=============

******开始【京东账号1】jd_56ac883b2ee02*********

