## 开始执行... 2022-05-14 19:06:04


🔔京喜财富岛捡贝壳, 开始!

====================共2个京东账号Cookie=================

============脚本执行时间：2022/5/14 19:06:05=============

>>>>>>>>>>>>>>6Dylan6 提示：任务正常运行中>>>>>>>>>>>>>>>




============开始第1次挂机=============

******开始【京东账号1】jd_56ac883b2ee02*********

捡贝壳成功：捡到了小海螺
捡贝壳成功：捡到了小海螺
捡贝壳成功：捡到了大海螺
捡贝壳成功：捡到了小贝壳
捡贝壳成功：捡到了小贝壳
捡贝壳成功：捡到了小贝壳
捡贝壳成功：捡到了扇贝


******开始【京东账号2】jd_72476e50d1b0e*********

捡贝壳失败：岛上信号有点弱，请稍后再试


============开始第2次挂机=============

******开始【京东账号1】jd_56ac883b2ee02*********



******开始【京东账号2】jd_72476e50d1b0e*********

捡贝壳失败：岛上信号有点弱，请稍后再试


============开始第3次挂机=============

******开始【京东账号1】jd_56ac883b2ee02*********



******开始【京东账号2】jd_72476e50d1b0e*********

捡贝壳失败：岛上信号有点弱，请稍后再试


============开始第4次挂机=============

******开始【京东账号1】jd_56ac883b2ee02*********



******开始【京东账号2】jd_72476e50d1b0e*********

捡贝壳失败：岛上信号有点弱，请稍后再试


============开始第5次挂机=============

******开始【京东账号1】jd_56ac883b2ee02*********



******开始【京东账号2】jd_72476e50d1b0e*********

捡贝壳失败：岛上信号有点弱，请稍后再试


🔔京喜财富岛捡贝壳, 结束! 🕛 90.042 秒


## 执行结束... 2022-05-14 19:07:35 耗时 91 秒
