## 开始执行... 2022-05-07 17:09:38


🔔京喜财富岛捡贝壳, 开始!

====================共2个京东账号Cookie=================

============脚本执行时间：2022/5/7 17:09:38=============

>>>>>>>>>>>>>>6Dylan6 提示：任务正常运行中>>>>>>>>>>>>>>>




============开始第1次挂机=============

******开始【京东账号1】jd_72476e50d1b0e*********

您还没有登录，请先登录哦~

******开始【京东账号2】jd_56ac883b2ee02*********

您还没有登录，请先登录哦~

============开始第2次挂机=============

******开始【京东账号1】jd_72476e50d1b0e*********

操作过于频繁，跳过运行

******开始【京东账号2】jd_56ac883b2ee02*********

操作过于频繁，跳过运行

============开始第3次挂机=============

******开始【京东账号1】jd_72476e50d1b0e*********

操作过于频繁，跳过运行

******开始【京东账号2】jd_56ac883b2ee02*********

操作过于频繁，跳过运行

============开始第4次挂机=============

******开始【京东账号1】jd_72476e50d1b0e*********

操作过于频繁，跳过运行

******开始【京东账号2】jd_56ac883b2ee02*********

操作过于频繁，跳过运行

============开始第5次挂机=============

******开始【京东账号1】jd_72476e50d1b0e*********

操作过于频繁，跳过运行

******开始【京东账号2】jd_56ac883b2ee02*********

操作过于频繁，跳过运行

🔔京喜财富岛捡贝壳, 结束! 🕛 11.757 秒


## 执行结束... 2022-05-07 17:09:50 耗时 12 秒
