## 开始执行... 2022-05-10 19:09:22


🔔京喜财富岛捡贝壳, 开始!

====================共2个京东账号Cookie=================

============脚本执行时间：2022/5/10 19:09:22=============

>>>>>>>>>>>>>>6Dylan6 提示：任务正常运行中>>>>>>>>>>>>>>>




============开始第1次挂机=============

******开始【京东账号1】jd_56ac883b2ee02*********

捡贝壳成功：捡到了小珍珠
捡贝壳成功：捡到了小海螺
捡贝壳成功：捡到了大海螺
捡贝壳成功：捡到了大海螺
捡贝壳成功：捡到了海星
捡贝壳成功：捡到了海星


******开始【京东账号2】jd_72476e50d1b0e*********

捡贝壳失败：岛上信号有点弱，请稍后再试


============开始第2次挂机=============

******开始【京东账号1】jd_56ac883b2ee02*********



******开始【京东账号2】jd_72476e50d1b0e*********

捡贝壳失败：岛上信号有点弱，请稍后再试


============开始第3次挂机=============

******开始【京东账号1】jd_56ac883b2ee02*********



******开始【京东账号2】jd_72476e50d1b0e*********

捡贝壳失败：岛上信号有点弱，请稍后再试


============开始第4次挂机=============

******开始【京东账号1】jd_56ac883b2ee02*********



******开始【京东账号2】jd_72476e50d1b0e*********

捡贝壳失败：岛上信号有点弱，请稍后再试


============开始第5次挂机=============

******开始【京东账号1】jd_56ac883b2ee02*********



******开始【京东账号2】jd_72476e50d1b0e*********

捡贝壳失败：岛上信号有点弱，请稍后再试


🔔京喜财富岛捡贝壳, 结束! 🕛 86.969 秒


## 执行结束... 2022-05-10 19:10:49 耗时 87 秒
