## 开始执行... 2022-05-12 01:33:32


🔔京东通天签到, 开始!

====================共2个京东账号Cookie=================

============脚本执行时间：2022/5/12 01:33:33=============

>>>>>>>>>>>>>>6Dylan6 提示：任务正常运行中>>>>>>>>>>>>>>>


******开始【京东账号1】jd_56ac883b2ee02*********

签到开始........
失败：当前奖品已达到发放上限
1京豆,获得1京豆
活动太火爆了
失败：0010_exceed pool balance
活动太火爆了
活动太火爆了

******开始【京东账号2】jd_72476e50d1b0e*********

签到开始........
失败：当前奖品已达到发放上限
1京豆,获得1京豆
活动太火爆了
失败：0010_exceed pool balance
活动太火爆了
活动太火爆了

🔔京东通天签到, 结束! 🕛 24.107 秒


## 执行结束... 2022-05-12 01:33:57 耗时 25 秒
