## 开始执行... 2022-05-10 01:34:24


🔔京东通天签到, 开始!

====================共2个京东账号Cookie=================

============脚本执行时间：2022/5/10 01:34:24=============

>>>>>>>>>>>>>>6Dylan6 提示：任务正常运行中>>>>>>>>>>>>>>>


******开始【京东账号1】jd_56ac883b2ee02*********

签到开始........
失败：当前奖品已达到发放上限
2京豆,获得2京豆
活动太火爆了
失败：0010_exceed pool balance
活动太火爆了
失败：00015_jingbean activity status is not on going

******开始【京东账号2】jd_72476e50d1b0e*********

签到开始........
失败：当前奖品已达到发放上限
2京豆,获得2京豆
活动太火爆了
失败：0010_exceed pool balance
活动太火爆了
失败：00015_jingbean activity status is not on going

🔔京东通天签到, 结束! 🕛 31.258 秒


## 执行结束... 2022-05-10 01:34:55 耗时 31 秒
