## 开始执行... 2022-05-07 19:23:47


🔔京东小魔方, 开始!
您的cookie选择的是用&隔开


====================共有2个京东账号Cookie=========

==================脚本执行- 北京时间(UTC+8)：2022/5/7 19:23:47=====================


******开始【京东账号1】jd_56ac883b2ee02*********

任务：日日追“新”,去完成
活动太火爆了
活动太火爆了
任务：加购并浏览商品,去完成
活动太火爆了
活动太火爆了
活动太火爆了
活动太火爆了
活动太火爆了
活动太火爆了
活动太火爆了
活动太火爆了
活动太火爆了
活动太火爆了
活动太火爆了
活动太火爆了
活动太火爆了
活动太火爆了
活动太火爆了
活动太火爆了
任务：探索新品并浏览,去完成
任务：逛逛会场并浏览6s,去完成
活动太火爆了
活动太火爆了
任务：浏览店铺并停留6s,去完成
任务：浏览试用会场6s,去完成
活动太火爆了
活动太火爆了
任务：每日签到,去完成
活动太火爆了

******开始【京东账号2】jd_72476e50d1b0e*********

任务：日日追“新”,去完成
活动太火爆了
活动太火爆了
任务：加购并浏览商品,去完成
活动太火爆了
活动太火爆了
活动太火爆了
活动太火爆了
活动太火爆了
活动太火爆了
活动太火爆了
活动太火爆了
活动太火爆了
活动太火爆了
活动太火爆了
活动太火爆了
活动太火爆了
活动太火爆了
活动太火爆了
活动太火爆了
任务：探索新品并浏览,去完成
任务：逛逛会场并浏览6s,去完成
活动太火爆了
活动太火爆了
任务：浏览店铺并停留6s,去完成
任务：浏览试用会场6s,去完成
活动太火爆了
活动太火爆了
任务：每日签到,去完成
活动太火爆了

🔔京东小魔方, 结束! 🕛 138.503 秒


## 执行结束... 2022-05-07 19:26:06 耗时 139 秒
