## 开始执行... 2022-05-09 01:26:11


🔔领京豆额外奖励, 开始!

====================共2个京东账号Cookie=================

============脚本执行时间：2022/5/9 01:26:12=============

>>>>>>>>>>>>>>6Dylan6 提示：任务正常运行中>>>>>>>>>>>>>>>


******开始【京东账号1】Wang_Happy_*********

任务完成进度：1/5
任务完成进度：2/5
任务完成进度：3/5
任务完成进度：4/5
任务完成进度：5/5
领奖成功，获得 1 个京豆
完成任务成功，进度1/4
完成任务成功，进度2/4
完成任务成功，进度3/4
完成任务成功，进度4/4
领奖成功，获得 2 个京豆
强制开启新版领京豆结果:{"code":"0","errorCode":"SI404","errorMessage":"已经初始化过了~"}


❗️领京豆额外奖励, 错误!
TypeError: Cannot read properties of undefined (reading 'awardResultFlag')
    at /ql/data/scripts/6dylan6_jdpro/jd_bean_home.js:180:27
    at got.post.then.message (/ql/data/scripts/6dylan6_jdpro/jd_bean_home.js:832:5772)
    at process.processTicksAndRejections (node:internal/process/task_queues:95:5)
当前等级:5 下一级可领取:25京豆
去做[点击'领京豆']
领任务成功！
去领奖[点击'领京豆']
浏览领京豆已完成，获得+10成长值
去做[双签领豆]双签领豆
完成任务，获得+2成长值
去做[种豆得豆]种豆得豆
完成任务，获得+2成长值
去做[超值好货]低至1元
完成任务，获得+5成长值
去做[逛一逛精选活动]华味亨满减专区
完成任务，获得+5成长值
去做[惊喜福利]惊喜福利
完成任务，获得+2成长值
去做[养狗兑京豆]养狗兑京豆
完成任务，获得+2成长值
去做[签到领现金]签到领现金
完成任务，获得+2成长值
去做[抢星瑞六折车]抢星瑞六折车
完成任务，获得+2成长值
去做[边玩边赚]惠寻爆品专享
完成任务，获得+5成长值
去做[逛一逛精选活动]食品生鲜
完成任务，获得+5成长值
去做[惊喜福利]兑权益
完成任务，获得+2成长值
去做[逛逛京豆乐园]逛逛京豆乐园
完成任务，获得+2成长值
去做[逛一逛精选活动]部分第2件0元
完成任务，获得+5成长值
去做[逛一逛精选活动]京东大药房6周年
完成任务，获得+5成长值
[双签领豆]已做完
[种豆得豆]已做完
[超值好货]已做完
[逛一逛精选活动]已做完
[惊喜福利]已做完
[养狗兑京豆]已做完
[签到领现金]已做完
[抢星瑞六折车]已做完
[边玩边赚]已做完

==============📣系统通知📣==============
领京豆额外奖励
【京东账号1】Wang_Happy_
领奖成功，获得 1 个京豆
领奖成功，获得 2 个京豆


******开始【京东账号2】蓝闺q*********

任务完成进度：1/5
任务完成进度：2/5
任务完成进度：3/5
任务完成进度：4/5
任务完成进度：5/5
领奖成功，获得 1 个京豆
完成任务成功，进度1/4
完成任务成功，进度2/4
完成任务成功，进度3/4
完成任务成功，进度4/4
领奖成功，获得 2 个京豆
强制开启新版领京豆结果:{"code":"0","errorCode":"SI404","errorMessage":"已经初始化过了~"}


❗️领京豆额外奖励, 错误!
TypeError: Cannot read properties of undefined (reading 'awardResultFlag')
    at /ql/data/scripts/6dylan6_jdpro/jd_bean_home.js:180:27
    at got.post.then.message (/ql/data/scripts/6dylan6_jdpro/jd_bean_home.js:832:5772)
    at process.processTicksAndRejections (node:internal/process/task_queues:95:5)
当前等级:5 下一级可领取:25京豆
去做[点击'领京豆']
领任务成功！
去领奖[点击'领京豆']
浏览领京豆已完成，获得+10成长值
去做[双签领豆]双签领豆
完成任务，获得+2成长值
去做[种豆得豆]种豆得豆
完成任务，获得+2成长值
去做[超值好货]低至1元
完成任务，获得+5成长值
去做[逛一逛精选活动]华味亨满减专区
完成任务，获得+5成长值
去做[惊喜福利]惊喜福利
完成任务，获得+2成长值
去做[养狗兑京豆]养狗兑京豆
完成任务，获得+2成长值
去做[签到领现金]签到领现金
完成任务，获得+2成长值
去做[抢星瑞六折车]抢星瑞六折车
完成任务，获得+2成长值
去做[边玩边赚]惠寻爆品专享
完成任务，获得+5成长值
去做[逛一逛精选活动]食品生鲜
完成任务，获得+5成长值
去做[惊喜福利]兑权益
完成任务，获得+2成长值
去做[逛逛京豆乐园]逛逛京豆乐园
完成任务，获得+2成长值
去做[逛一逛精选活动]部分第2件0元
完成任务，获得+5成长值
去做[逛一逛精选活动]京东大药房6周年
完成任务，获得+5成长值
[双签领豆]已做完
[种豆得豆]已做完
[超值好货]已做完
[逛一逛精选活动]已做完
[惊喜福利]已做完
[养狗兑京豆]已做完
[签到领现金]已做完
[抢星瑞六折车]已做完
[边玩边赚]已做完

==============📣系统通知📣==============
领京豆额外奖励
【京东账号2】蓝闺q
领奖成功，获得 1 个京豆
领奖成功，获得 2 个京豆


【抢京豆】jd_56ac883b2ee02 去帮助作者

【抢京豆】jd_72476e50d1b0e 去帮助作者

🔔领京豆额外奖励, 结束! 🕛 235.726 秒


## 执行结束... 2022-05-09 01:30:07 耗时 236 秒
