## 开始执行... 2022-05-09 12:24:24


🔔领京豆额外奖励, 开始!

====================共2个京东账号Cookie=================

============脚本执行时间：2022/5/9 12:24:24=============

>>>>>>>>>>>>>>6Dylan6 提示：任务正常运行中>>>>>>>>>>>>>>>


******开始【京东账号1】Wang_Happy_*********

领奖失败，今天该任务类型已经领过奖了~
领奖失败，今天该任务类型已经领过奖了~
强制开启新版领京豆结果:{"code":"0","errorCode":"SI404","errorMessage":"已经初始化过了~"}

早起福利领取失败：已经过时了~
当前等级:5 下一级可领取:25京豆
[点击'领京豆']已做完
[双签领豆]已做完
[种豆得豆]已做完
[超值好货]已做完
[逛一逛精选活动]已做完
[惊喜福利]已做完
[养狗兑京豆]已做完
[签到领现金]已做完
[抢星瑞六折车]已做完
[边玩边赚]已做完

******开始【京东账号2】jd_72476e50d1b0e*********

领奖失败，今天该任务类型已经领过奖了~
领奖失败，今天该任务类型已经领过奖了~
强制开启新版领京豆结果:{"code":"0","errorCode":"SI404","errorMessage":"已经初始化过了~"}

早起福利领取失败：已经过时了~
当前等级:5 下一级可领取:25京豆
[点击'领京豆']已做完
[双签领豆]已做完
[种豆得豆]已做完
[超值好货]已做完
[逛一逛精选活动]已做完
[惊喜福利]已做完
[养狗兑京豆]已做完
[签到领现金]已做完
[抢星瑞六折车]已做完
[边玩边赚]已做完

【抢京豆】jd_56ac883b2ee02 去帮助作者

【抢京豆】jd_72476e50d1b0e 去帮助作者

🔔领京豆额外奖励, 结束! 🕛 32.516 秒


## 执行结束... 2022-05-09 12:24:56 耗时 32 秒
