## 开始执行... 2022-05-07 17:26:32


🔔我和妈妈的幸福合拍-加密, 开始!

====================共2个京东账号Cookie=================

============脚本执行时间：2022/5/7 17:26:32=============

>>>>>>>>>>>>>>6Dylan6 提示：任务正常运行中>>>>>>>>>>>>>>>

活动入口：11:/￥N5AleF6WnrlF￥，母亲节抽奖

********开始【京东账号1】jd_56ac883b2ee02********

获取用户信息成功，Wang_Happy_,助力码:R18UcciCSvN0UnaRx7sOsCphiqxn7plbszILmLmd3hA
任务：签到,去执行
任务：签到,获得一次抽奖
任务：浏览内容,去执行
任务：浏览内容,去执行
任务：浏览内容,去执行
任务：浏览内容,获得一次抽奖
任务：浏览店铺,欧莱雅京东自营官方旗舰店,去执行
任务：浏览店铺,OLAY玉兰油京东自营旗舰店,去执行
任务：浏览店铺,万事利官方旗舰店,去执行
任务：浏览店铺,天梭京东自营品牌授权旗舰店,去执行
任务：浏览店铺,获得一次抽奖

执行一次抽奖
{"draw_result":false,"coins":3}

执行一次抽奖
{"draw_result":false,"coins":2}

执行一次抽奖
{"draw_result":false,"coins":1}

********开始【京东账号2】jd_56ac883b2ee02********

初始化失败1

jd_56ac883b2ee02去助力：R18UcciCSvN0UnaRx7sOsCphiqxn7plbszILmLmd3hA
授权失败，请重试

jd_56ac883b2ee02去助力：R18UcciCSvN0UnaRx7sOsCphiqxn7plbszILmLmd3hA
授权失败，请重试

🔔我和妈妈的幸福合拍-加密, 结束! 🕛 38.367 秒


## 执行结束... 2022-05-07 17:27:10 耗时 38 秒
