## 开始执行... 2022-05-10 00:14:28


🔔京东赚赚, 开始!

====================共2个京东账号Cookie=================

============脚本执行时间：2022/5/10 00:14:28=============

>>>>>>>>>>>>>>6Dylan6 提示：任务正常运行中>>>>>>>>>>>>>>>


******开始【京东账号1】jd_56ac883b2ee02*********

去做任务：逛一逛京东电器
任务完成，获得 50 金币，0 京豆
去做任务：逛一逛京东时尚
任务完成，获得 50 金币，0 京豆
去做任务：浏览小时购小程序
任务完成，获得 50 金币，0 京豆
去做任务：劲爆折扣尽在京东超市
任务完成，获得 50 金币，0 京豆
去做任务：签到有礼
任务完成，获得 100;100;100;100;100;100;100 金币，1 京豆
去做任务：去京东超市小程序领京豆
任务完成，获得 50 金币，0 京豆
去做任务：浏览领红包享1元爆品
任务完成，获得 50 金币，0 京豆
去做任务：逛吃货节嘉年华抢京豆
任务完成，获得 50 金币，0 京豆
去做任务：浏览页面抢满99减88神券
任务完成，获得 50 金币，0 京豆
去做任务：浏览富光旗舰店看产品
任务完成，获得 50 金币，0 京豆
去做任务：浏览富光爆款商品
任务完成，获得 50 金币，0 京豆
去做任务：逛一逛厨具会场
任务完成，获得 50 金币，0 京豆
去做任务：关注统一店铺享优惠
任务完成，获得 50 金币，0 京豆
去做任务：浏览抢11减10神券
任务完成，获得 50 金币，0 京豆
去做任务：浏览臭宝爆款新品
任务完成，获得 50 金币，0 京豆
本次获得0京豆，800金币
累计获得19京豆，21400金币
可兑换2.14元无门槛红包
兑换入口:京东赚赚微信小程序->赚好礼->金币提现

******开始【京东账号2】jd_72476e50d1b0e*********

去做任务：逛一逛京东电器
任务完成，获得 50 金币，0 京豆
去做任务：逛一逛京东时尚
任务完成，获得 50 金币，0 京豆
去做任务：浏览小时购小程序
任务完成，获得 50 金币，0 京豆
去做任务：劲爆折扣尽在京东超市
任务完成，获得 50 金币，0 京豆
去做任务：签到有礼
任务完成，获得 100;100;100;100;100;100;100 金币，1 京豆
去做任务：去京东超市小程序领京豆
任务完成，获得 50 金币，0 京豆
去做任务：浏览领红包享1元爆品
任务完成，获得 50 金币，0 京豆
去做任务：逛吃货节嘉年华抢京豆
任务完成，获得 50 金币，0 京豆
去做任务：浏览页面抢满99减88神券
任务完成，获得 50 金币，0 京豆
去做任务：浏览富光旗舰店看产品
任务完成，获得 50 金币，0 京豆
去做任务：浏览富光爆款商品
任务完成，获得 50 金币，0 京豆
去做任务：逛一逛厨具会场
任务完成，获得 50 金币，0 京豆
去做任务：关注统一店铺享优惠
任务完成，获得 50 金币，0 京豆
去做任务：浏览抢11减10神券
任务完成，获得 50 金币，0 京豆
去做任务：浏览臭宝爆款新品
任务完成，获得 50 金币，0 京豆
本次获得0京豆，800金币
累计获得15京豆，19750金币
可兑换1.975元无门槛红包
兑换入口:京东赚赚微信小程序->赚好礼->金币提现

🔔京东赚赚, 结束! 🕛 95.01 秒


## 执行结束... 2022-05-10 00:16:03 耗时 95 秒
