## 开始执行... 2022-05-09 00:11:45


🔔京东赚赚, 开始!

====================共2个京东账号Cookie=================

============脚本执行时间：2022/5/9 00:11:46=============

>>>>>>>>>>>>>>6Dylan6 提示：任务正常运行中>>>>>>>>>>>>>>>


******开始【京东账号1】jd_56ac883b2ee02*********

去做任务：逛一逛京东电器
任务完成，获得 50 金币，0 京豆
去做任务：逛一逛京东时尚
任务完成，获得 50 金币，0 京豆
去做任务：浏览小时购小程序
任务完成，获得 50 金币，0 京豆
去做任务：劲爆折扣尽在京东超市
任务完成，获得 50 金币，0 京豆
去做任务：签到有礼
任务完成，获得 100;100;100;100;100;100;100 金币，1 京豆
去做任务：去京东超市小程序领京豆
任务完成，获得 50 金币，0 京豆
去做任务：浏览领红包享1元爆品
任务完成，获得 50 金币，0 京豆
去做任务：逛吃货节嘉年华抢京豆
任务完成，获得 50 金币，0 京豆
去做任务：浏览页面加入会员满169减15
任务完成，获得 50 金币，0 京豆
本次获得0京豆，500金币
累计获得19京豆，20600金币
可兑换2.06元无门槛红包
兑换入口:京东赚赚微信小程序->赚好礼->金币提现

******开始【京东账号2】jd_72476e50d1b0e*********

去做任务：逛一逛京东电器
任务完成，获得 50 金币，0 京豆
去做任务：逛一逛京东时尚
任务完成，获得 50 金币，0 京豆
去做任务：浏览小时购小程序
任务完成，获得 50 金币，0 京豆
去做任务：劲爆折扣尽在京东超市
任务完成，获得 50 金币，0 京豆
去做任务：签到有礼
任务完成，获得 100;100;100;100;100;100;100 金币，1 京豆
去做任务：去京东超市小程序领京豆
任务完成，获得 50 金币，0 京豆
去做任务：浏览领红包享1元爆品
任务完成，获得 50 金币，0 京豆
去做任务：逛吃货节嘉年华抢京豆
任务完成，获得 50 金币，0 京豆
去做任务：浏览页面加入会员满169减15
任务完成，获得 50 金币，0 京豆
本次获得0京豆，500金币
累计获得15京豆，18950金币
可兑换1.895元无门槛红包
兑换入口:京东赚赚微信小程序->赚好礼->金币提现

🔔京东赚赚, 结束! 🕛 58.498 秒


## 执行结束... 2022-05-09 00:12:44 耗时 59 秒
