## 开始执行... 2022-05-12 00:11:58


🔔京东赚赚, 开始!

====================共2个京东账号Cookie=================

============脚本执行时间：2022/5/12 00:11:59=============

>>>>>>>>>>>>>>6Dylan6 提示：任务正常运行中>>>>>>>>>>>>>>>


******开始【京东账号1】jd_56ac883b2ee02*********

去做任务：逛一逛京东电器
任务完成，获得 50 金币，0 京豆
去做任务：逛一逛京东时尚
任务完成，获得 50 金币，0 京豆
去做任务：浏览小时购小程序
任务完成，获得 50 金币，0 京豆
去做任务：劲爆折扣尽在京东超市
任务完成，获得 50 金币，0 京豆
去做任务：签到有礼
任务完成，获得 100;100;100;100;100;100;100 金币，1 京豆
去做任务：去京东超市小程序领京豆
任务完成，获得 50 金币，0 京豆
去做任务：浏览领红包享1元爆品
任务完成，获得 50 金币，0 京豆
去做任务：逛吃货节嘉年华抢京豆
任务完成，获得 50 金币，0 京豆

==============📣系统通知📣==============
京东赚赚
京东账号1 
本次获得1京豆，450金币
累计获得20京豆，22450金币
可兑换2.245元无门槛红包
兑换入口:京东赚赚微信小程序->赚好礼->金币提现

******开始【京东账号2】jd_72476e50d1b0e*********

去做任务：逛一逛京东电器
任务完成，获得 50 金币，0 京豆
去做任务：逛一逛京东时尚
任务完成，获得 50 金币，0 京豆
去做任务：浏览小时购小程序
任务完成，获得 50 金币，0 京豆
去做任务：劲爆折扣尽在京东超市
任务完成，获得 50 金币，0 京豆
去做任务：签到有礼
任务完成，获得 100;100;100;100;100;100;100 金币，1 京豆
去做任务：去京东超市小程序领京豆
任务完成，获得 50 金币，0 京豆
去做任务：浏览领红包享1元爆品
任务完成，获得 50 金币，0 京豆
去做任务：逛吃货节嘉年华抢京豆
任务完成，获得 50 金币，0 京豆

==============📣系统通知📣==============
京东赚赚
京东账号2 
本次获得1京豆，450金币
累计获得16京豆，20800金币
可兑换2.08元无门槛红包
兑换入口:京东赚赚微信小程序->赚好礼->金币提现

🔔京东赚赚, 结束! 🕛 50.956 秒


## 执行结束... 2022-05-12 00:12:50 耗时 52 秒
