## 开始执行... 2022-05-11 00:13:30


🔔京东赚赚, 开始!

====================共2个京东账号Cookie=================

============脚本执行时间：2022/5/11 00:13:31=============

>>>>>>>>>>>>>>6Dylan6 提示：任务正常运行中>>>>>>>>>>>>>>>


******开始【京东账号1】jd_56ac883b2ee02*********

去做任务：逛一逛京东电器
任务完成，获得 50 金币，0 京豆
去做任务：逛一逛京东时尚
任务完成，获得 50 金币，0 京豆
去做任务：浏览小时购小程序
任务完成，获得 50 金币，0 京豆
去做任务：劲爆折扣尽在京东超市
任务完成，获得 50 金币，0 京豆
去做任务：签到有礼
任务完成，获得 100;100;100;100;100;100;100 金币，1 京豆
去做任务：去京东超市小程序领京豆
任务完成，获得 50 金币，0 京豆
去做任务：浏览领红包享1元爆品
任务完成，获得 50 金币，0 京豆
去做任务：逛吃货节嘉年华抢京豆
任务完成，获得 50 金币，0 京豆
去做任务：关注安踏儿童店铺逛新品
任务完成，获得 50 金币，0 京豆
去做任务：逛一逛安踏儿童会场
任务完成，获得 50 金币，0 京豆
去做任务：浏览安踏儿童爆款商品
任务完成，获得 50 金币，0 京豆
本次获得0京豆，600金币
累计获得19京豆，22000金币
可兑换2.2元无门槛红包
兑换入口:京东赚赚微信小程序->赚好礼->金币提现

******开始【京东账号2】jd_72476e50d1b0e*********

去做任务：逛一逛京东电器
任务完成，获得 50 金币，0 京豆
去做任务：逛一逛京东时尚
任务完成，获得 50 金币，0 京豆
去做任务：浏览小时购小程序
任务完成，获得 50 金币，0 京豆
去做任务：劲爆折扣尽在京东超市
任务完成，获得 50 金币，0 京豆
去做任务：签到有礼
任务完成，获得 100;100;100;100;100;100;100 金币，1 京豆
去做任务：去京东超市小程序领京豆
任务完成，获得 50 金币，0 京豆
去做任务：浏览领红包享1元爆品
任务完成，获得 50 金币，0 京豆
去做任务：逛吃货节嘉年华抢京豆
任务完成，获得 50 金币，0 京豆
去做任务：关注安踏儿童店铺逛新品
任务完成，获得 50 金币，0 京豆
去做任务：逛一逛安踏儿童会场
任务完成，获得 50 金币，0 京豆
去做任务：浏览安踏儿童爆款商品
任务完成，获得 50 金币，0 京豆
本次获得0京豆，600金币
累计获得15京豆，20350金币
可兑换2.035元无门槛红包
兑换入口:京东赚赚微信小程序->赚好礼->金币提现

🔔京东赚赚, 结束! 🕛 69.601 秒


## 执行结束... 2022-05-11 00:14:40 耗时 70 秒
