2022-05-23 00:31:17,292 INFO  [tmmpool-main-task-T13-G272] o.t.c.m.tasks.MovieUpdateDatasourceTask:162 - Start UDS on datasource: /media/movies
2022-05-23 00:31:17,379 INFO  [tmmpool-update-T1-G273] o.t.c.m.tasks.MovieUpdateDatasourceTask:526 - Parsing single movie directory: /media/movies/上帝的驱魔 (2022), (are we a disc folder? false)
2022-05-23 00:31:17,397 INFO  [tmmpool-update-T2-G274] o.t.c.m.tasks.MovieUpdateDatasourceTask:526 - Parsing single movie directory: /media/movies/亡命救护车 (2022), (are we a disc folder? false)
2022-05-23 00:31:17,419 INFO  [tmmpool-update-T3-G275] o.t.c.m.tasks.MovieUpdateDatasourceTask:526 - Parsing single movie directory: /media/movies/北欧人 (2022), (are we a disc folder? false)
2022-05-23 00:31:17,482 INFO  [tmmpool-update-T1-G276] o.t.c.m.tasks.MovieUpdateDatasourceTask:526 - Parsing single movie directory: /media/movies/囚徒 (2013), (are we a disc folder? false)
2022-05-23 00:31:17,493 INFO  [tmmpool-update-T3-G277] o.t.c.m.tasks.MovieUpdateDatasourceTask:526 - Parsing single movie directory: /media/movies/夜班服务员 (2020), (are we a disc folder? false)
2022-05-23 00:31:17,498 INFO  [tmmpool-update-T2-G278] o.t.c.m.tasks.MovieUpdateDatasourceTask:526 - Parsing single movie directory: /media/movies/套装 (2022), (are we a disc folder? false)
2022-05-23 00:31:17,553 INFO  [tmmpool-update-T1-G279] o.t.c.m.tasks.MovieUpdateDatasourceTask:526 - Parsing single movie directory: /media/movies/宝贝老板2 (2021), (are we a disc folder? false)
2022-05-23 00:31:17,562 INFO  [tmmpool-update-T3-G280] o.t.c.m.tasks.MovieUpdateDatasourceTask:526 - Parsing single movie directory: /media/movies/新蝙蝠侠 (2022), (are we a disc folder? false)
2022-05-23 00:31:17,563 INFO  [tmmpool-update-T2-G281] o.t.c.m.tasks.MovieUpdateDatasourceTask:526 - Parsing single movie directory: /media/movies/模仿游戏 (2014), (are we a disc folder? false)
2022-05-23 00:31:17,626 INFO  [tmmpool-update-T1-G282] o.t.c.m.tasks.MovieUpdateDatasourceTask:526 - Parsing single movie directory: /media/movies/源代码 (2011), (are we a disc folder? false)
2022-05-23 00:31:17,637 INFO  [tmmpool-update-T3-G283] o.t.c.m.tasks.MovieUpdateDatasourceTask:526 - Parsing single movie directory: /media/movies/瞬息全宇宙 (2022), (are we a disc folder? false)
2022-05-23 00:31:17,645 INFO  [tmmpool-update-T2-G284] o.t.c.m.tasks.MovieUpdateDatasourceTask:526 - Parsing single movie directory: /media/movies/神秘海域 (2022), (are we a disc folder? false)
2022-05-23 00:31:17,691 INFO  [tmmpool-update-T1-G285] o.t.c.m.tasks.MovieUpdateDatasourceTask:526 - Parsing single movie directory: /media/movies/绞肉行动 (2022), (are we a disc folder? false)
2022-05-23 00:31:17,736 INFO  [tmmpool-update-T3-G286] o.t.c.m.tasks.MovieUpdateDatasourceTask:526 - Parsing single movie directory: /media/movies/肉罢不能 (2021), (are we a disc folder? false)
2022-05-23 00:31:17,739 INFO  [tmmpool-update-T2-G287] o.t.c.m.tasks.MovieUpdateDatasourceTask:526 - Parsing single movie directory: /media/movies/芬奇 (2021), (are we a disc folder? false)
2022-05-23 00:31:17,770 INFO  [tmmpool-update-T1-G288] o.t.c.m.tasks.MovieUpdateDatasourceTask:526 - Parsing single movie directory: /media/movies/记忆 (2022), (are we a disc folder? false)
2022-05-23 00:31:17,969 INFO  [tmmpool-update-T3-G289] o.t.c.m.tasks.MovieUpdateDatasourceTask:526 - Parsing single movie directory: /media/movies/这个杀手不太冷静 (2022), (are we a disc folder? false)
2022-05-23 00:31:17,975 INFO  [tmmpool-update-T2-G290] o.t.c.m.tasks.MovieUpdateDatasourceTask:526 - Parsing single movie directory: /media/movies/黑盒子 (2021), (are we a disc folder? false)
2022-05-23 00:31:18,162 INFO  [tmmpool-update-T1-G288] o.t.c.m.tasks.MovieUpdateDatasourceTask:750 - Parsing multi  movie directory: /media/movies
2022-05-23 00:31:18,165 INFO  [tmmpool-update-T2-G291] o.t.c.m.tasks.MovieUpdateDatasourceTask:526 - Parsing single movie directory: /media/movies/危险境地 (2021), (are we a disc folder? false)
2022-05-23 00:31:18,695 INFO  [tmmpool-main-task-T13-G272] o.t.c.m.tasks.MovieUpdateDatasourceTask:225 - FilesFound: 273
2022-05-23 00:31:18,696 INFO  [tmmpool-main-task-T13-G272] o.t.c.m.tasks.MovieUpdateDatasourceTask:226 - moviesFound: 19
2022-05-23 00:31:18,698 INFO  [tmmpool-main-task-T13-G272] o.t.c.m.tasks.MovieUpdateDatasourceTask:1016 - removing orphaned movies/files...
2022-05-23 00:31:18,698 INFO  [tmmpool-main-task-T13-G272] o.t.c.m.tasks.MovieUpdateDatasourceTask:1068 - Movie (记忆) is new - no need for cleanup
2022-05-23 00:31:18,698 INFO  [tmmpool-main-task-T13-G272] o.t.c.m.tasks.MovieUpdateDatasourceTask:1068 - Movie (瞬息全宇宙) is new - no need for cleanup
2022-05-23 00:31:18,718 INFO  [tmmpool-main-task-T13-G272] o.t.c.m.tasks.MovieUpdateDatasourceTask:1145 - getting Mediainfo...
2022-05-23 00:31:18,721 WARN  [tmmpool-main-task-T13-G272] o.tinymediamanager.core.MediaFileHelper:647 - could not get file information (size/date): /media/movies/记忆 (2022)/poster.jpg
2022-05-23 00:31:18,730 WARN  [tmmpool-main-task-T13-G272] o.tinymediamanager.core.MediaFileHelper:647 - could not get file information (size/date): /media/movies/瞬息全宇宙 (2022)/poster.jpg
2022-05-23 00:31:19,468 INFO  [tmmpool-main-task-T13-G272] o.t.c.m.tasks.MovieUpdateDatasourceTask:311 - Done updating datasource :) - took 00:00:02.176
2022-05-23 00:31:20,298 INFO  [tmmpool-main-task-T13-G272-G294] o.t.c.t.tasks.TvShowUpdateDatasourceTask:176 - Start UDS on datasource: /media/tvs
2022-05-23 00:31:20,317 INFO  [tmmpool-update-T2-G296] o.t.c.t.tasks.TvShowUpdateDatasourceTask:556 - start parsing /media/tvs/猪猡之王.The.King.of.Pigs.S01.2022.1080p.FriDay.WEB-DL.AAC2.0.H264-HDSWEB
2022-05-23 00:31:20,317 INFO  [tmmpool-update-T1-G295] o.t.c.t.tasks.TvShowUpdateDatasourceTask:556 - start parsing /media/tvs/动漫
2022-05-23 00:31:20,318 INFO  [tmmpool-update-T1-G295] o.t.c.t.tasks.TvShowUpdateDatasourceTask:589 - no video file found in directory /media/tvs/动漫
2022-05-23 00:31:20,341 INFO  [tmmpool-update-T3-G297] o.t.c.t.tasks.TvShowUpdateDatasourceTask:556 - start parsing /media/tvs/Love, Death & Robots (2019)
2022-05-23 00:31:20,357 INFO  [tmmpool-update-T1-G298] o.t.c.t.tasks.TvShowUpdateDatasourceTask:556 - start parsing /media/tvs/Upload (2020)
2022-05-23 00:31:20,636 INFO  [tmmpool-update-T2-G299] o.t.c.t.tasks.TvShowUpdateDatasourceTask:556 - start parsing /media/tvs/西部世界 (2016)
2022-05-23 00:31:21,843 INFO  [tmmpool-main-task-T13-G272-G294] o.t.c.t.tasks.TvShowUpdateDatasourceTask:257 - FilesFound: 262
2022-05-23 00:31:21,843 INFO  [tmmpool-main-task-T13-G272-G294] o.t.c.t.tasks.TvShowUpdateDatasourceTask:258 - tvShowsFound: 4
2022-05-23 00:31:21,843 INFO  [tmmpool-main-task-T13-G272-G294] o.t.c.t.tasks.TvShowUpdateDatasourceTask:259 - episodesFound: 66
2022-05-23 00:31:21,844 INFO  [tmmpool-main-task-T13-G272-G294] o.t.c.t.tasks.TvShowUpdateDatasourceTask:401 - removing orphaned tv shows/files...
2022-05-23 00:31:22,403 INFO  [tmmpool-main-task-T13-G272-G294] o.t.c.t.tasks.TvShowUpdateDatasourceTask:315 - getting Mediainfo...
2022-05-23 00:31:29,688 INFO  [updateThread] o.t.core.tvshow.TvShowList:605 - =====================================================
2022-05-23 00:31:29,688 INFO  [updateThread] o.t.core.tvshow.TvShowList:606 - Searching with scraper: tmdb
2022-05-23 00:31:29,689 INFO  [updateThread] o.t.core.tvshow.TvShowList:607 - TvShowSearchAndScrapeOptions[type=TV_SHOW,ids={},language=中文,searchQuery=猪猡之王 The King Of Pigs S01,searchYear=2022,metadataScraper=<null>,artworkScrapers=[],trailerScrapers=[],subtitleScrapers=[],searchResult=<null>]
2022-05-23 00:31:29,689 INFO  [updateThread] o.t.core.tvshow.TvShowList:608 - =====================================================
2022-05-23 00:31:29,695 INFO  [updateThread] o.t.s.tmdb.TmdbTvShowMetadataProvider:128 - ========= BEGIN TMDB Scraper Search for: 猪猡之王 The King Of Pigs S01
2022-05-23 00:31:31,510 INFO  [tmmpool-main-task-T13-G272-G294] o.t.c.t.tasks.TvShowUpdateDatasourceTask:355 - Done updating datasource :) - took 00:00:11.212
2022-05-23 00:31:36,246 INFO  [SwingWorker-pool-4-thread-6] o.t.core.tvshow.TvShowList:605 - =====================================================
2022-05-23 00:31:36,249 INFO  [SwingWorker-pool-4-thread-6] o.t.core.tvshow.TvShowList:606 - Searching with scraper: tmdb
2022-05-23 00:31:36,249 INFO  [SwingWorker-pool-4-thread-6] o.t.core.tvshow.TvShowList:607 - TvShowSearchAndScrapeOptions[type=TV_SHOW,ids={},language=中文,searchQuery=The King Of Pigs S01,searchYear=2022,metadataScraper=<null>,artworkScrapers=[],trailerScrapers=[],subtitleScrapers=[],searchResult=<null>]
2022-05-23 00:31:36,250 INFO  [SwingWorker-pool-4-thread-6] o.t.core.tvshow.TvShowList:608 - =====================================================
2022-05-23 00:31:36,251 INFO  [SwingWorker-pool-4-thread-6] o.t.s.tmdb.TmdbTvShowMetadataProvider:128 - ========= BEGIN TMDB Scraper Search for: The King Of Pigs S01
2022-05-23 00:31:40,485 INFO  [SwingWorker-pool-4-thread-5] o.t.core.tvshow.TvShowList:605 - =====================================================
2022-05-23 00:31:40,485 INFO  [SwingWorker-pool-4-thread-5] o.t.core.tvshow.TvShowList:606 - Searching with scraper: tmdb
2022-05-23 00:31:40,486 INFO  [SwingWorker-pool-4-thread-5] o.t.core.tvshow.TvShowList:607 - TvShowSearchAndScrapeOptions[type=TV_SHOW,ids={},language=中文,searchQuery=The King Of Pigs,searchYear=2022,metadataScraper=<null>,artworkScrapers=[],trailerScrapers=[],subtitleScrapers=[],searchResult=<null>]
2022-05-23 00:31:40,486 INFO  [SwingWorker-pool-4-thread-5] o.t.core.tvshow.TvShowList:608 - =====================================================
2022-05-23 00:31:40,487 INFO  [SwingWorker-pool-4-thread-5] o.t.s.tmdb.TmdbTvShowMetadataProvider:128 - ========= BEGIN TMDB Scraper Search for: The King Of Pigs
2022-05-23 00:31:40,915 INFO  [SwingWorker-pool-4-thread-2] o.t.ui.tvshows.TvShowChooserModel:204 - =====================================================
2022-05-23 00:31:40,916 INFO  [SwingWorker-pool-4-thread-2] o.t.ui.tvshows.TvShowChooserModel:205 - Scrape metadata with scraper: tmdb
2022-05-23 00:31:40,916 INFO  [SwingWorker-pool-4-thread-2] o.t.ui.tvshows.TvShowChooserModel:206 - TvShowSearchAndScrapeOptions[type=TV_SHOW,ids={tmdb=154523},language=中文,searchQuery=,searchYear=-1,metadataScraper=<null>,artworkScrapers=[],trailerScrapers=[],subtitleScrapers=[],searchResult=MediaSearchResult[providerId=tmdb,url=<null>,title=猪猡之王,overview=改编自延尚浩执导的同名动画长片。这是一部追踪惊悚片，讲述了那些从20年前在连环谋杀案现场留下的朋友的信息中掀起「暴力记忆」的人的故事。,year=2022,originalTitle=돼지의 왕,originalLanguage=<null>,ids={tmdb=154523},score=0.0,type=TV_SHOW,posterUrl=http://image.tmdb.org/t/p/w342/kUdbwstIXYng4Fhn5pCbwaXip1P.jpg]]
2022-05-23 00:31:40,917 INFO  [SwingWorker-pool-4-thread-2] o.t.ui.tvshows.TvShowChooserModel:207 - =====================================================
2022-05-23 00:31:51,236 INFO  [tmmpool-unnamed-task-T15-G347] o.t.c.t.tasks.TvShowEpisodeScrapeTask:105 - =====================================================
2022-05-23 00:31:51,238 INFO  [tmmpool-unnamed-task-T15-G347] o.t.c.t.tasks.TvShowEpisodeScrapeTask:106 - Scrape metadata with scraper: tmdb
2022-05-23 00:31:51,239 INFO  [tmmpool-unnamed-task-T15-G347] o.t.c.t.tasks.TvShowEpisodeScrapeTask:107 - TvShowEpisodeSearchAndScrapeOptions[type=TV_EPISODE,ids={tmdb=154523, episodeNr=1, tvdb=408782, seasonNr=1},language=中文,searchQuery=,searchYear=-1,metadataScraper=themoviedb.org,artworkScrapers=[fanart.tv, themoviedb.org, thetvdb.com],trailerScrapers=[],subtitleScrapers=[],searchResult=<null>]
2022-05-23 00:31:51,240 INFO  [tmmpool-unnamed-task-T15-G347] o.t.c.t.tasks.TvShowEpisodeScrapeTask:108 - =====================================================
2022-05-23 00:31:52,256 WARN  [tmmpool-unnamed-task-T14-G346] o.t.s.fanarttv.FanartTvMetadataProvider:268 - request was not successful: HTTP/404 - {
    "status": "error",
    "error message": "Not found"
}
2022-05-23 00:31:53,303 INFO  [tmmpool-unnamed-task-T15-G347] o.t.c.t.tasks.TvShowEpisodeScrapeTask:105 - =====================================================
2022-05-23 00:31:53,304 INFO  [tmmpool-unnamed-task-T15-G347] o.t.c.t.tasks.TvShowEpisodeScrapeTask:106 - Scrape metadata with scraper: tmdb
2022-05-23 00:31:53,306 INFO  [tmmpool-unnamed-task-T15-G347] o.t.c.t.tasks.TvShowEpisodeScrapeTask:107 - TvShowEpisodeSearchAndScrapeOptions[type=TV_EPISODE,ids={tmdb=154523, episodeNr=2, tvdb=408782, seasonNr=1},language=中文,searchQuery=,searchYear=-1,metadataScraper=themoviedb.org,artworkScrapers=[fanart.tv, themoviedb.org, thetvdb.com],trailerScrapers=[],subtitleScrapers=[],searchResult=<null>]
2022-05-23 00:31:53,306 INFO  [tmmpool-unnamed-task-T15-G347] o.t.c.t.tasks.TvShowEpisodeScrapeTask:108 - =====================================================
2022-05-23 00:31:53,942 INFO  [tmmpool-image-download-task-T13] org.tinymediamanager.core.Utils:777 - Successfully moved file from /tmp/猪猡之王.The.King.of.Pigs.S01E01.2022.1080p.FriDay.WEB-DL.AAC2.0.H264-HDSWEB-thumb.jpg.1653237113305.part to /media/tvs/猪猡之王.The.King.of.Pigs.S01.2022.1080p.FriDay.WEB-DL.AAC2.0.H264-HDSWEB/猪猡之王.The.King.of.Pigs.S01E01.2022.1080p.FriDay.WEB-DL.AAC2.0.H264-HDSWEB-thumb.jpg
2022-05-23 00:31:55,620 INFO  [tmmpool-unnamed-task-T15-G347] o.t.c.t.tasks.TvShowEpisodeScrapeTask:105 - =====================================================
2022-05-23 00:31:55,621 INFO  [tmmpool-unnamed-task-T15-G347] o.t.c.t.tasks.TvShowEpisodeScrapeTask:106 - Scrape metadata with scraper: tmdb
2022-05-23 00:31:55,621 INFO  [tmmpool-unnamed-task-T15-G347] o.t.c.t.tasks.TvShowEpisodeScrapeTask:107 - TvShowEpisodeSearchAndScrapeOptions[type=TV_EPISODE,ids={tmdb=154523, episodeNr=3, tvdb=408782, seasonNr=1},language=中文,searchQuery=,searchYear=-1,metadataScraper=themoviedb.org,artworkScrapers=[fanart.tv, themoviedb.org, thetvdb.com],trailerScrapers=[],subtitleScrapers=[],searchResult=<null>]
2022-05-23 00:31:55,622 INFO  [tmmpool-unnamed-task-T15-G347] o.t.c.t.tasks.TvShowEpisodeScrapeTask:108 - =====================================================
2022-05-23 00:31:57,146 INFO  [tmmpool-image-download-task-T14] org.tinymediamanager.core.Utils:777 - Successfully moved file from /tmp/猪猡之王.The.King.of.Pigs.S01E02.2022.1080p.FriDay.WEB-DL.AAC2.0.H264-HDSWEB-thumb.jpg.1653237115625.part to /media/tvs/猪猡之王.The.King.of.Pigs.S01.2022.1080p.FriDay.WEB-DL.AAC2.0.H264-HDSWEB/猪猡之王.The.King.of.Pigs.S01E02.2022.1080p.FriDay.WEB-DL.AAC2.0.H264-HDSWEB-thumb.jpg
2022-05-23 00:31:57,207 INFO  [tmmpool-unnamed-task-T15-G347] o.t.c.t.tasks.TvShowEpisodeScrapeTask:105 - =====================================================
2022-05-23 00:31:57,207 INFO  [tmmpool-unnamed-task-T15-G347] o.t.c.t.tasks.TvShowEpisodeScrapeTask:106 - Scrape metadata with scraper: tmdb
2022-05-23 00:31:57,207 INFO  [tmmpool-unnamed-task-T15-G347] o.t.c.t.tasks.TvShowEpisodeScrapeTask:107 - TvShowEpisodeSearchAndScrapeOptions[type=TV_EPISODE,ids={tmdb=154523, episodeNr=4, tvdb=408782, seasonNr=1},language=中文,searchQuery=,searchYear=-1,metadataScraper=themoviedb.org,artworkScrapers=[fanart.tv, themoviedb.org, thetvdb.com],trailerScrapers=[],subtitleScrapers=[],searchResult=<null>]
2022-05-23 00:31:57,208 INFO  [tmmpool-unnamed-task-T15-G347] o.t.c.t.tasks.TvShowEpisodeScrapeTask:108 - =====================================================
2022-05-23 00:31:57,701 INFO  [tmmpool-image-download-task-T15] org.tinymediamanager.core.Utils:777 - Successfully moved file from /tmp/poster.jpg.1653237116240.part to /media/tvs/猪猡之王.The.King.of.Pigs.S01.2022.1080p.FriDay.WEB-DL.AAC2.0.H264-HDSWEB/poster.jpg
2022-05-23 00:31:58,064 INFO  [tmmpool-unnamed-task-T15-G347] o.t.c.t.tasks.TvShowEpisodeScrapeTask:105 - =====================================================
2022-05-23 00:31:58,064 INFO  [tmmpool-unnamed-task-T15-G347] o.t.c.t.tasks.TvShowEpisodeScrapeTask:106 - Scrape metadata with scraper: tmdb
2022-05-23 00:31:58,064 INFO  [tmmpool-unnamed-task-T15-G347] o.t.c.t.tasks.TvShowEpisodeScrapeTask:107 - TvShowEpisodeSearchAndScrapeOptions[type=TV_EPISODE,ids={tmdb=154523, episodeNr=5, tvdb=408782, seasonNr=1},language=中文,searchQuery=,searchYear=-1,metadataScraper=themoviedb.org,artworkScrapers=[fanart.tv, themoviedb.org, thetvdb.com],trailerScrapers=[],subtitleScrapers=[],searchResult=<null>]
2022-05-23 00:31:58,065 INFO  [tmmpool-unnamed-task-T15-G347] o.t.c.t.tasks.TvShowEpisodeScrapeTask:108 - =====================================================
2022-05-23 00:31:58,475 INFO  [tmmpool-image-download-task-T15] org.tinymediamanager.core.Utils:777 - Successfully moved file from /tmp/猪猡之王.The.King.of.Pigs.S01E03.2022.1080p.FriDay.WEB-DL.AAC2.0.H264-HDSWEB-thumb.jpg.1653237117932.part to /media/tvs/猪猡之王.The.King.of.Pigs.S01.2022.1080p.FriDay.WEB-DL.AAC2.0.H264-HDSWEB/猪猡之王.The.King.of.Pigs.S01E03.2022.1080p.FriDay.WEB-DL.AAC2.0.H264-HDSWEB-thumb.jpg
2022-05-23 00:31:58,479 INFO  [tmmpool-image-download-task-T16] org.tinymediamanager.core.Utils:777 - Successfully moved file from /tmp/fanart.jpg.1653237116266.part to /media/tvs/猪猡之王.The.King.of.Pigs.S01.2022.1080p.FriDay.WEB-DL.AAC2.0.H264-HDSWEB/fanart.jpg
2022-05-23 00:31:58,497 INFO  [tmmpool-image-download-task-T14] org.tinymediamanager.core.Utils:777 - Successfully moved file from /tmp/banner.jpg.1653237117498.part to /media/tvs/猪猡之王.The.King.of.Pigs.S01.2022.1080p.FriDay.WEB-DL.AAC2.0.H264-HDSWEB/banner.jpg
2022-05-23 00:31:59,303 INFO  [tmmpool-unnamed-task-T15-G347] o.t.c.t.tasks.TvShowEpisodeScrapeTask:105 - =====================================================
2022-05-23 00:31:59,303 INFO  [tmmpool-unnamed-task-T15-G347] o.t.c.t.tasks.TvShowEpisodeScrapeTask:106 - Scrape metadata with scraper: tmdb
2022-05-23 00:31:59,303 INFO  [tmmpool-unnamed-task-T15-G347] o.t.c.t.tasks.TvShowEpisodeScrapeTask:107 - TvShowEpisodeSearchAndScrapeOptions[type=TV_EPISODE,ids={tmdb=154523, episodeNr=6, tvdb=408782, seasonNr=1},language=中文,searchQuery=,searchYear=-1,metadataScraper=themoviedb.org,artworkScrapers=[fanart.tv, themoviedb.org, thetvdb.com],trailerScrapers=[],subtitleScrapers=[],searchResult=<null>]
2022-05-23 00:31:59,304 INFO  [tmmpool-unnamed-task-T15-G347] o.t.c.t.tasks.TvShowEpisodeScrapeTask:108 - =====================================================
2022-05-23 00:31:59,956 INFO  [tmmpool-image-download-task-T14] org.tinymediamanager.core.Utils:777 - Successfully moved file from /tmp/猪猡之王.The.King.of.Pigs.S01E04.2022.1080p.FriDay.WEB-DL.AAC2.0.H264-HDSWEB-thumb.jpg.1653237119357.part to /media/tvs/猪猡之王.The.King.of.Pigs.S01.2022.1080p.FriDay.WEB-DL.AAC2.0.H264-HDSWEB/猪猡之王.The.King.of.Pigs.S01E04.2022.1080p.FriDay.WEB-DL.AAC2.0.H264-HDSWEB-thumb.jpg
2022-05-23 00:32:00,706 INFO  [tmmpool-unnamed-task-T15-G347] o.t.c.t.tasks.TvShowEpisodeScrapeTask:105 - =====================================================
2022-05-23 00:32:00,706 INFO  [tmmpool-unnamed-task-T15-G347] o.t.c.t.tasks.TvShowEpisodeScrapeTask:106 - Scrape metadata with scraper: tmdb
2022-05-23 00:32:00,707 INFO  [tmmpool-unnamed-task-T15-G347] o.t.c.t.tasks.TvShowEpisodeScrapeTask:107 - TvShowEpisodeSearchAndScrapeOptions[type=TV_EPISODE,ids={tmdb=154523, episodeNr=7, tvdb=408782, seasonNr=1},language=中文,searchQuery=,searchYear=-1,metadataScraper=themoviedb.org,artworkScrapers=[fanart.tv, themoviedb.org, thetvdb.com],trailerScrapers=[],subtitleScrapers=[],searchResult=<null>]
2022-05-23 00:32:00,707 INFO  [tmmpool-unnamed-task-T15-G347] o.t.c.t.tasks.TvShowEpisodeScrapeTask:108 - =====================================================
2022-05-23 00:32:00,861 INFO  [tmmpool-image-download-task-T16] org.tinymediamanager.core.Utils:777 - Successfully moved file from /tmp/猪猡之王.The.King.of.Pigs.S01E05.2022.1080p.FriDay.WEB-DL.AAC2.0.H264-HDSWEB-thumb.jpg.1653237120002.part to /media/tvs/猪猡之王.The.King.of.Pigs.S01.2022.1080p.FriDay.WEB-DL.AAC2.0.H264-HDSWEB/猪猡之王.The.King.of.Pigs.S01E05.2022.1080p.FriDay.WEB-DL.AAC2.0.H264-HDSWEB-thumb.jpg
2022-05-23 00:32:02,001 INFO  [tmmpool-image-download-task-T15] org.tinymediamanager.core.Utils:777 - Successfully moved file from /tmp/猪猡之王.The.King.of.Pigs.S01E06.2022.1080p.FriDay.WEB-DL.AAC2.0.H264-HDSWEB-thumb.jpg.1653237120711.part to /media/tvs/猪猡之王.The.King.of.Pigs.S01.2022.1080p.FriDay.WEB-DL.AAC2.0.H264-HDSWEB/猪猡之王.The.King.of.Pigs.S01E06.2022.1080p.FriDay.WEB-DL.AAC2.0.H264-HDSWEB-thumb.jpg
2022-05-23 00:32:02,074 INFO  [tmmpool-unnamed-task-T15-G347] o.t.c.t.tasks.TvShowEpisodeScrapeTask:105 - =====================================================
2022-05-23 00:32:02,094 INFO  [tmmpool-unnamed-task-T15-G347] o.t.c.t.tasks.TvShowEpisodeScrapeTask:106 - Scrape metadata with scraper: tmdb
2022-05-23 00:32:02,095 INFO  [tmmpool-unnamed-task-T15-G347] o.t.c.t.tasks.TvShowEpisodeScrapeTask:107 - TvShowEpisodeSearchAndScrapeOptions[type=TV_EPISODE,ids={tmdb=154523, episodeNr=8, tvdb=408782, seasonNr=1},language=中文,searchQuery=,searchYear=-1,metadataScraper=themoviedb.org,artworkScrapers=[fanart.tv, themoviedb.org, thetvdb.com],trailerScrapers=[],subtitleScrapers=[],searchResult=<null>]
2022-05-23 00:32:02,096 INFO  [tmmpool-unnamed-task-T15-G347] o.t.c.t.tasks.TvShowEpisodeScrapeTask:108 - =====================================================
2022-05-23 00:32:02,895 INFO  [tmmpool-unnamed-task-T15-G347] o.t.c.t.tasks.TvShowEpisodeScrapeTask:105 - =====================================================
2022-05-23 00:32:02,898 INFO  [tmmpool-unnamed-task-T15-G347] o.t.c.t.tasks.TvShowEpisodeScrapeTask:106 - Scrape metadata with scraper: tmdb
2022-05-23 00:32:02,900 INFO  [tmmpool-unnamed-task-T15-G347] o.t.c.t.tasks.TvShowEpisodeScrapeTask:107 - TvShowEpisodeSearchAndScrapeOptions[type=TV_EPISODE,ids={tmdb=154523, episodeNr=9, tvdb=408782, seasonNr=1},language=中文,searchQuery=,searchYear=-1,metadataScraper=themoviedb.org,artworkScrapers=[fanart.tv, themoviedb.org, thetvdb.com],trailerScrapers=[],subtitleScrapers=[],searchResult=<null>]
2022-05-23 00:32:02,902 INFO  [tmmpool-unnamed-task-T15-G347] o.t.c.t.tasks.TvShowEpisodeScrapeTask:108 - =====================================================
2022-05-23 00:32:03,124 INFO  [tmmpool-image-download-task-T14] org.tinymediamanager.core.Utils:777 - Successfully moved file from /tmp/猪猡之王.The.King.of.Pigs.S01E07.2022.1080p.FriDay.WEB-DL.AAC2.0.H264-HDSWEB-thumb.jpg.1653237122081.part to /media/tvs/猪猡之王.The.King.of.Pigs.S01.2022.1080p.FriDay.WEB-DL.AAC2.0.H264-HDSWEB/猪猡之王.The.King.of.Pigs.S01E07.2022.1080p.FriDay.WEB-DL.AAC2.0.H264-HDSWEB-thumb.jpg
2022-05-23 00:32:03,385 INFO  [tmmpool-image-download-task-T16] org.tinymediamanager.core.Utils:777 - Successfully moved file from /tmp/猪猡之王.The.King.of.Pigs.S01E08.2022.1080p.FriDay.WEB-DL.AAC2.0.H264-HDSWEB-thumb.jpg.1653237122896.part to /media/tvs/猪猡之王.The.King.of.Pigs.S01.2022.1080p.FriDay.WEB-DL.AAC2.0.H264-HDSWEB/猪猡之王.The.King.of.Pigs.S01E08.2022.1080p.FriDay.WEB-DL.AAC2.0.H264-HDSWEB-thumb.jpg
2022-05-23 00:32:03,779 INFO  [tmmpool-unnamed-task-T15-G347] o.t.c.t.tasks.TvShowEpisodeScrapeTask:105 - =====================================================
2022-05-23 00:32:03,780 INFO  [tmmpool-unnamed-task-T15-G347] o.t.c.t.tasks.TvShowEpisodeScrapeTask:106 - Scrape metadata with scraper: tmdb
2022-05-23 00:32:03,780 INFO  [tmmpool-unnamed-task-T15-G347] o.t.c.t.tasks.TvShowEpisodeScrapeTask:107 - TvShowEpisodeSearchAndScrapeOptions[type=TV_EPISODE,ids={tmdb=154523, episodeNr=10, tvdb=408782, seasonNr=1},language=中文,searchQuery=,searchYear=-1,metadataScraper=themoviedb.org,artworkScrapers=[fanart.tv, themoviedb.org, thetvdb.com],trailerScrapers=[],subtitleScrapers=[],searchResult=<null>]
2022-05-23 00:32:03,780 INFO  [tmmpool-unnamed-task-T15-G347] o.t.c.t.tasks.TvShowEpisodeScrapeTask:108 - =====================================================
2022-05-23 00:32:04,399 INFO  [tmmpool-image-download-task-T15] org.tinymediamanager.core.Utils:777 - Successfully moved file from /tmp/猪猡之王.The.King.of.Pigs.S01E09.2022.1080p.FriDay.WEB-DL.AAC2.0.H264-HDSWEB-thumb.jpg.1653237123778.part to /media/tvs/猪猡之王.The.King.of.Pigs.S01.2022.1080p.FriDay.WEB-DL.AAC2.0.H264-HDSWEB/猪猡之王.The.King.of.Pigs.S01E09.2022.1080p.FriDay.WEB-DL.AAC2.0.H264-HDSWEB-thumb.jpg
2022-05-23 00:32:05,115 INFO  [tmmpool-unnamed-task-T15-G347] o.t.c.t.tasks.TvShowEpisodeScrapeTask:105 - =====================================================
2022-05-23 00:32:05,116 INFO  [tmmpool-unnamed-task-T15-G347] o.t.c.t.tasks.TvShowEpisodeScrapeTask:106 - Scrape metadata with scraper: tmdb
2022-05-23 00:32:05,117 INFO  [tmmpool-unnamed-task-T15-G347] o.t.c.t.tasks.TvShowEpisodeScrapeTask:107 - TvShowEpisodeSearchAndScrapeOptions[type=TV_EPISODE,ids={tmdb=154523, episodeNr=11, tvdb=408782, seasonNr=1},language=中文,searchQuery=,searchYear=-1,metadataScraper=themoviedb.org,artworkScrapers=[fanart.tv, themoviedb.org, thetvdb.com],trailerScrapers=[],subtitleScrapers=[],searchResult=<null>]
2022-05-23 00:32:05,117 INFO  [tmmpool-unnamed-task-T15-G347] o.t.c.t.tasks.TvShowEpisodeScrapeTask:108 - =====================================================
2022-05-23 00:32:05,674 INFO  [tmmpool-image-download-task-T14] org.tinymediamanager.core.Utils:777 - Successfully moved file from /tmp/猪猡之王.The.King.of.Pigs.S01E10.2022.1080p.FriDay.WEB-DL.AAC2.0.H264-HDSWEB-thumb.jpg.1653237125118.part to /media/tvs/猪猡之王.The.King.of.Pigs.S01.2022.1080p.FriDay.WEB-DL.AAC2.0.H264-HDSWEB/猪猡之王.The.King.of.Pigs.S01E10.2022.1080p.FriDay.WEB-DL.AAC2.0.H264-HDSWEB-thumb.jpg
2022-05-23 00:32:05,817 INFO  [tmmpool-unnamed-task-T15-G347] o.t.c.t.tasks.TvShowEpisodeScrapeTask:105 - =====================================================
2022-05-23 00:32:05,817 INFO  [tmmpool-unnamed-task-T15-G347] o.t.c.t.tasks.TvShowEpisodeScrapeTask:106 - Scrape metadata with scraper: tmdb
2022-05-23 00:32:05,817 INFO  [tmmpool-unnamed-task-T15-G347] o.t.c.t.tasks.TvShowEpisodeScrapeTask:107 - TvShowEpisodeSearchAndScrapeOptions[type=TV_EPISODE,ids={tmdb=154523, episodeNr=12, tvdb=408782, seasonNr=1},language=中文,searchQuery=,searchYear=-1,metadataScraper=themoviedb.org,artworkScrapers=[fanart.tv, themoviedb.org, thetvdb.com],trailerScrapers=[],subtitleScrapers=[],searchResult=<null>]
2022-05-23 00:32:05,818 INFO  [tmmpool-unnamed-task-T15-G347] o.t.c.t.tasks.TvShowEpisodeScrapeTask:108 - =====================================================
2022-05-23 00:32:06,388 INFO  [tmmpool-image-download-task-T17] org.tinymediamanager.core.Utils:777 - Successfully moved file from /tmp/猪猡之王.The.King.of.Pigs.S01E11.2022.1080p.FriDay.WEB-DL.AAC2.0.H264-HDSWEB-thumb.jpg.1653237125823.part to /media/tvs/猪猡之王.The.King.of.Pigs.S01.2022.1080p.FriDay.WEB-DL.AAC2.0.H264-HDSWEB/猪猡之王.The.King.of.Pigs.S01E11.2022.1080p.FriDay.WEB-DL.AAC2.0.H264-HDSWEB-thumb.jpg
2022-05-23 00:32:07,379 INFO  [tmmpool-image-download-task-T15] org.tinymediamanager.core.Utils:777 - Successfully moved file from /tmp/猪猡之王.The.King.of.Pigs.S01E12.2022.1080p.FriDay.WEB-DL.AAC2.0.H264-HDSWEB-thumb.jpg.1653237126626.part to /media/tvs/猪猡之王.The.King.of.Pigs.S01.2022.1080p.FriDay.WEB-DL.AAC2.0.H264-HDSWEB/猪猡之王.The.King.of.Pigs.S01E12.2022.1080p.FriDay.WEB-DL.AAC2.0.H264-HDSWEB-thumb.jpg
2022-05-23 00:32:29,971 INFO  [tmmpool-rename-T1] o.t.core.tvshow.TvShowRenamer:421 - Renaming TvShow '猪猡之王', Episode 1
2022-05-23 00:32:29,988 INFO  [tmmpool-rename-T1] org.tinymediamanager.core.Utils:777 - Successfully moved file from /media/tvs/猪猡之王.The.King.of.Pigs.S01.2022.1080p.FriDay.WEB-DL.AAC2.0.H264-HDSWEB/猪猡之王.The.King.of.Pigs.S01E01.2022.1080p.FriDay.WEB-DL.AAC2.0.H264-HDSWEB.mkv to /media/tvs/猪猡之王.The.King.of.Pigs.S01.2022.1080p.FriDay.WEB-DL.AAC2.0.H264-HDSWEB/Season 1/猪猡之王 - S01E01 - 第 1 集.mkv
2022-05-23 00:32:29,992 INFO  [tmmpool-rename-T1] o.t.core.tvshow.TvShowRenamer:1535 - copy file /media/tvs/猪猡之王.The.King.of.Pigs.S01.2022.1080p.FriDay.WEB-DL.AAC2.0.H264-HDSWEB/猪猡之王.The.King.of.Pigs.S01E01.2022.1080p.FriDay.WEB-DL.AAC2.0.H264-HDSWEB-thumb.jpg to /media/tvs/猪猡之王.The.King.of.Pigs.S01.2022.1080p.FriDay.WEB-DL.AAC2.0.H264-HDSWEB/Season 1/猪猡之王 - S01E01 - 第 1 集-thumb.jpg
2022-05-23 00:32:29,998 INFO  [tmmpool-rename-T1] org.tinymediamanager.core.Utils:893 - Successfully copied file from /media/tvs/猪猡之王.The.King.of.Pigs.S01.2022.1080p.FriDay.WEB-DL.AAC2.0.H264-HDSWEB/猪猡之王.The.King.of.Pigs.S01E01.2022.1080p.FriDay.WEB-DL.AAC2.0.H264-HDSWEB-thumb.jpg to /media/tvs/猪猡之王.The.King.of.Pigs.S01.2022.1080p.FriDay.WEB-DL.AAC2.0.H264-HDSWEB/Season 1/猪猡之王 - S01E01 - 第 1 集-thumb.jpg
2022-05-23 00:32:30,001 INFO  [tmmpool-rename-T1] o.t.core.tvshow.TvShowRenamer:1535 - copy file /media/tvs/猪猡之王.The.King.of.Pigs.S01.2022.1080p.FriDay.WEB-DL.AAC2.0.H264-HDSWEB/猪猡之王.The.King.of.Pigs.S01E01.2022.1080p.FriDay.WEB-DL.AAC2.0.H264-HDSWEB.nfo to /media/tvs/猪猡之王.The.King.of.Pigs.S01.2022.1080p.FriDay.WEB-DL.AAC2.0.H264-HDSWEB/Season 1/猪猡之王 - S01E01 - 第 1 集.nfo
2022-05-23 00:32:30,004 INFO  [tmmpool-rename-T1] org.tinymediamanager.core.Utils:893 - Successfully copied file from /media/tvs/猪猡之王.The.King.of.Pigs.S01.2022.1080p.FriDay.WEB-DL.AAC2.0.H264-HDSWEB/猪猡之王.The.King.of.Pigs.S01E01.2022.1080p.FriDay.WEB-DL.AAC2.0.H264-HDSWEB.nfo to /media/tvs/猪猡之王.The.King.of.Pigs.S01.2022.1080p.FriDay.WEB-DL.AAC2.0.H264-HDSWEB/Season 1/猪猡之王 - S01E01 - 第 1 集.nfo
2022-05-23 00:32:30,005 INFO  [tmmpool-rename-T1] o.t.core.tvshow.TvShowRenamer:582 - Cleanup...
2022-05-23 00:32:30,018 INFO  [tmmpool-rename-T1] org.tinymediamanager.core.Utils:777 - Successfully moved file from /media/tvs/猪猡之王.The.King.of.Pigs.S01.2022.1080p.FriDay.WEB-DL.AAC2.0.H264-HDSWEB/猪猡之王.The.King.of.Pigs.S01E01.2022.1080p.FriDay.WEB-DL.AAC2.0.H264-HDSWEB-thumb.jpg to /media/tvs/.deletedByTMM/猪猡之王.The.King.of.Pigs.S01.2022.1080p.FriDay.WEB-DL.AAC2.0.H264-HDSWEB/猪猡之王.The.King.of.Pigs.S01E01.2022.1080p.FriDay.WEB-DL.AAC2.0.H264-HDSWEB-thumb.jpg
2022-05-23 00:32:30,023 INFO  [tmmpool-rename-T1] org.tinymediamanager.core.Utils:777 - Successfully moved file from /media/tvs/猪猡之王.The.King.of.Pigs.S01.2022.1080p.FriDay.WEB-DL.AAC2.0.H264-HDSWEB/猪猡之王.The.King.of.Pigs.S01E01.2022.1080p.FriDay.WEB-DL.AAC2.0.H264-HDSWEB.nfo to /media/tvs/.deletedByTMM/猪猡之王.The.King.of.Pigs.S01.2022.1080p.FriDay.WEB-DL.AAC2.0.H264-HDSWEB/猪猡之王.The.King.of.Pigs.S01E01.2022.1080p.FriDay.WEB-DL.AAC2.0.H264-HDSWEB.nfo
2022-05-23 00:32:31,302 INFO  [tmmpool-rename-T1] o.t.core.tvshow.TvShowRenamer:421 - Renaming TvShow '猪猡之王', Episode 2
2022-05-23 00:32:31,323 INFO  [tmmpool-rename-T1] org.tinymediamanager.core.Utils:777 - Successfully moved file from /media/tvs/猪猡之王.The.King.of.Pigs.S01.2022.1080p.FriDay.WEB-DL.AAC2.0.H264-HDSWEB/猪猡之王.The.King.of.Pigs.S01E02.2022.1080p.FriDay.WEB-DL.AAC2.0.H264-HDSWEB.mkv to /media/tvs/猪猡之王.The.King.of.Pigs.S01.2022.1080p.FriDay.WEB-DL.AAC2.0.H264-HDSWEB/Season 1/猪猡之王 - S01E02 - 第 2 集.mkv
2022-05-23 00:32:31,327 INFO  [tmmpool-rename-T1] o.t.core.tvshow.TvShowRenamer:1535 - copy file /media/tvs/猪猡之王.The.King.of.Pigs.S01.2022.1080p.FriDay.WEB-DL.AAC2.0.H264-HDSWEB/猪猡之王.The.King.of.Pigs.S01E02.2022.1080p.FriDay.WEB-DL.AAC2.0.H264-HDSWEB-thumb.jpg to /media/tvs/猪猡之王.The.King.of.Pigs.S01.2022.1080p.FriDay.WEB-DL.AAC2.0.H264-HDSWEB/Season 1/猪猡之王 - S01E02 - 第 2 集-thumb.jpg
2022-05-23 00:32:31,335 INFO  [tmmpool-rename-T1] org.tinymediamanager.core.Utils:893 - Successfully copied file from /media/tvs/猪猡之王.The.King.of.Pigs.S01.2022.1080p.FriDay.WEB-DL.AAC2.0.H264-HDSWEB/猪猡之王.The.King.of.Pigs.S01E02.2022.1080p.FriDay.WEB-DL.AAC2.0.H264-HDSWEB-thumb.jpg to /media/tvs/猪猡之王.The.King.of.Pigs.S01.2022.1080p.FriDay.WEB-DL.AAC2.0.H264-HDSWEB/Season 1/猪猡之王 - S01E02 - 第 2 集-thumb.jpg
2022-05-23 00:32:31,337 INFO  [tmmpool-rename-T1] o.t.core.tvshow.TvShowRenamer:1535 - copy file /media/tvs/猪猡之王.The.King.of.Pigs.S01.2022.1080p.FriDay.WEB-DL.AAC2.0.H264-HDSWEB/猪猡之王.The.King.of.Pigs.S01E02.2022.1080p.FriDay.WEB-DL.AAC2.0.H264-HDSWEB.nfo to /media/tvs/猪猡之王.The.King.of.Pigs.S01.2022.1080p.FriDay.WEB-DL.AAC2.0.H264-HDSWEB/Season 1/猪猡之王 - S01E02 - 第 2 集.nfo
2022-05-23 00:32:31,341 INFO  [tmmpool-rename-T1] org.tinymediamanager.core.Utils:893 - Successfully copied file from /media/tvs/猪猡之王.The.King.of.Pigs.S01.2022.1080p.FriDay.WEB-DL.AAC2.0.H264-HDSWEB/猪猡之王.The.King.of.Pigs.S01E02.2022.1080p.FriDay.WEB-DL.AAC2.0.H264-HDSWEB.nfo to /media/tvs/猪猡之王.The.King.of.Pigs.S01.2022.1080p.FriDay.WEB-DL.AAC2.0.H264-HDSWEB/Season 1/猪猡之王 - S01E02 - 第 2 集.nfo
2022-05-23 00:32:31,342 INFO  [tmmpool-rename-T1] o.t.core.tvshow.TvShowRenamer:582 - Cleanup...
2022-05-23 00:32:31,345 INFO  [tmmpool-rename-T1] org.tinymediamanager.core.Utils:777 - Successfully moved file from /media/tvs/猪猡之王.The.King.of.Pigs.S01.2022.1080p.FriDay.WEB-DL.AAC2.0.H264-HDSWEB/猪猡之王.The.King.of.Pigs.S01E02.2022.1080p.FriDay.WEB-DL.AAC2.0.H264-HDSWEB-thumb.jpg to /media/tvs/.deletedByTMM/猪猡之王.The.King.of.Pigs.S01.2022.1080p.FriDay.WEB-DL.AAC2.0.H264-HDSWEB/猪猡之王.The.King.of.Pigs.S01E02.2022.1080p.FriDay.WEB-DL.AAC2.0.H264-HDSWEB-thumb.jpg
2022-05-23 00:32:31,364 INFO  [tmmpool-rename-T1] org.tinymediamanager.core.Utils:777 - Successfully moved file from /media/tvs/猪猡之王.The.King.of.Pigs.S01.2022.1080p.FriDay.WEB-DL.AAC2.0.H264-HDSWEB/猪猡之王.The.King.of.Pigs.S01E02.2022.1080p.FriDay.WEB-DL.AAC2.0.H264-HDSWEB.nfo to /media/tvs/.deletedByTMM/猪猡之王.The.King.of.Pigs.S01.2022.1080p.FriDay.WEB-DL.AAC2.0.H264-HDSWEB/猪猡之王.The.King.of.Pigs.S01E02.2022.1080p.FriDay.WEB-DL.AAC2.0.H264-HDSWEB.nfo
2022-05-23 00:32:32,695 INFO  [tmmpool-rename-T1] o.t.core.tvshow.TvShowRenamer:421 - Renaming TvShow '猪猡之王', Episode 3
2022-05-23 00:32:32,712 INFO  [tmmpool-rename-T1] org.tinymediamanager.core.Utils:777 - Successfully moved file from /media/tvs/猪猡之王.The.King.of.Pigs.S01.2022.1080p.FriDay.WEB-DL.AAC2.0.H264-HDSWEB/猪猡之王.The.King.of.Pigs.S01E03.2022.1080p.FriDay.WEB-DL.AAC2.0.H264-HDSWEB.mkv to /media/tvs/猪猡之王.The.King.of.Pigs.S01.2022.1080p.FriDay.WEB-DL.AAC2.0.H264-HDSWEB/Season 1/猪猡之王 - S01E03 - 第 3 集.mkv
2022-05-23 00:32:32,718 INFO  [tmmpool-rename-T1] o.t.core.tvshow.TvShowRenamer:1535 - copy file /media/tvs/猪猡之王.The.King.of.Pigs.S01.2022.1080p.FriDay.WEB-DL.AAC2.0.H264-HDSWEB/猪猡之王.The.King.of.Pigs.S01E03.2022.1080p.FriDay.WEB-DL.AAC2.0.H264-HDSWEB-thumb.jpg to /media/tvs/猪猡之王.The.King.of.Pigs.S01.2022.1080p.FriDay.WEB-DL.AAC2.0.H264-HDSWEB/Season 1/猪猡之王 - S01E03 - 第 3 集-thumb.jpg
2022-05-23 00:32:32,744 INFO  [tmmpool-rename-T1] org.tinymediamanager.core.Utils:893 - Successfully copied file from /media/tvs/猪猡之王.The.King.of.Pigs.S01.2022.1080p.FriDay.WEB-DL.AAC2.0.H264-HDSWEB/猪猡之王.The.King.of.Pigs.S01E03.2022.1080p.FriDay.WEB-DL.AAC2.0.H264-HDSWEB-thumb.jpg to /media/tvs/猪猡之王.The.King.of.Pigs.S01.2022.1080p.FriDay.WEB-DL.AAC2.0.H264-HDSWEB/Season 1/猪猡之王 - S01E03 - 第 3 集-thumb.jpg
2022-05-23 00:32:32,753 INFO  [tmmpool-rename-T1] o.t.core.tvshow.TvShowRenamer:1535 - copy file /media/tvs/猪猡之王.The.King.of.Pigs.S01.2022.1080p.FriDay.WEB-DL.AAC2.0.H264-HDSWEB/猪猡之王.The.King.of.Pigs.S01E03.2022.1080p.FriDay.WEB-DL.AAC2.0.H264-HDSWEB.nfo to /media/tvs/猪猡之王.The.King.of.Pigs.S01.2022.1080p.FriDay.WEB-DL.AAC2.0.H264-HDSWEB/Season 1/猪猡之王 - S01E03 - 第 3 集.nfo
2022-05-23 00:32:32,773 INFO  [tmmpool-rename-T1] org.tinymediamanager.core.Utils:893 - Successfully copied file from /media/tvs/猪猡之王.The.King.of.Pigs.S01.2022.1080p.FriDay.WEB-DL.AAC2.0.H264-HDSWEB/猪猡之王.The.King.of.Pigs.S01E03.2022.1080p.FriDay.WEB-DL.AAC2.0.H264-HDSWEB.nfo to /media/tvs/猪猡之王.The.King.of.Pigs.S01.2022.1080p.FriDay.WEB-DL.AAC2.0.H264-HDSWEB/Season 1/猪猡之王 - S01E03 - 第 3 集.nfo
2022-05-23 00:32:32,774 INFO  [tmmpool-rename-T1] o.t.core.tvshow.TvShowRenamer:582 - Cleanup...
2022-05-23 00:32:32,778 INFO  [tmmpool-rename-T1] org.tinymediamanager.core.Utils:777 - Successfully moved file from /media/tvs/猪猡之王.The.King.of.Pigs.S01.2022.1080p.FriDay.WEB-DL.AAC2.0.H264-HDSWEB/猪猡之王.The.King.of.Pigs.S01E03.2022.1080p.FriDay.WEB-DL.AAC2.0.H264-HDSWEB-thumb.jpg to /media/tvs/.deletedByTMM/猪猡之王.The.King.of.Pigs.S01.2022.1080p.FriDay.WEB-DL.AAC2.0.H264-HDSWEB/猪猡之王.The.King.of.Pigs.S01E03.2022.1080p.FriDay.WEB-DL.AAC2.0.H264-HDSWEB-thumb.jpg
2022-05-23 00:32:32,811 INFO  [tmmpool-rename-T1] org.tinymediamanager.core.Utils:777 - Successfully moved file from /media/tvs/猪猡之王.The.King.of.Pigs.S01.2022.1080p.FriDay.WEB-DL.AAC2.0.H264-HDSWEB/猪猡之王.The.King.of.Pigs.S01E03.2022.1080p.FriDay.WEB-DL.AAC2.0.H264-HDSWEB.nfo to /media/tvs/.deletedByTMM/猪猡之王.The.King.of.Pigs.S01.2022.1080p.FriDay.WEB-DL.AAC2.0.H264-HDSWEB/猪猡之王.The.King.of.Pigs.S01E03.2022.1080p.FriDay.WEB-DL.AAC2.0.H264-HDSWEB.nfo
2022-05-23 00:32:33,323 INFO  [tmmpool-rename-T1] o.t.core.tvshow.TvShowRenamer:421 - Renaming TvShow '猪猡之王', Episode 4
2022-05-23 00:32:33,339 INFO  [tmmpool-rename-T1] org.tinymediamanager.core.Utils:777 - Successfully moved file from /media/tvs/猪猡之王.The.King.of.Pigs.S01.2022.1080p.FriDay.WEB-DL.AAC2.0.H264-HDSWEB/猪猡之王.The.King.of.Pigs.S01E04.2022.1080p.FriDay.WEB-DL.AAC2.0.H264-HDSWEB.mkv to /media/tvs/猪猡之王.The.King.of.Pigs.S01.2022.1080p.FriDay.WEB-DL.AAC2.0.H264-HDSWEB/Season 1/猪猡之王 - S01E04 - 第 4 集.mkv
2022-05-23 00:32:33,346 INFO  [tmmpool-rename-T1] o.t.core.tvshow.TvShowRenamer:1535 - copy file /media/tvs/猪猡之王.The.King.of.Pigs.S01.2022.1080p.FriDay.WEB-DL.AAC2.0.H264-HDSWEB/猪猡之王.The.King.of.Pigs.S01E04.2022.1080p.FriDay.WEB-DL.AAC2.0.H264-HDSWEB-thumb.jpg to /media/tvs/猪猡之王.The.King.of.Pigs.S01.2022.1080p.FriDay.WEB-DL.AAC2.0.H264-HDSWEB/Season 1/猪猡之王 - S01E04 - 第 4 集-thumb.jpg
2022-05-23 00:32:33,367 INFO  [tmmpool-rename-T1] org.tinymediamanager.core.Utils:893 - Successfully copied file from /media/tvs/猪猡之王.The.King.of.Pigs.S01.2022.1080p.FriDay.WEB-DL.AAC2.0.H264-HDSWEB/猪猡之王.The.King.of.Pigs.S01E04.2022.1080p.FriDay.WEB-DL.AAC2.0.H264-HDSWEB-thumb.jpg to /media/tvs/猪猡之王.The.King.of.Pigs.S01.2022.1080p.FriDay.WEB-DL.AAC2.0.H264-HDSWEB/Season 1/猪猡之王 - S01E04 - 第 4 集-thumb.jpg
2022-05-23 00:32:33,370 INFO  [tmmpool-rename-T1] o.t.core.tvshow.TvShowRenamer:1535 - copy file /media/tvs/猪猡之王.The.King.of.Pigs.S01.2022.1080p.FriDay.WEB-DL.AAC2.0.H264-HDSWEB/猪猡之王.The.King.of.Pigs.S01E04.2022.1080p.FriDay.WEB-DL.AAC2.0.H264-HDSWEB.nfo to /media/tvs/猪猡之王.The.King.of.Pigs.S01.2022.1080p.FriDay.WEB-DL.AAC2.0.H264-HDSWEB/Season 1/猪猡之王 - S01E04 - 第 4 集.nfo
2022-05-23 00:32:33,417 INFO  [tmmpool-rename-T1] org.tinymediamanager.core.Utils:893 - Successfully copied file from /media/tvs/猪猡之王.The.King.of.Pigs.S01.2022.1080p.FriDay.WEB-DL.AAC2.0.H264-HDSWEB/猪猡之王.The.King.of.Pigs.S01E04.2022.1080p.FriDay.WEB-DL.AAC2.0.H264-HDSWEB.nfo to /media/tvs/猪猡之王.The.King.of.Pigs.S01.2022.1080p.FriDay.WEB-DL.AAC2.0.H264-HDSWEB/Season 1/猪猡之王 - S01E04 - 第 4 集.nfo
2022-05-23 00:32:33,418 INFO  [tmmpool-rename-T1] o.t.core.tvshow.TvShowRenamer:582 - Cleanup...
2022-05-23 00:32:33,444 INFO  [tmmpool-rename-T1] org.tinymediamanager.core.Utils:777 - Successfully moved file from /media/tvs/猪猡之王.The.King.of.Pigs.S01.2022.1080p.FriDay.WEB-DL.AAC2.0.H264-HDSWEB/猪猡之王.The.King.of.Pigs.S01E04.2022.1080p.FriDay.WEB-DL.AAC2.0.H264-HDSWEB-thumb.jpg to /media/tvs/.deletedByTMM/猪猡之王.The.King.of.Pigs.S01.2022.1080p.FriDay.WEB-DL.AAC2.0.H264-HDSWEB/猪猡之王.The.King.of.Pigs.S01E04.2022.1080p.FriDay.WEB-DL.AAC2.0.H264-HDSWEB-thumb.jpg
2022-05-23 00:32:33,451 INFO  [tmmpool-rename-T1] org.tinymediamanager.core.Utils:777 - Successfully moved file from /media/tvs/猪猡之王.The.King.of.Pigs.S01.2022.1080p.FriDay.WEB-DL.AAC2.0.H264-HDSWEB/猪猡之王.The.King.of.Pigs.S01E04.2022.1080p.FriDay.WEB-DL.AAC2.0.H264-HDSWEB.nfo to /media/tvs/.deletedByTMM/猪猡之王.The.King.of.Pigs.S01.2022.1080p.FriDay.WEB-DL.AAC2.0.H264-HDSWEB/猪猡之王.The.King.of.Pigs.S01E04.2022.1080p.FriDay.WEB-DL.AAC2.0.H264-HDSWEB.nfo
2022-05-23 00:32:33,708 INFO  [tmmpool-rename-T1] o.t.core.tvshow.TvShowRenamer:421 - Renaming TvShow '猪猡之王', Episode 5
2022-05-23 00:32:33,716 INFO  [tmmpool-rename-T1] org.tinymediamanager.core.Utils:777 - Successfully moved file from /media/tvs/猪猡之王.The.King.of.Pigs.S01.2022.1080p.FriDay.WEB-DL.AAC2.0.H264-HDSWEB/猪猡之王.The.King.of.Pigs.S01E05.2022.1080p.FriDay.WEB-DL.AAC2.0.H264-HDSWEB.mkv to /media/tvs/猪猡之王.The.King.of.Pigs.S01.2022.1080p.FriDay.WEB-DL.AAC2.0.H264-HDSWEB/Season 1/猪猡之王 - S01E05 - 第 5 集.mkv
2022-05-23 00:32:33,724 INFO  [tmmpool-rename-T1] o.t.core.tvshow.TvShowRenamer:1535 - copy file /media/tvs/猪猡之王.The.King.of.Pigs.S01.2022.1080p.FriDay.WEB-DL.AAC2.0.H264-HDSWEB/猪猡之王.The.King.of.Pigs.S01E05.2022.1080p.FriDay.WEB-DL.AAC2.0.H264-HDSWEB-thumb.jpg to /media/tvs/猪猡之王.The.King.of.Pigs.S01.2022.1080p.FriDay.WEB-DL.AAC2.0.H264-HDSWEB/Season 1/猪猡之王 - S01E05 - 第 5 集-thumb.jpg
2022-05-23 00:32:33,731 INFO  [tmmpool-rename-T1] org.tinymediamanager.core.Utils:893 - Successfully copied file from /media/tvs/猪猡之王.The.King.of.Pigs.S01.2022.1080p.FriDay.WEB-DL.AAC2.0.H264-HDSWEB/猪猡之王.The.King.of.Pigs.S01E05.2022.1080p.FriDay.WEB-DL.AAC2.0.H264-HDSWEB-thumb.jpg to /media/tvs/猪猡之王.The.King.of.Pigs.S01.2022.1080p.FriDay.WEB-DL.AAC2.0.H264-HDSWEB/Season 1/猪猡之王 - S01E05 - 第 5 集-thumb.jpg
2022-05-23 00:32:33,739 INFO  [tmmpool-rename-T1] o.t.core.tvshow.TvShowRenamer:1535 - copy file /media/tvs/猪猡之王.The.King.of.Pigs.S01.2022.1080p.FriDay.WEB-DL.AAC2.0.H264-HDSWEB/猪猡之王.The.King.of.Pigs.S01E05.2022.1080p.FriDay.WEB-DL.AAC2.0.H264-HDSWEB.nfo to /media/tvs/猪猡之王.The.King.of.Pigs.S01.2022.1080p.FriDay.WEB-DL.AAC2.0.H264-HDSWEB/Season 1/猪猡之王 - S01E05 - 第 5 集.nfo
2022-05-23 00:32:33,745 INFO  [tmmpool-rename-T1] org.tinymediamanager.core.Utils:893 - Successfully copied file from /media/tvs/猪猡之王.The.King.of.Pigs.S01.2022.1080p.FriDay.WEB-DL.AAC2.0.H264-HDSWEB/猪猡之王.The.King.of.Pigs.S01E05.2022.1080p.FriDay.WEB-DL.AAC2.0.H264-HDSWEB.nfo to /media/tvs/猪猡之王.The.King.of.Pigs.S01.2022.1080p.FriDay.WEB-DL.AAC2.0.H264-HDSWEB/Season 1/猪猡之王 - S01E05 - 第 5 集.nfo
2022-05-23 00:32:33,747 INFO  [tmmpool-rename-T1] o.t.core.tvshow.TvShowRenamer:582 - Cleanup...
2022-05-23 00:32:33,757 INFO  [tmmpool-rename-T1] org.tinymediamanager.core.Utils:777 - Successfully moved file from /media/tvs/猪猡之王.The.King.of.Pigs.S01.2022.1080p.FriDay.WEB-DL.AAC2.0.H264-HDSWEB/猪猡之王.The.King.of.Pigs.S01E05.2022.1080p.FriDay.WEB-DL.AAC2.0.H264-HDSWEB-thumb.jpg to /media/tvs/.deletedByTMM/猪猡之王.The.King.of.Pigs.S01.2022.1080p.FriDay.WEB-DL.AAC2.0.H264-HDSWEB/猪猡之王.The.King.of.Pigs.S01E05.2022.1080p.FriDay.WEB-DL.AAC2.0.H264-HDSWEB-thumb.jpg
2022-05-23 00:32:33,777 INFO  [tmmpool-rename-T1] org.tinymediamanager.core.Utils:777 - Successfully moved file from /media/tvs/猪猡之王.The.King.of.Pigs.S01.2022.1080p.FriDay.WEB-DL.AAC2.0.H264-HDSWEB/猪猡之王.The.King.of.Pigs.S01E05.2022.1080p.FriDay.WEB-DL.AAC2.0.H264-HDSWEB.nfo to /media/tvs/.deletedByTMM/猪猡之王.The.King.of.Pigs.S01.2022.1080p.FriDay.WEB-DL.AAC2.0.H264-HDSWEB/猪猡之王.The.King.of.Pigs.S01E05.2022.1080p.FriDay.WEB-DL.AAC2.0.H264-HDSWEB.nfo
2022-05-23 00:32:34,196 INFO  [tmmpool-rename-T1] o.t.core.tvshow.TvShowRenamer:421 - Renaming TvShow '猪猡之王', Episode 6
2022-05-23 00:32:34,203 INFO  [tmmpool-rename-T1] org.tinymediamanager.core.Utils:777 - Successfully moved file from /media/tvs/猪猡之王.The.King.of.Pigs.S01.2022.1080p.FriDay.WEB-DL.AAC2.0.H264-HDSWEB/猪猡之王.The.King.of.Pigs.S01E06.2022.1080p.FriDay.WEB-DL.AAC2.0.H264-HDSWEB.mkv to /media/tvs/猪猡之王.The.King.of.Pigs.S01.2022.1080p.FriDay.WEB-DL.AAC2.0.H264-HDSWEB/Season 1/猪猡之王 - S01E06 - 第 6 集.mkv
2022-05-23 00:32:34,206 INFO  [tmmpool-rename-T1] o.t.core.tvshow.TvShowRenamer:1535 - copy file /media/tvs/猪猡之王.The.King.of.Pigs.S01.2022.1080p.FriDay.WEB-DL.AAC2.0.H264-HDSWEB/猪猡之王.The.King.of.Pigs.S01E06.2022.1080p.FriDay.WEB-DL.AAC2.0.H264-HDSWEB-thumb.jpg to /media/tvs/猪猡之王.The.King.of.Pigs.S01.2022.1080p.FriDay.WEB-DL.AAC2.0.H264-HDSWEB/Season 1/猪猡之王 - S01E06 - 第 6 集-thumb.jpg
2022-05-23 00:32:34,210 INFO  [tmmpool-rename-T1] org.tinymediamanager.core.Utils:893 - Successfully copied file from /media/tvs/猪猡之王.The.King.of.Pigs.S01.2022.1080p.FriDay.WEB-DL.AAC2.0.H264-HDSWEB/猪猡之王.The.King.of.Pigs.S01E06.2022.1080p.FriDay.WEB-DL.AAC2.0.H264-HDSWEB-thumb.jpg to /media/tvs/猪猡之王.The.King.of.Pigs.S01.2022.1080p.FriDay.WEB-DL.AAC2.0.H264-HDSWEB/Season 1/猪猡之王 - S01E06 - 第 6 集-thumb.jpg
2022-05-23 00:32:34,214 INFO  [tmmpool-rename-T1] o.t.core.tvshow.TvShowRenamer:1535 - copy file /media/tvs/猪猡之王.The.King.of.Pigs.S01.2022.1080p.FriDay.WEB-DL.AAC2.0.H264-HDSWEB/猪猡之王.The.King.of.Pigs.S01E06.2022.1080p.FriDay.WEB-DL.AAC2.0.H264-HDSWEB.nfo to /media/tvs/猪猡之王.The.King.of.Pigs.S01.2022.1080p.FriDay.WEB-DL.AAC2.0.H264-HDSWEB/Season 1/猪猡之王 - S01E06 - 第 6 集.nfo
2022-05-23 00:32:34,216 INFO  [tmmpool-rename-T1] org.tinymediamanager.core.Utils:893 - Successfully copied file from /media/tvs/猪猡之王.The.King.of.Pigs.S01.2022.1080p.FriDay.WEB-DL.AAC2.0.H264-HDSWEB/猪猡之王.The.King.of.Pigs.S01E06.2022.1080p.FriDay.WEB-DL.AAC2.0.H264-HDSWEB.nfo to /media/tvs/猪猡之王.The.King.of.Pigs.S01.2022.1080p.FriDay.WEB-DL.AAC2.0.H264-HDSWEB/Season 1/猪猡之王 - S01E06 - 第 6 集.nfo
2022-05-23 00:32:34,217 INFO  [tmmpool-rename-T1] o.t.core.tvshow.TvShowRenamer:582 - Cleanup...
2022-05-23 00:32:34,220 INFO  [tmmpool-rename-T1] org.tinymediamanager.core.Utils:777 - Successfully moved file from /media/tvs/猪猡之王.The.King.of.Pigs.S01.2022.1080p.FriDay.WEB-DL.AAC2.0.H264-HDSWEB/猪猡之王.The.King.of.Pigs.S01E06.2022.1080p.FriDay.WEB-DL.AAC2.0.H264-HDSWEB-thumb.jpg to /media/tvs/.deletedByTMM/猪猡之王.The.King.of.Pigs.S01.2022.1080p.FriDay.WEB-DL.AAC2.0.H264-HDSWEB/猪猡之王.The.King.of.Pigs.S01E06.2022.1080p.FriDay.WEB-DL.AAC2.0.H264-HDSWEB-thumb.jpg
2022-05-23 00:32:34,224 INFO  [tmmpool-rename-T1] org.tinymediamanager.core.Utils:777 - Successfully moved file from /media/tvs/猪猡之王.The.King.of.Pigs.S01.2022.1080p.FriDay.WEB-DL.AAC2.0.H264-HDSWEB/猪猡之王.The.King.of.Pigs.S01E06.2022.1080p.FriDay.WEB-DL.AAC2.0.H264-HDSWEB.nfo to /media/tvs/.deletedByTMM/猪猡之王.The.King.of.Pigs.S01.2022.1080p.FriDay.WEB-DL.AAC2.0.H264-HDSWEB/猪猡之王.The.King.of.Pigs.S01E06.2022.1080p.FriDay.WEB-DL.AAC2.0.H264-HDSWEB.nfo
2022-05-23 00:32:34,419 INFO  [tmmpool-rename-T1] o.t.core.tvshow.TvShowRenamer:421 - Renaming TvShow '猪猡之王', Episode 7
2022-05-23 00:32:34,431 INFO  [tmmpool-rename-T1] org.tinymediamanager.core.Utils:777 - Successfully moved file from /media/tvs/猪猡之王.The.King.of.Pigs.S01.2022.1080p.FriDay.WEB-DL.AAC2.0.H264-HDSWEB/猪猡之王.The.King.of.Pigs.S01E07.2022.1080p.FriDay.WEB-DL.AAC2.0.H264-HDSWEB.mkv to /media/tvs/猪猡之王.The.King.of.Pigs.S01.2022.1080p.FriDay.WEB-DL.AAC2.0.H264-HDSWEB/Season 1/猪猡之王 - S01E07 - 第 7 集.mkv
2022-05-23 00:32:34,435 INFO  [tmmpool-rename-T1] o.t.core.tvshow.TvShowRenamer:1535 - copy file /media/tvs/猪猡之王.The.King.of.Pigs.S01.2022.1080p.FriDay.WEB-DL.AAC2.0.H264-HDSWEB/猪猡之王.The.King.of.Pigs.S01E07.2022.1080p.FriDay.WEB-DL.AAC2.0.H264-HDSWEB-thumb.jpg to /media/tvs/猪猡之王.The.King.of.Pigs.S01.2022.1080p.FriDay.WEB-DL.AAC2.0.H264-HDSWEB/Season 1/猪猡之王 - S01E07 - 第 7 集-thumb.jpg
2022-05-23 00:32:34,439 INFO  [tmmpool-rename-T1] org.tinymediamanager.core.Utils:893 - Successfully copied file from /media/tvs/猪猡之王.The.King.of.Pigs.S01.2022.1080p.FriDay.WEB-DL.AAC2.0.H264-HDSWEB/猪猡之王.The.King.of.Pigs.S01E07.2022.1080p.FriDay.WEB-DL.AAC2.0.H264-HDSWEB-thumb.jpg to /media/tvs/猪猡之王.The.King.of.Pigs.S01.2022.1080p.FriDay.WEB-DL.AAC2.0.H264-HDSWEB/Season 1/猪猡之王 - S01E07 - 第 7 集-thumb.jpg
2022-05-23 00:32:34,442 INFO  [tmmpool-rename-T1] o.t.core.tvshow.TvShowRenamer:1535 - copy file /media/tvs/猪猡之王.The.King.of.Pigs.S01.2022.1080p.FriDay.WEB-DL.AAC2.0.H264-HDSWEB/猪猡之王.The.King.of.Pigs.S01E07.2022.1080p.FriDay.WEB-DL.AAC2.0.H264-HDSWEB.nfo to /media/tvs/猪猡之王.The.King.of.Pigs.S01.2022.1080p.FriDay.WEB-DL.AAC2.0.H264-HDSWEB/Season 1/猪猡之王 - S01E07 - 第 7 集.nfo
2022-05-23 00:32:34,448 INFO  [tmmpool-rename-T1] org.tinymediamanager.core.Utils:893 - Successfully copied file from /media/tvs/猪猡之王.The.King.of.Pigs.S01.2022.1080p.FriDay.WEB-DL.AAC2.0.H264-HDSWEB/猪猡之王.The.King.of.Pigs.S01E07.2022.1080p.FriDay.WEB-DL.AAC2.0.H264-HDSWEB.nfo to /media/tvs/猪猡之王.The.King.of.Pigs.S01.2022.1080p.FriDay.WEB-DL.AAC2.0.H264-HDSWEB/Season 1/猪猡之王 - S01E07 - 第 7 集.nfo
2022-05-23 00:32:34,449 INFO  [tmmpool-rename-T1] o.t.core.tvshow.TvShowRenamer:582 - Cleanup...
2022-05-23 00:32:34,455 INFO  [tmmpool-rename-T1] org.tinymediamanager.core.Utils:777 - Successfully moved file from /media/tvs/猪猡之王.The.King.of.Pigs.S01.2022.1080p.FriDay.WEB-DL.AAC2.0.H264-HDSWEB/猪猡之王.The.King.of.Pigs.S01E07.2022.1080p.FriDay.WEB-DL.AAC2.0.H264-HDSWEB-thumb.jpg to /media/tvs/.deletedByTMM/猪猡之王.The.King.of.Pigs.S01.2022.1080p.FriDay.WEB-DL.AAC2.0.H264-HDSWEB/猪猡之王.The.King.of.Pigs.S01E07.2022.1080p.FriDay.WEB-DL.AAC2.0.H264-HDSWEB-thumb.jpg
2022-05-23 00:32:34,465 INFO  [tmmpool-rename-T1] org.tinymediamanager.core.Utils:777 - Successfully moved file from /media/tvs/猪猡之王.The.King.of.Pigs.S01.2022.1080p.FriDay.WEB-DL.AAC2.0.H264-HDSWEB/猪猡之王.The.King.of.Pigs.S01E07.2022.1080p.FriDay.WEB-DL.AAC2.0.H264-HDSWEB.nfo to /media/tvs/.deletedByTMM/猪猡之王.The.King.of.Pigs.S01.2022.1080p.FriDay.WEB-DL.AAC2.0.H264-HDSWEB/猪猡之王.The.King.of.Pigs.S01E07.2022.1080p.FriDay.WEB-DL.AAC2.0.H264-HDSWEB.nfo
2022-05-23 00:32:34,675 INFO  [tmmpool-rename-T1] o.t.core.tvshow.TvShowRenamer:421 - Renaming TvShow '猪猡之王', Episode 8
2022-05-23 00:32:34,681 INFO  [tmmpool-rename-T1] org.tinymediamanager.core.Utils:777 - Successfully moved file from /media/tvs/猪猡之王.The.King.of.Pigs.S01.2022.1080p.FriDay.WEB-DL.AAC2.0.H264-HDSWEB/猪猡之王.The.King.of.Pigs.S01E08.2022.1080p.FriDay.WEB-DL.AAC2.0.H264-HDSWEB.mkv to /media/tvs/猪猡之王.The.King.of.Pigs.S01.2022.1080p.FriDay.WEB-DL.AAC2.0.H264-HDSWEB/Season 1/猪猡之王 - S01E08 - 第 8 集.mkv
2022-05-23 00:32:34,684 INFO  [tmmpool-rename-T1] o.t.core.tvshow.TvShowRenamer:1535 - copy file /media/tvs/猪猡之王.The.King.of.Pigs.S01.2022.1080p.FriDay.WEB-DL.AAC2.0.H264-HDSWEB/猪猡之王.The.King.of.Pigs.S01E08.2022.1080p.FriDay.WEB-DL.AAC2.0.H264-HDSWEB-thumb.jpg to /media/tvs/猪猡之王.The.King.of.Pigs.S01.2022.1080p.FriDay.WEB-DL.AAC2.0.H264-HDSWEB/Season 1/猪猡之王 - S01E08 - 第 8 集-thumb.jpg
2022-05-23 00:32:34,689 INFO  [tmmpool-rename-T1] org.tinymediamanager.core.Utils:893 - Successfully copied file from /media/tvs/猪猡之王.The.King.of.Pigs.S01.2022.1080p.FriDay.WEB-DL.AAC2.0.H264-HDSWEB/猪猡之王.The.King.of.Pigs.S01E08.2022.1080p.FriDay.WEB-DL.AAC2.0.H264-HDSWEB-thumb.jpg to /media/tvs/猪猡之王.The.King.of.Pigs.S01.2022.1080p.FriDay.WEB-DL.AAC2.0.H264-HDSWEB/Season 1/猪猡之王 - S01E08 - 第 8 集-thumb.jpg
2022-05-23 00:32:34,692 INFO  [tmmpool-rename-T1] o.t.core.tvshow.TvShowRenamer:1535 - copy file /media/tvs/猪猡之王.The.King.of.Pigs.S01.2022.1080p.FriDay.WEB-DL.AAC2.0.H264-HDSWEB/猪猡之王.The.King.of.Pigs.S01E08.2022.1080p.FriDay.WEB-DL.AAC2.0.H264-HDSWEB.nfo to /media/tvs/猪猡之王.The.King.of.Pigs.S01.2022.1080p.FriDay.WEB-DL.AAC2.0.H264-HDSWEB/Season 1/猪猡之王 - S01E08 - 第 8 集.nfo
2022-05-23 00:32:34,698 INFO  [tmmpool-rename-T1] org.tinymediamanager.core.Utils:893 - Successfully copied file from /media/tvs/猪猡之王.The.King.of.Pigs.S01.2022.1080p.FriDay.WEB-DL.AAC2.0.H264-HDSWEB/猪猡之王.The.King.of.Pigs.S01E08.2022.1080p.FriDay.WEB-DL.AAC2.0.H264-HDSWEB.nfo to /media/tvs/猪猡之王.The.King.of.Pigs.S01.2022.1080p.FriDay.WEB-DL.AAC2.0.H264-HDSWEB/Season 1/猪猡之王 - S01E08 - 第 8 集.nfo
2022-05-23 00:32:34,699 INFO  [tmmpool-rename-T1] o.t.core.tvshow.TvShowRenamer:582 - Cleanup...
2022-05-23 00:32:34,702 INFO  [tmmpool-rename-T1] org.tinymediamanager.core.Utils:777 - Successfully moved file from /media/tvs/猪猡之王.The.King.of.Pigs.S01.2022.1080p.FriDay.WEB-DL.AAC2.0.H264-HDSWEB/猪猡之王.The.King.of.Pigs.S01E08.2022.1080p.FriDay.WEB-DL.AAC2.0.H264-HDSWEB-thumb.jpg to /media/tvs/.deletedByTMM/猪猡之王.The.King.of.Pigs.S01.2022.1080p.FriDay.WEB-DL.AAC2.0.H264-HDSWEB/猪猡之王.The.King.of.Pigs.S01E08.2022.1080p.FriDay.WEB-DL.AAC2.0.H264-HDSWEB-thumb.jpg
2022-05-23 00:32:34,707 INFO  [tmmpool-rename-T1] org.tinymediamanager.core.Utils:777 - Successfully moved file from /media/tvs/猪猡之王.The.King.of.Pigs.S01.2022.1080p.FriDay.WEB-DL.AAC2.0.H264-HDSWEB/猪猡之王.The.King.of.Pigs.S01E08.2022.1080p.FriDay.WEB-DL.AAC2.0.H264-HDSWEB.nfo to /media/tvs/.deletedByTMM/猪猡之王.The.King.of.Pigs.S01.2022.1080p.FriDay.WEB-DL.AAC2.0.H264-HDSWEB/猪猡之王.The.King.of.Pigs.S01E08.2022.1080p.FriDay.WEB-DL.AAC2.0.H264-HDSWEB.nfo
2022-05-23 00:32:35,091 INFO  [tmmpool-rename-T1] o.t.core.tvshow.TvShowRenamer:421 - Renaming TvShow '猪猡之王', Episode 9
2022-05-23 00:32:35,097 INFO  [tmmpool-rename-T1] org.tinymediamanager.core.Utils:777 - Successfully moved file from /media/tvs/猪猡之王.The.King.of.Pigs.S01.2022.1080p.FriDay.WEB-DL.AAC2.0.H264-HDSWEB/猪猡之王.The.King.of.Pigs.S01E09.2022.1080p.FriDay.WEB-DL.AAC2.0.H264-HDSWEB.mkv to /media/tvs/猪猡之王.The.King.of.Pigs.S01.2022.1080p.FriDay.WEB-DL.AAC2.0.H264-HDSWEB/Season 1/猪猡之王 - S01E09 - 第 9 集.mkv
2022-05-23 00:32:35,100 INFO  [tmmpool-rename-T1] o.t.core.tvshow.TvShowRenamer:1535 - copy file /media/tvs/猪猡之王.The.King.of.Pigs.S01.2022.1080p.FriDay.WEB-DL.AAC2.0.H264-HDSWEB/猪猡之王.The.King.of.Pigs.S01E09.2022.1080p.FriDay.WEB-DL.AAC2.0.H264-HDSWEB-thumb.jpg to /media/tvs/猪猡之王.The.King.of.Pigs.S01.2022.1080p.FriDay.WEB-DL.AAC2.0.H264-HDSWEB/Season 1/猪猡之王 - S01E09 - 第 9 集-thumb.jpg
2022-05-23 00:32:35,110 INFO  [tmmpool-rename-T1] org.tinymediamanager.core.Utils:893 - Successfully copied file from /media/tvs/猪猡之王.The.King.of.Pigs.S01.2022.1080p.FriDay.WEB-DL.AAC2.0.H264-HDSWEB/猪猡之王.The.King.of.Pigs.S01E09.2022.1080p.FriDay.WEB-DL.AAC2.0.H264-HDSWEB-thumb.jpg to /media/tvs/猪猡之王.The.King.of.Pigs.S01.2022.1080p.FriDay.WEB-DL.AAC2.0.H264-HDSWEB/Season 1/猪猡之王 - S01E09 - 第 9 集-thumb.jpg
2022-05-23 00:32:35,115 INFO  [tmmpool-rename-T1] o.t.core.tvshow.TvShowRenamer:1535 - copy file /media/tvs/猪猡之王.The.King.of.Pigs.S01.2022.1080p.FriDay.WEB-DL.AAC2.0.H264-HDSWEB/猪猡之王.The.King.of.Pigs.S01E09.2022.1080p.FriDay.WEB-DL.AAC2.0.H264-HDSWEB.nfo to /media/tvs/猪猡之王.The.King.of.Pigs.S01.2022.1080p.FriDay.WEB-DL.AAC2.0.H264-HDSWEB/Season 1/猪猡之王 - S01E09 - 第 9 集.nfo
2022-05-23 00:32:35,122 INFO  [tmmpool-rename-T1] org.tinymediamanager.core.Utils:893 - Successfully copied file from /media/tvs/猪猡之王.The.King.of.Pigs.S01.2022.1080p.FriDay.WEB-DL.AAC2.0.H264-HDSWEB/猪猡之王.The.King.of.Pigs.S01E09.2022.1080p.FriDay.WEB-DL.AAC2.0.H264-HDSWEB.nfo to /media/tvs/猪猡之王.The.King.of.Pigs.S01.2022.1080p.FriDay.WEB-DL.AAC2.0.H264-HDSWEB/Season 1/猪猡之王 - S01E09 - 第 9 集.nfo
2022-05-23 00:32:35,123 INFO  [tmmpool-rename-T1] o.t.core.tvshow.TvShowRenamer:582 - Cleanup...
2022-05-23 00:32:35,128 INFO  [tmmpool-rename-T1] org.tinymediamanager.core.Utils:777 - Successfully moved file from /media/tvs/猪猡之王.The.King.of.Pigs.S01.2022.1080p.FriDay.WEB-DL.AAC2.0.H264-HDSWEB/猪猡之王.The.King.of.Pigs.S01E09.2022.1080p.FriDay.WEB-DL.AAC2.0.H264-HDSWEB-thumb.jpg to /media/tvs/.deletedByTMM/猪猡之王.The.King.of.Pigs.S01.2022.1080p.FriDay.WEB-DL.AAC2.0.H264-HDSWEB/猪猡之王.The.King.of.Pigs.S01E09.2022.1080p.FriDay.WEB-DL.AAC2.0.H264-HDSWEB-thumb.jpg
2022-05-23 00:32:35,131 INFO  [tmmpool-rename-T1] org.tinymediamanager.core.Utils:777 - Successfully moved file from /media/tvs/猪猡之王.The.King.of.Pigs.S01.2022.1080p.FriDay.WEB-DL.AAC2.0.H264-HDSWEB/猪猡之王.The.King.of.Pigs.S01E09.2022.1080p.FriDay.WEB-DL.AAC2.0.H264-HDSWEB.nfo to /media/tvs/.deletedByTMM/猪猡之王.The.King.of.Pigs.S01.2022.1080p.FriDay.WEB-DL.AAC2.0.H264-HDSWEB/猪猡之王.The.King.of.Pigs.S01E09.2022.1080p.FriDay.WEB-DL.AAC2.0.H264-HDSWEB.nfo
2022-05-23 00:32:35,423 INFO  [tmmpool-rename-T1] o.t.core.tvshow.TvShowRenamer:421 - Renaming TvShow '猪猡之王', Episode 10
2022-05-23 00:32:35,434 INFO  [tmmpool-rename-T1] org.tinymediamanager.core.Utils:777 - Successfully moved file from /media/tvs/猪猡之王.The.King.of.Pigs.S01.2022.1080p.FriDay.WEB-DL.AAC2.0.H264-HDSWEB/猪猡之王.The.King.of.Pigs.S01E10.2022.1080p.FriDay.WEB-DL.AAC2.0.H264-HDSWEB.mkv to /media/tvs/猪猡之王.The.King.of.Pigs.S01.2022.1080p.FriDay.WEB-DL.AAC2.0.H264-HDSWEB/Season 1/猪猡之王 - S01E10 - 第 10 集.mkv
2022-05-23 00:32:35,438 INFO  [tmmpool-rename-T1] o.t.core.tvshow.TvShowRenamer:1535 - copy file /media/tvs/猪猡之王.The.King.of.Pigs.S01.2022.1080p.FriDay.WEB-DL.AAC2.0.H264-HDSWEB/猪猡之王.The.King.of.Pigs.S01E10.2022.1080p.FriDay.WEB-DL.AAC2.0.H264-HDSWEB-thumb.jpg to /media/tvs/猪猡之王.The.King.of.Pigs.S01.2022.1080p.FriDay.WEB-DL.AAC2.0.H264-HDSWEB/Season 1/猪猡之王 - S01E10 - 第 10 集-thumb.jpg
2022-05-23 00:32:35,443 INFO  [tmmpool-rename-T1] org.tinymediamanager.core.Utils:893 - Successfully copied file from /media/tvs/猪猡之王.The.King.of.Pigs.S01.2022.1080p.FriDay.WEB-DL.AAC2.0.H264-HDSWEB/猪猡之王.The.King.of.Pigs.S01E10.2022.1080p.FriDay.WEB-DL.AAC2.0.H264-HDSWEB-thumb.jpg to /media/tvs/猪猡之王.The.King.of.Pigs.S01.2022.1080p.FriDay.WEB-DL.AAC2.0.H264-HDSWEB/Season 1/猪猡之王 - S01E10 - 第 10 集-thumb.jpg
2022-05-23 00:32:35,448 INFO  [tmmpool-rename-T1] o.t.core.tvshow.TvShowRenamer:1535 - copy file /media/tvs/猪猡之王.The.King.of.Pigs.S01.2022.1080p.FriDay.WEB-DL.AAC2.0.H264-HDSWEB/猪猡之王.The.King.of.Pigs.S01E10.2022.1080p.FriDay.WEB-DL.AAC2.0.H264-HDSWEB.nfo to /media/tvs/猪猡之王.The.King.of.Pigs.S01.2022.1080p.FriDay.WEB-DL.AAC2.0.H264-HDSWEB/Season 1/猪猡之王 - S01E10 - 第 10 集.nfo
2022-05-23 00:32:35,453 INFO  [tmmpool-rename-T1] org.tinymediamanager.core.Utils:893 - Successfully copied file from /media/tvs/猪猡之王.The.King.of.Pigs.S01.2022.1080p.FriDay.WEB-DL.AAC2.0.H264-HDSWEB/猪猡之王.The.King.of.Pigs.S01E10.2022.1080p.FriDay.WEB-DL.AAC2.0.H264-HDSWEB.nfo to /media/tvs/猪猡之王.The.King.of.Pigs.S01.2022.1080p.FriDay.WEB-DL.AAC2.0.H264-HDSWEB/Season 1/猪猡之王 - S01E10 - 第 10 集.nfo
2022-05-23 00:32:35,454 INFO  [tmmpool-rename-T1] o.t.core.tvshow.TvShowRenamer:582 - Cleanup...
2022-05-23 00:32:35,463 INFO  [tmmpool-rename-T1] org.tinymediamanager.core.Utils:777 - Successfully moved file from /media/tvs/猪猡之王.The.King.of.Pigs.S01.2022.1080p.FriDay.WEB-DL.AAC2.0.H264-HDSWEB/猪猡之王.The.King.of.Pigs.S01E10.2022.1080p.FriDay.WEB-DL.AAC2.0.H264-HDSWEB-thumb.jpg to /media/tvs/.deletedByTMM/猪猡之王.The.King.of.Pigs.S01.2022.1080p.FriDay.WEB-DL.AAC2.0.H264-HDSWEB/猪猡之王.The.King.of.Pigs.S01E10.2022.1080p.FriDay.WEB-DL.AAC2.0.H264-HDSWEB-thumb.jpg
2022-05-23 00:32:35,466 INFO  [tmmpool-rename-T1] org.tinymediamanager.core.Utils:777 - Successfully moved file from /media/tvs/猪猡之王.The.King.of.Pigs.S01.2022.1080p.FriDay.WEB-DL.AAC2.0.H264-HDSWEB/猪猡之王.The.King.of.Pigs.S01E10.2022.1080p.FriDay.WEB-DL.AAC2.0.H264-HDSWEB.nfo to /media/tvs/.deletedByTMM/猪猡之王.The.King.of.Pigs.S01.2022.1080p.FriDay.WEB-DL.AAC2.0.H264-HDSWEB/猪猡之王.The.King.of.Pigs.S01E10.2022.1080p.FriDay.WEB-DL.AAC2.0.H264-HDSWEB.nfo
2022-05-23 00:32:35,865 INFO  [tmmpool-rename-T1] o.t.core.tvshow.TvShowRenamer:421 - Renaming TvShow '猪猡之王', Episode 11
2022-05-23 00:32:35,876 INFO  [tmmpool-rename-T1] org.tinymediamanager.core.Utils:777 - Successfully moved file from /media/tvs/猪猡之王.The.King.of.Pigs.S01.2022.1080p.FriDay.WEB-DL.AAC2.0.H264-HDSWEB/猪猡之王.The.King.of.Pigs.S01E11.2022.1080p.FriDay.WEB-DL.AAC2.0.H264-HDSWEB.mkv to /media/tvs/猪猡之王.The.King.of.Pigs.S01.2022.1080p.FriDay.WEB-DL.AAC2.0.H264-HDSWEB/Season 1/猪猡之王 - S01E11 - 第 11 集.mkv
2022-05-23 00:32:35,879 INFO  [tmmpool-rename-T1] o.t.core.tvshow.TvShowRenamer:1535 - copy file /media/tvs/猪猡之王.The.King.of.Pigs.S01.2022.1080p.FriDay.WEB-DL.AAC2.0.H264-HDSWEB/猪猡之王.The.King.of.Pigs.S01E11.2022.1080p.FriDay.WEB-DL.AAC2.0.H264-HDSWEB-thumb.jpg to /media/tvs/猪猡之王.The.King.of.Pigs.S01.2022.1080p.FriDay.WEB-DL.AAC2.0.H264-HDSWEB/Season 1/猪猡之王 - S01E11 - 第 11 集-thumb.jpg
2022-05-23 00:32:35,902 INFO  [tmmpool-rename-T1] org.tinymediamanager.core.Utils:893 - Successfully copied file from /media/tvs/猪猡之王.The.King.of.Pigs.S01.2022.1080p.FriDay.WEB-DL.AAC2.0.H264-HDSWEB/猪猡之王.The.King.of.Pigs.S01E11.2022.1080p.FriDay.WEB-DL.AAC2.0.H264-HDSWEB-thumb.jpg to /media/tvs/猪猡之王.The.King.of.Pigs.S01.2022.1080p.FriDay.WEB-DL.AAC2.0.H264-HDSWEB/Season 1/猪猡之王 - S01E11 - 第 11 集-thumb.jpg
2022-05-23 00:32:35,905 INFO  [tmmpool-rename-T1] o.t.core.tvshow.TvShowRenamer:1535 - copy file /media/tvs/猪猡之王.The.King.of.Pigs.S01.2022.1080p.FriDay.WEB-DL.AAC2.0.H264-HDSWEB/猪猡之王.The.King.of.Pigs.S01E11.2022.1080p.FriDay.WEB-DL.AAC2.0.H264-HDSWEB.nfo to /media/tvs/猪猡之王.The.King.of.Pigs.S01.2022.1080p.FriDay.WEB-DL.AAC2.0.H264-HDSWEB/Season 1/猪猡之王 - S01E11 - 第 11 集.nfo
2022-05-23 00:32:35,913 INFO  [tmmpool-rename-T1] org.tinymediamanager.core.Utils:893 - Successfully copied file from /media/tvs/猪猡之王.The.King.of.Pigs.S01.2022.1080p.FriDay.WEB-DL.AAC2.0.H264-HDSWEB/猪猡之王.The.King.of.Pigs.S01E11.2022.1080p.FriDay.WEB-DL.AAC2.0.H264-HDSWEB.nfo to /media/tvs/猪猡之王.The.King.of.Pigs.S01.2022.1080p.FriDay.WEB-DL.AAC2.0.H264-HDSWEB/Season 1/猪猡之王 - S01E11 - 第 11 集.nfo
2022-05-23 00:32:35,914 INFO  [tmmpool-rename-T1] o.t.core.tvshow.TvShowRenamer:582 - Cleanup...
2022-05-23 00:32:35,916 INFO  [tmmpool-rename-T1] org.tinymediamanager.core.Utils:777 - Successfully moved file from /media/tvs/猪猡之王.The.King.of.Pigs.S01.2022.1080p.FriDay.WEB-DL.AAC2.0.H264-HDSWEB/猪猡之王.The.King.of.Pigs.S01E11.2022.1080p.FriDay.WEB-DL.AAC2.0.H264-HDSWEB-thumb.jpg to /media/tvs/.deletedByTMM/猪猡之王.The.King.of.Pigs.S01.2022.1080p.FriDay.WEB-DL.AAC2.0.H264-HDSWEB/猪猡之王.The.King.of.Pigs.S01E11.2022.1080p.FriDay.WEB-DL.AAC2.0.H264-HDSWEB-thumb.jpg
2022-05-23 00:32:35,928 INFO  [tmmpool-rename-T1] org.tinymediamanager.core.Utils:777 - Successfully moved file from /media/tvs/猪猡之王.The.King.of.Pigs.S01.2022.1080p.FriDay.WEB-DL.AAC2.0.H264-HDSWEB/猪猡之王.The.King.of.Pigs.S01E11.2022.1080p.FriDay.WEB-DL.AAC2.0.H264-HDSWEB.nfo to /media/tvs/.deletedByTMM/猪猡之王.The.King.of.Pigs.S01.2022.1080p.FriDay.WEB-DL.AAC2.0.H264-HDSWEB/猪猡之王.The.King.of.Pigs.S01E11.2022.1080p.FriDay.WEB-DL.AAC2.0.H264-HDSWEB.nfo
2022-05-23 00:32:36,249 INFO  [tmmpool-rename-T1] o.t.core.tvshow.TvShowRenamer:421 - Renaming TvShow '猪猡之王', Episode 12
2022-05-23 00:32:36,258 INFO  [tmmpool-rename-T1] org.tinymediamanager.core.Utils:777 - Successfully moved file from /media/tvs/猪猡之王.The.King.of.Pigs.S01.2022.1080p.FriDay.WEB-DL.AAC2.0.H264-HDSWEB/猪猡之王.The.King.of.Pigs.S01E12.2022.1080p.FriDay.WEB-DL.AAC2.0.H264-HDSWEB.mkv to /media/tvs/猪猡之王.The.King.of.Pigs.S01.2022.1080p.FriDay.WEB-DL.AAC2.0.H264-HDSWEB/Season 1/猪猡之王 - S01E12 - 第 12 集.mkv
2022-05-23 00:32:36,265 INFO  [tmmpool-rename-T1] o.t.core.tvshow.TvShowRenamer:1535 - copy file /media/tvs/猪猡之王.The.King.of.Pigs.S01.2022.1080p.FriDay.WEB-DL.AAC2.0.H264-HDSWEB/猪猡之王.The.King.of.Pigs.S01E12.2022.1080p.FriDay.WEB-DL.AAC2.0.H264-HDSWEB-thumb.jpg to /media/tvs/猪猡之王.The.King.of.Pigs.S01.2022.1080p.FriDay.WEB-DL.AAC2.0.H264-HDSWEB/Season 1/猪猡之王 - S01E12 - 第 12 集-thumb.jpg
2022-05-23 00:32:36,271 INFO  [tmmpool-rename-T1] org.tinymediamanager.core.Utils:893 - Successfully copied file from /media/tvs/猪猡之王.The.King.of.Pigs.S01.2022.1080p.FriDay.WEB-DL.AAC2.0.H264-HDSWEB/猪猡之王.The.King.of.Pigs.S01E12.2022.1080p.FriDay.WEB-DL.AAC2.0.H264-HDSWEB-thumb.jpg to /media/tvs/猪猡之王.The.King.of.Pigs.S01.2022.1080p.FriDay.WEB-DL.AAC2.0.H264-HDSWEB/Season 1/猪猡之王 - S01E12 - 第 12 集-thumb.jpg
2022-05-23 00:32:36,275 INFO  [tmmpool-rename-T1] o.t.core.tvshow.TvShowRenamer:1535 - copy file /media/tvs/猪猡之王.The.King.of.Pigs.S01.2022.1080p.FriDay.WEB-DL.AAC2.0.H264-HDSWEB/猪猡之王.The.King.of.Pigs.S01E12.2022.1080p.FriDay.WEB-DL.AAC2.0.H264-HDSWEB.nfo to /media/tvs/猪猡之王.The.King.of.Pigs.S01.2022.1080p.FriDay.WEB-DL.AAC2.0.H264-HDSWEB/Season 1/猪猡之王 - S01E12 - 第 12 集.nfo
2022-05-23 00:32:36,279 INFO  [tmmpool-rename-T1] org.tinymediamanager.core.Utils:893 - Successfully copied file from /media/tvs/猪猡之王.The.King.of.Pigs.S01.2022.1080p.FriDay.WEB-DL.AAC2.0.H264-HDSWEB/猪猡之王.The.King.of.Pigs.S01E12.2022.1080p.FriDay.WEB-DL.AAC2.0.H264-HDSWEB.nfo to /media/tvs/猪猡之王.The.King.of.Pigs.S01.2022.1080p.FriDay.WEB-DL.AAC2.0.H264-HDSWEB/Season 1/猪猡之王 - S01E12 - 第 12 集.nfo
2022-05-23 00:32:36,280 INFO  [tmmpool-rename-T1] o.t.core.tvshow.TvShowRenamer:582 - Cleanup...
2022-05-23 00:32:36,284 INFO  [tmmpool-rename-T1] org.tinymediamanager.core.Utils:777 - Successfully moved file from /media/tvs/猪猡之王.The.King.of.Pigs.S01.2022.1080p.FriDay.WEB-DL.AAC2.0.H264-HDSWEB/猪猡之王.The.King.of.Pigs.S01E12.2022.1080p.FriDay.WEB-DL.AAC2.0.H264-HDSWEB-thumb.jpg to /media/tvs/.deletedByTMM/猪猡之王.The.King.of.Pigs.S01.2022.1080p.FriDay.WEB-DL.AAC2.0.H264-HDSWEB/猪猡之王.The.King.of.Pigs.S01E12.2022.1080p.FriDay.WEB-DL.AAC2.0.H264-HDSWEB-thumb.jpg
2022-05-23 00:32:36,287 INFO  [tmmpool-rename-T1] org.tinymediamanager.core.Utils:777 - Successfully moved file from /media/tvs/猪猡之王.The.King.of.Pigs.S01.2022.1080p.FriDay.WEB-DL.AAC2.0.H264-HDSWEB/猪猡之王.The.King.of.Pigs.S01E12.2022.1080p.FriDay.WEB-DL.AAC2.0.H264-HDSWEB.nfo to /media/tvs/.deletedByTMM/猪猡之王.The.King.of.Pigs.S01.2022.1080p.FriDay.WEB-DL.AAC2.0.H264-HDSWEB/猪猡之王.The.King.of.Pigs.S01E12.2022.1080p.FriDay.WEB-DL.AAC2.0.H264-HDSWEB.nfo
2022-05-23 00:32:36,980 INFO  [tmmpool-main-task-T14-G349] org.tinymediamanager.core.Utils:681 - Successfully moved folder /media/tvs/猪猡之王.The.King.of.Pigs.S01.2022.1080p.FriDay.WEB-DL.AAC2.0.H264-HDSWEB to /media/tvs/猪猡之王 (2022)
2022-05-23 00:32:37,334 INFO  [tmmpool-main-task-T14-G349] o.t.core.tvshow.TvShowRenamer:354 - Cleanup...
2022-05-23 00:32:37,346 INFO  [tmmpool-main-task-T14-G349] org.tinymediamanager.core.Utils:1366 - Deleting complete directory: /media/tvs/猪猡之王 (2022)
2022-05-23 00:32:37,633 INFO  [tmmpool-main-task-T14-G349] o.t.core.tvshow.tasks.TvShowRenameTask:112 - Done renaming TV shows)
2022-05-23 00:32:47,708 INFO  [SwingWorker-pool-4-thread-5] o.t.core.tvshow.TvShowList:605 - =====================================================
2022-05-23 00:32:47,709 INFO  [SwingWorker-pool-4-thread-5] o.t.core.tvshow.TvShowList:606 - Searching with scraper: tmdb
2022-05-23 00:32:47,709 INFO  [SwingWorker-pool-4-thread-5] o.t.core.tvshow.TvShowList:607 - TvShowSearchAndScrapeOptions[type=TV_SHOW,ids={tmdb=154523, tvdb=408782},language=中文,searchQuery=猪猡之王,searchYear=2022,metadataScraper=<null>,artworkScrapers=[],trailerScrapers=[],subtitleScrapers=[],searchResult=<null>]
2022-05-23 00:32:47,709 INFO  [SwingWorker-pool-4-thread-5] o.t.core.tvshow.TvShowList:608 - =====================================================
2022-05-23 00:32:47,710 INFO  [SwingWorker-pool-4-thread-5] o.t.s.tmdb.TmdbTvShowMetadataProvider:128 - ========= BEGIN TMDB Scraper Search for: 猪猡之王
2022-05-23 00:32:49,457 INFO  [SwingWorker-pool-4-thread-9] o.t.ui.tvshows.TvShowChooserModel:204 - =====================================================
2022-05-23 00:32:49,458 INFO  [SwingWorker-pool-4-thread-9] o.t.ui.tvshows.TvShowChooserModel:205 - Scrape metadata with scraper: tmdb
2022-05-23 00:32:49,458 INFO  [SwingWorker-pool-4-thread-9] o.t.ui.tvshows.TvShowChooserModel:206 - TvShowSearchAndScrapeOptions[type=TV_SHOW,ids={tmdb=154523},language=中文,searchQuery=,searchYear=-1,metadataScraper=<null>,artworkScrapers=[],trailerScrapers=[],subtitleScrapers=[],searchResult=MediaSearchResult[providerId=tmdb,url=<null>,title=猪猡之王,overview=改编自延尚浩执导的同名动画长片。这是一部追踪惊悚片，讲述了那些从20年前在连环谋杀案现场留下的朋友的信息中掀起「暴力记忆」的人的故事。,year=2022,originalTitle=돼지의 왕,originalLanguage=<null>,ids={tmdb=154523},score=1.0,type=TV_SHOW,posterUrl=http://image.tmdb.org/t/p/w342/kUdbwstIXYng4Fhn5pCbwaXip1P.jpg]]
2022-05-23 00:32:49,458 INFO  [SwingWorker-pool-4-thread-9] o.t.ui.tvshows.TvShowChooserModel:207 - =====================================================
2022-05-23 00:32:53,322 INFO  [tmmpool-unnamed-task-T18-G351] o.t.c.t.tasks.TvShowEpisodeScrapeTask:105 - =====================================================
2022-05-23 00:32:53,323 INFO  [tmmpool-unnamed-task-T18-G351] o.t.c.t.tasks.TvShowEpisodeScrapeTask:106 - Scrape metadata with scraper: tmdb
2022-05-23 00:32:53,323 INFO  [tmmpool-unnamed-task-T18-G351] o.t.c.t.tasks.TvShowEpisodeScrapeTask:107 - TvShowEpisodeSearchAndScrapeOptions[type=TV_EPISODE,ids={tmdb=154523, episodeNr=1, tvdb=408782, seasonNr=1},language=中文,searchQuery=,searchYear=-1,metadataScraper=themoviedb.org,artworkScrapers=[fanart.tv, themoviedb.org, thetvdb.com],trailerScrapers=[],subtitleScrapers=[],searchResult=<null>]
2022-05-23 00:32:53,323 INFO  [tmmpool-unnamed-task-T18-G351] o.t.c.t.tasks.TvShowEpisodeScrapeTask:108 - =====================================================
2022-05-23 00:32:54,059 INFO  [tmmpool-unnamed-task-T18-G351] o.t.c.t.tasks.TvShowEpisodeScrapeTask:105 - =====================================================
2022-05-23 00:32:54,059 INFO  [tmmpool-unnamed-task-T18-G351] o.t.c.t.tasks.TvShowEpisodeScrapeTask:106 - Scrape metadata with scraper: tmdb
2022-05-23 00:32:54,059 INFO  [tmmpool-unnamed-task-T18-G351] o.t.c.t.tasks.TvShowEpisodeScrapeTask:107 - TvShowEpisodeSearchAndScrapeOptions[type=TV_EPISODE,ids={tmdb=154523, episodeNr=2, tvdb=408782, seasonNr=1},language=中文,searchQuery=,searchYear=-1,metadataScraper=themoviedb.org,artworkScrapers=[fanart.tv, themoviedb.org, thetvdb.com],trailerScrapers=[],subtitleScrapers=[],searchResult=<null>]
2022-05-23 00:32:54,060 INFO  [tmmpool-unnamed-task-T18-G351] o.t.c.t.tasks.TvShowEpisodeScrapeTask:108 - =====================================================
2022-05-23 00:32:54,187 WARN  [tmmpool-unnamed-task-T17-G350] o.t.s.fanarttv.FanartTvMetadataProvider:268 - request was not successful: HTTP/404 - {
    "status": "error",
    "error message": "Not found"
}
2022-05-23 00:32:54,625 INFO  [tmmpool-image-download-task-T18] org.tinymediamanager.core.Utils:777 - Successfully moved file from /tmp/猪猡之王 - S01E01 - 第 1 集-thumb.jpg.1653237174059.part to /media/tvs/猪猡之王 (2022)/Season 1/猪猡之王 - S01E01 - 第 1 集-thumb.jpg
2022-05-23 00:32:55,827 INFO  [tmmpool-image-download-task-T19] org.tinymediamanager.core.Utils:777 - Successfully moved file from /tmp/poster.jpg.1653237175184.part to /media/tvs/猪猡之王 (2022)/poster.jpg
2022-05-23 00:32:55,932 INFO  [tmmpool-unnamed-task-T18-G351] o.t.c.t.tasks.TvShowEpisodeScrapeTask:105 - =====================================================
2022-05-23 00:32:55,932 INFO  [tmmpool-unnamed-task-T18-G351] o.t.c.t.tasks.TvShowEpisodeScrapeTask:106 - Scrape metadata with scraper: tmdb
2022-05-23 00:32:55,933 INFO  [tmmpool-unnamed-task-T18-G351] o.t.c.t.tasks.TvShowEpisodeScrapeTask:107 - TvShowEpisodeSearchAndScrapeOptions[type=TV_EPISODE,ids={tmdb=154523, episodeNr=3, tvdb=408782, seasonNr=1},language=中文,searchQuery=,searchYear=-1,metadataScraper=themoviedb.org,artworkScrapers=[fanart.tv, themoviedb.org, thetvdb.com],trailerScrapers=[],subtitleScrapers=[],searchResult=<null>]
2022-05-23 00:32:55,933 INFO  [tmmpool-unnamed-task-T18-G351] o.t.c.t.tasks.TvShowEpisodeScrapeTask:108 - =====================================================
2022-05-23 00:32:55,941 INFO  [tmmpool-image-download-task-T18] org.tinymediamanager.core.Utils:777 - Successfully moved file from /tmp/banner.jpg.1653237175190.part to /media/tvs/猪猡之王 (2022)/banner.jpg
2022-05-23 00:32:56,316 INFO  [tmmpool-image-download-task-T20] org.tinymediamanager.core.Utils:777 - Successfully moved file from /tmp/fanart.jpg.1653237175195.part to /media/tvs/猪猡之王 (2022)/fanart.jpg
2022-05-23 00:32:56,593 INFO  [tmmpool-image-download-task-T18] org.tinymediamanager.core.Utils:777 - Successfully moved file from /tmp/猪猡之王 - S01E02 - 第 2 集-thumb.jpg.1653237175971.part to /media/tvs/猪猡之王 (2022)/Season 1/猪猡之王 - S01E02 - 第 2 集-thumb.jpg
2022-05-23 00:32:56,734 INFO  [tmmpool-unnamed-task-T18-G351] o.t.c.t.tasks.TvShowEpisodeScrapeTask:105 - =====================================================
2022-05-23 00:32:56,734 INFO  [tmmpool-unnamed-task-T18-G351] o.t.c.t.tasks.TvShowEpisodeScrapeTask:106 - Scrape metadata with scraper: tmdb
2022-05-23 00:32:56,734 INFO  [tmmpool-unnamed-task-T18-G351] o.t.c.t.tasks.TvShowEpisodeScrapeTask:107 - TvShowEpisodeSearchAndScrapeOptions[type=TV_EPISODE,ids={tmdb=154523, episodeNr=4, tvdb=408782, seasonNr=1},language=中文,searchQuery=,searchYear=-1,metadataScraper=themoviedb.org,artworkScrapers=[fanart.tv, themoviedb.org, thetvdb.com],trailerScrapers=[],subtitleScrapers=[],searchResult=<null>]
2022-05-23 00:32:56,734 INFO  [tmmpool-unnamed-task-T18-G351] o.t.c.t.tasks.TvShowEpisodeScrapeTask:108 - =====================================================
2022-05-23 00:32:57,197 INFO  [tmmpool-image-download-task-T19] org.tinymediamanager.core.Utils:777 - Successfully moved file from /tmp/猪猡之王 - S01E03 - 第 3 集-thumb.jpg.1653237176732.part to /media/tvs/猪猡之王 (2022)/Season 1/猪猡之王 - S01E03 - 第 3 集-thumb.jpg
2022-05-23 00:32:57,441 INFO  [tmmpool-unnamed-task-T18-G351] o.t.c.t.tasks.TvShowEpisodeScrapeTask:105 - =====================================================
2022-05-23 00:32:57,442 INFO  [tmmpool-unnamed-task-T18-G351] o.t.c.t.tasks.TvShowEpisodeScrapeTask:106 - Scrape metadata with scraper: tmdb
2022-05-23 00:32:57,442 INFO  [tmmpool-unnamed-task-T18-G351] o.t.c.t.tasks.TvShowEpisodeScrapeTask:107 - TvShowEpisodeSearchAndScrapeOptions[type=TV_EPISODE,ids={tmdb=154523, episodeNr=5, tvdb=408782, seasonNr=1},language=中文,searchQuery=,searchYear=-1,metadataScraper=themoviedb.org,artworkScrapers=[fanart.tv, themoviedb.org, thetvdb.com],trailerScrapers=[],subtitleScrapers=[],searchResult=<null>]
2022-05-23 00:32:57,442 INFO  [tmmpool-unnamed-task-T18-G351] o.t.c.t.tasks.TvShowEpisodeScrapeTask:108 - =====================================================
2022-05-23 00:32:57,883 INFO  [tmmpool-image-download-task-T20] org.tinymediamanager.core.Utils:777 - Successfully moved file from /tmp/猪猡之王 - S01E04 - 第 4 集-thumb.jpg.1653237177442.part to /media/tvs/猪猡之王 (2022)/Season 1/猪猡之王 - S01E04 - 第 4 集-thumb.jpg
2022-05-23 00:32:58,188 INFO  [tmmpool-unnamed-task-T18-G351] o.t.c.t.tasks.TvShowEpisodeScrapeTask:105 - =====================================================
2022-05-23 00:32:58,189 INFO  [tmmpool-unnamed-task-T18-G351] o.t.c.t.tasks.TvShowEpisodeScrapeTask:106 - Scrape metadata with scraper: tmdb
2022-05-23 00:32:58,189 INFO  [tmmpool-unnamed-task-T18-G351] o.t.c.t.tasks.TvShowEpisodeScrapeTask:107 - TvShowEpisodeSearchAndScrapeOptions[type=TV_EPISODE,ids={tmdb=154523, episodeNr=6, tvdb=408782, seasonNr=1},language=中文,searchQuery=,searchYear=-1,metadataScraper=themoviedb.org,artworkScrapers=[fanart.tv, themoviedb.org, thetvdb.com],trailerScrapers=[],subtitleScrapers=[],searchResult=<null>]
2022-05-23 00:32:58,189 INFO  [tmmpool-unnamed-task-T18-G351] o.t.c.t.tasks.TvShowEpisodeScrapeTask:108 - =====================================================
2022-05-23 00:32:58,627 INFO  [tmmpool-image-download-task-T21] org.tinymediamanager.core.Utils:777 - Successfully moved file from /tmp/猪猡之王 - S01E05 - 第 5 集-thumb.jpg.1653237178189.part to /media/tvs/猪猡之王 (2022)/Season 1/猪猡之王 - S01E05 - 第 5 集-thumb.jpg
2022-05-23 00:32:59,206 INFO  [tmmpool-unnamed-task-T18-G351] o.t.c.t.tasks.TvShowEpisodeScrapeTask:105 - =====================================================
2022-05-23 00:32:59,206 INFO  [tmmpool-unnamed-task-T18-G351] o.t.c.t.tasks.TvShowEpisodeScrapeTask:106 - Scrape metadata with scraper: tmdb
2022-05-23 00:32:59,206 INFO  [tmmpool-unnamed-task-T18-G351] o.t.c.t.tasks.TvShowEpisodeScrapeTask:107 - TvShowEpisodeSearchAndScrapeOptions[type=TV_EPISODE,ids={tmdb=154523, episodeNr=7, tvdb=408782, seasonNr=1},language=中文,searchQuery=,searchYear=-1,metadataScraper=themoviedb.org,artworkScrapers=[fanart.tv, themoviedb.org, thetvdb.com],trailerScrapers=[],subtitleScrapers=[],searchResult=<null>]
2022-05-23 00:32:59,207 INFO  [tmmpool-unnamed-task-T18-G351] o.t.c.t.tasks.TvShowEpisodeScrapeTask:108 - =====================================================
2022-05-23 00:32:59,655 INFO  [tmmpool-image-download-task-T22] org.tinymediamanager.core.Utils:777 - Successfully moved file from /tmp/猪猡之王 - S01E06 - 第 6 集-thumb.jpg.1653237179206.part to /media/tvs/猪猡之王 (2022)/Season 1/猪猡之王 - S01E06 - 第 6 集-thumb.jpg
2022-05-23 00:32:59,938 INFO  [tmmpool-unnamed-task-T18-G351] o.t.c.t.tasks.TvShowEpisodeScrapeTask:105 - =====================================================
2022-05-23 00:32:59,939 INFO  [tmmpool-unnamed-task-T18-G351] o.t.c.t.tasks.TvShowEpisodeScrapeTask:106 - Scrape metadata with scraper: tmdb
2022-05-23 00:32:59,939 INFO  [tmmpool-unnamed-task-T18-G351] o.t.c.t.tasks.TvShowEpisodeScrapeTask:107 - TvShowEpisodeSearchAndScrapeOptions[type=TV_EPISODE,ids={tmdb=154523, episodeNr=8, tvdb=408782, seasonNr=1},language=中文,searchQuery=,searchYear=-1,metadataScraper=themoviedb.org,artworkScrapers=[fanart.tv, themoviedb.org, thetvdb.com],trailerScrapers=[],subtitleScrapers=[],searchResult=<null>]
2022-05-23 00:32:59,940 INFO  [tmmpool-unnamed-task-T18-G351] o.t.c.t.tasks.TvShowEpisodeScrapeTask:108 - =====================================================
2022-05-23 00:33:00,477 INFO  [tmmpool-image-download-task-T23] org.tinymediamanager.core.Utils:777 - Successfully moved file from /tmp/猪猡之王 - S01E07 - 第 7 集-thumb.jpg.1653237179939.part to /media/tvs/猪猡之王 (2022)/Season 1/猪猡之王 - S01E07 - 第 7 集-thumb.jpg
2022-05-23 00:33:01,292 INFO  [tmmpool-unnamed-task-T18-G351] o.t.c.t.tasks.TvShowEpisodeScrapeTask:105 - =====================================================
2022-05-23 00:33:01,292 INFO  [tmmpool-unnamed-task-T18-G351] o.t.c.t.tasks.TvShowEpisodeScrapeTask:106 - Scrape metadata with scraper: tmdb
2022-05-23 00:33:01,293 INFO  [tmmpool-unnamed-task-T18-G351] o.t.c.t.tasks.TvShowEpisodeScrapeTask:107 - TvShowEpisodeSearchAndScrapeOptions[type=TV_EPISODE,ids={tmdb=154523, episodeNr=9, tvdb=408782, seasonNr=1},language=中文,searchQuery=,searchYear=-1,metadataScraper=themoviedb.org,artworkScrapers=[fanart.tv, themoviedb.org, thetvdb.com],trailerScrapers=[],subtitleScrapers=[],searchResult=<null>]
2022-05-23 00:33:01,293 INFO  [tmmpool-unnamed-task-T18-G351] o.t.c.t.tasks.TvShowEpisodeScrapeTask:108 - =====================================================
2022-05-23 00:33:01,778 INFO  [tmmpool-image-download-task-T24] org.tinymediamanager.core.Utils:777 - Successfully moved file from /tmp/猪猡之王 - S01E08 - 第 8 集-thumb.jpg.1653237181292.part to /media/tvs/猪猡之王 (2022)/Season 1/猪猡之王 - S01E08 - 第 8 集-thumb.jpg
2022-05-23 00:33:02,075 INFO  [tmmpool-unnamed-task-T18-G351] o.t.c.t.tasks.TvShowEpisodeScrapeTask:105 - =====================================================
2022-05-23 00:33:02,075 INFO  [tmmpool-unnamed-task-T18-G351] o.t.c.t.tasks.TvShowEpisodeScrapeTask:106 - Scrape metadata with scraper: tmdb
2022-05-23 00:33:02,075 INFO  [tmmpool-unnamed-task-T18-G351] o.t.c.t.tasks.TvShowEpisodeScrapeTask:107 - TvShowEpisodeSearchAndScrapeOptions[type=TV_EPISODE,ids={tmdb=154523, episodeNr=10, tvdb=408782, seasonNr=1},language=中文,searchQuery=,searchYear=-1,metadataScraper=themoviedb.org,artworkScrapers=[fanart.tv, themoviedb.org, thetvdb.com],trailerScrapers=[],subtitleScrapers=[],searchResult=<null>]
2022-05-23 00:33:02,076 INFO  [tmmpool-unnamed-task-T18-G351] o.t.c.t.tasks.TvShowEpisodeScrapeTask:108 - =====================================================
2022-05-23 00:33:02,563 INFO  [tmmpool-image-download-task-T25] org.tinymediamanager.core.Utils:777 - Successfully moved file from /tmp/猪猡之王 - S01E09 - 第 9 集-thumb.jpg.1653237182075.part to /media/tvs/猪猡之王 (2022)/Season 1/猪猡之王 - S01E09 - 第 9 集-thumb.jpg
2022-05-23 00:33:02,818 INFO  [tmmpool-unnamed-task-T18-G351] o.t.c.t.tasks.TvShowEpisodeScrapeTask:105 - =====================================================
2022-05-23 00:33:02,818 INFO  [tmmpool-unnamed-task-T18-G351] o.t.c.t.tasks.TvShowEpisodeScrapeTask:106 - Scrape metadata with scraper: tmdb
2022-05-23 00:33:02,819 INFO  [tmmpool-unnamed-task-T18-G351] o.t.c.t.tasks.TvShowEpisodeScrapeTask:107 - TvShowEpisodeSearchAndScrapeOptions[type=TV_EPISODE,ids={tmdb=154523, episodeNr=11, tvdb=408782, seasonNr=1},language=中文,searchQuery=,searchYear=-1,metadataScraper=themoviedb.org,artworkScrapers=[fanart.tv, themoviedb.org, thetvdb.com],trailerScrapers=[],subtitleScrapers=[],searchResult=<null>]
2022-05-23 00:33:02,819 INFO  [tmmpool-unnamed-task-T18-G351] o.t.c.t.tasks.TvShowEpisodeScrapeTask:108 - =====================================================
2022-05-23 00:33:03,296 INFO  [tmmpool-image-download-task-T26] org.tinymediamanager.core.Utils:777 - Successfully moved file from /tmp/猪猡之王 - S01E10 - 第 10 集-thumb.jpg.1653237182819.part to /media/tvs/猪猡之王 (2022)/Season 1/猪猡之王 - S01E10 - 第 10 集-thumb.jpg
2022-05-23 00:33:03,531 INFO  [tmmpool-unnamed-task-T18-G351] o.t.c.t.tasks.TvShowEpisodeScrapeTask:105 - =====================================================
2022-05-23 00:33:03,532 INFO  [tmmpool-unnamed-task-T18-G351] o.t.c.t.tasks.TvShowEpisodeScrapeTask:106 - Scrape metadata with scraper: tmdb
2022-05-23 00:33:03,532 INFO  [tmmpool-unnamed-task-T18-G351] o.t.c.t.tasks.TvShowEpisodeScrapeTask:107 - TvShowEpisodeSearchAndScrapeOptions[type=TV_EPISODE,ids={tmdb=154523, episodeNr=12, tvdb=408782, seasonNr=1},language=中文,searchQuery=,searchYear=-1,metadataScraper=themoviedb.org,artworkScrapers=[fanart.tv, themoviedb.org, thetvdb.com],trailerScrapers=[],subtitleScrapers=[],searchResult=<null>]
2022-05-23 00:33:03,532 INFO  [tmmpool-unnamed-task-T18-G351] o.t.c.t.tasks.TvShowEpisodeScrapeTask:108 - =====================================================
2022-05-23 00:33:04,037 INFO  [tmmpool-image-download-task-T27] org.tinymediamanager.core.Utils:777 - Successfully moved file from /tmp/猪猡之王 - S01E11 - 第 11 集-thumb.jpg.1653237183532.part to /media/tvs/猪猡之王 (2022)/Season 1/猪猡之王 - S01E11 - 第 11 集-thumb.jpg
2022-05-23 00:33:05,187 INFO  [tmmpool-image-download-task-T28] org.tinymediamanager.core.Utils:777 - Successfully moved file from /tmp/猪猡之王 - S01E12 - 第 12 集-thumb.jpg.1653237184369.part to /media/tvs/猪猡之王 (2022)/Season 1/猪猡之王 - S01E12 - 第 12 集-thumb.jpg
2022-05-23 00:34:27,608 INFO  [SwingWorker-pool-4-thread-5] o.t.core.tvshow.TvShowList:605 - =====================================================
2022-05-23 00:34:27,608 INFO  [SwingWorker-pool-4-thread-5] o.t.core.tvshow.TvShowList:606 - Searching with scraper: tmdb
2022-05-23 00:34:27,609 INFO  [SwingWorker-pool-4-thread-5] o.t.core.tvshow.TvShowList:607 - TvShowSearchAndScrapeOptions[type=TV_SHOW,ids={tmdb=154523, tvdb=408782},language=中文,searchQuery=猪猡之王,searchYear=2022,metadataScraper=<null>,artworkScrapers=[],trailerScrapers=[],subtitleScrapers=[],searchResult=<null>]
2022-05-23 00:34:27,609 INFO  [SwingWorker-pool-4-thread-5] o.t.core.tvshow.TvShowList:608 - =====================================================
2022-05-23 00:34:27,611 INFO  [SwingWorker-pool-4-thread-5] o.t.s.tmdb.TmdbTvShowMetadataProvider:128 - ========= BEGIN TMDB Scraper Search for: 猪猡之王
2022-05-23 00:34:28,795 INFO  [SwingWorker-pool-4-thread-4] o.t.ui.tvshows.TvShowChooserModel:204 - =====================================================
2022-05-23 00:34:28,796 INFO  [SwingWorker-pool-4-thread-4] o.t.ui.tvshows.TvShowChooserModel:205 - Scrape metadata with scraper: tmdb
2022-05-23 00:34:28,796 INFO  [SwingWorker-pool-4-thread-4] o.t.ui.tvshows.TvShowChooserModel:206 - TvShowSearchAndScrapeOptions[type=TV_SHOW,ids={tmdb=154523},language=中文,searchQuery=,searchYear=-1,metadataScraper=<null>,artworkScrapers=[],trailerScrapers=[],subtitleScrapers=[],searchResult=MediaSearchResult[providerId=tmdb,url=<null>,title=猪猡之王,overview=改编自延尚浩执导的同名动画长片。这是一部追踪惊悚片，讲述了那些从20年前在连环谋杀案现场留下的朋友的信息中掀起「暴力记忆」的人的故事。,year=2022,originalTitle=돼지의 왕,originalLanguage=<null>,ids={tmdb=154523},score=1.0,type=TV_SHOW,posterUrl=http://image.tmdb.org/t/p/w342/kUdbwstIXYng4Fhn5pCbwaXip1P.jpg]]
2022-05-23 00:34:28,796 INFO  [SwingWorker-pool-4-thread-4] o.t.ui.tvshows.TvShowChooserModel:207 - =====================================================
2022-05-23 00:34:40,416 INFO  [SwingWorker-pool-4-thread-1] o.t.core.tvshow.TvShowList:605 - =====================================================
2022-05-23 00:34:40,421 INFO  [SwingWorker-pool-4-thread-1] o.t.core.tvshow.TvShowList:606 - Searching with scraper: tmdb
2022-05-23 00:34:40,423 INFO  [SwingWorker-pool-4-thread-1] o.t.core.tvshow.TvShowList:607 - TvShowSearchAndScrapeOptions[type=TV_SHOW,ids={imdb=tt19818310},language=中文,searchQuery=tt19818310,searchYear=2022,metadataScraper=<null>,artworkScrapers=[],trailerScrapers=[],subtitleScrapers=[],searchResult=<null>]
2022-05-23 00:34:40,424 INFO  [SwingWorker-pool-4-thread-1] o.t.core.tvshow.TvShowList:608 - =====================================================
2022-05-23 00:34:40,442 INFO  [SwingWorker-pool-4-thread-1] o.t.s.tmdb.TmdbTvShowMetadataProvider:128 - ========= BEGIN TMDB Scraper Search for: tt19818310
2022-05-23 00:34:58,395 INFO  [SwingWorker-pool-4-thread-6] o.t.core.tvshow.TvShowList:605 - =====================================================
2022-05-23 00:34:58,396 INFO  [SwingWorker-pool-4-thread-6] o.t.core.tvshow.TvShowList:606 - Searching with scraper: imdb
2022-05-23 00:34:58,396 INFO  [SwingWorker-pool-4-thread-6] o.t.core.tvshow.TvShowList:607 - TvShowSearchAndScrapeOptions[type=TV_SHOW,ids={imdb=tt19818310},language=中文,searchQuery=tt19818310,searchYear=2022,metadataScraper=<null>,artworkScrapers=[],trailerScrapers=[],subtitleScrapers=[],searchResult=<null>]
2022-05-23 00:34:58,396 INFO  [SwingWorker-pool-4-thread-6] o.t.core.tvshow.TvShowList:608 - =====================================================
2022-05-23 00:35:02,151 ERROR [SwingWorker-pool-4-thread-6] org.tinymediamanager.scraper.http.Url:341 - Unexpected exception getting url http://www.imdb.com/find?q=tt19818310&s=tt&ttype=tv&ref_=fn_tv - Remote host terminated the handshake
javax.net.ssl.SSLHandshakeException: Remote host terminated the handshake
	at sun.security.ssl.SSLSocketImpl.handleEOF(SSLSocketImpl.java:1570)
	at sun.security.ssl.SSLSocketImpl.decode(SSLSocketImpl.java:1400)
	at sun.security.ssl.SSLSocketImpl.readHandshakeRecord(SSLSocketImpl.java:1300)
	at sun.security.ssl.SSLSocketImpl.startHandshake(SSLSocketImpl.java:435)
	at okhttp3.internal.connection.RealConnection.connectTls(RealConnection.java:319)
	at okhttp3.internal.connection.RealConnection.establishProtocol(RealConnection.java:283)
	at okhttp3.internal.connection.RealConnection.connect(RealConnection.java:168)
	at okhttp3.internal.connection.StreamAllocation.findConnection(StreamAllocation.java:257)
	at okhttp3.internal.connection.StreamAllocation.findHealthyConnection(StreamAllocation.java:135)
	at okhttp3.internal.connection.StreamAllocation.newStream(StreamAllocation.java:114)
	at okhttp3.internal.connection.ConnectInterceptor.intercept(ConnectInterceptor.java:42)
	at okhttp3.internal.http.RealInterceptorChain.proceed(RealInterceptorChain.java:147)
	at okhttp3.internal.http.RealInterceptorChain.proceed(RealInterceptorChain.java:121)
	at okhttp3.internal.cache.CacheInterceptor.intercept(CacheInterceptor.java:93)
	at okhttp3.internal.http.RealInterceptorChain.proceed(RealInterceptorChain.java:147)
	at okhttp3.internal.http.RealInterceptorChain.proceed(RealInterceptorChain.java:121)
	at okhttp3.internal.http.BridgeInterceptor.intercept(BridgeInterceptor.java:93)
	at okhttp3.internal.http.RealInterceptorChain.proceed(RealInterceptorChain.java:147)
	at okhttp3.internal.http.RetryAndFollowUpInterceptor.intercept(RetryAndFollowUpInterceptor.java:126)
	at okhttp3.internal.http.RealInterceptorChain.proceed(RealInterceptorChain.java:147)
	at okhttp3.internal.http.RealInterceptorChain.proceed(RealInterceptorChain.java:121)
	at org.tinymediamanager.scraper.http.TmmHttpLoggingInterceptor.intercept(TmmHttpLoggingInterceptor.java:120)
	at okhttp3.internal.http.RealInterceptorChain.proceed(RealInterceptorChain.java:147)
	at okhttp3.internal.http.RealInterceptorChain.proceed(RealInterceptorChain.java:121)
	at okhttp3.RealCall.getResponseWithInterceptorChain(RealCall.java:254)
	at okhttp3.RealCall.execute(RealCall.java:92)
	at org.tinymediamanager.scraper.http.Url.getInputStream(Url.java:305)
	at org.tinymediamanager.scraper.http.Url.getInputStream(Url.java:261)
	at org.tinymediamanager.scraper.imdb.ImdbParser.search(ImdbParser.java:200)
	at org.tinymediamanager.scraper.imdb.ImdbMetadataProvider.search(ImdbMetadataProvider.java:110)
	at org.tinymediamanager.core.tvshow.TvShowList.searchTvShow(TvShowList.java:609)
	at org.tinymediamanager.ui.tvshows.dialogs.TvShowChooserDialog$SearchTask.doInBackground(TvShowChooserDialog.java:685)
	at org.tinymediamanager.ui.tvshows.dialogs.TvShowChooserDialog$SearchTask.doInBackground(TvShowChooserDialog.java:666)
	at javax.swing.SwingWorker$1.call(SwingWorker.java:295)
	at java.util.concurrent.FutureTask.run(FutureTask.java:266)
	at javax.swing.SwingWorker.run(SwingWorker.java:334)
	at java.util.concurrent.ThreadPoolExecutor.runWorker(ThreadPoolExecutor.java:1149)
	at java.util.concurrent.ThreadPoolExecutor$Worker.run(ThreadPoolExecutor.java:624)
	at java.lang.Thread.run(Thread.java:748)
Caused by: java.io.EOFException: SSL peer shut down incorrectly
	at sun.security.ssl.SSLSocketInputRecord.decode(SSLSocketInputRecord.java:167)
	at sun.security.ssl.SSLTransport.decode(SSLTransport.java:109)
	at sun.security.ssl.SSLSocketImpl.decode(SSLSocketImpl.java:1392)
	... 37 common frames omitted
2022-05-23 00:35:28,381 INFO  [SwingWorker-pool-4-thread-2] o.t.core.tvshow.TvShowList:605 - =====================================================
2022-05-23 00:35:28,382 INFO  [SwingWorker-pool-4-thread-2] o.t.core.tvshow.TvShowList:606 - Searching with scraper: tmdb
2022-05-23 00:35:28,382 INFO  [SwingWorker-pool-4-thread-2] o.t.core.tvshow.TvShowList:607 - TvShowSearchAndScrapeOptions[type=TV_SHOW,ids={imdb=tt19818310},language=中文,searchQuery=tt19818310,searchYear=2022,metadataScraper=<null>,artworkScrapers=[],trailerScrapers=[],subtitleScrapers=[],searchResult=<null>]
2022-05-23 00:35:28,382 INFO  [SwingWorker-pool-4-thread-2] o.t.core.tvshow.TvShowList:608 - =====================================================
2022-05-23 00:35:28,383 INFO  [SwingWorker-pool-4-thread-2] o.t.s.tmdb.TmdbTvShowMetadataProvider:128 - ========= BEGIN TMDB Scraper Search for: tt19818310
2022-05-23 00:35:47,303 INFO  [updateThread] o.t.core.tvshow.TvShowList:605 - =====================================================
2022-05-23 00:35:47,304 INFO  [updateThread] o.t.core.tvshow.TvShowList:606 - Searching with scraper: imdb
2022-05-23 00:35:47,304 INFO  [updateThread] o.t.core.tvshow.TvShowList:607 - TvShowSearchAndScrapeOptions[type=TV_SHOW,ids={imdb=tt19818310},language=中文,searchQuery=tt19818310,searchYear=2022,metadataScraper=<null>,artworkScrapers=[],trailerScrapers=[],subtitleScrapers=[],searchResult=<null>]
2022-05-23 00:35:47,304 INFO  [updateThread] o.t.core.tvshow.TvShowList:608 - =====================================================
2022-05-23 00:35:50,400 ERROR [updateThread] org.tinymediamanager.scraper.http.Url:341 - Unexpected exception getting url http://www.imdb.com/find?q=tt19818310&s=tt&ttype=tv&ref_=fn_tv - unexpected end of stream on Connection{www.imdb.com:80, proxy=DIRECT hostAddress=www.imdb.com/13.33.95.196:80 cipherSuite=none protocol=http/1.1}
java.io.IOException: unexpected end of stream on Connection{www.imdb.com:80, proxy=DIRECT hostAddress=www.imdb.com/13.33.95.196:80 cipherSuite=none protocol=http/1.1}
	at okhttp3.internal.http1.Http1Codec.readResponseHeaders(Http1Codec.java:208)
	at okhttp3.internal.http.CallServerInterceptor.intercept(CallServerInterceptor.java:88)
	at okhttp3.internal.http.RealInterceptorChain.proceed(RealInterceptorChain.java:147)
	at okhttp3.internal.connection.ConnectInterceptor.intercept(ConnectInterceptor.java:45)
	at okhttp3.internal.http.RealInterceptorChain.proceed(RealInterceptorChain.java:147)
	at okhttp3.internal.http.RealInterceptorChain.proceed(RealInterceptorChain.java:121)
	at okhttp3.internal.cache.CacheInterceptor.intercept(CacheInterceptor.java:93)
	at okhttp3.internal.http.RealInterceptorChain.proceed(RealInterceptorChain.java:147)
	at okhttp3.internal.http.RealInterceptorChain.proceed(RealInterceptorChain.java:121)
	at okhttp3.internal.http.BridgeInterceptor.intercept(BridgeInterceptor.java:93)
	at okhttp3.internal.http.RealInterceptorChain.proceed(RealInterceptorChain.java:147)
	at okhttp3.internal.http.RetryAndFollowUpInterceptor.intercept(RetryAndFollowUpInterceptor.java:126)
	at okhttp3.internal.http.RealInterceptorChain.proceed(RealInterceptorChain.java:147)
	at okhttp3.internal.http.RealInterceptorChain.proceed(RealInterceptorChain.java:121)
	at org.tinymediamanager.scraper.http.TmmHttpLoggingInterceptor.intercept(TmmHttpLoggingInterceptor.java:120)
	at okhttp3.internal.http.RealInterceptorChain.proceed(RealInterceptorChain.java:147)
	at okhttp3.internal.http.RealInterceptorChain.proceed(RealInterceptorChain.java:121)
	at okhttp3.RealCall.getResponseWithInterceptorChain(RealCall.java:254)
	at okhttp3.RealCall.execute(RealCall.java:92)
	at org.tinymediamanager.scraper.http.Url.getInputStream(Url.java:305)
	at org.tinymediamanager.scraper.http.Url.getInputStream(Url.java:261)
	at org.tinymediamanager.scraper.imdb.ImdbParser.search(ImdbParser.java:200)
	at org.tinymediamanager.scraper.imdb.ImdbMetadataProvider.search(ImdbMetadataProvider.java:110)
	at org.tinymediamanager.core.tvshow.TvShowList.searchTvShow(TvShowList.java:609)
	at org.tinymediamanager.ui.tvshows.dialogs.TvShowChooserDialog$SearchTask.doInBackground(TvShowChooserDialog.java:685)
	at org.tinymediamanager.ui.tvshows.dialogs.TvShowChooserDialog$SearchTask.doInBackground(TvShowChooserDialog.java:666)
	at javax.swing.SwingWorker$1.call(SwingWorker.java:295)
	at java.util.concurrent.FutureTask.run(FutureTask.java:266)
	at javax.swing.SwingWorker.run(SwingWorker.java:334)
	at java.util.concurrent.ThreadPoolExecutor.runWorker(ThreadPoolExecutor.java:1149)
	at java.util.concurrent.ThreadPoolExecutor$Worker.run(ThreadPoolExecutor.java:624)
	at java.lang.Thread.run(Thread.java:748)
Caused by: java.io.EOFException: \n not found: limit=0 content=…
	at okio.RealBufferedSource.readUtf8LineStrict(RealBufferedSource.java:236)
	at okhttp3.internal.http1.Http1Codec.readHeaderLine(Http1Codec.java:215)
	at okhttp3.internal.http1.Http1Codec.readResponseHeaders(Http1Codec.java:189)
	... 31 common frames omitted
2022-05-23 20:16:21,635 INFO  [main] org.tinymediamanager.TinyMediaManager:135 - =====================================================
2022-05-23 20:16:21,679 INFO  [main] org.tinymediamanager.TinyMediaManager:136 - === tinyMediaManager (c) 2012-2020 Manuel Laggner ===
2022-05-23 20:16:21,681 INFO  [main] org.tinymediamanager.TinyMediaManager:137 - =====================================================
2022-05-23 20:16:21,717 INFO  [main] org.tinymediamanager.TinyMediaManager:138 - tmm.version      : 3.1.16.1
2022-05-23 20:16:21,725 INFO  [main] org.tinymediamanager.TinyMediaManager:139 - os.name          : Linux
2022-05-23 20:16:21,726 INFO  [main] org.tinymediamanager.TinyMediaManager:140 - os.version       : 5.4.0-110-generic
2022-05-23 20:16:21,728 INFO  [main] org.tinymediamanager.TinyMediaManager:141 - os.arch          : amd64
2022-05-23 20:16:21,729 INFO  [main] org.tinymediamanager.TinyMediaManager:142 - java.version     : 1.8.0_312
2022-05-23 20:16:21,735 INFO  [main] org.tinymediamanager.TinyMediaManager:143 - java.maxMem      : 512 MiB
2022-05-23 20:16:23,403 INFO  [main] org.tinymediamanager.TinyMediaManager:597 - current encoding : UTF-8 | UTF8 | UTF-8
2022-05-23 20:16:23,404 INFO  [main] org.tinymediamanager.TinyMediaManager:156 - System language  : en_US
2022-05-23 20:16:23,405 INFO  [main] org.tinymediamanager.TinyMediaManager:157 - GUI language     : zh_HANT
2022-05-23 20:16:23,648 INFO  [main] org.tinymediamanager.TinyMediaManager:158 - Scraper language : 大陆简体
2022-05-23 20:16:23,825 INFO  [main] org.tinymediamanager.TinyMediaManager:159 - TV Scraper lang  : 中文
2022-05-23 20:16:24,875 INFO  [main] org.tinymediamanager.TinyMediaManager:187 - =====================================================
2022-05-23 20:16:24,921 INFO  [main] org.tinymediamanager.TinyMediaManager:215 - starting tinyMediaManager
2022-05-23 20:16:25,174 INFO  [main] o.t.thirdparty.MediaInfoUtils:105 - Using MediaInfoLib - v20.03
2022-05-23 20:16:27,278 INFO  [main] o.tinymediamanager.core.movie.MovieList:368 - found 19 movies in database
2022-05-23 20:16:27,286 INFO  [main] o.tinymediamanager.core.movie.MovieList:389 - found 3 movieSets in database
2022-05-23 20:16:27,531 INFO  [main] o.t.core.tvshow.TvShowList:360 - found 4 TV shows in database
2022-05-23 20:16:27,841 INFO  [main] o.t.core.tvshow.TvShowList:417 - found 66 episodes in database
2022-05-23 20:16:27,887 INFO  [main] o.t.scraper.config.MediaProviderConfig:77 - load settings 'data/scraper_tmdb.conf'
2022-05-23 20:16:28,772 INFO  [main] o.t.scraper.config.MediaProviderConfig:77 - load settings 'data/scraper_tvdb.conf'
2022-05-23 20:16:42,381 INFO  [updateThread] o.t.core.tasks.UpdaterTask:68 - Checking for updates...
2022-05-23 20:16:43,843 INFO  [updateThread] o.t.core.tasks.UpdaterTask:132 - Already up2date :)
