## 开始执行... 2022-05-07 23:07:56


🔔摇京豆, 开始!
您的cookie选择的是用&隔开


====================共有2个京东账号Cookie=========

==================脚本执行- 北京时间(UTC+8)：2022/5/7 23:07:57=====================

"Response code 403 (Forbidden)"
摇京豆 welcomeHome API请求失败，请检查网路重试

********开始【京东账号1】Wang_Happy_*****

开始做浏览页面任务
开始做关注店铺任务
摇京豆——摇奖次数6
京东会员——摇奖次数3
开始 【京东会员】 摇奖
开始 【京东会员】 摇奖
开始 【京东会员】 摇奖
开始 【摇京豆】 摇奖
开始 【摇京豆】 摇奖
开始 【摇京豆】 摇奖
开始 【摇京豆】 摇奖
开始 【摇京豆】 摇奖
开始 【摇京豆】 摇奖
京东会员第1天签到结果；{"data":{"pin":"jd_56ac883b2ee02","rewardVos":[{"couponVo":null,"drawInfoVo":null,"hongBaoVo":null,"jingBeanVo":{"beanNum":1},"pitType":0,"rewardSource":0,"signItemId":"729836169822558208","signTime":"2022-05-07 23:08:22","signType":0},{"couponVo":null,"drawInfoVo":null,"hongBaoVo":null,"jingBeanVo":null,"pitType":3,"rewardSource":1,"signItemId":"729836169822558208","signTime":"2022-05-07 23:08:22","signType":0}],"signActId":"1","signActInstanceId":"729836169168164608"},"dataAbInfoList":null,"expInfo":null,"expLabel":null,"message":null,"officialDocument":null,"pftid":null,"resultCode":null,"resultTips":null,"success":true,"traceId":null}
京东会员第1天签到成功。获得1京豆


【新版本 超级摇一摇】获取信息失败：没有查询到活动信息



京东APP首页超级摇一摇：目前暂无活动




【3.9爱他美 brandActivityId】：3b264fef-b555-4c1e-9a45-e780ec8916a2
超级超级品牌日 getHomeData 失败： 活动不在进行中哦
去看看其他活动吧~
【3.9爱他美 超级品牌日】：活动不在进行中

********开始【京东账号2】蓝闺q*****

开始做浏览页面任务
开始做关注店铺任务
摇京豆——摇奖次数10
京东会员——摇奖次数7
开始 【京东会员】 摇奖
开始 【京东会员】 摇奖
开始 【京东会员】 摇奖
开始 【京东会员】 摇奖
开始 【京东会员】 摇奖
开始 【京东会员】 摇奖
开始 【京东会员】 摇奖
开始 【摇京豆】 摇奖
开始 【摇京豆】 摇奖
开始 【摇京豆】 摇奖
开始 【摇京豆】 摇奖
开始 【摇京豆】 摇奖
开始 【摇京豆】 摇奖
开始 【摇京豆】 摇奖
开始 【摇京豆】 摇奖
开始 【摇京豆】 摇奖
开始 【摇京豆】 摇奖
京东会员第1天签到结果；{"data":{"pin":"jd_72476e50d1b0e","rewardVos":[{"couponVo":null,"drawInfoVo":null,"hongBaoVo":null,"jingBeanVo":{"beanNum":1},"pitType":0,"rewardSource":0,"signItemId":"729836314714823936","signTime":"2022-05-07 23:08:57","signType":0},{"couponVo":null,"drawInfoVo":null,"hongBaoVo":null,"jingBeanVo":null,"pitType":3,"rewardSource":1,"signItemId":"729836314714823936","signTime":"2022-05-07 23:08:57","signType":0}],"signActId":"1","signActInstanceId":"729836314068844544"},"dataAbInfoList":null,"expInfo":null,"expLabel":null,"message":null,"officialDocument":null,"pftid":null,"resultCode":null,"resultTips":null,"success":true,"traceId":null}
京东会员第1天签到成功。获得1京豆


【新版本 超级摇一摇】获取信息失败：没有查询到活动信息



京东APP首页超级摇一摇：目前暂无活动




【3.9爱他美 brandActivityId】：3b264fef-b555-4c1e-9a45-e780ec8916a2
超级超级品牌日 getHomeData 失败： 活动不在进行中哦
去看看其他活动吧~
【3.9爱他美 超级品牌日】：活动不在进行中

🔔摇京豆, 结束! 🕛 60.49 秒


## 执行结束... 2022-05-07 23:08:57 耗时 61 秒
