## 开始执行... 2022-05-07 23:13:22


🔔京喜工厂, 开始!
您的cookie选择的是用&隔开


====================共有2个京东账号Cookie=========

==================脚本执行- 北京时间(UTC+8)：2022/5/7 23:13:23=====================

【注意】本脚本默认会给助力池进行助力！
如需加入助力池请添加TG群：https://t.me/jd_zero_205
如不加入助力池互助，可添加变量名称：JD_JOIN_ZLC，变量值：false

开始获取京喜工厂配置文件

共2个京东账号

您提供了2个账号的京喜工厂助力码

获取签名参数成功！
fp: 6425551075786165
token: tk01wb1441c7b30n6fvDtSdaMyHYDQcl2+mh4QbGcKNhssdOo+gYC8i930hmbNmLu2S7lePuiQvKhefrPCBzOrFiOQW3
enCryptMethodJD: function test(tk,fp,ts,ai,algo){var rd='fvDtSdaMyHY7';var str=`${tk}${fp}${ts}${ai}${rd}`;return algo.SHA256(str)}

团活动ID: GAy1vgkXvnWFyGhxfH-ZvA==
有效时间：2022/02/01 00:00:00 - 2022/04/30 23:59:59
团ID已过期

团活动ID: NdcqpdxDfx3ttnfLhvbT1A==
有效时间：2022/01/31 00:00:00 - 2022/02/28 23:59:59
团ID已过期

团活动ID: xeqnltMDk5x_VWiD8Bq1_A==
有效时间：2021/11/12 00:00:00 - 2022/01/30 23:59:59
团ID已过期

团活动ID: tCo0qqjNLYX_v3sjUL8RcQ==
有效时间：2021/08/01 00:00:00 - 2021/09/30 23:59:59
团ID已过期

******开始【京东账号1】jd_56ac883b2ee02*********

【提示】京东账号1[jd_56ac883b2ee02]京喜工厂活动未开始
请手动去京东APP->游戏与互动->查看更多->京喜工厂 开启活动



你今日还能帮好友打工（3/3）次


【今日招工进度】0/8

******开始【京东账号2】jd_72476e50d1b0e*********

【提示】京东账号2[jd_72476e50d1b0e]京喜工厂活动未开始
请手动去京东APP->游戏与互动->查看更多->京喜工厂 开启活动



你今日还能帮好友打工（3/3）次


【今日招工进度】0/8
第1个京东账号的助力码:::6lw84c1ARwpoRyOtfnF77g==@J1t777njetfQcyEg57lzQA==@W9u_eBl3YKbSjXu0QP3HGQ==@VV55A_oKz5u5CYrL3jxPdg==
开始
随机取20个码放到您固定的互助码后面(不影响已有固定互助)
第1个京东账号将要助力的好友["6lw84c1ARwpoRyOtfnF77g==","J1t777njetfQcyEg57lzQA==","W9u_eBl3YKbSjXu0QP3HGQ==","VV55A_oKz5u5CYrL3jxPdg==","ffUotoE62qgQQzwT6bc3cA==","0eCBZ4DXJwty6qgZhSAmQw==","KvqKCvgzCL8z0DELrYmyVA==","YmaAP8QPqHVX_IsdljfSVw==","SkH5_y5ZYAWxPY66dJkqqQ==","EDw-S-LA8n99PEU5Nu3q4g==","Fka17Rg6Q-RcWFx2zz0M6g==","a1j_C-J_ZZjVP-qirMIx5Q==","Rc_6DYPe-Fr4yM1pUNTw_g==","yE_7bZ_f5GJB37g8XxgWGQ==","XOBMIfMFuwKqABTCYMz8gg==","8EICircD2azWa1AuxGHsrQ==","fybpAWsIURX1ff3ZGM3eoQ==","a7ylriWuDdny-wMExwnf1A==","syqqBxZlXCYM4mnvFtIlrg==","_SXAcqMyVBZhEIXjLu2HRw==","2_4cdwL2IThT_IMI6iQ3ow==","FdC6J-MkWL2itelzappZmQ==","mKLyQfv_e9K_jEyeiq__2Q==","1Kv2lpp_8dNXaWI16eQgNw=="]
您未填写助力码变量，开始账号内互助，再帮【zero205】助力
助力朋友[6lw84c1ARwpoRyOtfnF77g==]失败：亲,好友的工厂暂未开启,不能去好友工厂打工啦!
助力朋友[J1t777njetfQcyEg57lzQA==]失败：亲,好友的工厂暂未开启,不能去好友工厂打工啦!
助力朋友[W9u_eBl3YKbSjXu0QP3HGQ==]失败：亲,好友的工厂暂未开启,不能去好友工厂打工啦!
助力朋友[VV55A_oKz5u5CYrL3jxPdg==]失败：亲,好友的工厂暂未开启,不能去好友工厂打工啦!
助力朋友[ffUotoE62qgQQzwT6bc3cA==]失败：亲,好友的工厂暂未开启,不能去好友工厂打工啦!
助力朋友[0eCBZ4DXJwty6qgZhSAmQw==]失败：亲,好友的工厂暂未开启,不能去好友工厂打工啦!
助力朋友[KvqKCvgzCL8z0DELrYmyVA==]失败：亲,好友的工厂暂未开启,不能去好友工厂打工啦!
助力朋友[YmaAP8QPqHVX_IsdljfSVw==]失败：亲,好友的工厂暂未开启,不能去好友工厂打工啦!
助力朋友[SkH5_y5ZYAWxPY66dJkqqQ==]失败：亲,好友的工厂暂未开启,不能去好友工厂打工啦!
助力朋友[EDw-S-LA8n99PEU5Nu3q4g==]失败：亲,好友的工厂暂未开启,不能去好友工厂打工啦!
助力朋友[Fka17Rg6Q-RcWFx2zz0M6g==]失败：亲,好友的工厂暂未开启,不能去好友工厂打工啦!
助力朋友[a1j_C-J_ZZjVP-qirMIx5Q==]失败：亲,好友的工厂暂未开启,不能去好友工厂打工啦!
助力朋友[Rc_6DYPe-Fr4yM1pUNTw_g==]失败：亲,好友的工厂暂未开启,不能去好友工厂打工啦!
助力朋友[yE_7bZ_f5GJB37g8XxgWGQ==]失败：亲,好友的工厂暂未开启,不能去好友工厂打工啦!
助力朋友[XOBMIfMFuwKqABTCYMz8gg==]失败：亲,好友的工厂暂未开启,不能去好友工厂打工啦!
助力朋友[8EICircD2azWa1AuxGHsrQ==]失败：亲,好友的工厂暂未开启,不能去好友工厂打工啦!
助力朋友[fybpAWsIURX1ff3ZGM3eoQ==]失败：亲,好友的工厂暂未开启,不能去好友工厂打工啦!
助力朋友[a7ylriWuDdny-wMExwnf1A==]失败：亲,好友的工厂的工人已经满员了,不能去好友工厂打工啦!
助力朋友[syqqBxZlXCYM4mnvFtIlrg==]失败：亲,好友的工厂暂未开启,不能去好友工厂打工啦!
助力朋友[_SXAcqMyVBZhEIXjLu2HRw==]失败：亲,好友的工厂暂未开启,不能去好友工厂打工啦!
助力朋友[2_4cdwL2IThT_IMI6iQ3ow==]失败：亲,好友的工厂暂未开启,不能去好友工厂打工啦!
助力朋友[FdC6J-MkWL2itelzappZmQ==]失败：亲,好友的工厂暂未开启,不能去好友工厂打工啦!
助力朋友[mKLyQfv_e9K_jEyeiq__2Q==]失败：亲,好友的工厂暂未开启,不能去好友工厂打工啦!
助力朋友[1Kv2lpp_8dNXaWI16eQgNw==]失败：亲,好友的工厂暂未开启,不能去好友工厂打工啦!
第2个京东账号的助力码:::6lw84c1ARwpoRyOtfnF77g==@J1t777njetfQcyEg57lzQA==@W9u_eBl3YKbSjXu0QP3HGQ==@VV55A_oKz5u5CYrL3jxPdg==
开始
随机取20个码放到您固定的互助码后面(不影响已有固定互助)
第2个京东账号将要助力的好友["6lw84c1ARwpoRyOtfnF77g==","J1t777njetfQcyEg57lzQA==","W9u_eBl3YKbSjXu0QP3HGQ==","VV55A_oKz5u5CYrL3jxPdg==","Ifmz-7jegIRP_AvUtrgGcQ==","QXX5YfFeOkraB62UTycsBg==","Y16OBEnJUzf8zxZowiEpaA==","CTs2XAMOhWje15b5IZJqFw==","fqrfFgP6GG3j7m65-cqfSg==","Ob3j4YOKs0CRfU12At-q4g==","SCoFqxZyEnudIRLmDdxRww==","ejukJmzmcXJXXWjAc_rbMg==","Fka17Rg6Q-RcWFx2zz0M6g==","sKMFMFcyyEAJZaCka0npEA==","ayo4SzotdAzCPiQ3bAcucg==","21kTw42DfG_jKmT8ofSlJw==","QVs-6RyjbyeMXFAAy-FqSg==","-DHS0dcjAOdnpL8x7foRdA==","rDByEn-vbdsCjJAin4fsaA==","yylXMHqC7JCvOwXPekKoZA==","xHncn0FJmQUfwv9fWcVSeA==","xR_3pOtcelaoFfEidZeebg==","Kb45MB393lsmkmnTfbgUyg==","ZDt2Xq5uYletiW85xr-xWw=="]
您未填写助力码变量，开始账号内互助，再帮【zero205】助力
助力朋友[6lw84c1ARwpoRyOtfnF77g==]失败：亲,好友的工厂暂未开启,不能去好友工厂打工啦!
助力朋友[J1t777njetfQcyEg57lzQA==]失败：亲,好友的工厂暂未开启,不能去好友工厂打工啦!
助力朋友[W9u_eBl3YKbSjXu0QP3HGQ==]失败：亲,好友的工厂暂未开启,不能去好友工厂打工啦!
助力朋友[VV55A_oKz5u5CYrL3jxPdg==]失败：亲,好友的工厂暂未开启,不能去好友工厂打工啦!
助力朋友[Ifmz-7jegIRP_AvUtrgGcQ==]失败：亲,好友的工厂暂未开启,不能去好友工厂打工啦!
助力朋友[QXX5YfFeOkraB62UTycsBg==]失败：亲,好友的工厂暂未开启,不能去好友工厂打工啦!
助力朋友[Y16OBEnJUzf8zxZowiEpaA==]失败：亲,好友的工厂暂未开启,不能去好友工厂打工啦!
助力朋友[CTs2XAMOhWje15b5IZJqFw==]失败：亲,好友的工厂暂未开启,不能去好友工厂打工啦!
助力朋友[fqrfFgP6GG3j7m65-cqfSg==]失败：亲,好友的工厂的工人已经满员了,不能去好友工厂打工啦!
助力朋友[Ob3j4YOKs0CRfU12At-q4g==]失败：亲,好友的工厂暂未开启,不能去好友工厂打工啦!
助力朋友[SCoFqxZyEnudIRLmDdxRww==]失败：亲,好友的工厂暂未开启,不能去好友工厂打工啦!
助力朋友[ejukJmzmcXJXXWjAc_rbMg==]失败：亲,好友的工厂暂未开启,不能去好友工厂打工啦!
助力朋友[Fka17Rg6Q-RcWFx2zz0M6g==]失败：亲,好友的工厂暂未开启,不能去好友工厂打工啦!
助力朋友[sKMFMFcyyEAJZaCka0npEA==]失败：亲,好友的工厂的工人已经满员了,不能去好友工厂打工啦!
助力朋友[ayo4SzotdAzCPiQ3bAcucg==]失败：亲,好友的工厂暂未开启,不能去好友工厂打工啦!
助力朋友[21kTw42DfG_jKmT8ofSlJw==]失败：亲,好友的工厂暂未开启,不能去好友工厂打工啦!
助力朋友[QVs-6RyjbyeMXFAAy-FqSg==]失败：亲,好友的工厂暂未开启,不能去好友工厂打工啦!
助力朋友[-DHS0dcjAOdnpL8x7foRdA==]失败：亲,好友的工厂暂未开启,不能去好友工厂打工啦!
助力朋友[rDByEn-vbdsCjJAin4fsaA==]失败：亲,好友的工厂暂未开启,不能去好友工厂打工啦!
助力朋友[yylXMHqC7JCvOwXPekKoZA==]失败：亲,好友的工厂暂未开启,不能去好友工厂打工啦!
助力朋友[xHncn0FJmQUfwv9fWcVSeA==]失败：亲,好友的工厂暂未开启,不能去好友工厂打工啦!
助力朋友[xR_3pOtcelaoFfEidZeebg==]失败：亲,好友的工厂暂未开启,不能去好友工厂打工啦!
助力朋友[Kb45MB393lsmkmnTfbgUyg==]失败：亲,好友的工厂暂未开启,不能去好友工厂打工啦!
助力朋友[ZDt2Xq5uYletiW85xr-xWw==]失败：亲,好友的工厂暂未开启,不能去好友工厂打工啦!

🔔京喜工厂, 结束! 🕛 11.321 秒


## 执行结束... 2022-05-07 23:13:40 耗时 18 秒
