## 开始执行... 2022-05-07 20:13:43


🔔京喜工厂, 开始!
您的cookie选择的是用&隔开


====================共有2个京东账号Cookie=========

==================脚本执行- 北京时间(UTC+8)：2022/5/7 20:13:44=====================

【注意】本脚本默认会给助力池进行助力！
如需加入助力池请添加TG群：https://t.me/jd_zero_205
如不加入助力池互助，可添加变量名称：JD_JOIN_ZLC，变量值：false

开始获取京喜工厂配置文件

共2个京东账号

您提供了2个账号的京喜工厂助力码

获取签名参数成功！
fp: 3630394437248165
token: tk01w591a1a8f30n8dgG47gBQlCL/j1+UUWJRkyXNKPBFTa3MXAXeJcFslX1wUHW6GmXn6J/49A7R09cJs9SyuZDVibt
enCryptMethodJD: function test(tk,fp,ts,ai,algo){var rd='dgG47gBQlCLk';var str=`${tk}${fp}${ts}${ai}${rd}`;return algo.HmacSHA256(str,tk)}

团活动ID: GAy1vgkXvnWFyGhxfH-ZvA==
有效时间：2022/02/01 00:00:00 - 2022/04/30 23:59:59
团ID已过期

团活动ID: NdcqpdxDfx3ttnfLhvbT1A==
有效时间：2022/01/31 00:00:00 - 2022/02/28 23:59:59
团ID已过期

团活动ID: xeqnltMDk5x_VWiD8Bq1_A==
有效时间：2021/11/12 00:00:00 - 2022/01/30 23:59:59
团ID已过期

团活动ID: tCo0qqjNLYX_v3sjUL8RcQ==
有效时间：2021/08/01 00:00:00 - 2021/09/30 23:59:59
团ID已过期

******开始【京东账号1】jd_56ac883b2ee02*********

【提示】京东账号1[jd_56ac883b2ee02]京喜工厂活动未开始
请手动去京东APP->游戏与互动->查看更多->京喜工厂 开启活动



你今日还能帮好友打工（3/3）次


【今日招工进度】0/8

******开始【京东账号2】jd_72476e50d1b0e*********

【提示】京东账号2[jd_72476e50d1b0e]京喜工厂活动未开始
请手动去京东APP->游戏与互动->查看更多->京喜工厂 开启活动



你今日还能帮好友打工（3/3）次


【今日招工进度】0/8
第1个京东账号的助力码:::6lw84c1ARwpoRyOtfnF77g==@J1t777njetfQcyEg57lzQA==@W9u_eBl3YKbSjXu0QP3HGQ==@VV55A_oKz5u5CYrL3jxPdg==
开始
第1个京东账号将要助力的好友["6lw84c1ARwpoRyOtfnF77g==","J1t777njetfQcyEg57lzQA==","W9u_eBl3YKbSjXu0QP3HGQ==","VV55A_oKz5u5CYrL3jxPdg=="]
您未填写助力码变量，开始账号内互助，再帮【zero205】助力
助力朋友[6lw84c1ARwpoRyOtfnF77g==]失败：亲,好友的工厂暂未开启,不能去好友工厂打工啦!
助力朋友[J1t777njetfQcyEg57lzQA==]失败：亲,好友的工厂暂未开启,不能去好友工厂打工啦!
助力朋友[W9u_eBl3YKbSjXu0QP3HGQ==]失败：亲,好友的工厂暂未开启,不能去好友工厂打工啦!
助力朋友[VV55A_oKz5u5CYrL3jxPdg==]失败：亲,好友的工厂暂未开启,不能去好友工厂打工啦!
第2个京东账号的助力码:::6lw84c1ARwpoRyOtfnF77g==@J1t777njetfQcyEg57lzQA==@W9u_eBl3YKbSjXu0QP3HGQ==@VV55A_oKz5u5CYrL3jxPdg==
开始
随机取20个码放到您固定的互助码后面(不影响已有固定互助)
第2个京东账号将要助力的好友["6lw84c1ARwpoRyOtfnF77g==","J1t777njetfQcyEg57lzQA==","W9u_eBl3YKbSjXu0QP3HGQ==","VV55A_oKz5u5CYrL3jxPdg==","aRRVeU1ZB-Joi4gd2QmhWg==","wz-EkzZM60PGA5xRXt43Bw==","R8UeVHG6HUJNFjKVmF7aLg==","sBnC3suA1g6OmSpy2QNiSg==","GFO0z6vOFru-XzhBP62HkA==","SxOM78ZVwzLIVWHtYJ5qiw==","u7Tng839KoEHbuAQRc6VEQ==","XPfyOOuVG2CbHbm-Dvx1PQ==","7Orp0Vqppzkt6VwWx3k-Lg==","80SAdViVh9PinTE2WAph7A==","e8Jqd12u7ihxZDzw5xvLOg==","yJs1XwPcDacUYSnfRzaTJw==","pq8ax3flsyEDCKIglWfccw==","8G536EVdZ1chMXKZLzWOog==","_3atU3zijnBU99ZiQcRZLw==","eBuPNQ4agWeAroIKEIP_DA==","882PydEQ1RtEPOQyIOgTMQ==","tmFZ1iOiqChRWaM_PyMjQA==","F2Q-CGCT4CRTjVyP3W0D4Q==","-PvNMn54k0zLTDo64LF7rg=="]
您未填写助力码变量，开始账号内互助，再帮【zero205】助力
助力朋友[6lw84c1ARwpoRyOtfnF77g==]失败：亲,好友的工厂暂未开启,不能去好友工厂打工啦!
助力朋友[J1t777njetfQcyEg57lzQA==]失败：亲,好友的工厂暂未开启,不能去好友工厂打工啦!
助力朋友[W9u_eBl3YKbSjXu0QP3HGQ==]失败：亲,好友的工厂暂未开启,不能去好友工厂打工啦!
助力朋友[VV55A_oKz5u5CYrL3jxPdg==]失败：亲,好友的工厂暂未开启,不能去好友工厂打工啦!
助力朋友[aRRVeU1ZB-Joi4gd2QmhWg==]失败：亲,好友的工厂暂未开启,不能去好友工厂打工啦!
助力朋友[wz-EkzZM60PGA5xRXt43Bw==]失败：亲,好友的工厂暂未开启,不能去好友工厂打工啦!
助力朋友[R8UeVHG6HUJNFjKVmF7aLg==]失败：亲,好友的工厂暂未开启,不能去好友工厂打工啦!
助力朋友[sBnC3suA1g6OmSpy2QNiSg==]失败：亲,好友的工厂暂未开启,不能去好友工厂打工啦!
助力朋友[GFO0z6vOFru-XzhBP62HkA==]失败：亲,好友的工厂暂未开启,不能去好友工厂打工啦!
助力朋友[SxOM78ZVwzLIVWHtYJ5qiw==]失败：亲,好友的工厂暂未开启,不能去好友工厂打工啦!
助力朋友[u7Tng839KoEHbuAQRc6VEQ==]失败：亲,好友的工厂暂未开启,不能去好友工厂打工啦!
助力朋友[XPfyOOuVG2CbHbm-Dvx1PQ==]失败：亲,好友的工厂暂未开启,不能去好友工厂打工啦!
助力朋友[7Orp0Vqppzkt6VwWx3k-Lg==]失败：亲,好友的工厂暂未开启,不能去好友工厂打工啦!
助力朋友[80SAdViVh9PinTE2WAph7A==]失败：亲,好友的工厂暂未开启,不能去好友工厂打工啦!
助力朋友[e8Jqd12u7ihxZDzw5xvLOg==]失败：亲,好友的工厂暂未开启,不能去好友工厂打工啦!
助力朋友[yJs1XwPcDacUYSnfRzaTJw==]失败：亲,好友的工厂暂未开启,不能去好友工厂打工啦!
助力朋友[pq8ax3flsyEDCKIglWfccw==]失败：亲,好友的工厂暂未开启,不能去好友工厂打工啦!
助力朋友[8G536EVdZ1chMXKZLzWOog==]失败：亲,好友的工厂暂未开启,不能去好友工厂打工啦!
助力朋友[_3atU3zijnBU99ZiQcRZLw==]失败：亲,好友的工厂暂未开启,不能去好友工厂打工啦!
助力朋友[eBuPNQ4agWeAroIKEIP_DA==]失败：亲,好友的工厂暂未开启,不能去好友工厂打工啦!
助力朋友[882PydEQ1RtEPOQyIOgTMQ==]失败：亲,好友的工厂暂未开启,不能去好友工厂打工啦!
助力朋友[tmFZ1iOiqChRWaM_PyMjQA==]失败：亲,好友的工厂暂未开启,不能去好友工厂打工啦!
助力朋友[F2Q-CGCT4CRTjVyP3W0D4Q==]失败：亲,好友的工厂暂未开启,不能去好友工厂打工啦!
助力朋友[-PvNMn54k0zLTDo64LF7rg==]失败：亲,好友的工厂暂未开启,不能去好友工厂打工啦!

🔔京喜工厂, 结束! 🕛 25.968 秒

"Timeout awaiting 'request' for 10000ms"
京喜工厂 API请求失败，请检查网路重试

## 执行结束... 2022-05-07 20:14:20 耗时 37 秒
