## 开始执行... 2022-05-07 18:10:52


🔔京喜工厂, 开始!
您的cookie选择的是用&隔开


====================共有2个京东账号Cookie=========

==================脚本执行- 北京时间(UTC+8)：2022/5/7 18:10:52=====================

【注意】本脚本默认会给助力池进行助力！
如需加入助力池请添加TG群：https://t.me/jd_zero_205
如不加入助力池互助，可添加变量名称：JD_JOIN_ZLC，变量值：false

开始获取京喜工厂配置文件

共2个京东账号

您提供了2个账号的京喜工厂助力码

获取签名参数成功！
fp: 8356220744358165
token: tk01wa22c1c2e30nE1EQUHkbJ8OG7aOGHKtkVkoXw9dlxlkr1JMKIuRpx4uwclJX7GP/NogLXtcSLg6pUNjm/2FEc7ai
enCryptMethodJD: function test(tk,fp,ts,ai,algo){var rd='1EQUHkbJ8OGk';var str=`${tk}${fp}${ts}${ai}${rd}`;return algo.HmacSHA256(str,tk)}

团活动ID: GAy1vgkXvnWFyGhxfH-ZvA==
有效时间：2022/02/01 00:00:00 - 2022/04/30 23:59:59
团ID已过期

团活动ID: NdcqpdxDfx3ttnfLhvbT1A==
有效时间：2022/01/31 00:00:00 - 2022/02/28 23:59:59
团ID已过期

团活动ID: xeqnltMDk5x_VWiD8Bq1_A==
有效时间：2021/11/12 00:00:00 - 2022/01/30 23:59:59
团ID已过期

团活动ID: tCo0qqjNLYX_v3sjUL8RcQ==
有效时间：2021/08/01 00:00:00 - 2021/09/30 23:59:59
团ID已过期

******开始【京东账号1】jd_56ac883b2ee02*********

【提示】京东账号1[jd_56ac883b2ee02]京喜工厂活动未开始
请手动去京东APP->游戏与互动->查看更多->京喜工厂 开启活动



你今日还能帮好友打工（3/3）次


【今日招工进度】0/8

******开始【京东账号2】jd_72476e50d1b0e*********

【提示】京东账号2[jd_72476e50d1b0e]京喜工厂活动未开始
请手动去京东APP->游戏与互动->查看更多->京喜工厂 开启活动



你今日还能帮好友打工（3/3）次


【今日招工进度】0/8
第1个京东账号的助力码:::6lw84c1ARwpoRyOtfnF77g==@J1t777njetfQcyEg57lzQA==@W9u_eBl3YKbSjXu0QP3HGQ==@VV55A_oKz5u5CYrL3jxPdg==
开始
第1个京东账号将要助力的好友["6lw84c1ARwpoRyOtfnF77g==","J1t777njetfQcyEg57lzQA==","W9u_eBl3YKbSjXu0QP3HGQ==","VV55A_oKz5u5CYrL3jxPdg=="]
您未填写助力码变量，开始账号内互助，再帮【zero205】助力
助力朋友[6lw84c1ARwpoRyOtfnF77g==]失败：亲,好友的工厂暂未开启,不能去好友工厂打工啦!
助力朋友[J1t777njetfQcyEg57lzQA==]失败：亲,好友的工厂暂未开启,不能去好友工厂打工啦!
助力朋友[W9u_eBl3YKbSjXu0QP3HGQ==]失败：亲,好友的工厂暂未开启,不能去好友工厂打工啦!
助力朋友[VV55A_oKz5u5CYrL3jxPdg==]失败：亲,好友的工厂暂未开启,不能去好友工厂打工啦!
第2个京东账号的助力码:::6lw84c1ARwpoRyOtfnF77g==@J1t777njetfQcyEg57lzQA==@W9u_eBl3YKbSjXu0QP3HGQ==@VV55A_oKz5u5CYrL3jxPdg==
开始
第2个京东账号将要助力的好友["6lw84c1ARwpoRyOtfnF77g==","J1t777njetfQcyEg57lzQA==","W9u_eBl3YKbSjXu0QP3HGQ==","VV55A_oKz5u5CYrL3jxPdg=="]
您未填写助力码变量，开始账号内互助，再帮【zero205】助力
助力朋友[6lw84c1ARwpoRyOtfnF77g==]失败：亲,好友的工厂暂未开启,不能去好友工厂打工啦!
助力朋友[J1t777njetfQcyEg57lzQA==]失败：亲,好友的工厂暂未开启,不能去好友工厂打工啦!
助力朋友[W9u_eBl3YKbSjXu0QP3HGQ==]失败：亲,好友的工厂暂未开启,不能去好友工厂打工啦!
助力朋友[VV55A_oKz5u5CYrL3jxPdg==]失败：亲,好友的工厂暂未开启,不能去好友工厂打工啦!

🔔京喜工厂, 结束! 🕛 24.35 秒

"Timeout awaiting 'request' for 10000ms"
京喜工厂 API请求失败，请检查网路重试
"Timeout awaiting 'request' for 10000ms"
京喜工厂 API请求失败，请检查网路重试

## 执行结束... 2022-05-07 18:11:39 耗时 47 秒
