## 开始执行... 2022-05-07 17:13:40


🔔京喜工厂, 开始!
您的cookie选择的是用&隔开


====================共有2个京东账号Cookie=========

==================脚本执行- 北京时间(UTC+8)：2022/5/7 17:13:40=====================

【注意】本脚本默认会给助力池进行助力！
如需加入助力池请添加TG群：https://t.me/jd_zero_205
如不加入助力池互助，可添加变量名称：JD_JOIN_ZLC，变量值：false

开始获取京喜工厂配置文件

共2个京东账号

您提供了2个账号的京喜工厂助力码

获取签名参数成功！
fp: 9331034432792165
token: tk01wb2c11c6330nbksIjOM9fwiZ3haFoNIXQp4GQlpNXkEBiG1LGgRlow/Kmh2kTC7Sx2G90z8bNHvdzpkECw8f/gop
enCryptMethodJD: function test(tk,fp,ts,ai,algo){var rd='ksIjOM9fwiZY';var str=`${tk}${fp}${ts}${ai}${rd}`;return algo.HmacMD5(str,tk)}

团活动ID: GAy1vgkXvnWFyGhxfH-ZvA==
有效时间：2022/02/01 00:00:00 - 2022/04/30 23:59:59
团ID已过期

团活动ID: NdcqpdxDfx3ttnfLhvbT1A==
有效时间：2022/01/31 00:00:00 - 2022/02/28 23:59:59
团ID已过期

团活动ID: xeqnltMDk5x_VWiD8Bq1_A==
有效时间：2021/11/12 00:00:00 - 2022/01/30 23:59:59
团ID已过期

团活动ID: tCo0qqjNLYX_v3sjUL8RcQ==
有效时间：2021/08/01 00:00:00 - 2021/09/30 23:59:59
团ID已过期

******开始【京东账号1】jd_72476e50d1b0e*********

GetUserInfo异常：{"msg":"登录京东账号才可以继续游戏哦~","nowTime":1651914822,"ret":10001}
QueryFriendList异常：{"msg":"亲,您还未登陆,正在为您跳转至登录页面...","nowTime":1651914822,"ret":10001}

******开始【京东账号2】jd_56ac883b2ee02*********

GetUserInfo异常：{"msg":"登录京东账号才可以继续游戏哦~","nowTime":1651914823,"ret":10001}
QueryFriendList异常：{"msg":"亲,您还未登陆,正在为您跳转至登录页面...","nowTime":1651914823,"ret":10001}
第1个京东账号的助力码:::6lw84c1ARwpoRyOtfnF77g==@J1t777njetfQcyEg57lzQA==@W9u_eBl3YKbSjXu0QP3HGQ==@VV55A_oKz5u5CYrL3jxPdg==
开始
第1个京东账号将要助力的好友["6lw84c1ARwpoRyOtfnF77g==","J1t777njetfQcyEg57lzQA==","W9u_eBl3YKbSjXu0QP3HGQ==","VV55A_oKz5u5CYrL3jxPdg=="]
您未填写助力码变量，开始账号内互助，再帮【zero205】助力
助力朋友[6lw84c1ARwpoRyOtfnF77g==]失败：亲,您还未登陆,正在为您跳转至登录页面...
助力朋友[J1t777njetfQcyEg57lzQA==]失败：亲,您还未登陆,正在为您跳转至登录页面...
助力朋友[W9u_eBl3YKbSjXu0QP3HGQ==]失败：亲,您还未登陆,正在为您跳转至登录页面...
助力朋友[VV55A_oKz5u5CYrL3jxPdg==]失败：亲,您还未登陆,正在为您跳转至登录页面...
第2个京东账号的助力码:::6lw84c1ARwpoRyOtfnF77g==@J1t777njetfQcyEg57lzQA==@W9u_eBl3YKbSjXu0QP3HGQ==@VV55A_oKz5u5CYrL3jxPdg==
开始
随机取20个码放到您固定的互助码后面(不影响已有固定互助)
第2个京东账号将要助力的好友["6lw84c1ARwpoRyOtfnF77g==","J1t777njetfQcyEg57lzQA==","W9u_eBl3YKbSjXu0QP3HGQ==","VV55A_oKz5u5CYrL3jxPdg==","Ap6xsEAIx_pal2UaCV4iMA==","WcEZRoxBV8gLseVuxqc2EQ==","GoyZVCG1KyUPhB41prQvWw==","zfzfIAZfofudGQCnck0UIg==","6ED8c55RdNTqZoiRD-ftWA==","QXnOs6qEqhSJqzZxJOHRAg==","8I9Davys-x4V2EGqmzGW9A==","3jeJ2qgFTQl7qcIwZVIi9g==","0K9lKhTikKiJdvON_dcX1A==","P-bePcJewntjiWcuO8ACRA==","wdUs0RGPXF1xFNZeamxH2w==","DsaXjO5EOqeajjkAOlTUvw==","m_GPDUTNggGflKBlQLcetA==","xV1619imQwczluuUzEIVKA==","b6onvhLfL7Mh0plGQwOcmQ==","mrVXaT9lbcNGSz5BXzpGYw==","xoGvcKY-c-TBLeD682m9Lg==","B_TZR5fuKvaRfyLpeUrRrw==","SaKk5ZR9fScfv5xWQB6Lag==","we2V-JixfxxT0g_3YfAGsw=="]
您未填写助力码变量，开始账号内互助，再帮【zero205】助力
助力朋友[6lw84c1ARwpoRyOtfnF77g==]失败：亲,您还未登陆,正在为您跳转至登录页面...
助力朋友[J1t777njetfQcyEg57lzQA==]失败：亲,您还未登陆,正在为您跳转至登录页面...
助力朋友[W9u_eBl3YKbSjXu0QP3HGQ==]失败：亲,您还未登陆,正在为您跳转至登录页面...
助力朋友[VV55A_oKz5u5CYrL3jxPdg==]失败：亲,您还未登陆,正在为您跳转至登录页面...
助力朋友[Ap6xsEAIx_pal2UaCV4iMA==]失败：亲,您还未登陆,正在为您跳转至登录页面...
助力朋友[WcEZRoxBV8gLseVuxqc2EQ==]失败：亲,您还未登陆,正在为您跳转至登录页面...
助力朋友[GoyZVCG1KyUPhB41prQvWw==]失败：亲,您还未登陆,正在为您跳转至登录页面...
助力朋友[zfzfIAZfofudGQCnck0UIg==]失败：亲,您还未登陆,正在为您跳转至登录页面...
助力朋友[6ED8c55RdNTqZoiRD-ftWA==]失败：亲,您还未登陆,正在为您跳转至登录页面...
助力朋友[QXnOs6qEqhSJqzZxJOHRAg==]失败：亲,您还未登陆,正在为您跳转至登录页面...
助力朋友[8I9Davys-x4V2EGqmzGW9A==]失败：亲,您还未登陆,正在为您跳转至登录页面...
助力朋友[3jeJ2qgFTQl7qcIwZVIi9g==]失败：亲,您还未登陆,正在为您跳转至登录页面...
助力朋友[0K9lKhTikKiJdvON_dcX1A==]失败：亲,您还未登陆,正在为您跳转至登录页面...
助力朋友[P-bePcJewntjiWcuO8ACRA==]失败：亲,您还未登陆,正在为您跳转至登录页面...
助力朋友[wdUs0RGPXF1xFNZeamxH2w==]失败：亲,您还未登陆,正在为您跳转至登录页面...
助力朋友[DsaXjO5EOqeajjkAOlTUvw==]失败：亲,您还未登陆,正在为您跳转至登录页面...
助力朋友[m_GPDUTNggGflKBlQLcetA==]失败：亲,您还未登陆,正在为您跳转至登录页面...
助力朋友[xV1619imQwczluuUzEIVKA==]失败：亲,您还未登陆,正在为您跳转至登录页面...
助力朋友[b6onvhLfL7Mh0plGQwOcmQ==]失败：亲,您还未登陆,正在为您跳转至登录页面...
助力朋友[mrVXaT9lbcNGSz5BXzpGYw==]失败：亲,您还未登陆,正在为您跳转至登录页面...
助力朋友[xoGvcKY-c-TBLeD682m9Lg==]失败：亲,您还未登陆,正在为您跳转至登录页面...
助力朋友[B_TZR5fuKvaRfyLpeUrRrw==]失败：亲,您还未登陆,正在为您跳转至登录页面...
助力朋友[SaKk5ZR9fScfv5xWQB6Lag==]失败：亲,您还未登陆,正在为您跳转至登录页面...
助力朋友[we2V-JixfxxT0g_3YfAGsw==]失败：亲,您还未登陆,正在为您跳转至登录页面...

🔔京喜工厂, 结束! 🕛 25.375 秒

"Timeout awaiting 'request' for 10000ms"
京喜工厂 API请求失败，请检查网路重试

## 执行结束... 2022-05-07 17:14:16 耗时 36 秒
