## 开始执行... 2022-05-07 18:09:10


🔔东东农场, 开始!
【注意】本脚本默认会给助力池进行助力！
如需加入助力池请添加TG群：https://t.me/jd_zero_205
如不加入助力池互助，可添加变量名称：JD_JOIN_ZLC，变量值：false

开始获取配置文件

您的cookie选择的是用&隔开


====================共有2个京东账号Cookie=========

==================脚本执行- 北京时间(UTC+8)：2022/5/7 18:09:10=====================

您secret里面未提供助力码，优先进行自己账号内互助，然后再给脚本内置的码进行助力，请知晓！
共2个京东账号

您提供了2个账号的农场助力码

开始收集您的互助码，用于账号内部互助，请稍等...

开始【京东账号1】Wang_Happy_


【京东账号1（jd_56ac883b2ee02）的东东农场好友互助码】3307dda3470e4e679a94b89338f92e21


开始【京东账号2】蓝闺q


【京东账号2（jd_72476e50d1b0e）的东东农场好友互助码】9866ec51345e413c9c4c3bbc9b49bca5


开始【京东账号1】Wang_Happy_

第1个京东账号的助力码:::35fcfda6d3af48e7afe79f5e18a39e55@5a41b6db624346cdbe347b61279fda8f@3fa4d41fe66e47bd8a9549e33e3b9b54@5dc8a7b9f4544a8ca79f8cf62d0c7623@4918db5a466c4332843c75064a5a3880@9b8419ddb29240468d06edfd61fa642e
您未填写助力码变量，优先进行账号内互助，再帮【zero205】助力
随机取20个码放到您固定的互助码后面(不影响已有固定互助)
第1个京东账号将要助力的好友["3307dda3470e4e679a94b89338f92e21","9866ec51345e413c9c4c3bbc9b49bca5","35fcfda6d3af48e7afe79f5e18a39e55","5a41b6db624346cdbe347b61279fda8f","3fa4d41fe66e47bd8a9549e33e3b9b54","5dc8a7b9f4544a8ca79f8cf62d0c7623","4918db5a466c4332843c75064a5a3880","9b8419ddb29240468d06edfd61fa642e","63b5cc9a796249c1ae04fa286ea09411","06fecdbe48ee4c9dbb7bb336180b237d","2dd519e5477345e9bd4d4b865999fffc","93186f56e84d48ae920dd2e37fff6290","1159d60102e043a2b7e8addf442a9237","95d6eedb79d84bd8886a8243b4454866","067f9e0f26ea4a06b428933e5b1e9ca5","24c1da2f21a84ea3bb00ab9aba7ce622","7b7da1121c514776ade0b8cbfa9b3c29","493217000b7544289c43a42071876e78","766ec703ecb342deb4851842801a8125","080be7d6dd954136b8b7f1585f976b12","1e7f1af959c34e2eb1e5fd7f6c432455","99e568e2d17c4281aa29e3d446070991","550413435eaa42acb0b3ca91df42d786","3d41033f68e2439481e3993effbfbe62","f01e03ef5159472f99a2037d6594fc66","10b00012d7d64513b83620014bc595f5","bcbe22312cd0463da7af59cf81151001","105dbbdf37f441dab3460de39f21f56c"]

【已成功兑换水果】0次

开始助力好友
jd_56ac883b2ee02开始助力: 3307dda3470e4e679a94b89338f92e21
不能为自己助力哦，跳过自己的shareCode

jd_56ac883b2ee02开始助力: 9866ec51345e413c9c4c3bbc9b49bca5
【助力好友结果】: 已成功给【蓝闺q】助力
给好友【蓝闺q】助力获得2g水滴
【今日助力次数还剩】2次

jd_56ac883b2ee02开始助力: 35fcfda6d3af48e7afe79f5e18a39e55
【助力好友结果】: 好友【zero205】已满五人助力
【今日助力次数还剩】2次

jd_56ac883b2ee02开始助力: 5a41b6db624346cdbe347b61279fda8f
【助力好友结果】: 好友【xfa05】已满五人助力
【今日助力次数还剩】2次

jd_56ac883b2ee02开始助力: 3fa4d41fe66e47bd8a9549e33e3b9b54
【助力好友结果】: 好友【小慧】已满五人助力
【今日助力次数还剩】2次

jd_56ac883b2ee02开始助力: 5dc8a7b9f4544a8ca79f8cf62d0c7623
【助力好友结果】: 好友【jd135367pho】已满五人助力
【今日助力次数还剩】2次

jd_56ac883b2ee02开始助力: 4918db5a466c4332843c75064a5a3880
【助力好友结果】: 好友【jd_LyVyYIZjfyOm】已满五人助力
【今日助力次数还剩】2次

jd_56ac883b2ee02开始助力: 9b8419ddb29240468d06edfd61fa642e
【助力好友结果】: 好友【-慧小小-】已满五人助力
【今日助力次数还剩】2次

jd_56ac883b2ee02开始助力: 63b5cc9a796249c1ae04fa286ea09411
【助力好友结果】: 好友【jd_7723aad97de5b】已满五人助力
【今日助力次数还剩】2次

jd_56ac883b2ee02开始助力: 06fecdbe48ee4c9dbb7bb336180b237d
【助力好友结果】: 好友【jd_4083f77da7c99】已满五人助力
【今日助力次数还剩】2次

jd_56ac883b2ee02开始助力: 2dd519e5477345e9bd4d4b865999fffc
【助力好友结果】: 好友【d】已满五人助力
【今日助力次数还剩】2次

jd_56ac883b2ee02开始助力: 93186f56e84d48ae920dd2e37fff6290
【助力好友结果】: 已成功给【张张5553】助力
给好友【张张5553】助力获得2g水滴
【今日助力次数还剩】1次

jd_56ac883b2ee02开始助力: 1159d60102e043a2b7e8addf442a9237
【助力好友结果】: 好友【undefined】已满五人助力
【今日助力次数还剩】1次

jd_56ac883b2ee02开始助力: 95d6eedb79d84bd8886a8243b4454866
【助力好友结果】: 好友【欣羽i】已满五人助力
【今日助力次数还剩】1次

jd_56ac883b2ee02开始助力: 067f9e0f26ea4a06b428933e5b1e9ca5
【助力好友结果】: 好友【jd_131325szj】已满五人助力
【今日助力次数还剩】1次

jd_56ac883b2ee02开始助力: 24c1da2f21a84ea3bb00ab9aba7ce622
【助力好友结果】: 好友【jd_fHwzKopLHGxW】已满五人助力
【今日助力次数还剩】1次

jd_56ac883b2ee02开始助力: 7b7da1121c514776ade0b8cbfa9b3c29
【助力好友结果】: 好友【MrFantasticDz】已满五人助力
【今日助力次数还剩】1次

jd_56ac883b2ee02开始助力: 493217000b7544289c43a42071876e78
【助力好友结果】: 已成功给【jd_5f6ef22f9fe93】助力
给好友【jd_5f6ef22f9fe93】助力获得1g水滴
【今日助力次数还剩】0次

您当前助力次数已耗尽，跳出助力
【助力好友👬】获得5g💧

助力好友结束，即将开始领取额外水滴奖励


云南香水菠萝3斤种植中...


初始化任务列表
开始签到
签到结果:  {"code":"1","todayGotWaterGoalTask":{"getTodayGotWaterGoalTask":{"icon":"https://m.360buyimg.com/babel/jfs/t1/186081/16/10612/181675/60d2d993Eb70d6aab/910ee4b284c3d051.png","goalWater":100,"sendWater":5,"upMainTitle":"继续去逛逛农场","upSecondTitle":"为你送上5g水滴","link":"https://h5.m.jd.com/babelDiy/Zeus/CvMVbdFGXPiWFFPCc934RiJfMPu/index.html?babelChannel=ttt11","vendorid":"1","linkType":"H5"},"canPop":true},"statisticsTimes":null,"sysTime":1651918174047,"message":null}
被水滴砸中： 是
【被水滴砸中】获得5g💧\n
签到结束,开始广告浏览任务
今天已经做过浏览广告任务

当前不在定时领水时间断或者已经领过

给2个好友浇水任务已完成


今日已邀请好友0个 / 每日邀请上限4个
开始删除0个好友,可拿每天的邀请奖励
自己不能邀请自己成为好友噢

接收邀请成为好友结果成功,您已成为jd_4083f77da7c99的好友
接收邀请成为好友结果成功,您已成为d的好友
接收邀请成为好友结果成功,您已成为undefined的好友
接收邀请成为好友结果成功,您已成为jd_131325szj的好友
接收邀请成为好友结果成功,您已成为MrFantasticDz的好友
接收邀请成为好友结果成功,您已成为jd_139323cbf的好友
接收邀请成为好友结果成功,您已成为lokkk1的好友
接收邀请成为好友结果成功,您已成为联通5577的好友
接收邀请成为好友结果成功,您已成为上善ruoshui若水的好友
今日未邀请过好友
开始打卡领水活动（签到，关注，领券）
开始打卡领水活动（签到，关注，领券）结束

水滴雨任务，每天两次，最多可得10g水滴
两次水滴雨任务是否全部完成：否
`【第2次水滴雨】未到时间，请21:07:35再试

助力好友未达到2个
领取额外奖励水滴结束

是否到了领取免费赠送的抽奖机会----false
免费赠送的抽奖机会未到时间
浏览天天抽奖的第1个逛会场任务已完成
浏览天天抽奖的第2个逛会场任务已完成
浏览天天抽奖的第3个逛会场任务已完成
浏览天天抽奖的第4个逛会场任务已完成
浏览天天抽奖的第5个逛会场任务已完成
浏览天天抽奖的第6个逛会场任务已完成
开始天天抽奖--好友助力--每人每天只有三次助力机会.
天天抽奖-不能自己给自己助力

天天抽奖-助力蓝闺q成功

天天抽奖-助力jd_4083f77da7c99成功

天天抽奖-助力d成功

天天抽奖-助力张张5553失败,助力次数耗尽

---天天抽奖次数remainLotteryTimes----0次
天天抽奖--抽奖机会为0次

今日已完成10次浇水任务


初始化任务列表
首次浇水奖励已领取

finished 水果任务完成!

初始化任务列表
给好友浇水的25g水滴奖励已领取

小鸭子游戏达到上限
开始检查剩余水滴能否再次浇水再次浇水

剩余水滴103g

背包已有道具:
快速浇水卡:9张
水滴翻倍卡:0张
水滴换京豆卡:1张
加签卡:0张

目前剩余水滴：【103】g,不再继续浇水,保留部分水滴用于完成第二天【十次浇水得水滴】任务
开始预测水果成熟时间


初始化任务列表

==============📣系统通知📣==============
东东农场
【京东账号1】Wang_Happy_
【水果名称】云南香水菠萝3斤
【已兑换水果】0次
【您助力的好友👬】蓝闺q,张张5553,jd_5f6ef22f9fe93
【今日剩余助力👬】0次
【额外奖励】领取失败,原因：给您助力的人未达2个
【今日共浇水】12次
【剩余 水滴】103g💧
【水果🍉进度】58.22%，已浇水131次,还需94次
【预测】7天之后(2022-05-14日)可兑换水果🍉

开始【京东账号2】蓝闺q

第2个京东账号的助力码:::35fcfda6d3af48e7afe79f5e18a39e55@5a41b6db624346cdbe347b61279fda8f@3fa4d41fe66e47bd8a9549e33e3b9b54@5dc8a7b9f4544a8ca79f8cf62d0c7623@4918db5a466c4332843c75064a5a3880
您未填写助力码变量，优先进行账号内互助，再帮【zero205】助力
第2个京东账号将要助力的好友["3307dda3470e4e679a94b89338f92e21","9866ec51345e413c9c4c3bbc9b49bca5","35fcfda6d3af48e7afe79f5e18a39e55","5a41b6db624346cdbe347b61279fda8f","3fa4d41fe66e47bd8a9549e33e3b9b54","5dc8a7b9f4544a8ca79f8cf62d0c7623","4918db5a466c4332843c75064a5a3880"]

【已成功兑换水果】1次

开始助力好友
jd_72476e50d1b0e开始助力: 3307dda3470e4e679a94b89338f92e21
【助力好友结果】: 已成功给【Wang_Happy_】助力
给好友【Wang_Happy_】助力获得1g水滴
【今日助力次数还剩】2次

jd_72476e50d1b0e开始助力: 9866ec51345e413c9c4c3bbc9b49bca5
不能为自己助力哦，跳过自己的shareCode

jd_72476e50d1b0e开始助力: 35fcfda6d3af48e7afe79f5e18a39e55
【助力好友结果】: 好友【zero205】已满五人助力
【今日助力次数还剩】2次

jd_72476e50d1b0e开始助力: 5a41b6db624346cdbe347b61279fda8f
【助力好友结果】: 好友【xfa05】已满五人助力
【今日助力次数还剩】2次

jd_72476e50d1b0e开始助力: 3fa4d41fe66e47bd8a9549e33e3b9b54
【助力好友结果】: 好友【小慧】已满五人助力
【今日助力次数还剩】2次

jd_72476e50d1b0e开始助力: 5dc8a7b9f4544a8ca79f8cf62d0c7623
【助力好友结果】: 好友【jd135367pho】已满五人助力
【今日助力次数还剩】2次

jd_72476e50d1b0e开始助力: 4918db5a466c4332843c75064a5a3880
【助力好友结果】: 好友【jd_LyVyYIZjfyOm】已满五人助力
【今日助力次数还剩】2次

【助力好友👬】获得1g💧

助力好友结束，即将开始领取额外水滴奖励


3斤柠檬种植中...


初始化任务列表
开始签到
签到结果:  {"code":"1","todayGotWaterGoalTask":{"canPop":false},"statisticsTimes":null,"sysTime":1651918247869,"message":null}
被水滴砸中： 否
签到结束,开始广告浏览任务
今天已经做过浏览广告任务

当前不在定时领水时间断或者已经领过


今日已邀请好友0个 / 每日邀请上限4个
开始删除1个好友,可拿每天的邀请奖励

开始删除好友 [3307dda3470e4e679a94b89338f92e21]
删除好友 [3307dda3470e4e679a94b89338f92e21] 成功

自己不能邀请自己成为好友噢

今日未邀请过好友
开始打卡领水活动（签到，关注，领券）
开始打卡领水活动（签到，关注，领券）结束

水滴雨任务，每天两次，最多可得10g水滴
两次水滴雨任务是否全部完成：否
`【第2次水滴雨】未到时间，请21:09:55再试

助力好友未达到2个

京东昵称【Wang_Happy_】 在 2022-5-7 18:9:9 给您助过力

领取额外奖励水滴结束

是否到了领取免费赠送的抽奖机会----false
免费赠送的抽奖机会未到时间
浏览天天抽奖的第1个逛会场任务已完成
浏览天天抽奖的第2个逛会场任务已完成
浏览天天抽奖的第3个逛会场任务已完成
浏览天天抽奖的第4个逛会场任务已完成
浏览天天抽奖的第5个逛会场任务已完成
浏览天天抽奖的第6个逛会场任务已完成
开始天天抽奖--好友助力--每人每天只有三次助力机会.
天天抽奖-助力Wang_Happy_成功

天天抽奖-不能自己给自己助力

"Timeout awaiting 'request' for 10000ms"
东东农场 API请求失败，请检查网路重试
---天天抽奖次数remainLotteryTimes----0次
天天抽奖--抽奖机会为0次

准备浇水十次
第1次浇水
等待了1秒
本次浇水结果:   {"code":"0","totalEnergy":100,"statisticsTimes":null,"totalWaterTimes":9,"sysTime":1651918270290,"finished":false,"message":null,"waterStatus":0,"sendAmount":10,"treeEnergy":1510}
剩余水滴100g
第2次浇水
等待了1秒
本次浇水结果:   {"code":"0","totalEnergy":90,"statisticsTimes":null,"totalWaterTimes":10,"sysTime":1651918272393,"finished":false,"message":null,"waterStatus":0,"sendAmount":10,"treeEnergy":1520}
剩余水滴90g
第3次浇水
等待了1秒
本次浇水结果:   {"code":"0","totalEnergy":85,"statisticsTimes":null,"totalWaterTimes":11,"sysTime":1651918274498,"finished":false,"message":null,"waterStatus":0,"sendAmount":10,"treeEnergy":1530}
剩余水滴85g
第4次浇水
等待了1秒
本次浇水结果:   {"code":"0","totalEnergy":105,"statisticsTimes":null,"totalWaterTimes":12,"sysTime":1651918276612,"finished":false,"message":null,"waterStatus":0,"sendAmount":10,"treeEnergy":1540}
剩余水滴105g
第5次浇水
等待了1秒
本次浇水结果:   {"code":"0","totalEnergy":95,"statisticsTimes":null,"totalWaterTimes":13,"sysTime":1651918278729,"finished":false,"message":null,"waterStatus":0,"sendAmount":10,"treeEnergy":1550}
剩余水滴95g
第6次浇水
等待了1秒
本次浇水结果:   {"code":"0","totalEnergy":85,"statisticsTimes":null,"totalWaterTimes":14,"sysTime":1651918280851,"finished":false,"message":null,"waterStatus":0,"sendAmount":10,"treeEnergy":1560}
剩余水滴85g
第7次浇水
等待了1秒
本次浇水结果:   {"code":"0","totalEnergy":75,"statisticsTimes":null,"totalWaterTimes":15,"sysTime":1651918282959,"finished":false,"message":null,"waterStatus":0,"sendAmount":10,"treeEnergy":1570}
剩余水滴75g
第8次浇水
等待了1秒
本次浇水结果:   {"code":"0","totalEnergy":65,"statisticsTimes":null,"totalWaterTimes":16,"sysTime":1651918285062,"finished":false,"message":null,"waterStatus":0,"sendAmount":10,"treeEnergy":1580}
剩余水滴65g

初始化任务列表
首次浇水奖励已领取

【十次浇水奖励】获得10g💧

finished 水果任务完成!

初始化任务列表
给好友浇水的25g水滴奖励已领取

小鸭子游戏达到上限
开始检查剩余水滴能否再次浇水再次浇水

剩余水滴75g

背包已有道具:
快速浇水卡:19张
水滴翻倍卡:未解锁
水滴换京豆卡:1张
加签卡:未解锁

保留水滴不足,停止继续浇水
开始预测水果成熟时间


初始化任务列表

==============📣系统通知📣==============
东东农场
【京东账号2】蓝闺q
【水果名称】3斤柠檬
【已兑换水果】1次
【您助力的好友👬】Wang_Happy_
【今日剩余助力👬】2次
【额外奖励】领取失败,原因：给您助力的人未达2个
【助力您的好友】Wang_Happy_
【今日共浇水】16次
【剩余 水滴】75g💧
【水果🍉进度】39.50%，已浇水158次,还需242次
【预测】15天之后(2022-05-22日)可兑换水果🍉
成员ID:@all企业微信应用消息发送通知消息成功🎉。


🔔东东农场, 结束! 🕛 141.223 秒


## 执行结束... 2022-05-07 18:11:31 耗时 141 秒
