## 开始执行... 2022-05-07 20:26:14


🔔特务Z, 开始!
您的cookie选择的是用&隔开


====================共有2个京东账号Cookie=========

==================脚本执行- 北京时间(UTC+8)：2022/5/7 20:26:15=====================


*****开始【京东账号1】Wang_Happy_*****

获取活动详情成功
当前活动:5.7特物Z母亲节,ID：1010012,可抽奖次数:0
任务：关注宝洁店铺，已完成
任务：关注雀巢店铺，已完成
任务：关注好奇店铺，已完成
任务：关注伊利店铺，已完成
任务：宝洁品牌入会，已完成
任务：雀巢品牌入会，已完成
任务：好奇品牌入会，尝试领取开卡奖励；（不会自动开卡，如果你已经是会员，则会领取成功）
"已经领取过"
任务：伊利品牌入会，尝试领取开卡奖励；（不会自动开卡，如果你已经是会员，则会领取成功）
"已经领取过"
助力码：S5KkcRRhIplzfI0j2waIKdg
可抽奖次数:0

*****开始【京东账号2】蓝闺q*****

获取活动详情成功
当前活动:5.7特物Z母亲节,ID：1010012,可抽奖次数:0
任务：关注宝洁店铺，已完成
任务：关注雀巢店铺，已完成
任务：关注好奇店铺，已完成
任务：关注伊利店铺，已完成
任务：宝洁品牌入会，尝试领取开卡奖励；（不会自动开卡，如果你已经是会员，则会领取成功）
"已经领取过"
任务：雀巢品牌入会，已完成
任务：好奇品牌入会，尝试领取开卡奖励；（不会自动开卡，如果你已经是会员，则会领取成功）
"已经领取过"
任务：伊利品牌入会，尝试领取开卡奖励；（不会自动开卡，如果你已经是会员，则会领取成功）
"已经领取过"
助力码：S5KkcRxwd8lKCJRqglaUKIQ
可抽奖次数:0

开始脚本内互助


jd_56ac883b2ee02,去助力:S5KkcRxwd8lKCJRqglaUKIQ
已助力过

jd_72476e50d1b0e,去助力:S5KkcRRhIplzfI0j2waIKdg
已助力过

🔔特务Z, 结束! 🕛 15.244 秒


## 执行结束... 2022-05-07 20:26:30 耗时 16 秒
