## 开始执行... 2022-05-09 04:15:19


🔔京东签到图形验证, 开始!

====================共2个京东账号Cookie=================

============脚本执行时间：2022/5/9 04:15:19=============

>>>>>>>>>>>>>>6Dylan6 提示：任务正常运行中>>>>>>>>>>>>>>>

node:internal/modules/cjs/loader:942
  throw err;
  ^

Error: Cannot find module 'png-js'
Require stack:
- /ql/data/scripts/6dylan6_jdpro/jd_sign_graphics.js
    at Module._resolveFilename (node:internal/modules/cjs/loader:939:15)
    at Module._load (node:internal/modules/cjs/loader:780:27)
    at Module.require (node:internal/modules/cjs/loader:1005:19)
    at require (node:internal/modules/cjs/helpers:102:18)
    at Object.<anonymous> (/ql/data/scripts/6dylan6_jdpro/jd_sign_graphics.js:16:13)
    at Module._compile (node:internal/modules/cjs/loader:1105:14)
    at Module._extensions..js (node:internal/modules/cjs/loader:1159:10)
    at Module.load (node:internal/modules/cjs/loader:981:32)
    at Module._load (node:internal/modules/cjs/loader:827:12)
    at Function.executeUserEntryPoint [as runMain] (node:internal/modules/run_main:77:12) {
  code: 'MODULE_NOT_FOUND',
  requireStack: [ '/ql/data/scripts/6dylan6_jdpro/jd_sign_graphics.js' ]
}

Node.js v18.0.0

## 执行结束... 2022-05-09 04:15:19 耗时 0 秒
