## 开始执行... 2022-05-07 22:03:35


🔔京喜财富岛, 开始!
您的cookie选择的是用&隔开


====================共有2个京东账号Cookie=========

==================脚本执行- 北京时间(UTC+8)：2022/5/7 22:03:35=====================

获取签名参数成功！
fp: 7309494693512165
token: tk01w7bb91b8630n4cjPGi7oF1x4La5RcPhDI8pb8EC7kFgh4beKr4KIex3ovbE67eWO8kZWd0WJfIvsgxJY3UiaJ3dl
enCryptMethodJD: function test(tk,fp,ts,ai,algo){var rd='cjPGi7oF1x4i';var str=`${tk}${fp}${ts}${ai}${rd}`;return algo.HmacSHA256(str,tk)}

******开始【京东账号1】Wang_Happy_*********

获取用户信息：


当前等级:7,金币:98727916,财富值:25800,连续营业天数:36,离线收益:0

财富岛好友互助码每次运行都变化,旧的当天有效

【京东账号1（jd_56ac883b2ee02）的京喜财富岛好友互助码】2C37F2098259653D3D04309E057C2B3A25EF5DF8715B913C4E40861D4DD4121E
提交助力码失败，此用户不在白名单中

寻宝
开始寻宝
恭喜中奖，获得 300000 金币
恭喜中奖，获得 300000 金币
，获得 10000 金币
恭喜中奖，获得 300000 金币
恭喜中奖，获得 300000 金币

每日签到
今日已签到

小程序每日签到
今日已签到


领助力奖励
暂无可领助力奖励

收金币
【京喜美食城】收集4266金币
升级建筑
【京喜美食城】当前等级：40
【京喜美食城】升级需要49029120金币，保留升级需要的3倍147087360金币，当前拥有99942182金币
【京喜美食城】不满足升级条件，跳过升级

收金币
【京喜旅馆】收集5476金币
升级建筑
【京喜旅馆】当前等级：37
【京喜旅馆】升级需要47766586金币，保留升级需要的3倍143299758金币，当前拥有99947658金币
【京喜旅馆】不满足升级条件，跳过升级

收金币
【京喜商店】收集6149金币
升级建筑
【京喜商店】当前等级：39
【京喜商店】升级需要50393772金币，保留升级需要的3倍151181316金币，当前拥有99953807金币
【京喜商店】不满足升级条件，跳过升级

收金币
【京喜游乐场】收集5904金币
升级建筑
【京喜游乐场】当前等级：41
【京喜游乐场】升级需要47152886金币，保留升级需要的3倍141458658金币，当前拥有99959711金币
【京喜游乐场】不满足升级条件，跳过升级

接待贵宾
当前暂无贵宾

收藏家
当前暂无收藏家

美人鱼
当前暂无美人鱼

倒垃圾
当前暂无垃圾


做任务
【🐮牛牛任务】已做完，宝箱已开启
【📆日常任务】已做完
获取【🎖成就任务】列表 ，总共1个任务！

开始第1个【🎖成就任务】去海边捡贝壳

【领成就奖励】去海边捡贝壳 获得财富值 ¥ 20


******开始【京东账号2】蓝闺q*********

获取用户信息：


当前等级:7,金币:79392351,财富值:20926,连续营业天数:30,离线收益:0

财富岛好友互助码每次运行都变化,旧的当天有效

【京东账号2（jd_72476e50d1b0e）的京喜财富岛好友互助码】ACDE0F4B82649C97DBC77C8438A58972593AF5580FB37E3291E0FD088DFE2754
提交助力码失败，此用户不在白名单中

寻宝
开始寻宝
恭喜中奖，获得 300000 金币
恭喜中奖，获得 300000 金币
，获得 10000 金币
恭喜中奖，获得 300000 金币
恭喜中奖，获得 300000 金币

每日签到
今日已签到

小程序每日签到
今日已签到


领助力奖励
暂无可领助力奖励

收金币
【京喜美食城】收集2713金币
升级建筑
【京喜美食城】当前等级：37
【京喜美食城】升级需要39805488金币，保留升级需要的3倍119416464金币，当前拥有80605064金币
【京喜美食城】不满足升级条件，跳过升级

收金币
【京喜旅馆】收集3780金币
升级建筑
【京喜旅馆】当前等级：35
【京喜旅馆】升级需要41214096金币，保留升级需要的3倍123642288金币，当前拥有80608844金币
【京喜旅馆】不满足升级条件，跳过升级

收金币
【京喜商店】收集4224金币
升级建筑
【京喜商店】当前等级：36
【京喜商店】升级需要40709434金币，保留升级需要的3倍122128302金币，当前拥有80613068金币
【京喜商店】不满足升级条件，跳过升级

收金币
【京喜游乐场】收集4446金币
升级建筑
【京喜游乐场】当前等级：39
【京喜游乐场】升级需要41231268金币，保留升级需要的3倍123693804金币，当前拥有80617514金币
【京喜游乐场】不满足升级条件，跳过升级

接待贵宾
当前暂无贵宾

收藏家
当前暂无收藏家

美人鱼
当前暂无美人鱼

倒垃圾
当前暂无垃圾


做任务
【🐮牛牛任务】已做完，宝箱已开启
【📆日常任务】已做完
【🎖成就任务】没有可领奖的任务

您将要助力的好友["2C37F2098259653D3D04309E057C2B3A25EF5DF8715B913C4E40861D4DD4121E","ACDE0F4B82649C97DBC77C8438A58972593AF5580FB37E3291E0FD088DFE2754","1D1F32CD6B54D3434653A081107DD16BA790C547C6F3FBDA3DB411C9203007AE","42347940D73D325746D27F6EAD4DE8FC3442471D8E355C75B722E9072CEED0A2","B17DA52975F97CA14842D65FE1C084F999BA55EF04281D8DC94F45BDE8CBC9C2","2951E520CD2AF8A4209F6C232310F0B2B37CEA05FE139F1CA2B4008EA4FBB6AA","18B55F13B93ADF0CD114396C9AF35066A99117BEAD7AAA4A29954CE8EADEA319","28D71F43873BFC641137953AFCD6C01E72C94D93426E84888E1CA833CD86A1BC","B4C43D9BE46BA2B386464428A53C590722D30D9FC0851A31276319E3CEB50D3B","6F03B53F3AFCCB3100023C0A0671F77ACA15599DBA0A6D57FA1BEFFA686B04B7","36A1FD1237F229116D5AF68DC4B55487190EEDC32EDBD7B73BD528498CF78FB8","838D2C9F8DA59193D05C299747BE06FB80FAB086CDE1C8F6BAA58944508F3EF6","A3AEB427978B5F60DBCD092B7CCA1190A2F84589E0B0B1870F36694F3B2B3B11","591551F4D00080C048E6F8D89AFD8319CAD78C062D6978FA27A0A0A661DE9DCE","3E3E2FC80068FF8BA15FE95572C15556212E00413EA19AD9D29BEBEEE00FAC27","E9863F49D5B92D8525F92097D4E969E483DC1D0D768402B5983FE8CA4FD50051","452E94C73FA3B6D18D53600BEC657022FF8D1B4EB4996EC38DAF37B6E56EABCA","62F4243E2A4D0D63C7F70A89B5CF057347AEA92F9993FD35004F9C7C31B938ED","A029E3E6DA72DCA8142DCC7372347FB71266F259AF8E30BB7F692B6BEAA37894","7B5F692BF621D298854BDAF146649A21ED1EFE4F7FE6DF65D281BF111A3CABED","DEFEBB4244F76FFC5E1D37CFDAA8C7C7ACAAF9D68E78CD32B6AA9F6B25669794","F6EEA90AA596C110F9F67E9D460A9C4C5B6BFE05B88B4FB4D0AFF6078FCAA0CE","9EA01DEDC7A1168F2E3C839BE78E6ACBC4F0D34C4E91BA0A43BA9970F6081F64","083D02E7D73E06BB5AFC9182543F65E8A3383F07AF971062B78ABF7214A66080"]

开始互助

账号jd_56ac883b2ee02 去助力 2C37F2098259653D3D04309E057C2B3A25EF5DF8715B913C4E40861D4DD4121E
助力失败：不能帮助自己
账号jd_56ac883b2ee02 去助力 ACDE0F4B82649C97DBC77C8438A58972593AF5580FB37E3291E0FD088DFE2754
助力失败：今日助力次数达到上限，明天再来帮忙吧~

开始互助

账号jd_72476e50d1b0e 去助力 2C37F2098259653D3D04309E057C2B3A25EF5DF8715B913C4E40861D4DD4121E
助力失败：今日助力次数达到上限，明天再来帮忙吧~

==============📣系统通知📣==============
京喜财富岛
【京东账号1】Wang_Happy_
【🥇金币】99959711
【💵财富值】25820

【京东账号2】蓝闺q
【🥇金币】80617514
【💵财富值】20926


🔔京喜财富岛, 结束! 🕛 174.386 秒

"Timeout awaiting 'request' for 30000ms"
京喜财富岛 readShareCode API请求失败，请检查网路重试

## 执行结束... 2022-05-07 22:07:24 耗时 229 秒
