## 开始执行... 2022-05-07 19:04:25


🔔京喜财富岛, 开始!
您的cookie选择的是用&隔开


====================共有2个京东账号Cookie=========

==================脚本执行- 北京时间(UTC+8)：2022/5/7 19:04:25=====================

获取签名参数成功！
fp: 4456368842018165
token: tk01wbe091be530nuDQanqDSAgK26ILAvbs3oedsxV3r8Z6becWhz4coohk0sIFmlbkCzv0fBY1negB7KFK3WU8333NA
enCryptMethodJD: function test(tk,fp,ts,ai,algo){var rd='DQanqDSAgK2D';var str=`${tk}${fp}${ts}${ai}${rd}`;return algo.SHA256(str)}

******开始【京东账号1】Wang_Happy_*********

获取用户信息：


当前等级:7,金币:109834808,财富值:25476,连续营业天数:36,离线收益:0

财富岛好友互助码每次运行都变化,旧的当天有效

【京东账号1（jd_56ac883b2ee02）的京喜财富岛好友互助码】2C37F2098259653D3D04309E057C2B3AB4DFE78DFD95CB4B225F00CBBE1A481B
提交助力码失败，此用户不在白名单中

寻宝
开始寻宝
寻宝失败：寻宝正在冷却中，稍后再来哦~

每日签到
今日已签到

小程序每日签到
今日已签到

使用道具卡
有在使用中的道具卡，跳过使用

领助力奖励
暂无可领助力奖励

收金币
【京喜美食城】收集572666金币
升级建筑
【京喜美食城】当前等级：40
【京喜美食城】升级需要49029120金币，保留升级需要的3倍147087360金币，当前拥有110407474金币
【京喜美食城】不满足升级条件，跳过升级

收金币
【京喜旅馆】收集623820金币
升级建筑
【京喜旅馆】当前等级：37
【京喜旅馆】升级需要47766586金币，保留升级需要的3倍143299758金币，当前拥有111031294金币
【京喜旅馆】不满足升级条件，跳过升级

收金币
【京喜商店】收集602030金币
升级建筑
【京喜商店】当前等级：39
【京喜商店】升级需要50393772金币，保留升级需要的3倍151181316金币，当前拥有111633324金币
【京喜商店】不满足升级条件，跳过升级

收金币
【京喜游乐场】收集505200金币
升级建筑
【京喜游乐场】当前等级：40
【京喜游乐场】升级需要44126208金币，保留升级需要的3倍132378624金币，当前拥有112138524金币
【京喜游乐场】不满足升级条件，跳过升级

接待贵宾
请贵宾下船，需等待30秒
贵宾'小情侣'下船成功
贵宾'小情侣'用餐成功：获得10000金币

收藏家
当前暂无收藏家

美人鱼
当前暂无美人鱼

倒垃圾
当前暂无垃圾


做任务
【🐮领牛牛任务奖励】捡3个贝壳 获得金币 ¥ 726000

【🐮牛牛任务】已做完，去开启宝箱
【🐮牛牛任务】开启宝箱成功：获得财富 ¥ 100

【📆日常任务】已做完
【🎖成就任务】没有可领奖的任务


******开始【京东账号2】蓝闺q*********

获取用户信息：


当前等级:7,金币:94163863,财富值:20589,连续营业天数:30,离线收益:0

财富岛好友互助码每次运行都变化,旧的当天有效

【京东账号2（jd_72476e50d1b0e）的京喜财富岛好友互助码】ACDE0F4B82649C97DBC77C8438A58972D86C247CF39D1C795A764882035B9D1B
提交助力码失败，此用户不在白名单中

寻宝
开始寻宝
寻宝失败：寻宝正在冷却中，稍后再来哦~

每日签到
今日已签到

小程序每日签到
今日已签到

使用道具卡
有在使用中的道具卡，跳过使用

领助力奖励
暂无可领助力奖励

收金币
【京喜美食城】收集500866金币
升级建筑
【京喜美食城】当前等级：37
【京喜美食城】升级需要39805488金币，保留升级需要的3倍119416464金币，当前拥有94664729金币
【京喜美食城】不满足升级条件，跳过升级

收金币
【京喜旅馆】收集556500金币
升级建筑
【京喜旅馆】当前等级：35
【京喜旅馆】升级需要41214096金币，保留升级需要的3倍123642288金币，当前拥有95221229金币
【京喜旅馆】不满足升级条件，跳过升级

收金币
【京喜商店】收集524040金币
升级建筑
【京喜商店】当前等级：36
【京喜商店】升级需要40709434金币，保留升级需要的3倍122128302金币，当前拥有95745269金币
【京喜商店】不满足升级条件，跳过升级

收金币
【京喜游乐场】收集452010金币
升级建筑
【京喜游乐场】当前等级：38
【京喜游乐场】升级需要38465150金币，保留升级需要的3倍115395450金币，当前拥有96197279金币
【京喜游乐场】不满足升级条件，跳过升级

接待贵宾
请贵宾下船，需等待30秒
贵宾'小情侣'下船成功
贵宾'小情侣'用餐成功：获得10000金币

收藏家
当前暂无收藏家

美人鱼
当前暂无美人鱼

倒垃圾
当前暂无垃圾


做任务
【🐮领牛牛任务奖励】捡3个贝壳 获得金币 ¥ 726000

【🐮牛牛任务】已做完，去开启宝箱
【🐮牛牛任务】开启宝箱成功：获得财富 ¥ 100

【📆日常任务】已做完
【🎖成就任务】没有可领奖的任务


随机取20个码放到您固定的互助码后面(不影响已有固定互助)
您将要助力的好友["2C37F2098259653D3D04309E057C2B3AB4DFE78DFD95CB4B225F00CBBE1A481B","ACDE0F4B82649C97DBC77C8438A58972D86C247CF39D1C795A764882035B9D1B","1D1F32CD6B54D3434653A081107DD16BA790C547C6F3FBDA3DB411C9203007AE","42347940D73D325746D27F6EAD4DE8FC3442471D8E355C75B722E9072CEED0A2","B17DA52975F97CA14842D65FE1C084F999BA55EF04281D8DC94F45BDE8CBC9C2","2951E520CD2AF8A4209F6C232310F0B2B37CEA05FE139F1CA2B4008EA4FBB6AA","18B55F13B93ADF0CD114396C9AF35066A99117BEAD7AAA4A29954CE8EADEA319","28D71F43873BFC641137953AFCD6C01E72C94D93426E84888E1CA833CD86A1BC","B4C43D9BE46BA2B386464428A53C590722D30D9FC0851A31276319E3CEB50D3B","6F03B53F3AFCCB3100023C0A0671F77ACA15599DBA0A6D57FA1BEFFA686B04B7","36A1FD1237F229116D5AF68DC4B55487190EEDC32EDBD7B73BD528498CF78FB8","838D2C9F8DA59193D05C299747BE06FB80FAB086CDE1C8F6BAA58944508F3EF6","A3AEB427978B5F60DBCD092B7CCA1190A2F84589E0B0B1870F36694F3B2B3B11","591551F4D00080C048E6F8D89AFD8319CAD78C062D6978FA27A0A0A661DE9DCE","3E3E2FC80068FF8BA15FE95572C15556212E00413EA19AD9D29BEBEEE00FAC27","E9863F49D5B92D8525F92097D4E969E483DC1D0D768402B5983FE8CA4FD50051","452E94C73FA3B6D18D53600BEC65702207D6C4C713675FDD9FEC70F3C74F5CEB","62F4243E2A4D0D63C7F70A89B5CF05733B34C4119CAE98E35E61DD246CCA19B2","A029E3E6DA72DCA8142DCC7372347FB7C8328639CAD73BC45241185B9A4276FA","7B5F692BF621D298854BDAF146649A21FFF0513B740E38650AA050F75549245C","6F481ACB315E6F320E8E8BA3C89A7A282ACD39D2530BE5C8441000AA94C62481","82AD149D47D71E3F60CB4CE440D4C0DB6CAE11175CB5DFEDD0448AF6EE8E01CD","C1F64564B9D993BE21211A5CB79AC19BA4EDA52FAE10A66F19F0ADFC2F0731CD","033080DA14BBAB99F4408A194352C9C54160CB8A6B1D84372ABC6BAA6F1530F198B84F4A44068B584A613050B0B35B77","6EA52992C3F0DA69EF36B6EA58A37F76E53E9FBF6C0038FC77816524321CF67F","BCA80256B5B00AE354881916241AF59A89B202BADA36851167350F78B31E42E1","9DE5BA3EE1C88F2070C1115A6E7F6F2016DDBC9A816E1D52E642515D1BCFD858E5F4B9EA97537A3F85366CA90E085CB6","A845FD51A6E881DE32BD765857CF39193AF71448A2EABCE5411CDEB18FA7423A","7F10EFA8A27854FDFF71315CC16285222CF7A6C733F7FB04BD17BC5BBA064AF3","99DB4E17A996EFB1CCDDA65D7B8441CDD8C350033246D74093B2C2DD1D0CDEDF","FBFB42A6EA4CBC378F09F65406B95670DB72C9ECF8C8C15B68556053501FB6B6","774F56B9190183E5B81349AAFC406A9FE345DE523C90B59D0D6ACA7029781A33","70DA606A959732577470C18844A9DDF51DE86AD061B766AC00F9E892D26713D7","EF846497054C9CF2E627A856DB11D54E2B3FD2DF7673D166738CCD0E2E6F97BC","B7CC0CC38B67B07D68327042437BDC0DD66A62A46F3DA278CD05111EBA1E4993","42465F16E9A68793A766B1E688440A3A0FE6CB5043AD4B73B252C7EFCFF0AC0D","CEAD8CBC0698546FD72686CB0805378FB08CBBFA5A8FBA8E7E5280636D48CB56","75865E76D99541C02F33DC7339A83FE0279EC7A7F3DA4EFD47D5466306AA9633","A2031AAA8A20B2571DFB9CCB2DA979BFE2EDEC1ECD8C3B3EF4B0F116DE2A3FB1","34C62741BBE67932EDE6BE0E3569D1DDC45431C080B79CED41ADF188760BA052"]

开始互助

账号jd_56ac883b2ee02 去助力 2C37F2098259653D3D04309E057C2B3AB4DFE78DFD95CB4B225F00CBBE1A481B
助力失败：不能帮助自己
账号jd_56ac883b2ee02 去助力 ACDE0F4B82649C97DBC77C8438A58972D86C247CF39D1C795A764882035B9D1B
助力失败：已助力
账号jd_56ac883b2ee02 去助力 1D1F32CD6B54D3434653A081107DD16BA790C547C6F3FBDA3DB411C9203007AE
助力失败：达到助力上限
账号jd_56ac883b2ee02 去助力 42347940D73D325746D27F6EAD4DE8FC3442471D8E355C75B722E9072CEED0A2
助力失败：达到助力上限
账号jd_56ac883b2ee02 去助力 B17DA52975F97CA14842D65FE1C084F999BA55EF04281D8DC94F45BDE8CBC9C2
助力失败：达到助力上限
账号jd_56ac883b2ee02 去助力 2951E520CD2AF8A4209F6C232310F0B2B37CEA05FE139F1CA2B4008EA4FBB6AA
助力失败：达到助力上限
账号jd_56ac883b2ee02 去助力 18B55F13B93ADF0CD114396C9AF35066A99117BEAD7AAA4A29954CE8EADEA319
助力失败：达到助力上限
账号jd_56ac883b2ee02 去助力 28D71F43873BFC641137953AFCD6C01E72C94D93426E84888E1CA833CD86A1BC
助力失败：达到助力上限
账号jd_56ac883b2ee02 去助力 B4C43D9BE46BA2B386464428A53C590722D30D9FC0851A31276319E3CEB50D3B
助力失败：达到助力上限
账号jd_56ac883b2ee02 去助力 6F03B53F3AFCCB3100023C0A0671F77ACA15599DBA0A6D57FA1BEFFA686B04B7
助力失败：达到助力上限
账号jd_56ac883b2ee02 去助力 36A1FD1237F229116D5AF68DC4B55487190EEDC32EDBD7B73BD528498CF78FB8
助力失败：达到助力上限
账号jd_56ac883b2ee02 去助力 838D2C9F8DA59193D05C299747BE06FB80FAB086CDE1C8F6BAA58944508F3EF6
助力失败：达到助力上限
账号jd_56ac883b2ee02 去助力 A3AEB427978B5F60DBCD092B7CCA1190A2F84589E0B0B1870F36694F3B2B3B11
助力失败：达到助力上限
账号jd_56ac883b2ee02 去助力 591551F4D00080C048E6F8D89AFD8319CAD78C062D6978FA27A0A0A661DE9DCE
助力失败：达到助力上限
账号jd_56ac883b2ee02 去助力 3E3E2FC80068FF8BA15FE95572C15556212E00413EA19AD9D29BEBEEE00FAC27
助力失败：达到助力上限
账号jd_56ac883b2ee02 去助力 E9863F49D5B92D8525F92097D4E969E483DC1D0D768402B5983FE8CA4FD50051
助力失败：达到助力上限
账号jd_56ac883b2ee02 去助力 452E94C73FA3B6D18D53600BEC65702207D6C4C713675FDD9FEC70F3C74F5CEB
助力失败：达到助力上限
账号jd_56ac883b2ee02 去助力 62F4243E2A4D0D63C7F70A89B5CF05733B34C4119CAE98E35E61DD246CCA19B2
助力失败：达到助力上限
账号jd_56ac883b2ee02 去助力 A029E3E6DA72DCA8142DCC7372347FB7C8328639CAD73BC45241185B9A4276FA
助力失败：达到助力上限
账号jd_56ac883b2ee02 去助力 7B5F692BF621D298854BDAF146649A21FFF0513B740E38650AA050F75549245C
助力失败：达到助力上限
账号jd_56ac883b2ee02 去助力 6F481ACB315E6F320E8E8BA3C89A7A282ACD39D2530BE5C8441000AA94C62481
助力失败：达到助力上限
账号jd_56ac883b2ee02 去助力 82AD149D47D71E3F60CB4CE440D4C0DB6CAE11175CB5DFEDD0448AF6EE8E01CD
助力失败：达到助力上限
账号jd_56ac883b2ee02 去助力 C1F64564B9D993BE21211A5CB79AC19BA4EDA52FAE10A66F19F0ADFC2F0731CD
助力失败：达到助力上限
账号jd_56ac883b2ee02 去助力 033080DA14BBAB99F4408A194352C9C54160CB8A6B1D84372ABC6BAA6F1530F198B84F4A44068B584A613050B0B35B77
助力失败：达到助力上限
账号jd_56ac883b2ee02 去助力 6EA52992C3F0DA69EF36B6EA58A37F76E53E9FBF6C0038FC77816524321CF67F
助力失败：达到助力上限
账号jd_56ac883b2ee02 去助力 BCA80256B5B00AE354881916241AF59A89B202BADA36851167350F78B31E42E1
助力失败：达到助力上限
账号jd_56ac883b2ee02 去助力 9DE5BA3EE1C88F2070C1115A6E7F6F2016DDBC9A816E1D52E642515D1BCFD858E5F4B9EA97537A3F85366CA90E085CB6
助力失败：达到助力上限
账号jd_56ac883b2ee02 去助力 A845FD51A6E881DE32BD765857CF39193AF71448A2EABCE5411CDEB18FA7423A
助力失败：达到助力上限
账号jd_56ac883b2ee02 去助力 7F10EFA8A27854FDFF71315CC16285222CF7A6C733F7FB04BD17BC5BBA064AF3
助力失败：达到助力上限
账号jd_56ac883b2ee02 去助力 99DB4E17A996EFB1CCDDA65D7B8441CDD8C350033246D74093B2C2DD1D0CDEDF
助力失败：达到助力上限
账号jd_56ac883b2ee02 去助力 FBFB42A6EA4CBC378F09F65406B95670DB72C9ECF8C8C15B68556053501FB6B6
助力失败：达到助力上限
账号jd_56ac883b2ee02 去助力 774F56B9190183E5B81349AAFC406A9FE345DE523C90B59D0D6ACA7029781A33
助力失败：达到助力上限
账号jd_56ac883b2ee02 去助力 70DA606A959732577470C18844A9DDF51DE86AD061B766AC00F9E892D26713D7
助力失败：达到助力上限
账号jd_56ac883b2ee02 去助力 EF846497054C9CF2E627A856DB11D54E2B3FD2DF7673D166738CCD0E2E6F97BC
助力失败：达到助力上限
账号jd_56ac883b2ee02 去助力 B7CC0CC38B67B07D68327042437BDC0DD66A62A46F3DA278CD05111EBA1E4993
助力失败：达到助力上限
账号jd_56ac883b2ee02 去助力 42465F16E9A68793A766B1E688440A3A0FE6CB5043AD4B73B252C7EFCFF0AC0D
助力成功：获得1,000京币
账号jd_56ac883b2ee02 去助力 CEAD8CBC0698546FD72686CB0805378FB08CBBFA5A8FBA8E7E5280636D48CB56
助力成功：获得1,000京币
账号jd_56ac883b2ee02 去助力 75865E76D99541C02F33DC7339A83FE0279EC7A7F3DA4EFD47D5466306AA9633
助力成功：获得1,000京币
账号jd_56ac883b2ee02 去助力 A2031AAA8A20B2571DFB9CCB2DA979BFE2EDEC1ECD8C3B3EF4B0F116DE2A3FB1
助力失败：今日助力次数达到上限，明天再来帮忙吧~

开始互助

账号jd_72476e50d1b0e 去助力 2C37F2098259653D3D04309E057C2B3AB4DFE78DFD95CB4B225F00CBBE1A481B
助力失败：已助力
账号jd_72476e50d1b0e 去助力 ACDE0F4B82649C97DBC77C8438A58972D86C247CF39D1C795A764882035B9D1B
助力失败：不能帮助自己
账号jd_72476e50d1b0e 去助力 42465F16E9A68793A766B1E688440A3A0FE6CB5043AD4B73B252C7EFCFF0AC0D
助力成功：获得1,000京币
账号jd_72476e50d1b0e 去助力 CEAD8CBC0698546FD72686CB0805378FB08CBBFA5A8FBA8E7E5280636D48CB56
助力成功：获得1,000京币
账号jd_72476e50d1b0e 去助力 75865E76D99541C02F33DC7339A83FE0279EC7A7F3DA4EFD47D5466306AA9633
助力成功：获得1,000京币
账号jd_72476e50d1b0e 去助力 A2031AAA8A20B2571DFB9CCB2DA979BFE2EDEC1ECD8C3B3EF4B0F116DE2A3FB1
助力失败：今日助力次数达到上限，明天再来帮忙吧~

==============📣系统通知📣==============
京喜财富岛
【京东账号1】Wang_Happy_
【🥇金币】112864524
【💵财富值】25576

【京东账号2】蓝闺q
【🥇金币】96923279
【💵财富值】20689


🔔京喜财富岛, 结束! 🕛 302.432 秒


## 执行结束... 2022-05-07 19:09:28 耗时 303 秒
