## 开始执行... 2022-05-07 20:02:01


🔔京喜财富岛, 开始!
您的cookie选择的是用&隔开


====================共有2个京东账号Cookie=========

==================脚本执行- 北京时间(UTC+8)：2022/5/7 20:02:04=====================

获取签名参数成功！
fp: 8397833449386165
token: tk01wb9d11cd530ntnveCtLaBJ0KnFn/kOGlPLWXjR0+RpAYwoveBvSZd+EimCTWViYvCgOMfe+PU7YehvebQ0kufNjb
enCryptMethodJD: function test(tk,fp,ts,ai,algo){var rd='nveCtLaBJ0Kb';var str=`${tk}${fp}${ts}${ai}${rd}`;return algo.HmacMD5(str,tk)}

******开始【京东账号1】Wang_Happy_*********

获取用户信息：


当前等级:7,金币:120712470,财富值:25576,连续营业天数:36,离线收益:0

财富岛好友互助码每次运行都变化,旧的当天有效

【京东账号1（jd_56ac883b2ee02）的京喜财富岛好友互助码】2C37F2098259653D3D04309E057C2B3AC2B1C6FB692EE2866012828A490D6435
提交助力码失败，此用户不在白名单中

寻宝
开始寻宝
恭喜中奖，获得 300000 金币
恭喜中奖，获得 300000 金币
，获得 10000 金币
恭喜中奖，获得 300000 金币
恭喜中奖，获得 300000 金币

每日签到
今日已签到

小程序每日签到
今日已签到

使用道具卡
使用道具卡【海岛宝藏卡】成功

领助力奖励
暂无可领助力奖励

收金币
【京喜美食城】收集8400金币
升级建筑
【京喜美食城】当前等级：40
【京喜美食城】升级需要49029120金币，保留升级需要的3倍147087360金币，当前拥有121930870金币
【京喜美食城】不满足升级条件，跳过升级

收金币
【京喜旅馆】收集14504金币
升级建筑
【京喜旅馆】当前等级：37
【京喜旅馆】升级需要47766586金币，保留升级需要的3倍143299758金币，当前拥有121945374金币
【京喜旅馆】不满足升级条件，跳过升级

收金币
【京喜商店】收集18304金币
升级建筑
【京喜商店】当前等级：39
【京喜商店】升级需要50393772金币，保留升级需要的3倍151181316金币，当前拥有121963678金币
【京喜商店】不满足升级条件，跳过升级

收金币
【京喜游乐场】收集18960金币
升级建筑
【京喜游乐场】当前等级：40
【京喜游乐场】升级需要44126208金币，保留升级需要的3倍132378624金币，当前拥有121982638金币
【京喜游乐场】不满足升级条件，跳过升级

接待贵宾
请贵宾下船，需等待30秒
贵宾'失眠人'下船成功
贵宾'失眠人'用餐成功：获得10000金币

收藏家
当前暂无收藏家

美人鱼
当前暂无美人鱼

倒垃圾
当前暂无垃圾


做任务
【🐮牛牛任务】已做完，宝箱已开启
【📆日常任务】已做完
【🎖成就任务】没有可领奖的任务


******开始【京东账号2】蓝闺q*********

获取用户信息：


当前等级:7,金币:104394431,财富值:20689,连续营业天数:30,离线收益:0

财富岛好友互助码每次运行都变化,旧的当天有效

【京东账号2（jd_72476e50d1b0e）的京喜财富岛好友互助码】ACDE0F4B82649C97DBC77C8438A589720C09C1CA11CEAF9E142DC63C1AF26C7C
寻宝
开始寻宝
"Timeout awaiting 'request' for 30000ms"
京喜财富岛 uploadShareCode API请求失败，请检查网路重试
恭喜中奖，获得 300000 金币
恭喜中奖，获得 300000 金币
，获得 10000 金币
恭喜中奖，获得 300000 金币
恭喜中奖，获得 300000 金币

每日签到
今日已签到

小程序每日签到
今日已签到

使用道具卡
使用道具卡【海岛宝藏卡】成功

领助力奖励
暂无可领助力奖励

收金币
【京喜美食城】收集8263金币
升级建筑
【京喜美食城】当前等级：37
【京喜美食城】升级需要39805488金币，保留升级需要的3倍119416464金币，当前拥有105612694金币
【京喜美食城】不满足升级条件，跳过升级

收金币
【京喜旅馆】收集13580金币
升级建筑
【京喜旅馆】当前等级：35
【京喜旅馆】升级需要41214096金币，保留升级需要的3倍123642288金币，当前拥有105626274金币
【京喜旅馆】不满足升级条件，跳过升级

收金币
【京喜商店】收集16104金币
升级建筑
【京喜商店】当前等级：36
【京喜商店】升级需要40709434金币，保留升级需要的3倍122128302金币，当前拥有105642378金币
【京喜商店】不满足升级条件，跳过升级

收金币
【京喜游乐场】收集16758金币
升级建筑
【京喜游乐场】当前等级：38
【京喜游乐场】升级需要38465150金币，保留升级需要的3倍115395450金币，当前拥有105659136金币
【京喜游乐场】不满足升级条件，跳过升级

接待贵宾
请贵宾下船，需等待30秒
贵宾'失眠人'下船成功
贵宾'失眠人'用餐成功：获得10000金币

收藏家
当前暂无收藏家

美人鱼
当前暂无美人鱼

倒垃圾
当前暂无垃圾


做任务
【🐮牛牛任务】已做完，宝箱已开启
【📆日常任务】已做完
获取【🎖成就任务】列表 ，总共1个任务！

开始第1个【🎖成就任务】去海边捡贝壳

【领成就奖励】去海边捡贝壳 获得财富值 ¥ 20


随机取20个码放到您固定的互助码后面(不影响已有固定互助)
您将要助力的好友["2C37F2098259653D3D04309E057C2B3AC2B1C6FB692EE2866012828A490D6435","ACDE0F4B82649C97DBC77C8438A589720C09C1CA11CEAF9E142DC63C1AF26C7C","1D1F32CD6B54D3434653A081107DD16BA790C547C6F3FBDA3DB411C9203007AE","42347940D73D325746D27F6EAD4DE8FC3442471D8E355C75B722E9072CEED0A2","B17DA52975F97CA14842D65FE1C084F999BA55EF04281D8DC94F45BDE8CBC9C2","2951E520CD2AF8A4209F6C232310F0B2B37CEA05FE139F1CA2B4008EA4FBB6AA","18B55F13B93ADF0CD114396C9AF35066A99117BEAD7AAA4A29954CE8EADEA319","28D71F43873BFC641137953AFCD6C01E72C94D93426E84888E1CA833CD86A1BC","B4C43D9BE46BA2B386464428A53C590722D30D9FC0851A31276319E3CEB50D3B","6F03B53F3AFCCB3100023C0A0671F77ACA15599DBA0A6D57FA1BEFFA686B04B7","36A1FD1237F229116D5AF68DC4B55487190EEDC32EDBD7B73BD528498CF78FB8","838D2C9F8DA59193D05C299747BE06FB80FAB086CDE1C8F6BAA58944508F3EF6","A3AEB427978B5F60DBCD092B7CCA1190A2F84589E0B0B1870F36694F3B2B3B11","591551F4D00080C048E6F8D89AFD8319CAD78C062D6978FA27A0A0A661DE9DCE","3E3E2FC80068FF8BA15FE95572C15556212E00413EA19AD9D29BEBEEE00FAC27","E9863F49D5B92D8525F92097D4E969E483DC1D0D768402B5983FE8CA4FD50051","452E94C73FA3B6D18D53600BEC65702207D6C4C713675FDD9FEC70F3C74F5CEB","62F4243E2A4D0D63C7F70A89B5CF05733B34C4119CAE98E35E61DD246CCA19B2","A029E3E6DA72DCA8142DCC7372347FB7C8328639CAD73BC45241185B9A4276FA","7B5F692BF621D298854BDAF146649A21FFF0513B740E38650AA050F75549245C","3502D58D11800712B54F852AB0E3D6F1ED1750F8FAD4F8326E42361E12F4B470","4FAF459964FD0647775216747D982D1FBEBF14390B57E75A5D37A65B9F7E7F76","2EF793E3E3E1E16146DC67B1D38120F760963D6497277FB86E996FBDDB8F1A89","5F456ED964C92ADF7390F0FFDA33D145E5F4B9EA97537A3F85366CA90E085CB6","3EE113ACB8B55389C8F9690BA4D0426059D9588145ECF6EAE6A130BEBE769832","06F2ADBF5DC75C0A09E3D0940AFB6A75D3C519137975FCF834AEEE2D4CC92673","CCF1C3F0990B4995A89B37E8BA10CB60652668947648CFE98906B10616B8CDD3","FCADA48F2BDDFC988524D71E6903CF593D6086C9F30DECCC0F4A55B8F36761FD","356563CF05832FF3947572A3840487F69C2304D6EE0F58E635B810A0F151D44B","A438E5DFC3BB9432B8B485890BF72689B5694E5DE08DAFCF7A030973D5037FCA","AEEC45BE415BB0C8878D00350A599604D4BE84764616B809912B6F67AC7AA958","F84E81DB584C326C469445795EDB196EF354CFD6970B65E43CA0378351FF81FA","38D2D5F126F57944B12BF9ED254BCB4F0D6CB08AA76849B5F754FA642E51362E","5CD8F5B50A18FAF3E3640A399C5CEAA0CCF1BBD521C5F2C5EA5EBF5E948635A0","8DA041696DF04E0B55E4CB2FB83218907BFBD974D8283D46697D34C44186EED5","ADA6142C76B76B5AF60BD4EC980A5DE1A34585B8E172D33BED13E6AB4DBFB493","1984FDA4ED6CF28B6528D60B8E2A1D72D73903CEF918565BEEDF6E12AD51DFDC","60C4D0A9954F728BA2599C52E5319973619618FBCECC71B292262CCAC9A68D69","1AC44327B6401CDDE9CC38F39FB08888638E5778749E26E057F06191EFE76E76","1A703C4B75D373D6032E72F75DDEE2FBEFA2274385449CCD07970B2D4DAADB57"]

开始互助

账号jd_56ac883b2ee02 去助力 2C37F2098259653D3D04309E057C2B3AC2B1C6FB692EE2866012828A490D6435
助力失败：不能帮助自己
账号jd_56ac883b2ee02 去助力 ACDE0F4B82649C97DBC77C8438A589720C09C1CA11CEAF9E142DC63C1AF26C7C
助力失败：今日助力次数达到上限，明天再来帮忙吧~

开始互助

账号jd_72476e50d1b0e 去助力 2C37F2098259653D3D04309E057C2B3AC2B1C6FB692EE2866012828A490D6435
助力失败：今日助力次数达到上限，明天再来帮忙吧~

==============📣系统通知📣==============
京喜财富岛
【京东账号1】Wang_Happy_
【🥇金币】121982638
【💵财富值】25576

【京东账号2】蓝闺q
【🥇金币】105659136
【💵财富值】20709


🔔京喜财富岛, 结束! 🕛 319.696 秒


## 执行结束... 2022-05-07 20:07:33 耗时 332 秒
