## 开始执行... 2022-05-07 23:04:44


🔔京喜财富岛, 开始!
您的cookie选择的是用&隔开


====================共有2个京东账号Cookie=========

==================脚本执行- 北京时间(UTC+8)：2022/5/7 23:04:44=====================

获取签名参数成功！
fp: 7618368686025165
token: tk01wa9dd1c1030nXMeO8ZHPxGMB8mypG0aoLIsN4uCetr/lNzUvE2OVhRZSgNNTYwVSznRqgaMR/2jEJ3BGq0HnQ8Yr
enCryptMethodJD: function test(tk,fp,ts,ai,algo){var rd='MeO8ZHPxGMBJ';var str=`${tk}${fp}${ts}${ai}${rd}`;return algo.HmacSHA256(str,tk)}

******开始【京东账号1】Wang_Happy_*********

获取用户信息：


当前等级:7,金币:101367707,财富值:25820,连续营业天数:36,离线收益:0

财富岛好友互助码每次运行都变化,旧的当天有效

【京东账号1（jd_56ac883b2ee02）的京喜财富岛好友互助码】2C37F2098259653D3D04309E057C2B3A3B55DD97CC59B1F299AB2C809EDC8D2D
提交助力码失败，此用户不在白名单中

寻宝
暂无宝物

每日签到
今日已签到

小程序每日签到
今日已签到


领助力奖励
暂无可领助力奖励

收金币
【京喜美食城】收集143466金币
升级建筑
【京喜美食城】当前等级：40
【京喜美食城】升级需要49029120金币，保留升级需要的3倍147087360金币，当前拥有101511173金币
【京喜美食城】不满足升级条件，跳过升级

收金币
【京喜旅馆】收集159100金币
升级建筑
【京喜旅馆】当前等级：37
【京喜旅馆】升级需要47766586金币，保留升级需要的3倍143299758金币，当前拥有101670273金币
【京喜旅馆】不满足升级条件，跳过升级

收金币
【京喜商店】收集153582金币
升级建筑
【京喜商店】当前等级：39
【京喜商店】升级需要50393772金币，保留升级需要的3倍151181316金币，当前拥有101823855金币
【京喜商店】不满足升级条件，跳过升级

收金币
【京喜游乐场】收集131979金币
升级建筑
【京喜游乐场】当前等级：41
【京喜游乐场】升级需要47152886金币，保留升级需要的3倍141458658金币，当前拥有101955834金币
【京喜游乐场】不满足升级条件，跳过升级

接待贵宾
当前暂无贵宾

收藏家
当前暂无收藏家

美人鱼
当前暂无美人鱼

倒垃圾
当前暂无垃圾


做任务
【🐮牛牛任务】已做完，宝箱已开启
【📆日常任务】已做完
【🎖成就任务】没有可领奖的任务


******开始【京东账号2】蓝闺q*********

获取用户信息：


当前等级:7,金币:81936634,财富值:20926,连续营业天数:30,离线收益:0

财富岛好友互助码每次运行都变化,旧的当天有效

【京东账号2（jd_72476e50d1b0e）的京喜财富岛好友互助码】ACDE0F4B82649C97DBC77C8438A58972925A420CE3FAECB873FA9CF97A343C19
提交助力码失败，此用户不在白名单中

寻宝
暂无宝物

每日签到
今日已签到

小程序每日签到
今日已签到


领助力奖励
暂无可领助力奖励

收金币
【京喜美食城】收集130856金币
升级建筑
【京喜美食城】当前等级：37
【京喜美食城】升级需要39805488金币，保留升级需要的3倍119416464金币，当前拥有82067490金币
【京喜美食城】不满足升级条件，跳过升级

收金币
【京喜旅馆】收集148400金币
升级建筑
【京喜旅馆】当前等级：35
【京喜旅馆】升级需要41214096金币，保留升级需要的3倍123642288金币，当前拥有82215890金币
【京喜旅馆】不满足升级条件，跳过升级

收金币
【京喜商店】收集139656金币
升级建筑
【京喜商店】当前等级：36
【京喜商店】升级需要40709434金币，保留升级需要的3倍122128302金币，当前拥有82355546金币
【京喜商店】不满足升级条件，跳过升级

收金币
【京喜游乐场】收集123786金币
升级建筑
【京喜游乐场】当前等级：39
【京喜游乐场】升级需要41231268金币，保留升级需要的3倍123693804金币，当前拥有82479332金币
【京喜游乐场】不满足升级条件，跳过升级

接待贵宾
当前暂无贵宾

收藏家
当前暂无收藏家

美人鱼
当前暂无美人鱼

倒垃圾
当前暂无垃圾


做任务
【🐮牛牛任务】已做完，宝箱已开启
【📆日常任务】已做完
【🎖成就任务】没有可领奖的任务


随机取20个码放到您固定的互助码后面(不影响已有固定互助)
您将要助力的好友["2C37F2098259653D3D04309E057C2B3A3B55DD97CC59B1F299AB2C809EDC8D2D","ACDE0F4B82649C97DBC77C8438A58972925A420CE3FAECB873FA9CF97A343C19","1D1F32CD6B54D3434653A081107DD16BA790C547C6F3FBDA3DB411C9203007AE","42347940D73D325746D27F6EAD4DE8FC3442471D8E355C75B722E9072CEED0A2","B17DA52975F97CA14842D65FE1C084F999BA55EF04281D8DC94F45BDE8CBC9C2","2951E520CD2AF8A4209F6C232310F0B2B37CEA05FE139F1CA2B4008EA4FBB6AA","18B55F13B93ADF0CD114396C9AF35066A99117BEAD7AAA4A29954CE8EADEA319","28D71F43873BFC641137953AFCD6C01E72C94D93426E84888E1CA833CD86A1BC","B4C43D9BE46BA2B386464428A53C590722D30D9FC0851A31276319E3CEB50D3B","6F03B53F3AFCCB3100023C0A0671F77ACA15599DBA0A6D57FA1BEFFA686B04B7","36A1FD1237F229116D5AF68DC4B55487190EEDC32EDBD7B73BD528498CF78FB8","838D2C9F8DA59193D05C299747BE06FB80FAB086CDE1C8F6BAA58944508F3EF6","A3AEB427978B5F60DBCD092B7CCA1190A2F84589E0B0B1870F36694F3B2B3B11","591551F4D00080C048E6F8D89AFD8319CAD78C062D6978FA27A0A0A661DE9DCE","3E3E2FC80068FF8BA15FE95572C15556212E00413EA19AD9D29BEBEEE00FAC27","E9863F49D5B92D8525F92097D4E969E483DC1D0D768402B5983FE8CA4FD50051","452E94C73FA3B6D18D53600BEC65702272324C1897A5476AB3469DBC8D69E9C7","62F4243E2A4D0D63C7F70A89B5CF0573711B0038D72FAA799C2E52391950F7DE","A029E3E6DA72DCA8142DCC7372347FB777DA05D280FC0B40D7E8A3EC76ACF2E5","7B5F692BF621D298854BDAF146649A21AC197957D1A8C432258DFE42F60C18AA","DEFEBB4244F76FFC5E1D37CFDAA8C7C7C5E784F4D7052CE267D70E20EA2BAF00","F6EEA90AA596C110F9F67E9D460A9C4C60BF712EF771E5BA72C5E5F5D15539C6","9EA01DEDC7A1168F2E3C839BE78E6ACBCCA490C4CD2888CF9843FA8625E23A3D","083D02E7D73E06BB5AFC9182543F65E89C51AE9E0BD12A3DF2DD79A6E3D91C68","A09C8C361392666EFCB683A46AA050648F3AE31378B3BFDD7739D515ED1DF28F","2993200B5D62B57A3F904E08DA54858EB78F4362F5ED7CEB4113DC13DA212BB6","C295D748F454F8C0E11289959F5CF416515D4AE099FF0EF807898C3376336C66","B95C88CC020A09FDBF56F8ADEE723789EC851A526536EF13A4D29325E1C863A3","556072552B43931B7C50C59E741E392BDC57E93DBBD71ACAB0C9F06CC566793A","D203256C181E261986E3C8427FA87DC419CCD4A54128226E4A8B7ADD392D1CF5","65DABEDC1C30FF20BD018A4A54CF37B6D8C350033246D74093B2C2DD1D0CDEDF","1AF0AB8480D8BEE17AC8DE904CB6109E35455F0C43AA8183ADF35C4383B0E25C","0E807DE4129416DFA31811081D75B14888E5C867B631605B1E8E769FACE3240A","1CF197E2B1426AF9011BE0E6675A90D29C4BA9C2931E8EDE2006CA15CD711D79","69BCC928B4B605F1E1B2584DDBFA1E2CEA00F9F8672E8E27E1A80949436F6FA3","1A0157775E195C6FC92AA28CFFCF65B298B84F4A44068B584A613050B0B35B77","9B3B4C9E0380A6BBCDE6C36C97D3C65EDE945D6C748E6DE56AF6C327E3374E39","E508651DFA10FA190639B14FADB02CA6AEDE23B198EF6BD1D08F66CCB87E189E","291DA9E6CAC1FED9ED70651328A837A866E411114F92AE26458B4B4BB3957C77","D60D7985696C018817B0946E7828A96BC687573F5E70468EB11750DB239B2882","C372D602C1AB297FE20763E140BEEBF325C62718F7308BEA8A6AC95098F97F63","4FC9476A4779F90F57E4EC2D1B298442870C69C7B2CF00A42D87FC4E58DE9E42","2124E41542FF3D5ABF32C421680EDBD5BB0932B91FD8578D208B3DB6C6EE94B0","A771F474FC97C3D4FC0D03E996C93885AAD59F85CC469F5436B4E3A9881796ED"]

开始互助

账号jd_56ac883b2ee02 去助力 2C37F2098259653D3D04309E057C2B3A3B55DD97CC59B1F299AB2C809EDC8D2D
助力失败：不能帮助自己
账号jd_56ac883b2ee02 去助力 ACDE0F4B82649C97DBC77C8438A58972925A420CE3FAECB873FA9CF97A343C19
助力失败：今日助力次数达到上限，明天再来帮忙吧~

开始互助

账号jd_72476e50d1b0e 去助力 2C37F2098259653D3D04309E057C2B3A3B55DD97CC59B1F299AB2C809EDC8D2D
助力失败：今日助力次数达到上限，明天再来帮忙吧~

==============📣系统通知📣==============
京喜财富岛
【京东账号1】Wang_Happy_
【🥇金币】101955834
【💵财富值】25820

【京东账号2】蓝闺q
【🥇金币】82479332
【💵财富值】20926


🔔京喜财富岛, 结束! 🕛 124.908 秒


## 执行结束... 2022-05-07 23:07:12 耗时 148 秒
