## 开始执行... 2022-05-07 17:05:30


🔔京喜财富岛, 开始!
您的cookie选择的是用&隔开


====================共有2个京东账号Cookie=========

==================脚本执行- 北京时间(UTC+8)：2022/5/7 17:05:30=====================

获取签名参数成功！
fp: 4125690953222165
token: tk01w7c8c1b7430nAqaSE7oA4xaFoHH+FSQqiM92EPR45E4GklVw9emiR5sLrsa2wRKFahKhTQcaRHnBQFoPFoGu9r+T
enCryptMethodJD: function test(tk,fp,ts,ai,algo){var rd='qaSE7oA4xaFl';var str=`${tk}${fp}${ts}${ai}${rd}`;return algo.HmacMD5(str,tk)}

******开始【京东账号1】jd_72476e50d1b0e*********


==============📣系统通知📣==============
京喜财富岛
【提示】cookie已失效
京东账号1 jd_72476e50d1b0e
请重新登录获取
https://bean.m.jd.com/bean/signIndex.action
成员ID:@all企业微信应用消息发送通知消息成功🎉。


******开始【京东账号2】jd_56ac883b2ee02*********


==============📣系统通知📣==============
京喜财富岛
【提示】cookie已失效
京东账号2 jd_56ac883b2ee02
请重新登录获取
https://bean.m.jd.com/bean/signIndex.action
成员ID:@all企业微信应用消息发送通知消息成功🎉。

您将要助力的好友["1D1F32CD6B54D3434653A081107DD16BA790C547C6F3FBDA3DB411C9203007AE","42347940D73D325746D27F6EAD4DE8FC3442471D8E355C75B722E9072CEED0A2","B17DA52975F97CA14842D65FE1C084F999BA55EF04281D8DC94F45BDE8CBC9C2","2951E520CD2AF8A4209F6C232310F0B2B37CEA05FE139F1CA2B4008EA4FBB6AA","18B55F13B93ADF0CD114396C9AF35066A99117BEAD7AAA4A29954CE8EADEA319","28D71F43873BFC641137953AFCD6C01E72C94D93426E84888E1CA833CD86A1BC","B4C43D9BE46BA2B386464428A53C590722D30D9FC0851A31276319E3CEB50D3B","6F03B53F3AFCCB3100023C0A0671F77ACA15599DBA0A6D57FA1BEFFA686B04B7","36A1FD1237F229116D5AF68DC4B55487190EEDC32EDBD7B73BD528498CF78FB8","838D2C9F8DA59193D05C299747BE06FB80FAB086CDE1C8F6BAA58944508F3EF6","A3AEB427978B5F60DBCD092B7CCA1190A2F84589E0B0B1870F36694F3B2B3B11","591551F4D00080C048E6F8D89AFD8319CAD78C062D6978FA27A0A0A661DE9DCE","3E3E2FC80068FF8BA15FE95572C15556212E00413EA19AD9D29BEBEEE00FAC27","E9863F49D5B92D8525F92097D4E969E483DC1D0D768402B5983FE8CA4FD50051","452E94C73FA3B6D18D53600BEC65702207D6C4C713675FDD9FEC70F3C74F5CEB","62F4243E2A4D0D63C7F70A89B5CF05733B34C4119CAE98E35E61DD246CCA19B2","A029E3E6DA72DCA8142DCC7372347FB7C8328639CAD73BC45241185B9A4276FA","7B5F692BF621D298854BDAF146649A21FFF0513B740E38650AA050F75549245C"]

开始互助

账号jd_72476e50d1b0e 去助力 1D1F32CD6B54D3434653A081107DD16BA790C547C6F3FBDA3DB411C9203007AE
助力失败：您还没有登录，请先登录哦~

开始互助

账号jd_56ac883b2ee02 去助力 1D1F32CD6B54D3434653A081107DD16BA790C547C6F3FBDA3DB411C9203007AE
助力失败：您还没有登录，请先登录哦~

🔔京喜财富岛, 结束! 🕛 60.689 秒

"Timeout awaiting 'request' for 30000ms"
京喜财富岛 readShareCode API请求失败，请检查网路重试

## 执行结束... 2022-05-07 17:07:30 耗时 120 秒
