## 开始执行... 2022-05-07 21:03:06


🔔京喜财富岛, 开始!
您的cookie选择的是用&隔开


====================共有2个京东账号Cookie=========

==================脚本执行- 北京时间(UTC+8)：2022/5/7 21:03:07=====================

获取签名参数成功！
fp: 3476807736049165
token: tk01wa81d1c6130nvEv9AUYK1JaZRsiOe9TwZf8XZVqICrnz8UOJFOuP1/6rfD9kqvBo8jDy8zk+gVvJctD9fmcrR9Ce
enCryptMethodJD: function test(tk,fp,ts,ai,algo){var rd='Ev9AUYK1JaZq';var str=`${tk}${fp}${ts}${ai}${rd}`;return algo.HmacMD5(str,tk)}

******开始【京东账号1】Wang_Happy_*********

获取用户信息：


当前等级:7,金币:130449695,财富值:25576,连续营业天数:36,离线收益:0

财富岛好友互助码每次运行都变化,旧的当天有效

【京东账号1（jd_56ac883b2ee02）的京喜财富岛好友互助码】2C37F2098259653D3D04309E057C2B3A99A9B054C3E8B252D7CFEA1865849197
提交助力码失败，此用户不在白名单中

寻宝
开始寻宝
寻宝失败：寻宝正在冷却中，稍后再来哦~

每日签到
今日已签到

小程序每日签到
今日已签到

使用道具卡
使用道具卡【海岛宝藏卡】成功

领助力奖励
暂无可领助力奖励

收金币
【京喜美食城】收集628399金币
升级建筑
【京喜美食城】当前等级：40
【京喜美食城】升级需要49029120金币，保留升级需要的3倍147087360金币，当前拥有131078094金币
【京喜美食城】不满足升级条件，跳过升级

收金币
【京喜旅馆】收集697524金币
升级建筑
【京喜旅馆】当前等级：37
【京喜旅馆】升级需要47766586金币，保留升级需要的3倍143299758金币，当前拥有131775618金币
【京喜旅馆】不满足升级条件，跳过升级

收金币
【京喜商店】收集682529金币
升级建筑
【京喜商店】当前等级：39
【京喜商店】升级需要50393772金币，保留升级需要的3倍151181316金币，当前拥有132458147金币
【京喜商店】不满足升级条件，跳过升级

收金币
【京喜游乐场】收集563760金币
升级建筑
【京喜游乐场】当前等级：40
【京喜游乐场】升级需要44126208金币，保留升级需要的3倍132378624金币，当前拥有133021907金币
【京喜游乐场】满足升级条件，开始升级
【京喜游乐场】升级成功：获得202财富

接待贵宾
当前暂无贵宾

收藏家
喜欢贝壳的收藏家来了，快去卖贝壳吧~

卖贝壳
贝壳出售成功：获得3000金币 2财富

美人鱼
当前暂无美人鱼

倒垃圾
当前暂无垃圾


做任务
【🐮牛牛任务】已做完，宝箱已开启
【📆日常任务】已做完
获取【🎖成就任务】列表 ，总共1个任务！

开始第1个【🎖成就任务】卖贝壳给收藏家

【领成就奖励】卖贝壳给收藏家 获得财富值 ¥ 20


******开始【京东账号2】蓝闺q*********

获取用户信息：


当前等级:7,金币:113571598,财富值:20709,连续营业天数:30,离线收益:0

财富岛好友互助码每次运行都变化,旧的当天有效

【京东账号2（jd_72476e50d1b0e）的京喜财富岛好友互助码】ACDE0F4B82649C97DBC77C8438A58972049571CE8B06910A625E5E7C4F118411
提交助力码失败，此用户不在白名单中

寻宝
开始寻宝
寻宝失败：寻宝正在冷却中，稍后再来哦~

每日签到
今日已签到

小程序每日签到
今日已签到

使用道具卡
有在使用中的道具卡，跳过使用

领助力奖励
暂无可领助力奖励

收金币
【京喜美食城】收集565483金币
升级建筑
【京喜美食城】当前等级：37
【京喜美食城】升级需要39805488金币，保留升级需要的3倍119416464金币，当前拥有114137081金币
【京喜美食城】不满足升级条件，跳过升级

收金币
【京喜旅馆】收集641200金币
升级建筑
【京喜旅馆】当前等级：35
【京喜旅馆】升级需要41214096金币，保留升级需要的3倍123642288金币，当前拥有114778281金币
【京喜旅馆】不满足升级条件，跳过升级

收金币
【京喜商店】收集613900金币
升级建筑
【京喜商店】当前等级：36
【京喜商店】升级需要40709434金币，保留升级需要的3倍122128302金币，当前拥有115392181金币
【京喜商店】不满足升级条件，跳过升级

收金币
【京喜游乐场】收集520980金币
升级建筑
【京喜游乐场】当前等级：38
【京喜游乐场】升级需要38465150金币，保留升级需要的3倍115395450金币，当前拥有115913161金币
【京喜游乐场】满足升级条件，开始升级
【京喜游乐场】升级成功：获得194财富

接待贵宾
当前暂无贵宾

收藏家
喜欢贝壳的收藏家来了，快去卖贝壳吧~

卖贝壳
贝壳出售成功：获得4200金币 3财富

美人鱼
当前暂无美人鱼

倒垃圾
当前暂无垃圾


做任务
【🐮牛牛任务】已做完，宝箱已开启
【📆日常任务】已做完
获取【🎖成就任务】列表 ，总共1个任务！

开始第1个【🎖成就任务】卖贝壳给收藏家

【领成就奖励】卖贝壳给收藏家 获得财富值 ¥ 20


随机取20个码放到您固定的互助码后面(不影响已有固定互助)
您将要助力的好友["2C37F2098259653D3D04309E057C2B3A99A9B054C3E8B252D7CFEA1865849197","ACDE0F4B82649C97DBC77C8438A58972049571CE8B06910A625E5E7C4F118411","414718063974CD7BCF29C7A2A7DAED506D60EDDCF1B9BA7953898542AB873291","B58294C9906FACDE992542D1D9F570DADA725D5269DE6E298BC6CD9D1B5E2280","4B1C2C7A090EE30D9F5423162D7FC6C5C9306E22E055294A6218671A619E4515","35A3613D24276DCF0E0F3CF736580F45B71E53DB78441197531AFCA21CFF8163","138D7E773CD255F5E5B611166179F615D02913CCF83ACFA3B5DFED2DC5FA6FA2","15A18E536D3E17044BE93FD5F16588B7E6E5EA88C69362817FA4075D0B497DCE","B1708081E230E449FBCE2126962C75C1F311AC906F1A20D5CF097E52982D8C0B","CE1CEBB4E25BAF45356069623B594E1718CBC3B4D756BB0C391891445FE236C7","698665B9BD63E56086F8611BEE5B0AD2404DD90F5BBB6F49BBEF4964F7ACFACC","C36E7BC87AB90773FA3BE59084FD4F266B1F07CE0C04BD61FAFBAF8F0354962D","0B73B6674CCDF863A397C7DB4156E66914C604B1C15ECEB439AA1F7107B9570E","00BF22703CDCEA1DCDF79F3F0B8BC4F903D74F72F38F063BF4BDB83095B10B22","F4902B9B997736EDAFE0C2E5824CB785EF5996D9E8FA8026501A38AE09F9BDA9","15F4A3644637DFC21E60A1FA88240C4DE051757F3F3014D04C0B30E370B27CE3","D6BBB632B67131FF6C54C7A98CDEF23294549EB28EF81E27F7BA40ECDE582CC3","0A7C8EDFAC0919F3B2E9FDFA69A5C9944D8FB432011BCA9A782AAB42BAD05897","5CCA9C2E2D056663701D4E9CFBDBFDAFD8209F242B21298BC46EE4267E1A1AF4","E1C59680C48DF3890784CF83653E6D8AEAF1372C395EE70A6683EDBB2E7D4E74","F3E9B7B15A14A4E747CA20AF2C0750A590B76C20CA6CF9DE07585500A79D5711","60C4D0A9954F728BA2599C52E5319973619618FBCECC71B292262CCAC9A68D69"]

开始互助

账号jd_56ac883b2ee02 去助力 2C37F2098259653D3D04309E057C2B3A99A9B054C3E8B252D7CFEA1865849197
助力失败：不能帮助自己
账号jd_56ac883b2ee02 去助力 ACDE0F4B82649C97DBC77C8438A58972049571CE8B06910A625E5E7C4F118411
助力失败：今日助力次数达到上限，明天再来帮忙吧~

开始互助

账号jd_72476e50d1b0e 去助力 2C37F2098259653D3D04309E057C2B3A99A9B054C3E8B252D7CFEA1865849197
助力失败：今日助力次数达到上限，明天再来帮忙吧~

==============📣系统通知📣==============
京喜财富岛
【京东账号1】Wang_Happy_
【🥇金币】88898699
【💵财富值】25800

【京东账号2】蓝闺q
【🥇金币】77452211
【💵财富值】20926


🔔京喜财富岛, 结束! 🕛 193.01 秒


## 执行结束... 2022-05-07 21:06:42 耗时 216 秒
