## 开始执行... 2022-05-07 18:01:03


🔔京喜财富岛, 开始!
您的cookie选择的是用&隔开


====================共有2个京东账号Cookie=========

==================脚本执行- 北京时间(UTC+8)：2022/5/7 18:01:03=====================

获取签名参数成功！
fp: 5541431378333165
token: tk01w9a801c9e30nq7G7cQxcAPJX8dgxPz343sveU0zG5p4/euJ6gu7/SGny8h1lCUBrGey8v3gcuplkksBcFalzUreD
enCryptMethodJD: function test(tk,fp,ts,ai,algo){var rd='7G7cQxcAPJXk';var str=`${tk}${fp}${ts}${ai}${rd}`;return algo.SHA256(str)}

******开始【京东账号1】Wang_Happy_*********

获取用户信息：


当前等级:7,金币:140801653,财富值:25242,连续营业天数:36,离线收益:19288038

财富岛好友互助码每次运行都变化,旧的当天有效

【京东账号1（jd_56ac883b2ee02）的京喜财富岛好友互助码】2C37F2098259653D3D04309E057C2B3A59524130E6F932AB469753DBA9360228
提交助力码失败，此用户不在白名单中

寻宝
开始寻宝
恭喜中奖，获得 300000 金币
恭喜中奖，获得 300000 金币
，获得 10000 金币
恭喜中奖，获得 300000 金币
恭喜中奖，获得 300000 金币

每日签到
签到成功：获得726000金币

小程序每日签到
签到成功：获得0.01元

使用道具卡
无可用道具卡

领助力奖励
暂无可领助力奖励

收金币
【京喜美食城】收集3599金币
升级建筑
【京喜美食城】当前等级：40
【京喜美食城】升级需要49029120金币，保留升级需要的3倍147087360金币，当前拥有142741252金币
【京喜美食城】不满足升级条件，跳过升级

收金币
【京喜旅馆】收集4736金币
升级建筑
【京喜旅馆】当前等级：37
【京喜旅馆】升级需要47766586金币，保留升级需要的3倍143299758金币，当前拥有142745988金币
【京喜旅馆】不满足升级条件，跳过升级

收金币
【京喜商店】收集5155金币
升级建筑
【京喜商店】当前等级：38
【京喜商店】升级需要47012962金币，保留升级需要的3倍141038886金币，当前拥有142751143金币
【京喜商店】满足升级条件，开始升级
【京喜商店】升级成功：获得194财富

收金币
【京喜游乐场】收集5400金币
升级建筑
【京喜游乐场】当前等级：40
【京喜游乐场】升级需要44126208金币，保留升级需要的3倍132378624金币，当前拥有95743581金币
【京喜游乐场】不满足升级条件，跳过升级

接待贵宾
当前暂无贵宾

收藏家
当前暂无收藏家

美人鱼
可怜的美人鱼困在沙滩上了，快去解救她吧~
开始解救美人鱼
解救美人鱼成功：获得48592金币

倒垃圾
获取垃圾信息成功：本次需要垃圾分类
倒垃圾成功：获得8000金币 0财富


做任务
开始【🐮牛牛任务】签到抽红包
【🐮牛牛任务】签到抽红包 进度：1/1
开始【🐮牛牛任务】去京东双签领京豆
【🐮牛牛任务】去京东双签领京豆 进度：1/1
开始【🐮牛牛任务】浏览5秒爆款活动
【🐮牛牛任务】浏览5秒爆款活动 进度：1/1
开始【🐮牛牛任务】浏览5秒领福利
【🐮牛牛任务】浏览5秒领福利 进度：1/1
【🐮领牛牛任务奖励】签到抽红包 获得红包 ¥ 0.01元

【🐮领牛牛任务奖励】去京东双签领京豆 获得金币 ¥ 726000

【🐮领牛牛任务奖励】浏览5秒爆款活动 获得金币 ¥ 726000

【🐮领牛牛任务奖励】浏览5秒领福利 获得金币 ¥ 726000

【🐮领牛牛任务奖励】升级1个建筑 获得金币 ¥ 726000

【🐮牛牛任务】未全部完成，无法开启宝箱

获取【📆日常任务】列表 ，总共10个任务！

开始第1个【📆日常任务】签到领无门槛红包

【📆日常任务】签到领无门槛红包 进度：1/1
【领日常奖励】签到领无门槛红包 获得金币 ¥ 726000

开始第2个【📆日常任务】秒杀低至1.9元

【📆日常任务】秒杀低至1.9元 进度：1/1
【领日常奖励】秒杀低至1.9元 获得金币 ¥ 726000

开始第3个【📆日常任务】1元抢好药

【📆日常任务】1元抢好药 进度：1/1
【领日常奖励】1元抢好药 获得金币 ¥ 726000

开始第4个【📆日常任务】真补贴1折起

【📆日常任务】真补贴1折起 进度：1/1
【领日常奖励】真补贴1折起 获得金币 ¥ 726000

开始第5个【📆日常任务】领红包，购物抵现

【📆日常任务】领红包，购物抵现 进度：1/1
【领日常奖励】领红包，购物抵现 获得金币 ¥ 726000

开始第6个【📆日常任务】养狗兑京豆

【📆日常任务】养狗兑京豆 进度：1/1
【领日常奖励】养狗兑京豆 获得金币 ¥ 726000

开始第7个【📆日常任务】领888元红包

【📆日常任务】领888元红包 进度：1/1
【领日常奖励】领888元红包 获得金币 ¥ 726000

开始第8个【📆日常任务】爱消除免费兑好礼

【📆日常任务】爱消除免费兑好礼 进度：1/1
【领日常奖励】爱消除免费兑好礼 获得金币 ¥ 726000

开始第9个【📆日常任务】助农好物推荐

【📆日常任务】助农好物推荐 进度：1/1
【领日常奖励】助农好物推荐 获得金币 ¥ 726000

开始第10个【📆日常任务】浏览京喜好货

【📆日常任务】浏览京喜好货 进度：1/3
【📆日常任务】浏览京喜好货 进度：2/3
【📆日常任务】浏览京喜好货 进度：3/3
【领日常奖励】浏览京喜好货 获得金币 ¥ 726000

获取【🎖成就任务】列表 ，总共2个任务！

开始第1个【🎖成就任务】完成垃圾分类

【领成就奖励】完成垃圾分类 获得财富值 ¥ 20

开始第2个【🎖成就任务】海边遇见美人鱼

【领成就奖励】海边遇见美人鱼 获得财富值 ¥ 20


******开始【京东账号2】蓝闺q*********

获取用户信息：


当前等级:7,金币:116307582,财富值:20167,连续营业天数:30,离线收益:18005793

财富岛好友互助码每次运行都变化,旧的当天有效

【京东账号2（jd_72476e50d1b0e）的京喜财富岛好友互助码】ACDE0F4B82649C97DBC77C8438A589726E7B87EDCC66C47D47D47A28490B3CD4
寻宝
开始寻宝
"Timeout awaiting 'request' for 30000ms"
京喜财富岛 uploadShareCode API请求失败，请检查网路重试
恭喜中奖，获得 300000 金币
恭喜中奖，获得 300000 金币
，获得 10000 金币
恭喜中奖，获得 300000 金币
恭喜中奖，获得 300000 金币

每日签到
签到成功：获得726000金币

小程序每日签到
签到成功：获得0.01元

使用道具卡
无可用道具卡

领助力奖励
暂无可领助力奖励

收金币
【京喜美食城】收集6906金币
升级建筑
【京喜美食城】当前等级：37
【京喜美食城】升级需要39805488金币，保留升级需要的3倍119416464金币，当前拥有118250488金币
【京喜美食城】不满足升级条件，跳过升级

收金币
【京喜旅馆】收集8680金币
升级建筑
【京喜旅馆】当前等级：35
【京喜旅馆】升级需要41214096金币，保留升级需要的3倍123642288金币，当前拥有118259168金币
【京喜旅馆】不满足升级条件，跳过升级

收金币
【京喜商店】收集8598金币
升级建筑
【京喜商店】当前等级：35
【京喜商店】升级需要37779588金币，保留升级需要的3倍113338764金币，当前拥有118267766金币
【京喜商店】满足升级条件，开始升级
【京喜商店】升级成功：获得182财富

收金币
【京喜游乐场】收集8550金币
升级建筑
【京喜游乐场】当前等级：38
【京喜游乐场】升级需要38465150金币，保留升级需要的3倍115395450金币，当前拥有80496728金币
【京喜游乐场】不满足升级条件，跳过升级

接待贵宾
当前暂无贵宾

收藏家
当前暂无收藏家

美人鱼
可怜的美人鱼困在沙滩上了，快去解救她吧~
开始解救美人鱼
解救美人鱼成功：获得39020金币

倒垃圾
获取垃圾信息成功：本次需要垃圾分类
倒垃圾成功：获得8000金币 0财富


做任务
开始【🐮牛牛任务】签到抽红包
【🐮牛牛任务】签到抽红包 进度：1/1
开始【🐮牛牛任务】去京东双签领京豆
【🐮牛牛任务】去京东双签领京豆 进度：1/1
开始【🐮牛牛任务】浏览5秒爆款活动
【🐮牛牛任务】浏览5秒爆款活动 进度：1/1
开始【🐮牛牛任务】浏览5秒领福利
【🐮牛牛任务】浏览5秒领福利 进度：1/1
【🐮领牛牛任务奖励】签到抽红包 获得红包 ¥ 0.01元

【🐮领牛牛任务奖励】去京东双签领京豆 获得金币 ¥ 726000

【🐮领牛牛任务奖励】浏览5秒爆款活动 获得金币 ¥ 726000

【🐮领牛牛任务奖励】浏览5秒领福利 获得金币 ¥ 726000

【🐮领牛牛任务奖励】升级1个建筑 获得金币 ¥ 726000

【🐮牛牛任务】未全部完成，无法开启宝箱

获取【📆日常任务】列表 ，总共10个任务！

开始第1个【📆日常任务】签到领无门槛红包

【📆日常任务】签到领无门槛红包 进度：1/1
【领日常奖励】签到领无门槛红包 获得金币 ¥ 726000

开始第2个【📆日常任务】秒杀低至1.9元

【📆日常任务】秒杀低至1.9元 进度：1/1
【领日常奖励】秒杀低至1.9元 获得金币 ¥ 726000

开始第3个【📆日常任务】1元抢好药

【📆日常任务】1元抢好药 进度：1/1
【领日常奖励】1元抢好药 获得金币 ¥ 726000

开始第4个【📆日常任务】真补贴1折起

【📆日常任务】真补贴1折起 进度：1/1
【领日常奖励】真补贴1折起 获得金币 ¥ 726000

开始第5个【📆日常任务】领红包，购物抵现

【📆日常任务】领红包，购物抵现 进度：1/1
【领日常奖励】领红包，购物抵现 获得金币 ¥ 726000

开始第6个【📆日常任务】养狗兑京豆

【📆日常任务】养狗兑京豆 进度：1/1
【领日常奖励】养狗兑京豆 获得金币 ¥ 726000

开始第7个【📆日常任务】领888元红包

【📆日常任务】领888元红包 进度：1/1
【领日常奖励】领888元红包 获得金币 ¥ 726000

开始第8个【📆日常任务】爱消除免费兑好礼

【📆日常任务】爱消除免费兑好礼 进度：1/1
【领日常奖励】爱消除免费兑好礼 获得金币 ¥ 726000

开始第9个【📆日常任务】助农好物推荐

【📆日常任务】助农好物推荐 进度：1/1
【领日常奖励】助农好物推荐 获得金币 ¥ 726000

开始第10个【📆日常任务】浏览京喜好货

【📆日常任务】浏览京喜好货 进度：1/3
【📆日常任务】浏览京喜好货 进度：2/3
【📆日常任务】浏览京喜好货 进度：3/3
【领日常奖励】浏览京喜好货 获得金币 ¥ 726000

获取【🎖成就任务】列表 ，总共3个任务！

开始第1个【🎖成就任务】完成垃圾分类

【领成就奖励】完成垃圾分类 获得财富值 ¥ 20

开始第2个【🎖成就任务】海边遇见美人鱼

【领成就奖励】海边遇见美人鱼 获得财富值 ¥ 20

开始第3个【🎖成就任务】连续上岛营业

【领成就奖励】连续上岛营业 获得财富值 ¥ 200

您将要助力的好友["2C37F2098259653D3D04309E057C2B3A59524130E6F932AB469753DBA9360228","ACDE0F4B82649C97DBC77C8438A589726E7B87EDCC66C47D47D47A28490B3CD4","1D1F32CD6B54D3434653A081107DD16BA790C547C6F3FBDA3DB411C9203007AE","42347940D73D325746D27F6EAD4DE8FC3442471D8E355C75B722E9072CEED0A2","B17DA52975F97CA14842D65FE1C084F999BA55EF04281D8DC94F45BDE8CBC9C2","2951E520CD2AF8A4209F6C232310F0B2B37CEA05FE139F1CA2B4008EA4FBB6AA","18B55F13B93ADF0CD114396C9AF35066A99117BEAD7AAA4A29954CE8EADEA319","28D71F43873BFC641137953AFCD6C01E72C94D93426E84888E1CA833CD86A1BC","B4C43D9BE46BA2B386464428A53C590722D30D9FC0851A31276319E3CEB50D3B","6F03B53F3AFCCB3100023C0A0671F77ACA15599DBA0A6D57FA1BEFFA686B04B7","36A1FD1237F229116D5AF68DC4B55487190EEDC32EDBD7B73BD528498CF78FB8","838D2C9F8DA59193D05C299747BE06FB80FAB086CDE1C8F6BAA58944508F3EF6","A3AEB427978B5F60DBCD092B7CCA1190A2F84589E0B0B1870F36694F3B2B3B11","591551F4D00080C048E6F8D89AFD8319CAD78C062D6978FA27A0A0A661DE9DCE","3E3E2FC80068FF8BA15FE95572C15556212E00413EA19AD9D29BEBEEE00FAC27","E9863F49D5B92D8525F92097D4E969E483DC1D0D768402B5983FE8CA4FD50051","452E94C73FA3B6D18D53600BEC65702207D6C4C713675FDD9FEC70F3C74F5CEB","62F4243E2A4D0D63C7F70A89B5CF05733B34C4119CAE98E35E61DD246CCA19B2","A029E3E6DA72DCA8142DCC7372347FB7C8328639CAD73BC45241185B9A4276FA","7B5F692BF621D298854BDAF146649A21FFF0513B740E38650AA050F75549245C"]

开始互助

账号jd_56ac883b2ee02 去助力 2C37F2098259653D3D04309E057C2B3A59524130E6F932AB469753DBA9360228
助力失败：不能帮助自己

随机取20个码放到您固定的互助码后面(不影响已有固定互助)
账号jd_56ac883b2ee02 去助力 ACDE0F4B82649C97DBC77C8438A589726E7B87EDCC66C47D47D47A28490B3CD4
助力成功：获得1,000京币
账号jd_56ac883b2ee02 去助力 1D1F32CD6B54D3434653A081107DD16BA790C547C6F3FBDA3DB411C9203007AE
助力失败：达到助力上限
账号jd_56ac883b2ee02 去助力 42347940D73D325746D27F6EAD4DE8FC3442471D8E355C75B722E9072CEED0A2
助力失败：达到助力上限
账号jd_56ac883b2ee02 去助力 B17DA52975F97CA14842D65FE1C084F999BA55EF04281D8DC94F45BDE8CBC9C2
助力失败：达到助力上限
账号jd_56ac883b2ee02 去助力 2951E520CD2AF8A4209F6C232310F0B2B37CEA05FE139F1CA2B4008EA4FBB6AA
助力失败：达到助力上限
账号jd_56ac883b2ee02 去助力 18B55F13B93ADF0CD114396C9AF35066A99117BEAD7AAA4A29954CE8EADEA319
助力失败：达到助力上限
账号jd_56ac883b2ee02 去助力 28D71F43873BFC641137953AFCD6C01E72C94D93426E84888E1CA833CD86A1BC
助力失败：达到助力上限
账号jd_56ac883b2ee02 去助力 B4C43D9BE46BA2B386464428A53C590722D30D9FC0851A31276319E3CEB50D3B
助力失败：达到助力上限
账号jd_56ac883b2ee02 去助力 6F03B53F3AFCCB3100023C0A0671F77ACA15599DBA0A6D57FA1BEFFA686B04B7
助力失败：达到助力上限
账号jd_56ac883b2ee02 去助力 36A1FD1237F229116D5AF68DC4B55487190EEDC32EDBD7B73BD528498CF78FB8
助力失败：达到助力上限
账号jd_56ac883b2ee02 去助力 838D2C9F8DA59193D05C299747BE06FB80FAB086CDE1C8F6BAA58944508F3EF6
助力失败：达到助力上限
账号jd_56ac883b2ee02 去助力 A3AEB427978B5F60DBCD092B7CCA1190A2F84589E0B0B1870F36694F3B2B3B11
助力失败：达到助力上限
账号jd_56ac883b2ee02 去助力 591551F4D00080C048E6F8D89AFD8319CAD78C062D6978FA27A0A0A661DE9DCE
助力失败：达到助力上限
账号jd_56ac883b2ee02 去助力 3E3E2FC80068FF8BA15FE95572C15556212E00413EA19AD9D29BEBEEE00FAC27
助力失败：达到助力上限
账号jd_56ac883b2ee02 去助力 E9863F49D5B92D8525F92097D4E969E483DC1D0D768402B5983FE8CA4FD50051
助力失败：达到助力上限
账号jd_56ac883b2ee02 去助力 452E94C73FA3B6D18D53600BEC65702207D6C4C713675FDD9FEC70F3C74F5CEB
助力失败：达到助力上限
账号jd_56ac883b2ee02 去助力 62F4243E2A4D0D63C7F70A89B5CF05733B34C4119CAE98E35E61DD246CCA19B2
助力失败：达到助力上限
账号jd_56ac883b2ee02 去助力 A029E3E6DA72DCA8142DCC7372347FB7C8328639CAD73BC45241185B9A4276FA
助力失败：达到助力上限
账号jd_56ac883b2ee02 去助力 7B5F692BF621D298854BDAF146649A21FFF0513B740E38650AA050F75549245C
助力失败：达到助力上限

开始互助

账号jd_72476e50d1b0e 去助力 2C37F2098259653D3D04309E057C2B3A59524130E6F932AB469753DBA9360228
助力成功：获得1,000京币
账号jd_72476e50d1b0e 去助力 ACDE0F4B82649C97DBC77C8438A589726E7B87EDCC66C47D47D47A28490B3CD4
助力失败：不能帮助自己

==============📣系统通知📣==============
京喜财富岛
【京东账号1】Wang_Happy_
【🥇金币】105964173
【💵财富值】25476

【京东账号2】蓝闺q
【🥇金币】90707748
【💵财富值】20589


🔔京喜财富岛, 结束! 🕛 413.763 秒


## 执行结束... 2022-05-07 18:07:57 耗时 414 秒
