## 开始执行... 2022-05-07 16:55:53

安装脚本所需依赖，首次拉库运行一次即可，有更新在运行

开始安装............

Recreating /usr/local/pnpm-global/5/node_modules

   ╭─────────────────────────────────────────────────────────────────╮
   │                                                                 │
   │                Update available! 6.32.9 → 7.0.0.                │
   │   Changelog: https://github.com/pnpm/pnpm/releases/tag/v7.0.0   │
   │                 Run pnpm add -g pnpm to update.                 │
   │                                                                 │
   │     Follow @pnpmjs for updates: https://twitter.com/pnpmjs      │
   │                                                                 │
   ╰─────────────────────────────────────────────────────────────────╯

Lockfile is up-to-date, resolution step is skipped
Progress: resolved 1, reused 0, downloaded 0, added 0
Packages: +193
++++++++++++++++++++++++++++++++++++++++++++++++++++++++++++++++++++++++++++++++
Progress: resolved 193, reused 0, downloaded 0, added 0
Packages are hard linked from the content-addressable store to the virtual store.
  Content-addressable store is at: /root/.pnpm-store/v3
  Virtual store is at:             node_modules/.pnpm
Progress: resolved 193, reused 0, downloaded 31, added 20
Progress: resolved 193, reused 0, downloaded 64, added 58
Progress: resolved 193, reused 0, downloaded 88, added 84
Progress: resolved 193, reused 0, downloaded 114, added 109
Progress: resolved 193, reused 0, downloaded 136, added 135
Progress: resolved 193, reused 0, downloaded 170, added 162
Progress: resolved 193, reused 0, downloaded 192, added 192
Progress: resolved 193, reused 0, downloaded 193, added 192

/usr/local/pnpm-global/5:
+ pm2 5.2.0
+ ts-node 10.7.0
+ tslib 2.4.0
+ typescript 4.6.3

Progress: resolved 193, reused 0, downloaded 193, added 193, done
Nothing to stop. No server is running for the store at /root/.pnpm-store/v3
Progress: resolved 0, reused 1, downloaded 0, added 0
Progress: resolved 49, reused 47, downloaded 0, added 0
 WARN  deprecated uuid@3.4.0: Please upgrade  to version 7 or higher.  Older versions may use Math.random() in certain circumstances, which is known to be problematic.  See https://v8.dev/blog/math-random for details.
 WARN  deprecated uuid@3.4.0: Please upgrade  to version 7 or higher.  Older versions may use Math.random() in certain circumstances, which is known to be problematic.  See https://v8.dev/blog/math-random for details.
 WARN  deprecated uuid@3.4.0: Please upgrade  to version 7 or higher.  Older versions may use Math.random() in certain circumstances, which is known to be problematic.  See https://v8.dev/blog/math-random for details.
Progress: resolved 199, reused 197, downloaded 0, added 0
Packages: +7 -2
+++++++--
Progress: resolved 199, reused 197, downloaded 1, added 7, done

/usr/local/pnpm-global/5:
+ pnpm 7.0.0

 WARN  Issues with peer dependencies found
.
└─┬ ts-node
  └── ✕ missing peer @types/node@"*"
Peer dependencies that should be installed:
  @types/node@"*"

 ERROR  Unable to find the global bin directory
Run "pnpm setup" to create it automatically, or set the global-bin-dir setting, or the PNPM_HOME env variable. The global bin directory should be in the PATH.
 ERROR  Unable to find the global bin directory
Run "pnpm setup" to create it automatically, or set the global-bin-dir setting, or the PNPM_HOME env variable. The global bin directory should be in the PATH.
 ERROR  Unable to find the global bin directory
Run "pnpm setup" to create it automatically, or set the global-bin-dir setting, or the PNPM_HOME env variable. The global bin directory should be in the PATH.
 ERROR  Unable to find the global bin directory
Run "pnpm setup" to create it automatically, or set the global-bin-dir setting, or the PNPM_HOME env variable. The global bin directory should be in the PATH.
 ERROR  Unable to find the global bin directory
Run "pnpm setup" to create it automatically, or set the global-bin-dir setting, or the PNPM_HOME env variable. The global bin directory should be in the PATH.
 ERROR  Unable to find the global bin directory
Run "pnpm setup" to create it automatically, or set the global-bin-dir setting, or the PNPM_HOME env variable. The global bin directory should be in the PATH.
 ERROR  Unable to find the global bin directory
Run "pnpm setup" to create it automatically, or set the global-bin-dir setting, or the PNPM_HOME env variable. The global bin directory should be in the PATH.
 ERROR  Unable to find the global bin directory
Run "pnpm setup" to create it automatically, or set the global-bin-dir setting, or the PNPM_HOME env variable. The global bin directory should be in the PATH.
 ERROR  Unable to find the global bin directory
Run "pnpm setup" to create it automatically, or set the global-bin-dir setting, or the PNPM_HOME env variable. The global bin directory should be in the PATH.
 ERROR  Unable to find the global bin directory
Run "pnpm setup" to create it automatically, or set the global-bin-dir setting, or the PNPM_HOME env variable. The global bin directory should be in the PATH.
 ERROR  Unable to find the global bin directory
Run "pnpm setup" to create it automatically, or set the global-bin-dir setting, or the PNPM_HOME env variable. The global bin directory should be in the PATH.
Collecting jieba
  Downloading jieba-0.42.1.tar.gz (19.2 MB)
Using legacy 'setup.py install' for jieba, since package 'wheel' is not installed.
Installing collected packages: jieba
    Running setup.py install for jieba: started
    Running setup.py install for jieba: finished with status 'done'
Successfully installed jieba-0.42.1

所需依赖安装完成!

## 执行结束... 2022-05-07 16:57:06 耗时 73 秒
